00:49:48 | Player [CM Slash] | Processando 2 itens a entregar....
00:49:48 | Player [CM Slash] | Item Data: {"log_id":177,"item_count":1,"item_id":12690,"item_name":"Premium Ticket - 1 mes","use_present":true,"item_action_id":0}.
00:49:48 | Player [CM Slash] | Item Data: {"log_id":178,"item_count":1,"item_id":12690,"item_name":"Premium Ticket - 1 mes","use_present":true,"item_action_id":0}.
00:49:48 | Player [CM Slash] | Item Data Entregue com sucesso: {"log_id":177,"item_count":1,"item_id":12690,"item_name":"Premium Ticket - 1 mes","use_present":true,"item_action_id":0}.
00:49:48 | Player [CM Slash] | Item Data Entregue com sucesso: {"log_id":178,"item_count":1,"item_id":12690,"item_name":"Premium Ticket - 1 mes","use_present":true,"item_action_id":0}.
00:49:48 | Player [CM Slash] | Processo concluido. Resultado: Total de itens 2, Itens não recebidos 0, Itens a Receber 2..
00:49:48 | Player [CM Slash] | --------------------------------------.
12:10:26 | Player [Piripaky Duchavs] | Processando 1 itens a entregar....
12:10:26 | Player [Piripaky Duchavs] | Item Data: {"log_id":179,"item_count":1,"item_id":12690,"item_name":"Premium Ticket - 1 mes","use_present":true,"item_action_id":0}.
12:10:26 | Player [Piripaky Duchavs] | Item Data Entregue com sucesso: {"log_id":179,"item_count":1,"item_id":12690,"item_name":"Premium Ticket - 1 mes","use_present":true,"item_action_id":0}.
12:10:26 | Player [Piripaky Duchavs] | Processo concluido. Resultado: Total de itens 1, Itens não recebidos 0, Itens a Receber 1..
12:10:26 | Player [Piripaky Duchavs] | --------------------------------------.
12:51:59 | Player [Piripaky Duchavs] | Processando 1 itens a entregar....
12:51:59 | Player [Piripaky Duchavs] | Item Data: {"log_id":180,"item_count":1,"item_id":12690,"item_name":"Premium Ticket - 1 mes","use_present":true,"item_action_id":0}.
12:51:59 | Player [Piripaky Duchavs] | Item Data Entregue com sucesso: {"log_id":180,"item_count":1,"item_id":12690,"item_name":"Premium Ticket - 1 mes","use_present":true,"item_action_id":0}.
12:52:00 | Player [Piripaky Duchavs] | Processo concluido. Resultado: Total de itens 1, Itens não recebidos 0, Itens a Receber 1..
12:52:00 | Player [Piripaky Duchavs] | --------------------------------------.
21:15:26 | Player [Piripaky Duchavs] | Processando 1 itens a entregar....
21:15:27 | Player [Piripaky Duchavs] | Item Data: {"log_id":181,"item_count":1,"item_id":12690,"item_name":"Premium Ticket - 1 mes","use_present":true,"item_action_id":0}.
21:15:27 | Player [Piripaky Duchavs] | Item Data Entregue com sucesso: {"log_id":181,"item_count":1,"item_id":12690,"item_name":"Premium Ticket - 1 mes","use_present":true,"item_action_id":0}.
21:15:27 | Player [Piripaky Duchavs] | Processo concluido. Resultado: Total de itens 1, Itens não recebidos 0, Itens a Receber 1..
21:15:27 | Player [Piripaky Duchavs] | --------------------------------------.
22:02:47 | Player [Barmy Owns] | Processando 1 itens a entregar....
22:02:47 | Player [Barmy Owns] | Item Data: {"log_id":182,"item_count":1,"item_id":12696,"item_name":"Premium Ticket - 1 semana","use_present":true,"item_action_id":0}.
22:02:47 | Player [Barmy Owns] | Item Data Entregue com sucesso: {"log_id":182,"item_count":1,"item_id":12696,"item_name":"Premium Ticket - 1 semana","use_present":true,"item_action_id":0}.
22:02:47 | Player [Barmy Owns] | Processo concluido. Resultado: Total de itens 1, Itens não recebidos 0, Itens a Receber 1..
22:02:47 | Player [Barmy Owns] | --------------------------------------.
23:56:58 | Player [Czarodziejka Lakmusja] | Processando 1 itens a entregar....
23:56:58 | Player [Czarodziejka Lakmusja] | Item Data: {"log_id":183,"item_count":1,"item_id":12696,"item_name":"Premium Ticket - 1 semana","use_present":true,"item_action_id":0}.
23:56:58 | Player [Czarodziejka Lakmusja] | Item Data Entregue com sucesso: {"log_id":183,"item_count":1,"item_id":12696,"item_name":"Premium Ticket - 1 semana","use_present":true,"item_action_id":0}.
23:56:58 | Player [Czarodziejka Lakmusja] | Processo concluido. Resultado: Total de itens 1, Itens não recebidos 0, Itens a Receber 1..
23:56:58 | Player [Czarodziejka Lakmusja] | --------------------------------------.
