10:51:18 | Player [Abrisa Quevemdomar] | Processando 1 itens a entregar....
10:51:18 | Player [Abrisa Quevemdomar] | Item Data: {"log_id":407,"item_count":1,"item_id":12696,"item_name":"Premium Ticket - 1 semana","use_present":true,"item_action_id":0}.
10:51:18 | Player [Abrisa Quevemdomar] | Item Data Entregue com sucesso: {"log_id":407,"item_count":1,"item_id":12696,"item_name":"Premium Ticket - 1 semana","use_present":true,"item_action_id":0}.
10:51:18 | Player [Abrisa Quevemdomar] | Processo concluido. Resultado: Total de itens 1, Itens não recebidos 0, Itens a Receber 1..
10:51:18 | Player [Abrisa Quevemdomar] | --------------------------------------.
13:24:22 | Player [ArArA Slash] | Processando 1 itens a entregar....
13:24:22 | Player [ArArA Slash] | Item Data: {"log_id":408,"item_count":1,"item_id":12696,"item_name":"Premium Ticket - 1 semana","use_present":true,"item_action_id":0}.
13:24:22 | Player [ArArA Slash] | Item Data Entregue com sucesso: {"log_id":408,"item_count":1,"item_id":12696,"item_name":"Premium Ticket - 1 semana","use_present":true,"item_action_id":0}.
13:24:22 | Player [ArArA Slash] | Processo concluido. Resultado: Total de itens 1, Itens não recebidos 0, Itens a Receber 1..
13:24:22 | Player [ArArA Slash] | --------------------------------------.
21:44:31 | Player [Protoss] | Processando 1 itens a entregar....
21:44:31 | Player [Protoss] | Item Data: {"log_id":409,"item_count":1,"item_id":12696,"item_name":"Premium Ticket - 1 semana","use_present":true,"item_action_id":0}.
21:44:31 | Player [Protoss] | Item Data Entregue com sucesso: {"log_id":409,"item_count":1,"item_id":12696,"item_name":"Premium Ticket - 1 semana","use_present":true,"item_action_id":0}.
21:44:32 | Player [Protoss] | Processo concluido. Resultado: Total de itens 1, Itens não recebidos 0, Itens a Receber 1..
21:44:32 | Player [Protoss] | --------------------------------------.
23:00:43 | Player [Surfista QuatroEvinte] | Processando 1 itens a entregar....
23:00:43 | Player [Surfista QuatroEvinte] | Item Data: {"log_id":410,"item_count":1,"item_id":12696,"item_name":"Premium Ticket - 1 semana","use_present":true,"item_action_id":0}.
23:00:43 | Player [Surfista QuatroEvinte] | Item Data Entregue com sucesso: {"log_id":410,"item_count":1,"item_id":12696,"item_name":"Premium Ticket - 1 semana","use_present":true,"item_action_id":0}.
23:00:43 | Player [Surfista QuatroEvinte] | Processo concluido. Resultado: Total de itens 1, Itens não recebidos 0, Itens a Receber 1..
23:00:43 | Player [Surfista QuatroEvinte] | --------------------------------------.
23:03:23 | Player [Soul Fodaz] | Processando 1 itens a entregar....
23:03:23 | Player [Soul Fodaz] | Item Data: {"log_id":411,"item_count":1,"item_id":12696,"item_name":"Premium Ticket - 1 semana","use_present":true,"item_action_id":0}.
23:03:23 | Player [Soul Fodaz] | Item Data Entregue com sucesso: {"log_id":411,"item_count":1,"item_id":12696,"item_name":"Premium Ticket - 1 semana","use_present":true,"item_action_id":0}.
23:03:23 | Player [Soul Fodaz] | Processo concluido. Resultado: Total de itens 1, Itens não recebidos 0, Itens a Receber 1..
23:03:23 | Player [Soul Fodaz] | --------------------------------------.
