15:30:03 | Player [Ordinario] | Processando 1 itens a entregar....
15:30:03 | Player [Ordinario] | Item Data: {"log_id":5,"item_count":1,"item_id":12696,"item_name":"Premium Ticket - 1 semana","use_present":true,"item_action_id":0}.
15:30:03 | Player [Ordinario] | Item Data Entregue com sucesso: {"log_id":5,"item_count":1,"item_id":12696,"item_name":"Premium Ticket - 1 semana","use_present":true,"item_action_id":0}.
15:30:03 | Player [Ordinario] | Processo concluido. Resultado: Total de itens 1, Itens não recebidos 0, Itens a Receber 1..
15:30:03 | Player [Ordinario] | --------------------------------------.
21:07:52 | Player [Descio Saco] | Processando 1 itens a entregar....
21:07:52 | Player [Descio Saco] | Item Data: {"log_id":471,"item_count":1,"item_id":6132,"item_name":"Soft Boots","use_present":true,"item_action_id":0}.
21:07:52 | Player [Descio Saco] | Item Data Entregue com sucesso: {"log_id":471,"item_count":1,"item_id":6132,"item_name":"Soft Boots","use_present":true,"item_action_id":0}.
21:07:52 | Player [Descio Saco] | Processo concluido. Resultado: Total de itens 1, Itens não recebidos 0, Itens a Receber 1..
21:07:52 | Player [Descio Saco] | --------------------------------------.
23:46:07 | Player [Descio Saco] | Processando 1 itens a entregar....
23:46:07 | Player [Descio Saco] | Item Data: {"log_id":472,"item_count":100,"item_id":2160,"item_name":"Crystal Coin","use_present":true,"item_action_id":0}.
23:46:07 | Player [Descio Saco] | Item Data Entregue com sucesso: {"log_id":472,"item_count":100,"item_id":2160,"item_name":"Crystal Coin","use_present":true,"item_action_id":0}.
23:46:07 | Player [Descio Saco] | Processo concluido. Resultado: Total de itens 1, Itens não recebidos 0, Itens a Receber 1..
23:46:07 | Player [Descio Saco] | --------------------------------------.
20:36:55 | Player [Rumplestiltskin] | Processando 1 itens a entregar....
20:36:55 | Player [Rumplestiltskin] | Item Data: {"log_id":911,"item_count":1,"item_id":6132,"item_name":"Soft Boots","use_present":true,"item_action_id":0}.
20:36:55 | Player [Rumplestiltskin] | Item Data Entregue com sucesso: {"log_id":911,"item_count":1,"item_id":6132,"item_name":"Soft Boots","use_present":true,"item_action_id":0}.
20:36:55 | Player [Rumplestiltskin] | Processo concluido. Resultado: Total de itens 1, Itens não recebidos 0, Itens a Receber 1..
20:36:55 | Player [Rumplestiltskin] | --------------------------------------.
