08:30:22 | Player [Erza Scarllet] | Processando 1 itens a entregar....
08:30:22 | Player [Erza Scarllet] | Item Data: {"log_id":246,"item_count":1,"item_id":12696,"item_name":"Premium Ticket - 1 semana","use_present":true,"item_action_id":0}.
08:30:22 | Player [Erza Scarllet] | Item Data Entregue com sucesso: {"log_id":246,"item_count":1,"item_id":12696,"item_name":"Premium Ticket - 1 semana","use_present":true,"item_action_id":0}.
08:30:22 | Player [Erza Scarllet] | Processo concluido. Resultado: Total de itens 1, Itens não recebidos 0, Itens a Receber 1..
08:30:22 | Player [Erza Scarllet] | --------------------------------------.
13:54:56 | Player [Jack Wariv] | Processando 8 itens a entregar....
13:54:56 | Player [Jack Wariv] | Item Data: {"log_id":247,"item_count":1,"item_id":12696,"item_name":"Premium Ticket - 1 semana","use_present":true,"item_action_id":0}.
13:54:56 | Player [Jack Wariv] | Item Data: {"log_id":248,"item_count":1,"item_id":12696,"item_name":"Premium Ticket - 1 semana","use_present":true,"item_action_id":0}.
13:54:56 | Player [Jack Wariv] | Item Data: {"log_id":249,"item_count":1,"item_id":12696,"item_name":"Premium Ticket - 1 semana","use_present":true,"item_action_id":0}.
13:54:56 | Player [Jack Wariv] | Item Data: {"log_id":250,"item_count":1,"item_id":12696,"item_name":"Premium Ticket - 1 semana","use_present":true,"item_action_id":0}.
13:54:56 | Player [Jack Wariv] | Item Data: {"log_id":251,"item_count":1,"item_id":12696,"item_name":"Premium Ticket - 1 semana","use_present":true,"item_action_id":0}.
13:54:56 | Player [Jack Wariv] | Item Data: {"log_id":252,"item_count":1,"item_id":12696,"item_name":"Premium Ticket - 1 semana","use_present":true,"item_action_id":0}.
13:54:56 | Player [Jack Wariv] | Item Data: {"log_id":253,"item_count":1,"item_id":12696,"item_name":"Premium Ticket - 1 semana","use_present":true,"item_action_id":0}.
13:54:56 | Player [Jack Wariv] | Item Data: {"log_id":254,"item_count":1,"item_id":12696,"item_name":"Premium Ticket - 1 semana","use_present":true,"item_action_id":0}.
13:54:56 | Player [Jack Wariv] | Item Data Entregue com sucesso: {"log_id":247,"item_count":1,"item_id":12696,"item_name":"Premium Ticket - 1 semana","use_present":true,"item_action_id":0}.
13:54:56 | Player [Jack Wariv] | Item Data Entregue com sucesso: {"log_id":248,"item_count":1,"item_id":12696,"item_name":"Premium Ticket - 1 semana","use_present":true,"item_action_id":0}.
13:54:56 | Player [Jack Wariv] | Item Data Entregue com sucesso: {"log_id":249,"item_count":1,"item_id":12696,"item_name":"Premium Ticket - 1 semana","use_present":true,"item_action_id":0}.
13:54:56 | Player [Jack Wariv] | Item Data Entregue com sucesso: {"log_id":250,"item_count":1,"item_id":12696,"item_name":"Premium Ticket - 1 semana","use_present":true,"item_action_id":0}.
13:54:56 | Player [Jack Wariv] | Item Data Entregue com sucesso: {"log_id":251,"item_count":1,"item_id":12696,"item_name":"Premium Ticket - 1 semana","use_present":true,"item_action_id":0}.
13:54:56 | Player [Jack Wariv] | Item Data Entregue com sucesso: {"log_id":252,"item_count":1,"item_id":12696,"item_name":"Premium Ticket - 1 semana","use_present":true,"item_action_id":0}.
13:54:56 | Player [Jack Wariv] | Item Data Entregue com sucesso: {"log_id":253,"item_count":1,"item_id":12696,"item_name":"Premium Ticket - 1 semana","use_present":true,"item_action_id":0}.
13:54:56 | Player [Jack Wariv] | Item Data Entregue com sucesso: {"log_id":254,"item_count":1,"item_id":12696,"item_name":"Premium Ticket - 1 semana","use_present":true,"item_action_id":0}.
13:54:56 | Player [Jack Wariv] | Processo concluido. Resultado: Total de itens 8, Itens não recebidos 0, Itens a Receber 8..
13:54:56 | Player [Jack Wariv] | --------------------------------------.
17:10:41 | Player [Jack Wariv] | Processando 4 itens a entregar....
17:10:41 | Player [Jack Wariv] | Item Data: {"log_id":255,"item_count":1,"item_id":12696,"item_name":"Premium Ticket - 1 semana","use_present":true,"item_action_id":0}.
17:10:41 | Player [Jack Wariv] | Item Data: {"log_id":256,"item_count":1,"item_id":12696,"item_name":"Premium Ticket - 1 semana","use_present":true,"item_action_id":0}.
17:10:41 | Player [Jack Wariv] | Item Data: {"log_id":257,"item_count":1,"item_id":12696,"item_name":"Premium Ticket - 1 semana","use_present":true,"item_action_id":0}.
17:10:41 | Player [Jack Wariv] | Item Data: {"log_id":258,"item_count":1,"item_id":12696,"item_name":"Premium Ticket - 1 semana","use_present":true,"item_action_id":0}.
17:10:41 | Player [Jack Wariv] | Item Data Entregue com sucesso: {"log_id":255,"item_count":1,"item_id":12696,"item_name":"Premium Ticket - 1 semana","use_present":true,"item_action_id":0}.
17:10:41 | Player [Jack Wariv] | Item Data Entregue com sucesso: {"log_id":256,"item_count":1,"item_id":12696,"item_name":"Premium Ticket - 1 semana","use_present":true,"item_action_id":0}.
17:10:41 | Player [Jack Wariv] | Impossivel colocar no inventario {"log_id":257,"item_count":1,"item_id":12696,"item_name":"Premium Ticket - 1 semana","use_present":true,"item_action_id":0}.
17:10:41 | Player [Jack Wariv] | Impossivel adicionar mais itens, processo abortado. Itens restantes : [null,null,{"log_id":257,"item_count":1,"item_name":"Premium Ticket - 1 semana","item_id":12696,"use_present":true,"item_action_id":0},{"log_id":258,"item_count":1,"item_name":"Premium Ticket - 1 semana","item_id":12696,"use_present":true,"item_action_id":0}].
17:10:41 | Player [Jack Wariv] | Processo concluido. Resultado: Total de itens 4, Itens não recebidos 4, Itens a Receber 4..
17:10:41 | Player [Jack Wariv] | --------------------------------------.
17:12:38 | Player [Jack Wariv] | Processando 2 itens a entregar....
17:12:38 | Player [Jack Wariv] | Item Data: {"log_id":257,"item_count":1,"item_id":12696,"item_name":"Premium Ticket - 1 semana","use_present":true,"item_action_id":0}.
17:12:38 | Player [Jack Wariv] | Item Data: {"log_id":258,"item_count":1,"item_id":12696,"item_name":"Premium Ticket - 1 semana","use_present":true,"item_action_id":0}.
17:12:38 | Player [Jack Wariv] | Item Data Entregue com sucesso: {"log_id":257,"item_count":1,"item_id":12696,"item_name":"Premium Ticket - 1 semana","use_present":true,"item_action_id":0}.
17:12:38 | Player [Jack Wariv] | Item Data Entregue com sucesso: {"log_id":258,"item_count":1,"item_id":12696,"item_name":"Premium Ticket - 1 semana","use_present":true,"item_action_id":0}.
17:12:38 | Player [Jack Wariv] | Processo concluido. Resultado: Total de itens 2, Itens não recebidos 0, Itens a Receber 2..
17:12:38 | Player [Jack Wariv] | --------------------------------------.
17:38:24 | Player [Jack Wariv] | Processando 6 itens a entregar....
17:38:24 | Player [Jack Wariv] | Item Data: {"log_id":259,"item_count":1,"item_id":12696,"item_name":"Premium Ticket - 1 semana","use_present":true,"item_action_id":0}.
17:38:24 | Player [Jack Wariv] | Item Data: {"log_id":260,"item_count":1,"item_id":12696,"item_name":"Premium Ticket - 1 semana","use_present":true,"item_action_id":0}.
17:38:24 | Player [Jack Wariv] | Item Data: {"log_id":261,"item_count":1,"item_id":12696,"item_name":"Premium Ticket - 1 semana","use_present":true,"item_action_id":0}.
17:38:24 | Player [Jack Wariv] | Item Data: {"log_id":262,"item_count":1,"item_id":12696,"item_name":"Premium Ticket - 1 semana","use_present":true,"item_action_id":0}.
17:38:24 | Player [Jack Wariv] | Item Data: {"log_id":263,"item_count":1,"item_id":12696,"item_name":"Premium Ticket - 1 semana","use_present":true,"item_action_id":0}.
17:38:24 | Player [Jack Wariv] | Item Data: {"log_id":264,"item_count":1,"item_id":12696,"item_name":"Premium Ticket - 1 semana","use_present":true,"item_action_id":0}.
17:38:25 | Player [Jack Wariv] | Item Data Entregue com sucesso: {"log_id":259,"item_count":1,"item_id":12696,"item_name":"Premium Ticket - 1 semana","use_present":true,"item_action_id":0}.
17:38:25 | Player [Jack Wariv] | Item Data Entregue com sucesso: {"log_id":260,"item_count":1,"item_id":12696,"item_name":"Premium Ticket - 1 semana","use_present":true,"item_action_id":0}.
17:38:25 | Player [Jack Wariv] | Item Data Entregue com sucesso: {"log_id":261,"item_count":1,"item_id":12696,"item_name":"Premium Ticket - 1 semana","use_present":true,"item_action_id":0}.
17:38:25 | Player [Jack Wariv] | Item Data Entregue com sucesso: {"log_id":262,"item_count":1,"item_id":12696,"item_name":"Premium Ticket - 1 semana","use_present":true,"item_action_id":0}.
17:38:25 | Player [Jack Wariv] | Item Data Entregue com sucesso: {"log_id":263,"item_count":1,"item_id":12696,"item_name":"Premium Ticket - 1 semana","use_present":true,"item_action_id":0}.
17:38:25 | Player [Jack Wariv] | Item Data Entregue com sucesso: {"log_id":264,"item_count":1,"item_id":12696,"item_name":"Premium Ticket - 1 semana","use_present":true,"item_action_id":0}.
17:38:25 | Player [Jack Wariv] | Processo concluido. Resultado: Total de itens 6, Itens não recebidos 0, Itens a Receber 6..
17:38:25 | Player [Jack Wariv] | --------------------------------------.
17:58:38 | Player [Jack Wariv] | Processando 1 itens a entregar....
17:58:38 | Player [Jack Wariv] | Item Data: {"log_id":265,"item_count":1,"item_id":12690,"item_name":"Premium Ticket - 1 mes","use_present":true,"item_action_id":0}.
17:58:38 | Player [Jack Wariv] | Item Data Entregue com sucesso: {"log_id":265,"item_count":1,"item_id":12690,"item_name":"Premium Ticket - 1 mes","use_present":true,"item_action_id":0}.
17:58:38 | Player [Jack Wariv] | Processo concluido. Resultado: Total de itens 1, Itens não recebidos 0, Itens a Receber 1..
17:58:38 | Player [Jack Wariv] | --------------------------------------.
