11:14:16 | Player [Neo Barbarzync] | Processando 1 itens a entregar....
11:14:16 | Player [Neo Barbarzync] | Item Data: {"log_id":434,"item_count":1,"item_id":12696,"item_name":"Premium Ticket - 1 semana","use_present":true,"item_action_id":0}.
11:14:16 | Player [Neo Barbarzync] | Item Data Entregue com sucesso: {"log_id":434,"item_count":1,"item_id":12696,"item_name":"Premium Ticket - 1 semana","use_present":true,"item_action_id":0}.
11:14:16 | Player [Neo Barbarzync] | Processo concluido. Resultado: Total de itens 1, Itens não recebidos 0, Itens a Receber 1..
11:14:16 | Player [Neo Barbarzync] | --------------------------------------.
11:25:30 | Player [Neo Barbarzync] | Processando 1 itens a entregar....
11:25:30 | Player [Neo Barbarzync] | Item Data: {"log_id":435,"item_count":1,"item_id":12696,"item_name":"Premium Ticket - 1 semana","use_present":true,"item_action_id":0}.
11:25:30 | Player [Neo Barbarzync] | Item Data Entregue com sucesso: {"log_id":435,"item_count":1,"item_id":12696,"item_name":"Premium Ticket - 1 semana","use_present":true,"item_action_id":0}.
11:25:30 | Player [Neo Barbarzync] | Processo concluido. Resultado: Total de itens 1, Itens não recebidos 0, Itens a Receber 1..
11:25:30 | Player [Neo Barbarzync] | --------------------------------------.
11:58:41 | Player [AePzSaiu] | Processando 1 itens a entregar....
11:58:41 | Player [AePzSaiu] | Item Data: {"log_id":436,"item_count":1,"item_id":12696,"item_name":"Premium Ticket - 1 semana","use_present":true,"item_action_id":0}.
11:58:41 | Player [AePzSaiu] | Item Data Entregue com sucesso: {"log_id":436,"item_count":1,"item_id":12696,"item_name":"Premium Ticket - 1 semana","use_present":true,"item_action_id":0}.
11:58:41 | Player [AePzSaiu] | Processo concluido. Resultado: Total de itens 1, Itens não recebidos 0, Itens a Receber 1..
11:58:41 | Player [AePzSaiu] | --------------------------------------.
18:25:43 | Player [Tom Mix Bala] | Processando 3 itens a entregar....
18:25:43 | Player [Tom Mix Bala] | Item Data: {"log_id":437,"item_count":1,"item_id":12696,"item_name":"Premium Ticket - 1 semana","use_present":true,"item_action_id":0}.
18:25:43 | Player [Tom Mix Bala] | Item Data: {"log_id":438,"item_count":1,"item_id":12696,"item_name":"Premium Ticket - 1 semana","use_present":true,"item_action_id":0}.
18:25:43 | Player [Tom Mix Bala] | Item Data: {"log_id":439,"item_count":1,"item_id":12696,"item_name":"Premium Ticket - 1 semana","use_present":true,"item_action_id":0}.
18:25:43 | Player [Tom Mix Bala] | Item Data Entregue com sucesso: {"log_id":437,"item_count":1,"item_id":12696,"item_name":"Premium Ticket - 1 semana","use_present":true,"item_action_id":0}.
18:25:43 | Player [Tom Mix Bala] | Item Data Entregue com sucesso: {"log_id":438,"item_count":1,"item_id":12696,"item_name":"Premium Ticket - 1 semana","use_present":true,"item_action_id":0}.
18:25:43 | Player [Tom Mix Bala] | Item Data Entregue com sucesso: {"log_id":439,"item_count":1,"item_id":12696,"item_name":"Premium Ticket - 1 semana","use_present":true,"item_action_id":0}.
18:25:43 | Player [Tom Mix Bala] | Processo concluido. Resultado: Total de itens 3, Itens não recebidos 0, Itens a Receber 3..
18:25:43 | Player [Tom Mix Bala] | --------------------------------------.
21:53:37 | Player [Apoliptique] | Processando 2 itens a entregar....
21:53:38 | Player [Apoliptique] | Item Data: {"log_id":432,"item_count":1,"item_id":12696,"item_name":"Premium Ticket - 1 semana","use_present":true,"item_action_id":0}.
21:53:38 | Player [Apoliptique] | Item Data: {"log_id":433,"item_count":1,"item_id":12696,"item_name":"Premium Ticket - 1 semana","use_present":true,"item_action_id":0}.
21:53:38 | Player [Apoliptique] | Item Data Entregue com sucesso: {"log_id":432,"item_count":1,"item_id":12696,"item_name":"Premium Ticket - 1 semana","use_present":true,"item_action_id":0}.
21:53:38 | Player [Apoliptique] | Item Data Entregue com sucesso: {"log_id":433,"item_count":1,"item_id":12696,"item_name":"Premium Ticket - 1 semana","use_present":true,"item_action_id":0}.
21:53:38 | Player [Apoliptique] | Processo concluido. Resultado: Total de itens 2, Itens não recebidos 0, Itens a Receber 2..
21:53:38 | Player [Apoliptique] | --------------------------------------.
23:56:33 | Player [Hunfs] | Processando 1 itens a entregar....
23:56:33 | Player [Hunfs] | Item Data: {"log_id":4103,"item_count":1,"item_id":8925,"item_name":"Solar Axe","use_present":true,"item_action_id":0}.
23:56:33 | Player [Hunfs] | Item Data Entregue com sucesso: {"log_id":4103,"item_count":1,"item_id":8925,"item_name":"Solar Axe","use_present":true,"item_action_id":0}.
23:56:33 | Player [Hunfs] | Processo concluido. Resultado: Total de itens 1, Itens não recebidos 0, Itens a Receber 1..
23:56:33 | Player [Hunfs] | --------------------------------------.
