11:35:22 | Player [Gatinho Da Night] | Processando 1 itens a entregar....
11:35:22 | Player [Gatinho Da Night] | Item Data: {"log_id":9,"item_count":1,"item_id":12690,"item_name":"Premium Ticket - 1 mes","use_present":true,"item_action_id":0}.
11:35:22 | Player [Gatinho Da Night] | Item Data Entregue com sucesso: {"log_id":9,"item_count":1,"item_id":12690,"item_name":"Premium Ticket - 1 mes","use_present":true,"item_action_id":0}.
11:35:22 | Player [Gatinho Da Night] | Processo concluido. Resultado: Total de itens 1, Itens não recebidos 0, Itens a Receber 1..
11:35:22 | Player [Gatinho Da Night] | --------------------------------------.
11:37:29 | Player [Gatinho Da Night] | Processando 2 itens a entregar....
11:37:29 | Player [Gatinho Da Night] | Item Data: {"log_id":10,"item_count":1,"item_id":12696,"item_name":"Premium Ticket - 1 semana","use_present":true,"item_action_id":0}.
11:37:29 | Player [Gatinho Da Night] | Item Data: {"log_id":11,"item_count":1,"item_id":12696,"item_name":"Premium Ticket - 1 semana","use_present":true,"item_action_id":0}.
11:37:29 | Player [Gatinho Da Night] | Item Data Entregue com sucesso: {"log_id":10,"item_count":1,"item_id":12696,"item_name":"Premium Ticket - 1 semana","use_present":true,"item_action_id":0}.
11:37:29 | Player [Gatinho Da Night] | Item Data Entregue com sucesso: {"log_id":11,"item_count":1,"item_id":12696,"item_name":"Premium Ticket - 1 semana","use_present":true,"item_action_id":0}.
11:37:29 | Player [Gatinho Da Night] | Processo concluido. Resultado: Total de itens 2, Itens não recebidos 0, Itens a Receber 2..
11:37:29 | Player [Gatinho Da Night] | --------------------------------------.
12:16:46 | Player [Dardon Star Rusha] | Processando 2 itens a entregar....
12:16:46 | Player [Dardon Star Rusha] | Item Data: {"log_id":12,"item_count":1,"item_id":12696,"item_name":"Premium Ticket - 1 semana","use_present":true,"item_action_id":0}.
12:16:46 | Player [Dardon Star Rusha] | Item Data: {"log_id":13,"item_count":1,"item_id":12696,"item_name":"Premium Ticket - 1 semana","use_present":true,"item_action_id":0}.
12:16:46 | Player [Dardon Star Rusha] | Item Data Entregue com sucesso: {"log_id":12,"item_count":1,"item_id":12696,"item_name":"Premium Ticket - 1 semana","use_present":true,"item_action_id":0}.
12:16:46 | Player [Dardon Star Rusha] | Item Data Entregue com sucesso: {"log_id":13,"item_count":1,"item_id":12696,"item_name":"Premium Ticket - 1 semana","use_present":true,"item_action_id":0}.
12:16:46 | Player [Dardon Star Rusha] | Processo concluido. Resultado: Total de itens 2, Itens não recebidos 0, Itens a Receber 2..
12:16:46 | Player [Dardon Star Rusha] | --------------------------------------.
13:42:56 | Player [Gatinho Da Night] | Processando 1 itens a entregar....
13:42:56 | Player [Gatinho Da Night] | Item Data: {"log_id":14,"item_count":1,"item_id":12696,"item_name":"Premium Ticket - 1 semana","use_present":true,"item_action_id":0}.
13:42:56 | Player [Gatinho Da Night] | Item Data Entregue com sucesso: {"log_id":14,"item_count":1,"item_id":12696,"item_name":"Premium Ticket - 1 semana","use_present":true,"item_action_id":0}.
13:42:56 | Player [Gatinho Da Night] | Processo concluido. Resultado: Total de itens 1, Itens não recebidos 0, Itens a Receber 1..
13:42:56 | Player [Gatinho Da Night] | --------------------------------------.
17:02:42 | Player [Dardon Star Rusha] | Processando 1 itens a entregar....
17:02:42 | Player [Dardon Star Rusha] | Item Data: {"log_id":15,"item_count":1,"item_id":12690,"item_name":"Premium Ticket - 1 mes","use_present":true,"item_action_id":0}.
17:02:42 | Player [Dardon Star Rusha] | Item Data Entregue com sucesso: {"log_id":15,"item_count":1,"item_id":12690,"item_name":"Premium Ticket - 1 mes","use_present":true,"item_action_id":0}.
17:02:42 | Player [Dardon Star Rusha] | Processo concluido. Resultado: Total de itens 1, Itens não recebidos 0, Itens a Receber 1..
17:02:42 | Player [Dardon Star Rusha] | --------------------------------------.
19:13:36 | Player [Dardon Star Rusha] | Processando 1 itens a entregar....
19:13:36 | Player [Dardon Star Rusha] | Item Data: {"log_id":16,"item_count":1,"item_id":12696,"item_name":"Premium Ticket - 1 semana","use_present":true,"item_action_id":0}.
19:13:36 | Player [Dardon Star Rusha] | Item Data Entregue com sucesso: {"log_id":16,"item_count":1,"item_id":12696,"item_name":"Premium Ticket - 1 semana","use_present":true,"item_action_id":0}.
19:13:36 | Player [Dardon Star Rusha] | Processo concluido. Resultado: Total de itens 1, Itens não recebidos 0, Itens a Receber 1..
19:13:36 | Player [Dardon Star Rusha] | --------------------------------------.
21:14:47 | Player [Come Bosta] | Processando 1 itens a entregar....
21:14:47 | Player [Come Bosta] | Item Data: {"log_id":473,"item_count":1,"item_id":12691,"item_name":"Brotherhood outfit ticket","use_present":true,"item_action_id":"19"}.
21:14:47 | Player [Come Bosta] | Item Data Entregue com sucesso: {"log_id":473,"item_count":1,"item_id":12691,"item_name":"Brotherhood outfit ticket","use_present":true,"item_action_id":"19"}.
21:14:47 | Player [Come Bosta] | Processo concluido. Resultado: Total de itens 1, Itens não recebidos 0, Itens a Receber 1..
21:14:47 | Player [Come Bosta] | --------------------------------------.
22:17:34 | Player [Supremy Knight] | Processando 1 itens a entregar....
22:17:34 | Player [Supremy Knight] | Item Data: {"log_id":915,"item_count":1,"item_id":6132,"item_name":"Soft Boots","use_present":true,"item_action_id":0}.
22:17:34 | Player [Supremy Knight] | Item Data Entregue com sucesso: {"log_id":915,"item_count":1,"item_id":6132,"item_name":"Soft Boots","use_present":true,"item_action_id":0}.
22:17:34 | Player [Supremy Knight] | Processo concluido. Resultado: Total de itens 1, Itens não recebidos 0, Itens a Receber 1..
22:17:34 | Player [Supremy Knight] | --------------------------------------.
