00:47:55 | Player [Noiaba Neh] | Processando 1 itens a entregar....
00:47:55 | Player [Noiaba Neh] | Item Data: {"log_id":266,"item_count":1,"item_id":12696,"item_name":"Premium Ticket - 1 semana","use_present":true,"item_action_id":0}.
00:47:55 | Player [Noiaba Neh] | Item Data Entregue com sucesso: {"log_id":266,"item_count":1,"item_id":12696,"item_name":"Premium Ticket - 1 semana","use_present":true,"item_action_id":0}.
00:47:55 | Player [Noiaba Neh] | Processo concluido. Resultado: Total de itens 1, Itens não recebidos 0, Itens a Receber 1..
00:47:55 | Player [Noiaba Neh] | --------------------------------------.
19:52:45 | Player [Gambazin] | Processando 1 itens a entregar....
19:52:45 | Player [Gambazin] | Item Data: {"log_id":267,"item_count":1,"item_id":12696,"item_name":"Premium Ticket - 1 semana","use_present":true,"item_action_id":0}.
19:52:45 | Player [Gambazin] | Item Data Entregue com sucesso: {"log_id":267,"item_count":1,"item_id":12696,"item_name":"Premium Ticket - 1 semana","use_present":true,"item_action_id":0}.
19:52:45 | Player [Gambazin] | Processo concluido. Resultado: Total de itens 1, Itens não recebidos 0, Itens a Receber 1..
19:52:45 | Player [Gambazin] | --------------------------------------.
20:45:14 | Player [Mage Underworld] | Processando 1 itens a entregar....
20:45:14 | Player [Mage Underworld] | Item Data: {"log_id":268,"item_count":1,"item_id":12696,"item_name":"Premium Ticket - 1 semana","use_present":true,"item_action_id":0}.
20:45:14 | Player [Mage Underworld] | Item Data Entregue com sucesso: {"log_id":268,"item_count":1,"item_id":12696,"item_name":"Premium Ticket - 1 semana","use_present":true,"item_action_id":0}.
20:45:14 | Player [Mage Underworld] | Processo concluido. Resultado: Total de itens 1, Itens não recebidos 0, Itens a Receber 1..
20:45:14 | Player [Mage Underworld] | --------------------------------------.
21:01:09 | Player [Andre Imortal] | Processando 1 itens a entregar....
21:01:09 | Player [Andre Imortal] | Item Data: {"log_id":269,"item_count":1,"item_id":12690,"item_name":"Premium Ticket - 1 mes","use_present":true,"item_action_id":0}.
21:01:09 | Player [Andre Imortal] | Item Data Entregue com sucesso: {"log_id":269,"item_count":1,"item_id":12690,"item_name":"Premium Ticket - 1 mes","use_present":true,"item_action_id":0}.
21:01:10 | Player [Andre Imortal] | Processo concluido. Resultado: Total de itens 1, Itens não recebidos 0, Itens a Receber 1..
21:01:10 | Player [Andre Imortal] | --------------------------------------.
22:37:26 | Player [-SkYdArK-] | Processando 1 itens a entregar....
22:37:26 | Player [-SkYdArK-] | Item Data: {"log_id":270,"item_count":1,"item_id":12696,"item_name":"Premium Ticket - 1 semana","use_present":true,"item_action_id":0}.
22:37:26 | Player [-SkYdArK-] | Item Data Entregue com sucesso: {"log_id":270,"item_count":1,"item_id":12696,"item_name":"Premium Ticket - 1 semana","use_present":true,"item_action_id":0}.
22:37:26 | Player [-SkYdArK-] | Processo concluido. Resultado: Total de itens 1, Itens não recebidos 0, Itens a Receber 1..
22:37:26 | Player [-SkYdArK-] | --------------------------------------.
22:38:00 | Player [-SkYdArK-] | Processando 1 itens a entregar....
22:38:00 | Player [-SkYdArK-] | Item Data: {"log_id":271,"item_count":1,"item_id":12696,"item_name":"Premium Ticket - 1 semana","use_present":true,"item_action_id":0}.
22:38:00 | Player [-SkYdArK-] | Item Data Entregue com sucesso: {"log_id":271,"item_count":1,"item_id":12696,"item_name":"Premium Ticket - 1 semana","use_present":true,"item_action_id":0}.
22:38:00 | Player [-SkYdArK-] | Processo concluido. Resultado: Total de itens 1, Itens não recebidos 0, Itens a Receber 1..
22:38:00 | Player [-SkYdArK-] | --------------------------------------.
22:38:24 | Player [-SkYdArK-] | Processando 1 itens a entregar....
22:38:24 | Player [-SkYdArK-] | Item Data: {"log_id":272,"item_count":1,"item_id":12696,"item_name":"Premium Ticket - 1 semana","use_present":true,"item_action_id":0}.
22:38:24 | Player [-SkYdArK-] | Item Data Entregue com sucesso: {"log_id":272,"item_count":1,"item_id":12696,"item_name":"Premium Ticket - 1 semana","use_present":true,"item_action_id":0}.
22:38:24 | Player [-SkYdArK-] | Processo concluido. Resultado: Total de itens 1, Itens não recebidos 0, Itens a Receber 1..
22:38:24 | Player [-SkYdArK-] | --------------------------------------.
