00:04:53 | Player [Sisbo] | Processando 1 itens a entregar....
00:04:53 | Player [Sisbo] | Item Data: {"log_id":440,"item_count":1,"item_id":12696,"item_name":"Premium Ticket - 1 semana","use_present":true,"item_action_id":0}.
00:04:53 | Player [Sisbo] | Item Data Entregue com sucesso: {"log_id":440,"item_count":1,"item_id":12696,"item_name":"Premium Ticket - 1 semana","use_present":true,"item_action_id":0}.
00:04:53 | Player [Sisbo] | Processo concluido. Resultado: Total de itens 1, Itens não recebidos 0, Itens a Receber 1..
00:04:53 | Player [Sisbo] | --------------------------------------.
15:04:53 | Player [Gambazin] | Processando 1 itens a entregar....
15:04:53 | Player [Gambazin] | Item Data: {"log_id":441,"item_count":1,"item_id":12696,"item_name":"Premium Ticket - 1 semana","use_present":true,"item_action_id":0}.
15:04:53 | Player [Gambazin] | Item Data Entregue com sucesso: {"log_id":441,"item_count":1,"item_id":12696,"item_name":"Premium Ticket - 1 semana","use_present":true,"item_action_id":0}.
15:04:53 | Player [Gambazin] | Processo concluido. Resultado: Total de itens 1, Itens não recebidos 0, Itens a Receber 1..
15:04:53 | Player [Gambazin] | --------------------------------------.
21:18:17 | Player [Abnadabe] | Processando 5 itens a entregar....
21:18:17 | Player [Abnadabe] | Item Data: {"log_id":442,"item_count":1,"item_id":12696,"item_name":"Premium Ticket - 1 semana","use_present":true,"item_action_id":0}.
21:18:17 | Player [Abnadabe] | Item Data: {"log_id":443,"item_count":1,"item_id":12696,"item_name":"Premium Ticket - 1 semana","use_present":true,"item_action_id":0}.
21:18:17 | Player [Abnadabe] | Item Data: {"log_id":444,"item_count":1,"item_id":12696,"item_name":"Premium Ticket - 1 semana","use_present":true,"item_action_id":0}.
21:18:17 | Player [Abnadabe] | Item Data: {"log_id":445,"item_count":1,"item_id":12696,"item_name":"Premium Ticket - 1 semana","use_present":true,"item_action_id":0}.
21:18:17 | Player [Abnadabe] | Item Data: {"log_id":446,"item_count":1,"item_id":12696,"item_name":"Premium Ticket - 1 semana","use_present":true,"item_action_id":0}.
21:18:17 | Player [Abnadabe] | Item Data Entregue com sucesso: {"log_id":442,"item_count":1,"item_id":12696,"item_name":"Premium Ticket - 1 semana","use_present":true,"item_action_id":0}.
21:18:17 | Player [Abnadabe] | Item Data Entregue com sucesso: {"log_id":443,"item_count":1,"item_id":12696,"item_name":"Premium Ticket - 1 semana","use_present":true,"item_action_id":0}.
21:18:17 | Player [Abnadabe] | Item Data Entregue com sucesso: {"log_id":444,"item_count":1,"item_id":12696,"item_name":"Premium Ticket - 1 semana","use_present":true,"item_action_id":0}.
21:18:17 | Player [Abnadabe] | Item Data Entregue com sucesso: {"log_id":445,"item_count":1,"item_id":12696,"item_name":"Premium Ticket - 1 semana","use_present":true,"item_action_id":0}.
21:18:17 | Player [Abnadabe] | Item Data Entregue com sucesso: {"log_id":446,"item_count":1,"item_id":12696,"item_name":"Premium Ticket - 1 semana","use_present":true,"item_action_id":0}.
21:18:17 | Player [Abnadabe] | Processo concluido. Resultado: Total de itens 5, Itens não recebidos 0, Itens a Receber 5..
21:18:17 | Player [Abnadabe] | --------------------------------------.
