10:30:03 | Player [Gatinho Da Night] | Processando 1 itens a entregar....
10:30:03 | Player [Gatinho Da Night] | Item Data: {"log_id":17,"item_count":1,"item_id":12696,"item_name":"Premium Ticket - 1 semana","use_present":true,"item_action_id":0}.
10:30:03 | Player [Gatinho Da Night] | Item Data Entregue com sucesso: {"log_id":17,"item_count":1,"item_id":12696,"item_name":"Premium Ticket - 1 semana","use_present":true,"item_action_id":0}.
10:30:03 | Player [Gatinho Da Night] | Processo concluido. Resultado: Total de itens 1, Itens não recebidos 0, Itens a Receber 1..
10:30:03 | Player [Gatinho Da Night] | --------------------------------------.
13:13:36 | Player [Wax Sorcer] | Processando 1 itens a entregar....
13:13:36 | Player [Wax Sorcer] | Item Data: {"log_id":18,"item_count":1,"item_id":12690,"item_name":"Premium Ticket - 1 mes","use_present":true,"item_action_id":0}.
13:13:36 | Player [Wax Sorcer] | Item Data Entregue com sucesso: {"log_id":18,"item_count":1,"item_id":12690,"item_name":"Premium Ticket - 1 mes","use_present":true,"item_action_id":0}.
13:13:36 | Player [Wax Sorcer] | Processo concluido. Resultado: Total de itens 1, Itens não recebidos 0, Itens a Receber 1..
13:13:36 | Player [Wax Sorcer] | --------------------------------------.
18:49:29 | Player [Romarinho] | Processando 1 itens a entregar....
18:49:29 | Player [Romarinho] | Item Data: {"log_id":20,"item_count":1,"item_id":12696,"item_name":"Premium Ticket - 1 semana","use_present":true,"item_action_id":0}.
18:49:29 | Player [Romarinho] | Item Data Entregue com sucesso: {"log_id":20,"item_count":1,"item_id":12696,"item_name":"Premium Ticket - 1 semana","use_present":true,"item_action_id":0}.
18:49:29 | Player [Romarinho] | Processo concluido. Resultado: Total de itens 1, Itens não recebidos 0, Itens a Receber 1..
18:49:29 | Player [Romarinho] | --------------------------------------.
18:51:26 | Player [Mantus Infernalty] | Processando 1 itens a entregar....
18:51:26 | Player [Mantus Infernalty] | Item Data: {"log_id":21,"item_count":1,"item_id":12690,"item_name":"Premium Ticket - 1 mes","use_present":true,"item_action_id":0}.
18:51:26 | Player [Mantus Infernalty] | Item Data Entregue com sucesso: {"log_id":21,"item_count":1,"item_id":12690,"item_name":"Premium Ticket - 1 mes","use_present":true,"item_action_id":0}.
18:51:26 | Player [Mantus Infernalty] | Processo concluido. Resultado: Total de itens 1, Itens não recebidos 0, Itens a Receber 1..
18:51:26 | Player [Mantus Infernalty] | --------------------------------------.
18:52:39 | Player [Mantus Infernalty] | Processando 1 itens a entregar....
18:52:39 | Player [Mantus Infernalty] | Item Data: {"log_id":22,"item_count":1,"item_id":12696,"item_name":"Premium Ticket - 1 semana","use_present":true,"item_action_id":0}.
18:52:39 | Player [Mantus Infernalty] | Item Data Entregue com sucesso: {"log_id":22,"item_count":1,"item_id":12696,"item_name":"Premium Ticket - 1 semana","use_present":true,"item_action_id":0}.
18:52:39 | Player [Mantus Infernalty] | Processo concluido. Resultado: Total de itens 1, Itens não recebidos 0, Itens a Receber 1..
18:52:39 | Player [Mantus Infernalty] | --------------------------------------.
21:24:32 | Player [Knight Online] | Processando 1 itens a entregar....
21:24:32 | Player [Knight Online] | Item Data: {"log_id":474,"item_count":1,"item_id":12691,"item_name":"Mage outfit ticket","use_present":true,"item_action_id":"3"}.
21:24:32 | Player [Knight Online] | Item Data Entregue com sucesso: {"log_id":474,"item_count":1,"item_id":12691,"item_name":"Mage outfit ticket","use_present":true,"item_action_id":"3"}.
21:24:32 | Player [Knight Online] | Processo concluido. Resultado: Total de itens 1, Itens não recebidos 0, Itens a Receber 1..
21:24:32 | Player [Knight Online] | --------------------------------------.
22:45:18 | Player [MasterDrunk] | Processando 1 itens a entregar....
22:45:18 | Player [MasterDrunk] | Capacidade esgotada, entregando os itens previamente processados..
22:45:18 | Player [MasterDrunk] | Processo concluido. Resultado: Total de itens 1, Itens não recebidos 0, Itens a Receber 0..
22:45:18 | Player [MasterDrunk] | --------------------------------------.
22:45:35 | Player [MasterDrunk] | Processando 1 itens a entregar....
22:45:35 | Player [MasterDrunk] | Capacidade esgotada, entregando os itens previamente processados..
22:45:35 | Player [MasterDrunk] | Processo concluido. Resultado: Total de itens 1, Itens não recebidos 0, Itens a Receber 0..
22:45:35 | Player [MasterDrunk] | --------------------------------------.
22:45:59 | Player [MasterDrunk] | Processando 1 itens a entregar....
22:45:59 | Player [MasterDrunk] | Capacidade esgotada, entregando os itens previamente processados..
22:45:59 | Player [MasterDrunk] | Processo concluido. Resultado: Total de itens 1, Itens não recebidos 0, Itens a Receber 0..
22:45:59 | Player [MasterDrunk] | --------------------------------------.
22:46:28 | Player [MasterDrunk] | Processando 1 itens a entregar....
22:46:28 | Player [MasterDrunk] | Item Data: {"log_id":475,"item_count":1,"item_id":6132,"item_name":"Soft Boots","use_present":true,"item_action_id":0}.
22:46:28 | Player [MasterDrunk] | Item Data Entregue com sucesso: {"log_id":475,"item_count":1,"item_id":6132,"item_name":"Soft Boots","use_present":true,"item_action_id":0}.
22:46:28 | Player [MasterDrunk] | Processo concluido. Resultado: Total de itens 1, Itens não recebidos 0, Itens a Receber 1..
22:46:28 | Player [MasterDrunk] | --------------------------------------.
22:58:06 | Player [Come Bosta] | Processando 1 itens a entregar....
22:58:06 | Player [Come Bosta] | Item Data: {"log_id":476,"item_count":1,"item_id":12691,"item_name":"Mage outfit ticket","use_present":true,"item_action_id":"3"}.
22:58:06 | Player [Come Bosta] | Item Data Entregue com sucesso: {"log_id":476,"item_count":1,"item_id":12691,"item_name":"Mage outfit ticket","use_present":true,"item_action_id":"3"}.
22:58:06 | Player [Come Bosta] | Processo concluido. Resultado: Total de itens 1, Itens não recebidos 0, Itens a Receber 1..
22:58:06 | Player [Come Bosta] | --------------------------------------.
