04:31:42 | Player [ChefeDeQuadrilhaCrew] | Processando 1 itens a entregar....
04:31:42 | Player [ChefeDeQuadrilhaCrew] | Item Data: {"log_id":273,"item_count":1,"item_id":12696,"item_name":"Premium Ticket - 1 semana","use_present":true,"item_action_id":0}.
04:31:42 | Player [ChefeDeQuadrilhaCrew] | Item Data Entregue com sucesso: {"log_id":273,"item_count":1,"item_id":12696,"item_name":"Premium Ticket - 1 semana","use_present":true,"item_action_id":0}.
04:31:42 | Player [ChefeDeQuadrilhaCrew] | Processo concluido. Resultado: Total de itens 1, Itens não recebidos 0, Itens a Receber 1..
04:31:42 | Player [ChefeDeQuadrilhaCrew] | --------------------------------------.
13:31:35 | Player [Jaum Bornes] | Processando 1 itens a entregar....
13:31:35 | Player [Jaum Bornes] | Item Data: {"log_id":274,"item_count":1,"item_id":12696,"item_name":"Premium Ticket - 1 semana","use_present":true,"item_action_id":0}.
13:31:35 | Player [Jaum Bornes] | Item Data Entregue com sucesso: {"log_id":274,"item_count":1,"item_id":12696,"item_name":"Premium Ticket - 1 semana","use_present":true,"item_action_id":0}.
13:31:35 | Player [Jaum Bornes] | Processo concluido. Resultado: Total de itens 1, Itens não recebidos 0, Itens a Receber 1..
13:31:35 | Player [Jaum Bornes] | --------------------------------------.
21:10:02 | Player [Andre Imortal] | Processando 1 itens a entregar....
21:10:02 | Player [Andre Imortal] | Item Data: {"log_id":278,"item_count":1,"item_id":12696,"item_name":"Premium Ticket - 1 semana","use_present":true,"item_action_id":0}.
21:10:02 | Player [Andre Imortal] | Item Data Entregue com sucesso: {"log_id":278,"item_count":1,"item_id":12696,"item_name":"Premium Ticket - 1 semana","use_present":true,"item_action_id":0}.
21:10:03 | Player [Andre Imortal] | Processo concluido. Resultado: Total de itens 1, Itens não recebidos 0, Itens a Receber 1..
21:10:03 | Player [Andre Imortal] | --------------------------------------.
21:47:33 | Player [Waxkordon] | Processando 1 itens a entregar....
21:47:33 | Player [Waxkordon] | Item Data: {"log_id":279,"item_count":1,"item_id":12690,"item_name":"Premium Ticket - 1 mes","use_present":true,"item_action_id":0}.
21:47:33 | Player [Waxkordon] | Item Data Entregue com sucesso: {"log_id":279,"item_count":1,"item_id":12690,"item_name":"Premium Ticket - 1 mes","use_present":true,"item_action_id":0}.
21:47:33 | Player [Waxkordon] | Processo concluido. Resultado: Total de itens 1, Itens não recebidos 0, Itens a Receber 1..
21:47:33 | Player [Waxkordon] | --------------------------------------.
21:49:24 | Player [Skoll Beats] | Processando 3 itens a entregar....
21:49:24 | Player [Skoll Beats] | Item Data: {"log_id":275,"item_count":1,"item_id":12696,"item_name":"Premium Ticket - 1 semana","use_present":true,"item_action_id":0}.
21:49:24 | Player [Skoll Beats] | Item Data: {"log_id":276,"item_count":1,"item_id":12696,"item_name":"Premium Ticket - 1 semana","use_present":true,"item_action_id":0}.
21:49:24 | Player [Skoll Beats] | Item Data: {"log_id":277,"item_count":1,"item_id":12696,"item_name":"Premium Ticket - 1 semana","use_present":true,"item_action_id":0}.
21:49:24 | Player [Skoll Beats] | Item Data Entregue com sucesso: {"log_id":275,"item_count":1,"item_id":12696,"item_name":"Premium Ticket - 1 semana","use_present":true,"item_action_id":0}.
21:49:24 | Player [Skoll Beats] | Item Data Entregue com sucesso: {"log_id":276,"item_count":1,"item_id":12696,"item_name":"Premium Ticket - 1 semana","use_present":true,"item_action_id":0}.
21:49:24 | Player [Skoll Beats] | Item Data Entregue com sucesso: {"log_id":277,"item_count":1,"item_id":12696,"item_name":"Premium Ticket - 1 semana","use_present":true,"item_action_id":0}.
21:49:24 | Player [Skoll Beats] | Processo concluido. Resultado: Total de itens 3, Itens não recebidos 0, Itens a Receber 3..
21:49:24 | Player [Skoll Beats] | --------------------------------------.
