00:34:37 | Player [Sisbo] | Processando 1 itens a entregar....
00:34:37 | Player [Sisbo] | Item Data: {"log_id":447,"item_count":1,"item_id":12696,"item_name":"Premium Ticket - 1 semana","use_present":true,"item_action_id":0}.
00:34:37 | Player [Sisbo] | Item Data Entregue com sucesso: {"log_id":447,"item_count":1,"item_id":12696,"item_name":"Premium Ticket - 1 semana","use_present":true,"item_action_id":0}.
00:34:37 | Player [Sisbo] | Processo concluido. Resultado: Total de itens 1, Itens não recebidos 0, Itens a Receber 1..
00:34:37 | Player [Sisbo] | --------------------------------------.
13:10:14 | Player [Abnadabe] | Processando 1 itens a entregar....
13:10:14 | Player [Abnadabe] | Item Data: {"log_id":448,"item_count":1,"item_id":12696,"item_name":"Premium Ticket - 1 semana","use_present":true,"item_action_id":0}.
13:10:14 | Player [Abnadabe] | Item Data Entregue com sucesso: {"log_id":448,"item_count":1,"item_id":12696,"item_name":"Premium Ticket - 1 semana","use_present":true,"item_action_id":0}.
13:10:14 | Player [Abnadabe] | Processo concluido. Resultado: Total de itens 1, Itens não recebidos 0, Itens a Receber 1..
13:10:14 | Player [Abnadabe] | --------------------------------------.
18:33:32 | Player [Eternal Oblivion] | Processando 1 itens a entregar....
18:33:32 | Player [Eternal Oblivion] | Item Data: {"log_id":449,"item_count":1,"item_id":12696,"item_name":"Premium Ticket - 1 semana","use_present":true,"item_action_id":0}.
18:33:32 | Player [Eternal Oblivion] | Item Data Entregue com sucesso: {"log_id":449,"item_count":1,"item_id":12696,"item_name":"Premium Ticket - 1 semana","use_present":true,"item_action_id":0}.
18:33:32 | Player [Eternal Oblivion] | Processo concluido. Resultado: Total de itens 1, Itens não recebidos 0, Itens a Receber 1..
18:33:32 | Player [Eternal Oblivion] | --------------------------------------.
18:35:48 | Player [Eternal Oblivion] | Processando 1 itens a entregar....
18:35:48 | Player [Eternal Oblivion] | Item Data: {"log_id":450,"item_count":1,"item_id":12696,"item_name":"Premium Ticket - 1 semana","use_present":true,"item_action_id":0}.
18:35:48 | Player [Eternal Oblivion] | Item Data Entregue com sucesso: {"log_id":450,"item_count":1,"item_id":12696,"item_name":"Premium Ticket - 1 semana","use_present":true,"item_action_id":0}.
18:35:48 | Player [Eternal Oblivion] | Processo concluido. Resultado: Total de itens 1, Itens não recebidos 0, Itens a Receber 1..
18:35:48 | Player [Eternal Oblivion] | --------------------------------------.
