14:36:02 | Player [Waxkordon] | Processando 1 itens a entregar....
14:36:02 | Player [Waxkordon] | Item Data: {"log_id":280,"item_count":1,"item_id":12696,"item_name":"Premium Ticket - 1 semana","use_present":true,"item_action_id":0}.
14:36:02 | Player [Waxkordon] | Item Data Entregue com sucesso: {"log_id":280,"item_count":1,"item_id":12696,"item_name":"Premium Ticket - 1 semana","use_present":true,"item_action_id":0}.
14:36:02 | Player [Waxkordon] | Processo concluido. Resultado: Total de itens 1, Itens não recebidos 0, Itens a Receber 1..
14:36:02 | Player [Waxkordon] | --------------------------------------.
22:40:56 | Player [Andre Imortal] | Processando 10 itens a entregar....
22:40:57 | Player [Andre Imortal] | Item Data: {"log_id":281,"item_count":1,"item_id":12696,"item_name":"Premium Ticket - 1 semana","use_present":true,"item_action_id":0}.
22:40:57 | Player [Andre Imortal] | Item Data: {"log_id":282,"item_count":1,"item_id":12690,"item_name":"Premium Ticket - 1 mes","use_present":true,"item_action_id":0}.
22:40:57 | Player [Andre Imortal] | Item Data: {"log_id":283,"item_count":1,"item_id":12690,"item_name":"Premium Ticket - 1 mes","use_present":true,"item_action_id":0}.
22:40:57 | Player [Andre Imortal] | Item Data: {"log_id":284,"item_count":1,"item_id":12690,"item_name":"Premium Ticket - 1 mes","use_present":true,"item_action_id":0}.
22:40:57 | Player [Andre Imortal] | Item Data: {"log_id":285,"item_count":1,"item_id":12696,"item_name":"Premium Ticket - 1 semana","use_present":true,"item_action_id":0}.
22:40:57 | Player [Andre Imortal] | Item Data: {"log_id":286,"item_count":1,"item_id":12696,"item_name":"Premium Ticket - 1 semana","use_present":true,"item_action_id":0}.
22:40:57 | Player [Andre Imortal] | Item Data: {"log_id":287,"item_count":1,"item_id":12696,"item_name":"Premium Ticket - 1 semana","use_present":true,"item_action_id":0}.
22:40:57 | Player [Andre Imortal] | Item Data: {"log_id":288,"item_count":1,"item_id":12696,"item_name":"Premium Ticket - 1 semana","use_present":true,"item_action_id":0}.
22:40:57 | Player [Andre Imortal] | Item Data: {"log_id":289,"item_count":1,"item_id":12696,"item_name":"Premium Ticket - 1 semana","use_present":true,"item_action_id":0}.
22:40:57 | Player [Andre Imortal] | Item Data: {"log_id":290,"item_count":1,"item_id":12696,"item_name":"Premium Ticket - 1 semana","use_present":true,"item_action_id":0}.
22:40:57 | Player [Andre Imortal] | Item Data Entregue com sucesso: {"log_id":281,"item_count":1,"item_id":12696,"item_name":"Premium Ticket - 1 semana","use_present":true,"item_action_id":0}.
22:40:57 | Player [Andre Imortal] | Item Data Entregue com sucesso: {"log_id":282,"item_count":1,"item_id":12690,"item_name":"Premium Ticket - 1 mes","use_present":true,"item_action_id":0}.
22:40:57 | Player [Andre Imortal] | Item Data Entregue com sucesso: {"log_id":283,"item_count":1,"item_id":12690,"item_name":"Premium Ticket - 1 mes","use_present":true,"item_action_id":0}.
22:40:57 | Player [Andre Imortal] | Item Data Entregue com sucesso: {"log_id":284,"item_count":1,"item_id":12690,"item_name":"Premium Ticket - 1 mes","use_present":true,"item_action_id":0}.
22:40:57 | Player [Andre Imortal] | Item Data Entregue com sucesso: {"log_id":285,"item_count":1,"item_id":12696,"item_name":"Premium Ticket - 1 semana","use_present":true,"item_action_id":0}.
22:40:57 | Player [Andre Imortal] | Item Data Entregue com sucesso: {"log_id":286,"item_count":1,"item_id":12696,"item_name":"Premium Ticket - 1 semana","use_present":true,"item_action_id":0}.
22:40:57 | Player [Andre Imortal] | Item Data Entregue com sucesso: {"log_id":287,"item_count":1,"item_id":12696,"item_name":"Premium Ticket - 1 semana","use_present":true,"item_action_id":0}.
22:40:57 | Player [Andre Imortal] | Item Data Entregue com sucesso: {"log_id":288,"item_count":1,"item_id":12696,"item_name":"Premium Ticket - 1 semana","use_present":true,"item_action_id":0}.
22:40:57 | Player [Andre Imortal] | Item Data Entregue com sucesso: {"log_id":289,"item_count":1,"item_id":12696,"item_name":"Premium Ticket - 1 semana","use_present":true,"item_action_id":0}.
22:40:57 | Player [Andre Imortal] | Item Data Entregue com sucesso: {"log_id":290,"item_count":1,"item_id":12696,"item_name":"Premium Ticket - 1 semana","use_present":true,"item_action_id":0}.
22:40:57 | Player [Andre Imortal] | Processo concluido. Resultado: Total de itens 10, Itens não recebidos 0, Itens a Receber 10..
22:40:57 | Player [Andre Imortal] | --------------------------------------.
22:47:44 | Player [Dig Din] | Processando 1 itens a entregar....
22:47:44 | Player [Dig Din] | Item Data: {"log_id":291,"item_count":1,"item_id":12696,"item_name":"Premium Ticket - 1 semana","use_present":true,"item_action_id":0}.
22:47:44 | Player [Dig Din] | Item Data Entregue com sucesso: {"log_id":291,"item_count":1,"item_id":12696,"item_name":"Premium Ticket - 1 semana","use_present":true,"item_action_id":0}.
22:47:44 | Player [Dig Din] | Processo concluido. Resultado: Total de itens 1, Itens não recebidos 0, Itens a Receber 1..
22:47:44 | Player [Dig Din] | --------------------------------------.
