11:53:02 | Player [Phoeniks] | Processando 3 itens a entregar....
11:53:03 | Player [Phoeniks] | Item Data: {"log_id":451,"item_count":1,"item_id":12690,"item_name":"Premium Ticket - 1 mes","use_present":true,"item_action_id":0}.
11:53:03 | Player [Phoeniks] | Item Data: {"log_id":456,"item_count":1,"item_id":12696,"item_name":"Premium Ticket - 1 semana","use_present":true,"item_action_id":0}.
11:53:03 | Player [Phoeniks] | Item Data: {"log_id":457,"item_count":1,"item_id":12696,"item_name":"Premium Ticket - 1 semana","use_present":true,"item_action_id":0}.
11:53:03 | Player [Phoeniks] | Item Data Entregue com sucesso: {"log_id":451,"item_count":1,"item_id":12690,"item_name":"Premium Ticket - 1 mes","use_present":true,"item_action_id":0}.
11:53:03 | Player [Phoeniks] | Item Data Entregue com sucesso: {"log_id":456,"item_count":1,"item_id":12696,"item_name":"Premium Ticket - 1 semana","use_present":true,"item_action_id":0}.
11:53:03 | Player [Phoeniks] | Item Data Entregue com sucesso: {"log_id":457,"item_count":1,"item_id":12696,"item_name":"Premium Ticket - 1 semana","use_present":true,"item_action_id":0}.
11:53:03 | Player [Phoeniks] | Processo concluido. Resultado: Total de itens 3, Itens não recebidos 0, Itens a Receber 3..
11:53:03 | Player [Phoeniks] | --------------------------------------.
11:53:40 | Player [Lessek] | Processando 2 itens a entregar....
11:53:40 | Player [Lessek] | Item Data: {"log_id":453,"item_count":1,"item_id":12696,"item_name":"Premium Ticket - 1 semana","use_present":true,"item_action_id":0}.
11:53:40 | Player [Lessek] | Item Data: {"log_id":455,"item_count":1,"item_id":12696,"item_name":"Premium Ticket - 1 semana","use_present":true,"item_action_id":0}.
11:53:40 | Player [Lessek] | Item Data Entregue com sucesso: {"log_id":453,"item_count":1,"item_id":12696,"item_name":"Premium Ticket - 1 semana","use_present":true,"item_action_id":0}.
11:53:40 | Player [Lessek] | Item Data Entregue com sucesso: {"log_id":455,"item_count":1,"item_id":12696,"item_name":"Premium Ticket - 1 semana","use_present":true,"item_action_id":0}.
11:53:40 | Player [Lessek] | Processo concluido. Resultado: Total de itens 2, Itens não recebidos 0, Itens a Receber 2..
11:53:40 | Player [Lessek] | --------------------------------------.
11:53:54 | Player [Nudox] | Processando 1 itens a entregar....
11:53:54 | Player [Nudox] | Item Data: {"log_id":452,"item_count":1,"item_id":12690,"item_name":"Premium Ticket - 1 mes","use_present":true,"item_action_id":0}.
11:53:54 | Player [Nudox] | Item Data Entregue com sucesso: {"log_id":452,"item_count":1,"item_id":12690,"item_name":"Premium Ticket - 1 mes","use_present":true,"item_action_id":0}.
11:53:54 | Player [Nudox] | Processo concluido. Resultado: Total de itens 1, Itens não recebidos 0, Itens a Receber 1..
11:53:54 | Player [Nudox] | --------------------------------------.
11:54:00 | Player [Mestre Kame] | Processando 1 itens a entregar....
11:54:00 | Player [Mestre Kame] | Item Data: {"log_id":454,"item_count":1,"item_id":12696,"item_name":"Premium Ticket - 1 semana","use_present":true,"item_action_id":0}.
11:54:00 | Player [Mestre Kame] | Item Data Entregue com sucesso: {"log_id":454,"item_count":1,"item_id":12696,"item_name":"Premium Ticket - 1 semana","use_present":true,"item_action_id":0}.
11:54:00 | Player [Mestre Kame] | Processo concluido. Resultado: Total de itens 1, Itens não recebidos 0, Itens a Receber 1..
11:54:00 | Player [Mestre Kame] | --------------------------------------.
12:46:58 | Player [Eternal Oblivion] | Processando 1 itens a entregar....
12:46:58 | Player [Eternal Oblivion] | Item Data: {"log_id":458,"item_count":1,"item_id":12696,"item_name":"Premium Ticket - 1 semana","use_present":true,"item_action_id":0}.
12:46:58 | Player [Eternal Oblivion] | Item Data Entregue com sucesso: {"log_id":458,"item_count":1,"item_id":12696,"item_name":"Premium Ticket - 1 semana","use_present":true,"item_action_id":0}.
12:46:58 | Player [Eternal Oblivion] | Processo concluido. Resultado: Total de itens 1, Itens não recebidos 0, Itens a Receber 1..
12:46:58 | Player [Eternal Oblivion] | --------------------------------------.
13:00:38 | Player [Vespah] | Processando 1 itens a entregar....
13:00:38 | Player [Vespah] | Item Data: {"log_id":4108,"item_count":1,"item_id":6132,"item_name":"Soft Boots","use_present":true,"item_action_id":0}.
13:00:38 | Player [Vespah] | Item Data Entregue com sucesso: {"log_id":4108,"item_count":1,"item_id":6132,"item_name":"Soft Boots","use_present":true,"item_action_id":0}.
13:00:38 | Player [Vespah] | Processo concluido. Resultado: Total de itens 1, Itens não recebidos 0, Itens a Receber 1..
13:00:38 | Player [Vespah] | --------------------------------------.
