09:06:42 | Player [Lava Brutal] | Processando 1 itens a entregar....
09:06:42 | Player [Lava Brutal] | Item Data: {"log_id":34,"item_count":1,"item_id":12696,"item_name":"Premium Ticket - 1 semana","use_present":true,"item_action_id":0}.
09:06:42 | Player [Lava Brutal] | Item Data Entregue com sucesso: {"log_id":34,"item_count":1,"item_id":12696,"item_name":"Premium Ticket - 1 semana","use_present":true,"item_action_id":0}.
09:06:42 | Player [Lava Brutal] | Processo concluido. Resultado: Total de itens 1, Itens não recebidos 0, Itens a Receber 1..
09:06:42 | Player [Lava Brutal] | --------------------------------------.
09:50:52 | Player [Lava Brutal] | Processando 1 itens a entregar....
09:50:52 | Player [Lava Brutal] | Item Data: {"log_id":35,"item_count":1,"item_id":12696,"item_name":"Premium Ticket - 1 semana","use_present":true,"item_action_id":0}.
09:50:52 | Player [Lava Brutal] | Item Data Entregue com sucesso: {"log_id":35,"item_count":1,"item_id":12696,"item_name":"Premium Ticket - 1 semana","use_present":true,"item_action_id":0}.
09:50:53 | Player [Lava Brutal] | Processo concluido. Resultado: Total de itens 1, Itens não recebidos 0, Itens a Receber 1..
09:50:53 | Player [Lava Brutal] | --------------------------------------.
20:40:00 | Player [Daniela] | Processando 3 itens a entregar....
20:40:00 | Player [Daniela] | Item Data: {"log_id":36,"item_count":1,"item_id":12696,"item_name":"Premium Ticket - 1 semana","use_present":true,"item_action_id":0}.
20:40:00 | Player [Daniela] | Item Data: {"log_id":37,"item_count":1,"item_id":12696,"item_name":"Premium Ticket - 1 semana","use_present":true,"item_action_id":0}.
20:40:00 | Player [Daniela] | Item Data: {"log_id":38,"item_count":1,"item_id":12696,"item_name":"Premium Ticket - 1 semana","use_present":true,"item_action_id":0}.
20:40:00 | Player [Daniela] | Item Data Entregue com sucesso: {"log_id":36,"item_count":1,"item_id":12696,"item_name":"Premium Ticket - 1 semana","use_present":true,"item_action_id":0}.
20:40:00 | Player [Daniela] | Item Data Entregue com sucesso: {"log_id":37,"item_count":1,"item_id":12696,"item_name":"Premium Ticket - 1 semana","use_present":true,"item_action_id":0}.
20:40:00 | Player [Daniela] | Item Data Entregue com sucesso: {"log_id":38,"item_count":1,"item_id":12696,"item_name":"Premium Ticket - 1 semana","use_present":true,"item_action_id":0}.
20:40:01 | Player [Daniela] | Processo concluido. Resultado: Total de itens 3, Itens não recebidos 0, Itens a Receber 3..
20:40:01 | Player [Daniela] | --------------------------------------.
12:43:13 | Player [Kryozin] | Processando 3 itens a entregar....
12:43:13 | Player [Kryozin] | Item Data: {"log_id":477,"item_count":1,"item_id":12649,"item_name":"Blade of Corruption","use_present":true,"item_action_id":0}.
12:43:13 | Player [Kryozin] | Item Data: {"log_id":478,"item_count":1,"item_id":12691,"item_name":"Warrior outfit ticket","use_present":true,"item_action_id":"7"}.
12:43:13 | Player [Kryozin] | Item Data: {"log_id":479,"item_count":1,"item_id":10513,"item_name":"Squeezing Gear of Girlpower","use_present":true,"item_action_id":0}.
12:43:13 | Player [Kryozin] | Item Data Entregue com sucesso: {"log_id":477,"item_count":1,"item_id":12649,"item_name":"Blade of Corruption","use_present":true,"item_action_id":0}.
12:43:14 | Player [Kryozin] | Item Data Entregue com sucesso: {"log_id":478,"item_count":1,"item_id":12691,"item_name":"Warrior outfit ticket","use_present":true,"item_action_id":"7"}.
12:43:14 | Player [Kryozin] | Item Data Entregue com sucesso: {"log_id":479,"item_count":1,"item_id":10513,"item_name":"Squeezing Gear of Girlpower","use_present":true,"item_action_id":0}.
12:43:14 | Player [Kryozin] | Processo concluido. Resultado: Total de itens 3, Itens não recebidos 0, Itens a Receber 3..
12:43:14 | Player [Kryozin] | --------------------------------------.
16:38:54 | Player [Shadow Of Fire] | Processando 3 itens a entregar....
16:38:54 | Player [Shadow Of Fire] | Item Data: {"log_id":480,"item_count":1,"item_id":6132,"item_name":"Soft Boots","use_present":true,"item_action_id":0}.
16:38:54 | Player [Shadow Of Fire] | Item Data: {"log_id":481,"item_count":100,"item_id":2160,"item_name":"Crystal Coin","use_present":true,"item_action_id":0}.
16:38:54 | Player [Shadow Of Fire] | Item Data: {"log_id":482,"item_count":100,"item_id":2160,"item_name":"Crystal Coin","use_present":true,"item_action_id":0}.
16:38:54 | Player [Shadow Of Fire] | Item Data Entregue com sucesso: {"log_id":480,"item_count":1,"item_id":6132,"item_name":"Soft Boots","use_present":true,"item_action_id":0}.
16:38:54 | Player [Shadow Of Fire] | Item Data Entregue com sucesso: {"log_id":481,"item_count":100,"item_id":2160,"item_name":"Crystal Coin","use_present":true,"item_action_id":0}.
16:38:54 | Player [Shadow Of Fire] | Item Data Entregue com sucesso: {"log_id":482,"item_count":100,"item_id":2160,"item_name":"Crystal Coin","use_present":true,"item_action_id":0}.
16:38:54 | Player [Shadow Of Fire] | Processo concluido. Resultado: Total de itens 3, Itens não recebidos 0, Itens a Receber 3..
16:38:54 | Player [Shadow Of Fire] | --------------------------------------.
19:22:32 | Player [Come Bosta] | Processando 1 itens a entregar....
19:22:32 | Player [Come Bosta] | Item Data: {"log_id":483,"item_count":1,"item_id":6132,"item_name":"Soft Boots","use_present":true,"item_action_id":0}.
19:22:32 | Player [Come Bosta] | Item Data Entregue com sucesso: {"log_id":483,"item_count":1,"item_id":6132,"item_name":"Soft Boots","use_present":true,"item_action_id":0}.
19:22:32 | Player [Come Bosta] | Processo concluido. Resultado: Total de itens 1, Itens não recebidos 0, Itens a Receber 1..
19:22:32 | Player [Come Bosta] | --------------------------------------.
