07:39:57 | Player [Aluucard] | Processando 1 itens a entregar....
07:39:57 | Player [Aluucard] | Item Data: {"log_id":292,"item_count":1,"item_id":12696,"item_name":"Premium Ticket - 1 semana","use_present":true,"item_action_id":0}.
07:39:57 | Player [Aluucard] | Item Data Entregue com sucesso: {"log_id":292,"item_count":1,"item_id":12696,"item_name":"Premium Ticket - 1 semana","use_present":true,"item_action_id":0}.
07:39:57 | Player [Aluucard] | Processo concluido. Resultado: Total de itens 1, Itens não recebidos 0, Itens a Receber 1..
07:39:57 | Player [Aluucard] | --------------------------------------.
13:01:43 | Player [Waxkordon] | Processando 1 itens a entregar....
13:01:43 | Player [Waxkordon] | Item Data: {"log_id":293,"item_count":1,"item_id":12696,"item_name":"Premium Ticket - 1 semana","use_present":true,"item_action_id":0}.
13:01:43 | Player [Waxkordon] | Item Data Entregue com sucesso: {"log_id":293,"item_count":1,"item_id":12696,"item_name":"Premium Ticket - 1 semana","use_present":true,"item_action_id":0}.
13:01:43 | Player [Waxkordon] | Processo concluido. Resultado: Total de itens 1, Itens não recebidos 0, Itens a Receber 1..
13:01:43 | Player [Waxkordon] | --------------------------------------.
13:26:07 | Player [Maria Chiquinha] | Processando 1 itens a entregar....
13:26:07 | Player [Maria Chiquinha] | Item Data: {"log_id":294,"item_count":1,"item_id":12696,"item_name":"Premium Ticket - 1 semana","use_present":true,"item_action_id":0}.
13:26:07 | Player [Maria Chiquinha] | Item Data Entregue com sucesso: {"log_id":294,"item_count":1,"item_id":12696,"item_name":"Premium Ticket - 1 semana","use_present":true,"item_action_id":0}.
13:26:07 | Player [Maria Chiquinha] | Processo concluido. Resultado: Total de itens 1, Itens não recebidos 0, Itens a Receber 1..
13:26:07 | Player [Maria Chiquinha] | --------------------------------------.
14:09:32 | Player [Diretoria Makelele] | Processando 1 itens a entregar....
14:09:32 | Player [Diretoria Makelele] | Item Data: {"log_id":295,"item_count":1,"item_id":12696,"item_name":"Premium Ticket - 1 semana","use_present":true,"item_action_id":0}.
14:09:32 | Player [Diretoria Makelele] | Item Data Entregue com sucesso: {"log_id":295,"item_count":1,"item_id":12696,"item_name":"Premium Ticket - 1 semana","use_present":true,"item_action_id":0}.
14:09:33 | Player [Diretoria Makelele] | Processo concluido. Resultado: Total de itens 1, Itens não recebidos 0, Itens a Receber 1..
14:09:33 | Player [Diretoria Makelele] | --------------------------------------.
18:35:36 | Player [Dig Din] | Processando 1 itens a entregar....
18:35:36 | Player [Dig Din] | Item Data: {"log_id":296,"item_count":1,"item_id":12696,"item_name":"Premium Ticket - 1 semana","use_present":true,"item_action_id":0}.
18:35:36 | Player [Dig Din] | Item Data Entregue com sucesso: {"log_id":296,"item_count":1,"item_id":12696,"item_name":"Premium Ticket - 1 semana","use_present":true,"item_action_id":0}.
18:35:36 | Player [Dig Din] | Processo concluido. Resultado: Total de itens 1, Itens não recebidos 0, Itens a Receber 1..
18:35:36 | Player [Dig Din] | --------------------------------------.
19:19:27 | Player [Lava Brutal] | Processando 2 itens a entregar....
19:19:27 | Player [Lava Brutal] | Item Data: {"log_id":297,"item_count":1,"item_id":12696,"item_name":"Premium Ticket - 1 semana","use_present":true,"item_action_id":0}.
19:19:27 | Player [Lava Brutal] | Item Data: {"log_id":298,"item_count":1,"item_id":12696,"item_name":"Premium Ticket - 1 semana","use_present":true,"item_action_id":0}.
19:19:27 | Player [Lava Brutal] | Item Data Entregue com sucesso: {"log_id":297,"item_count":1,"item_id":12696,"item_name":"Premium Ticket - 1 semana","use_present":true,"item_action_id":0}.
19:19:27 | Player [Lava Brutal] | Item Data Entregue com sucesso: {"log_id":298,"item_count":1,"item_id":12696,"item_name":"Premium Ticket - 1 semana","use_present":true,"item_action_id":0}.
19:19:27 | Player [Lava Brutal] | Processo concluido. Resultado: Total de itens 2, Itens não recebidos 0, Itens a Receber 2..
19:19:27 | Player [Lava Brutal] | --------------------------------------.
20:26:13 | Player [Mantus Infernalty] | Processando 3 itens a entregar....
20:26:13 | Player [Mantus Infernalty] | Item Data: {"log_id":299,"item_count":1,"item_id":12690,"item_name":"Premium Ticket - 1 mes","use_present":true,"item_action_id":0}.
20:26:13 | Player [Mantus Infernalty] | Item Data: {"log_id":300,"item_count":1,"item_id":12696,"item_name":"Premium Ticket - 1 semana","use_present":true,"item_action_id":0}.
20:26:13 | Player [Mantus Infernalty] | Item Data: {"log_id":301,"item_count":1,"item_id":12696,"item_name":"Premium Ticket - 1 semana","use_present":true,"item_action_id":0}.
20:26:13 | Player [Mantus Infernalty] | Item Data Entregue com sucesso: {"log_id":299,"item_count":1,"item_id":12690,"item_name":"Premium Ticket - 1 mes","use_present":true,"item_action_id":0}.
20:26:13 | Player [Mantus Infernalty] | Item Data Entregue com sucesso: {"log_id":300,"item_count":1,"item_id":12696,"item_name":"Premium Ticket - 1 semana","use_present":true,"item_action_id":0}.
20:26:13 | Player [Mantus Infernalty] | Item Data Entregue com sucesso: {"log_id":301,"item_count":1,"item_id":12696,"item_name":"Premium Ticket - 1 semana","use_present":true,"item_action_id":0}.
20:26:13 | Player [Mantus Infernalty] | Processo concluido. Resultado: Total de itens 3, Itens não recebidos 0, Itens a Receber 3..
20:26:13 | Player [Mantus Infernalty] | --------------------------------------.
