03:10:21 | Player [Caprikornio Spence] | Processando 1 itens a entregar....
03:10:21 | Player [Caprikornio Spence] | Item Data: {"log_id":39,"item_count":1,"item_id":12696,"item_name":"Premium Ticket - 1 semana","use_present":true,"item_action_id":0}.
03:10:21 | Player [Caprikornio Spence] | Item Data Entregue com sucesso: {"log_id":39,"item_count":1,"item_id":12696,"item_name":"Premium Ticket - 1 semana","use_present":true,"item_action_id":0}.
03:10:21 | Player [Caprikornio Spence] | Processo concluido. Resultado: Total de itens 1, Itens não recebidos 0, Itens a Receber 1..
03:10:21 | Player [Caprikornio Spence] | --------------------------------------.
06:59:34 | Player [Nobote] | Processando 6 itens a entregar....
06:59:34 | Player [Nobote] | Item Data: {"log_id":484,"item_count":100,"item_id":2160,"item_name":"Crystal Coin","use_present":true,"item_action_id":0}.
06:59:34 | Player [Nobote] | Item Data: {"log_id":485,"item_count":100,"item_id":2160,"item_name":"Crystal Coin","use_present":true,"item_action_id":0}.
06:59:34 | Player [Nobote] | Item Data: {"log_id":486,"item_count":100,"item_id":2160,"item_name":"Crystal Coin","use_present":true,"item_action_id":0}.
06:59:34 | Player [Nobote] | Item Data: {"log_id":487,"item_count":100,"item_id":2160,"item_name":"Crystal Coin","use_present":true,"item_action_id":0}.
06:59:34 | Player [Nobote] | Item Data: {"log_id":488,"item_count":100,"item_id":2160,"item_name":"Crystal Coin","use_present":true,"item_action_id":0}.
06:59:34 | Player [Nobote] | Item Data: {"log_id":489,"item_count":100,"item_id":2160,"item_name":"Crystal Coin","use_present":true,"item_action_id":0}.
06:59:34 | Player [Nobote] | Item Data Entregue com sucesso: {"log_id":484,"item_count":100,"item_id":2160,"item_name":"Crystal Coin","use_present":true,"item_action_id":0}.
06:59:34 | Player [Nobote] | Item Data Entregue com sucesso: {"log_id":485,"item_count":100,"item_id":2160,"item_name":"Crystal Coin","use_present":true,"item_action_id":0}.
06:59:34 | Player [Nobote] | Item Data Entregue com sucesso: {"log_id":486,"item_count":100,"item_id":2160,"item_name":"Crystal Coin","use_present":true,"item_action_id":0}.
06:59:34 | Player [Nobote] | Item Data Entregue com sucesso: {"log_id":487,"item_count":100,"item_id":2160,"item_name":"Crystal Coin","use_present":true,"item_action_id":0}.
06:59:35 | Player [Nobote] | Item Data Entregue com sucesso: {"log_id":488,"item_count":100,"item_id":2160,"item_name":"Crystal Coin","use_present":true,"item_action_id":0}.
06:59:35 | Player [Nobote] | Item Data Entregue com sucesso: {"log_id":489,"item_count":100,"item_id":2160,"item_name":"Crystal Coin","use_present":true,"item_action_id":0}.
06:59:35 | Player [Nobote] | Processo concluido. Resultado: Total de itens 6, Itens não recebidos 0, Itens a Receber 6..
06:59:35 | Player [Nobote] | --------------------------------------.
19:23:55 | Player [Rymno] | Processando 1 itens a entregar....
19:23:55 | Player [Rymno] | Item Data: {"log_id":490,"item_count":1,"item_id":6132,"item_name":"Soft Boots","use_present":true,"item_action_id":0}.
19:23:55 | Player [Rymno] | Item Data Entregue com sucesso: {"log_id":490,"item_count":1,"item_id":6132,"item_name":"Soft Boots","use_present":true,"item_action_id":0}.
19:23:55 | Player [Rymno] | Processo concluido. Resultado: Total de itens 1, Itens não recebidos 0, Itens a Receber 1..
19:23:55 | Player [Rymno] | --------------------------------------.
