00:58:59 | Player [Eskimo] | Processando 1 itens a entregar....
00:58:59 | Player [Eskimo] | Item Data: {"log_id":40,"item_count":1,"item_id":12696,"item_name":"Premium Ticket - 1 semana","use_present":true,"item_action_id":0}.
00:58:59 | Player [Eskimo] | Item Data Entregue com sucesso: {"log_id":40,"item_count":1,"item_id":12696,"item_name":"Premium Ticket - 1 semana","use_present":true,"item_action_id":0}.
00:58:59 | Player [Eskimo] | Processo concluido. Resultado: Total de itens 1, Itens não recebidos 0, Itens a Receber 1..
00:58:59 | Player [Eskimo] | --------------------------------------.
13:21:16 | Player [Romarinho] | Processando 1 itens a entregar....
13:21:16 | Player [Romarinho] | Item Data: {"log_id":41,"item_count":1,"item_id":12696,"item_name":"Premium Ticket - 1 semana","use_present":true,"item_action_id":0}.
13:21:16 | Player [Romarinho] | Item Data Entregue com sucesso: {"log_id":41,"item_count":1,"item_id":12696,"item_name":"Premium Ticket - 1 semana","use_present":true,"item_action_id":0}.
13:21:16 | Player [Romarinho] | Processo concluido. Resultado: Total de itens 1, Itens não recebidos 0, Itens a Receber 1..
13:21:16 | Player [Romarinho] | --------------------------------------.
14:11:32 | Player [SoldierJahArmy] | Processando 5 itens a entregar....
14:11:32 | Player [SoldierJahArmy] | Item Data: {"log_id":42,"item_count":1,"item_id":12690,"item_name":"Premium Ticket - 1 mes","use_present":true,"item_action_id":0}.
14:11:32 | Player [SoldierJahArmy] | Item Data: {"log_id":43,"item_count":1,"item_id":12690,"item_name":"Premium Ticket - 1 mes","use_present":true,"item_action_id":0}.
14:11:32 | Player [SoldierJahArmy] | Item Data: {"log_id":44,"item_count":1,"item_id":12696,"item_name":"Premium Ticket - 1 semana","use_present":true,"item_action_id":0}.
14:11:32 | Player [SoldierJahArmy] | Item Data: {"log_id":45,"item_count":1,"item_id":12696,"item_name":"Premium Ticket - 1 semana","use_present":true,"item_action_id":0}.
14:11:32 | Player [SoldierJahArmy] | Item Data: {"log_id":46,"item_count":1,"item_id":12696,"item_name":"Premium Ticket - 1 semana","use_present":true,"item_action_id":0}.
14:11:32 | Player [SoldierJahArmy] | Item Data Entregue com sucesso: {"log_id":42,"item_count":1,"item_id":12690,"item_name":"Premium Ticket - 1 mes","use_present":true,"item_action_id":0}.
14:11:32 | Player [SoldierJahArmy] | Item Data Entregue com sucesso: {"log_id":43,"item_count":1,"item_id":12690,"item_name":"Premium Ticket - 1 mes","use_present":true,"item_action_id":0}.
14:11:32 | Player [SoldierJahArmy] | Item Data Entregue com sucesso: {"log_id":44,"item_count":1,"item_id":12696,"item_name":"Premium Ticket - 1 semana","use_present":true,"item_action_id":0}.
14:11:32 | Player [SoldierJahArmy] | Item Data Entregue com sucesso: {"log_id":45,"item_count":1,"item_id":12696,"item_name":"Premium Ticket - 1 semana","use_present":true,"item_action_id":0}.
14:11:32 | Player [SoldierJahArmy] | Item Data Entregue com sucesso: {"log_id":46,"item_count":1,"item_id":12696,"item_name":"Premium Ticket - 1 semana","use_present":true,"item_action_id":0}.
14:11:32 | Player [SoldierJahArmy] | Processo concluido. Resultado: Total de itens 5, Itens não recebidos 0, Itens a Receber 5..
14:11:32 | Player [SoldierJahArmy] | --------------------------------------.
17:38:53 | Player [Lava Brutal] | Processando 1 itens a entregar....
17:38:53 | Player [Lava Brutal] | Item Data: {"log_id":47,"item_count":1,"item_id":12696,"item_name":"Premium Ticket - 1 semana","use_present":true,"item_action_id":0}.
17:38:53 | Player [Lava Brutal] | Item Data Entregue com sucesso: {"log_id":47,"item_count":1,"item_id":12696,"item_name":"Premium Ticket - 1 semana","use_present":true,"item_action_id":0}.
17:38:53 | Player [Lava Brutal] | Processo concluido. Resultado: Total de itens 1, Itens não recebidos 0, Itens a Receber 1..
17:38:53 | Player [Lava Brutal] | --------------------------------------.
21:36:10 | Player [Scysor] | Processando 1 itens a entregar....
21:36:10 | Player [Scysor] | Item Data: {"log_id":48,"item_count":1,"item_id":12696,"item_name":"Premium Ticket - 1 semana","use_present":true,"item_action_id":0}.
21:36:10 | Player [Scysor] | Item Data Entregue com sucesso: {"log_id":48,"item_count":1,"item_id":12696,"item_name":"Premium Ticket - 1 semana","use_present":true,"item_action_id":0}.
21:36:10 | Player [Scysor] | Processo concluido. Resultado: Total de itens 1, Itens não recebidos 0, Itens a Receber 1..
21:36:10 | Player [Scysor] | --------------------------------------.
