09:02:22 | Player [Kurd Axwell] | Processando 1 itens a entregar....
09:02:22 | Player [Kurd Axwell] | Item Data: {"log_id":311,"item_count":1,"item_id":12696,"item_name":"Premium Ticket - 1 semana","use_present":true,"item_action_id":0}.
09:02:22 | Player [Kurd Axwell] | Item Data Entregue com sucesso: {"log_id":311,"item_count":1,"item_id":12696,"item_name":"Premium Ticket - 1 semana","use_present":true,"item_action_id":0}.
09:02:22 | Player [Kurd Axwell] | Processo concluido. Resultado: Total de itens 1, Itens não recebidos 0, Itens a Receber 1..
09:02:22 | Player [Kurd Axwell] | --------------------------------------.
12:56:22 | Player [Sagazrei] | Processando 1 itens a entregar....
12:56:22 | Player [Sagazrei] | Item Data: {"log_id":312,"item_count":1,"item_id":12696,"item_name":"Premium Ticket - 1 semana","use_present":true,"item_action_id":0}.
12:56:22 | Player [Sagazrei] | Item Data Entregue com sucesso: {"log_id":312,"item_count":1,"item_id":12696,"item_name":"Premium Ticket - 1 semana","use_present":true,"item_action_id":0}.
12:56:22 | Player [Sagazrei] | Processo concluido. Resultado: Total de itens 1, Itens não recebidos 0, Itens a Receber 1..
12:56:22 | Player [Sagazrei] | --------------------------------------.
14:13:20 | Player [Cannabis Sativa] | Processando 1 itens a entregar....
14:13:20 | Player [Cannabis Sativa] | Item Data: {"log_id":313,"item_count":1,"item_id":12696,"item_name":"Premium Ticket - 1 semana","use_present":true,"item_action_id":0}.
14:13:20 | Player [Cannabis Sativa] | Item Data Entregue com sucesso: {"log_id":313,"item_count":1,"item_id":12696,"item_name":"Premium Ticket - 1 semana","use_present":true,"item_action_id":0}.
14:13:20 | Player [Cannabis Sativa] | Processo concluido. Resultado: Total de itens 1, Itens não recebidos 0, Itens a Receber 1..
14:13:20 | Player [Cannabis Sativa] | --------------------------------------.
14:13:41 | Player [Cannabis Sativa] | Processando 1 itens a entregar....
14:13:41 | Player [Cannabis Sativa] | Item Data: {"log_id":314,"item_count":1,"item_id":12696,"item_name":"Premium Ticket - 1 semana","use_present":true,"item_action_id":0}.
14:13:41 | Player [Cannabis Sativa] | Item Data Entregue com sucesso: {"log_id":314,"item_count":1,"item_id":12696,"item_name":"Premium Ticket - 1 semana","use_present":true,"item_action_id":0}.
14:13:41 | Player [Cannabis Sativa] | Processo concluido. Resultado: Total de itens 1, Itens não recebidos 0, Itens a Receber 1..
14:13:41 | Player [Cannabis Sativa] | --------------------------------------.
14:14:01 | Player [Cannabis Sativa] | Processando 1 itens a entregar....
14:14:01 | Player [Cannabis Sativa] | Item Data: {"log_id":315,"item_count":1,"item_id":12696,"item_name":"Premium Ticket - 1 semana","use_present":true,"item_action_id":0}.
14:14:01 | Player [Cannabis Sativa] | Item Data Entregue com sucesso: {"log_id":315,"item_count":1,"item_id":12696,"item_name":"Premium Ticket - 1 semana","use_present":true,"item_action_id":0}.
14:14:01 | Player [Cannabis Sativa] | Processo concluido. Resultado: Total de itens 1, Itens não recebidos 0, Itens a Receber 1..
14:14:01 | Player [Cannabis Sativa] | --------------------------------------.
18:21:33 | Player [Big Low] | Processando 3 itens a entregar....
18:21:33 | Player [Big Low] | Item Data: {"log_id":317,"item_count":1,"item_id":12696,"item_name":"Premium Ticket - 1 semana","use_present":true,"item_action_id":0}.
18:21:33 | Player [Big Low] | Item Data: {"log_id":318,"item_count":1,"item_id":12696,"item_name":"Premium Ticket - 1 semana","use_present":true,"item_action_id":0}.
18:21:33 | Player [Big Low] | Item Data: {"log_id":319,"item_count":1,"item_id":12696,"item_name":"Premium Ticket - 1 semana","use_present":true,"item_action_id":0}.
18:21:33 | Player [Big Low] | Item Data Entregue com sucesso: {"log_id":317,"item_count":1,"item_id":12696,"item_name":"Premium Ticket - 1 semana","use_present":true,"item_action_id":0}.
18:21:33 | Player [Big Low] | Item Data Entregue com sucesso: {"log_id":318,"item_count":1,"item_id":12696,"item_name":"Premium Ticket - 1 semana","use_present":true,"item_action_id":0}.
18:21:33 | Player [Big Low] | Item Data Entregue com sucesso: {"log_id":319,"item_count":1,"item_id":12696,"item_name":"Premium Ticket - 1 semana","use_present":true,"item_action_id":0}.
18:21:33 | Player [Big Low] | Processo concluido. Resultado: Total de itens 3, Itens não recebidos 0, Itens a Receber 3..
18:21:33 | Player [Big Low] | --------------------------------------.
18:22:27 | Player [Lava Brutal] | Processando 1 itens a entregar....
18:22:27 | Player [Lava Brutal] | Item Data: {"log_id":316,"item_count":1,"item_id":12690,"item_name":"Premium Ticket - 1 mes","use_present":true,"item_action_id":0}.
18:22:27 | Player [Lava Brutal] | Item Data Entregue com sucesso: {"log_id":316,"item_count":1,"item_id":12690,"item_name":"Premium Ticket - 1 mes","use_present":true,"item_action_id":0}.
18:22:27 | Player [Lava Brutal] | Processo concluido. Resultado: Total de itens 1, Itens não recebidos 0, Itens a Receber 1..
18:22:27 | Player [Lava Brutal] | --------------------------------------.
22:53:29 | Player [Keep Owns] | Processando 1 itens a entregar....
22:53:29 | Player [Keep Owns] | Item Data: {"log_id":320,"item_count":1,"item_id":12696,"item_name":"Premium Ticket - 1 semana","use_present":true,"item_action_id":0}.
22:53:29 | Player [Keep Owns] | Item Data Entregue com sucesso: {"log_id":320,"item_count":1,"item_id":12696,"item_name":"Premium Ticket - 1 semana","use_present":true,"item_action_id":0}.
22:53:29 | Player [Keep Owns] | Processo concluido. Resultado: Total de itens 1, Itens não recebidos 0, Itens a Receber 1..
22:53:29 | Player [Keep Owns] | --------------------------------------.
