01:21:07 | Player [Caprikornio Spence] | Processando 1 itens a entregar....
01:21:08 | Player [Caprikornio Spence] | Item Data: {"log_id":57,"item_count":1,"item_id":12696,"item_name":"Premium Ticket - 1 semana","use_present":true,"item_action_id":0}.
01:21:08 | Player [Caprikornio Spence] | Item Data Entregue com sucesso: {"log_id":57,"item_count":1,"item_id":12696,"item_name":"Premium Ticket - 1 semana","use_present":true,"item_action_id":0}.
01:21:08 | Player [Caprikornio Spence] | Processo concluido. Resultado: Total de itens 1, Itens não recebidos 0, Itens a Receber 1..
01:21:08 | Player [Caprikornio Spence] | --------------------------------------.
10:27:05 | Player [Traxex] | Processando 3 itens a entregar....
10:27:05 | Player [Traxex] | Item Data: {"log_id":58,"item_count":1,"item_id":12696,"item_name":"Premium Ticket - 1 semana","use_present":true,"item_action_id":0}.
10:27:05 | Player [Traxex] | Item Data: {"log_id":59,"item_count":1,"item_id":12696,"item_name":"Premium Ticket - 1 semana","use_present":true,"item_action_id":0}.
10:27:05 | Player [Traxex] | Item Data: {"log_id":60,"item_count":1,"item_id":12696,"item_name":"Premium Ticket - 1 semana","use_present":true,"item_action_id":0}.
10:27:05 | Player [Traxex] | Item Data Entregue com sucesso: {"log_id":58,"item_count":1,"item_id":12696,"item_name":"Premium Ticket - 1 semana","use_present":true,"item_action_id":0}.
10:27:05 | Player [Traxex] | Item Data Entregue com sucesso: {"log_id":59,"item_count":1,"item_id":12696,"item_name":"Premium Ticket - 1 semana","use_present":true,"item_action_id":0}.
10:27:05 | Player [Traxex] | Item Data Entregue com sucesso: {"log_id":60,"item_count":1,"item_id":12696,"item_name":"Premium Ticket - 1 semana","use_present":true,"item_action_id":0}.
10:27:05 | Player [Traxex] | Processo concluido. Resultado: Total de itens 3, Itens não recebidos 0, Itens a Receber 3..
10:27:05 | Player [Traxex] | --------------------------------------.
11:19:27 | Player [Daredevilzera] | Processando 1 itens a entregar....
11:19:27 | Player [Daredevilzera] | Item Data: {"log_id":61,"item_count":1,"item_id":12696,"item_name":"Premium Ticket - 1 semana","use_present":true,"item_action_id":0}.
11:19:27 | Player [Daredevilzera] | Item Data Entregue com sucesso: {"log_id":61,"item_count":1,"item_id":12696,"item_name":"Premium Ticket - 1 semana","use_present":true,"item_action_id":0}.
11:19:27 | Player [Daredevilzera] | Processo concluido. Resultado: Total de itens 1, Itens não recebidos 0, Itens a Receber 1..
11:19:27 | Player [Daredevilzera] | --------------------------------------.
13:07:38 | Player [Jao Sexy] | Processando 1 itens a entregar....
13:07:38 | Player [Jao Sexy] | Item Data: {"log_id":62,"item_count":1,"item_id":12696,"item_name":"Premium Ticket - 1 semana","use_present":true,"item_action_id":0}.
13:07:38 | Player [Jao Sexy] | Item Data Entregue com sucesso: {"log_id":62,"item_count":1,"item_id":12696,"item_name":"Premium Ticket - 1 semana","use_present":true,"item_action_id":0}.
13:07:38 | Player [Jao Sexy] | Processo concluido. Resultado: Total de itens 1, Itens não recebidos 0, Itens a Receber 1..
13:07:38 | Player [Jao Sexy] | --------------------------------------.
13:23:13 | Player [Somer Lakers] | Processando 1 itens a entregar....
13:23:13 | Player [Somer Lakers] | Item Data: {"log_id":63,"item_count":1,"item_id":12690,"item_name":"Premium Ticket - 1 mes","use_present":true,"item_action_id":0}.
13:23:13 | Player [Somer Lakers] | Item Data Entregue com sucesso: {"log_id":63,"item_count":1,"item_id":12690,"item_name":"Premium Ticket - 1 mes","use_present":true,"item_action_id":0}.
13:23:13 | Player [Somer Lakers] | Processo concluido. Resultado: Total de itens 1, Itens não recebidos 0, Itens a Receber 1..
13:23:13 | Player [Somer Lakers] | --------------------------------------.
18:29:43 | Player [Rhirin orios] | Processando 2 itens a entregar....
18:29:43 | Player [Rhirin orios] | Item Data: {"log_id":64,"item_count":1,"item_id":12696,"item_name":"Premium Ticket - 1 semana","use_present":true,"item_action_id":0}.
18:29:43 | Player [Rhirin orios] | Item Data: {"log_id":65,"item_count":1,"item_id":12690,"item_name":"Premium Ticket - 1 mes","use_present":true,"item_action_id":0}.
18:29:43 | Player [Rhirin orios] | Item Data Entregue com sucesso: {"log_id":64,"item_count":1,"item_id":12696,"item_name":"Premium Ticket - 1 semana","use_present":true,"item_action_id":0}.
18:29:43 | Player [Rhirin orios] | Item Data Entregue com sucesso: {"log_id":65,"item_count":1,"item_id":12690,"item_name":"Premium Ticket - 1 mes","use_present":true,"item_action_id":0}.
18:29:43 | Player [Rhirin orios] | Processo concluido. Resultado: Total de itens 2, Itens não recebidos 0, Itens a Receber 2..
18:29:43 | Player [Rhirin orios] | --------------------------------------.
19:08:52 | Player [Pobre Coitado] | Processando 1 itens a entregar....
19:08:52 | Player [Pobre Coitado] | Item Data: {"log_id":66,"item_count":1,"item_id":12696,"item_name":"Premium Ticket - 1 semana","use_present":true,"item_action_id":0}.
19:08:52 | Player [Pobre Coitado] | Item Data Entregue com sucesso: {"log_id":66,"item_count":1,"item_id":12696,"item_name":"Premium Ticket - 1 semana","use_present":true,"item_action_id":0}.
19:08:52 | Player [Pobre Coitado] | Processo concluido. Resultado: Total de itens 1, Itens não recebidos 0, Itens a Receber 1..
19:08:52 | Player [Pobre Coitado] | --------------------------------------.
21:46:57 | Player [Kastiel Kastiga] | Processando 1 itens a entregar....
21:46:57 | Player [Kastiel Kastiga] | Item Data: {"log_id":517,"item_count":1,"item_id":6132,"item_name":"Soft Boots","use_present":true,"item_action_id":0}.
21:46:57 | Player [Kastiel Kastiga] | Item Data Entregue com sucesso: {"log_id":517,"item_count":1,"item_id":6132,"item_name":"Soft Boots","use_present":true,"item_action_id":0}.
21:46:57 | Player [Kastiel Kastiga] | Processo concluido. Resultado: Total de itens 1, Itens não recebidos 0, Itens a Receber 1..
21:46:57 | Player [Kastiel Kastiga] | --------------------------------------.
