00:42:11 | Player [Meu Rabo] | Processando 1 itens a entregar....
00:42:11 | Player [Meu Rabo] | Item Data: {"log_id":310,"item_count":1,"item_id":12696,"item_name":"Premium Ticket - 1 semana","use_present":true,"item_action_id":0}.
00:42:11 | Player [Meu Rabo] | Item Data Entregue com sucesso: {"log_id":310,"item_count":1,"item_id":12696,"item_name":"Premium Ticket - 1 semana","use_present":true,"item_action_id":0}.
00:42:11 | Player [Meu Rabo] | Processo concluido. Resultado: Total de itens 1, Itens não recebidos 0, Itens a Receber 1..
00:42:11 | Player [Meu Rabo] | --------------------------------------.
03:39:26 | Player [Condicionador avon] | Processando 1 itens a entregar....
03:39:26 | Player [Condicionador avon] | Item Data: {"log_id":321,"item_count":1,"item_id":12696,"item_name":"Premium Ticket - 1 semana","use_present":true,"item_action_id":0}.
03:39:26 | Player [Condicionador avon] | Item Data Entregue com sucesso: {"log_id":321,"item_count":1,"item_id":12696,"item_name":"Premium Ticket - 1 semana","use_present":true,"item_action_id":0}.
03:39:26 | Player [Condicionador avon] | Processo concluido. Resultado: Total de itens 1, Itens não recebidos 0, Itens a Receber 1..
03:39:26 | Player [Condicionador avon] | --------------------------------------.
14:20:49 | Player [Hugue Rigaud] | Processando 1 itens a entregar....
14:20:49 | Player [Hugue Rigaud] | Item Data: {"log_id":322,"item_count":1,"item_id":12696,"item_name":"Premium Ticket - 1 semana","use_present":true,"item_action_id":0}.
14:20:49 | Player [Hugue Rigaud] | Item Data Entregue com sucesso: {"log_id":322,"item_count":1,"item_id":12696,"item_name":"Premium Ticket - 1 semana","use_present":true,"item_action_id":0}.
14:20:49 | Player [Hugue Rigaud] | Processo concluido. Resultado: Total de itens 1, Itens não recebidos 0, Itens a Receber 1..
14:20:49 | Player [Hugue Rigaud] | --------------------------------------.
14:21:09 | Player [Power ranger] | Processando 1 itens a entregar....
14:21:09 | Player [Power ranger] | Item Data: {"log_id":323,"item_count":1,"item_id":12696,"item_name":"Premium Ticket - 1 semana","use_present":true,"item_action_id":0}.
14:21:09 | Player [Power ranger] | Item Data Entregue com sucesso: {"log_id":323,"item_count":1,"item_id":12696,"item_name":"Premium Ticket - 1 semana","use_present":true,"item_action_id":0}.
14:21:09 | Player [Power ranger] | Processo concluido. Resultado: Total de itens 1, Itens não recebidos 0, Itens a Receber 1..
14:21:09 | Player [Power ranger] | --------------------------------------.
15:25:47 | Player [Lukinhaa Sexy] | Processando 1 itens a entregar....
15:25:47 | Player [Lukinhaa Sexy] | Item Data: {"log_id":324,"item_count":1,"item_id":12696,"item_name":"Premium Ticket - 1 semana","use_present":true,"item_action_id":0}.
15:25:47 | Player [Lukinhaa Sexy] | Item Data Entregue com sucesso: {"log_id":324,"item_count":1,"item_id":12696,"item_name":"Premium Ticket - 1 semana","use_present":true,"item_action_id":0}.
15:25:47 | Player [Lukinhaa Sexy] | Processo concluido. Resultado: Total de itens 1, Itens não recebidos 0, Itens a Receber 1..
15:25:47 | Player [Lukinhaa Sexy] | --------------------------------------.
16:55:48 | Player [Mage Underworld] | Processando 1 itens a entregar....
16:55:48 | Player [Mage Underworld] | Item Data: {"log_id":325,"item_count":1,"item_id":12696,"item_name":"Premium Ticket - 1 semana","use_present":true,"item_action_id":0}.
16:55:48 | Player [Mage Underworld] | Item Data Entregue com sucesso: {"log_id":325,"item_count":1,"item_id":12696,"item_name":"Premium Ticket - 1 semana","use_present":true,"item_action_id":0}.
16:55:48 | Player [Mage Underworld] | Processo concluido. Resultado: Total de itens 1, Itens não recebidos 0, Itens a Receber 1..
16:55:48 | Player [Mage Underworld] | --------------------------------------.
21:21:52 | Player [Wilvendom] | Processando 1 itens a entregar....
21:21:52 | Player [Wilvendom] | Item Data: {"log_id":577,"item_count":100,"item_id":2160,"item_name":"Crystal Coin","use_present":true,"item_action_id":0}.
21:21:52 | Player [Wilvendom] | Item Data Entregue com sucesso: {"log_id":577,"item_count":100,"item_id":2160,"item_name":"Crystal Coin","use_present":true,"item_action_id":0}.
21:21:52 | Player [Wilvendom] | Processo concluido. Resultado: Total de itens 1, Itens não recebidos 0, Itens a Receber 1..
21:21:52 | Player [Wilvendom] | --------------------------------------.
