12:47:46 | Player [Lukinhaa Rosinha] | Processando 1 itens a entregar....
12:47:46 | Player [Lukinhaa Rosinha] | Item Data: {"log_id":184,"item_count":1,"item_id":12696,"item_name":"Premium Ticket - 1 semana","use_present":true,"item_action_id":0}.
12:47:46 | Player [Lukinhaa Rosinha] | Item Data Entregue com sucesso: {"log_id":184,"item_count":1,"item_id":12696,"item_name":"Premium Ticket - 1 semana","use_present":true,"item_action_id":0}.
12:47:46 | Player [Lukinhaa Rosinha] | Processo concluido. Resultado: Total de itens 1, Itens não recebidos 0, Itens a Receber 1..
12:47:46 | Player [Lukinhaa Rosinha] | --------------------------------------.
20:44:50 | Player [Doublelift] | Processando 1 itens a entregar....
20:44:50 | Player [Doublelift] | Item Data: {"log_id":185,"item_count":1,"item_id":12696,"item_name":"Premium Ticket - 1 semana","use_present":true,"item_action_id":0}.
20:44:50 | Player [Doublelift] | Item Data Entregue com sucesso: {"log_id":185,"item_count":1,"item_id":12696,"item_name":"Premium Ticket - 1 semana","use_present":true,"item_action_id":0}.
20:44:51 | Player [Doublelift] | Processo concluido. Resultado: Total de itens 1, Itens não recebidos 0, Itens a Receber 1..
20:44:51 | Player [Doublelift] | --------------------------------------.
20:59:43 | Player [Lava Brutal] | Processando 2 itens a entregar....
20:59:43 | Player [Lava Brutal] | Item Data: {"log_id":186,"item_count":1,"item_id":12690,"item_name":"Premium Ticket - 1 mes","use_present":true,"item_action_id":0}.
20:59:43 | Player [Lava Brutal] | Item Data: {"log_id":187,"item_count":1,"item_id":12696,"item_name":"Premium Ticket - 1 semana","use_present":true,"item_action_id":0}.
20:59:43 | Player [Lava Brutal] | Item Data Entregue com sucesso: {"log_id":186,"item_count":1,"item_id":12690,"item_name":"Premium Ticket - 1 mes","use_present":true,"item_action_id":0}.
20:59:43 | Player [Lava Brutal] | Item Data Entregue com sucesso: {"log_id":187,"item_count":1,"item_id":12696,"item_name":"Premium Ticket - 1 semana","use_present":true,"item_action_id":0}.
20:59:43 | Player [Lava Brutal] | Processo concluido. Resultado: Total de itens 2, Itens não recebidos 0, Itens a Receber 2..
20:59:43 | Player [Lava Brutal] | --------------------------------------.
21:01:30 | Player [Lava Brutal] | Processando 4 itens a entregar....
21:01:30 | Player [Lava Brutal] | Item Data: {"log_id":188,"item_count":1,"item_id":12696,"item_name":"Premium Ticket - 1 semana","use_present":true,"item_action_id":0}.
21:01:30 | Player [Lava Brutal] | Item Data: {"log_id":189,"item_count":1,"item_id":12696,"item_name":"Premium Ticket - 1 semana","use_present":true,"item_action_id":0}.
21:01:30 | Player [Lava Brutal] | Item Data: {"log_id":190,"item_count":1,"item_id":12696,"item_name":"Premium Ticket - 1 semana","use_present":true,"item_action_id":0}.
21:01:30 | Player [Lava Brutal] | Item Data: {"log_id":191,"item_count":1,"item_id":12696,"item_name":"Premium Ticket - 1 semana","use_present":true,"item_action_id":0}.
21:01:30 | Player [Lava Brutal] | Item Data Entregue com sucesso: {"log_id":188,"item_count":1,"item_id":12696,"item_name":"Premium Ticket - 1 semana","use_present":true,"item_action_id":0}.
21:01:30 | Player [Lava Brutal] | Item Data Entregue com sucesso: {"log_id":189,"item_count":1,"item_id":12696,"item_name":"Premium Ticket - 1 semana","use_present":true,"item_action_id":0}.
21:01:30 | Player [Lava Brutal] | Item Data Entregue com sucesso: {"log_id":190,"item_count":1,"item_id":12696,"item_name":"Premium Ticket - 1 semana","use_present":true,"item_action_id":0}.
21:01:30 | Player [Lava Brutal] | Item Data Entregue com sucesso: {"log_id":191,"item_count":1,"item_id":12696,"item_name":"Premium Ticket - 1 semana","use_present":true,"item_action_id":0}.
21:01:30 | Player [Lava Brutal] | Processo concluido. Resultado: Total de itens 4, Itens não recebidos 0, Itens a Receber 4..
21:01:30 | Player [Lava Brutal] | --------------------------------------.
21:02:37 | Player [Lava Brutal] | Processando 2 itens a entregar....
21:02:37 | Player [Lava Brutal] | Item Data: {"log_id":192,"item_count":1,"item_id":12696,"item_name":"Premium Ticket - 1 semana","use_present":true,"item_action_id":0}.
21:02:37 | Player [Lava Brutal] | Item Data: {"log_id":193,"item_count":1,"item_id":12696,"item_name":"Premium Ticket - 1 semana","use_present":true,"item_action_id":0}.
21:02:37 | Player [Lava Brutal] | Item Data Entregue com sucesso: {"log_id":192,"item_count":1,"item_id":12696,"item_name":"Premium Ticket - 1 semana","use_present":true,"item_action_id":0}.
21:02:37 | Player [Lava Brutal] | Item Data Entregue com sucesso: {"log_id":193,"item_count":1,"item_id":12696,"item_name":"Premium Ticket - 1 semana","use_present":true,"item_action_id":0}.
21:02:37 | Player [Lava Brutal] | Processo concluido. Resultado: Total de itens 2, Itens não recebidos 0, Itens a Receber 2..
21:02:37 | Player [Lava Brutal] | --------------------------------------.
22:54:07 | Player [Mage Underworld] | Processando 1 itens a entregar....
22:54:07 | Player [Mage Underworld] | Item Data: {"log_id":194,"item_count":1,"item_id":12696,"item_name":"Premium Ticket - 1 semana","use_present":true,"item_action_id":0}.
22:54:07 | Player [Mage Underworld] | Item Data Entregue com sucesso: {"log_id":194,"item_count":1,"item_id":12696,"item_name":"Premium Ticket - 1 semana","use_present":true,"item_action_id":0}.
22:54:07 | Player [Mage Underworld] | Processo concluido. Resultado: Total de itens 1, Itens não recebidos 0, Itens a Receber 1..
22:54:07 | Player [Mage Underworld] | --------------------------------------.
22:57:31 | Player [Iguin Topgato] | Processando 1 itens a entregar....
22:57:31 | Player [Iguin Topgato] | Item Data: {"log_id":195,"item_count":1,"item_id":12696,"item_name":"Premium Ticket - 1 semana","use_present":true,"item_action_id":0}.
22:57:31 | Player [Iguin Topgato] | Item Data Entregue com sucesso: {"log_id":195,"item_count":1,"item_id":12696,"item_name":"Premium Ticket - 1 semana","use_present":true,"item_action_id":0}.
22:57:31 | Player [Iguin Topgato] | Processo concluido. Resultado: Total de itens 1, Itens não recebidos 0, Itens a Receber 1..
22:57:31 | Player [Iguin Topgato] | --------------------------------------.
07:40:58 | Player [Gutshot] | Processando 1 itens a entregar....
07:40:58 | Player [Gutshot] | Item Data: {"log_id":546,"item_count":1,"item_id":6132,"item_name":"Soft Boots","use_present":true,"item_action_id":0}.
07:40:58 | Player [Gutshot] | Item Data Entregue com sucesso: {"log_id":546,"item_count":1,"item_id":6132,"item_name":"Soft Boots","use_present":true,"item_action_id":0}.
07:40:58 | Player [Gutshot] | Processo concluido. Resultado: Total de itens 1, Itens não recebidos 0, Itens a Receber 1..
07:40:58 | Player [Gutshot] | --------------------------------------.
11:11:20 | Player [Gutshot] | Processando 1 itens a entregar....
11:11:20 | Player [Gutshot] | Item Data: {"log_id":547,"item_count":1,"item_id":6132,"item_name":"Soft Boots","use_present":true,"item_action_id":0}.
11:11:20 | Player [Gutshot] | Item Data Entregue com sucesso: {"log_id":547,"item_count":1,"item_id":6132,"item_name":"Soft Boots","use_present":true,"item_action_id":0}.
11:11:20 | Player [Gutshot] | Processo concluido. Resultado: Total de itens 1, Itens não recebidos 0, Itens a Receber 1..
11:11:20 | Player [Gutshot] | --------------------------------------.
14:44:00 | Player [Gutshot] | Processando 1 itens a entregar....
14:44:00 | Player [Gutshot] | Item Data: {"log_id":548,"item_count":1,"item_id":12691,"item_name":"Assassin outfit ticket","use_present":true,"item_action_id":"13"}.
14:44:00 | Player [Gutshot] | Item Data Entregue com sucesso: {"log_id":548,"item_count":1,"item_id":12691,"item_name":"Assassin outfit ticket","use_present":true,"item_action_id":"13"}.
14:44:00 | Player [Gutshot] | Processo concluido. Resultado: Total de itens 1, Itens não recebidos 0, Itens a Receber 1..
14:44:00 | Player [Gutshot] | --------------------------------------.
