01:10:21 | Player [Eskimo] | Processando 1 itens a entregar....
01:10:21 | Player [Eskimo] | Item Data: {"log_id":67,"item_count":1,"item_id":12696,"item_name":"Premium Ticket - 1 semana","use_present":true,"item_action_id":0}.
01:10:21 | Player [Eskimo] | Item Data Entregue com sucesso: {"log_id":67,"item_count":1,"item_id":12696,"item_name":"Premium Ticket - 1 semana","use_present":true,"item_action_id":0}.
01:10:21 | Player [Eskimo] | Processo concluido. Resultado: Total de itens 1, Itens não recebidos 0, Itens a Receber 1..
01:10:21 | Player [Eskimo] | --------------------------------------.
11:52:03 | Player [Jao Sexy] | Processando 1 itens a entregar....
11:52:03 | Player [Jao Sexy] | Item Data: {"log_id":68,"item_count":1,"item_id":12696,"item_name":"Premium Ticket - 1 semana","use_present":true,"item_action_id":0}.
11:52:03 | Player [Jao Sexy] | Item Data Entregue com sucesso: {"log_id":68,"item_count":1,"item_id":12696,"item_name":"Premium Ticket - 1 semana","use_present":true,"item_action_id":0}.
11:52:03 | Player [Jao Sexy] | Processo concluido. Resultado: Total de itens 1, Itens não recebidos 0, Itens a Receber 1..
11:52:03 | Player [Jao Sexy] | --------------------------------------.
12:56:12 | Player [Daredevil Aquelemsm] | Processando 1 itens a entregar....
12:56:12 | Player [Daredevil Aquelemsm] | Item Data: {"log_id":69,"item_count":1,"item_id":12696,"item_name":"Premium Ticket - 1 semana","use_present":true,"item_action_id":0}.
12:56:12 | Player [Daredevil Aquelemsm] | Item Data Entregue com sucesso: {"log_id":69,"item_count":1,"item_id":12696,"item_name":"Premium Ticket - 1 semana","use_present":true,"item_action_id":0}.
12:56:12 | Player [Daredevil Aquelemsm] | Processo concluido. Resultado: Total de itens 1, Itens não recebidos 0, Itens a Receber 1..
12:56:12 | Player [Daredevil Aquelemsm] | --------------------------------------.
13:04:41 | Player [Daredevil Aquelemsm] | Processando 1 itens a entregar....
13:04:41 | Player [Daredevil Aquelemsm] | Item Data: {"log_id":70,"item_count":1,"item_id":12696,"item_name":"Premium Ticket - 1 semana","use_present":true,"item_action_id":0}.
13:04:41 | Player [Daredevil Aquelemsm] | Item Data Entregue com sucesso: {"log_id":70,"item_count":1,"item_id":12696,"item_name":"Premium Ticket - 1 semana","use_present":true,"item_action_id":0}.
13:04:41 | Player [Daredevil Aquelemsm] | Processo concluido. Resultado: Total de itens 1, Itens não recebidos 0, Itens a Receber 1..
13:04:41 | Player [Daredevil Aquelemsm] | --------------------------------------.
13:25:17 | Player [Somer Lakers] | Processando 1 itens a entregar....
13:25:17 | Player [Somer Lakers] | Item Data: {"log_id":71,"item_count":1,"item_id":12696,"item_name":"Premium Ticket - 1 semana","use_present":true,"item_action_id":0}.
13:25:17 | Player [Somer Lakers] | Item Data Entregue com sucesso: {"log_id":71,"item_count":1,"item_id":12696,"item_name":"Premium Ticket - 1 semana","use_present":true,"item_action_id":0}.
13:25:17 | Player [Somer Lakers] | Processo concluido. Resultado: Total de itens 1, Itens não recebidos 0, Itens a Receber 1..
13:25:17 | Player [Somer Lakers] | --------------------------------------.
14:09:58 | Player [Somer Lakers] | Processando 1 itens a entregar....
14:09:58 | Player [Somer Lakers] | Item Data: {"log_id":72,"item_count":1,"item_id":12696,"item_name":"Premium Ticket - 1 semana","use_present":true,"item_action_id":0}.
14:09:58 | Player [Somer Lakers] | Item Data Entregue com sucesso: {"log_id":72,"item_count":1,"item_id":12696,"item_name":"Premium Ticket - 1 semana","use_present":true,"item_action_id":0}.
14:09:58 | Player [Somer Lakers] | Processo concluido. Resultado: Total de itens 1, Itens não recebidos 0, Itens a Receber 1..
14:09:58 | Player [Somer Lakers] | --------------------------------------.
17:12:01 | Player [Megha Mage] | Processando 4 itens a entregar....
17:12:01 | Player [Megha Mage] | Item Data: {"log_id":73,"item_count":1,"item_id":12690,"item_name":"Premium Ticket - 1 mes","use_present":true,"item_action_id":0}.
17:12:01 | Player [Megha Mage] | Item Data: {"log_id":74,"item_count":1,"item_id":12690,"item_name":"Premium Ticket - 1 mes","use_present":true,"item_action_id":0}.
17:12:01 | Player [Megha Mage] | Item Data: {"log_id":75,"item_count":1,"item_id":12690,"item_name":"Premium Ticket - 1 mes","use_present":true,"item_action_id":0}.
17:12:01 | Player [Megha Mage] | Item Data: {"log_id":76,"item_count":1,"item_id":12690,"item_name":"Premium Ticket - 1 mes","use_present":true,"item_action_id":0}.
17:12:01 | Player [Megha Mage] | Item Data Entregue com sucesso: {"log_id":73,"item_count":1,"item_id":12690,"item_name":"Premium Ticket - 1 mes","use_present":true,"item_action_id":0}.
17:12:01 | Player [Megha Mage] | Item Data Entregue com sucesso: {"log_id":74,"item_count":1,"item_id":12690,"item_name":"Premium Ticket - 1 mes","use_present":true,"item_action_id":0}.
17:12:01 | Player [Megha Mage] | Item Data Entregue com sucesso: {"log_id":75,"item_count":1,"item_id":12690,"item_name":"Premium Ticket - 1 mes","use_present":true,"item_action_id":0}.
17:12:02 | Player [Megha Mage] | Item Data Entregue com sucesso: {"log_id":76,"item_count":1,"item_id":12690,"item_name":"Premium Ticket - 1 mes","use_present":true,"item_action_id":0}.
17:12:02 | Player [Megha Mage] | Processo concluido. Resultado: Total de itens 4, Itens não recebidos 0, Itens a Receber 4..
17:12:02 | Player [Megha Mage] | --------------------------------------.
17:13:27 | Player [Megha Mage] | Processando 4 itens a entregar....
17:13:27 | Player [Megha Mage] | Item Data: {"log_id":77,"item_count":1,"item_id":12696,"item_name":"Premium Ticket - 1 semana","use_present":true,"item_action_id":0}.
17:13:27 | Player [Megha Mage] | Item Data: {"log_id":78,"item_count":1,"item_id":12696,"item_name":"Premium Ticket - 1 semana","use_present":true,"item_action_id":0}.
17:13:27 | Player [Megha Mage] | Item Data: {"log_id":79,"item_count":1,"item_id":12696,"item_name":"Premium Ticket - 1 semana","use_present":true,"item_action_id":0}.
17:13:27 | Player [Megha Mage] | Item Data: {"log_id":80,"item_count":1,"item_id":12696,"item_name":"Premium Ticket - 1 semana","use_present":true,"item_action_id":0}.
17:13:27 | Player [Megha Mage] | Item Data Entregue com sucesso: {"log_id":77,"item_count":1,"item_id":12696,"item_name":"Premium Ticket - 1 semana","use_present":true,"item_action_id":0}.
17:13:27 | Player [Megha Mage] | Item Data Entregue com sucesso: {"log_id":78,"item_count":1,"item_id":12696,"item_name":"Premium Ticket - 1 semana","use_present":true,"item_action_id":0}.
17:13:27 | Player [Megha Mage] | Item Data Entregue com sucesso: {"log_id":79,"item_count":1,"item_id":12696,"item_name":"Premium Ticket - 1 semana","use_present":true,"item_action_id":0}.
17:13:27 | Player [Megha Mage] | Item Data Entregue com sucesso: {"log_id":80,"item_count":1,"item_id":12696,"item_name":"Premium Ticket - 1 semana","use_present":true,"item_action_id":0}.
17:13:27 | Player [Megha Mage] | Processo concluido. Resultado: Total de itens 4, Itens não recebidos 0, Itens a Receber 4..
17:13:27 | Player [Megha Mage] | --------------------------------------.
17:20:01 | Player [Legalizo] | Processando 1 itens a entregar....
17:20:01 | Player [Legalizo] | Item Data: {"log_id":81,"item_count":1,"item_id":12696,"item_name":"Premium Ticket - 1 semana","use_present":true,"item_action_id":0}.
17:20:01 | Player [Legalizo] | Item Data Entregue com sucesso: {"log_id":81,"item_count":1,"item_id":12696,"item_name":"Premium Ticket - 1 semana","use_present":true,"item_action_id":0}.
17:20:01 | Player [Legalizo] | Processo concluido. Resultado: Total de itens 1, Itens não recebidos 0, Itens a Receber 1..
17:20:01 | Player [Legalizo] | --------------------------------------.
18:05:05 | Player [-Anonymous-] | Processando 1 itens a entregar....
18:05:05 | Player [-Anonymous-] | Item Data: {"log_id":82,"item_count":1,"item_id":12696,"item_name":"Premium Ticket - 1 semana","use_present":true,"item_action_id":0}.
18:05:05 | Player [-Anonymous-] | Item Data Entregue com sucesso: {"log_id":82,"item_count":1,"item_id":12696,"item_name":"Premium Ticket - 1 semana","use_present":true,"item_action_id":0}.
18:05:05 | Player [-Anonymous-] | Processo concluido. Resultado: Total de itens 1, Itens não recebidos 0, Itens a Receber 1..
18:05:05 | Player [-Anonymous-] | --------------------------------------.
18:13:35 | Player [Mantus Infernalty] | Processando 1 itens a entregar....
18:13:35 | Player [Mantus Infernalty] | Item Data: {"log_id":83,"item_count":1,"item_id":12696,"item_name":"Premium Ticket - 1 semana","use_present":true,"item_action_id":0}.
18:13:35 | Player [Mantus Infernalty] | Item Data Entregue com sucesso: {"log_id":83,"item_count":1,"item_id":12696,"item_name":"Premium Ticket - 1 semana","use_present":true,"item_action_id":0}.
18:13:35 | Player [Mantus Infernalty] | Processo concluido. Resultado: Total de itens 1, Itens não recebidos 0, Itens a Receber 1..
18:13:35 | Player [Mantus Infernalty] | --------------------------------------.
20:54:04 | Player [Scysor] | Processando 1 itens a entregar....
20:54:04 | Player [Scysor] | Item Data: {"log_id":87,"item_count":1,"item_id":12696,"item_name":"Premium Ticket - 1 semana","use_present":true,"item_action_id":0}.
20:54:04 | Player [Scysor] | Item Data Entregue com sucesso: {"log_id":87,"item_count":1,"item_id":12696,"item_name":"Premium Ticket - 1 semana","use_present":true,"item_action_id":0}.
20:54:04 | Player [Scysor] | Processo concluido. Resultado: Total de itens 1, Itens não recebidos 0, Itens a Receber 1..
20:54:04 | Player [Scysor] | --------------------------------------.
23:30:16 | Player [Jon Jones] | Processando 1 itens a entregar....
23:30:16 | Player [Jon Jones] | Item Data: {"log_id":88,"item_count":1,"item_id":12696,"item_name":"Premium Ticket - 1 semana","use_present":true,"item_action_id":0}.
23:30:16 | Player [Jon Jones] | Item Data Entregue com sucesso: {"log_id":88,"item_count":1,"item_id":12696,"item_name":"Premium Ticket - 1 semana","use_present":true,"item_action_id":0}.
23:30:16 | Player [Jon Jones] | Processo concluido. Resultado: Total de itens 1, Itens não recebidos 0, Itens a Receber 1..
23:30:16 | Player [Jon Jones] | --------------------------------------.
09:23:39 | Player [Carlinhoo Rlz] | Processando 2 itens a entregar....
09:23:39 | Player [Carlinhoo Rlz] | Item Data: {"log_id":518,"item_count":1,"item_id":6132,"item_name":"Soft Boots","use_present":true,"item_action_id":0}.
09:23:39 | Player [Carlinhoo Rlz] | Item Data: {"log_id":519,"item_count":100,"item_id":2160,"item_name":"Crystal Coin","use_present":true,"item_action_id":0}.
09:23:39 | Player [Carlinhoo Rlz] | Item Data Entregue com sucesso: {"log_id":518,"item_count":1,"item_id":6132,"item_name":"Soft Boots","use_present":true,"item_action_id":0}.
09:23:39 | Player [Carlinhoo Rlz] | Item Data Entregue com sucesso: {"log_id":519,"item_count":100,"item_id":2160,"item_name":"Crystal Coin","use_present":true,"item_action_id":0}.
09:23:39 | Player [Carlinhoo Rlz] | Processo concluido. Resultado: Total de itens 2, Itens não recebidos 0, Itens a Receber 2..
09:23:39 | Player [Carlinhoo Rlz] | --------------------------------------.
09:25:28 | Player [Carlinhoo Rlz] | Processando 1 itens a entregar....
09:25:28 | Player [Carlinhoo Rlz] | Item Data: {"log_id":520,"item_count":1,"item_id":12691,"item_name":"Assassin outfit ticket","use_present":true,"item_action_id":"13"}.
09:25:28 | Player [Carlinhoo Rlz] | Item Data Entregue com sucesso: {"log_id":520,"item_count":1,"item_id":12691,"item_name":"Assassin outfit ticket","use_present":true,"item_action_id":"13"}.
09:25:28 | Player [Carlinhoo Rlz] | Processo concluido. Resultado: Total de itens 1, Itens não recebidos 0, Itens a Receber 1..
09:25:28 | Player [Carlinhoo Rlz] | --------------------------------------.
20:08:05 | Player [Infortek] | Processando 1 itens a entregar....
20:08:05 | Player [Infortek] | Item Data: {"log_id":521,"item_count":100,"item_id":2160,"item_name":"Crystal Coin","use_present":true,"item_action_id":0}.
20:08:05 | Player [Infortek] | Item Data Entregue com sucesso: {"log_id":521,"item_count":100,"item_id":2160,"item_name":"Crystal Coin","use_present":true,"item_action_id":0}.
20:08:05 | Player [Infortek] | Processo concluido. Resultado: Total de itens 1, Itens não recebidos 0, Itens a Receber 1..
20:08:05 | Player [Infortek] | --------------------------------------.
