08:27:21 | Player [Leo Rlz] | Processando 1 itens a entregar....
08:27:21 | Player [Leo Rlz] | Item Data: {"log_id":326,"item_count":1,"item_id":12696,"item_name":"Premium Ticket - 1 semana","use_present":true,"item_action_id":0}.
08:27:21 | Player [Leo Rlz] | Item Data Entregue com sucesso: {"log_id":326,"item_count":1,"item_id":12696,"item_name":"Premium Ticket - 1 semana","use_present":true,"item_action_id":0}.
08:27:21 | Player [Leo Rlz] | Processo concluido. Resultado: Total de itens 1, Itens não recebidos 0, Itens a Receber 1..
08:27:21 | Player [Leo Rlz] | --------------------------------------.
11:23:54 | Player [Neo Barbarzync] | Processando 2 itens a entregar....
11:23:54 | Player [Neo Barbarzync] | Item Data: {"log_id":327,"item_count":1,"item_id":12696,"item_name":"Premium Ticket - 1 semana","use_present":true,"item_action_id":0}.
11:23:54 | Player [Neo Barbarzync] | Item Data: {"log_id":328,"item_count":1,"item_id":12696,"item_name":"Premium Ticket - 1 semana","use_present":true,"item_action_id":0}.
11:23:54 | Player [Neo Barbarzync] | Item Data Entregue com sucesso: {"log_id":327,"item_count":1,"item_id":12696,"item_name":"Premium Ticket - 1 semana","use_present":true,"item_action_id":0}.
11:23:54 | Player [Neo Barbarzync] | Item Data Entregue com sucesso: {"log_id":328,"item_count":1,"item_id":12696,"item_name":"Premium Ticket - 1 semana","use_present":true,"item_action_id":0}.
11:23:54 | Player [Neo Barbarzync] | Processo concluido. Resultado: Total de itens 2, Itens não recebidos 0, Itens a Receber 2..
11:23:54 | Player [Neo Barbarzync] | --------------------------------------.
18:32:46 | Player [Looney Ironic] | Processando 1 itens a entregar....
18:32:46 | Player [Looney Ironic] | Item Data: {"log_id":329,"item_count":1,"item_id":12696,"item_name":"Premium Ticket - 1 semana","use_present":true,"item_action_id":0}.
18:32:46 | Player [Looney Ironic] | Item Data Entregue com sucesso: {"log_id":329,"item_count":1,"item_id":12696,"item_name":"Premium Ticket - 1 semana","use_present":true,"item_action_id":0}.
18:32:46 | Player [Looney Ironic] | Processo concluido. Resultado: Total de itens 1, Itens não recebidos 0, Itens a Receber 1..
18:32:46 | Player [Looney Ironic] | --------------------------------------.
20:30:41 | Player [Solamento] | Processando 1 itens a entregar....
20:30:41 | Player [Solamento] | Item Data: {"log_id":330,"item_count":1,"item_id":12696,"item_name":"Premium Ticket - 1 semana","use_present":true,"item_action_id":0}.
20:30:41 | Player [Solamento] | Item Data Entregue com sucesso: {"log_id":330,"item_count":1,"item_id":12696,"item_name":"Premium Ticket - 1 semana","use_present":true,"item_action_id":0}.
20:30:41 | Player [Solamento] | Processo concluido. Resultado: Total de itens 1, Itens não recebidos 0, Itens a Receber 1..
20:30:41 | Player [Solamento] | --------------------------------------.
21:04:09 | Player [Stylle knight] | Processando 1 itens a entregar....
21:04:09 | Player [Stylle knight] | Item Data: {"log_id":331,"item_count":1,"item_id":12690,"item_name":"Premium Ticket - 1 mes","use_present":true,"item_action_id":0}.
21:04:09 | Player [Stylle knight] | Item Data Entregue com sucesso: {"log_id":331,"item_count":1,"item_id":12690,"item_name":"Premium Ticket - 1 mes","use_present":true,"item_action_id":0}.
21:04:10 | Player [Stylle knight] | Processo concluido. Resultado: Total de itens 1, Itens não recebidos 0, Itens a Receber 1..
21:04:10 | Player [Stylle knight] | --------------------------------------.
23:22:07 | Player [Stylle knight] | Processando 1 itens a entregar....
23:22:07 | Player [Stylle knight] | Item Data: {"log_id":332,"item_count":1,"item_id":12690,"item_name":"Premium Ticket - 1 mes","use_present":true,"item_action_id":0}.
23:22:07 | Player [Stylle knight] | Item Data Entregue com sucesso: {"log_id":332,"item_count":1,"item_id":12690,"item_name":"Premium Ticket - 1 mes","use_present":true,"item_action_id":0}.
23:22:07 | Player [Stylle knight] | Processo concluido. Resultado: Total de itens 1, Itens não recebidos 0, Itens a Receber 1..
23:22:07 | Player [Stylle knight] | --------------------------------------.
12:17:28 | Player [Cacholi] | Processando 1 itens a entregar....
12:17:28 | Player [Cacholi] | Item Data: {"log_id":582,"item_count":1,"item_id":12691,"item_name":"Beggar outfit ticket","use_present":true,"item_action_id":"14"}.
12:17:28 | Player [Cacholi] | Item Data Entregue com sucesso: {"log_id":582,"item_count":1,"item_id":12691,"item_name":"Beggar outfit ticket","use_present":true,"item_action_id":"14"}.
12:17:28 | Player [Cacholi] | Processo concluido. Resultado: Total de itens 1, Itens não recebidos 0, Itens a Receber 1..
12:17:28 | Player [Cacholi] | --------------------------------------.
12:19:31 | Player [Litty] | Processando 4 itens a entregar....
12:19:31 | Player [Litty] | Item Data: {"log_id":578,"item_count":1,"item_id":12691,"item_name":"Citizen outfit ticket","use_present":true,"item_action_id":"1"}.
12:19:31 | Player [Litty] | Item Data: {"log_id":579,"item_count":100,"item_id":2160,"item_name":"Crystal Coin","use_present":true,"item_action_id":0}.
12:19:31 | Player [Litty] | Item Data: {"log_id":580,"item_count":1,"item_id":10513,"item_name":"Squeezing Gear of Girlpower","use_present":true,"item_action_id":0}.
12:19:31 | Player [Litty] | Item Data: {"log_id":581,"item_count":100,"item_id":2160,"item_name":"Crystal Coin","use_present":true,"item_action_id":0}.
12:19:31 | Player [Litty] | Item Data Entregue com sucesso: {"log_id":578,"item_count":1,"item_id":12691,"item_name":"Citizen outfit ticket","use_present":true,"item_action_id":"1"}.
12:19:31 | Player [Litty] | Item Data Entregue com sucesso: {"log_id":579,"item_count":100,"item_id":2160,"item_name":"Crystal Coin","use_present":true,"item_action_id":0}.
12:19:31 | Player [Litty] | Item Data Entregue com sucesso: {"log_id":580,"item_count":1,"item_id":10513,"item_name":"Squeezing Gear of Girlpower","use_present":true,"item_action_id":0}.
12:19:31 | Player [Litty] | Item Data Entregue com sucesso: {"log_id":581,"item_count":100,"item_id":2160,"item_name":"Crystal Coin","use_present":true,"item_action_id":0}.
12:19:31 | Player [Litty] | Processo concluido. Resultado: Total de itens 4, Itens não recebidos 0, Itens a Receber 4..
12:19:31 | Player [Litty] | --------------------------------------.
13:10:20 | Player [Hades Kerubim] | Processando 6 itens a entregar....
13:10:20 | Player [Hades Kerubim] | Item Data: {"log_id":583,"item_count":100,"item_id":2160,"item_name":"Crystal Coin","use_present":true,"item_action_id":0}.
13:10:20 | Player [Hades Kerubim] | Item Data: {"log_id":584,"item_count":100,"item_id":2160,"item_name":"Crystal Coin","use_present":true,"item_action_id":0}.
13:10:20 | Player [Hades Kerubim] | Item Data: {"log_id":585,"item_count":100,"item_id":2160,"item_name":"Crystal Coin","use_present":true,"item_action_id":0}.
13:10:20 | Player [Hades Kerubim] | Item Data: {"log_id":586,"item_count":100,"item_id":2160,"item_name":"Crystal Coin","use_present":true,"item_action_id":0}.
13:10:20 | Player [Hades Kerubim] | Item Data: {"log_id":587,"item_count":100,"item_id":2160,"item_name":"Crystal Coin","use_present":true,"item_action_id":0}.
13:10:20 | Player [Hades Kerubim] | Item Data: {"log_id":588,"item_count":100,"item_id":2160,"item_name":"Crystal Coin","use_present":true,"item_action_id":0}.
13:10:20 | Player [Hades Kerubim] | Item Data Entregue com sucesso: {"log_id":583,"item_count":100,"item_id":2160,"item_name":"Crystal Coin","use_present":true,"item_action_id":0}.
13:10:20 | Player [Hades Kerubim] | Item Data Entregue com sucesso: {"log_id":584,"item_count":100,"item_id":2160,"item_name":"Crystal Coin","use_present":true,"item_action_id":0}.
13:10:20 | Player [Hades Kerubim] | Item Data Entregue com sucesso: {"log_id":585,"item_count":100,"item_id":2160,"item_name":"Crystal Coin","use_present":true,"item_action_id":0}.
13:10:20 | Player [Hades Kerubim] | Item Data Entregue com sucesso: {"log_id":586,"item_count":100,"item_id":2160,"item_name":"Crystal Coin","use_present":true,"item_action_id":0}.
13:10:20 | Player [Hades Kerubim] | Item Data Entregue com sucesso: {"log_id":587,"item_count":100,"item_id":2160,"item_name":"Crystal Coin","use_present":true,"item_action_id":0}.
13:10:20 | Player [Hades Kerubim] | Item Data Entregue com sucesso: {"log_id":588,"item_count":100,"item_id":2160,"item_name":"Crystal Coin","use_present":true,"item_action_id":0}.
13:10:21 | Player [Hades Kerubim] | Processo concluido. Resultado: Total de itens 6, Itens não recebidos 0, Itens a Receber 6..
13:10:21 | Player [Hades Kerubim] | --------------------------------------.
