07:15:00 | Player [Diego-Kina] | Processando 3 itens a entregar....
07:15:00 | Player [Diego-Kina] | Item Data: {"log_id":84,"item_count":1,"item_id":12696,"item_name":"Premium Ticket - 1 semana","use_present":true,"item_action_id":0}.
07:15:00 | Player [Diego-Kina] | Item Data: {"log_id":85,"item_count":1,"item_id":12696,"item_name":"Premium Ticket - 1 semana","use_present":true,"item_action_id":0}.
07:15:00 | Player [Diego-Kina] | Item Data: {"log_id":86,"item_count":1,"item_id":12696,"item_name":"Premium Ticket - 1 semana","use_present":true,"item_action_id":0}.
07:15:00 | Player [Diego-Kina] | Item Data Entregue com sucesso: {"log_id":84,"item_count":1,"item_id":12696,"item_name":"Premium Ticket - 1 semana","use_present":true,"item_action_id":0}.
07:15:00 | Player [Diego-Kina] | Item Data Entregue com sucesso: {"log_id":85,"item_count":1,"item_id":12696,"item_name":"Premium Ticket - 1 semana","use_present":true,"item_action_id":0}.
07:15:00 | Player [Diego-Kina] | Item Data Entregue com sucesso: {"log_id":86,"item_count":1,"item_id":12696,"item_name":"Premium Ticket - 1 semana","use_present":true,"item_action_id":0}.
07:15:00 | Player [Diego-Kina] | Processo concluido. Resultado: Total de itens 3, Itens não recebidos 0, Itens a Receber 3..
07:15:00 | Player [Diego-Kina] | --------------------------------------.
10:14:15 | Player [Mulekin De Bombeta] | Processando 1 itens a entregar....
10:14:15 | Player [Mulekin De Bombeta] | Item Data: {"log_id":89,"item_count":1,"item_id":12696,"item_name":"Premium Ticket - 1 semana","use_present":true,"item_action_id":0}.
10:14:15 | Player [Mulekin De Bombeta] | Item Data Entregue com sucesso: {"log_id":89,"item_count":1,"item_id":12696,"item_name":"Premium Ticket - 1 semana","use_present":true,"item_action_id":0}.
10:14:15 | Player [Mulekin De Bombeta] | Processo concluido. Resultado: Total de itens 1, Itens não recebidos 0, Itens a Receber 1..
10:14:15 | Player [Mulekin De Bombeta] | --------------------------------------.
12:51:23 | Player [Sir Firus] | Processando 1 itens a entregar....
12:51:23 | Player [Sir Firus] | Item Data: {"log_id":90,"item_count":1,"item_id":12696,"item_name":"Premium Ticket - 1 semana","use_present":true,"item_action_id":0}.
12:51:23 | Player [Sir Firus] | Item Data Entregue com sucesso: {"log_id":90,"item_count":1,"item_id":12696,"item_name":"Premium Ticket - 1 semana","use_present":true,"item_action_id":0}.
12:51:23 | Player [Sir Firus] | Processo concluido. Resultado: Total de itens 1, Itens não recebidos 0, Itens a Receber 1..
12:51:23 | Player [Sir Firus] | --------------------------------------.
13:09:24 | Player [Sir Firus] | Processando 1 itens a entregar....
13:09:24 | Player [Sir Firus] | Item Data: {"log_id":91,"item_count":1,"item_id":12696,"item_name":"Premium Ticket - 1 semana","use_present":true,"item_action_id":0}.
13:09:24 | Player [Sir Firus] | Item Data Entregue com sucesso: {"log_id":91,"item_count":1,"item_id":12696,"item_name":"Premium Ticket - 1 semana","use_present":true,"item_action_id":0}.
13:09:24 | Player [Sir Firus] | Processo concluido. Resultado: Total de itens 1, Itens não recebidos 0, Itens a Receber 1..
13:09:24 | Player [Sir Firus] | --------------------------------------.
14:02:15 | Player [Wax Sorcer] | Processando 2 itens a entregar....
14:02:15 | Player [Wax Sorcer] | Item Data: {"log_id":92,"item_count":1,"item_id":12696,"item_name":"Premium Ticket - 1 semana","use_present":true,"item_action_id":0}.
14:02:15 | Player [Wax Sorcer] | Item Data: {"log_id":93,"item_count":1,"item_id":12696,"item_name":"Premium Ticket - 1 semana","use_present":true,"item_action_id":0}.
14:02:15 | Player [Wax Sorcer] | Item Data Entregue com sucesso: {"log_id":92,"item_count":1,"item_id":12696,"item_name":"Premium Ticket - 1 semana","use_present":true,"item_action_id":0}.
14:02:16 | Player [Wax Sorcer] | Item Data Entregue com sucesso: {"log_id":93,"item_count":1,"item_id":12696,"item_name":"Premium Ticket - 1 semana","use_present":true,"item_action_id":0}.
14:02:16 | Player [Wax Sorcer] | Processo concluido. Resultado: Total de itens 2, Itens não recebidos 0, Itens a Receber 2..
14:02:16 | Player [Wax Sorcer] | --------------------------------------.
15:20:38 | Player [Scysor] | Processando 1 itens a entregar....
15:20:38 | Player [Scysor] | Item Data: {"log_id":94,"item_count":1,"item_id":12696,"item_name":"Premium Ticket - 1 semana","use_present":true,"item_action_id":0}.
15:20:38 | Player [Scysor] | Item Data Entregue com sucesso: {"log_id":94,"item_count":1,"item_id":12696,"item_name":"Premium Ticket - 1 semana","use_present":true,"item_action_id":0}.
15:20:38 | Player [Scysor] | Processo concluido. Resultado: Total de itens 1, Itens não recebidos 0, Itens a Receber 1..
15:20:38 | Player [Scysor] | --------------------------------------.
19:38:00 | Player [Daredevil Aquelemsm] | Processando 1 itens a entregar....
19:38:00 | Player [Daredevil Aquelemsm] | Item Data: {"log_id":95,"item_count":1,"item_id":12696,"item_name":"Premium Ticket - 1 semana","use_present":true,"item_action_id":0}.
19:38:00 | Player [Daredevil Aquelemsm] | Item Data Entregue com sucesso: {"log_id":95,"item_count":1,"item_id":12696,"item_name":"Premium Ticket - 1 semana","use_present":true,"item_action_id":0}.
19:38:00 | Player [Daredevil Aquelemsm] | Processo concluido. Resultado: Total de itens 1, Itens não recebidos 0, Itens a Receber 1..
19:38:00 | Player [Daredevil Aquelemsm] | --------------------------------------.
22:13:32 | Player [Infected] | Processando 1 itens a entregar....
22:13:32 | Player [Infected] | Item Data: {"log_id":96,"item_count":1,"item_id":12696,"item_name":"Premium Ticket - 1 semana","use_present":true,"item_action_id":0}.
22:13:32 | Player [Infected] | Item Data Entregue com sucesso: {"log_id":96,"item_count":1,"item_id":12696,"item_name":"Premium Ticket - 1 semana","use_present":true,"item_action_id":0}.
22:13:32 | Player [Infected] | Processo concluido. Resultado: Total de itens 1, Itens não recebidos 0, Itens a Receber 1..
22:13:32 | Player [Infected] | --------------------------------------.
22:42:48 | Player [Megha Mage] | Processando 1 itens a entregar....
22:42:48 | Player [Megha Mage] | Item Data: {"log_id":97,"item_count":1,"item_id":12696,"item_name":"Premium Ticket - 1 semana","use_present":true,"item_action_id":0}.
22:42:48 | Player [Megha Mage] | Item Data Entregue com sucesso: {"log_id":97,"item_count":1,"item_id":12696,"item_name":"Premium Ticket - 1 semana","use_present":true,"item_action_id":0}.
22:42:48 | Player [Megha Mage] | Processo concluido. Resultado: Total de itens 1, Itens não recebidos 0, Itens a Receber 1..
22:42:48 | Player [Megha Mage] | --------------------------------------.
01:58:50 | Player [Carlinhoo Rlz] | Processando 1 itens a entregar....
01:58:50 | Player [Carlinhoo Rlz] | Item Data: {"log_id":522,"item_count":100,"item_id":2160,"item_name":"Crystal Coin","use_present":true,"item_action_id":0}.
01:58:50 | Player [Carlinhoo Rlz] | Item Data Entregue com sucesso: {"log_id":522,"item_count":100,"item_id":2160,"item_name":"Crystal Coin","use_present":true,"item_action_id":0}.
01:58:50 | Player [Carlinhoo Rlz] | Processo concluido. Resultado: Total de itens 1, Itens não recebidos 0, Itens a Receber 1..
01:58:50 | Player [Carlinhoo Rlz] | --------------------------------------.
03:18:15 | Player [Carlinhoo Rlz] | Processando 2 itens a entregar....
03:18:15 | Player [Carlinhoo Rlz] | Item Data: {"log_id":523,"item_count":100,"item_id":2160,"item_name":"Crystal Coin","use_present":true,"item_action_id":0}.
03:18:15 | Player [Carlinhoo Rlz] | Item Data: {"log_id":524,"item_count":100,"item_id":2160,"item_name":"Crystal Coin","use_present":true,"item_action_id":0}.
03:18:15 | Player [Carlinhoo Rlz] | Item Data Entregue com sucesso: {"log_id":523,"item_count":100,"item_id":2160,"item_name":"Crystal Coin","use_present":true,"item_action_id":0}.
03:18:16 | Player [Carlinhoo Rlz] | Item Data Entregue com sucesso: {"log_id":524,"item_count":100,"item_id":2160,"item_name":"Crystal Coin","use_present":true,"item_action_id":0}.
03:18:16 | Player [Carlinhoo Rlz] | Processo concluido. Resultado: Total de itens 2, Itens não recebidos 0, Itens a Receber 2..
03:18:16 | Player [Carlinhoo Rlz] | --------------------------------------.
10:33:03 | Player [Xablau Reeina] | Processando 1 itens a entregar....
10:33:03 | Player [Xablau Reeina] | Item Data: {"log_id":525,"item_count":1,"item_id":6132,"item_name":"Soft Boots","use_present":true,"item_action_id":0}.
10:33:03 | Player [Xablau Reeina] | Item Data Entregue com sucesso: {"log_id":525,"item_count":1,"item_id":6132,"item_name":"Soft Boots","use_present":true,"item_action_id":0}.
10:33:03 | Player [Xablau Reeina] | Processo concluido. Resultado: Total de itens 1, Itens não recebidos 0, Itens a Receber 1..
10:33:03 | Player [Xablau Reeina] | --------------------------------------.
11:31:08 | Player [MrCabecinha] | Processando 2 itens a entregar....
11:31:08 | Player [MrCabecinha] | Item Data: {"log_id":526,"item_count":1,"item_id":6132,"item_name":"Soft Boots","use_present":true,"item_action_id":0}.
11:31:08 | Player [MrCabecinha] | Item Data: {"log_id":527,"item_count":100,"item_id":2160,"item_name":"Crystal Coin","use_present":true,"item_action_id":0}.
11:31:08 | Player [MrCabecinha] | Item Data Entregue com sucesso: {"log_id":526,"item_count":1,"item_id":6132,"item_name":"Soft Boots","use_present":true,"item_action_id":0}.
11:31:08 | Player [MrCabecinha] | Item Data Entregue com sucesso: {"log_id":527,"item_count":100,"item_id":2160,"item_name":"Crystal Coin","use_present":true,"item_action_id":0}.
11:31:08 | Player [MrCabecinha] | Processo concluido. Resultado: Total de itens 2, Itens não recebidos 0, Itens a Receber 2..
11:31:08 | Player [MrCabecinha] | --------------------------------------.
22:26:10 | Player [Bodzin] | Processando 1 itens a entregar....
22:26:10 | Player [Bodzin] | Item Data: {"log_id":528,"item_count":1,"item_id":12691,"item_name":"Citizen outfit ticket","use_present":true,"item_action_id":"1"}.
22:26:10 | Player [Bodzin] | Item Data Entregue com sucesso: {"log_id":528,"item_count":1,"item_id":12691,"item_name":"Citizen outfit ticket","use_present":true,"item_action_id":"1"}.
22:26:10 | Player [Bodzin] | Processo concluido. Resultado: Total de itens 1, Itens não recebidos 0, Itens a Receber 1..
22:26:10 | Player [Bodzin] | --------------------------------------.
