10:27:55 | Player [Piinotii] | Processando 1 itens a entregar....
10:27:55 | Player [Piinotii] | Item Data: {"log_id":333,"item_count":1,"item_id":12696,"item_name":"Premium Ticket - 1 semana","use_present":true,"item_action_id":0}.
10:27:55 | Player [Piinotii] | Item Data Entregue com sucesso: {"log_id":333,"item_count":1,"item_id":12696,"item_name":"Premium Ticket - 1 semana","use_present":true,"item_action_id":0}.
10:27:55 | Player [Piinotii] | Processo concluido. Resultado: Total de itens 1, Itens não recebidos 0, Itens a Receber 1..
10:27:55 | Player [Piinotii] | --------------------------------------.
14:38:51 | Player [Abnadabe] | Processando 1 itens a entregar....
14:38:51 | Player [Abnadabe] | Item Data: {"log_id":334,"item_count":1,"item_id":12696,"item_name":"Premium Ticket - 1 semana","use_present":true,"item_action_id":0}.
14:38:51 | Player [Abnadabe] | Item Data Entregue com sucesso: {"log_id":334,"item_count":1,"item_id":12696,"item_name":"Premium Ticket - 1 semana","use_present":true,"item_action_id":0}.
14:38:51 | Player [Abnadabe] | Processo concluido. Resultado: Total de itens 1, Itens não recebidos 0, Itens a Receber 1..
14:38:51 | Player [Abnadabe] | --------------------------------------.
19:15:36 | Player [Big Low] | Processando 2 itens a entregar....
19:15:36 | Player [Big Low] | Item Data: {"log_id":335,"item_count":1,"item_id":12696,"item_name":"Premium Ticket - 1 semana","use_present":true,"item_action_id":0}.
19:15:36 | Player [Big Low] | Item Data: {"log_id":336,"item_count":1,"item_id":12696,"item_name":"Premium Ticket - 1 semana","use_present":true,"item_action_id":0}.
19:15:36 | Player [Big Low] | Item Data Entregue com sucesso: {"log_id":335,"item_count":1,"item_id":12696,"item_name":"Premium Ticket - 1 semana","use_present":true,"item_action_id":0}.
19:15:36 | Player [Big Low] | Item Data Entregue com sucesso: {"log_id":336,"item_count":1,"item_id":12696,"item_name":"Premium Ticket - 1 semana","use_present":true,"item_action_id":0}.
19:15:36 | Player [Big Low] | Processo concluido. Resultado: Total de itens 2, Itens não recebidos 0, Itens a Receber 2..
19:15:36 | Player [Big Low] | --------------------------------------.
19:49:46 | Player [Quero Mais] | Processando 1 itens a entregar....
19:49:46 | Player [Quero Mais] | Item Data: {"log_id":337,"item_count":1,"item_id":12696,"item_name":"Premium Ticket - 1 semana","use_present":true,"item_action_id":0}.
19:49:46 | Player [Quero Mais] | Item Data Entregue com sucesso: {"log_id":337,"item_count":1,"item_id":12696,"item_name":"Premium Ticket - 1 semana","use_present":true,"item_action_id":0}.
19:49:46 | Player [Quero Mais] | Processo concluido. Resultado: Total de itens 1, Itens não recebidos 0, Itens a Receber 1..
19:49:46 | Player [Quero Mais] | --------------------------------------.
20:55:48 | Player [Jack Wariv] | Processando 1 itens a entregar....
20:55:49 | Player [Jack Wariv] | Item Data: {"log_id":338,"item_count":1,"item_id":12696,"item_name":"Premium Ticket - 1 semana","use_present":true,"item_action_id":0}.
20:55:49 | Player [Jack Wariv] | Item Data Entregue com sucesso: {"log_id":338,"item_count":1,"item_id":12696,"item_name":"Premium Ticket - 1 semana","use_present":true,"item_action_id":0}.
20:55:49 | Player [Jack Wariv] | Processo concluido. Resultado: Total de itens 1, Itens não recebidos 0, Itens a Receber 1..
20:55:49 | Player [Jack Wariv] | --------------------------------------.
21:19:34 | Player [Wartank] | Processando 1 itens a entregar....
21:19:34 | Player [Wartank] | Item Data: {"log_id":339,"item_count":1,"item_id":12696,"item_name":"Premium Ticket - 1 semana","use_present":true,"item_action_id":0}.
21:19:34 | Player [Wartank] | Item Data Entregue com sucesso: {"log_id":339,"item_count":1,"item_id":12696,"item_name":"Premium Ticket - 1 semana","use_present":true,"item_action_id":0}.
21:19:34 | Player [Wartank] | Processo concluido. Resultado: Total de itens 1, Itens não recebidos 0, Itens a Receber 1..
21:19:34 | Player [Wartank] | --------------------------------------.
21:33:40 | Player [Wartank] | Processando 3 itens a entregar....
21:33:40 | Player [Wartank] | Item Data: {"log_id":340,"item_count":1,"item_id":12696,"item_name":"Premium Ticket - 1 semana","use_present":true,"item_action_id":0}.
21:33:40 | Player [Wartank] | Item Data: {"log_id":341,"item_count":1,"item_id":12696,"item_name":"Premium Ticket - 1 semana","use_present":true,"item_action_id":0}.
21:33:40 | Player [Wartank] | Item Data: {"log_id":342,"item_count":1,"item_id":12696,"item_name":"Premium Ticket - 1 semana","use_present":true,"item_action_id":0}.
21:33:40 | Player [Wartank] | Item Data Entregue com sucesso: {"log_id":340,"item_count":1,"item_id":12696,"item_name":"Premium Ticket - 1 semana","use_present":true,"item_action_id":0}.
21:33:40 | Player [Wartank] | Item Data Entregue com sucesso: {"log_id":341,"item_count":1,"item_id":12696,"item_name":"Premium Ticket - 1 semana","use_present":true,"item_action_id":0}.
21:33:40 | Player [Wartank] | Item Data Entregue com sucesso: {"log_id":342,"item_count":1,"item_id":12696,"item_name":"Premium Ticket - 1 semana","use_present":true,"item_action_id":0}.
21:33:40 | Player [Wartank] | Processo concluido. Resultado: Total de itens 3, Itens não recebidos 0, Itens a Receber 3..
21:33:40 | Player [Wartank] | --------------------------------------.
21:52:36 | Player [Wartank] | Processando 1 itens a entregar....
21:52:36 | Player [Wartank] | Item Data: {"log_id":343,"item_count":1,"item_id":12696,"item_name":"Premium Ticket - 1 semana","use_present":true,"item_action_id":0}.
21:52:36 | Player [Wartank] | Item Data Entregue com sucesso: {"log_id":343,"item_count":1,"item_id":12696,"item_name":"Premium Ticket - 1 semana","use_present":true,"item_action_id":0}.
21:52:36 | Player [Wartank] | Processo concluido. Resultado: Total de itens 1, Itens não recebidos 0, Itens a Receber 1..
21:52:36 | Player [Wartank] | --------------------------------------.
22:47:50 | Player [Stylle knight] | Processando 1 itens a entregar....
22:47:50 | Player [Stylle knight] | Item Data: {"log_id":344,"item_count":1,"item_id":12690,"item_name":"Premium Ticket - 1 mes","use_present":true,"item_action_id":0}.
22:47:50 | Player [Stylle knight] | Item Data Entregue com sucesso: {"log_id":344,"item_count":1,"item_id":12690,"item_name":"Premium Ticket - 1 mes","use_present":true,"item_action_id":0}.
22:47:50 | Player [Stylle knight] | Processo concluido. Resultado: Total de itens 1, Itens não recebidos 0, Itens a Receber 1..
22:47:50 | Player [Stylle knight] | --------------------------------------.
01:49:52 | Player [Elderzinha Rox] | Processando 1 itens a entregar....
01:49:52 | Player [Elderzinha Rox] | Item Data: {"log_id":3877,"item_count":100,"item_id":2160,"item_name":"Crystal Coin","use_present":true,"item_action_id":0}.
01:49:52 | Player [Elderzinha Rox] | Item Data Entregue com sucesso: {"log_id":3877,"item_count":100,"item_id":2160,"item_name":"Crystal Coin","use_present":true,"item_action_id":0}.
01:49:52 | Player [Elderzinha Rox] | Processo concluido. Resultado: Total de itens 1, Itens não recebidos 0, Itens a Receber 1..
01:49:52 | Player [Elderzinha Rox] | --------------------------------------.
01:51:02 | Player [Elderzinha Rox] | Processando 2 itens a entregar....
01:51:02 | Player [Elderzinha Rox] | Item Data: {"log_id":3879,"item_count":100,"item_id":2160,"item_name":"Crystal Coin","use_present":true,"item_action_id":0}.
01:51:02 | Player [Elderzinha Rox] | Item Data: {"log_id":3880,"item_count":1,"item_id":6132,"item_name":"Soft Boots","use_present":true,"item_action_id":0}.
01:51:02 | Player [Elderzinha Rox] | Item Data Entregue com sucesso: {"log_id":3879,"item_count":100,"item_id":2160,"item_name":"Crystal Coin","use_present":true,"item_action_id":0}.
01:51:02 | Player [Elderzinha Rox] | Item Data Entregue com sucesso: {"log_id":3880,"item_count":1,"item_id":6132,"item_name":"Soft Boots","use_present":true,"item_action_id":0}.
01:51:02 | Player [Elderzinha Rox] | Processo concluido. Resultado: Total de itens 2, Itens não recebidos 0, Itens a Receber 2..
01:51:02 | Player [Elderzinha Rox] | --------------------------------------.
01:52:09 | Player [Kanaith bolado] | Processando 1 itens a entregar....
01:52:09 | Player [Kanaith bolado] | Item Data: {"log_id":3878,"item_count":100,"item_id":2160,"item_name":"Crystal Coin","use_present":true,"item_action_id":0}.
01:52:09 | Player [Kanaith bolado] | Item Data Entregue com sucesso: {"log_id":3878,"item_count":100,"item_id":2160,"item_name":"Crystal Coin","use_present":true,"item_action_id":0}.
01:52:09 | Player [Kanaith bolado] | Processo concluido. Resultado: Total de itens 1, Itens não recebidos 0, Itens a Receber 1..
01:52:09 | Player [Kanaith bolado] | --------------------------------------.
01:59:28 | Player [Jhonny Walker] | Processando 2 itens a entregar....
01:59:28 | Player [Jhonny Walker] | Item Data: {"log_id":3881,"item_count":100,"item_id":2160,"item_name":"Crystal Coin","use_present":true,"item_action_id":0}.
01:59:28 | Player [Jhonny Walker] | Item Data: {"log_id":3882,"item_count":100,"item_id":2160,"item_name":"Crystal Coin","use_present":true,"item_action_id":0}.
01:59:28 | Player [Jhonny Walker] | Item Data Entregue com sucesso: {"log_id":3881,"item_count":100,"item_id":2160,"item_name":"Crystal Coin","use_present":true,"item_action_id":0}.
01:59:28 | Player [Jhonny Walker] | Item Data Entregue com sucesso: {"log_id":3882,"item_count":100,"item_id":2160,"item_name":"Crystal Coin","use_present":true,"item_action_id":0}.
01:59:28 | Player [Jhonny Walker] | Processo concluido. Resultado: Total de itens 2, Itens não recebidos 0, Itens a Receber 2..
01:59:28 | Player [Jhonny Walker] | --------------------------------------.
02:12:05 | Player [Nidalee] | Processando 2 itens a entregar....
02:12:05 | Player [Nidalee] | Item Data: {"log_id":3883,"item_count":1,"item_id":6132,"item_name":"Soft Boots","use_present":true,"item_action_id":0}.
02:12:05 | Player [Nidalee] | Item Data: {"log_id":3884,"item_count":100,"item_id":2160,"item_name":"Crystal Coin","use_present":true,"item_action_id":0}.
02:12:05 | Player [Nidalee] | Item Data Entregue com sucesso: {"log_id":3883,"item_count":1,"item_id":6132,"item_name":"Soft Boots","use_present":true,"item_action_id":0}.
02:12:05 | Player [Nidalee] | Item Data Entregue com sucesso: {"log_id":3884,"item_count":100,"item_id":2160,"item_name":"Crystal Coin","use_present":true,"item_action_id":0}.
02:12:05 | Player [Nidalee] | Processo concluido. Resultado: Total de itens 2, Itens não recebidos 0, Itens a Receber 2..
02:12:05 | Player [Nidalee] | --------------------------------------.
02:15:12 | Player [Jhonny Walker] | Processando 1 itens a entregar....
02:15:12 | Player [Jhonny Walker] | Capacidade esgotada, entregando os itens previamente processados..
02:15:12 | Player [Jhonny Walker] | Processo concluido. Resultado: Total de itens 1, Itens não recebidos 0, Itens a Receber 0..
02:15:12 | Player [Jhonny Walker] | --------------------------------------.
02:15:26 | Player [Jhonny Walker] | Processando 1 itens a entregar....
02:15:26 | Player [Jhonny Walker] | Capacidade esgotada, entregando os itens previamente processados..
02:15:26 | Player [Jhonny Walker] | Processo concluido. Resultado: Total de itens 1, Itens não recebidos 0, Itens a Receber 0..
02:15:26 | Player [Jhonny Walker] | --------------------------------------.
02:15:36 | Player [Jhonny Walker] | Processando 1 itens a entregar....
02:15:36 | Player [Jhonny Walker] | Capacidade esgotada, entregando os itens previamente processados..
02:15:36 | Player [Jhonny Walker] | Processo concluido. Resultado: Total de itens 1, Itens não recebidos 0, Itens a Receber 0..
02:15:36 | Player [Jhonny Walker] | --------------------------------------.
02:17:34 | Player [Jhonny Walker] | Processando 1 itens a entregar....
02:17:34 | Player [Jhonny Walker] | Capacidade esgotada, entregando os itens previamente processados..
02:17:34 | Player [Jhonny Walker] | Processo concluido. Resultado: Total de itens 1, Itens não recebidos 0, Itens a Receber 0..
02:17:34 | Player [Jhonny Walker] | --------------------------------------.
02:21:23 | Player [Slash on Uniterian] | Processando 1 itens a entregar....
02:21:23 | Player [Slash on Uniterian] | Item Data: {"log_id":3886,"item_count":1,"item_id":8927,"item_name":"Dark Trinity Mace","use_present":true,"item_action_id":0}.
02:21:23 | Player [Slash on Uniterian] | Item Data Entregue com sucesso: {"log_id":3886,"item_count":1,"item_id":8927,"item_name":"Dark Trinity Mace","use_present":true,"item_action_id":0}.
02:21:23 | Player [Slash on Uniterian] | Processo concluido. Resultado: Total de itens 1, Itens não recebidos 0, Itens a Receber 1..
02:21:23 | Player [Slash on Uniterian] | --------------------------------------.
02:41:32 | Player [Jhonny Walker] | Processando 1 itens a entregar....
02:41:32 | Player [Jhonny Walker] | Item Data: {"log_id":3885,"item_count":1,"item_id":8925,"item_name":"Solar Axe","use_present":true,"item_action_id":0}.
02:41:32 | Player [Jhonny Walker] | Item Data Entregue com sucesso: {"log_id":3885,"item_count":1,"item_id":8925,"item_name":"Solar Axe","use_present":true,"item_action_id":0}.
02:41:32 | Player [Jhonny Walker] | Processo concluido. Resultado: Total de itens 1, Itens não recebidos 0, Itens a Receber 1..
02:41:32 | Player [Jhonny Walker] | --------------------------------------.
08:07:21 | Player [Genival Lacerda] | Processando 3 itens a entregar....
08:07:21 | Player [Genival Lacerda] | Item Data: {"log_id":3887,"item_count":1,"item_id":6132,"item_name":"Soft Boots","use_present":true,"item_action_id":0}.
08:07:21 | Player [Genival Lacerda] | Item Data: {"log_id":3888,"item_count":1,"item_id":6132,"item_name":"Soft Boots","use_present":true,"item_action_id":0}.
08:07:21 | Player [Genival Lacerda] | Item Data: {"log_id":3889,"item_count":1,"item_id":12644,"item_name":"Shield of Corruption","use_present":true,"item_action_id":0}.
08:07:21 | Player [Genival Lacerda] | Item Data Entregue com sucesso: {"log_id":3887,"item_count":1,"item_id":6132,"item_name":"Soft Boots","use_present":true,"item_action_id":0}.
08:07:21 | Player [Genival Lacerda] | Item Data Entregue com sucesso: {"log_id":3888,"item_count":1,"item_id":6132,"item_name":"Soft Boots","use_present":true,"item_action_id":0}.
08:07:21 | Player [Genival Lacerda] | Item Data Entregue com sucesso: {"log_id":3889,"item_count":1,"item_id":12644,"item_name":"Shield of Corruption","use_present":true,"item_action_id":0}.
08:07:21 | Player [Genival Lacerda] | Processo concluido. Resultado: Total de itens 3, Itens não recebidos 0, Itens a Receber 3..
08:07:21 | Player [Genival Lacerda] | --------------------------------------.
09:26:02 | Player [Forsaken] | Processando 1 itens a entregar....
09:26:02 | Player [Forsaken] | Item Data: {"log_id":3890,"item_count":1,"item_id":8925,"item_name":"Solar Axe","use_present":true,"item_action_id":0}.
09:26:02 | Player [Forsaken] | Item Data Entregue com sucesso: {"log_id":3890,"item_count":1,"item_id":8925,"item_name":"Solar Axe","use_present":true,"item_action_id":0}.
09:26:02 | Player [Forsaken] | Processo concluido. Resultado: Total de itens 1, Itens não recebidos 0, Itens a Receber 1..
09:26:02 | Player [Forsaken] | --------------------------------------.
10:47:48 | Player [Brutuallity] | Processando 1 itens a entregar....
10:47:48 | Player [Brutuallity] | Item Data: {"log_id":3891,"item_count":100,"item_id":2160,"item_name":"Crystal Coin","use_present":true,"item_action_id":0}.
10:47:48 | Player [Brutuallity] | Item Data Entregue com sucesso: {"log_id":3891,"item_count":100,"item_id":2160,"item_name":"Crystal Coin","use_present":true,"item_action_id":0}.
10:47:48 | Player [Brutuallity] | Processo concluido. Resultado: Total de itens 1, Itens não recebidos 0, Itens a Receber 1..
10:47:48 | Player [Brutuallity] | --------------------------------------.
12:34:09 | Player [Partoba] | Processando 2 itens a entregar....
12:34:09 | Player [Partoba] | Item Data: {"log_id":3892,"item_count":100,"item_id":2160,"item_name":"Crystal Coin","use_present":true,"item_action_id":0}.
12:34:09 | Player [Partoba] | Item Data: {"log_id":3893,"item_count":100,"item_id":2160,"item_name":"Crystal Coin","use_present":true,"item_action_id":0}.
12:34:09 | Player [Partoba] | Item Data Entregue com sucesso: {"log_id":3892,"item_count":100,"item_id":2160,"item_name":"Crystal Coin","use_present":true,"item_action_id":0}.
12:34:09 | Player [Partoba] | Item Data Entregue com sucesso: {"log_id":3893,"item_count":100,"item_id":2160,"item_name":"Crystal Coin","use_present":true,"item_action_id":0}.
12:34:09 | Player [Partoba] | Processo concluido. Resultado: Total de itens 2, Itens não recebidos 0, Itens a Receber 2..
12:34:09 | Player [Partoba] | --------------------------------------.
12:35:07 | Player [Smoklyn] | Processando 2 itens a entregar....
12:35:07 | Player [Smoklyn] | Item Data: {"log_id":3894,"item_count":1,"item_id":6132,"item_name":"Soft Boots","use_present":true,"item_action_id":0}.
12:35:07 | Player [Smoklyn] | Item Data: {"log_id":3895,"item_count":1,"item_id":6132,"item_name":"Soft Boots","use_present":true,"item_action_id":0}.
12:35:07 | Player [Smoklyn] | Item Data Entregue com sucesso: {"log_id":3894,"item_count":1,"item_id":6132,"item_name":"Soft Boots","use_present":true,"item_action_id":0}.
12:35:07 | Player [Smoklyn] | Item Data Entregue com sucesso: {"log_id":3895,"item_count":1,"item_id":6132,"item_name":"Soft Boots","use_present":true,"item_action_id":0}.
12:35:07 | Player [Smoklyn] | Processo concluido. Resultado: Total de itens 2, Itens não recebidos 0, Itens a Receber 2..
12:35:07 | Player [Smoklyn] | --------------------------------------.
12:35:31 | Player [AxT Soundz] | Processando 1 itens a entregar....
12:35:31 | Player [AxT Soundz] | Item Data: {"log_id":3896,"item_count":1,"item_id":6132,"item_name":"Soft Boots","use_present":true,"item_action_id":0}.
12:35:31 | Player [AxT Soundz] | Item Data Entregue com sucesso: {"log_id":3896,"item_count":1,"item_id":6132,"item_name":"Soft Boots","use_present":true,"item_action_id":0}.
12:35:31 | Player [AxT Soundz] | Processo concluido. Resultado: Total de itens 1, Itens não recebidos 0, Itens a Receber 1..
12:35:31 | Player [AxT Soundz] | --------------------------------------.
12:41:24 | Player [AxT Soundz] | Processando 1 itens a entregar....
12:41:24 | Player [AxT Soundz] | Item Data: {"log_id":3897,"item_count":100,"item_id":2160,"item_name":"Crystal Coin","use_present":true,"item_action_id":0}.
12:41:24 | Player [AxT Soundz] | Item Data Entregue com sucesso: {"log_id":3897,"item_count":100,"item_id":2160,"item_name":"Crystal Coin","use_present":true,"item_action_id":0}.
12:41:24 | Player [AxT Soundz] | Processo concluido. Resultado: Total de itens 1, Itens não recebidos 0, Itens a Receber 1..
12:41:24 | Player [AxT Soundz] | --------------------------------------.
12:52:02 | Player [PPK Kina] | Processando 1 itens a entregar....
12:52:02 | Player [PPK Kina] | Item Data: {"log_id":3898,"item_count":1,"item_id":6132,"item_name":"Soft Boots","use_present":true,"item_action_id":0}.
12:52:02 | Player [PPK Kina] | Item Data Entregue com sucesso: {"log_id":3898,"item_count":1,"item_id":6132,"item_name":"Soft Boots","use_present":true,"item_action_id":0}.
12:52:02 | Player [PPK Kina] | Processo concluido. Resultado: Total de itens 1, Itens não recebidos 0, Itens a Receber 1..
12:52:02 | Player [PPK Kina] | --------------------------------------.
12:52:15 | Player [PPK Kina] | Processando 1 itens a entregar....
12:52:15 | Player [PPK Kina] | Item Data: {"log_id":3899,"item_count":100,"item_id":2160,"item_name":"Crystal Coin","use_present":true,"item_action_id":0}.
12:52:15 | Player [PPK Kina] | Item Data Entregue com sucesso: {"log_id":3899,"item_count":100,"item_id":2160,"item_name":"Crystal Coin","use_present":true,"item_action_id":0}.
12:52:15 | Player [PPK Kina] | Processo concluido. Resultado: Total de itens 1, Itens não recebidos 0, Itens a Receber 1..
12:52:15 | Player [PPK Kina] | --------------------------------------.
13:03:24 | Player [SheldonKina] | Processando 1 itens a entregar....
13:03:24 | Player [SheldonKina] | Item Data: {"log_id":3902,"item_count":1,"item_id":6132,"item_name":"Soft Boots","use_present":true,"item_action_id":0}.
13:03:24 | Player [SheldonKina] | Item Data Entregue com sucesso: {"log_id":3902,"item_count":1,"item_id":6132,"item_name":"Soft Boots","use_present":true,"item_action_id":0}.
13:03:24 | Player [SheldonKina] | Processo concluido. Resultado: Total de itens 1, Itens não recebidos 0, Itens a Receber 1..
13:03:24 | Player [SheldonKina] | --------------------------------------.
13:03:56 | Player [Wax Shooter] | Processando 3 itens a entregar....
13:03:56 | Player [Wax Shooter] | Item Data: {"log_id":3900,"item_count":100,"item_id":2160,"item_name":"Crystal Coin","use_present":true,"item_action_id":0}.
13:03:56 | Player [Wax Shooter] | Item Data: {"log_id":3901,"item_count":100,"item_id":2160,"item_name":"Crystal Coin","use_present":true,"item_action_id":0}.
13:03:56 | Player [Wax Shooter] | Item Data: {"log_id":3903,"item_count":1,"item_id":6132,"item_name":"Soft Boots","use_present":true,"item_action_id":0}.
13:03:56 | Player [Wax Shooter] | Item Data Entregue com sucesso: {"log_id":3900,"item_count":100,"item_id":2160,"item_name":"Crystal Coin","use_present":true,"item_action_id":0}.
13:03:56 | Player [Wax Shooter] | Item Data Entregue com sucesso: {"log_id":3901,"item_count":100,"item_id":2160,"item_name":"Crystal Coin","use_present":true,"item_action_id":0}.
13:03:56 | Player [Wax Shooter] | Item Data Entregue com sucesso: {"log_id":3903,"item_count":1,"item_id":6132,"item_name":"Soft Boots","use_present":true,"item_action_id":0}.
13:03:56 | Player [Wax Shooter] | Processo concluido. Resultado: Total de itens 3, Itens não recebidos 0, Itens a Receber 3..
13:03:56 | Player [Wax Shooter] | --------------------------------------.
13:08:38 | Player [Brutuallity] | Processando 1 itens a entregar....
13:08:38 | Player [Brutuallity] | Item Data: {"log_id":3904,"item_count":1,"item_id":6132,"item_name":"Soft Boots","use_present":true,"item_action_id":0}.
13:08:38 | Player [Brutuallity] | Item Data Entregue com sucesso: {"log_id":3904,"item_count":1,"item_id":6132,"item_name":"Soft Boots","use_present":true,"item_action_id":0}.
13:08:38 | Player [Brutuallity] | Processo concluido. Resultado: Total de itens 1, Itens não recebidos 0, Itens a Receber 1..
13:08:38 | Player [Brutuallity] | --------------------------------------.
13:37:23 | Player [Filha Do Mal] | Processando 1 itens a entregar....
13:37:23 | Player [Filha Do Mal] | Item Data: {"log_id":3905,"item_count":100,"item_id":2160,"item_name":"Crystal Coin","use_present":true,"item_action_id":0}.
13:37:23 | Player [Filha Do Mal] | Item Data Entregue com sucesso: {"log_id":3905,"item_count":100,"item_id":2160,"item_name":"Crystal Coin","use_present":true,"item_action_id":0}.
13:37:23 | Player [Filha Do Mal] | Processo concluido. Resultado: Total de itens 1, Itens não recebidos 0, Itens a Receber 1..
13:37:23 | Player [Filha Do Mal] | --------------------------------------.
13:39:57 | Player [SheldonKina] | Processando 1 itens a entregar....
13:39:57 | Player [SheldonKina] | Item Data: {"log_id":3906,"item_count":100,"item_id":2160,"item_name":"Crystal Coin","use_present":true,"item_action_id":0}.
13:39:57 | Player [SheldonKina] | Item Data Entregue com sucesso: {"log_id":3906,"item_count":100,"item_id":2160,"item_name":"Crystal Coin","use_present":true,"item_action_id":0}.
13:39:57 | Player [SheldonKina] | Processo concluido. Resultado: Total de itens 1, Itens não recebidos 0, Itens a Receber 1..
13:39:57 | Player [SheldonKina] | --------------------------------------.
13:52:44 | Player [PPK Well] | Processando 1 itens a entregar....
13:52:44 | Player [PPK Well] | Item Data: {"log_id":3907,"item_count":1,"item_id":9778,"item_name":"Yalahari Mask","use_present":true,"item_action_id":0}.
13:52:44 | Player [PPK Well] | Item Data Entregue com sucesso: {"log_id":3907,"item_count":1,"item_id":9778,"item_name":"Yalahari Mask","use_present":true,"item_action_id":0}.
13:52:44 | Player [PPK Well] | Processo concluido. Resultado: Total de itens 1, Itens não recebidos 0, Itens a Receber 1..
13:52:44 | Player [PPK Well] | --------------------------------------.
13:55:22 | Player [PPK Well] | Processando 3 itens a entregar....
13:55:22 | Player [PPK Well] | Item Data: {"log_id":3908,"item_count":1,"item_id":6132,"item_name":"Soft Boots","use_present":true,"item_action_id":0}.
13:55:22 | Player [PPK Well] | Item Data: {"log_id":3909,"item_count":1,"item_id":12643,"item_name":"Royal Scale Robe","use_present":true,"item_action_id":0}.
13:55:22 | Player [PPK Well] | Item Data: {"log_id":3910,"item_count":1,"item_id":8918,"item_name":"Spellbook of Dark Mysteries","use_present":true,"item_action_id":0}.
13:55:22 | Player [PPK Well] | Item Data Entregue com sucesso: {"log_id":3908,"item_count":1,"item_id":6132,"item_name":"Soft Boots","use_present":true,"item_action_id":0}.
13:55:22 | Player [PPK Well] | Item Data Entregue com sucesso: {"log_id":3909,"item_count":1,"item_id":12643,"item_name":"Royal Scale Robe","use_present":true,"item_action_id":0}.
13:55:22 | Player [PPK Well] | Item Data Entregue com sucesso: {"log_id":3910,"item_count":1,"item_id":8918,"item_name":"Spellbook of Dark Mysteries","use_present":true,"item_action_id":0}.
13:55:22 | Player [PPK Well] | Processo concluido. Resultado: Total de itens 3, Itens não recebidos 0, Itens a Receber 3..
13:55:22 | Player [PPK Well] | --------------------------------------.
13:59:02 | Player [PPK Well] | Processando 1 itens a entregar....
13:59:02 | Player [PPK Well] | Item Data: {"log_id":3911,"item_count":100,"item_id":2160,"item_name":"Crystal Coin","use_present":true,"item_action_id":0}.
13:59:02 | Player [PPK Well] | Item Data Entregue com sucesso: {"log_id":3911,"item_count":100,"item_id":2160,"item_name":"Crystal Coin","use_present":true,"item_action_id":0}.
13:59:02 | Player [PPK Well] | Processo concluido. Resultado: Total de itens 1, Itens não recebidos 0, Itens a Receber 1..
13:59:02 | Player [PPK Well] | --------------------------------------.
14:09:09 | Player [PPK Well] | Processando 1 itens a entregar....
14:09:09 | Player [PPK Well] | Item Data: {"log_id":3912,"item_count":1,"item_id":6132,"item_name":"Soft Boots","use_present":true,"item_action_id":0}.
14:09:09 | Player [PPK Well] | Item Data Entregue com sucesso: {"log_id":3912,"item_count":1,"item_id":6132,"item_name":"Soft Boots","use_present":true,"item_action_id":0}.
14:09:09 | Player [PPK Well] | Processo concluido. Resultado: Total de itens 1, Itens não recebidos 0, Itens a Receber 1..
14:09:09 | Player [PPK Well] | --------------------------------------.
14:42:43 | Player [AxT Unknown] | Processando 6 itens a entregar....
14:42:43 | Player [AxT Unknown] | Item Data: {"log_id":3913,"item_count":100,"item_id":2160,"item_name":"Crystal Coin","use_present":true,"item_action_id":0}.
14:42:43 | Player [AxT Unknown] | Item Data: {"log_id":3914,"item_count":100,"item_id":2160,"item_name":"Crystal Coin","use_present":true,"item_action_id":0}.
14:42:43 | Player [AxT Unknown] | Item Data: {"log_id":3915,"item_count":100,"item_id":2160,"item_name":"Crystal Coin","use_present":true,"item_action_id":0}.
14:42:43 | Player [AxT Unknown] | Item Data: {"log_id":3916,"item_count":100,"item_id":2160,"item_name":"Crystal Coin","use_present":true,"item_action_id":0}.
14:42:43 | Player [AxT Unknown] | Item Data: {"log_id":3917,"item_count":100,"item_id":2160,"item_name":"Crystal Coin","use_present":true,"item_action_id":0}.
14:42:43 | Player [AxT Unknown] | Item Data: {"log_id":3918,"item_count":100,"item_id":2160,"item_name":"Crystal Coin","use_present":true,"item_action_id":0}.
14:42:43 | Player [AxT Unknown] | Item Data Entregue com sucesso: {"log_id":3913,"item_count":100,"item_id":2160,"item_name":"Crystal Coin","use_present":true,"item_action_id":0}.
14:42:43 | Player [AxT Unknown] | Item Data Entregue com sucesso: {"log_id":3914,"item_count":100,"item_id":2160,"item_name":"Crystal Coin","use_present":true,"item_action_id":0}.
14:42:43 | Player [AxT Unknown] | Item Data Entregue com sucesso: {"log_id":3915,"item_count":100,"item_id":2160,"item_name":"Crystal Coin","use_present":true,"item_action_id":0}.
14:42:43 | Player [AxT Unknown] | Item Data Entregue com sucesso: {"log_id":3916,"item_count":100,"item_id":2160,"item_name":"Crystal Coin","use_present":true,"item_action_id":0}.
14:42:43 | Player [AxT Unknown] | Item Data Entregue com sucesso: {"log_id":3917,"item_count":100,"item_id":2160,"item_name":"Crystal Coin","use_present":true,"item_action_id":0}.
14:42:43 | Player [AxT Unknown] | Item Data Entregue com sucesso: {"log_id":3918,"item_count":100,"item_id":2160,"item_name":"Crystal Coin","use_present":true,"item_action_id":0}.
14:42:43 | Player [AxT Unknown] | Processo concluido. Resultado: Total de itens 6, Itens não recebidos 0, Itens a Receber 6..
14:42:43 | Player [AxT Unknown] | --------------------------------------.
15:30:54 | Player [Ball-Z] | Processando 1 itens a entregar....
15:30:54 | Player [Ball-Z] | Item Data: {"log_id":3919,"item_count":100,"item_id":2160,"item_name":"Crystal Coin","use_present":true,"item_action_id":0}.
15:30:54 | Player [Ball-Z] | Item Data Entregue com sucesso: {"log_id":3919,"item_count":100,"item_id":2160,"item_name":"Crystal Coin","use_present":true,"item_action_id":0}.
15:30:54 | Player [Ball-Z] | Processo concluido. Resultado: Total de itens 1, Itens não recebidos 0, Itens a Receber 1..
15:30:54 | Player [Ball-Z] | --------------------------------------.
15:33:27 | Player [Mago Negro] | Processando 1 itens a entregar....
15:33:27 | Player [Mago Negro] | Item Data: {"log_id":3920,"item_count":1,"item_id":6132,"item_name":"Soft Boots","use_present":true,"item_action_id":0}.
15:33:27 | Player [Mago Negro] | Item Data Entregue com sucesso: {"log_id":3920,"item_count":1,"item_id":6132,"item_name":"Soft Boots","use_present":true,"item_action_id":0}.
15:33:27 | Player [Mago Negro] | Processo concluido. Resultado: Total de itens 1, Itens não recebidos 0, Itens a Receber 1..
15:33:27 | Player [Mago Negro] | --------------------------------------.
