18:00:56 | Player [Blame Wrestler] | Processando 1 itens a entregar....
18:00:56 | Player [Blame Wrestler] | Item Data: {"log_id":98,"item_count":1,"item_id":12696,"item_name":"Premium Ticket - 1 semana","use_present":true,"item_action_id":0}.
18:00:56 | Player [Blame Wrestler] | Item Data Entregue com sucesso: {"log_id":98,"item_count":1,"item_id":12696,"item_name":"Premium Ticket - 1 semana","use_present":true,"item_action_id":0}.
18:00:56 | Player [Blame Wrestler] | Processo concluido. Resultado: Total de itens 1, Itens não recebidos 0, Itens a Receber 1..
18:00:56 | Player [Blame Wrestler] | --------------------------------------.
19:54:58 | Player [Gambazin] | Processando 1 itens a entregar....
19:54:58 | Player [Gambazin] | Item Data: {"log_id":99,"item_count":1,"item_id":12696,"item_name":"Premium Ticket - 1 semana","use_present":true,"item_action_id":0}.
19:54:58 | Player [Gambazin] | Item Data Entregue com sucesso: {"log_id":99,"item_count":1,"item_id":12696,"item_name":"Premium Ticket - 1 semana","use_present":true,"item_action_id":0}.
19:54:58 | Player [Gambazin] | Processo concluido. Resultado: Total de itens 1, Itens não recebidos 0, Itens a Receber 1..
19:54:58 | Player [Gambazin] | --------------------------------------.
20:37:23 | Player [Gatinho Da Night] | Processando 1 itens a entregar....
20:37:23 | Player [Gatinho Da Night] | Item Data: {"log_id":100,"item_count":1,"item_id":12696,"item_name":"Premium Ticket - 1 semana","use_present":true,"item_action_id":0}.
20:37:23 | Player [Gatinho Da Night] | Item Data Entregue com sucesso: {"log_id":100,"item_count":1,"item_id":12696,"item_name":"Premium Ticket - 1 semana","use_present":true,"item_action_id":0}.
20:37:23 | Player [Gatinho Da Night] | Processo concluido. Resultado: Total de itens 1, Itens não recebidos 0, Itens a Receber 1..
20:37:23 | Player [Gatinho Da Night] | --------------------------------------.
14:11:49 | Player [Eagot Panis] | Processando 1 itens a entregar....
14:11:49 | Player [Eagot Panis] | Item Data: {"log_id":529,"item_count":1,"item_id":12691,"item_name":"Assassin outfit ticket","use_present":true,"item_action_id":"13"}.
14:11:49 | Player [Eagot Panis] | Item Data Entregue com sucesso: {"log_id":529,"item_count":1,"item_id":12691,"item_name":"Assassin outfit ticket","use_present":true,"item_action_id":"13"}.
14:11:49 | Player [Eagot Panis] | Processo concluido. Resultado: Total de itens 1, Itens não recebidos 0, Itens a Receber 1..
14:11:49 | Player [Eagot Panis] | --------------------------------------.
