12:22:08 | Player [Sir Of Warrior] | Processando 5 itens a entregar....
12:22:08 | Player [Sir Of Warrior] | Item Data: {"log_id":345,"item_count":1,"item_id":12696,"item_name":"Premium Ticket - 1 semana","use_present":true,"item_action_id":0}.
12:22:08 | Player [Sir Of Warrior] | Item Data: {"log_id":346,"item_count":1,"item_id":12696,"item_name":"Premium Ticket - 1 semana","use_present":true,"item_action_id":0}.
12:22:08 | Player [Sir Of Warrior] | Item Data: {"log_id":347,"item_count":1,"item_id":12696,"item_name":"Premium Ticket - 1 semana","use_present":true,"item_action_id":0}.
12:22:08 | Player [Sir Of Warrior] | Item Data: {"log_id":348,"item_count":1,"item_id":12696,"item_name":"Premium Ticket - 1 semana","use_present":true,"item_action_id":0}.
12:22:08 | Player [Sir Of Warrior] | Item Data: {"log_id":349,"item_count":1,"item_id":12696,"item_name":"Premium Ticket - 1 semana","use_present":true,"item_action_id":0}.
12:22:08 | Player [Sir Of Warrior] | Item Data Entregue com sucesso: {"log_id":345,"item_count":1,"item_id":12696,"item_name":"Premium Ticket - 1 semana","use_present":true,"item_action_id":0}.
12:22:09 | Player [Sir Of Warrior] | Item Data Entregue com sucesso: {"log_id":346,"item_count":1,"item_id":12696,"item_name":"Premium Ticket - 1 semana","use_present":true,"item_action_id":0}.
12:22:09 | Player [Sir Of Warrior] | Item Data Entregue com sucesso: {"log_id":347,"item_count":1,"item_id":12696,"item_name":"Premium Ticket - 1 semana","use_present":true,"item_action_id":0}.
12:22:09 | Player [Sir Of Warrior] | Item Data Entregue com sucesso: {"log_id":348,"item_count":1,"item_id":12696,"item_name":"Premium Ticket - 1 semana","use_present":true,"item_action_id":0}.
12:22:09 | Player [Sir Of Warrior] | Item Data Entregue com sucesso: {"log_id":349,"item_count":1,"item_id":12696,"item_name":"Premium Ticket - 1 semana","use_present":true,"item_action_id":0}.
12:22:09 | Player [Sir Of Warrior] | Processo concluido. Resultado: Total de itens 5, Itens não recebidos 0, Itens a Receber 5..
12:22:09 | Player [Sir Of Warrior] | --------------------------------------.
13:18:25 | Player [Jack Wariv] | Processando 1 itens a entregar....
13:18:26 | Player [Jack Wariv] | Item Data: {"log_id":350,"item_count":1,"item_id":12696,"item_name":"Premium Ticket - 1 semana","use_present":true,"item_action_id":0}.
13:18:26 | Player [Jack Wariv] | Item Data Entregue com sucesso: {"log_id":350,"item_count":1,"item_id":12696,"item_name":"Premium Ticket - 1 semana","use_present":true,"item_action_id":0}.
13:18:26 | Player [Jack Wariv] | Processo concluido. Resultado: Total de itens 1, Itens não recebidos 0, Itens a Receber 1..
13:18:26 | Player [Jack Wariv] | --------------------------------------.
16:19:03 | Player [Sir Of Warrior] | Processando 3 itens a entregar....
16:19:03 | Player [Sir Of Warrior] | Item Data: {"log_id":351,"item_count":1,"item_id":12696,"item_name":"Premium Ticket - 1 semana","use_present":true,"item_action_id":0}.
16:19:03 | Player [Sir Of Warrior] | Item Data: {"log_id":352,"item_count":1,"item_id":12696,"item_name":"Premium Ticket - 1 semana","use_present":true,"item_action_id":0}.
16:19:03 | Player [Sir Of Warrior] | Item Data: {"log_id":353,"item_count":1,"item_id":12696,"item_name":"Premium Ticket - 1 semana","use_present":true,"item_action_id":0}.
16:19:03 | Player [Sir Of Warrior] | Item Data Entregue com sucesso: {"log_id":351,"item_count":1,"item_id":12696,"item_name":"Premium Ticket - 1 semana","use_present":true,"item_action_id":0}.
16:19:03 | Player [Sir Of Warrior] | Item Data Entregue com sucesso: {"log_id":352,"item_count":1,"item_id":12696,"item_name":"Premium Ticket - 1 semana","use_present":true,"item_action_id":0}.
16:19:03 | Player [Sir Of Warrior] | Item Data Entregue com sucesso: {"log_id":353,"item_count":1,"item_id":12696,"item_name":"Premium Ticket - 1 semana","use_present":true,"item_action_id":0}.
16:19:03 | Player [Sir Of Warrior] | Processo concluido. Resultado: Total de itens 3, Itens não recebidos 0, Itens a Receber 3..
16:19:03 | Player [Sir Of Warrior] | --------------------------------------.
22:25:29 | Player [Abnadabe] | Processando 1 itens a entregar....
22:25:29 | Player [Abnadabe] | Item Data: {"log_id":354,"item_count":1,"item_id":12696,"item_name":"Premium Ticket - 1 semana","use_present":true,"item_action_id":0}.
22:25:29 | Player [Abnadabe] | Item Data Entregue com sucesso: {"log_id":354,"item_count":1,"item_id":12696,"item_name":"Premium Ticket - 1 semana","use_present":true,"item_action_id":0}.
22:25:29 | Player [Abnadabe] | Processo concluido. Resultado: Total de itens 1, Itens não recebidos 0, Itens a Receber 1..
22:25:29 | Player [Abnadabe] | --------------------------------------.
11:49:24 | Player [Jhonny Walker] | Processando 2 itens a entregar....
11:49:24 | Player [Jhonny Walker] | Item Data: {"log_id":3921,"item_count":1,"item_id":6132,"item_name":"Soft Boots","use_present":true,"item_action_id":0}.
11:49:24 | Player [Jhonny Walker] | Item Data: {"log_id":3922,"item_count":100,"item_id":2160,"item_name":"Crystal Coin","use_present":true,"item_action_id":0}.
11:49:24 | Player [Jhonny Walker] | Item Data Entregue com sucesso: {"log_id":3921,"item_count":1,"item_id":6132,"item_name":"Soft Boots","use_present":true,"item_action_id":0}.
11:49:24 | Player [Jhonny Walker] | Item Data Entregue com sucesso: {"log_id":3922,"item_count":100,"item_id":2160,"item_name":"Crystal Coin","use_present":true,"item_action_id":0}.
11:49:24 | Player [Jhonny Walker] | Processo concluido. Resultado: Total de itens 2, Itens não recebidos 0, Itens a Receber 2..
11:49:24 | Player [Jhonny Walker] | --------------------------------------.
12:23:02 | Player [WakeUp] | Processando 1 itens a entregar....
12:23:02 | Player [WakeUp] | Item Data: {"log_id":3923,"item_count":100,"item_id":2160,"item_name":"Crystal Coin","use_present":true,"item_action_id":0}.
12:23:02 | Player [WakeUp] | Item Data Entregue com sucesso: {"log_id":3923,"item_count":100,"item_id":2160,"item_name":"Crystal Coin","use_present":true,"item_action_id":0}.
12:23:02 | Player [WakeUp] | Processo concluido. Resultado: Total de itens 1, Itens não recebidos 0, Itens a Receber 1..
12:23:02 | Player [WakeUp] | --------------------------------------.
12:32:03 | Player [Patola Rusher] | Processando 1 itens a entregar....
12:32:03 | Player [Patola Rusher] | Item Data: {"log_id":3924,"item_count":1,"item_id":6132,"item_name":"Soft Boots","use_present":true,"item_action_id":0}.
12:32:03 | Player [Patola Rusher] | Item Data Entregue com sucesso: {"log_id":3924,"item_count":1,"item_id":6132,"item_name":"Soft Boots","use_present":true,"item_action_id":0}.
12:32:03 | Player [Patola Rusher] | Processo concluido. Resultado: Total de itens 1, Itens não recebidos 0, Itens a Receber 1..
12:32:03 | Player [Patola Rusher] | --------------------------------------.
12:35:28 | Player [Patola Rusher] | Processando 1 itens a entregar....
12:35:28 | Player [Patola Rusher] | Item Data: {"log_id":3925,"item_count":1,"item_id":6132,"item_name":"Soft Boots","use_present":true,"item_action_id":0}.
12:35:28 | Player [Patola Rusher] | Item Data Entregue com sucesso: {"log_id":3925,"item_count":1,"item_id":6132,"item_name":"Soft Boots","use_present":true,"item_action_id":0}.
12:35:28 | Player [Patola Rusher] | Processo concluido. Resultado: Total de itens 1, Itens não recebidos 0, Itens a Receber 1..
12:35:28 | Player [Patola Rusher] | --------------------------------------.
13:11:10 | Player [Athenas] | Processando 1 itens a entregar....
13:11:10 | Player [Athenas] | Item Data: {"log_id":3930,"item_count":1,"item_id":6132,"item_name":"Soft Boots","use_present":true,"item_action_id":0}.
13:11:10 | Player [Athenas] | Item Data Entregue com sucesso: {"log_id":3930,"item_count":1,"item_id":6132,"item_name":"Soft Boots","use_present":true,"item_action_id":0}.
13:11:10 | Player [Athenas] | Processo concluido. Resultado: Total de itens 1, Itens não recebidos 0, Itens a Receber 1..
13:11:10 | Player [Athenas] | --------------------------------------.
13:12:02 | Player [Athenas] | Processando 1 itens a entregar....
13:12:02 | Player [Athenas] | Item Data: {"log_id":3931,"item_count":1,"item_id":6132,"item_name":"Soft Boots","use_present":true,"item_action_id":0}.
13:12:02 | Player [Athenas] | Item Data Entregue com sucesso: {"log_id":3931,"item_count":1,"item_id":6132,"item_name":"Soft Boots","use_present":true,"item_action_id":0}.
13:12:02 | Player [Athenas] | Processo concluido. Resultado: Total de itens 1, Itens não recebidos 0, Itens a Receber 1..
13:12:02 | Player [Athenas] | --------------------------------------.
13:12:32 | Player [Athenas] | Processando 1 itens a entregar....
13:12:32 | Player [Athenas] | Item Data: {"log_id":3932,"item_count":1,"item_id":6132,"item_name":"Soft Boots","use_present":true,"item_action_id":0}.
13:12:32 | Player [Athenas] | Item Data Entregue com sucesso: {"log_id":3932,"item_count":1,"item_id":6132,"item_name":"Soft Boots","use_present":true,"item_action_id":0}.
13:12:32 | Player [Athenas] | Processo concluido. Resultado: Total de itens 1, Itens não recebidos 0, Itens a Receber 1..
13:12:32 | Player [Athenas] | --------------------------------------.
13:12:55 | Player [Athenas] | Processando 1 itens a entregar....
13:12:55 | Player [Athenas] | Item Data: {"log_id":3933,"item_count":100,"item_id":2160,"item_name":"Crystal Coin","use_present":true,"item_action_id":0}.
13:12:55 | Player [Athenas] | Item Data Entregue com sucesso: {"log_id":3933,"item_count":100,"item_id":2160,"item_name":"Crystal Coin","use_present":true,"item_action_id":0}.
13:12:55 | Player [Athenas] | Processo concluido. Resultado: Total de itens 1, Itens não recebidos 0, Itens a Receber 1..
13:12:55 | Player [Athenas] | --------------------------------------.
13:52:03 | Player [Wax Shooter] | Processando 2 itens a entregar....
13:52:03 | Player [Wax Shooter] | Item Data: {"log_id":3934,"item_count":1,"item_id":6132,"item_name":"Soft Boots","use_present":true,"item_action_id":0}.
13:52:03 | Player [Wax Shooter] | Item Data: {"log_id":3935,"item_count":100,"item_id":2160,"item_name":"Crystal Coin","use_present":true,"item_action_id":0}.
13:52:03 | Player [Wax Shooter] | Item Data Entregue com sucesso: {"log_id":3934,"item_count":1,"item_id":6132,"item_name":"Soft Boots","use_present":true,"item_action_id":0}.
13:52:03 | Player [Wax Shooter] | Item Data Entregue com sucesso: {"log_id":3935,"item_count":100,"item_id":2160,"item_name":"Crystal Coin","use_present":true,"item_action_id":0}.
13:52:03 | Player [Wax Shooter] | Processo concluido. Resultado: Total de itens 2, Itens não recebidos 0, Itens a Receber 2..
13:52:03 | Player [Wax Shooter] | --------------------------------------.
13:53:23 | Player [Mago Sorce] | Processando 1 itens a entregar....
13:53:23 | Player [Mago Sorce] | Item Data: {"log_id":3936,"item_count":100,"item_id":2160,"item_name":"Crystal Coin","use_present":true,"item_action_id":0}.
13:53:23 | Player [Mago Sorce] | Item Data Entregue com sucesso: {"log_id":3936,"item_count":100,"item_id":2160,"item_name":"Crystal Coin","use_present":true,"item_action_id":0}.
13:53:23 | Player [Mago Sorce] | Processo concluido. Resultado: Total de itens 1, Itens não recebidos 0, Itens a Receber 1..
13:53:23 | Player [Mago Sorce] | --------------------------------------.
15:16:50 | Player [Lidera] | Processando 1 itens a entregar....
15:16:50 | Player [Lidera] | Item Data: {"log_id":3937,"item_count":1,"item_id":6132,"item_name":"Soft Boots","use_present":true,"item_action_id":0}.
15:16:50 | Player [Lidera] | Item Data Entregue com sucesso: {"log_id":3937,"item_count":1,"item_id":6132,"item_name":"Soft Boots","use_present":true,"item_action_id":0}.
15:16:52 | Player [Lidera] | Processo concluido. Resultado: Total de itens 1, Itens não recebidos 0, Itens a Receber 1..
15:16:52 | Player [Lidera] | --------------------------------------.
15:59:26 | Player [Wax Shooter] | Processando 2 itens a entregar....
15:59:26 | Player [Wax Shooter] | Item Data: {"log_id":3938,"item_count":100,"item_id":2160,"item_name":"Crystal Coin","use_present":true,"item_action_id":0}.
15:59:26 | Player [Wax Shooter] | Item Data: {"log_id":3939,"item_count":1,"item_id":6132,"item_name":"Soft Boots","use_present":true,"item_action_id":0}.
15:59:26 | Player [Wax Shooter] | Item Data Entregue com sucesso: {"log_id":3938,"item_count":100,"item_id":2160,"item_name":"Crystal Coin","use_present":true,"item_action_id":0}.
15:59:26 | Player [Wax Shooter] | Item Data Entregue com sucesso: {"log_id":3939,"item_count":1,"item_id":6132,"item_name":"Soft Boots","use_present":true,"item_action_id":0}.
15:59:26 | Player [Wax Shooter] | Processo concluido. Resultado: Total de itens 2, Itens não recebidos 0, Itens a Receber 2..
15:59:26 | Player [Wax Shooter] | --------------------------------------.
16:21:37 | Player [Hunfs] | Processando 1 itens a entregar....
16:21:37 | Player [Hunfs] | Item Data: {"log_id":3940,"item_count":100,"item_id":2160,"item_name":"Crystal Coin","use_present":true,"item_action_id":0}.
16:21:37 | Player [Hunfs] | Item Data Entregue com sucesso: {"log_id":3940,"item_count":100,"item_id":2160,"item_name":"Crystal Coin","use_present":true,"item_action_id":0}.
16:21:37 | Player [Hunfs] | Processo concluido. Resultado: Total de itens 1, Itens não recebidos 0, Itens a Receber 1..
16:21:37 | Player [Hunfs] | --------------------------------------.
16:37:01 | Player [Hunfs] | Processando 3 itens a entregar....
16:37:01 | Player [Hunfs] | Item Data: {"log_id":3941,"item_count":1,"item_id":6132,"item_name":"Soft Boots","use_present":true,"item_action_id":0}.
16:37:01 | Player [Hunfs] | Item Data: {"log_id":3942,"item_count":100,"item_id":2160,"item_name":"Crystal Coin","use_present":true,"item_action_id":0}.
16:37:01 | Player [Hunfs] | Item Data: {"log_id":3943,"item_count":100,"item_id":2160,"item_name":"Crystal Coin","use_present":true,"item_action_id":0}.
16:37:01 | Player [Hunfs] | Item Data Entregue com sucesso: {"log_id":3941,"item_count":1,"item_id":6132,"item_name":"Soft Boots","use_present":true,"item_action_id":0}.
16:37:01 | Player [Hunfs] | Item Data Entregue com sucesso: {"log_id":3942,"item_count":100,"item_id":2160,"item_name":"Crystal Coin","use_present":true,"item_action_id":0}.
16:37:01 | Player [Hunfs] | Item Data Entregue com sucesso: {"log_id":3943,"item_count":100,"item_id":2160,"item_name":"Crystal Coin","use_present":true,"item_action_id":0}.
16:37:01 | Player [Hunfs] | Processo concluido. Resultado: Total de itens 3, Itens não recebidos 0, Itens a Receber 3..
16:37:01 | Player [Hunfs] | --------------------------------------.
16:41:21 | Player [Partoba] | Processando 1 itens a entregar....
16:41:21 | Player [Partoba] | Item Data: {"log_id":3944,"item_count":1,"item_id":8931,"item_name":"The Epiphany","use_present":true,"item_action_id":0}.
16:41:21 | Player [Partoba] | Item Data Entregue com sucesso: {"log_id":3944,"item_count":1,"item_id":8931,"item_name":"The Epiphany","use_present":true,"item_action_id":0}.
16:41:21 | Player [Partoba] | Processo concluido. Resultado: Total de itens 1, Itens não recebidos 0, Itens a Receber 1..
16:41:21 | Player [Partoba] | --------------------------------------.
18:41:47 | Player [Patola Rusher] | Processando 1 itens a entregar....
18:41:47 | Player [Patola Rusher] | Item Data: {"log_id":3945,"item_count":1,"item_id":6132,"item_name":"Soft Boots","use_present":true,"item_action_id":0}.
18:41:47 | Player [Patola Rusher] | Item Data Entregue com sucesso: {"log_id":3945,"item_count":1,"item_id":6132,"item_name":"Soft Boots","use_present":true,"item_action_id":0}.
18:41:47 | Player [Patola Rusher] | Processo concluido. Resultado: Total de itens 1, Itens não recebidos 0, Itens a Receber 1..
18:41:47 | Player [Patola Rusher] | --------------------------------------.
19:49:37 | Player [Pelotinha Pvpzudo] | Processando 4 itens a entregar....
19:49:37 | Player [Pelotinha Pvpzudo] | Item Data: {"log_id":3926,"item_count":1,"item_id":5804,"item_name":"Nose Ring","use_present":true,"item_action_id":0}.
19:49:37 | Player [Pelotinha Pvpzudo] | Item Data: {"log_id":3927,"item_count":1,"item_id":6132,"item_name":"Soft Boots","use_present":true,"item_action_id":0}.
19:49:37 | Player [Pelotinha Pvpzudo] | Item Data: {"log_id":3928,"item_count":1,"item_id":6132,"item_name":"Soft Boots","use_present":true,"item_action_id":0}.
19:49:37 | Player [Pelotinha Pvpzudo] | Item Data: {"log_id":3929,"item_count":100,"item_id":2160,"item_name":"Crystal Coin","use_present":true,"item_action_id":0}.
19:49:37 | Player [Pelotinha Pvpzudo] | Item Data Entregue com sucesso: {"log_id":3926,"item_count":1,"item_id":5804,"item_name":"Nose Ring","use_present":true,"item_action_id":0}.
19:49:38 | Player [Pelotinha Pvpzudo] | Item Data Entregue com sucesso: {"log_id":3927,"item_count":1,"item_id":6132,"item_name":"Soft Boots","use_present":true,"item_action_id":0}.
19:49:38 | Player [Pelotinha Pvpzudo] | Item Data Entregue com sucesso: {"log_id":3928,"item_count":1,"item_id":6132,"item_name":"Soft Boots","use_present":true,"item_action_id":0}.
19:49:38 | Player [Pelotinha Pvpzudo] | Item Data Entregue com sucesso: {"log_id":3929,"item_count":100,"item_id":2160,"item_name":"Crystal Coin","use_present":true,"item_action_id":0}.
19:49:38 | Player [Pelotinha Pvpzudo] | Processo concluido. Resultado: Total de itens 4, Itens não recebidos 0, Itens a Receber 4..
19:49:38 | Player [Pelotinha Pvpzudo] | --------------------------------------.
19:50:59 | Player [AxT Sowkz] | Processando 2 itens a entregar....
19:50:59 | Player [AxT Sowkz] | Item Data: {"log_id":3946,"item_count":1,"item_id":6132,"item_name":"Soft Boots","use_present":true,"item_action_id":0}.
19:50:59 | Player [AxT Sowkz] | Item Data: {"log_id":3947,"item_count":100,"item_id":2160,"item_name":"Crystal Coin","use_present":true,"item_action_id":0}.
19:50:59 | Player [AxT Sowkz] | Item Data Entregue com sucesso: {"log_id":3946,"item_count":1,"item_id":6132,"item_name":"Soft Boots","use_present":true,"item_action_id":0}.
19:50:59 | Player [AxT Sowkz] | Item Data Entregue com sucesso: {"log_id":3947,"item_count":100,"item_id":2160,"item_name":"Crystal Coin","use_present":true,"item_action_id":0}.
19:50:59 | Player [AxT Sowkz] | Processo concluido. Resultado: Total de itens 2, Itens não recebidos 0, Itens a Receber 2..
19:50:59 | Player [AxT Sowkz] | --------------------------------------.
22:45:27 | Player [Tiao Galinha] | Processando 2 itens a entregar....
22:45:27 | Player [Tiao Galinha] | Item Data: {"log_id":3948,"item_count":100,"item_id":2160,"item_name":"Crystal Coin","use_present":true,"item_action_id":0}.
22:45:27 | Player [Tiao Galinha] | Item Data: {"log_id":3949,"item_count":100,"item_id":2160,"item_name":"Crystal Coin","use_present":true,"item_action_id":0}.
22:45:27 | Player [Tiao Galinha] | Item Data Entregue com sucesso: {"log_id":3948,"item_count":100,"item_id":2160,"item_name":"Crystal Coin","use_present":true,"item_action_id":0}.
22:45:27 | Player [Tiao Galinha] | Item Data Entregue com sucesso: {"log_id":3949,"item_count":100,"item_id":2160,"item_name":"Crystal Coin","use_present":true,"item_action_id":0}.
22:45:27 | Player [Tiao Galinha] | Processo concluido. Resultado: Total de itens 2, Itens não recebidos 0, Itens a Receber 2..
22:45:27 | Player [Tiao Galinha] | --------------------------------------.
23:12:28 | Player [Partoba] | Processando 1 itens a entregar....
23:12:28 | Player [Partoba] | Item Data: {"log_id":3950,"item_count":100,"item_id":2160,"item_name":"Crystal Coin","use_present":true,"item_action_id":0}.
23:12:28 | Player [Partoba] | Item Data Entregue com sucesso: {"log_id":3950,"item_count":100,"item_id":2160,"item_name":"Crystal Coin","use_present":true,"item_action_id":0}.
23:12:28 | Player [Partoba] | Processo concluido. Resultado: Total de itens 1, Itens não recebidos 0, Itens a Receber 1..
23:12:28 | Player [Partoba] | --------------------------------------.
