17:04:48 | Player [Languo] | Processando 1 itens a entregar....
17:04:48 | Player [Languo] | Item Data: {"log_id":101,"item_count":1,"item_id":12690,"item_name":"Premium Ticket - 1 mes","use_present":true,"item_action_id":0}.
17:04:48 | Player [Languo] | Item Data Entregue com sucesso: {"log_id":101,"item_count":1,"item_id":12690,"item_name":"Premium Ticket - 1 mes","use_present":true,"item_action_id":0}.
17:04:48 | Player [Languo] | Processo concluido. Resultado: Total de itens 1, Itens não recebidos 0, Itens a Receber 1..
17:04:48 | Player [Languo] | --------------------------------------.
17:26:40 | Player [Andre Imortal] | Processando 1 itens a entregar....
17:26:40 | Player [Andre Imortal] | Item Data: {"log_id":102,"item_count":1,"item_id":12696,"item_name":"Premium Ticket - 1 semana","use_present":true,"item_action_id":0}.
17:26:40 | Player [Andre Imortal] | Item Data Entregue com sucesso: {"log_id":102,"item_count":1,"item_id":12696,"item_name":"Premium Ticket - 1 semana","use_present":true,"item_action_id":0}.
17:26:40 | Player [Andre Imortal] | Processo concluido. Resultado: Total de itens 1, Itens não recebidos 0, Itens a Receber 1..
17:26:40 | Player [Andre Imortal] | --------------------------------------.
17:52:18 | Player [Fatal Surf] | Processando 1 itens a entregar....
17:52:18 | Player [Fatal Surf] | Item Data: {"log_id":103,"item_count":1,"item_id":12696,"item_name":"Premium Ticket - 1 semana","use_present":true,"item_action_id":0}.
17:52:18 | Player [Fatal Surf] | Item Data Entregue com sucesso: {"log_id":103,"item_count":1,"item_id":12696,"item_name":"Premium Ticket - 1 semana","use_present":true,"item_action_id":0}.
17:52:18 | Player [Fatal Surf] | Processo concluido. Resultado: Total de itens 1, Itens não recebidos 0, Itens a Receber 1..
17:52:18 | Player [Fatal Surf] | --------------------------------------.
17:57:46 | Player [Languo] | Processando 3 itens a entregar....
17:57:46 | Player [Languo] | Item Data: {"log_id":104,"item_count":1,"item_id":12696,"item_name":"Premium Ticket - 1 semana","use_present":true,"item_action_id":0}.
17:57:46 | Player [Languo] | Item Data: {"log_id":105,"item_count":1,"item_id":12696,"item_name":"Premium Ticket - 1 semana","use_present":true,"item_action_id":0}.
17:57:46 | Player [Languo] | Item Data: {"log_id":106,"item_count":1,"item_id":12696,"item_name":"Premium Ticket - 1 semana","use_present":true,"item_action_id":0}.
17:57:46 | Player [Languo] | Item Data Entregue com sucesso: {"log_id":104,"item_count":1,"item_id":12696,"item_name":"Premium Ticket - 1 semana","use_present":true,"item_action_id":0}.
17:57:46 | Player [Languo] | Item Data Entregue com sucesso: {"log_id":105,"item_count":1,"item_id":12696,"item_name":"Premium Ticket - 1 semana","use_present":true,"item_action_id":0}.
17:57:46 | Player [Languo] | Item Data Entregue com sucesso: {"log_id":106,"item_count":1,"item_id":12696,"item_name":"Premium Ticket - 1 semana","use_present":true,"item_action_id":0}.
17:57:46 | Player [Languo] | Processo concluido. Resultado: Total de itens 3, Itens não recebidos 0, Itens a Receber 3..
17:57:46 | Player [Languo] | --------------------------------------.
21:05:16 | Player [Mantus Infernalty] | Processando 2 itens a entregar....
21:05:16 | Player [Mantus Infernalty] | Item Data: {"log_id":107,"item_count":1,"item_id":12696,"item_name":"Premium Ticket - 1 semana","use_present":true,"item_action_id":0}.
21:05:16 | Player [Mantus Infernalty] | Item Data: {"log_id":108,"item_count":1,"item_id":12696,"item_name":"Premium Ticket - 1 semana","use_present":true,"item_action_id":0}.
21:05:16 | Player [Mantus Infernalty] | Item Data Entregue com sucesso: {"log_id":107,"item_count":1,"item_id":12696,"item_name":"Premium Ticket - 1 semana","use_present":true,"item_action_id":0}.
21:05:16 | Player [Mantus Infernalty] | Item Data Entregue com sucesso: {"log_id":108,"item_count":1,"item_id":12696,"item_name":"Premium Ticket - 1 semana","use_present":true,"item_action_id":0}.
21:05:16 | Player [Mantus Infernalty] | Processo concluido. Resultado: Total de itens 2, Itens não recebidos 0, Itens a Receber 2..
21:05:16 | Player [Mantus Infernalty] | --------------------------------------.
21:06:01 | Player [Mantus Infernalty] | Processando 1 itens a entregar....
21:06:01 | Player [Mantus Infernalty] | Item Data: {"log_id":109,"item_count":1,"item_id":12696,"item_name":"Premium Ticket - 1 semana","use_present":true,"item_action_id":0}.
21:06:01 | Player [Mantus Infernalty] | Item Data Entregue com sucesso: {"log_id":109,"item_count":1,"item_id":12696,"item_name":"Premium Ticket - 1 semana","use_present":true,"item_action_id":0}.
21:06:01 | Player [Mantus Infernalty] | Processo concluido. Resultado: Total de itens 1, Itens não recebidos 0, Itens a Receber 1..
21:06:01 | Player [Mantus Infernalty] | --------------------------------------.
13:13:12 | Player [Tum Play Hard] | Processando 1 itens a entregar....
13:13:12 | Player [Tum Play Hard] | Item Data: {"log_id":530,"item_count":100,"item_id":2160,"item_name":"Crystal Coin","use_present":true,"item_action_id":0}.
13:13:12 | Player [Tum Play Hard] | Item Data Entregue com sucesso: {"log_id":530,"item_count":100,"item_id":2160,"item_name":"Crystal Coin","use_present":true,"item_action_id":0}.
13:13:12 | Player [Tum Play Hard] | Processo concluido. Resultado: Total de itens 1, Itens não recebidos 0, Itens a Receber 1..
13:13:12 | Player [Tum Play Hard] | --------------------------------------.
15:01:01 | Player [Java] | Processando 1 itens a entregar....
15:01:01 | Player [Java] | Item Data: {"log_id":531,"item_count":100,"item_id":2160,"item_name":"Crystal Coin","use_present":true,"item_action_id":0}.
15:01:01 | Player [Java] | Item Data Entregue com sucesso: {"log_id":531,"item_count":100,"item_id":2160,"item_name":"Crystal Coin","use_present":true,"item_action_id":0}.
15:01:01 | Player [Java] | Processo concluido. Resultado: Total de itens 1, Itens não recebidos 0, Itens a Receber 1..
15:01:01 | Player [Java] | --------------------------------------.
