15:13:44 | Player [Rafa sexy] | Processando 2 itens a entregar....
15:13:45 | Player [Rafa sexy] | Item Data: {"log_id":355,"item_count":1,"item_id":12696,"item_name":"Premium Ticket - 1 semana","use_present":true,"item_action_id":0}.
15:13:45 | Player [Rafa sexy] | Item Data: {"log_id":356,"item_count":1,"item_id":12696,"item_name":"Premium Ticket - 1 semana","use_present":true,"item_action_id":0}.
15:13:45 | Player [Rafa sexy] | Item Data Entregue com sucesso: {"log_id":355,"item_count":1,"item_id":12696,"item_name":"Premium Ticket - 1 semana","use_present":true,"item_action_id":0}.
15:13:45 | Player [Rafa sexy] | Item Data Entregue com sucesso: {"log_id":356,"item_count":1,"item_id":12696,"item_name":"Premium Ticket - 1 semana","use_present":true,"item_action_id":0}.
15:13:45 | Player [Rafa sexy] | Processo concluido. Resultado: Total de itens 2, Itens não recebidos 0, Itens a Receber 2..
15:13:45 | Player [Rafa sexy] | --------------------------------------.
19:57:37 | Player [Jack Wariv] | Processando 4 itens a entregar....
19:57:37 | Player [Jack Wariv] | Item Data: {"log_id":359,"item_count":1,"item_id":12696,"item_name":"Premium Ticket - 1 semana","use_present":true,"item_action_id":0}.
19:57:37 | Player [Jack Wariv] | Item Data: {"log_id":360,"item_count":1,"item_id":12696,"item_name":"Premium Ticket - 1 semana","use_present":true,"item_action_id":0}.
19:57:37 | Player [Jack Wariv] | Item Data: {"log_id":361,"item_count":1,"item_id":12696,"item_name":"Premium Ticket - 1 semana","use_present":true,"item_action_id":0}.
19:57:37 | Player [Jack Wariv] | Item Data: {"log_id":362,"item_count":1,"item_id":12696,"item_name":"Premium Ticket - 1 semana","use_present":true,"item_action_id":0}.
19:57:37 | Player [Jack Wariv] | Item Data Entregue com sucesso: {"log_id":359,"item_count":1,"item_id":12696,"item_name":"Premium Ticket - 1 semana","use_present":true,"item_action_id":0}.
19:57:37 | Player [Jack Wariv] | Item Data Entregue com sucesso: {"log_id":360,"item_count":1,"item_id":12696,"item_name":"Premium Ticket - 1 semana","use_present":true,"item_action_id":0}.
19:57:37 | Player [Jack Wariv] | Item Data Entregue com sucesso: {"log_id":361,"item_count":1,"item_id":12696,"item_name":"Premium Ticket - 1 semana","use_present":true,"item_action_id":0}.
19:57:37 | Player [Jack Wariv] | Item Data Entregue com sucesso: {"log_id":362,"item_count":1,"item_id":12696,"item_name":"Premium Ticket - 1 semana","use_present":true,"item_action_id":0}.
19:57:37 | Player [Jack Wariv] | Processo concluido. Resultado: Total de itens 4, Itens não recebidos 0, Itens a Receber 4..
19:57:37 | Player [Jack Wariv] | --------------------------------------.
21:59:49 | Player [Abnadabe] | Processando 1 itens a entregar....
21:59:49 | Player [Abnadabe] | Item Data: {"log_id":363,"item_count":1,"item_id":12696,"item_name":"Premium Ticket - 1 semana","use_present":true,"item_action_id":0}.
21:59:49 | Player [Abnadabe] | Item Data Entregue com sucesso: {"log_id":363,"item_count":1,"item_id":12696,"item_name":"Premium Ticket - 1 semana","use_present":true,"item_action_id":0}.
21:59:49 | Player [Abnadabe] | Processo concluido. Resultado: Total de itens 1, Itens não recebidos 0, Itens a Receber 1..
21:59:49 | Player [Abnadabe] | --------------------------------------.
22:37:17 | Player [Gummy Bear] | Processando 1 itens a entregar....
22:37:17 | Player [Gummy Bear] | Item Data: {"log_id":364,"item_count":1,"item_id":12696,"item_name":"Premium Ticket - 1 semana","use_present":true,"item_action_id":0}.
22:37:17 | Player [Gummy Bear] | Item Data Entregue com sucesso: {"log_id":364,"item_count":1,"item_id":12696,"item_name":"Premium Ticket - 1 semana","use_present":true,"item_action_id":0}.
22:37:17 | Player [Gummy Bear] | Processo concluido. Resultado: Total de itens 1, Itens não recebidos 0, Itens a Receber 1..
22:37:17 | Player [Gummy Bear] | --------------------------------------.
