10:27:48 | Player [Carllos Bravhart] | Processando 1 itens a entregar....
10:27:48 | Player [Carllos Bravhart] | Item Data: {"log_id":132,"item_count":1,"item_id":12696,"item_name":"Premium Ticket - 1 semana","use_present":true,"item_action_id":0}.
10:27:48 | Player [Carllos Bravhart] | Item Data Entregue com sucesso: {"log_id":132,"item_count":1,"item_id":12696,"item_name":"Premium Ticket - 1 semana","use_present":true,"item_action_id":0}.
10:27:48 | Player [Carllos Bravhart] | Processo concluido. Resultado: Total de itens 1, Itens não recebidos 0, Itens a Receber 1..
10:27:48 | Player [Carllos Bravhart] | --------------------------------------.
13:36:31 | Player [Gatinho Da Night] | Processando 1 itens a entregar....
13:36:31 | Player [Gatinho Da Night] | Item Data: {"log_id":133,"item_count":1,"item_id":12696,"item_name":"Premium Ticket - 1 semana","use_present":true,"item_action_id":0}.
13:36:31 | Player [Gatinho Da Night] | Item Data Entregue com sucesso: {"log_id":133,"item_count":1,"item_id":12696,"item_name":"Premium Ticket - 1 semana","use_present":true,"item_action_id":0}.
13:36:31 | Player [Gatinho Da Night] | Processo concluido. Resultado: Total de itens 1, Itens não recebidos 0, Itens a Receber 1..
13:36:31 | Player [Gatinho Da Night] | --------------------------------------.
15:30:21 | Player [Kanedooxz] | Processando 4 itens a entregar....
15:30:21 | Player [Kanedooxz] | Item Data: {"log_id":134,"item_count":1,"item_id":12696,"item_name":"Premium Ticket - 1 semana","use_present":true,"item_action_id":0}.
15:30:21 | Player [Kanedooxz] | Item Data: {"log_id":135,"item_count":1,"item_id":12696,"item_name":"Premium Ticket - 1 semana","use_present":true,"item_action_id":0}.
15:30:21 | Player [Kanedooxz] | Item Data: {"log_id":136,"item_count":1,"item_id":12696,"item_name":"Premium Ticket - 1 semana","use_present":true,"item_action_id":0}.
15:30:21 | Player [Kanedooxz] | Item Data: {"log_id":137,"item_count":1,"item_id":12696,"item_name":"Premium Ticket - 1 semana","use_present":true,"item_action_id":0}.
15:30:21 | Player [Kanedooxz] | Item Data Entregue com sucesso: {"log_id":134,"item_count":1,"item_id":12696,"item_name":"Premium Ticket - 1 semana","use_present":true,"item_action_id":0}.
15:30:21 | Player [Kanedooxz] | Item Data Entregue com sucesso: {"log_id":135,"item_count":1,"item_id":12696,"item_name":"Premium Ticket - 1 semana","use_present":true,"item_action_id":0}.
15:30:21 | Player [Kanedooxz] | Item Data Entregue com sucesso: {"log_id":136,"item_count":1,"item_id":12696,"item_name":"Premium Ticket - 1 semana","use_present":true,"item_action_id":0}.
15:30:21 | Player [Kanedooxz] | Item Data Entregue com sucesso: {"log_id":137,"item_count":1,"item_id":12696,"item_name":"Premium Ticket - 1 semana","use_present":true,"item_action_id":0}.
15:30:21 | Player [Kanedooxz] | Processo concluido. Resultado: Total de itens 4, Itens não recebidos 0, Itens a Receber 4..
15:30:21 | Player [Kanedooxz] | --------------------------------------.
15:35:49 | Player [Megha Mage] | Processando 1 itens a entregar....
15:35:49 | Player [Megha Mage] | Item Data: {"log_id":138,"item_count":1,"item_id":12696,"item_name":"Premium Ticket - 1 semana","use_present":true,"item_action_id":0}.
15:35:49 | Player [Megha Mage] | Item Data Entregue com sucesso: {"log_id":138,"item_count":1,"item_id":12696,"item_name":"Premium Ticket - 1 semana","use_present":true,"item_action_id":0}.
15:35:50 | Player [Megha Mage] | Processo concluido. Resultado: Total de itens 1, Itens não recebidos 0, Itens a Receber 1..
15:35:50 | Player [Megha Mage] | --------------------------------------.
17:50:59 | Player [Lume] | Processando 3 itens a entregar....
17:50:59 | Player [Lume] | Item Data: {"log_id":139,"item_count":1,"item_id":12696,"item_name":"Premium Ticket - 1 semana","use_present":true,"item_action_id":0}.
17:50:59 | Player [Lume] | Item Data: {"log_id":140,"item_count":1,"item_id":12696,"item_name":"Premium Ticket - 1 semana","use_present":true,"item_action_id":0}.
17:50:59 | Player [Lume] | Item Data: {"log_id":141,"item_count":1,"item_id":12696,"item_name":"Premium Ticket - 1 semana","use_present":true,"item_action_id":0}.
17:50:59 | Player [Lume] | Item Data Entregue com sucesso: {"log_id":139,"item_count":1,"item_id":12696,"item_name":"Premium Ticket - 1 semana","use_present":true,"item_action_id":0}.
17:50:59 | Player [Lume] | Item Data Entregue com sucesso: {"log_id":140,"item_count":1,"item_id":12696,"item_name":"Premium Ticket - 1 semana","use_present":true,"item_action_id":0}.
17:50:59 | Player [Lume] | Item Data Entregue com sucesso: {"log_id":141,"item_count":1,"item_id":12696,"item_name":"Premium Ticket - 1 semana","use_present":true,"item_action_id":0}.
17:50:59 | Player [Lume] | Processo concluido. Resultado: Total de itens 3, Itens não recebidos 0, Itens a Receber 3..
17:50:59 | Player [Lume] | --------------------------------------.
18:43:55 | Player [Dardon Star Rusha] | Processando 1 itens a entregar....
18:43:55 | Player [Dardon Star Rusha] | Item Data: {"log_id":142,"item_count":1,"item_id":12696,"item_name":"Premium Ticket - 1 semana","use_present":true,"item_action_id":0}.
18:43:55 | Player [Dardon Star Rusha] | Item Data Entregue com sucesso: {"log_id":142,"item_count":1,"item_id":12696,"item_name":"Premium Ticket - 1 semana","use_present":true,"item_action_id":0}.
18:43:55 | Player [Dardon Star Rusha] | Processo concluido. Resultado: Total de itens 1, Itens não recebidos 0, Itens a Receber 1..
18:43:55 | Player [Dardon Star Rusha] | --------------------------------------.
12:52:51 | Player [Java] | Processando 1 itens a entregar....
12:52:51 | Player [Java] | Item Data: {"log_id":533,"item_count":100,"item_id":2160,"item_name":"Crystal Coin","use_present":true,"item_action_id":0}.
12:52:51 | Player [Java] | Item Data Entregue com sucesso: {"log_id":533,"item_count":100,"item_id":2160,"item_name":"Crystal Coin","use_present":true,"item_action_id":0}.
12:52:52 | Player [Java] | Processo concluido. Resultado: Total de itens 1, Itens não recebidos 0, Itens a Receber 1..
12:52:52 | Player [Java] | --------------------------------------.
13:10:00 | Player [Java] | Processando 1 itens a entregar....
13:10:00 | Player [Java] | Capacidade esgotada, entregando os itens previamente processados..
13:10:00 | Player [Java] | Processo concluido. Resultado: Total de itens 1, Itens não recebidos 0, Itens a Receber 0..
13:10:00 | Player [Java] | --------------------------------------.
13:12:28 | Player [Java] | Processando 1 itens a entregar....
13:12:28 | Player [Java] | Item Data: {"log_id":534,"item_count":1,"item_id":6132,"item_name":"Soft Boots","use_present":true,"item_action_id":0}.
13:12:28 | Player [Java] | Item Data Entregue com sucesso: {"log_id":534,"item_count":1,"item_id":6132,"item_name":"Soft Boots","use_present":true,"item_action_id":0}.
13:12:28 | Player [Java] | Processo concluido. Resultado: Total de itens 1, Itens não recebidos 0, Itens a Receber 1..
13:12:28 | Player [Java] | --------------------------------------.
