00:13:30 | Player [Katsumory] | Processando 1 itens a entregar....
00:13:30 | Player [Katsumory] | Item Data: {"log_id":143,"item_count":1,"item_id":12696,"item_name":"Premium Ticket - 1 semana","use_present":true,"item_action_id":0}.
00:13:30 | Player [Katsumory] | Item Data Entregue com sucesso: {"log_id":143,"item_count":1,"item_id":12696,"item_name":"Premium Ticket - 1 semana","use_present":true,"item_action_id":0}.
00:13:30 | Player [Katsumory] | Processo concluido. Resultado: Total de itens 1, Itens não recebidos 0, Itens a Receber 1..
00:13:30 | Player [Katsumory] | --------------------------------------.
09:11:55 | Player [Saramanday Drinks] | Processando 3 itens a entregar....
09:11:55 | Player [Saramanday Drinks] | Item Data: {"log_id":144,"item_count":1,"item_id":12696,"item_name":"Premium Ticket - 1 semana","use_present":true,"item_action_id":0}.
09:11:55 | Player [Saramanday Drinks] | Item Data: {"log_id":145,"item_count":1,"item_id":12696,"item_name":"Premium Ticket - 1 semana","use_present":true,"item_action_id":0}.
09:11:55 | Player [Saramanday Drinks] | Item Data: {"log_id":146,"item_count":1,"item_id":12696,"item_name":"Premium Ticket - 1 semana","use_present":true,"item_action_id":0}.
09:11:55 | Player [Saramanday Drinks] | Item Data Entregue com sucesso: {"log_id":144,"item_count":1,"item_id":12696,"item_name":"Premium Ticket - 1 semana","use_present":true,"item_action_id":0}.
09:11:55 | Player [Saramanday Drinks] | Item Data Entregue com sucesso: {"log_id":145,"item_count":1,"item_id":12696,"item_name":"Premium Ticket - 1 semana","use_present":true,"item_action_id":0}.
09:11:55 | Player [Saramanday Drinks] | Item Data Entregue com sucesso: {"log_id":146,"item_count":1,"item_id":12696,"item_name":"Premium Ticket - 1 semana","use_present":true,"item_action_id":0}.
09:11:55 | Player [Saramanday Drinks] | Processo concluido. Resultado: Total de itens 3, Itens não recebidos 0, Itens a Receber 3..
09:11:55 | Player [Saramanday Drinks] | --------------------------------------.
12:09:58 | Player [Eskimo Omikse] | Processando 1 itens a entregar....
12:09:58 | Player [Eskimo Omikse] | Item Data: {"log_id":147,"item_count":1,"item_id":12696,"item_name":"Premium Ticket - 1 semana","use_present":true,"item_action_id":0}.
12:09:58 | Player [Eskimo Omikse] | Item Data Entregue com sucesso: {"log_id":147,"item_count":1,"item_id":12696,"item_name":"Premium Ticket - 1 semana","use_present":true,"item_action_id":0}.
12:09:58 | Player [Eskimo Omikse] | Processo concluido. Resultado: Total de itens 1, Itens não recebidos 0, Itens a Receber 1..
12:09:58 | Player [Eskimo Omikse] | --------------------------------------.
14:05:18 | Player [Sir Firus] | Processando 1 itens a entregar....
14:05:18 | Player [Sir Firus] | Item Data: {"log_id":148,"item_count":1,"item_id":12696,"item_name":"Premium Ticket - 1 semana","use_present":true,"item_action_id":0}.
14:05:18 | Player [Sir Firus] | Item Data Entregue com sucesso: {"log_id":148,"item_count":1,"item_id":12696,"item_name":"Premium Ticket - 1 semana","use_present":true,"item_action_id":0}.
14:05:18 | Player [Sir Firus] | Processo concluido. Resultado: Total de itens 1, Itens não recebidos 0, Itens a Receber 1..
14:05:18 | Player [Sir Firus] | --------------------------------------.
19:17:48 | Player [Scysor] | Processando 1 itens a entregar....
19:17:48 | Player [Scysor] | Item Data: {"log_id":149,"item_count":1,"item_id":12696,"item_name":"Premium Ticket - 1 semana","use_present":true,"item_action_id":0}.
19:17:48 | Player [Scysor] | Item Data Entregue com sucesso: {"log_id":149,"item_count":1,"item_id":12696,"item_name":"Premium Ticket - 1 semana","use_present":true,"item_action_id":0}.
19:17:48 | Player [Scysor] | Processo concluido. Resultado: Total de itens 1, Itens não recebidos 0, Itens a Receber 1..
19:17:48 | Player [Scysor] | --------------------------------------.
19:29:46 | Player [Mantus Infernalty] | Processando 1 itens a entregar....
19:29:46 | Player [Mantus Infernalty] | Item Data: {"log_id":150,"item_count":1,"item_id":12696,"item_name":"Premium Ticket - 1 semana","use_present":true,"item_action_id":0}.
19:29:46 | Player [Mantus Infernalty] | Item Data Entregue com sucesso: {"log_id":150,"item_count":1,"item_id":12696,"item_name":"Premium Ticket - 1 semana","use_present":true,"item_action_id":0}.
19:29:46 | Player [Mantus Infernalty] | Processo concluido. Resultado: Total de itens 1, Itens não recebidos 0, Itens a Receber 1..
19:29:46 | Player [Mantus Infernalty] | --------------------------------------.
21:21:18 | Player [Batgol] | Processando 1 itens a entregar....
21:21:18 | Player [Batgol] | Item Data: {"log_id":123,"item_count":1,"item_id":12696,"item_name":"Premium Ticket - 1 semana","use_present":true,"item_action_id":0}.
21:21:18 | Player [Batgol] | Item Data Entregue com sucesso: {"log_id":123,"item_count":1,"item_id":12696,"item_name":"Premium Ticket - 1 semana","use_present":true,"item_action_id":0}.
21:21:18 | Player [Batgol] | Processo concluido. Resultado: Total de itens 1, Itens não recebidos 0, Itens a Receber 1..
21:21:18 | Player [Batgol] | --------------------------------------.
21:28:19 | Player [Rafa sexy] | Processando 1 itens a entregar....
21:28:19 | Player [Rafa sexy] | Item Data: {"log_id":151,"item_count":1,"item_id":12696,"item_name":"Premium Ticket - 1 semana","use_present":true,"item_action_id":0}.
21:28:19 | Player [Rafa sexy] | Item Data Entregue com sucesso: {"log_id":151,"item_count":1,"item_id":12696,"item_name":"Premium Ticket - 1 semana","use_present":true,"item_action_id":0}.
21:28:19 | Player [Rafa sexy] | Processo concluido. Resultado: Total de itens 1, Itens não recebidos 0, Itens a Receber 1..
21:28:19 | Player [Rafa sexy] | --------------------------------------.
