18:09:54 | Player [AePzSaiu] | Processando 1 itens a entregar....
18:09:54 | Player [AePzSaiu] | Item Data: {"log_id":373,"item_count":1,"item_id":12696,"item_name":"Premium Ticket - 1 semana","use_present":true,"item_action_id":0}.
18:09:54 | Player [AePzSaiu] | Item Data Entregue com sucesso: {"log_id":373,"item_count":1,"item_id":12696,"item_name":"Premium Ticket - 1 semana","use_present":true,"item_action_id":0}.
18:09:54 | Player [AePzSaiu] | Processo concluido. Resultado: Total de itens 1, Itens não recebidos 0, Itens a Receber 1..
18:09:54 | Player [AePzSaiu] | --------------------------------------.
20:33:27 | Player [Mantus Infernalty] | Processando 1 itens a entregar....
20:33:27 | Player [Mantus Infernalty] | Item Data: {"log_id":374,"item_count":1,"item_id":12696,"item_name":"Premium Ticket - 1 semana","use_present":true,"item_action_id":0}.
20:33:27 | Player [Mantus Infernalty] | Item Data Entregue com sucesso: {"log_id":374,"item_count":1,"item_id":12696,"item_name":"Premium Ticket - 1 semana","use_present":true,"item_action_id":0}.
20:33:27 | Player [Mantus Infernalty] | Processo concluido. Resultado: Total de itens 1, Itens não recebidos 0, Itens a Receber 1..
20:33:27 | Player [Mantus Infernalty] | --------------------------------------.
21:31:22 | Player [Stylle knight] | Processando 1 itens a entregar....
21:31:22 | Player [Stylle knight] | Item Data: {"log_id":375,"item_count":1,"item_id":12696,"item_name":"Premium Ticket - 1 semana","use_present":true,"item_action_id":0}.
21:31:22 | Player [Stylle knight] | Item Data Entregue com sucesso: {"log_id":375,"item_count":1,"item_id":12696,"item_name":"Premium Ticket - 1 semana","use_present":true,"item_action_id":0}.
21:31:22 | Player [Stylle knight] | Processo concluido. Resultado: Total de itens 1, Itens não recebidos 0, Itens a Receber 1..
21:31:22 | Player [Stylle knight] | --------------------------------------.
21:54:59 | Player [Sapekinha knight] | Processando 1 itens a entregar....
21:54:59 | Player [Sapekinha knight] | Item Data: {"log_id":376,"item_count":1,"item_id":12696,"item_name":"Premium Ticket - 1 semana","use_present":true,"item_action_id":0}.
21:54:59 | Player [Sapekinha knight] | Item Data Entregue com sucesso: {"log_id":376,"item_count":1,"item_id":12696,"item_name":"Premium Ticket - 1 semana","use_present":true,"item_action_id":0}.
21:54:59 | Player [Sapekinha knight] | Processo concluido. Resultado: Total de itens 1, Itens não recebidos 0, Itens a Receber 1..
21:54:59 | Player [Sapekinha knight] | --------------------------------------.
01:46:12 | Player [Deiivitos] | Processando 1 itens a entregar....
01:46:12 | Player [Deiivitos] | Item Data: {"log_id":4011,"item_count":1,"item_id":6132,"item_name":"Soft Boots","use_present":true,"item_action_id":0}.
01:46:12 | Player [Deiivitos] | Item Data Entregue com sucesso: {"log_id":4011,"item_count":1,"item_id":6132,"item_name":"Soft Boots","use_present":true,"item_action_id":0}.
01:46:12 | Player [Deiivitos] | Processo concluido. Resultado: Total de itens 1, Itens não recebidos 0, Itens a Receber 1..
01:46:12 | Player [Deiivitos] | --------------------------------------.
08:54:43 | Player [Romulo] | Processando 10 itens a entregar....
08:54:43 | Player [Romulo] | Item Data: {"log_id":4012,"item_count":100,"item_id":2160,"item_name":"Crystal Coin","use_present":true,"item_action_id":0}.
08:54:43 | Player [Romulo] | Item Data: {"log_id":4013,"item_count":100,"item_id":2160,"item_name":"Crystal Coin","use_present":true,"item_action_id":0}.
08:54:43 | Player [Romulo] | Item Data: {"log_id":4014,"item_count":100,"item_id":2160,"item_name":"Crystal Coin","use_present":true,"item_action_id":0}.
08:54:43 | Player [Romulo] | Item Data: {"log_id":4015,"item_count":100,"item_id":2160,"item_name":"Crystal Coin","use_present":true,"item_action_id":0}.
08:54:43 | Player [Romulo] | Item Data: {"log_id":4016,"item_count":100,"item_id":2160,"item_name":"Crystal Coin","use_present":true,"item_action_id":0}.
08:54:43 | Player [Romulo] | Item Data: {"log_id":4017,"item_count":100,"item_id":2160,"item_name":"Crystal Coin","use_present":true,"item_action_id":0}.
08:54:43 | Player [Romulo] | Item Data: {"log_id":4018,"item_count":100,"item_id":2160,"item_name":"Crystal Coin","use_present":true,"item_action_id":0}.
08:54:43 | Player [Romulo] | Item Data: {"log_id":4019,"item_count":100,"item_id":2160,"item_name":"Crystal Coin","use_present":true,"item_action_id":0}.
08:54:43 | Player [Romulo] | Item Data: {"log_id":4020,"item_count":100,"item_id":2160,"item_name":"Crystal Coin","use_present":true,"item_action_id":0}.
08:54:43 | Player [Romulo] | Item Data: {"log_id":4021,"item_count":100,"item_id":2160,"item_name":"Crystal Coin","use_present":true,"item_action_id":0}.
08:54:43 | Player [Romulo] | Item Data Entregue com sucesso: {"log_id":4012,"item_count":100,"item_id":2160,"item_name":"Crystal Coin","use_present":true,"item_action_id":0}.
08:54:43 | Player [Romulo] | Item Data Entregue com sucesso: {"log_id":4013,"item_count":100,"item_id":2160,"item_name":"Crystal Coin","use_present":true,"item_action_id":0}.
08:54:43 | Player [Romulo] | Item Data Entregue com sucesso: {"log_id":4014,"item_count":100,"item_id":2160,"item_name":"Crystal Coin","use_present":true,"item_action_id":0}.
08:54:43 | Player [Romulo] | Item Data Entregue com sucesso: {"log_id":4015,"item_count":100,"item_id":2160,"item_name":"Crystal Coin","use_present":true,"item_action_id":0}.
08:54:43 | Player [Romulo] | Item Data Entregue com sucesso: {"log_id":4016,"item_count":100,"item_id":2160,"item_name":"Crystal Coin","use_present":true,"item_action_id":0}.
08:54:43 | Player [Romulo] | Item Data Entregue com sucesso: {"log_id":4017,"item_count":100,"item_id":2160,"item_name":"Crystal Coin","use_present":true,"item_action_id":0}.
08:54:43 | Player [Romulo] | Item Data Entregue com sucesso: {"log_id":4018,"item_count":100,"item_id":2160,"item_name":"Crystal Coin","use_present":true,"item_action_id":0}.
08:54:43 | Player [Romulo] | Item Data Entregue com sucesso: {"log_id":4019,"item_count":100,"item_id":2160,"item_name":"Crystal Coin","use_present":true,"item_action_id":0}.
08:54:43 | Player [Romulo] | Item Data Entregue com sucesso: {"log_id":4020,"item_count":100,"item_id":2160,"item_name":"Crystal Coin","use_present":true,"item_action_id":0}.
08:54:43 | Player [Romulo] | Item Data Entregue com sucesso: {"log_id":4021,"item_count":100,"item_id":2160,"item_name":"Crystal Coin","use_present":true,"item_action_id":0}.
08:54:43 | Player [Romulo] | Processo concluido. Resultado: Total de itens 10, Itens não recebidos 0, Itens a Receber 10..
08:54:43 | Player [Romulo] | --------------------------------------.
11:47:53 | Player [Bombomnaotamaistabom] | Processando 1 itens a entregar....
11:47:53 | Player [Bombomnaotamaistabom] | Item Data: {"log_id":4022,"item_count":100,"item_id":2160,"item_name":"Crystal Coin","use_present":true,"item_action_id":0}.
11:47:53 | Player [Bombomnaotamaistabom] | Item Data Entregue com sucesso: {"log_id":4022,"item_count":100,"item_id":2160,"item_name":"Crystal Coin","use_present":true,"item_action_id":0}.
11:47:53 | Player [Bombomnaotamaistabom] | Processo concluido. Resultado: Total de itens 1, Itens não recebidos 0, Itens a Receber 1..
11:47:53 | Player [Bombomnaotamaistabom] | --------------------------------------.
13:05:55 | Player [Brutuallity] | Processando 2 itens a entregar....
13:05:55 | Player [Brutuallity] | Item Data: {"log_id":4023,"item_count":100,"item_id":2160,"item_name":"Crystal Coin","use_present":true,"item_action_id":0}.
13:05:55 | Player [Brutuallity] | Item Data: {"log_id":4024,"item_count":100,"item_id":2160,"item_name":"Crystal Coin","use_present":true,"item_action_id":0}.
13:05:55 | Player [Brutuallity] | Item Data Entregue com sucesso: {"log_id":4023,"item_count":100,"item_id":2160,"item_name":"Crystal Coin","use_present":true,"item_action_id":0}.
13:05:55 | Player [Brutuallity] | Item Data Entregue com sucesso: {"log_id":4024,"item_count":100,"item_id":2160,"item_name":"Crystal Coin","use_present":true,"item_action_id":0}.
13:05:55 | Player [Brutuallity] | Processo concluido. Resultado: Total de itens 2, Itens não recebidos 0, Itens a Receber 2..
13:05:55 | Player [Brutuallity] | --------------------------------------.
14:09:53 | Player [Hunfs] | Processando 1 itens a entregar....
14:09:53 | Player [Hunfs] | Item Data: {"log_id":4025,"item_count":1,"item_id":6132,"item_name":"Soft Boots","use_present":true,"item_action_id":0}.
14:09:53 | Player [Hunfs] | Item Data Entregue com sucesso: {"log_id":4025,"item_count":1,"item_id":6132,"item_name":"Soft Boots","use_present":true,"item_action_id":0}.
14:09:53 | Player [Hunfs] | Processo concluido. Resultado: Total de itens 1, Itens não recebidos 0, Itens a Receber 1..
14:09:53 | Player [Hunfs] | --------------------------------------.
