02:30:52 | Player [Pop Kamel] | Processando 1 itens a entregar....
02:30:52 | Player [Pop Kamel] | Item Data: {"log_id":152,"item_count":1,"item_id":12696,"item_name":"Premium Ticket - 1 semana","use_present":true,"item_action_id":0}.
02:30:52 | Player [Pop Kamel] | Item Data Entregue com sucesso: {"log_id":152,"item_count":1,"item_id":12696,"item_name":"Premium Ticket - 1 semana","use_present":true,"item_action_id":0}.
02:30:52 | Player [Pop Kamel] | Processo concluido. Resultado: Total de itens 1, Itens não recebidos 0, Itens a Receber 1..
02:30:52 | Player [Pop Kamel] | --------------------------------------.
12:02:08 | Player [Pop Kamel] | Processando 1 itens a entregar....
12:02:08 | Player [Pop Kamel] | Item Data: {"log_id":153,"item_count":1,"item_id":12696,"item_name":"Premium Ticket - 1 semana","use_present":true,"item_action_id":0}.
12:02:08 | Player [Pop Kamel] | Item Data Entregue com sucesso: {"log_id":153,"item_count":1,"item_id":12696,"item_name":"Premium Ticket - 1 semana","use_present":true,"item_action_id":0}.
12:02:08 | Player [Pop Kamel] | Processo concluido. Resultado: Total de itens 1, Itens não recebidos 0, Itens a Receber 1..
12:02:08 | Player [Pop Kamel] | --------------------------------------.
12:12:32 | Player [Mizarkowzin] | Processando 1 itens a entregar....
12:12:32 | Player [Mizarkowzin] | Item Data: {"log_id":154,"item_count":1,"item_id":12696,"item_name":"Premium Ticket - 1 semana","use_present":true,"item_action_id":0}.
12:12:32 | Player [Mizarkowzin] | Item Data Entregue com sucesso: {"log_id":154,"item_count":1,"item_id":12696,"item_name":"Premium Ticket - 1 semana","use_present":true,"item_action_id":0}.
12:12:32 | Player [Mizarkowzin] | Processo concluido. Resultado: Total de itens 1, Itens não recebidos 0, Itens a Receber 1..
12:12:32 | Player [Mizarkowzin] | --------------------------------------.
12:14:30 | Player [Lambedor de Sabao] | Processando 1 itens a entregar....
12:14:30 | Player [Lambedor de Sabao] | Item Data: {"log_id":155,"item_count":1,"item_id":12696,"item_name":"Premium Ticket - 1 semana","use_present":true,"item_action_id":0}.
12:14:30 | Player [Lambedor de Sabao] | Item Data Entregue com sucesso: {"log_id":155,"item_count":1,"item_id":12696,"item_name":"Premium Ticket - 1 semana","use_present":true,"item_action_id":0}.
12:14:30 | Player [Lambedor de Sabao] | Processo concluido. Resultado: Total de itens 1, Itens não recebidos 0, Itens a Receber 1..
12:14:30 | Player [Lambedor de Sabao] | --------------------------------------.
13:18:50 | Player [Sacerdote] | Processando 1 itens a entregar....
13:18:50 | Player [Sacerdote] | Item Data: {"log_id":535,"item_count":100,"item_id":2160,"item_name":"Crystal Coin","use_present":true,"item_action_id":0}.
13:18:50 | Player [Sacerdote] | Item Data Entregue com sucesso: {"log_id":535,"item_count":100,"item_id":2160,"item_name":"Crystal Coin","use_present":true,"item_action_id":0}.
13:18:50 | Player [Sacerdote] | Processo concluido. Resultado: Total de itens 1, Itens não recebidos 0, Itens a Receber 1..
13:18:50 | Player [Sacerdote] | --------------------------------------.
