01:35:48 | Player [Mulek Piranha] | Processando 2 itens a entregar....
01:35:48 | Player [Mulek Piranha] | Item Data: {"log_id":377,"item_count":1,"item_id":12696,"item_name":"Premium Ticket - 1 semana","use_present":true,"item_action_id":0}.
01:35:48 | Player [Mulek Piranha] | Item Data: {"log_id":378,"item_count":1,"item_id":12696,"item_name":"Premium Ticket - 1 semana","use_present":true,"item_action_id":0}.
01:35:48 | Player [Mulek Piranha] | Item Data Entregue com sucesso: {"log_id":377,"item_count":1,"item_id":12696,"item_name":"Premium Ticket - 1 semana","use_present":true,"item_action_id":0}.
01:35:48 | Player [Mulek Piranha] | Item Data Entregue com sucesso: {"log_id":378,"item_count":1,"item_id":12696,"item_name":"Premium Ticket - 1 semana","use_present":true,"item_action_id":0}.
01:35:48 | Player [Mulek Piranha] | Processo concluido. Resultado: Total de itens 2, Itens não recebidos 0, Itens a Receber 2..
01:35:48 | Player [Mulek Piranha] | --------------------------------------.
01:55:20 | Player [Abnadabe] | Processando 1 itens a entregar....
01:55:20 | Player [Abnadabe] | Item Data: {"log_id":379,"item_count":1,"item_id":12696,"item_name":"Premium Ticket - 1 semana","use_present":true,"item_action_id":0}.
01:55:20 | Player [Abnadabe] | Item Data Entregue com sucesso: {"log_id":379,"item_count":1,"item_id":12696,"item_name":"Premium Ticket - 1 semana","use_present":true,"item_action_id":0}.
01:55:20 | Player [Abnadabe] | Processo concluido. Resultado: Total de itens 1, Itens não recebidos 0, Itens a Receber 1..
01:55:20 | Player [Abnadabe] | --------------------------------------.
13:43:34 | Player [Wartank] | Processando 1 itens a entregar....
13:43:34 | Player [Wartank] | Item Data: {"log_id":381,"item_count":1,"item_id":12696,"item_name":"Premium Ticket - 1 semana","use_present":true,"item_action_id":0}.
13:43:34 | Player [Wartank] | Item Data Entregue com sucesso: {"log_id":381,"item_count":1,"item_id":12696,"item_name":"Premium Ticket - 1 semana","use_present":true,"item_action_id":0}.
13:43:34 | Player [Wartank] | Processo concluido. Resultado: Total de itens 1, Itens não recebidos 0, Itens a Receber 1..
13:43:34 | Player [Wartank] | --------------------------------------.
14:25:29 | Player [Panex] | Processando 2 itens a entregar....
14:25:29 | Player [Panex] | Item Data: {"log_id":382,"item_count":1,"item_id":12690,"item_name":"Premium Ticket - 1 mes","use_present":true,"item_action_id":0}.
14:25:29 | Player [Panex] | Item Data: {"log_id":383,"item_count":1,"item_id":12690,"item_name":"Premium Ticket - 1 mes","use_present":true,"item_action_id":0}.
14:25:29 | Player [Panex] | Item Data Entregue com sucesso: {"log_id":382,"item_count":1,"item_id":12690,"item_name":"Premium Ticket - 1 mes","use_present":true,"item_action_id":0}.
14:25:29 | Player [Panex] | Item Data Entregue com sucesso: {"log_id":383,"item_count":1,"item_id":12690,"item_name":"Premium Ticket - 1 mes","use_present":true,"item_action_id":0}.
14:25:29 | Player [Panex] | Processo concluido. Resultado: Total de itens 2, Itens não recebidos 0, Itens a Receber 2..
14:25:29 | Player [Panex] | --------------------------------------.
14:47:30 | Player [Panex] | Processando 1 itens a entregar....
14:47:30 | Player [Panex] | Item Data: {"log_id":384,"item_count":1,"item_id":12696,"item_name":"Premium Ticket - 1 semana","use_present":true,"item_action_id":0}.
14:47:30 | Player [Panex] | Item Data Entregue com sucesso: {"log_id":384,"item_count":1,"item_id":12696,"item_name":"Premium Ticket - 1 semana","use_present":true,"item_action_id":0}.
14:47:30 | Player [Panex] | Processo concluido. Resultado: Total de itens 1, Itens não recebidos 0, Itens a Receber 1..
14:47:30 | Player [Panex] | --------------------------------------.
16:31:41 | Player [Panex] | Processando 4 itens a entregar....
16:31:41 | Player [Panex] | Item Data: {"log_id":385,"item_count":1,"item_id":12696,"item_name":"Premium Ticket - 1 semana","use_present":true,"item_action_id":0}.
16:31:41 | Player [Panex] | Item Data: {"log_id":386,"item_count":1,"item_id":12696,"item_name":"Premium Ticket - 1 semana","use_present":true,"item_action_id":0}.
16:31:41 | Player [Panex] | Item Data: {"log_id":387,"item_count":1,"item_id":12696,"item_name":"Premium Ticket - 1 semana","use_present":true,"item_action_id":0}.
16:31:41 | Player [Panex] | Item Data: {"log_id":388,"item_count":1,"item_id":12696,"item_name":"Premium Ticket - 1 semana","use_present":true,"item_action_id":0}.
16:31:41 | Player [Panex] | Item Data Entregue com sucesso: {"log_id":385,"item_count":1,"item_id":12696,"item_name":"Premium Ticket - 1 semana","use_present":true,"item_action_id":0}.
16:31:41 | Player [Panex] | Item Data Entregue com sucesso: {"log_id":386,"item_count":1,"item_id":12696,"item_name":"Premium Ticket - 1 semana","use_present":true,"item_action_id":0}.
16:31:41 | Player [Panex] | Item Data Entregue com sucesso: {"log_id":387,"item_count":1,"item_id":12696,"item_name":"Premium Ticket - 1 semana","use_present":true,"item_action_id":0}.
16:31:41 | Player [Panex] | Item Data Entregue com sucesso: {"log_id":388,"item_count":1,"item_id":12696,"item_name":"Premium Ticket - 1 semana","use_present":true,"item_action_id":0}.
16:31:41 | Player [Panex] | Processo concluido. Resultado: Total de itens 4, Itens não recebidos 0, Itens a Receber 4..
16:31:41 | Player [Panex] | --------------------------------------.
18:50:27 | Player [Muse] | Processando 1 itens a entregar....
18:50:27 | Player [Muse] | Item Data: {"log_id":389,"item_count":1,"item_id":12696,"item_name":"Premium Ticket - 1 semana","use_present":true,"item_action_id":0}.
18:50:27 | Player [Muse] | Item Data Entregue com sucesso: {"log_id":389,"item_count":1,"item_id":12696,"item_name":"Premium Ticket - 1 semana","use_present":true,"item_action_id":0}.
18:50:27 | Player [Muse] | Processo concluido. Resultado: Total de itens 1, Itens não recebidos 0, Itens a Receber 1..
18:50:27 | Player [Muse] | --------------------------------------.
