09:45:06 | Player [Andre Imortal] | Processando 1 itens a entregar....
09:45:06 | Player [Andre Imortal] | Item Data: {"log_id":156,"item_count":1,"item_id":12696,"item_name":"Premium Ticket - 1 semana","use_present":true,"item_action_id":0}.
09:45:06 | Player [Andre Imortal] | Item Data Entregue com sucesso: {"log_id":156,"item_count":1,"item_id":12696,"item_name":"Premium Ticket - 1 semana","use_present":true,"item_action_id":0}.
09:45:06 | Player [Andre Imortal] | Processo concluido. Resultado: Total de itens 1, Itens não recebidos 0, Itens a Receber 1..
09:45:06 | Player [Andre Imortal] | --------------------------------------.
12:32:21 | Player [Kukis] | Processando 1 itens a entregar....
12:32:21 | Player [Kukis] | Item Data: {"log_id":157,"item_count":1,"item_id":12696,"item_name":"Premium Ticket - 1 semana","use_present":true,"item_action_id":0}.
12:32:21 | Player [Kukis] | Item Data Entregue com sucesso: {"log_id":157,"item_count":1,"item_id":12696,"item_name":"Premium Ticket - 1 semana","use_present":true,"item_action_id":0}.
12:32:21 | Player [Kukis] | Processo concluido. Resultado: Total de itens 1, Itens não recebidos 0, Itens a Receber 1..
12:32:21 | Player [Kukis] | --------------------------------------.
12:33:09 | Player [Kukis] | Processando 1 itens a entregar....
12:33:09 | Player [Kukis] | Item Data: {"log_id":158,"item_count":1,"item_id":12696,"item_name":"Premium Ticket - 1 semana","use_present":true,"item_action_id":0}.
12:33:09 | Player [Kukis] | Item Data Entregue com sucesso: {"log_id":158,"item_count":1,"item_id":12696,"item_name":"Premium Ticket - 1 semana","use_present":true,"item_action_id":0}.
12:33:09 | Player [Kukis] | Processo concluido. Resultado: Total de itens 1, Itens não recebidos 0, Itens a Receber 1..
12:33:09 | Player [Kukis] | --------------------------------------.
13:03:02 | Player [Mantus Infernalty] | Processando 1 itens a entregar....
13:03:02 | Player [Mantus Infernalty] | Item Data: {"log_id":159,"item_count":1,"item_id":12696,"item_name":"Premium Ticket - 1 semana","use_present":true,"item_action_id":0}.
13:03:02 | Player [Mantus Infernalty] | Item Data Entregue com sucesso: {"log_id":159,"item_count":1,"item_id":12696,"item_name":"Premium Ticket - 1 semana","use_present":true,"item_action_id":0}.
13:03:03 | Player [Mantus Infernalty] | Processo concluido. Resultado: Total de itens 1, Itens não recebidos 0, Itens a Receber 1..
13:03:03 | Player [Mantus Infernalty] | --------------------------------------.
13:56:36 | Player [Shark Boy] | Processando 1 itens a entregar....
13:56:36 | Player [Shark Boy] | Item Data: {"log_id":160,"item_count":1,"item_id":12696,"item_name":"Premium Ticket - 1 semana","use_present":true,"item_action_id":0}.
13:56:36 | Player [Shark Boy] | Item Data Entregue com sucesso: {"log_id":160,"item_count":1,"item_id":12696,"item_name":"Premium Ticket - 1 semana","use_present":true,"item_action_id":0}.
13:56:36 | Player [Shark Boy] | Processo concluido. Resultado: Total de itens 1, Itens não recebidos 0, Itens a Receber 1..
13:56:36 | Player [Shark Boy] | --------------------------------------.
23:06:58 | Player [Kanaith Bolado] | Processando 1 itens a entregar....
23:06:58 | Player [Kanaith Bolado] | Item Data: {"log_id":161,"item_count":1,"item_id":12696,"item_name":"Premium Ticket - 1 semana","use_present":true,"item_action_id":0}.
23:06:58 | Player [Kanaith Bolado] | Item Data Entregue com sucesso: {"log_id":161,"item_count":1,"item_id":12696,"item_name":"Premium Ticket - 1 semana","use_present":true,"item_action_id":0}.
23:06:58 | Player [Kanaith Bolado] | Processo concluido. Resultado: Total de itens 1, Itens não recebidos 0, Itens a Receber 1..
23:06:58 | Player [Kanaith Bolado] | --------------------------------------.
18:54:42 | Player [Maconha Demais] | Processando 1 itens a entregar....
18:54:42 | Player [Maconha Demais] | Item Data: {"log_id":536,"item_count":1,"item_id":12691,"item_name":"Sumonner outfit ticket","use_present":true,"item_action_id":"6"}.
18:54:42 | Player [Maconha Demais] | Item Data Entregue com sucesso: {"log_id":536,"item_count":1,"item_id":12691,"item_name":"Sumonner outfit ticket","use_present":true,"item_action_id":"6"}.
18:54:43 | Player [Maconha Demais] | Processo concluido. Resultado: Total de itens 1, Itens não recebidos 0, Itens a Receber 1..
18:54:43 | Player [Maconha Demais] | --------------------------------------.
19:45:01 | Player [Carlinhoo Rlz] | Processando 1 itens a entregar....
19:45:01 | Player [Carlinhoo Rlz] | Item Data: {"log_id":537,"item_count":1,"item_id":12691,"item_name":"Mage outfit ticket","use_present":true,"item_action_id":"3"}.
19:45:01 | Player [Carlinhoo Rlz] | Item Data Entregue com sucesso: {"log_id":537,"item_count":1,"item_id":12691,"item_name":"Mage outfit ticket","use_present":true,"item_action_id":"3"}.
19:45:01 | Player [Carlinhoo Rlz] | Processo concluido. Resultado: Total de itens 1, Itens não recebidos 0, Itens a Receber 1..
19:45:01 | Player [Carlinhoo Rlz] | --------------------------------------.
20:12:02 | Player [Carlinhoo Rlz] | Processando 1 itens a entregar....
20:12:02 | Player [Carlinhoo Rlz] | Item Data: {"log_id":538,"item_count":1,"item_id":6132,"item_name":"Soft Boots","use_present":true,"item_action_id":0}.
20:12:02 | Player [Carlinhoo Rlz] | Item Data Entregue com sucesso: {"log_id":538,"item_count":1,"item_id":6132,"item_name":"Soft Boots","use_present":true,"item_action_id":0}.
20:12:02 | Player [Carlinhoo Rlz] | Processo concluido. Resultado: Total de itens 1, Itens não recebidos 0, Itens a Receber 1..
20:12:02 | Player [Carlinhoo Rlz] | --------------------------------------.
23:56:02 | Player [Maconha Demais] | Processando 1 itens a entregar....
23:56:02 | Player [Maconha Demais] | Item Data: {"log_id":539,"item_count":1,"item_id":12691,"item_name":"Assassin outfit ticket","use_present":true,"item_action_id":"13"}.
23:56:02 | Player [Maconha Demais] | Item Data Entregue com sucesso: {"log_id":539,"item_count":1,"item_id":12691,"item_name":"Assassin outfit ticket","use_present":true,"item_action_id":"13"}.
23:56:02 | Player [Maconha Demais] | Processo concluido. Resultado: Total de itens 1, Itens não recebidos 0, Itens a Receber 1..
23:56:02 | Player [Maconha Demais] | --------------------------------------.
