01:06:01 | Player [Panex] | Processando 1 itens a entregar....
01:06:01 | Player [Panex] | Item Data: {"log_id":390,"item_count":1,"item_id":12696,"item_name":"Premium Ticket - 1 semana","use_present":true,"item_action_id":0}.
01:06:01 | Player [Panex] | Item Data Entregue com sucesso: {"log_id":390,"item_count":1,"item_id":12696,"item_name":"Premium Ticket - 1 semana","use_present":true,"item_action_id":0}.
01:06:01 | Player [Panex] | Processo concluido. Resultado: Total de itens 1, Itens não recebidos 0, Itens a Receber 1..
01:06:01 | Player [Panex] | --------------------------------------.
01:30:07 | Player [Gummy Bear] | Processando 2 itens a entregar....
01:30:07 | Player [Gummy Bear] | Item Data: {"log_id":391,"item_count":1,"item_id":12696,"item_name":"Premium Ticket - 1 semana","use_present":true,"item_action_id":0}.
01:30:07 | Player [Gummy Bear] | Item Data: {"log_id":392,"item_count":1,"item_id":12696,"item_name":"Premium Ticket - 1 semana","use_present":true,"item_action_id":0}.
01:30:07 | Player [Gummy Bear] | Item Data Entregue com sucesso: {"log_id":391,"item_count":1,"item_id":12696,"item_name":"Premium Ticket - 1 semana","use_present":true,"item_action_id":0}.
01:30:07 | Player [Gummy Bear] | Item Data Entregue com sucesso: {"log_id":392,"item_count":1,"item_id":12696,"item_name":"Premium Ticket - 1 semana","use_present":true,"item_action_id":0}.
01:30:07 | Player [Gummy Bear] | Processo concluido. Resultado: Total de itens 2, Itens não recebidos 0, Itens a Receber 2..
01:30:07 | Player [Gummy Bear] | --------------------------------------.
11:29:01 | Player [Panex] | Processando 1 itens a entregar....
11:29:01 | Player [Panex] | Item Data: {"log_id":393,"item_count":1,"item_id":12696,"item_name":"Premium Ticket - 1 semana","use_present":true,"item_action_id":0}.
11:29:01 | Player [Panex] | Item Data Entregue com sucesso: {"log_id":393,"item_count":1,"item_id":12696,"item_name":"Premium Ticket - 1 semana","use_present":true,"item_action_id":0}.
11:29:01 | Player [Panex] | Processo concluido. Resultado: Total de itens 1, Itens não recebidos 0, Itens a Receber 1..
11:29:01 | Player [Panex] | --------------------------------------.
14:21:06 | Player [Lincoln Burrows] | Processando 2 itens a entregar....
14:21:06 | Player [Lincoln Burrows] | Item Data: {"log_id":394,"item_count":1,"item_id":12696,"item_name":"Premium Ticket - 1 semana","use_present":true,"item_action_id":0}.
14:21:06 | Player [Lincoln Burrows] | Item Data: {"log_id":395,"item_count":1,"item_id":12696,"item_name":"Premium Ticket - 1 semana","use_present":true,"item_action_id":0}.
14:21:06 | Player [Lincoln Burrows] | Item Data Entregue com sucesso: {"log_id":394,"item_count":1,"item_id":12696,"item_name":"Premium Ticket - 1 semana","use_present":true,"item_action_id":0}.
14:21:06 | Player [Lincoln Burrows] | Item Data Entregue com sucesso: {"log_id":395,"item_count":1,"item_id":12696,"item_name":"Premium Ticket - 1 semana","use_present":true,"item_action_id":0}.
14:21:06 | Player [Lincoln Burrows] | Processo concluido. Resultado: Total de itens 2, Itens não recebidos 0, Itens a Receber 2..
14:21:06 | Player [Lincoln Burrows] | --------------------------------------.
23:37:26 | Player [Ablon] | Processando 1 itens a entregar....
23:37:26 | Player [Ablon] | Item Data: {"log_id":396,"item_count":1,"item_id":12696,"item_name":"Premium Ticket - 1 semana","use_present":true,"item_action_id":0}.
23:37:26 | Player [Ablon] | Item Data Entregue com sucesso: {"log_id":396,"item_count":1,"item_id":12696,"item_name":"Premium Ticket - 1 semana","use_present":true,"item_action_id":0}.
23:37:26 | Player [Ablon] | Processo concluido. Resultado: Total de itens 1, Itens não recebidos 0, Itens a Receber 1..
23:37:26 | Player [Ablon] | --------------------------------------.
