13:19:45 | Player [Wax Druid] | Processando 1 itens a entregar....
13:19:45 | Player [Wax Druid] | Item Data: {"log_id":196,"item_count":1,"item_id":12696,"item_name":"Premium Ticket - 1 semana","use_present":true,"item_action_id":0}.
13:19:45 | Player [Wax Druid] | Item Data Entregue com sucesso: {"log_id":196,"item_count":1,"item_id":12696,"item_name":"Premium Ticket - 1 semana","use_present":true,"item_action_id":0}.
13:19:45 | Player [Wax Druid] | Processo concluido. Resultado: Total de itens 1, Itens não recebidos 0, Itens a Receber 1..
13:19:45 | Player [Wax Druid] | --------------------------------------.
13:29:29 | Player [Wax Druid] | Processando 1 itens a entregar....
13:29:29 | Player [Wax Druid] | Item Data: {"log_id":197,"item_count":1,"item_id":12696,"item_name":"Premium Ticket - 1 semana","use_present":true,"item_action_id":0}.
13:29:29 | Player [Wax Druid] | Item Data Entregue com sucesso: {"log_id":197,"item_count":1,"item_id":12696,"item_name":"Premium Ticket - 1 semana","use_present":true,"item_action_id":0}.
13:29:29 | Player [Wax Druid] | Processo concluido. Resultado: Total de itens 1, Itens não recebidos 0, Itens a Receber 1..
13:29:29 | Player [Wax Druid] | --------------------------------------.
21:12:43 | Player [Barmy Owns] | Processando 1 itens a entregar....
21:12:43 | Player [Barmy Owns] | Item Data: {"log_id":198,"item_count":1,"item_id":12696,"item_name":"Premium Ticket - 1 semana","use_present":true,"item_action_id":0}.
21:12:43 | Player [Barmy Owns] | Item Data Entregue com sucesso: {"log_id":198,"item_count":1,"item_id":12696,"item_name":"Premium Ticket - 1 semana","use_present":true,"item_action_id":0}.
21:12:43 | Player [Barmy Owns] | Processo concluido. Resultado: Total de itens 1, Itens não recebidos 0, Itens a Receber 1..
21:12:43 | Player [Barmy Owns] | --------------------------------------.
21:47:02 | Player [Piripaky Duchavs] | Processando 1 itens a entregar....
21:47:02 | Player [Piripaky Duchavs] | Item Data: {"log_id":199,"item_count":1,"item_id":12696,"item_name":"Premium Ticket - 1 semana","use_present":true,"item_action_id":0}.
21:47:02 | Player [Piripaky Duchavs] | Item Data Entregue com sucesso: {"log_id":199,"item_count":1,"item_id":12696,"item_name":"Premium Ticket - 1 semana","use_present":true,"item_action_id":0}.
21:47:02 | Player [Piripaky Duchavs] | Processo concluido. Resultado: Total de itens 1, Itens não recebidos 0, Itens a Receber 1..
21:47:02 | Player [Piripaky Duchavs] | --------------------------------------.
22:01:05 | Player [Daredevil Aquelemsm] | Processando 1 itens a entregar....
22:01:05 | Player [Daredevil Aquelemsm] | Item Data: {"log_id":200,"item_count":1,"item_id":12696,"item_name":"Premium Ticket - 1 semana","use_present":true,"item_action_id":0}.
22:01:05 | Player [Daredevil Aquelemsm] | Item Data Entregue com sucesso: {"log_id":200,"item_count":1,"item_id":12696,"item_name":"Premium Ticket - 1 semana","use_present":true,"item_action_id":0}.
22:01:05 | Player [Daredevil Aquelemsm] | Processo concluido. Resultado: Total de itens 1, Itens não recebidos 0, Itens a Receber 1..
22:01:05 | Player [Daredevil Aquelemsm] | --------------------------------------.
22:01:25 | Player [Piripaky Duchavs] | Processando 1 itens a entregar....
22:01:25 | Player [Piripaky Duchavs] | Item Data: {"log_id":201,"item_count":1,"item_id":12696,"item_name":"Premium Ticket - 1 semana","use_present":true,"item_action_id":0}.
22:01:25 | Player [Piripaky Duchavs] | Item Data Entregue com sucesso: {"log_id":201,"item_count":1,"item_id":12696,"item_name":"Premium Ticket - 1 semana","use_present":true,"item_action_id":0}.
22:01:25 | Player [Piripaky Duchavs] | Processo concluido. Resultado: Total de itens 1, Itens não recebidos 0, Itens a Receber 1..
22:01:25 | Player [Piripaky Duchavs] | --------------------------------------.
23:01:26 | Player [Wax Sorcer] | Processando 1 itens a entregar....
23:01:26 | Player [Wax Sorcer] | Item Data: {"log_id":202,"item_count":1,"item_id":12696,"item_name":"Premium Ticket - 1 semana","use_present":true,"item_action_id":0}.
23:01:26 | Player [Wax Sorcer] | Item Data Entregue com sucesso: {"log_id":202,"item_count":1,"item_id":12696,"item_name":"Premium Ticket - 1 semana","use_present":true,"item_action_id":0}.
23:01:26 | Player [Wax Sorcer] | Processo concluido. Resultado: Total de itens 1, Itens não recebidos 0, Itens a Receber 1..
23:01:26 | Player [Wax Sorcer] | --------------------------------------.
10:45:49 | Player [LERA APOCALIPSE] | Processando 1 itens a entregar....
10:45:49 | Player [LERA APOCALIPSE] | Item Data: {"log_id":549,"item_count":1,"item_id":6132,"item_name":"Soft Boots","use_present":true,"item_action_id":0}.
10:45:49 | Player [LERA APOCALIPSE] | Item Data Entregue com sucesso: {"log_id":549,"item_count":1,"item_id":6132,"item_name":"Soft Boots","use_present":true,"item_action_id":0}.
10:45:49 | Player [LERA APOCALIPSE] | Processo concluido. Resultado: Total de itens 1, Itens não recebidos 0, Itens a Receber 1..
10:45:49 | Player [LERA APOCALIPSE] | --------------------------------------.
12:00:51 | Player [Carlinhoo Rlz] | Processando 1 itens a entregar....
12:00:51 | Player [Carlinhoo Rlz] | Item Data: {"log_id":550,"item_count":100,"item_id":2160,"item_name":"Crystal Coin","use_present":true,"item_action_id":0}.
12:00:51 | Player [Carlinhoo Rlz] | Item Data Entregue com sucesso: {"log_id":550,"item_count":100,"item_id":2160,"item_name":"Crystal Coin","use_present":true,"item_action_id":0}.
12:00:51 | Player [Carlinhoo Rlz] | Processo concluido. Resultado: Total de itens 1, Itens não recebidos 0, Itens a Receber 1..
12:00:51 | Player [Carlinhoo Rlz] | --------------------------------------.
15:08:46 | Player [Falcones] | Processando 1 itens a entregar....
15:08:46 | Player [Falcones] | Item Data: {"log_id":551,"item_count":100,"item_id":2160,"item_name":"Crystal Coin","use_present":true,"item_action_id":0}.
15:08:46 | Player [Falcones] | Item Data Entregue com sucesso: {"log_id":551,"item_count":100,"item_id":2160,"item_name":"Crystal Coin","use_present":true,"item_action_id":0}.
15:08:46 | Player [Falcones] | Processo concluido. Resultado: Total de itens 1, Itens não recebidos 0, Itens a Receber 1..
15:08:46 | Player [Falcones] | --------------------------------------.
19:04:30 | Player [Carlinhoo Rlz] | Processando 1 itens a entregar....
19:04:30 | Player [Carlinhoo Rlz] | Item Data: {"log_id":552,"item_count":100,"item_id":2160,"item_name":"Crystal Coin","use_present":true,"item_action_id":0}.
19:04:30 | Player [Carlinhoo Rlz] | Item Data Entregue com sucesso: {"log_id":552,"item_count":100,"item_id":2160,"item_name":"Crystal Coin","use_present":true,"item_action_id":0}.
19:04:30 | Player [Carlinhoo Rlz] | Processo concluido. Resultado: Total de itens 1, Itens não recebidos 0, Itens a Receber 1..
19:04:30 | Player [Carlinhoo Rlz] | --------------------------------------.
19:32:58 | Player [XblaDe] | Processando 1 itens a entregar....
19:32:58 | Player [XblaDe] | Item Data: {"log_id":553,"item_count":100,"item_id":2160,"item_name":"Crystal Coin","use_present":true,"item_action_id":0}.
19:32:58 | Player [XblaDe] | Item Data Entregue com sucesso: {"log_id":553,"item_count":100,"item_id":2160,"item_name":"Crystal Coin","use_present":true,"item_action_id":0}.
19:32:59 | Player [XblaDe] | Processo concluido. Resultado: Total de itens 1, Itens não recebidos 0, Itens a Receber 1..
19:32:59 | Player [XblaDe] | --------------------------------------.
19:35:10 | Player [XblaDe] | Processando 1 itens a entregar....
19:35:10 | Player [XblaDe] | Item Data: {"log_id":554,"item_count":100,"item_id":2160,"item_name":"Crystal Coin","use_present":true,"item_action_id":0}.
19:35:10 | Player [XblaDe] | Item Data Entregue com sucesso: {"log_id":554,"item_count":100,"item_id":2160,"item_name":"Crystal Coin","use_present":true,"item_action_id":0}.
19:35:10 | Player [XblaDe] | Processo concluido. Resultado: Total de itens 1, Itens não recebidos 0, Itens a Receber 1..
19:35:10 | Player [XblaDe] | --------------------------------------.
20:21:34 | Player [Falcones] | Processando 1 itens a entregar....
20:21:34 | Player [Falcones] | Item Data: {"log_id":555,"item_count":1,"item_id":12649,"item_name":"Blade of Corruption","use_present":true,"item_action_id":0}.
20:21:34 | Player [Falcones] | Item Data Entregue com sucesso: {"log_id":555,"item_count":1,"item_id":12649,"item_name":"Blade of Corruption","use_present":true,"item_action_id":0}.
20:21:34 | Player [Falcones] | Processo concluido. Resultado: Total de itens 1, Itens não recebidos 0, Itens a Receber 1..
20:21:34 | Player [Falcones] | --------------------------------------.
23:52:38 | Player [Carlinhoo Rlz] | Processando 1 itens a entregar....
23:52:38 | Player [Carlinhoo Rlz] | Item Data: {"log_id":556,"item_count":1,"item_id":12691,"item_name":"Knight outfit ticket","use_present":true,"item_action_id":"4"}.
23:52:38 | Player [Carlinhoo Rlz] | Item Data Entregue com sucesso: {"log_id":556,"item_count":1,"item_id":12691,"item_name":"Knight outfit ticket","use_present":true,"item_action_id":"4"}.
23:52:38 | Player [Carlinhoo Rlz] | Processo concluido. Resultado: Total de itens 1, Itens não recebidos 0, Itens a Receber 1..
23:52:38 | Player [Carlinhoo Rlz] | --------------------------------------.
23:54:05 | Player [Carlinhoo Rlz] | Processando 1 itens a entregar....
23:54:05 | Player [Carlinhoo Rlz] | Item Data: {"log_id":557,"item_count":1,"item_id":6132,"item_name":"Soft Boots","use_present":true,"item_action_id":0}.
23:54:05 | Player [Carlinhoo Rlz] | Item Data Entregue com sucesso: {"log_id":557,"item_count":1,"item_id":6132,"item_name":"Soft Boots","use_present":true,"item_action_id":0}.
23:54:05 | Player [Carlinhoo Rlz] | Processo concluido. Resultado: Total de itens 1, Itens não recebidos 0, Itens a Receber 1..
23:54:05 | Player [Carlinhoo Rlz] | --------------------------------------.
