00:01:18 | Player [Dii Boresth] | Processando 1 itens a entregar....
00:01:18 | Player [Dii Boresth] | Item Data: {"log_id":417,"item_count":1,"item_id":12696,"item_name":"Premium Ticket - 1 semana","use_present":true,"item_action_id":0}.
00:01:18 | Player [Dii Boresth] | Item Data Entregue com sucesso: {"log_id":417,"item_count":1,"item_id":12696,"item_name":"Premium Ticket - 1 semana","use_present":true,"item_action_id":0}.
00:01:18 | Player [Dii Boresth] | Processo concluido. Resultado: Total de itens 1, Itens não recebidos 0, Itens a Receber 1..
00:01:18 | Player [Dii Boresth] | --------------------------------------.
13:55:24 | Player [Bashiok] | Processando 1 itens a entregar....
13:55:24 | Player [Bashiok] | Item Data: {"log_id":418,"item_count":1,"item_id":12696,"item_name":"Premium Ticket - 1 semana","use_present":true,"item_action_id":0}.
13:55:24 | Player [Bashiok] | Item Data Entregue com sucesso: {"log_id":418,"item_count":1,"item_id":12696,"item_name":"Premium Ticket - 1 semana","use_present":true,"item_action_id":0}.
13:55:24 | Player [Bashiok] | Processo concluido. Resultado: Total de itens 1, Itens não recebidos 0, Itens a Receber 1..
13:55:24 | Player [Bashiok] | --------------------------------------.
15:37:22 | Player [Deiivitos] | Processando 1 itens a entregar....
15:37:22 | Player [Deiivitos] | Item Data: {"log_id":4068,"item_count":1,"item_id":11302,"item_name":"Zaoan Helmet","use_present":true,"item_action_id":0}.
15:37:22 | Player [Deiivitos] | Item Data Entregue com sucesso: {"log_id":4068,"item_count":1,"item_id":11302,"item_name":"Zaoan Helmet","use_present":true,"item_action_id":0}.
15:37:22 | Player [Deiivitos] | Processo concluido. Resultado: Total de itens 1, Itens não recebidos 0, Itens a Receber 1..
15:37:22 | Player [Deiivitos] | --------------------------------------.
15:57:21 | Player [Anarchist] | Processando 1 itens a entregar....
15:57:21 | Player [Anarchist] | Item Data: {"log_id":4069,"item_count":1,"item_id":12643,"item_name":"Royal Scale Robe","use_present":true,"item_action_id":0}.
15:57:21 | Player [Anarchist] | Item Data Entregue com sucesso: {"log_id":4069,"item_count":1,"item_id":12643,"item_name":"Royal Scale Robe","use_present":true,"item_action_id":0}.
15:57:21 | Player [Anarchist] | Processo concluido. Resultado: Total de itens 1, Itens não recebidos 0, Itens a Receber 1..
15:57:21 | Player [Anarchist] | --------------------------------------.
15:58:02 | Player [Anarchist] | Processando 1 itens a entregar....
15:58:02 | Player [Anarchist] | Item Data: {"log_id":4070,"item_count":1,"item_id":8918,"item_name":"Spellbook of Dark Mysteries","use_present":true,"item_action_id":0}.
15:58:02 | Player [Anarchist] | Item Data Entregue com sucesso: {"log_id":4070,"item_count":1,"item_id":8918,"item_name":"Spellbook of Dark Mysteries","use_present":true,"item_action_id":0}.
15:58:02 | Player [Anarchist] | Processo concluido. Resultado: Total de itens 1, Itens não recebidos 0, Itens a Receber 1..
15:58:02 | Player [Anarchist] | --------------------------------------.
15:58:35 | Player [Anarchist] | Processando 1 itens a entregar....
15:58:35 | Player [Anarchist] | Item Data: {"log_id":4071,"item_count":1,"item_id":9778,"item_name":"Yalahari Mask","use_present":true,"item_action_id":0}.
15:58:35 | Player [Anarchist] | Item Data Entregue com sucesso: {"log_id":4071,"item_count":1,"item_id":9778,"item_name":"Yalahari Mask","use_present":true,"item_action_id":0}.
15:58:35 | Player [Anarchist] | Processo concluido. Resultado: Total de itens 1, Itens não recebidos 0, Itens a Receber 1..
15:58:35 | Player [Anarchist] | --------------------------------------.
15:59:35 | Player [Anarchist] | Processando 1 itens a entregar....
15:59:35 | Player [Anarchist] | Item Data: {"log_id":4072,"item_count":1,"item_id":6132,"item_name":"Soft Boots","use_present":true,"item_action_id":0}.
15:59:35 | Player [Anarchist] | Item Data Entregue com sucesso: {"log_id":4072,"item_count":1,"item_id":6132,"item_name":"Soft Boots","use_present":true,"item_action_id":0}.
15:59:35 | Player [Anarchist] | Processo concluido. Resultado: Total de itens 1, Itens não recebidos 0, Itens a Receber 1..
15:59:35 | Player [Anarchist] | --------------------------------------.
16:00:19 | Player [Anarchist] | Processando 1 itens a entregar....
16:00:19 | Player [Anarchist] | Item Data: {"log_id":4073,"item_count":1,"item_id":5804,"item_name":"Nose Ring","use_present":true,"item_action_id":0}.
16:00:19 | Player [Anarchist] | Item Data Entregue com sucesso: {"log_id":4073,"item_count":1,"item_id":5804,"item_name":"Nose Ring","use_present":true,"item_action_id":0}.
16:00:19 | Player [Anarchist] | Processo concluido. Resultado: Total de itens 1, Itens não recebidos 0, Itens a Receber 1..
16:00:19 | Player [Anarchist] | --------------------------------------.
16:00:39 | Player [Anarchist] | Processando 1 itens a entregar....
16:00:39 | Player [Anarchist] | Item Data: {"log_id":4074,"item_count":100,"item_id":2160,"item_name":"Crystal Coin","use_present":true,"item_action_id":0}.
16:00:39 | Player [Anarchist] | Item Data Entregue com sucesso: {"log_id":4074,"item_count":100,"item_id":2160,"item_name":"Crystal Coin","use_present":true,"item_action_id":0}.
16:00:39 | Player [Anarchist] | Processo concluido. Resultado: Total de itens 1, Itens não recebidos 0, Itens a Receber 1..
16:00:39 | Player [Anarchist] | --------------------------------------.
