00:22:26 | Player [Black Fusion] | Processando 1 itens a entregar....
00:22:26 | Player [Black Fusion] | Item Data: {"log_id":162,"item_count":1,"item_id":12696,"item_name":"Premium Ticket - 1 semana","use_present":true,"item_action_id":0}.
00:22:26 | Player [Black Fusion] | Item Data Entregue com sucesso: {"log_id":162,"item_count":1,"item_id":12696,"item_name":"Premium Ticket - 1 semana","use_present":true,"item_action_id":0}.
00:22:26 | Player [Black Fusion] | Processo concluido. Resultado: Total de itens 1, Itens não recebidos 0, Itens a Receber 1..
00:22:26 | Player [Black Fusion] | --------------------------------------.
11:25:53 | Player [Somer Lakers] | Processando 1 itens a entregar....
11:25:53 | Player [Somer Lakers] | Item Data: {"log_id":163,"item_count":1,"item_id":12696,"item_name":"Premium Ticket - 1 semana","use_present":true,"item_action_id":0}.
11:25:53 | Player [Somer Lakers] | Item Data Entregue com sucesso: {"log_id":163,"item_count":1,"item_id":12696,"item_name":"Premium Ticket - 1 semana","use_present":true,"item_action_id":0}.
11:25:53 | Player [Somer Lakers] | Processo concluido. Resultado: Total de itens 1, Itens não recebidos 0, Itens a Receber 1..
11:25:53 | Player [Somer Lakers] | --------------------------------------.
15:50:18 | Player [Eskimo] | Processando 1 itens a entregar....
15:50:18 | Player [Eskimo] | Item Data: {"log_id":164,"item_count":1,"item_id":12696,"item_name":"Premium Ticket - 1 semana","use_present":true,"item_action_id":0}.
15:50:18 | Player [Eskimo] | Item Data Entregue com sucesso: {"log_id":164,"item_count":1,"item_id":12696,"item_name":"Premium Ticket - 1 semana","use_present":true,"item_action_id":0}.
15:50:18 | Player [Eskimo] | Processo concluido. Resultado: Total de itens 1, Itens não recebidos 0, Itens a Receber 1..
15:50:18 | Player [Eskimo] | --------------------------------------.
15:57:37 | Player [Lukinhaa Rosinha] | Processando 1 itens a entregar....
15:57:37 | Player [Lukinhaa Rosinha] | Item Data: {"log_id":165,"item_count":1,"item_id":12696,"item_name":"Premium Ticket - 1 semana","use_present":true,"item_action_id":0}.
15:57:37 | Player [Lukinhaa Rosinha] | Item Data Entregue com sucesso: {"log_id":165,"item_count":1,"item_id":12696,"item_name":"Premium Ticket - 1 semana","use_present":true,"item_action_id":0}.
15:57:37 | Player [Lukinhaa Rosinha] | Processo concluido. Resultado: Total de itens 1, Itens não recebidos 0, Itens a Receber 1..
15:57:37 | Player [Lukinhaa Rosinha] | --------------------------------------.
16:07:28 | Player [Barmy Owns] | Processando 1 itens a entregar....
16:07:28 | Player [Barmy Owns] | Item Data: {"log_id":166,"item_count":1,"item_id":12696,"item_name":"Premium Ticket - 1 semana","use_present":true,"item_action_id":0}.
16:07:28 | Player [Barmy Owns] | Item Data Entregue com sucesso: {"log_id":166,"item_count":1,"item_id":12696,"item_name":"Premium Ticket - 1 semana","use_present":true,"item_action_id":0}.
16:07:28 | Player [Barmy Owns] | Processo concluido. Resultado: Total de itens 1, Itens não recebidos 0, Itens a Receber 1..
16:07:28 | Player [Barmy Owns] | --------------------------------------.
19:54:31 | Player [Andre Imortal] | Processando 3 itens a entregar....
19:54:31 | Player [Andre Imortal] | Item Data: {"log_id":167,"item_count":1,"item_id":12696,"item_name":"Premium Ticket - 1 semana","use_present":true,"item_action_id":0}.
19:54:31 | Player [Andre Imortal] | Item Data: {"log_id":168,"item_count":1,"item_id":12696,"item_name":"Premium Ticket - 1 semana","use_present":true,"item_action_id":0}.
19:54:31 | Player [Andre Imortal] | Item Data: {"log_id":169,"item_count":1,"item_id":12696,"item_name":"Premium Ticket - 1 semana","use_present":true,"item_action_id":0}.
19:54:31 | Player [Andre Imortal] | Item Data Entregue com sucesso: {"log_id":167,"item_count":1,"item_id":12696,"item_name":"Premium Ticket - 1 semana","use_present":true,"item_action_id":0}.
19:54:31 | Player [Andre Imortal] | Item Data Entregue com sucesso: {"log_id":168,"item_count":1,"item_id":12696,"item_name":"Premium Ticket - 1 semana","use_present":true,"item_action_id":0}.
19:54:31 | Player [Andre Imortal] | Item Data Entregue com sucesso: {"log_id":169,"item_count":1,"item_id":12696,"item_name":"Premium Ticket - 1 semana","use_present":true,"item_action_id":0}.
19:54:31 | Player [Andre Imortal] | Processo concluido. Resultado: Total de itens 3, Itens não recebidos 0, Itens a Receber 3..
19:54:31 | Player [Andre Imortal] | --------------------------------------.
20:53:29 | Player [Estilozo] | Processando 2 itens a entregar....
20:53:29 | Player [Estilozo] | Item Data: {"log_id":170,"item_count":1,"item_id":12696,"item_name":"Premium Ticket - 1 semana","use_present":true,"item_action_id":0}.
20:53:29 | Player [Estilozo] | Item Data: {"log_id":171,"item_count":1,"item_id":12696,"item_name":"Premium Ticket - 1 semana","use_present":true,"item_action_id":0}.
20:53:29 | Player [Estilozo] | Item Data Entregue com sucesso: {"log_id":170,"item_count":1,"item_id":12696,"item_name":"Premium Ticket - 1 semana","use_present":true,"item_action_id":0}.
20:53:29 | Player [Estilozo] | Item Data Entregue com sucesso: {"log_id":171,"item_count":1,"item_id":12696,"item_name":"Premium Ticket - 1 semana","use_present":true,"item_action_id":0}.
20:53:29 | Player [Estilozo] | Processo concluido. Resultado: Total de itens 2, Itens não recebidos 0, Itens a Receber 2..
20:53:29 | Player [Estilozo] | --------------------------------------.
