00:02:17 | Player [Ablon] | Processando 1 itens a entregar....
00:02:18 | Player [Ablon] | Item Data: {"log_id":397,"item_count":1,"item_id":12696,"item_name":"Premium Ticket - 1 semana","use_present":true,"item_action_id":0}.
00:02:18 | Player [Ablon] | Item Data Entregue com sucesso: {"log_id":397,"item_count":1,"item_id":12696,"item_name":"Premium Ticket - 1 semana","use_present":true,"item_action_id":0}.
00:02:18 | Player [Ablon] | Processo concluido. Resultado: Total de itens 1, Itens não recebidos 0, Itens a Receber 1..
00:02:18 | Player [Ablon] | --------------------------------------.
02:37:21 | Player [Waxkordon] | Processando 1 itens a entregar....
02:37:21 | Player [Waxkordon] | Item Data: {"log_id":398,"item_count":1,"item_id":12696,"item_name":"Premium Ticket - 1 semana","use_present":true,"item_action_id":0}.
02:37:21 | Player [Waxkordon] | Item Data Entregue com sucesso: {"log_id":398,"item_count":1,"item_id":12696,"item_name":"Premium Ticket - 1 semana","use_present":true,"item_action_id":0}.
02:37:21 | Player [Waxkordon] | Processo concluido. Resultado: Total de itens 1, Itens não recebidos 0, Itens a Receber 1..
02:37:21 | Player [Waxkordon] | --------------------------------------.
12:12:09 | Player [Sapekinha knight] | Processando 1 itens a entregar....
12:12:09 | Player [Sapekinha knight] | Item Data: {"log_id":399,"item_count":1,"item_id":12696,"item_name":"Premium Ticket - 1 semana","use_present":true,"item_action_id":0}.
12:12:09 | Player [Sapekinha knight] | Item Data Entregue com sucesso: {"log_id":399,"item_count":1,"item_id":12696,"item_name":"Premium Ticket - 1 semana","use_present":true,"item_action_id":0}.
12:12:09 | Player [Sapekinha knight] | Processo concluido. Resultado: Total de itens 1, Itens não recebidos 0, Itens a Receber 1..
12:12:09 | Player [Sapekinha knight] | --------------------------------------.
19:43:42 | Player [Stylle knight] | Processando 1 itens a entregar....
19:43:42 | Player [Stylle knight] | Item Data: {"log_id":400,"item_count":1,"item_id":12696,"item_name":"Premium Ticket - 1 semana","use_present":true,"item_action_id":0}.
19:43:42 | Player [Stylle knight] | Item Data Entregue com sucesso: {"log_id":400,"item_count":1,"item_id":12696,"item_name":"Premium Ticket - 1 semana","use_present":true,"item_action_id":0}.
19:43:42 | Player [Stylle knight] | Processo concluido. Resultado: Total de itens 1, Itens não recebidos 0, Itens a Receber 1..
19:43:42 | Player [Stylle knight] | --------------------------------------.
20:11:33 | Player [Stylle knight] | Processando 1 itens a entregar....
20:11:33 | Player [Stylle knight] | Item Data: {"log_id":401,"item_count":1,"item_id":12690,"item_name":"Premium Ticket - 1 mes","use_present":true,"item_action_id":0}.
20:11:33 | Player [Stylle knight] | Item Data Entregue com sucesso: {"log_id":401,"item_count":1,"item_id":12690,"item_name":"Premium Ticket - 1 mes","use_present":true,"item_action_id":0}.
20:11:33 | Player [Stylle knight] | Processo concluido. Resultado: Total de itens 1, Itens não recebidos 0, Itens a Receber 1..
20:11:33 | Player [Stylle knight] | --------------------------------------.
23:46:05 | Player [Mantus Infernalty] | Processando 2 itens a entregar....
23:46:05 | Player [Mantus Infernalty] | Item Data: {"log_id":402,"item_count":1,"item_id":12696,"item_name":"Premium Ticket - 1 semana","use_present":true,"item_action_id":0}.
23:46:05 | Player [Mantus Infernalty] | Item Data: {"log_id":403,"item_count":1,"item_id":12696,"item_name":"Premium Ticket - 1 semana","use_present":true,"item_action_id":0}.
23:46:05 | Player [Mantus Infernalty] | Item Data Entregue com sucesso: {"log_id":402,"item_count":1,"item_id":12696,"item_name":"Premium Ticket - 1 semana","use_present":true,"item_action_id":0}.
23:46:05 | Player [Mantus Infernalty] | Item Data Entregue com sucesso: {"log_id":403,"item_count":1,"item_id":12696,"item_name":"Premium Ticket - 1 semana","use_present":true,"item_action_id":0}.
23:46:05 | Player [Mantus Infernalty] | Processo concluido. Resultado: Total de itens 2, Itens não recebidos 0, Itens a Receber 2..
23:46:05 | Player [Mantus Infernalty] | --------------------------------------.
