12:59:14 | Player [Daredevilzera] | Processando 1 itens a entregar....
12:59:14 | Player [Daredevilzera] | Item Data: {"log_id":172,"item_count":1,"item_id":12690,"item_name":"Premium Ticket - 1 mes","use_present":true,"item_action_id":0}.
12:59:14 | Player [Daredevilzera] | Item Data Entregue com sucesso: {"log_id":172,"item_count":1,"item_id":12690,"item_name":"Premium Ticket - 1 mes","use_present":true,"item_action_id":0}.
12:59:14 | Player [Daredevilzera] | Processo concluido. Resultado: Total de itens 1, Itens não recebidos 0, Itens a Receber 1..
12:59:14 | Player [Daredevilzera] | --------------------------------------.
17:07:40 | Player [Lava Brutal] | Processando 1 itens a entregar....
17:07:40 | Player [Lava Brutal] | Item Data: {"log_id":173,"item_count":1,"item_id":12696,"item_name":"Premium Ticket - 1 semana","use_present":true,"item_action_id":0}.
17:07:40 | Player [Lava Brutal] | Item Data Entregue com sucesso: {"log_id":173,"item_count":1,"item_id":12696,"item_name":"Premium Ticket - 1 semana","use_present":true,"item_action_id":0}.
17:07:40 | Player [Lava Brutal] | Processo concluido. Resultado: Total de itens 1, Itens não recebidos 0, Itens a Receber 1..
17:07:40 | Player [Lava Brutal] | --------------------------------------.
17:48:53 | Player [ChefeDeQuadrilhaCrew] | Processando 1 itens a entregar....
17:48:53 | Player [ChefeDeQuadrilhaCrew] | Item Data: {"log_id":174,"item_count":1,"item_id":12696,"item_name":"Premium Ticket - 1 semana","use_present":true,"item_action_id":0}.
17:48:53 | Player [ChefeDeQuadrilhaCrew] | Item Data Entregue com sucesso: {"log_id":174,"item_count":1,"item_id":12696,"item_name":"Premium Ticket - 1 semana","use_present":true,"item_action_id":0}.
17:48:53 | Player [ChefeDeQuadrilhaCrew] | Processo concluido. Resultado: Total de itens 1, Itens não recebidos 0, Itens a Receber 1..
17:48:53 | Player [ChefeDeQuadrilhaCrew] | --------------------------------------.
20:29:44 | Player [Reick El Rachid] | Processando 1 itens a entregar....
20:29:44 | Player [Reick El Rachid] | Item Data: {"log_id":175,"item_count":1,"item_id":12690,"item_name":"Premium Ticket - 1 mes","use_present":true,"item_action_id":0}.
20:29:44 | Player [Reick El Rachid] | Item Data Entregue com sucesso: {"log_id":175,"item_count":1,"item_id":12690,"item_name":"Premium Ticket - 1 mes","use_present":true,"item_action_id":0}.
20:29:44 | Player [Reick El Rachid] | Processo concluido. Resultado: Total de itens 1, Itens não recebidos 0, Itens a Receber 1..
20:29:44 | Player [Reick El Rachid] | --------------------------------------.
23:05:33 | Player [Spacce Knight] | Processando 1 itens a entregar....
23:05:33 | Player [Spacce Knight] | Item Data: {"log_id":176,"item_count":1,"item_id":12696,"item_name":"Premium Ticket - 1 semana","use_present":true,"item_action_id":0}.
23:05:33 | Player [Spacce Knight] | Item Data Entregue com sucesso: {"log_id":176,"item_count":1,"item_id":12696,"item_name":"Premium Ticket - 1 semana","use_present":true,"item_action_id":0}.
23:05:33 | Player [Spacce Knight] | Processo concluido. Resultado: Total de itens 1, Itens não recebidos 0, Itens a Receber 1..
23:05:33 | Player [Spacce Knight] | --------------------------------------.
