01:28:00 | Player [Matado de Traveko] | Processando 1 itens a entregar....
01:28:01 | Player [Matado de Traveko] | Item Data: {"log_id":404,"item_count":1,"item_id":12696,"item_name":"Premium Ticket - 1 semana","use_present":true,"item_action_id":0}.
01:28:01 | Player [Matado de Traveko] | Item Data Entregue com sucesso: {"log_id":404,"item_count":1,"item_id":12696,"item_name":"Premium Ticket - 1 semana","use_present":true,"item_action_id":0}.
01:28:01 | Player [Matado de Traveko] | Processo concluido. Resultado: Total de itens 1, Itens não recebidos 0, Itens a Receber 1..
01:28:01 | Player [Matado de Traveko] | --------------------------------------.
17:35:40 | Player [Sapekinha knight] | Processando 1 itens a entregar....
17:35:40 | Player [Sapekinha knight] | Item Data: {"log_id":405,"item_count":1,"item_id":12696,"item_name":"Premium Ticket - 1 semana","use_present":true,"item_action_id":0}.
17:35:40 | Player [Sapekinha knight] | Item Data Entregue com sucesso: {"log_id":405,"item_count":1,"item_id":12696,"item_name":"Premium Ticket - 1 semana","use_present":true,"item_action_id":0}.
17:35:40 | Player [Sapekinha knight] | Processo concluido. Resultado: Total de itens 1, Itens não recebidos 0, Itens a Receber 1..
17:35:40 | Player [Sapekinha knight] | --------------------------------------.
18:23:36 | Player [Ryan Gracie] | Processando 1 itens a entregar....
18:23:36 | Player [Ryan Gracie] | Item Data: {"log_id":406,"item_count":1,"item_id":12696,"item_name":"Premium Ticket - 1 semana","use_present":true,"item_action_id":0}.
18:23:36 | Player [Ryan Gracie] | Item Data Entregue com sucesso: {"log_id":406,"item_count":1,"item_id":12696,"item_name":"Premium Ticket - 1 semana","use_present":true,"item_action_id":0}.
18:23:36 | Player [Ryan Gracie] | Processo concluido. Resultado: Total de itens 1, Itens não recebidos 0, Itens a Receber 1..
18:23:36 | Player [Ryan Gracie] | --------------------------------------.
11:46:32 | Player [Deivitos] | Processando 2 itens a entregar....
11:46:32 | Player [Deivitos] | Item Data: {"log_id":4052,"item_count":1,"item_id":12642,"item_name":"Royal Draken Mail","use_present":true,"item_action_id":0}.
11:46:32 | Player [Deivitos] | Capacidade esgotada, entregando os itens previamente processados..
11:46:32 | Player [Deivitos] | Item Data Entregue com sucesso: {"log_id":4052,"item_count":1,"item_id":12642,"item_name":"Royal Draken Mail","use_present":true,"item_action_id":0}.
11:46:32 | Player [Deivitos] | Problema ilogico não previsto: Total de itens 2, Itens não recebidos 0, Itens a Receber 1..
11:46:32 | Player [Deivitos] | Processo concluido. Resultado: Total de itens 2, Itens não recebidos 0, Itens a Receber 1..
11:46:32 | Player [Deivitos] | --------------------------------------.
11:46:51 | Player [Deivitos] | Processando 1 itens a entregar....
11:46:51 | Player [Deivitos] | Item Data: {"log_id":4053,"item_count":1,"item_id":12642,"item_name":"Royal Draken Mail","use_present":true,"item_action_id":0}.
11:46:51 | Player [Deivitos] | Item Data Entregue com sucesso: {"log_id":4053,"item_count":1,"item_id":12642,"item_name":"Royal Draken Mail","use_present":true,"item_action_id":0}.
11:46:51 | Player [Deivitos] | Processo concluido. Resultado: Total de itens 1, Itens não recebidos 0, Itens a Receber 1..
11:46:51 | Player [Deivitos] | --------------------------------------.
12:19:44 | Player [KeriaTer Um Nome] | Processando 1 itens a entregar....
12:19:44 | Player [KeriaTer Um Nome] | Item Data: {"log_id":4054,"item_count":100,"item_id":2160,"item_name":"Crystal Coin","use_present":true,"item_action_id":0}.
12:19:44 | Player [KeriaTer Um Nome] | Item Data Entregue com sucesso: {"log_id":4054,"item_count":100,"item_id":2160,"item_name":"Crystal Coin","use_present":true,"item_action_id":0}.
12:19:44 | Player [KeriaTer Um Nome] | Processo concluido. Resultado: Total de itens 1, Itens não recebidos 0, Itens a Receber 1..
12:19:44 | Player [KeriaTer Um Nome] | --------------------------------------.
13:36:10 | Player [KeriaTer Um Nome] | Processando 2 itens a entregar....
13:36:10 | Player [KeriaTer Um Nome] | Item Data: {"log_id":4055,"item_count":1,"item_id":9778,"item_name":"Yalahari Mask","use_present":true,"item_action_id":0}.
13:36:10 | Player [KeriaTer Um Nome] | Item Data: {"log_id":4056,"item_count":1,"item_id":12643,"item_name":"Royal Scale Robe","use_present":true,"item_action_id":0}.
13:36:10 | Player [KeriaTer Um Nome] | Item Data Entregue com sucesso: {"log_id":4055,"item_count":1,"item_id":9778,"item_name":"Yalahari Mask","use_present":true,"item_action_id":0}.
13:36:10 | Player [KeriaTer Um Nome] | Item Data Entregue com sucesso: {"log_id":4056,"item_count":1,"item_id":12643,"item_name":"Royal Scale Robe","use_present":true,"item_action_id":0}.
13:36:10 | Player [KeriaTer Um Nome] | Processo concluido. Resultado: Total de itens 2, Itens não recebidos 0, Itens a Receber 2..
13:36:10 | Player [KeriaTer Um Nome] | --------------------------------------.
15:46:44 | Player [Anderson Rllz] | Processando 1 itens a entregar....
15:46:44 | Player [Anderson Rllz] | Item Data: {"log_id":4057,"item_count":1,"item_id":6132,"item_name":"Soft Boots","use_present":true,"item_action_id":0}.
15:46:44 | Player [Anderson Rllz] | Item Data Entregue com sucesso: {"log_id":4057,"item_count":1,"item_id":6132,"item_name":"Soft Boots","use_present":true,"item_action_id":0}.
15:46:44 | Player [Anderson Rllz] | Processo concluido. Resultado: Total de itens 1, Itens não recebidos 0, Itens a Receber 1..
15:46:44 | Player [Anderson Rllz] | --------------------------------------.
15:49:52 | Player [Anderson Rllz] | Processando 2 itens a entregar....
15:49:52 | Player [Anderson Rllz] | Item Data: {"log_id":4058,"item_count":1,"item_id":8925,"item_name":"Solar Axe","use_present":true,"item_action_id":0}.
15:49:52 | Player [Anderson Rllz] | Item Data: {"log_id":4059,"item_count":100,"item_id":2160,"item_name":"Crystal Coin","use_present":true,"item_action_id":0}.
15:49:52 | Player [Anderson Rllz] | Item Data Entregue com sucesso: {"log_id":4058,"item_count":1,"item_id":8925,"item_name":"Solar Axe","use_present":true,"item_action_id":0}.
15:49:52 | Player [Anderson Rllz] | Item Data Entregue com sucesso: {"log_id":4059,"item_count":100,"item_id":2160,"item_name":"Crystal Coin","use_present":true,"item_action_id":0}.
15:49:52 | Player [Anderson Rllz] | Processo concluido. Resultado: Total de itens 2, Itens não recebidos 0, Itens a Receber 2..
15:49:52 | Player [Anderson Rllz] | --------------------------------------.
