12:36:52 | Player [CM Slash] | Processando 1 itens a entregar....
12:36:52 | Player [CM Slash] | Item Data: {"log_id":1,"item_count":1,"item_id":12690,"item_name":"Premium Ticket - 1 mes","use_present":true,"item_action_id":0}.
12:36:52 | Player [CM Slash] | Item Data Entregue com sucesso: {"log_id":1,"item_count":1,"item_id":12690,"item_name":"Premium Ticket - 1 mes","use_present":true,"item_action_id":0}.
12:36:53 | Player [CM Slash] | Processo concluido. Resultado: Total de itens 1, Itens não recebidos 0, Itens a Receber 1..
12:36:53 | Player [CM Slash] | --------------------------------------.
20:14:44 | Player [Infected] | Processando 1 itens a entregar....
20:14:44 | Player [Infected] | Item Data: {"log_id":2,"item_count":1,"item_id":12690,"item_name":"Premium Ticket - 1 mes","use_present":true,"item_action_id":0}.
20:14:44 | Player [Infected] | Item Data Entregue com sucesso: {"log_id":2,"item_count":1,"item_id":12690,"item_name":"Premium Ticket - 1 mes","use_present":true,"item_action_id":0}.
20:14:44 | Player [Infected] | Processo concluido. Resultado: Total de itens 1, Itens não recebidos 0, Itens a Receber 1..
20:14:44 | Player [Infected] | --------------------------------------.
12:15:11 | Player [Mago Maravilha] | Processando 1 itens a entregar....
12:15:11 | Player [Mago Maravilha] | Item Data: {"log_id":404,"item_count":1,"item_id":12691,"item_name":"Sumonner outfit ticket","use_present":true,"item_action_id":"6"}.
12:15:11 | Player [Mago Maravilha] | Item Data Entregue com sucesso: {"log_id":404,"item_count":1,"item_id":12691,"item_name":"Sumonner outfit ticket","use_present":true,"item_action_id":"6"}.
12:15:11 | Player [Mago Maravilha] | Processo concluido. Resultado: Total de itens 1, Itens não recebidos 0, Itens a Receber 1..
12:15:11 | Player [Mago Maravilha] | --------------------------------------.
12:19:25 | Player [Mago Maravilha] | Processando 1 itens a entregar....
12:19:25 | Player [Mago Maravilha] | Item Data: {"log_id":405,"item_count":100,"item_id":2160,"item_name":"Crystal Coin","use_present":true,"item_action_id":0}.
12:19:25 | Player [Mago Maravilha] | Item Data Entregue com sucesso: {"log_id":405,"item_count":100,"item_id":2160,"item_name":"Crystal Coin","use_present":true,"item_action_id":0}.
12:19:25 | Player [Mago Maravilha] | Processo concluido. Resultado: Total de itens 1, Itens não recebidos 0, Itens a Receber 1..
12:19:25 | Player [Mago Maravilha] | --------------------------------------.
12:25:47 | Player [Mago Maravilha] | Processando 1 itens a entregar....
12:25:47 | Player [Mago Maravilha] | Capacidade esgotada, entregando os itens previamente processados..
12:25:47 | Player [Mago Maravilha] | Processo concluido. Resultado: Total de itens 1, Itens não recebidos 0, Itens a Receber 0..
12:25:47 | Player [Mago Maravilha] | --------------------------------------.
12:26:14 | Player [Mago Maravilha] | Processando 1 itens a entregar....
12:26:14 | Player [Mago Maravilha] | Item Data: {"log_id":406,"item_count":1,"item_id":6132,"item_name":"Soft Boots","use_present":true,"item_action_id":0}.
12:26:14 | Player [Mago Maravilha] | Item Data Entregue com sucesso: {"log_id":406,"item_count":1,"item_id":6132,"item_name":"Soft Boots","use_present":true,"item_action_id":0}.
12:26:14 | Player [Mago Maravilha] | Processo concluido. Resultado: Total de itens 1, Itens não recebidos 0, Itens a Receber 1..
12:26:14 | Player [Mago Maravilha] | --------------------------------------.
12:30:36 | Player [Infortek] | Processando 1 itens a entregar....
12:30:36 | Player [Infortek] | Item Data: {"log_id":407,"item_count":100,"item_id":2160,"item_name":"Crystal Coin","use_present":true,"item_action_id":0}.
12:30:36 | Player [Infortek] | Item Data Entregue com sucesso: {"log_id":407,"item_count":100,"item_id":2160,"item_name":"Crystal Coin","use_present":true,"item_action_id":0}.
12:30:37 | Player [Infortek] | Processo concluido. Resultado: Total de itens 1, Itens não recebidos 0, Itens a Receber 1..
12:30:37 | Player [Infortek] | --------------------------------------.
13:09:57 | Player [Thurn Down] | Processando 4 itens a entregar....
13:09:57 | Player [Thurn Down] | Item Data: {"log_id":408,"item_count":1,"item_id":6132,"item_name":"Soft Boots","use_present":true,"item_action_id":0}.
13:09:57 | Player [Thurn Down] | Item Data: {"log_id":409,"item_count":100,"item_id":2160,"item_name":"Crystal Coin","use_present":true,"item_action_id":0}.
13:09:57 | Player [Thurn Down] | Item Data: {"log_id":410,"item_count":100,"item_id":2160,"item_name":"Crystal Coin","use_present":true,"item_action_id":0}.
13:09:57 | Player [Thurn Down] | Item Data: {"log_id":411,"item_count":1,"item_id":10513,"item_name":"Squeezing Gear of Girlpower","use_present":true,"item_action_id":0}.
13:09:57 | Player [Thurn Down] | Item Data Entregue com sucesso: {"log_id":408,"item_count":1,"item_id":6132,"item_name":"Soft Boots","use_present":true,"item_action_id":0}.
13:09:57 | Player [Thurn Down] | Item Data Entregue com sucesso: {"log_id":409,"item_count":100,"item_id":2160,"item_name":"Crystal Coin","use_present":true,"item_action_id":0}.
13:09:57 | Player [Thurn Down] | Item Data Entregue com sucesso: {"log_id":410,"item_count":100,"item_id":2160,"item_name":"Crystal Coin","use_present":true,"item_action_id":0}.
13:09:57 | Player [Thurn Down] | Item Data Entregue com sucesso: {"log_id":411,"item_count":1,"item_id":10513,"item_name":"Squeezing Gear of Girlpower","use_present":true,"item_action_id":0}.
13:09:57 | Player [Thurn Down] | Processo concluido. Resultado: Total de itens 4, Itens não recebidos 0, Itens a Receber 4..
13:09:57 | Player [Thurn Down] | --------------------------------------.
13:54:56 | Player [Eoq Baldux] | Processando 3 itens a entregar....
13:54:56 | Player [Eoq Baldux] | Item Data: {"log_id":412,"item_count":1,"item_id":6132,"item_name":"Soft Boots","use_present":true,"item_action_id":0}.
13:54:56 | Player [Eoq Baldux] | Item Data: {"log_id":413,"item_count":1,"item_id":12691,"item_name":"Assassin outfit ticket","use_present":true,"item_action_id":"13"}.
13:54:56 | Player [Eoq Baldux] | Item Data: {"log_id":414,"item_count":1,"item_id":12691,"item_name":"Barbarian outfit ticket","use_present":true,"item_action_id":"8"}.
13:54:56 | Player [Eoq Baldux] | Item Data Entregue com sucesso: {"log_id":412,"item_count":1,"item_id":6132,"item_name":"Soft Boots","use_present":true,"item_action_id":0}.
13:54:56 | Player [Eoq Baldux] | Item Data Entregue com sucesso: {"log_id":413,"item_count":1,"item_id":12691,"item_name":"Assassin outfit ticket","use_present":true,"item_action_id":"13"}.
13:54:56 | Player [Eoq Baldux] | Item Data Entregue com sucesso: {"log_id":414,"item_count":1,"item_id":12691,"item_name":"Barbarian outfit ticket","use_present":true,"item_action_id":"8"}.
13:54:56 | Player [Eoq Baldux] | Processo concluido. Resultado: Total de itens 3, Itens não recebidos 0, Itens a Receber 3..
13:54:56 | Player [Eoq Baldux] | --------------------------------------.
15:48:51 | Player [Piruleibedaasas] | Processando 1 itens a entregar....
15:48:51 | Player [Piruleibedaasas] | Item Data: {"log_id":415,"item_count":1,"item_id":7455,"item_name":"Mythril Axe","use_present":true,"item_action_id":0}.
15:48:51 | Player [Piruleibedaasas] | Item Data Entregue com sucesso: {"log_id":415,"item_count":1,"item_id":7455,"item_name":"Mythril Axe","use_present":true,"item_action_id":0}.
15:48:51 | Player [Piruleibedaasas] | Processo concluido. Resultado: Total de itens 1, Itens não recebidos 0, Itens a Receber 1..
15:48:51 | Player [Piruleibedaasas] | --------------------------------------.
17:40:35 | Player [Ursinho Chifrudao] | Processando 1 itens a entregar....
17:40:35 | Player [Ursinho Chifrudao] | Item Data: {"log_id":416,"item_count":1,"item_id":6132,"item_name":"Soft Boots","use_present":true,"item_action_id":0}.
17:40:35 | Player [Ursinho Chifrudao] | Item Data Entregue com sucesso: {"log_id":416,"item_count":1,"item_id":6132,"item_name":"Soft Boots","use_present":true,"item_action_id":0}.
17:40:35 | Player [Ursinho Chifrudao] | Processo concluido. Resultado: Total de itens 1, Itens não recebidos 0, Itens a Receber 1..
17:40:35 | Player [Ursinho Chifrudao] | --------------------------------------.
22:48:52 | Player [Absol] | Processando 1 itens a entregar....
22:48:52 | Player [Absol] | Item Data: {"log_id":417,"item_count":1,"item_id":12691,"item_name":"Knight outfit ticket","use_present":true,"item_action_id":"4"}.
22:48:52 | Player [Absol] | Item Data Entregue com sucesso: {"log_id":417,"item_count":1,"item_id":12691,"item_name":"Knight outfit ticket","use_present":true,"item_action_id":"4"}.
22:48:52 | Player [Absol] | Processo concluido. Resultado: Total de itens 1, Itens não recebidos 0, Itens a Receber 1..
22:48:52 | Player [Absol] | --------------------------------------.
23:23:24 | Player [Eoq Baldux] | Processando 1 itens a entregar....
23:23:24 | Player [Eoq Baldux] | Item Data: {"log_id":418,"item_count":100,"item_id":2160,"item_name":"Crystal Coin","use_present":true,"item_action_id":0}.
23:23:24 | Player [Eoq Baldux] | Item Data Entregue com sucesso: {"log_id":418,"item_count":100,"item_id":2160,"item_name":"Crystal Coin","use_present":true,"item_action_id":0}.
23:23:24 | Player [Eoq Baldux] | Processo concluido. Resultado: Total de itens 1, Itens não recebidos 0, Itens a Receber 1..
23:23:24 | Player [Eoq Baldux] | --------------------------------------.
09:20:23 | Player [Toy Fighter] | Processando 1 itens a entregar....
09:20:23 | Player [Toy Fighter] | Item Data: {"log_id":898,"item_count":1,"item_id":12691,"item_name":"Barbarian outfit ticket","use_present":true,"item_action_id":"8"}.
09:20:23 | Player [Toy Fighter] | Item Data Entregue com sucesso: {"log_id":898,"item_count":1,"item_id":12691,"item_name":"Barbarian outfit ticket","use_present":true,"item_action_id":"8"}.
09:20:23 | Player [Toy Fighter] | Processo concluido. Resultado: Total de itens 1, Itens não recebidos 0, Itens a Receber 1..
09:20:23 | Player [Toy Fighter] | --------------------------------------.
