01:05:41 | Player [Dig Din] | Processando 1 itens a entregar....
01:05:41 | Player [Dig Din] | Item Data: {"log_id":214,"item_count":1,"item_id":12696,"item_name":"Premium Ticket - 1 semana","use_present":true,"item_action_id":0}.
01:05:41 | Player [Dig Din] | Item Data Entregue com sucesso: {"log_id":214,"item_count":1,"item_id":12696,"item_name":"Premium Ticket - 1 semana","use_present":true,"item_action_id":0}.
01:05:41 | Player [Dig Din] | Processo concluido. Resultado: Total de itens 1, Itens não recebidos 0, Itens a Receber 1..
01:05:41 | Player [Dig Din] | --------------------------------------.
09:17:14 | Player [Keep Braveheart] | Processando 1 itens a entregar....
09:17:14 | Player [Keep Braveheart] | Item Data: {"log_id":215,"item_count":1,"item_id":12696,"item_name":"Premium Ticket - 1 semana","use_present":true,"item_action_id":0}.
09:17:14 | Player [Keep Braveheart] | Item Data Entregue com sucesso: {"log_id":215,"item_count":1,"item_id":12696,"item_name":"Premium Ticket - 1 semana","use_present":true,"item_action_id":0}.
09:17:14 | Player [Keep Braveheart] | Processo concluido. Resultado: Total de itens 1, Itens não recebidos 0, Itens a Receber 1..
09:17:14 | Player [Keep Braveheart] | --------------------------------------.
13:35:38 | Player [Mesker] | Processando 1 itens a entregar....
13:35:38 | Player [Mesker] | Item Data: {"log_id":210,"item_count":1,"item_id":12696,"item_name":"Premium Ticket - 1 semana","use_present":true,"item_action_id":0}.
13:35:38 | Player [Mesker] | Item Data Entregue com sucesso: {"log_id":210,"item_count":1,"item_id":12696,"item_name":"Premium Ticket - 1 semana","use_present":true,"item_action_id":0}.
13:35:38 | Player [Mesker] | Processo concluido. Resultado: Total de itens 1, Itens não recebidos 0, Itens a Receber 1..
13:35:38 | Player [Mesker] | --------------------------------------.
16:06:04 | Player [Looney Ironic] | Processando 1 itens a entregar....
16:06:04 | Player [Looney Ironic] | Item Data: {"log_id":216,"item_count":1,"item_id":12690,"item_name":"Premium Ticket - 1 mes","use_present":true,"item_action_id":0}.
16:06:04 | Player [Looney Ironic] | Item Data Entregue com sucesso: {"log_id":216,"item_count":1,"item_id":12690,"item_name":"Premium Ticket - 1 mes","use_present":true,"item_action_id":0}.
16:06:04 | Player [Looney Ironic] | Processo concluido. Resultado: Total de itens 1, Itens não recebidos 0, Itens a Receber 1..
16:06:04 | Player [Looney Ironic] | --------------------------------------.
16:06:32 | Player [Looney Ironic] | Processando 1 itens a entregar....
16:06:32 | Player [Looney Ironic] | Item Data: {"log_id":217,"item_count":1,"item_id":12696,"item_name":"Premium Ticket - 1 semana","use_present":true,"item_action_id":0}.
16:06:32 | Player [Looney Ironic] | Item Data Entregue com sucesso: {"log_id":217,"item_count":1,"item_id":12696,"item_name":"Premium Ticket - 1 semana","use_present":true,"item_action_id":0}.
16:06:32 | Player [Looney Ironic] | Processo concluido. Resultado: Total de itens 1, Itens não recebidos 0, Itens a Receber 1..
16:06:32 | Player [Looney Ironic] | --------------------------------------.
16:14:10 | Player [Looney Ironic] | Processando 1 itens a entregar....
16:14:10 | Player [Looney Ironic] | Item Data: {"log_id":218,"item_count":1,"item_id":12696,"item_name":"Premium Ticket - 1 semana","use_present":true,"item_action_id":0}.
16:14:10 | Player [Looney Ironic] | Item Data Entregue com sucesso: {"log_id":218,"item_count":1,"item_id":12696,"item_name":"Premium Ticket - 1 semana","use_present":true,"item_action_id":0}.
16:14:10 | Player [Looney Ironic] | Processo concluido. Resultado: Total de itens 1, Itens não recebidos 0, Itens a Receber 1..
16:14:10 | Player [Looney Ironic] | --------------------------------------.
16:26:38 | Player [Archer Mitex] | Processando 1 itens a entregar....
16:26:38 | Player [Archer Mitex] | Item Data: {"log_id":219,"item_count":1,"item_id":12696,"item_name":"Premium Ticket - 1 semana","use_present":true,"item_action_id":0}.
16:26:38 | Player [Archer Mitex] | Item Data Entregue com sucesso: {"log_id":219,"item_count":1,"item_id":12696,"item_name":"Premium Ticket - 1 semana","use_present":true,"item_action_id":0}.
16:26:38 | Player [Archer Mitex] | Processo concluido. Resultado: Total de itens 1, Itens não recebidos 0, Itens a Receber 1..
16:26:38 | Player [Archer Mitex] | --------------------------------------.
20:13:59 | Player [Mesker] | Processando 1 itens a entregar....
20:13:59 | Player [Mesker] | Item Data: {"log_id":210,"item_count":1,"item_id":12696,"item_name":"Premium Ticket - 1 semana","use_present":true,"item_action_id":0}.
20:13:59 | Player [Mesker] | Item Data Entregue com sucesso: {"log_id":210,"item_count":1,"item_id":12696,"item_name":"Premium Ticket - 1 semana","use_present":true,"item_action_id":0}.
20:13:59 | Player [Mesker] | Processo concluido. Resultado: Total de itens 1, Itens não recebidos 0, Itens a Receber 1..
20:13:59 | Player [Mesker] | --------------------------------------.
21:37:51 | Player [Sir Noob] | Processando 2 itens a entregar....
21:37:51 | Player [Sir Noob] | Item Data: {"log_id":220,"item_count":1,"item_id":12696,"item_name":"Premium Ticket - 1 semana","use_present":true,"item_action_id":0}.
21:37:51 | Player [Sir Noob] | Item Data: {"log_id":221,"item_count":1,"item_id":12696,"item_name":"Premium Ticket - 1 semana","use_present":true,"item_action_id":0}.
21:37:51 | Player [Sir Noob] | Item Data Entregue com sucesso: {"log_id":220,"item_count":1,"item_id":12696,"item_name":"Premium Ticket - 1 semana","use_present":true,"item_action_id":0}.
21:37:51 | Player [Sir Noob] | Item Data Entregue com sucesso: {"log_id":221,"item_count":1,"item_id":12696,"item_name":"Premium Ticket - 1 semana","use_present":true,"item_action_id":0}.
21:37:51 | Player [Sir Noob] | Processo concluido. Resultado: Total de itens 2, Itens não recebidos 0, Itens a Receber 2..
21:37:51 | Player [Sir Noob] | --------------------------------------.
22:22:34 | Player [Neto Ownz] | Processando 1 itens a entregar....
22:22:34 | Player [Neto Ownz] | Item Data: {"log_id":222,"item_count":1,"item_id":12696,"item_name":"Premium Ticket - 1 semana","use_present":true,"item_action_id":0}.
22:22:34 | Player [Neto Ownz] | Item Data Entregue com sucesso: {"log_id":222,"item_count":1,"item_id":12696,"item_name":"Premium Ticket - 1 semana","use_present":true,"item_action_id":0}.
22:22:34 | Player [Neto Ownz] | Processo concluido. Resultado: Total de itens 1, Itens não recebidos 0, Itens a Receber 1..
22:22:34 | Player [Neto Ownz] | --------------------------------------.
