19:03:28 | Player [Knightzan] | Processando 1 itens a entregar....
19:03:28 | Player [Knightzan] | Item Data: {"log_id":422,"item_count":1,"item_id":12696,"item_name":"Premium Ticket - 1 semana","use_present":true,"item_action_id":0}.
19:03:28 | Player [Knightzan] | Item Data Entregue com sucesso: {"log_id":422,"item_count":1,"item_id":12696,"item_name":"Premium Ticket - 1 semana","use_present":true,"item_action_id":0}.
19:03:28 | Player [Knightzan] | Processo concluido. Resultado: Total de itens 1, Itens não recebidos 0, Itens a Receber 1..
19:03:28 | Player [Knightzan] | --------------------------------------.
19:07:48 | Player [Knightzan] | Processando 1 itens a entregar....
19:07:48 | Player [Knightzan] | Item Data: {"log_id":423,"item_count":1,"item_id":12696,"item_name":"Premium Ticket - 1 semana","use_present":true,"item_action_id":0}.
19:07:48 | Player [Knightzan] | Item Data Entregue com sucesso: {"log_id":423,"item_count":1,"item_id":12696,"item_name":"Premium Ticket - 1 semana","use_present":true,"item_action_id":0}.
19:07:48 | Player [Knightzan] | Processo concluido. Resultado: Total de itens 1, Itens não recebidos 0, Itens a Receber 1..
19:07:48 | Player [Knightzan] | --------------------------------------.
20:48:51 | Player [Knightzan] | Processando 1 itens a entregar....
20:48:51 | Player [Knightzan] | Item Data: {"log_id":424,"item_count":1,"item_id":12696,"item_name":"Premium Ticket - 1 semana","use_present":true,"item_action_id":0}.
20:48:51 | Player [Knightzan] | Item Data Entregue com sucesso: {"log_id":424,"item_count":1,"item_id":12696,"item_name":"Premium Ticket - 1 semana","use_present":true,"item_action_id":0}.
20:48:51 | Player [Knightzan] | Processo concluido. Resultado: Total de itens 1, Itens não recebidos 0, Itens a Receber 1..
20:48:51 | Player [Knightzan] | --------------------------------------.
15:09:49 | Player [Hunfs] | Processando 6 itens a entregar....
15:09:50 | Player [Hunfs] | Item Data: {"log_id":4079,"item_count":100,"item_id":2160,"item_name":"Crystal Coin","use_present":true,"item_action_id":0}.
15:09:50 | Player [Hunfs] | Item Data: {"log_id":4080,"item_count":100,"item_id":2160,"item_name":"Crystal Coin","use_present":true,"item_action_id":0}.
15:09:50 | Player [Hunfs] | Item Data: {"log_id":4081,"item_count":100,"item_id":2160,"item_name":"Crystal Coin","use_present":true,"item_action_id":0}.
15:09:50 | Player [Hunfs] | Item Data: {"log_id":4082,"item_count":100,"item_id":2160,"item_name":"Crystal Coin","use_present":true,"item_action_id":0}.
15:09:50 | Player [Hunfs] | Item Data: {"log_id":4083,"item_count":100,"item_id":2160,"item_name":"Crystal Coin","use_present":true,"item_action_id":0}.
15:09:50 | Player [Hunfs] | Item Data: {"log_id":4084,"item_count":100,"item_id":2160,"item_name":"Crystal Coin","use_present":true,"item_action_id":0}.
15:09:50 | Player [Hunfs] | Item Data Entregue com sucesso: {"log_id":4079,"item_count":100,"item_id":2160,"item_name":"Crystal Coin","use_present":true,"item_action_id":0}.
15:09:50 | Player [Hunfs] | Item Data Entregue com sucesso: {"log_id":4080,"item_count":100,"item_id":2160,"item_name":"Crystal Coin","use_present":true,"item_action_id":0}.
15:09:50 | Player [Hunfs] | Item Data Entregue com sucesso: {"log_id":4081,"item_count":100,"item_id":2160,"item_name":"Crystal Coin","use_present":true,"item_action_id":0}.
15:09:50 | Player [Hunfs] | Item Data Entregue com sucesso: {"log_id":4082,"item_count":100,"item_id":2160,"item_name":"Crystal Coin","use_present":true,"item_action_id":0}.
15:09:50 | Player [Hunfs] | Item Data Entregue com sucesso: {"log_id":4083,"item_count":100,"item_id":2160,"item_name":"Crystal Coin","use_present":true,"item_action_id":0}.
15:09:50 | Player [Hunfs] | Item Data Entregue com sucesso: {"log_id":4084,"item_count":100,"item_id":2160,"item_name":"Crystal Coin","use_present":true,"item_action_id":0}.
15:09:50 | Player [Hunfs] | Processo concluido. Resultado: Total de itens 6, Itens não recebidos 0, Itens a Receber 6..
15:09:50 | Player [Hunfs] | --------------------------------------.
21:27:34 | Player [Quazy] | Processando 2 itens a entregar....
21:27:34 | Player [Quazy] | Item Data: {"log_id":4085,"item_count":1,"item_id":6132,"item_name":"Soft Boots","use_present":true,"item_action_id":0}.
21:27:34 | Player [Quazy] | Item Data: {"log_id":4086,"item_count":1,"item_id":12643,"item_name":"Royal Scale Robe","use_present":true,"item_action_id":0}.
21:27:34 | Player [Quazy] | Item Data Entregue com sucesso: {"log_id":4085,"item_count":1,"item_id":6132,"item_name":"Soft Boots","use_present":true,"item_action_id":0}.
21:27:34 | Player [Quazy] | Item Data Entregue com sucesso: {"log_id":4086,"item_count":1,"item_id":12643,"item_name":"Royal Scale Robe","use_present":true,"item_action_id":0}.
21:27:34 | Player [Quazy] | Processo concluido. Resultado: Total de itens 2, Itens não recebidos 0, Itens a Receber 2..
21:27:34 | Player [Quazy] | --------------------------------------.
09:45:18 | Player [Syngenta] | Processando 1 itens a entregar....
09:45:18 | Player [Syngenta] | Item Data: {"log_id":598,"item_count":1,"item_id":12691,"item_name":"Sumonner outfit ticket","use_present":true,"item_action_id":"6"}.
09:45:18 | Player [Syngenta] | Item Data Entregue com sucesso: {"log_id":598,"item_count":1,"item_id":12691,"item_name":"Sumonner outfit ticket","use_present":true,"item_action_id":"6"}.
09:45:18 | Player [Syngenta] | Processo concluido. Resultado: Total de itens 1, Itens não recebidos 0, Itens a Receber 1..
09:45:18 | Player [Syngenta] | --------------------------------------.
