00:52:45 | Player [Neo Barbarzync] | Processando 1 itens a entregar....
00:52:45 | Player [Neo Barbarzync] | Item Data: {"log_id":425,"item_count":1,"item_id":12696,"item_name":"Premium Ticket - 1 semana","use_present":true,"item_action_id":0}.
00:52:45 | Player [Neo Barbarzync] | Item Data Entregue com sucesso: {"log_id":425,"item_count":1,"item_id":12696,"item_name":"Premium Ticket - 1 semana","use_present":true,"item_action_id":0}.
00:52:45 | Player [Neo Barbarzync] | Processo concluido. Resultado: Total de itens 1, Itens não recebidos 0, Itens a Receber 1..
00:52:45 | Player [Neo Barbarzync] | --------------------------------------.
09:38:31 | Player [Mantus Infernalty] | Processando 1 itens a entregar....
09:38:31 | Player [Mantus Infernalty] | Item Data: {"log_id":426,"item_count":1,"item_id":12696,"item_name":"Premium Ticket - 1 semana","use_present":true,"item_action_id":0}.
09:38:31 | Player [Mantus Infernalty] | Item Data Entregue com sucesso: {"log_id":426,"item_count":1,"item_id":12696,"item_name":"Premium Ticket - 1 semana","use_present":true,"item_action_id":0}.
09:38:31 | Player [Mantus Infernalty] | Processo concluido. Resultado: Total de itens 1, Itens não recebidos 0, Itens a Receber 1..
09:38:31 | Player [Mantus Infernalty] | --------------------------------------.
18:50:07 | Player [Dream Knight] | Processando 1 itens a entregar....
18:50:07 | Player [Dream Knight] | Item Data: {"log_id":427,"item_count":1,"item_id":12690,"item_name":"Premium Ticket - 1 mes","use_present":true,"item_action_id":0}.
18:50:07 | Player [Dream Knight] | Item Data Entregue com sucesso: {"log_id":427,"item_count":1,"item_id":12690,"item_name":"Premium Ticket - 1 mes","use_present":true,"item_action_id":0}.
18:50:07 | Player [Dream Knight] | Processo concluido. Resultado: Total de itens 1, Itens não recebidos 0, Itens a Receber 1..
18:50:07 | Player [Dream Knight] | --------------------------------------.
13:36:35 | Player [Wax Shooter] | Processando 1 itens a entregar....
13:36:35 | Player [Wax Shooter] | Item Data: {"log_id":4087,"item_count":1,"item_id":12645,"item_name":"Elite Draken Helmet","use_present":true,"item_action_id":0}.
13:36:35 | Player [Wax Shooter] | Item Data Entregue com sucesso: {"log_id":4087,"item_count":1,"item_id":12645,"item_name":"Elite Draken Helmet","use_present":true,"item_action_id":0}.
13:36:35 | Player [Wax Shooter] | Processo concluido. Resultado: Total de itens 1, Itens não recebidos 0, Itens a Receber 1..
13:36:35 | Player [Wax Shooter] | --------------------------------------.
14:13:55 | Player [Anarchist] | Processando 2 itens a entregar....
14:13:55 | Player [Anarchist] | Item Data: {"log_id":4088,"item_count":1,"item_id":6132,"item_name":"Soft Boots","use_present":true,"item_action_id":0}.
14:13:55 | Player [Anarchist] | Item Data: {"log_id":4089,"item_count":100,"item_id":2160,"item_name":"Crystal Coin","use_present":true,"item_action_id":0}.
14:13:55 | Player [Anarchist] | Item Data Entregue com sucesso: {"log_id":4088,"item_count":1,"item_id":6132,"item_name":"Soft Boots","use_present":true,"item_action_id":0}.
14:13:55 | Player [Anarchist] | Item Data Entregue com sucesso: {"log_id":4089,"item_count":100,"item_id":2160,"item_name":"Crystal Coin","use_present":true,"item_action_id":0}.
14:13:55 | Player [Anarchist] | Processo concluido. Resultado: Total de itens 2, Itens não recebidos 0, Itens a Receber 2..
14:13:55 | Player [Anarchist] | --------------------------------------.
15:23:55 | Player [Hunfs] | Processando 1 itens a entregar....
15:23:55 | Player [Hunfs] | Item Data: {"log_id":4090,"item_count":1,"item_id":5804,"item_name":"Nose Ring","use_present":true,"item_action_id":0}.
15:23:55 | Player [Hunfs] | Item Data Entregue com sucesso: {"log_id":4090,"item_count":1,"item_id":5804,"item_name":"Nose Ring","use_present":true,"item_action_id":0}.
15:23:55 | Player [Hunfs] | Processo concluido. Resultado: Total de itens 1, Itens não recebidos 0, Itens a Receber 1..
15:23:55 | Player [Hunfs] | --------------------------------------.
15:44:14 | Player [Zildjian] | Processando 1 itens a entregar....
15:44:14 | Player [Zildjian] | Item Data: {"log_id":4091,"item_count":1,"item_id":6132,"item_name":"Soft Boots","use_present":true,"item_action_id":0}.
15:44:14 | Player [Zildjian] | Item Data Entregue com sucesso: {"log_id":4091,"item_count":1,"item_id":6132,"item_name":"Soft Boots","use_present":true,"item_action_id":0}.
15:44:14 | Player [Zildjian] | Processo concluido. Resultado: Total de itens 1, Itens não recebidos 0, Itens a Receber 1..
15:44:14 | Player [Zildjian] | --------------------------------------.
22:28:33 | Player [KeriaTer Um Nome] | Processando 1 itens a entregar....
22:28:33 | Player [KeriaTer Um Nome] | Item Data: {"log_id":4092,"item_count":100,"item_id":2160,"item_name":"Crystal Coin","use_present":true,"item_action_id":0}.
22:28:33 | Player [KeriaTer Um Nome] | Item Data Entregue com sucesso: {"log_id":4092,"item_count":100,"item_id":2160,"item_name":"Crystal Coin","use_present":true,"item_action_id":0}.
22:28:33 | Player [KeriaTer Um Nome] | Processo concluido. Resultado: Total de itens 1, Itens não recebidos 0, Itens a Receber 1..
22:28:33 | Player [KeriaTer Um Nome] | --------------------------------------.
10:50:26 | Player [Lady Warrior] | Processando 2 itens a entregar....
10:50:26 | Player [Lady Warrior] | Item Data: {"log_id":599,"item_count":100,"item_id":2160,"item_name":"Crystal Coin","use_present":true,"item_action_id":0}.
10:50:26 | Player [Lady Warrior] | Item Data: {"log_id":600,"item_count":1,"item_id":12691,"item_name":"Demonhunter outfit ticket","use_present":true,"item_action_id":"20"}.
10:50:26 | Player [Lady Warrior] | Item Data Entregue com sucesso: {"log_id":599,"item_count":100,"item_id":2160,"item_name":"Crystal Coin","use_present":true,"item_action_id":0}.
10:50:26 | Player [Lady Warrior] | Item Data Entregue com sucesso: {"log_id":600,"item_count":1,"item_id":12691,"item_name":"Demonhunter outfit ticket","use_present":true,"item_action_id":"20"}.
10:50:26 | Player [Lady Warrior] | Processo concluido. Resultado: Total de itens 2, Itens não recebidos 0, Itens a Receber 2..
10:50:26 | Player [Lady Warrior] | --------------------------------------.
13:32:44 | Player [Lady Warrior] | Processando 3 itens a entregar....
13:32:44 | Player [Lady Warrior] | Item Data: {"log_id":601,"item_count":100,"item_id":2160,"item_name":"Crystal Coin","use_present":true,"item_action_id":0}.
13:32:44 | Player [Lady Warrior] | Item Data: {"log_id":602,"item_count":1,"item_id":12691,"item_name":"Knight outfit ticket","use_present":true,"item_action_id":"4"}.
13:32:44 | Player [Lady Warrior] | Item Data: {"log_id":603,"item_count":100,"item_id":2160,"item_name":"Crystal Coin","use_present":true,"item_action_id":0}.
13:32:44 | Player [Lady Warrior] | Item Data Entregue com sucesso: {"log_id":601,"item_count":100,"item_id":2160,"item_name":"Crystal Coin","use_present":true,"item_action_id":0}.
13:32:44 | Player [Lady Warrior] | Item Data Entregue com sucesso: {"log_id":602,"item_count":1,"item_id":12691,"item_name":"Knight outfit ticket","use_present":true,"item_action_id":"4"}.
13:32:44 | Player [Lady Warrior] | Item Data Entregue com sucesso: {"log_id":603,"item_count":100,"item_id":2160,"item_name":"Crystal Coin","use_present":true,"item_action_id":0}.
13:32:44 | Player [Lady Warrior] | Processo concluido. Resultado: Total de itens 3, Itens não recebidos 0, Itens a Receber 3..
13:32:44 | Player [Lady Warrior] | --------------------------------------.
