03:10:39 | Player [Infected] | Processando 1 itens a entregar....
03:10:39 | Player [Infected] | Item Data: {"log_id":3,"item_count":1,"item_id":12696,"item_name":"Premium Ticket - 1 semana","use_present":true,"item_action_id":0}.
03:10:39 | Player [Infected] | Item Data Entregue com sucesso: {"log_id":3,"item_count":1,"item_id":12696,"item_name":"Premium Ticket - 1 semana","use_present":true,"item_action_id":0}.
03:10:39 | Player [Infected] | Processo concluido. Resultado: Total de itens 1, Itens não recebidos 0, Itens a Receber 1..
03:10:39 | Player [Infected] | --------------------------------------.
21:35:38 | Player [Infected] | Processando 1 itens a entregar....
21:35:38 | Player [Infected] | Item Data: {"log_id":4,"item_count":1,"item_id":12696,"item_name":"Premium Ticket - 1 semana","use_present":true,"item_action_id":0}.
21:35:38 | Player [Infected] | Item Data Entregue com sucesso: {"log_id":4,"item_count":1,"item_id":12696,"item_name":"Premium Ticket - 1 semana","use_present":true,"item_action_id":0}.
21:35:38 | Player [Infected] | Processo concluido. Resultado: Total de itens 1, Itens não recebidos 0, Itens a Receber 1..
21:35:38 | Player [Infected] | --------------------------------------.
01:14:29 | Player [Mago Maravilha] | Processando 1 itens a entregar....
01:14:29 | Player [Mago Maravilha] | Item Data: {"log_id":449,"item_count":1,"item_id":12691,"item_name":"Assassin outfit ticket","use_present":true,"item_action_id":"13"}.
01:14:29 | Player [Mago Maravilha] | Item Data Entregue com sucesso: {"log_id":449,"item_count":1,"item_id":12691,"item_name":"Assassin outfit ticket","use_present":true,"item_action_id":"13"}.
01:14:29 | Player [Mago Maravilha] | Processo concluido. Resultado: Total de itens 1, Itens não recebidos 0, Itens a Receber 1..
01:14:29 | Player [Mago Maravilha] | --------------------------------------.
10:40:30 | Player [Infortek] | Processando 1 itens a entregar....
10:40:30 | Player [Infortek] | Item Data: {"log_id":450,"item_count":100,"item_id":2160,"item_name":"Crystal Coin","use_present":true,"item_action_id":0}.
10:40:30 | Player [Infortek] | Item Data Entregue com sucesso: {"log_id":450,"item_count":100,"item_id":2160,"item_name":"Crystal Coin","use_present":true,"item_action_id":0}.
10:40:31 | Player [Infortek] | Processo concluido. Resultado: Total de itens 1, Itens não recebidos 0, Itens a Receber 1..
10:40:31 | Player [Infortek] | --------------------------------------.
10:52:07 | Player [Zapaisha] | Processando 1 itens a entregar....
10:52:07 | Player [Zapaisha] | Item Data: {"log_id":451,"item_count":1,"item_id":6132,"item_name":"Soft Boots","use_present":true,"item_action_id":0}.
10:52:07 | Player [Zapaisha] | Item Data Entregue com sucesso: {"log_id":451,"item_count":1,"item_id":6132,"item_name":"Soft Boots","use_present":true,"item_action_id":0}.
10:52:07 | Player [Zapaisha] | Processo concluido. Resultado: Total de itens 1, Itens não recebidos 0, Itens a Receber 1..
10:52:07 | Player [Zapaisha] | --------------------------------------.
11:44:36 | Player [Coiotee] | Processando 1 itens a entregar....
11:44:36 | Player [Coiotee] | Item Data: {"log_id":452,"item_count":100,"item_id":2160,"item_name":"Crystal Coin","use_present":true,"item_action_id":0}.
11:44:36 | Player [Coiotee] | Item Data Entregue com sucesso: {"log_id":452,"item_count":100,"item_id":2160,"item_name":"Crystal Coin","use_present":true,"item_action_id":0}.
11:44:37 | Player [Coiotee] | Processo concluido. Resultado: Total de itens 1, Itens não recebidos 0, Itens a Receber 1..
11:44:37 | Player [Coiotee] | --------------------------------------.
15:30:53 | Player [Jah] | Processando 1 itens a entregar....
15:30:53 | Player [Jah] | Item Data: {"log_id":453,"item_count":1,"item_id":12691,"item_name":"Mage outfit ticket","use_present":true,"item_action_id":"3"}.
15:30:53 | Player [Jah] | Item Data Entregue com sucesso: {"log_id":453,"item_count":1,"item_id":12691,"item_name":"Mage outfit ticket","use_present":true,"item_action_id":"3"}.
15:30:53 | Player [Jah] | Processo concluido. Resultado: Total de itens 1, Itens não recebidos 0, Itens a Receber 1..
15:30:53 | Player [Jah] | --------------------------------------.
15:53:59 | Player [FumoDentro] | Processando 2 itens a entregar....
15:53:59 | Player [FumoDentro] | Item Data: {"log_id":454,"item_count":100,"item_id":2160,"item_name":"Crystal Coin","use_present":true,"item_action_id":0}.
15:53:59 | Player [FumoDentro] | Item Data: {"log_id":455,"item_count":100,"item_id":2160,"item_name":"Crystal Coin","use_present":true,"item_action_id":0}.
15:53:59 | Player [FumoDentro] | Item Data Entregue com sucesso: {"log_id":454,"item_count":100,"item_id":2160,"item_name":"Crystal Coin","use_present":true,"item_action_id":0}.
15:53:59 | Player [FumoDentro] | Item Data Entregue com sucesso: {"log_id":455,"item_count":100,"item_id":2160,"item_name":"Crystal Coin","use_present":true,"item_action_id":0}.
15:53:59 | Player [FumoDentro] | Processo concluido. Resultado: Total de itens 2, Itens não recebidos 0, Itens a Receber 2..
15:53:59 | Player [FumoDentro] | --------------------------------------.
16:51:15 | Player [Mjolnir] | Processando 1 itens a entregar....
16:51:15 | Player [Mjolnir] | Item Data: {"log_id":456,"item_count":1,"item_id":6132,"item_name":"Soft Boots","use_present":true,"item_action_id":0}.
16:51:15 | Player [Mjolnir] | Item Data Entregue com sucesso: {"log_id":456,"item_count":1,"item_id":6132,"item_name":"Soft Boots","use_present":true,"item_action_id":0}.
16:51:16 | Player [Mjolnir] | Processo concluido. Resultado: Total de itens 1, Itens não recebidos 0, Itens a Receber 1..
16:51:16 | Player [Mjolnir] | --------------------------------------.
17:08:46 | Player [Jah] | Processando 1 itens a entregar....
17:08:46 | Player [Jah] | Item Data: {"log_id":457,"item_count":1,"item_id":12691,"item_name":"Druid outfit ticket","use_present":true,"item_action_id":"9"}.
17:08:46 | Player [Jah] | Item Data Entregue com sucesso: {"log_id":457,"item_count":1,"item_id":12691,"item_name":"Druid outfit ticket","use_present":true,"item_action_id":"9"}.
17:08:46 | Player [Jah] | Processo concluido. Resultado: Total de itens 1, Itens não recebidos 0, Itens a Receber 1..
17:08:46 | Player [Jah] | --------------------------------------.
19:25:36 | Player [Carvao Rush] | Processando 2 itens a entregar....
19:25:36 | Player [Carvao Rush] | Item Data: {"log_id":458,"item_count":100,"item_id":2160,"item_name":"Crystal Coin","use_present":true,"item_action_id":0}.
19:25:36 | Player [Carvao Rush] | Item Data: {"log_id":459,"item_count":100,"item_id":2160,"item_name":"Crystal Coin","use_present":true,"item_action_id":0}.
19:25:36 | Player [Carvao Rush] | Item Data Entregue com sucesso: {"log_id":458,"item_count":100,"item_id":2160,"item_name":"Crystal Coin","use_present":true,"item_action_id":0}.
19:25:36 | Player [Carvao Rush] | Item Data Entregue com sucesso: {"log_id":459,"item_count":100,"item_id":2160,"item_name":"Crystal Coin","use_present":true,"item_action_id":0}.
19:25:36 | Player [Carvao Rush] | Processo concluido. Resultado: Total de itens 2, Itens não recebidos 0, Itens a Receber 2..
19:25:36 | Player [Carvao Rush] | --------------------------------------.
23:23:52 | Player [Keenan Cornelius IsBack] | Processando 1 itens a entregar....
23:23:52 | Player [Keenan Cornelius IsBack] | Item Data: {"log_id":460,"item_count":1,"item_id":10513,"item_name":"Squeezing Gear of Girlpower","use_present":true,"item_action_id":0}.
23:23:52 | Player [Keenan Cornelius IsBack] | Item Data Entregue com sucesso: {"log_id":460,"item_count":1,"item_id":10513,"item_name":"Squeezing Gear of Girlpower","use_present":true,"item_action_id":0}.
23:23:52 | Player [Keenan Cornelius IsBack] | Processo concluido. Resultado: Total de itens 1, Itens não recebidos 0, Itens a Receber 1..
23:23:52 | Player [Keenan Cornelius IsBack] | --------------------------------------.
