12:30:10 | Player [Charles Chaplin] | Processando 1 itens a entregar....
12:30:10 | Player [Charles Chaplin] | Item Data: {"log_id":228,"item_count":1,"item_id":12696,"item_name":"Premium Ticket - 1 semana","use_present":true,"item_action_id":0}.
12:30:10 | Player [Charles Chaplin] | Item Data Entregue com sucesso: {"log_id":228,"item_count":1,"item_id":12696,"item_name":"Premium Ticket - 1 semana","use_present":true,"item_action_id":0}.
12:30:10 | Player [Charles Chaplin] | Processo concluido. Resultado: Total de itens 1, Itens não recebidos 0, Itens a Receber 1..
12:30:10 | Player [Charles Chaplin] | --------------------------------------.
12:36:31 | Player [Souljaboy] | Processando 1 itens a entregar....
12:36:31 | Player [Souljaboy] | Item Data: {"log_id":229,"item_count":1,"item_id":12696,"item_name":"Premium Ticket - 1 semana","use_present":true,"item_action_id":0}.
12:36:31 | Player [Souljaboy] | Item Data Entregue com sucesso: {"log_id":229,"item_count":1,"item_id":12696,"item_name":"Premium Ticket - 1 semana","use_present":true,"item_action_id":0}.
12:36:31 | Player [Souljaboy] | Processo concluido. Resultado: Total de itens 1, Itens não recebidos 0, Itens a Receber 1..
12:36:31 | Player [Souljaboy] | --------------------------------------.
14:33:05 | Player [Waxkordon] | Processando 1 itens a entregar....
14:33:05 | Player [Waxkordon] | Item Data: {"log_id":230,"item_count":1,"item_id":12696,"item_name":"Premium Ticket - 1 semana","use_present":true,"item_action_id":0}.
14:33:05 | Player [Waxkordon] | Item Data Entregue com sucesso: {"log_id":230,"item_count":1,"item_id":12696,"item_name":"Premium Ticket - 1 semana","use_present":true,"item_action_id":0}.
14:33:05 | Player [Waxkordon] | Processo concluido. Resultado: Total de itens 1, Itens não recebidos 0, Itens a Receber 1..
14:33:05 | Player [Waxkordon] | --------------------------------------.
16:56:41 | Player [Souljaboy] | Processando 1 itens a entregar....
16:56:41 | Player [Souljaboy] | Item Data: {"log_id":231,"item_count":1,"item_id":12690,"item_name":"Premium Ticket - 1 mes","use_present":true,"item_action_id":0}.
16:56:41 | Player [Souljaboy] | Item Data Entregue com sucesso: {"log_id":231,"item_count":1,"item_id":12690,"item_name":"Premium Ticket - 1 mes","use_present":true,"item_action_id":0}.
16:56:41 | Player [Souljaboy] | Processo concluido. Resultado: Total de itens 1, Itens não recebidos 0, Itens a Receber 1..
16:56:41 | Player [Souljaboy] | --------------------------------------.
17:06:54 | Player [Souljaboy] | Processando 1 itens a entregar....
17:06:54 | Player [Souljaboy] | Item Data: {"log_id":232,"item_count":1,"item_id":12696,"item_name":"Premium Ticket - 1 semana","use_present":true,"item_action_id":0}.
17:06:54 | Player [Souljaboy] | Item Data Entregue com sucesso: {"log_id":232,"item_count":1,"item_id":12696,"item_name":"Premium Ticket - 1 semana","use_present":true,"item_action_id":0}.
17:06:54 | Player [Souljaboy] | Processo concluido. Resultado: Total de itens 1, Itens não recebidos 0, Itens a Receber 1..
17:06:54 | Player [Souljaboy] | --------------------------------------.
18:56:29 | Player [Ertiinhooo Rlz] | Processando 1 itens a entregar....
18:56:29 | Player [Ertiinhooo Rlz] | Item Data: {"log_id":233,"item_count":1,"item_id":12696,"item_name":"Premium Ticket - 1 semana","use_present":true,"item_action_id":0}.
18:56:29 | Player [Ertiinhooo Rlz] | Item Data Entregue com sucesso: {"log_id":233,"item_count":1,"item_id":12696,"item_name":"Premium Ticket - 1 semana","use_present":true,"item_action_id":0}.
18:56:29 | Player [Ertiinhooo Rlz] | Processo concluido. Resultado: Total de itens 1, Itens não recebidos 0, Itens a Receber 1..
18:56:29 | Player [Ertiinhooo Rlz] | --------------------------------------.
