13:46:21 | Player [Arthoryos] | Processando 1 itens a entregar....
13:46:21 | Player [Arthoryos] | Item Data: {"log_id":6,"item_count":1,"item_id":12690,"item_name":"Premium Ticket - 1 mes","use_present":true,"item_action_id":0}.
13:46:21 | Player [Arthoryos] | Item Data Entregue com sucesso: {"log_id":6,"item_count":1,"item_id":12690,"item_name":"Premium Ticket - 1 mes","use_present":true,"item_action_id":0}.
13:46:21 | Player [Arthoryos] | Processo concluido. Resultado: Total de itens 1, Itens não recebidos 0, Itens a Receber 1..
13:46:21 | Player [Arthoryos] | --------------------------------------.
10:44:55 | Player [MasterDrunk] | Processando 2 itens a entregar....
10:44:55 | Player [MasterDrunk] | Item Data: {"log_id":461,"item_count":100,"item_id":2160,"item_name":"Crystal Coin","use_present":true,"item_action_id":0}.
10:44:55 | Player [MasterDrunk] | Item Data: {"log_id":462,"item_count":100,"item_id":2160,"item_name":"Crystal Coin","use_present":true,"item_action_id":0}.
10:44:55 | Player [MasterDrunk] | Item Data Entregue com sucesso: {"log_id":461,"item_count":100,"item_id":2160,"item_name":"Crystal Coin","use_present":true,"item_action_id":0}.
10:44:55 | Player [MasterDrunk] | Item Data Entregue com sucesso: {"log_id":462,"item_count":100,"item_id":2160,"item_name":"Crystal Coin","use_present":true,"item_action_id":0}.
10:44:55 | Player [MasterDrunk] | Processo concluido. Resultado: Total de itens 2, Itens não recebidos 0, Itens a Receber 2..
10:44:55 | Player [MasterDrunk] | --------------------------------------.
12:44:10 | Player [Ursinho Pallyasso] | Processando 1 itens a entregar....
12:44:10 | Player [Ursinho Pallyasso] | Item Data: {"log_id":463,"item_count":1,"item_id":6132,"item_name":"Soft Boots","use_present":true,"item_action_id":0}.
12:44:10 | Player [Ursinho Pallyasso] | Item Data Entregue com sucesso: {"log_id":463,"item_count":1,"item_id":6132,"item_name":"Soft Boots","use_present":true,"item_action_id":0}.
12:44:10 | Player [Ursinho Pallyasso] | Processo concluido. Resultado: Total de itens 1, Itens não recebidos 0, Itens a Receber 1..
12:44:10 | Player [Ursinho Pallyasso] | --------------------------------------.
16:34:05 | Player [Mister Green] | Processando 1 itens a entregar....
16:34:05 | Player [Mister Green] | Item Data: {"log_id":464,"item_count":1,"item_id":12691,"item_name":"Knight outfit ticket","use_present":true,"item_action_id":"4"}.
16:34:05 | Player [Mister Green] | Item Data Entregue com sucesso: {"log_id":464,"item_count":1,"item_id":12691,"item_name":"Knight outfit ticket","use_present":true,"item_action_id":"4"}.
16:34:05 | Player [Mister Green] | Processo concluido. Resultado: Total de itens 1, Itens não recebidos 0, Itens a Receber 1..
16:34:05 | Player [Mister Green] | --------------------------------------.
17:56:53 | Player [Coiotee] | Processando 1 itens a entregar....
17:56:53 | Player [Coiotee] | Item Data: {"log_id":465,"item_count":100,"item_id":2160,"item_name":"Crystal Coin","use_present":true,"item_action_id":0}.
17:56:53 | Player [Coiotee] | Item Data Entregue com sucesso: {"log_id":465,"item_count":100,"item_id":2160,"item_name":"Crystal Coin","use_present":true,"item_action_id":0}.
17:56:53 | Player [Coiotee] | Processo concluido. Resultado: Total de itens 1, Itens não recebidos 0, Itens a Receber 1..
17:56:53 | Player [Coiotee] | --------------------------------------.
18:42:50 | Player [Zikinha Da Stronda] | Processando 1 itens a entregar....
18:42:50 | Player [Zikinha Da Stronda] | Item Data: {"log_id":466,"item_count":1,"item_id":10513,"item_name":"Squeezing Gear of Girlpower","use_present":true,"item_action_id":0}.
18:42:50 | Player [Zikinha Da Stronda] | Item Data Entregue com sucesso: {"log_id":466,"item_count":1,"item_id":10513,"item_name":"Squeezing Gear of Girlpower","use_present":true,"item_action_id":0}.
18:42:51 | Player [Zikinha Da Stronda] | Processo concluido. Resultado: Total de itens 1, Itens não recebidos 0, Itens a Receber 1..
18:42:51 | Player [Zikinha Da Stronda] | --------------------------------------.
10:13:24 | Player [Ingek] | Processando 1 itens a entregar....
10:13:24 | Player [Ingek] | Item Data: {"log_id":904,"item_count":1,"item_id":6132,"item_name":"Soft Boots","use_present":true,"item_action_id":0}.
10:13:24 | Player [Ingek] | Item Data Entregue com sucesso: {"log_id":904,"item_count":1,"item_id":6132,"item_name":"Soft Boots","use_present":true,"item_action_id":0}.
10:13:24 | Player [Ingek] | Processo concluido. Resultado: Total de itens 1, Itens não recebidos 0, Itens a Receber 1..
10:13:24 | Player [Ingek] | --------------------------------------.
12:39:25 | Player [Gringo] | Processando 1 itens a entregar....
12:39:25 | Player [Gringo] | Item Data: {"log_id":905,"item_count":1,"item_id":6132,"item_name":"Soft Boots","use_present":true,"item_action_id":0}.
12:39:25 | Player [Gringo] | Item Data Entregue com sucesso: {"log_id":905,"item_count":1,"item_id":6132,"item_name":"Soft Boots","use_present":true,"item_action_id":0}.
12:39:25 | Player [Gringo] | Processo concluido. Resultado: Total de itens 1, Itens não recebidos 0, Itens a Receber 1..
12:39:25 | Player [Gringo] | --------------------------------------.
16:14:47 | Player [Toy Fighter] | Processando 1 itens a entregar....
16:14:47 | Player [Toy Fighter] | Item Data: {"log_id":906,"item_count":1,"item_id":12691,"item_name":"Assassin outfit ticket","use_present":true,"item_action_id":"13"}.
16:14:47 | Player [Toy Fighter] | Item Data Entregue com sucesso: {"log_id":906,"item_count":1,"item_id":12691,"item_name":"Assassin outfit ticket","use_present":true,"item_action_id":"13"}.
16:14:47 | Player [Toy Fighter] | Processo concluido. Resultado: Total de itens 1, Itens não recebidos 0, Itens a Receber 1..
16:14:47 | Player [Toy Fighter] | --------------------------------------.
