01:12:26 | Player [Archer Mitex] | Processando 1 itens a entregar....
01:12:26 | Player [Archer Mitex] | Item Data: {"log_id":234,"item_count":1,"item_id":12696,"item_name":"Premium Ticket - 1 semana","use_present":true,"item_action_id":0}.
01:12:26 | Player [Archer Mitex] | Item Data Entregue com sucesso: {"log_id":234,"item_count":1,"item_id":12696,"item_name":"Premium Ticket - 1 semana","use_present":true,"item_action_id":0}.
01:12:26 | Player [Archer Mitex] | Processo concluido. Resultado: Total de itens 1, Itens não recebidos 0, Itens a Receber 1..
01:12:26 | Player [Archer Mitex] | --------------------------------------.
16:57:44 | Player [Upa Rush] | Processando 1 itens a entregar....
16:57:44 | Player [Upa Rush] | Item Data: {"log_id":235,"item_count":1,"item_id":12696,"item_name":"Premium Ticket - 1 semana","use_present":true,"item_action_id":0}.
16:57:44 | Player [Upa Rush] | Item Data Entregue com sucesso: {"log_id":235,"item_count":1,"item_id":12696,"item_name":"Premium Ticket - 1 semana","use_present":true,"item_action_id":0}.
16:57:44 | Player [Upa Rush] | Processo concluido. Resultado: Total de itens 1, Itens não recebidos 0, Itens a Receber 1..
16:57:44 | Player [Upa Rush] | --------------------------------------.
21:03:49 | Player [Barmy Owns] | Processando 1 itens a entregar....
21:03:49 | Player [Barmy Owns] | Item Data: {"log_id":236,"item_count":1,"item_id":12696,"item_name":"Premium Ticket - 1 semana","use_present":true,"item_action_id":0}.
21:03:49 | Player [Barmy Owns] | Item Data Entregue com sucesso: {"log_id":236,"item_count":1,"item_id":12696,"item_name":"Premium Ticket - 1 semana","use_present":true,"item_action_id":0}.
21:03:49 | Player [Barmy Owns] | Processo concluido. Resultado: Total de itens 1, Itens não recebidos 0, Itens a Receber 1..
21:03:49 | Player [Barmy Owns] | --------------------------------------.
22:59:34 | Player [Sir Noob] | Processando 3 itens a entregar....
22:59:34 | Player [Sir Noob] | Item Data: {"log_id":237,"item_count":1,"item_id":12696,"item_name":"Premium Ticket - 1 semana","use_present":true,"item_action_id":0}.
22:59:34 | Player [Sir Noob] | Item Data: {"log_id":238,"item_count":1,"item_id":12696,"item_name":"Premium Ticket - 1 semana","use_present":true,"item_action_id":0}.
22:59:34 | Player [Sir Noob] | Item Data: {"log_id":239,"item_count":1,"item_id":12696,"item_name":"Premium Ticket - 1 semana","use_present":true,"item_action_id":0}.
22:59:34 | Player [Sir Noob] | Item Data Entregue com sucesso: {"log_id":237,"item_count":1,"item_id":12696,"item_name":"Premium Ticket - 1 semana","use_present":true,"item_action_id":0}.
22:59:34 | Player [Sir Noob] | Item Data Entregue com sucesso: {"log_id":238,"item_count":1,"item_id":12696,"item_name":"Premium Ticket - 1 semana","use_present":true,"item_action_id":0}.
22:59:34 | Player [Sir Noob] | Item Data Entregue com sucesso: {"log_id":239,"item_count":1,"item_id":12696,"item_name":"Premium Ticket - 1 semana","use_present":true,"item_action_id":0}.
22:59:34 | Player [Sir Noob] | Processo concluido. Resultado: Total de itens 3, Itens não recebidos 0, Itens a Receber 3..
22:59:34 | Player [Sir Noob] | --------------------------------------.
