16:37:48 | Player [Gansoo] | Processando 1 itens a entregar....
16:37:48 | Player [Gansoo] | Item Data: {"log_id":7,"item_count":1,"item_id":12696,"item_name":"Premium Ticket - 1 semana","use_present":true,"item_action_id":0}.
16:37:48 | Player [Gansoo] | Item Data Entregue com sucesso: {"log_id":7,"item_count":1,"item_id":12696,"item_name":"Premium Ticket - 1 semana","use_present":true,"item_action_id":0}.
16:37:48 | Player [Gansoo] | Processo concluido. Resultado: Total de itens 1, Itens não recebidos 0, Itens a Receber 1..
16:37:48 | Player [Gansoo] | --------------------------------------.
19:41:28 | Player [Arthoryos] | Processando 1 itens a entregar....
19:41:28 | Player [Arthoryos] | Item Data: {"log_id":8,"item_count":1,"item_id":12696,"item_name":"Premium Ticket - 1 semana","use_present":true,"item_action_id":0}.
19:41:28 | Player [Arthoryos] | Item Data Entregue com sucesso: {"log_id":8,"item_count":1,"item_id":12696,"item_name":"Premium Ticket - 1 semana","use_present":true,"item_action_id":0}.
19:41:28 | Player [Arthoryos] | Processo concluido. Resultado: Total de itens 1, Itens não recebidos 0, Itens a Receber 1..
19:41:28 | Player [Arthoryos] | --------------------------------------.
01:32:24 | Player [Come Bosta] | Processando 2 itens a entregar....
01:32:24 | Player [Come Bosta] | Item Data: {"log_id":467,"item_count":100,"item_id":2160,"item_name":"Crystal Coin","use_present":true,"item_action_id":0}.
01:32:24 | Player [Come Bosta] | Item Data: {"log_id":468,"item_count":100,"item_id":2160,"item_name":"Crystal Coin","use_present":true,"item_action_id":0}.
01:32:24 | Player [Come Bosta] | Item Data Entregue com sucesso: {"log_id":467,"item_count":100,"item_id":2160,"item_name":"Crystal Coin","use_present":true,"item_action_id":0}.
01:32:24 | Player [Come Bosta] | Item Data Entregue com sucesso: {"log_id":468,"item_count":100,"item_id":2160,"item_name":"Crystal Coin","use_present":true,"item_action_id":0}.
01:32:24 | Player [Come Bosta] | Processo concluido. Resultado: Total de itens 2, Itens não recebidos 0, Itens a Receber 2..
01:32:24 | Player [Come Bosta] | --------------------------------------.
21:58:34 | Player [Coiotee] | Processando 1 itens a entregar....
21:58:34 | Player [Coiotee] | Item Data: {"log_id":469,"item_count":100,"item_id":2160,"item_name":"Crystal Coin","use_present":true,"item_action_id":0}.
21:58:34 | Player [Coiotee] | Item Data Entregue com sucesso: {"log_id":469,"item_count":100,"item_id":2160,"item_name":"Crystal Coin","use_present":true,"item_action_id":0}.
21:58:34 | Player [Coiotee] | Processo concluido. Resultado: Total de itens 1, Itens não recebidos 0, Itens a Receber 1..
21:58:34 | Player [Coiotee] | --------------------------------------.
22:45:23 | Player [Samira Chiata] | Processando 1 itens a entregar....
22:45:23 | Player [Samira Chiata] | Item Data: {"log_id":470,"item_count":100,"item_id":2160,"item_name":"Crystal Coin","use_present":true,"item_action_id":0}.
22:45:23 | Player [Samira Chiata] | Item Data Entregue com sucesso: {"log_id":470,"item_count":100,"item_id":2160,"item_name":"Crystal Coin","use_present":true,"item_action_id":0}.
22:45:23 | Player [Samira Chiata] | Processo concluido. Resultado: Total de itens 1, Itens não recebidos 0, Itens a Receber 1..
22:45:23 | Player [Samira Chiata] | --------------------------------------.
16:34:36 | Player [Rumplestiltskin] | Processando 1 itens a entregar....
16:34:37 | Player [Rumplestiltskin] | Item Data: {"log_id":907,"item_count":1,"item_id":12691,"item_name":"Brotherhood outfit ticket","use_present":true,"item_action_id":"19"}.
16:34:37 | Player [Rumplestiltskin] | Item Data Entregue com sucesso: {"log_id":907,"item_count":1,"item_id":12691,"item_name":"Brotherhood outfit ticket","use_present":true,"item_action_id":"19"}.
16:34:37 | Player [Rumplestiltskin] | Processo concluido. Resultado: Total de itens 1, Itens não recebidos 0, Itens a Receber 1..
16:34:37 | Player [Rumplestiltskin] | --------------------------------------.
19:38:13 | Player [Tio Do Extintor] | Processando 1 itens a entregar....
19:38:13 | Player [Tio Do Extintor] | Item Data: {"log_id":908,"item_count":1,"item_id":12691,"item_name":"Druid outfit ticket","use_present":true,"item_action_id":"9"}.
19:38:13 | Player [Tio Do Extintor] | Item Data Entregue com sucesso: {"log_id":908,"item_count":1,"item_id":12691,"item_name":"Druid outfit ticket","use_present":true,"item_action_id":"9"}.
19:38:13 | Player [Tio Do Extintor] | Processo concluido. Resultado: Total de itens 1, Itens não recebidos 0, Itens a Receber 1..
19:38:13 | Player [Tio Do Extintor] | --------------------------------------.
