10:12:28 | Player [Neto Ownz] | Processando 1 itens a entregar....
10:12:28 | Player [Neto Ownz] | Item Data: {"log_id":240,"item_count":1,"item_id":12696,"item_name":"Premium Ticket - 1 semana","use_present":true,"item_action_id":0}.
10:12:28 | Player [Neto Ownz] | Item Data Entregue com sucesso: {"log_id":240,"item_count":1,"item_id":12696,"item_name":"Premium Ticket - 1 semana","use_present":true,"item_action_id":0}.
10:12:28 | Player [Neto Ownz] | Processo concluido. Resultado: Total de itens 1, Itens não recebidos 0, Itens a Receber 1..
10:12:28 | Player [Neto Ownz] | --------------------------------------.
10:49:20 | Player [Erza Scarllet] | Processando 2 itens a entregar....
10:49:20 | Player [Erza Scarllet] | Item Data: {"log_id":241,"item_count":1,"item_id":12696,"item_name":"Premium Ticket - 1 semana","use_present":true,"item_action_id":0}.
10:49:20 | Player [Erza Scarllet] | Item Data: {"log_id":242,"item_count":1,"item_id":12696,"item_name":"Premium Ticket - 1 semana","use_present":true,"item_action_id":0}.
10:49:20 | Player [Erza Scarllet] | Item Data Entregue com sucesso: {"log_id":241,"item_count":1,"item_id":12696,"item_name":"Premium Ticket - 1 semana","use_present":true,"item_action_id":0}.
10:49:20 | Player [Erza Scarllet] | Item Data Entregue com sucesso: {"log_id":242,"item_count":1,"item_id":12696,"item_name":"Premium Ticket - 1 semana","use_present":true,"item_action_id":0}.
10:49:20 | Player [Erza Scarllet] | Processo concluido. Resultado: Total de itens 2, Itens não recebidos 0, Itens a Receber 2..
10:49:20 | Player [Erza Scarllet] | --------------------------------------.
11:48:05 | Player [Erza Scarllet] | Processando 1 itens a entregar....
11:48:05 | Player [Erza Scarllet] | Item Data: {"log_id":243,"item_count":1,"item_id":12696,"item_name":"Premium Ticket - 1 semana","use_present":true,"item_action_id":0}.
11:48:05 | Player [Erza Scarllet] | Item Data Entregue com sucesso: {"log_id":243,"item_count":1,"item_id":12696,"item_name":"Premium Ticket - 1 semana","use_present":true,"item_action_id":0}.
11:48:05 | Player [Erza Scarllet] | Processo concluido. Resultado: Total de itens 1, Itens não recebidos 0, Itens a Receber 1..
11:48:05 | Player [Erza Scarllet] | --------------------------------------.
17:27:02 | Player [TomeiporforA] | Processando 1 itens a entregar....
17:27:02 | Player [TomeiporforA] | Item Data: {"log_id":244,"item_count":1,"item_id":12696,"item_name":"Premium Ticket - 1 semana","use_present":true,"item_action_id":0}.
17:27:02 | Player [TomeiporforA] | Item Data Entregue com sucesso: {"log_id":244,"item_count":1,"item_id":12696,"item_name":"Premium Ticket - 1 semana","use_present":true,"item_action_id":0}.
17:27:02 | Player [TomeiporforA] | Processo concluido. Resultado: Total de itens 1, Itens não recebidos 0, Itens a Receber 1..
17:27:02 | Player [TomeiporforA] | --------------------------------------.
22:32:17 | Player [Lolkos the Druid] | Processando 1 itens a entregar....
22:32:17 | Player [Lolkos the Druid] | Item Data: {"log_id":245,"item_count":1,"item_id":12696,"item_name":"Premium Ticket - 1 semana","use_present":true,"item_action_id":0}.
22:32:17 | Player [Lolkos the Druid] | Item Data Entregue com sucesso: {"log_id":245,"item_count":1,"item_id":12696,"item_name":"Premium Ticket - 1 semana","use_present":true,"item_action_id":0}.
22:32:17 | Player [Lolkos the Druid] | Processo concluido. Resultado: Total de itens 1, Itens não recebidos 0, Itens a Receber 1..
22:32:17 | Player [Lolkos the Druid] | --------------------------------------.
13:10:49 | Player [Carlinhoo Rlz] | Processando 1 itens a entregar....
13:10:49 | Player [Carlinhoo Rlz] | Capacidade esgotada, entregando os itens previamente processados..
13:10:49 | Player [Carlinhoo Rlz] | Processo concluido. Resultado: Total de itens 1, Itens não recebidos 0, Itens a Receber 0..
13:10:49 | Player [Carlinhoo Rlz] | --------------------------------------.
13:11:45 | Player [Carlinhoo Rlz] | Processando 1 itens a entregar....
13:11:45 | Player [Carlinhoo Rlz] | Item Data: {"log_id":572,"item_count":1,"item_id":6132,"item_name":"Soft Boots","use_present":true,"item_action_id":0}.
13:11:45 | Player [Carlinhoo Rlz] | Item Data Entregue com sucesso: {"log_id":572,"item_count":1,"item_id":6132,"item_name":"Soft Boots","use_present":true,"item_action_id":0}.
13:11:45 | Player [Carlinhoo Rlz] | Processo concluido. Resultado: Total de itens 1, Itens não recebidos 0, Itens a Receber 1..
13:11:45 | Player [Carlinhoo Rlz] | --------------------------------------.
15:05:26 | Player [Carlinhoo Rlz] | Processando 1 itens a entregar....
15:05:26 | Player [Carlinhoo Rlz] | Item Data: {"log_id":573,"item_count":100,"item_id":2160,"item_name":"Crystal Coin","use_present":true,"item_action_id":0}.
15:05:26 | Player [Carlinhoo Rlz] | Item Data Entregue com sucesso: {"log_id":573,"item_count":100,"item_id":2160,"item_name":"Crystal Coin","use_present":true,"item_action_id":0}.
15:05:26 | Player [Carlinhoo Rlz] | Processo concluido. Resultado: Total de itens 1, Itens não recebidos 0, Itens a Receber 1..
15:05:26 | Player [Carlinhoo Rlz] | --------------------------------------.
