This file contains any messages produced by compilers while
running configure, to aid debugging if configure makes a mistake.

It was created by TheForgottenServer configure 0.4, which was
generated by GNU Autoconf 2.67.  Invocation command line was

  $ ./configure --enable-mysql --enable-server-diag --enable-darghos

## --------- ##
## Platform. ##
## --------- ##

hostname = ubuntu
uname -m = i686
uname -r = 2.6.35-22-generic
uname -s = Linux
uname -v = #33-Ubuntu SMP Sun Sep 19 20:34:50 UTC 2010

/usr/bin/uname -p = unknown
/bin/uname -X     = unknown

/bin/arch              = unknown
/usr/bin/arch -k       = unknown
/usr/convex/getsysinfo = unknown
/usr/bin/hostinfo      = unknown
/bin/machine           = unknown
/usr/bin/oslevel       = unknown
/bin/universe          = unknown

PATH: /usr/local/sbin
PATH: /usr/local/bin
PATH: /usr/sbin
PATH: /usr/bin
PATH: /sbin
PATH: /bin
PATH: /usr/games


## ----------- ##
## Core tests. ##
## ----------- ##

configure:2406: checking for a BSD-compatible install
configure:2474: result: /usr/bin/install -c
configure:2485: checking whether build environment is sane
configure:2535: result: yes
configure:2676: checking for a thread-safe mkdir -p
configure:2715: result: /bin/mkdir -p
configure:2728: checking for gawk
configure:2758: result: no
configure:2728: checking for mawk
configure:2744: found /usr/bin/mawk
configure:2755: result: mawk
configure:2766: checking whether make sets $(MAKE)
configure:2788: result: yes
configure:2930: checking for g++
configure:2946: found /usr/bin/g++
configure:2957: result: g++
configure:2984: checking for C++ compiler version
configure:2993: g++ --version >&5
g++ (Ubuntu/Linaro 4.4.4-14ubuntu5.1) 4.4.5
Copyright (C) 2010 Free Software Foundation, Inc.
This is free software; see the source for copying conditions.  There is NO
warranty; not even for MERCHANTABILITY or FITNESS FOR A PARTICULAR PURPOSE.

configure:3004: $? = 0
configure:2993: g++ -v >&5
Using built-in specs.
Target: i686-linux-gnu
Configured with: ../src/configure -v --with-pkgversion='Ubuntu/Linaro 4.4.4-14ubuntu5.1' --with-bugurl=file:///usr/share/doc/gcc-4.4/README.Bugs --enable-languages=c,c++,fortran,objc,obj-c++ --prefix=/usr --program-suffix=-4.4 --enable-shared --enable-multiarch --enable-linker-build-id --with-system-zlib --libexecdir=/usr/lib --without-included-gettext --enable-threads=posix --with-gxx-include-dir=/usr/include/c++/4.4 --libdir=/usr/lib --enable-nls --with-sysroot=/ --enable-clocale=gnu --enable-libstdcxx-debug --enable-objc-gc --enable-targets=all --disable-werror --with-arch-32=i686 --with-tune=generic --enable-checking=release --build=i686-linux-gnu --host=i686-linux-gnu --target=i686-linux-gnu
Thread model: posix
gcc version 4.4.5 (Ubuntu/Linaro 4.4.4-14ubuntu5.1) 
configure:3004: $? = 0
configure:2993: g++ -V >&5
g++: '-V' option must have argument
configure:3004: $? = 1
configure:2993: g++ -qversion >&5
g++: unrecognized option '-qversion'
g++: no input files
configure:3004: $? = 1
configure:3024: checking whether the C++ compiler works
configure:3046: g++    conftest.cpp  >&5
configure:3050: $? = 0
configure:3098: result: yes
configure:3101: checking for C++ compiler default output file name
configure:3103: result: a.out
configure:3109: checking for suffix of executables
configure:3116: g++ -o conftest    conftest.cpp  >&5
configure:3120: $? = 0
configure:3142: result: 
configure:3164: checking whether we are cross compiling
configure:3172: g++ -o conftest    conftest.cpp  >&5
configure:3176: $? = 0
configure:3183: ./conftest
configure:3187: $? = 0
configure:3202: result: no
configure:3207: checking for suffix of object files
configure:3229: g++ -c   conftest.cpp >&5
configure:3233: $? = 0
configure:3254: result: o
configure:3258: checking whether we are using the GNU C++ compiler
configure:3277: g++ -c   conftest.cpp >&5
configure:3277: $? = 0
configure:3286: result: yes
configure:3295: checking whether g++ accepts -g
configure:3315: g++ -c -g  conftest.cpp >&5
configure:3315: $? = 0
configure:3356: result: yes
configure:3390: checking for style of include used by make
configure:3418: result: GNU
configure:3443: checking dependency style of g++
configure:3553: result: gcc3
configure:3825: checking how to run the C++ preprocessor
configure:3852: g++ -E  conftest.cpp
configure:3852: $? = 0
configure:3866: g++ -E  conftest.cpp
conftest.cpp:11: fatal error: ac_nonexistent.h: No such file or directory
compilation terminated.
configure:3866: $? = 1
configure: failed program was:
| /* confdefs.h */
| #define PACKAGE_NAME "TheForgottenServer"
| #define PACKAGE_TARNAME "theforgottenserver"
| #define PACKAGE_VERSION "0.4"
| #define PACKAGE_STRING "TheForgottenServer 0.4"
| #define PACKAGE_BUGREPORT ""
| #define PACKAGE_URL ""
| #define PACKAGE "theforgottenserver"
| #define VERSION "0.4"
| /* end confdefs.h.  */
| #include <ac_nonexistent.h>
configure:3891: result: g++ -E
configure:3911: g++ -E  conftest.cpp
configure:3911: $? = 0
configure:3925: g++ -E  conftest.cpp
conftest.cpp:11: fatal error: ac_nonexistent.h: No such file or directory
compilation terminated.
configure:3925: $? = 1
configure: failed program was:
| /* confdefs.h */
| #define PACKAGE_NAME "TheForgottenServer"
| #define PACKAGE_TARNAME "theforgottenserver"
| #define PACKAGE_VERSION "0.4"
| #define PACKAGE_STRING "TheForgottenServer 0.4"
| #define PACKAGE_BUGREPORT ""
| #define PACKAGE_URL ""
| #define PACKAGE "theforgottenserver"
| #define VERSION "0.4"
| /* end confdefs.h.  */
| #include <ac_nonexistent.h>
configure:3954: checking for grep that handles long lines and -e
configure:4012: result: /bin/grep
configure:4017: checking for egrep
configure:4079: result: /bin/grep -E
configure:4084: checking for ANSI C header files
configure:4104: g++ -c -g -O2  conftest.cpp >&5
configure:4104: $? = 0
configure:4177: g++ -o conftest -g -O2   conftest.cpp  >&5
configure:4177: $? = 0
configure:4177: ./conftest
configure:4177: $? = 0
configure:4188: result: yes
configure:4201: checking for sys/types.h
configure:4201: g++ -c -g -O2  conftest.cpp >&5
configure:4201: $? = 0
configure:4201: result: yes
configure:4201: checking for sys/stat.h
configure:4201: g++ -c -g -O2  conftest.cpp >&5
configure:4201: $? = 0
configure:4201: result: yes
configure:4201: checking for stdlib.h
configure:4201: g++ -c -g -O2  conftest.cpp >&5
configure:4201: $? = 0
configure:4201: result: yes
configure:4201: checking for string.h
configure:4201: g++ -c -g -O2  conftest.cpp >&5
configure:4201: $? = 0
configure:4201: result: yes
configure:4201: checking for memory.h
configure:4201: g++ -c -g -O2  conftest.cpp >&5
configure:4201: $? = 0
configure:4201: result: yes
configure:4201: checking for strings.h
configure:4201: g++ -c -g -O2  conftest.cpp >&5
configure:4201: $? = 0
configure:4201: result: yes
configure:4201: checking for inttypes.h
configure:4201: g++ -c -g -O2  conftest.cpp >&5
configure:4201: $? = 0
configure:4201: result: yes
configure:4201: checking for stdint.h
configure:4201: g++ -c -g -O2  conftest.cpp >&5
configure:4201: $? = 0
configure:4201: result: yes
configure:4201: checking for unistd.h
configure:4201: g++ -c -g -O2  conftest.cpp >&5
configure:4201: $? = 0
configure:4201: result: yes
configure:4216: checking arpa/inet.h usability
configure:4216: g++ -c -g -O2  conftest.cpp >&5
configure:4216: $? = 0
configure:4216: result: yes
configure:4216: checking arpa/inet.h presence
configure:4216: g++ -E  conftest.cpp
configure:4216: $? = 0
configure:4216: result: yes
configure:4216: checking for arpa/inet.h
configure:4216: result: yes
configure:4216: checking netdb.h usability
configure:4216: g++ -c -g -O2  conftest.cpp >&5
configure:4216: $? = 0
configure:4216: result: yes
configure:4216: checking netdb.h presence
configure:4216: g++ -E  conftest.cpp
configure:4216: $? = 0
configure:4216: result: yes
configure:4216: checking for netdb.h
configure:4216: result: yes
configure:4216: checking netinet/in.h usability
configure:4216: g++ -c -g -O2  conftest.cpp >&5
configure:4216: $? = 0
configure:4216: result: yes
configure:4216: checking netinet/in.h presence
configure:4216: g++ -E  conftest.cpp
configure:4216: $? = 0
configure:4216: result: yes
configure:4216: checking for netinet/in.h
configure:4216: result: yes
configure:4216: checking stddef.h usability
configure:4216: g++ -c -g -O2  conftest.cpp >&5
configure:4216: $? = 0
configure:4216: result: yes
configure:4216: checking stddef.h presence
configure:4216: g++ -E  conftest.cpp
configure:4216: $? = 0
configure:4216: result: yes
configure:4216: checking for stddef.h
configure:4216: result: yes
configure:4216: checking for stdint.h
configure:4216: result: yes
configure:4216: checking for stdlib.h
configure:4216: result: yes
configure:4216: checking sys/socket.h usability
configure:4216: g++ -c -g -O2  conftest.cpp >&5
configure:4216: $? = 0
configure:4216: result: yes
configure:4216: checking sys/socket.h presence
configure:4216: g++ -E  conftest.cpp
configure:4216: $? = 0
configure:4216: result: yes
configure:4216: checking for sys/socket.h
configure:4216: result: yes
configure:4216: checking sys/timeb.h usability
configure:4216: g++ -c -g -O2  conftest.cpp >&5
configure:4216: $? = 0
configure:4216: result: yes
configure:4216: checking sys/timeb.h presence
configure:4216: g++ -E  conftest.cpp
configure:4216: $? = 0
configure:4216: result: yes
configure:4216: checking for sys/timeb.h
configure:4216: result: yes
configure:4228: checking for stdbool.h that conforms to C99
configure:4313: g++ -c -g -O2  conftest.cpp >&5
configure:4313: $? = 0
configure:4320: result: yes
configure:4322: checking for _Bool
configure:4322: g++ -c -g -O2  conftest.cpp >&5
conftest.cpp: In function 'int main()':
conftest.cpp:65: error: '_Bool' was not declared in this scope
configure:4322: $? = 1
configure: failed program was:
| /* confdefs.h */
| #define PACKAGE_NAME "TheForgottenServer"
| #define PACKAGE_TARNAME "theforgottenserver"
| #define PACKAGE_VERSION "0.4"
| #define PACKAGE_STRING "TheForgottenServer 0.4"
| #define PACKAGE_BUGREPORT ""
| #define PACKAGE_URL ""
| #define PACKAGE "theforgottenserver"
| #define VERSION "0.4"
| #define STDC_HEADERS 1
| #define HAVE_SYS_TYPES_H 1
| #define HAVE_SYS_STAT_H 1
| #define HAVE_STDLIB_H 1
| #define HAVE_STRING_H 1
| #define HAVE_MEMORY_H 1
| #define HAVE_STRINGS_H 1
| #define HAVE_INTTYPES_H 1
| #define HAVE_STDINT_H 1
| #define HAVE_UNISTD_H 1
| #define HAVE_ARPA_INET_H 1
| #define HAVE_NETDB_H 1
| #define HAVE_NETINET_IN_H 1
| #define HAVE_STDDEF_H 1
| #define HAVE_STDINT_H 1
| #define HAVE_STDLIB_H 1
| #define HAVE_SYS_SOCKET_H 1
| #define HAVE_SYS_TIMEB_H 1
| /* end confdefs.h.  */
| #include <stdio.h>
| #ifdef HAVE_SYS_TYPES_H
| # include <sys/types.h>
| #endif
| #ifdef HAVE_SYS_STAT_H
| # include <sys/stat.h>
| #endif
| #ifdef STDC_HEADERS
| # include <stdlib.h>
| # include <stddef.h>
| #else
| # ifdef HAVE_STDLIB_H
| #  include <stdlib.h>
| # endif
| #endif
| #ifdef HAVE_STRING_H
| # if !defined STDC_HEADERS && defined HAVE_MEMORY_H
| #  include <memory.h>
| # endif
| # include <string.h>
| #endif
| #ifdef HAVE_STRINGS_H
| # include <strings.h>
| #endif
| #ifdef HAVE_INTTYPES_H
| # include <inttypes.h>
| #endif
| #ifdef HAVE_STDINT_H
| # include <stdint.h>
| #endif
| #ifdef HAVE_UNISTD_H
| # include <unistd.h>
| #endif
| int
| main ()
| {
| if (sizeof (_Bool))
| 	 return 0;
|   ;
|   return 0;
| }
configure:4322: result: no
configure:4338: checking for an ANSI C-conforming const
configure:4403: g++ -c -g -O2  conftest.cpp >&5
configure:4403: $? = 0
configure:4410: result: yes
configure:4418: checking for inline
configure:4434: g++ -c -g -O2  conftest.cpp >&5
configure:4434: $? = 0
configure:4442: result: inline
configure:4460: checking for int16_t
configure:4460: g++ -c -g -O2  conftest.cpp >&5
configure:4460: $? = 0
configure:4460: g++ -c -g -O2  conftest.cpp >&5
conftest.cpp: In function 'int main()':
conftest.cpp:68: error: size of array 'test_array' is negative
configure:4460: $? = 1
configure: failed program was:
| /* confdefs.h */
| #define PACKAGE_NAME "TheForgottenServer"
| #define PACKAGE_TARNAME "theforgottenserver"
| #define PACKAGE_VERSION "0.4"
| #define PACKAGE_STRING "TheForgottenServer 0.4"
| #define PACKAGE_BUGREPORT ""
| #define PACKAGE_URL ""
| #define PACKAGE "theforgottenserver"
| #define VERSION "0.4"
| #define STDC_HEADERS 1
| #define HAVE_SYS_TYPES_H 1
| #define HAVE_SYS_STAT_H 1
| #define HAVE_STDLIB_H 1
| #define HAVE_STRING_H 1
| #define HAVE_MEMORY_H 1
| #define HAVE_STRINGS_H 1
| #define HAVE_INTTYPES_H 1
| #define HAVE_STDINT_H 1
| #define HAVE_UNISTD_H 1
| #define HAVE_ARPA_INET_H 1
| #define HAVE_NETDB_H 1
| #define HAVE_NETINET_IN_H 1
| #define HAVE_STDDEF_H 1
| #define HAVE_STDINT_H 1
| #define HAVE_STDLIB_H 1
| #define HAVE_SYS_SOCKET_H 1
| #define HAVE_SYS_TIMEB_H 1
| #define HAVE_STDBOOL_H 1
| /* end confdefs.h.  */
| #include <stdio.h>
| #ifdef HAVE_SYS_TYPES_H
| # include <sys/types.h>
| #endif
| #ifdef HAVE_SYS_STAT_H
| # include <sys/stat.h>
| #endif
| #ifdef STDC_HEADERS
| # include <stdlib.h>
| # include <stddef.h>
| #else
| # ifdef HAVE_STDLIB_H
| #  include <stdlib.h>
| # endif
| #endif
| #ifdef HAVE_STRING_H
| # if !defined STDC_HEADERS && defined HAVE_MEMORY_H
| #  include <memory.h>
| # endif
| # include <string.h>
| #endif
| #ifdef HAVE_STRINGS_H
| # include <strings.h>
| #endif
| #ifdef HAVE_INTTYPES_H
| # include <inttypes.h>
| #endif
| #ifdef HAVE_STDINT_H
| # include <stdint.h>
| #endif
| #ifdef HAVE_UNISTD_H
| # include <unistd.h>
| #endif
| 	        enum { N = 16 / 2 - 1 };
| int
| main ()
| {
| static int test_array [1 - 2 * !((int16_t) (((((int16_t) 1 << N) << N) - 1) * 2 + 1)
| 		 < (int16_t) (((((int16_t) 1 << N) << N) - 1) * 2 + 2))];
| test_array [0] = 0
| 
|   ;
|   return 0;
| }
configure:4460: result: yes
configure:4471: checking for int32_t
configure:4471: g++ -c -g -O2  conftest.cpp >&5
configure:4471: $? = 0
configure:4471: g++ -c -g -O2  conftest.cpp >&5
conftest.cpp: In function 'int main()':
conftest.cpp:68: warning: integer overflow in expression
conftest.cpp:68: error: size of array 'test_array' is negative
configure:4471: $? = 1
configure: failed program was:
| /* confdefs.h */
| #define PACKAGE_NAME "TheForgottenServer"
| #define PACKAGE_TARNAME "theforgottenserver"
| #define PACKAGE_VERSION "0.4"
| #define PACKAGE_STRING "TheForgottenServer 0.4"
| #define PACKAGE_BUGREPORT ""
| #define PACKAGE_URL ""
| #define PACKAGE "theforgottenserver"
| #define VERSION "0.4"
| #define STDC_HEADERS 1
| #define HAVE_SYS_TYPES_H 1
| #define HAVE_SYS_STAT_H 1
| #define HAVE_STDLIB_H 1
| #define HAVE_STRING_H 1
| #define HAVE_MEMORY_H 1
| #define HAVE_STRINGS_H 1
| #define HAVE_INTTYPES_H 1
| #define HAVE_STDINT_H 1
| #define HAVE_UNISTD_H 1
| #define HAVE_ARPA_INET_H 1
| #define HAVE_NETDB_H 1
| #define HAVE_NETINET_IN_H 1
| #define HAVE_STDDEF_H 1
| #define HAVE_STDINT_H 1
| #define HAVE_STDLIB_H 1
| #define HAVE_SYS_SOCKET_H 1
| #define HAVE_SYS_TIMEB_H 1
| #define HAVE_STDBOOL_H 1
| /* end confdefs.h.  */
| #include <stdio.h>
| #ifdef HAVE_SYS_TYPES_H
| # include <sys/types.h>
| #endif
| #ifdef HAVE_SYS_STAT_H
| # include <sys/stat.h>
| #endif
| #ifdef STDC_HEADERS
| # include <stdlib.h>
| # include <stddef.h>
| #else
| # ifdef HAVE_STDLIB_H
| #  include <stdlib.h>
| # endif
| #endif
| #ifdef HAVE_STRING_H
| # if !defined STDC_HEADERS && defined HAVE_MEMORY_H
| #  include <memory.h>
| # endif
| # include <string.h>
| #endif
| #ifdef HAVE_STRINGS_H
| # include <strings.h>
| #endif
| #ifdef HAVE_INTTYPES_H
| # include <inttypes.h>
| #endif
| #ifdef HAVE_STDINT_H
| # include <stdint.h>
| #endif
| #ifdef HAVE_UNISTD_H
| # include <unistd.h>
| #endif
| 	        enum { N = 32 / 2 - 1 };
| int
| main ()
| {
| static int test_array [1 - 2 * !((int32_t) (((((int32_t) 1 << N) << N) - 1) * 2 + 1)
| 		 < (int32_t) (((((int32_t) 1 << N) << N) - 1) * 2 + 2))];
| test_array [0] = 0
| 
|   ;
|   return 0;
| }
configure:4471: result: yes
configure:4482: checking for int64_t
configure:4482: g++ -c -g -O2  conftest.cpp >&5
configure:4482: $? = 0
configure:4482: g++ -c -g -O2  conftest.cpp >&5
conftest.cpp: In function 'int main()':
conftest.cpp:68: warning: integer overflow in expression
conftest.cpp:68: error: size of array 'test_array' is negative
configure:4482: $? = 1
configure: failed program was:
| /* confdefs.h */
| #define PACKAGE_NAME "TheForgottenServer"
| #define PACKAGE_TARNAME "theforgottenserver"
| #define PACKAGE_VERSION "0.4"
| #define PACKAGE_STRING "TheForgottenServer 0.4"
| #define PACKAGE_BUGREPORT ""
| #define PACKAGE_URL ""
| #define PACKAGE "theforgottenserver"
| #define VERSION "0.4"
| #define STDC_HEADERS 1
| #define HAVE_SYS_TYPES_H 1
| #define HAVE_SYS_STAT_H 1
| #define HAVE_STDLIB_H 1
| #define HAVE_STRING_H 1
| #define HAVE_MEMORY_H 1
| #define HAVE_STRINGS_H 1
| #define HAVE_INTTYPES_H 1
| #define HAVE_STDINT_H 1
| #define HAVE_UNISTD_H 1
| #define HAVE_ARPA_INET_H 1
| #define HAVE_NETDB_H 1
| #define HAVE_NETINET_IN_H 1
| #define HAVE_STDDEF_H 1
| #define HAVE_STDINT_H 1
| #define HAVE_STDLIB_H 1
| #define HAVE_SYS_SOCKET_H 1
| #define HAVE_SYS_TIMEB_H 1
| #define HAVE_STDBOOL_H 1
| /* end confdefs.h.  */
| #include <stdio.h>
| #ifdef HAVE_SYS_TYPES_H
| # include <sys/types.h>
| #endif
| #ifdef HAVE_SYS_STAT_H
| # include <sys/stat.h>
| #endif
| #ifdef STDC_HEADERS
| # include <stdlib.h>
| # include <stddef.h>
| #else
| # ifdef HAVE_STDLIB_H
| #  include <stdlib.h>
| # endif
| #endif
| #ifdef HAVE_STRING_H
| # if !defined STDC_HEADERS && defined HAVE_MEMORY_H
| #  include <memory.h>
| # endif
| # include <string.h>
| #endif
| #ifdef HAVE_STRINGS_H
| # include <strings.h>
| #endif
| #ifdef HAVE_INTTYPES_H
| # include <inttypes.h>
| #endif
| #ifdef HAVE_STDINT_H
| # include <stdint.h>
| #endif
| #ifdef HAVE_UNISTD_H
| # include <unistd.h>
| #endif
| 	        enum { N = 64 / 2 - 1 };
| int
| main ()
| {
| static int test_array [1 - 2 * !((int64_t) (((((int64_t) 1 << N) << N) - 1) * 2 + 1)
| 		 < (int64_t) (((((int64_t) 1 << N) << N) - 1) * 2 + 2))];
| test_array [0] = 0
| 
|   ;
|   return 0;
| }
configure:4482: result: yes
configure:4493: checking for size_t
configure:4493: g++ -c -g -O2  conftest.cpp >&5
configure:4493: $? = 0
configure:4493: g++ -c -g -O2  conftest.cpp >&5
conftest.cpp: In function 'int main()':
conftest.cpp:66: error: expected primary-expression before ')' token
configure:4493: $? = 1
configure: failed program was:
| /* confdefs.h */
| #define PACKAGE_NAME "TheForgottenServer"
| #define PACKAGE_TARNAME "theforgottenserver"
| #define PACKAGE_VERSION "0.4"
| #define PACKAGE_STRING "TheForgottenServer 0.4"
| #define PACKAGE_BUGREPORT ""
| #define PACKAGE_URL ""
| #define PACKAGE "theforgottenserver"
| #define VERSION "0.4"
| #define STDC_HEADERS 1
| #define HAVE_SYS_TYPES_H 1
| #define HAVE_SYS_STAT_H 1
| #define HAVE_STDLIB_H 1
| #define HAVE_STRING_H 1
| #define HAVE_MEMORY_H 1
| #define HAVE_STRINGS_H 1
| #define HAVE_INTTYPES_H 1
| #define HAVE_STDINT_H 1
| #define HAVE_UNISTD_H 1
| #define HAVE_ARPA_INET_H 1
| #define HAVE_NETDB_H 1
| #define HAVE_NETINET_IN_H 1
| #define HAVE_STDDEF_H 1
| #define HAVE_STDINT_H 1
| #define HAVE_STDLIB_H 1
| #define HAVE_SYS_SOCKET_H 1
| #define HAVE_SYS_TIMEB_H 1
| #define HAVE_STDBOOL_H 1
| /* end confdefs.h.  */
| #include <stdio.h>
| #ifdef HAVE_SYS_TYPES_H
| # include <sys/types.h>
| #endif
| #ifdef HAVE_SYS_STAT_H
| # include <sys/stat.h>
| #endif
| #ifdef STDC_HEADERS
| # include <stdlib.h>
| # include <stddef.h>
| #else
| # ifdef HAVE_STDLIB_H
| #  include <stdlib.h>
| # endif
| #endif
| #ifdef HAVE_STRING_H
| # if !defined STDC_HEADERS && defined HAVE_MEMORY_H
| #  include <memory.h>
| # endif
| # include <string.h>
| #endif
| #ifdef HAVE_STRINGS_H
| # include <strings.h>
| #endif
| #ifdef HAVE_INTTYPES_H
| # include <inttypes.h>
| #endif
| #ifdef HAVE_STDINT_H
| # include <stdint.h>
| #endif
| #ifdef HAVE_UNISTD_H
| # include <unistd.h>
| #endif
| int
| main ()
| {
| if (sizeof ((size_t)))
| 	    return 0;
|   ;
|   return 0;
| }
configure:4493: result: yes
configure:4504: checking whether struct tm is in sys/time.h or time.h
configure:4524: g++ -c -g -O2  conftest.cpp >&5
configure:4524: $? = 0
configure:4531: result: time.h
configure:4539: checking for uint16_t
configure:4539: g++ -c -g -O2  conftest.cpp >&5
configure:4539: $? = 0
configure:4539: result: yes
configure:4551: checking for uint32_t
configure:4551: g++ -c -g -O2  conftest.cpp >&5
configure:4551: $? = 0
configure:4551: result: yes
configure:4565: checking for uint64_t
configure:4565: g++ -c -g -O2  conftest.cpp >&5
configure:4565: $? = 0
configure:4565: result: yes
configure:4579: checking for uint8_t
configure:4579: g++ -c -g -O2  conftest.cpp >&5
configure:4579: $? = 0
configure:4579: result: yes
configure:4593: checking for ptrdiff_t
configure:4593: g++ -c -g -O2  conftest.cpp >&5
configure:4593: $? = 0
configure:4593: g++ -c -g -O2  conftest.cpp >&5
conftest.cpp: In function 'int main()':
conftest.cpp:66: error: expected primary-expression before ')' token
configure:4593: $? = 1
configure: failed program was:
| /* confdefs.h */
| #define PACKAGE_NAME "TheForgottenServer"
| #define PACKAGE_TARNAME "theforgottenserver"
| #define PACKAGE_VERSION "0.4"
| #define PACKAGE_STRING "TheForgottenServer 0.4"
| #define PACKAGE_BUGREPORT ""
| #define PACKAGE_URL ""
| #define PACKAGE "theforgottenserver"
| #define VERSION "0.4"
| #define STDC_HEADERS 1
| #define HAVE_SYS_TYPES_H 1
| #define HAVE_SYS_STAT_H 1
| #define HAVE_STDLIB_H 1
| #define HAVE_STRING_H 1
| #define HAVE_MEMORY_H 1
| #define HAVE_STRINGS_H 1
| #define HAVE_INTTYPES_H 1
| #define HAVE_STDINT_H 1
| #define HAVE_UNISTD_H 1
| #define HAVE_ARPA_INET_H 1
| #define HAVE_NETDB_H 1
| #define HAVE_NETINET_IN_H 1
| #define HAVE_STDDEF_H 1
| #define HAVE_STDINT_H 1
| #define HAVE_STDLIB_H 1
| #define HAVE_SYS_SOCKET_H 1
| #define HAVE_SYS_TIMEB_H 1
| #define HAVE_STDBOOL_H 1
| /* end confdefs.h.  */
| #include <stdio.h>
| #ifdef HAVE_SYS_TYPES_H
| # include <sys/types.h>
| #endif
| #ifdef HAVE_SYS_STAT_H
| # include <sys/stat.h>
| #endif
| #ifdef STDC_HEADERS
| # include <stdlib.h>
| # include <stddef.h>
| #else
| # ifdef HAVE_STDLIB_H
| #  include <stdlib.h>
| # endif
| #endif
| #ifdef HAVE_STRING_H
| # if !defined STDC_HEADERS && defined HAVE_MEMORY_H
| #  include <memory.h>
| # endif
| # include <string.h>
| #endif
| #ifdef HAVE_STRINGS_H
| # include <strings.h>
| #endif
| #ifdef HAVE_INTTYPES_H
| # include <inttypes.h>
| #endif
| #ifdef HAVE_STDINT_H
| # include <stdint.h>
| #endif
| #ifdef HAVE_UNISTD_H
| # include <unistd.h>
| #endif
| int
| main ()
| {
| if (sizeof ((ptrdiff_t)))
| 	    return 0;
|   ;
|   return 0;
| }
configure:4593: result: yes
configure:4607: checking for stdlib.h
configure:4607: result: yes
configure:4617: checking for GNU libc compatible malloc
configure:4641: g++ -o conftest -g -O2   conftest.cpp  >&5
configure:4641: $? = 0
configure:4641: ./conftest
configure:4641: $? = 0
configure:4651: result: yes
configure:4672: checking for working memcmp
configure:4715: g++ -o conftest -g -O2   conftest.cpp  >&5
configure:4715: $? = 0
configure:4715: ./conftest
configure:4715: $? = 0
configure:4725: result: yes
configure:4736: checking for stdlib.h
configure:4736: result: yes
configure:4746: checking for GNU libc compatible realloc
configure:4770: g++ -o conftest -g -O2   conftest.cpp  >&5
configure:4770: $? = 0
configure:4770: ./conftest
configure:4770: $? = 0
configure:4780: result: yes
configure:4804: checking for ceil
configure:4804: g++ -o conftest -g -O2   conftest.cpp  >&5
configure:4804: $? = 0
configure:4804: result: yes
configure:4804: checking for floor
configure:4804: g++ -o conftest -g -O2   conftest.cpp  >&5
configure:4804: $? = 0
configure:4804: result: yes
configure:4804: checking for ftime
configure:4804: g++ -o conftest -g -O2   conftest.cpp  >&5
configure:4804: $? = 0
configure:4804: result: yes
configure:4804: checking for gethostbyname
configure:4804: g++ -o conftest -g -O2   conftest.cpp  >&5
configure:4804: $? = 0
configure:4804: result: yes
configure:4804: checking for gethostname
configure:4804: g++ -o conftest -g -O2   conftest.cpp  >&5
configure:4804: $? = 0
configure:4804: result: yes
configure:4804: checking for memset
configure:4804: g++ -o conftest -g -O2   conftest.cpp  >&5
configure:4804: $? = 0
configure:4804: result: yes
configure:4804: checking for pow
configure:4804: g++ -o conftest -g -O2   conftest.cpp  >&5
configure:4804: $? = 0
configure:4804: result: yes
configure:4804: checking for sqrt
configure:4804: g++ -o conftest -g -O2   conftest.cpp  >&5
configure:4804: $? = 0
configure:4804: result: yes
configure:4804: checking for strcasecmp
configure:4804: g++ -o conftest -g -O2   conftest.cpp  >&5
configure:4804: $? = 0
configure:4804: result: yes
configure:4804: checking for strncasecmp
configure:4804: g++ -o conftest -g -O2   conftest.cpp  >&5
configure:4804: $? = 0
configure:4804: result: yes
configure:4804: checking for strstr
configure:4804: g++ -o conftest -g -O2   conftest.cpp  >&5
configure:4804: $? = 0
configure:4804: result: yes
configure:4804: checking for strtol
configure:4804: g++ -o conftest -g -O2   conftest.cpp  >&5
configure:4804: $? = 0
configure:4804: result: yes
configure:4855: checking for xml2-config
configure:4873: found /usr/bin/xml2-config
configure:4886: result: /usr/bin/xml2-config
configure:4895: checking for libxml - version >= 2.6.5
configure:4997: g++ -o conftest -g -O2  -I/usr/include/libxml2  conftest.cpp -lxml2  >&5
conftest.cpp: In function 'int main()':
conftest.cpp:60: warning: ignoring return value of 'int system(const char*)', declared with attribute warn_unused_result
configure:4997: $? = 0
configure:4997: ./conftest
configure:4997: $? = 0
configure:5012: result: yes (version 2.7.7)
configure:5084: checking zlib.h usability
configure:5084: g++ -c -g -O2  conftest.cpp >&5
configure:5084: $? = 0
configure:5084: result: yes
configure:5084: checking zlib.h presence
configure:5084: g++ -E  conftest.cpp
configure:5084: $? = 0
configure:5084: result: yes
configure:5084: checking for zlib.h
configure:5084: result: yes
configure:5096: checking for main in -lz
configure:5115: g++ -o conftest -g -O2   conftest.cpp -lz   -lxml2 >&5
configure:5115: $? = 0
configure:5124: result: yes
configure:5139: checking for main in -lboost_thread-gcc-mt
configure:5158: g++ -o conftest -g -O2   conftest.cpp -lboost_thread-gcc-mt  -lz  -lxml2 >&5
/usr/bin/ld: cannot find -lboost_thread-gcc-mt
collect2: ld returned 1 exit status
configure:5158: $? = 1
configure: failed program was:
| /* confdefs.h */
| #define PACKAGE_NAME "TheForgottenServer"
| #define PACKAGE_TARNAME "theforgottenserver"
| #define PACKAGE_VERSION "0.4"
| #define PACKAGE_STRING "TheForgottenServer 0.4"
| #define PACKAGE_BUGREPORT ""
| #define PACKAGE_URL ""
| #define PACKAGE "theforgottenserver"
| #define VERSION "0.4"
| #define STDC_HEADERS 1
| #define HAVE_SYS_TYPES_H 1
| #define HAVE_SYS_STAT_H 1
| #define HAVE_STDLIB_H 1
| #define HAVE_STRING_H 1
| #define HAVE_MEMORY_H 1
| #define HAVE_STRINGS_H 1
| #define HAVE_INTTYPES_H 1
| #define HAVE_STDINT_H 1
| #define HAVE_UNISTD_H 1
| #define HAVE_ARPA_INET_H 1
| #define HAVE_NETDB_H 1
| #define HAVE_NETINET_IN_H 1
| #define HAVE_STDDEF_H 1
| #define HAVE_STDINT_H 1
| #define HAVE_STDLIB_H 1
| #define HAVE_SYS_SOCKET_H 1
| #define HAVE_SYS_TIMEB_H 1
| #define HAVE_STDBOOL_H 1
| #define HAVE_PTRDIFF_T 1
| #define HAVE_STDLIB_H 1
| #define HAVE_MALLOC 1
| #define HAVE_STDLIB_H 1
| #define HAVE_REALLOC 1
| #define HAVE_CEIL 1
| #define HAVE_FLOOR 1
| #define HAVE_FTIME 1
| #define HAVE_GETHOSTBYNAME 1
| #define HAVE_GETHOSTNAME 1
| #define HAVE_MEMSET 1
| #define HAVE_POW 1
| #define HAVE_SQRT 1
| #define HAVE_STRCASECMP 1
| #define HAVE_STRNCASECMP 1
| #define HAVE_STRSTR 1
| #define HAVE_STRTOL 1
| #define HAVE_ZLIB_H 1
| #define HAVE_LIBZ 1
| /* end confdefs.h.  */
| 
| 
| int
| main ()
| {
| return main ();
|   ;
|   return 0;
| }
configure:5167: result: no
configure:5178: checking for main in -lboost_thread-mt
configure:5197: g++ -o conftest -g -O2   conftest.cpp -lboost_thread-mt  -lz  -lxml2 >&5
configure:5197: $? = 0
configure:5206: result: yes
configure:5267: checking for main in -lboost_regex-gcc-mt
configure:5286: g++ -o conftest -g -O2   conftest.cpp -lboost_regex-gcc-mt  -lboost_thread-mt -lz  -lxml2 >&5
/usr/bin/ld: cannot find -lboost_regex-gcc-mt
collect2: ld returned 1 exit status
configure:5286: $? = 1
configure: failed program was:
| /* confdefs.h */
| #define PACKAGE_NAME "TheForgottenServer"
| #define PACKAGE_TARNAME "theforgottenserver"
| #define PACKAGE_VERSION "0.4"
| #define PACKAGE_STRING "TheForgottenServer 0.4"
| #define PACKAGE_BUGREPORT ""
| #define PACKAGE_URL ""
| #define PACKAGE "theforgottenserver"
| #define VERSION "0.4"
| #define STDC_HEADERS 1
| #define HAVE_SYS_TYPES_H 1
| #define HAVE_SYS_STAT_H 1
| #define HAVE_STDLIB_H 1
| #define HAVE_STRING_H 1
| #define HAVE_MEMORY_H 1
| #define HAVE_STRINGS_H 1
| #define HAVE_INTTYPES_H 1
| #define HAVE_STDINT_H 1
| #define HAVE_UNISTD_H 1
| #define HAVE_ARPA_INET_H 1
| #define HAVE_NETDB_H 1
| #define HAVE_NETINET_IN_H 1
| #define HAVE_STDDEF_H 1
| #define HAVE_STDINT_H 1
| #define HAVE_STDLIB_H 1
| #define HAVE_SYS_SOCKET_H 1
| #define HAVE_SYS_TIMEB_H 1
| #define HAVE_STDBOOL_H 1
| #define HAVE_PTRDIFF_T 1
| #define HAVE_STDLIB_H 1
| #define HAVE_MALLOC 1
| #define HAVE_STDLIB_H 1
| #define HAVE_REALLOC 1
| #define HAVE_CEIL 1
| #define HAVE_FLOOR 1
| #define HAVE_FTIME 1
| #define HAVE_GETHOSTBYNAME 1
| #define HAVE_GETHOSTNAME 1
| #define HAVE_MEMSET 1
| #define HAVE_POW 1
| #define HAVE_SQRT 1
| #define HAVE_STRCASECMP 1
| #define HAVE_STRNCASECMP 1
| #define HAVE_STRSTR 1
| #define HAVE_STRTOL 1
| #define HAVE_ZLIB_H 1
| #define HAVE_LIBZ 1
| #define HAVE_LIBBOOST_THREAD_MT 1
| /* end confdefs.h.  */
| 
| 
| int
| main ()
| {
| return main ();
|   ;
|   return 0;
| }
configure:5295: result: no
configure:5306: checking for main in -lboost_regex-mt
configure:5325: g++ -o conftest -g -O2   conftest.cpp -lboost_regex-mt  -lboost_thread-mt -lz  -lxml2 >&5
configure:5325: $? = 0
configure:5334: result: yes
configure:5395: checking for main in -lboost_system-gcc-mt
configure:5414: g++ -o conftest -g -O2   conftest.cpp -lboost_system-gcc-mt  -lboost_regex-mt -lboost_thread-mt -lz  -lxml2 >&5
/usr/bin/ld: cannot find -lboost_system-gcc-mt
collect2: ld returned 1 exit status
configure:5414: $? = 1
configure: failed program was:
| /* confdefs.h */
| #define PACKAGE_NAME "TheForgottenServer"
| #define PACKAGE_TARNAME "theforgottenserver"
| #define PACKAGE_VERSION "0.4"
| #define PACKAGE_STRING "TheForgottenServer 0.4"
| #define PACKAGE_BUGREPORT ""
| #define PACKAGE_URL ""
| #define PACKAGE "theforgottenserver"
| #define VERSION "0.4"
| #define STDC_HEADERS 1
| #define HAVE_SYS_TYPES_H 1
| #define HAVE_SYS_STAT_H 1
| #define HAVE_STDLIB_H 1
| #define HAVE_STRING_H 1
| #define HAVE_MEMORY_H 1
| #define HAVE_STRINGS_H 1
| #define HAVE_INTTYPES_H 1
| #define HAVE_STDINT_H 1
| #define HAVE_UNISTD_H 1
| #define HAVE_ARPA_INET_H 1
| #define HAVE_NETDB_H 1
| #define HAVE_NETINET_IN_H 1
| #define HAVE_STDDEF_H 1
| #define HAVE_STDINT_H 1
| #define HAVE_STDLIB_H 1
| #define HAVE_SYS_SOCKET_H 1
| #define HAVE_SYS_TIMEB_H 1
| #define HAVE_STDBOOL_H 1
| #define HAVE_PTRDIFF_T 1
| #define HAVE_STDLIB_H 1
| #define HAVE_MALLOC 1
| #define HAVE_STDLIB_H 1
| #define HAVE_REALLOC 1
| #define HAVE_CEIL 1
| #define HAVE_FLOOR 1
| #define HAVE_FTIME 1
| #define HAVE_GETHOSTBYNAME 1
| #define HAVE_GETHOSTNAME 1
| #define HAVE_MEMSET 1
| #define HAVE_POW 1
| #define HAVE_SQRT 1
| #define HAVE_STRCASECMP 1
| #define HAVE_STRNCASECMP 1
| #define HAVE_STRSTR 1
| #define HAVE_STRTOL 1
| #define HAVE_ZLIB_H 1
| #define HAVE_LIBZ 1
| #define HAVE_LIBBOOST_THREAD_MT 1
| #define HAVE_LIBBOOST_REGEX_MT 1
| /* end confdefs.h.  */
| 
| 
| int
| main ()
| {
| return main ();
|   ;
|   return 0;
| }
configure:5423: result: no
configure:5434: checking for main in -lboost_system-mt
configure:5453: g++ -o conftest -g -O2   conftest.cpp -lboost_system-mt  -lboost_regex-mt -lboost_thread-mt -lz  -lxml2 >&5
configure:5453: $? = 0
configure:5462: result: yes
configure:5523: checking for main in -lboost_date_time-gcc-mt
configure:5542: g++ -o conftest -g -O2   conftest.cpp -lboost_date_time-gcc-mt  -lboost_system-mt -lboost_regex-mt -lboost_thread-mt -lz  -lxml2 >&5
/usr/bin/ld: cannot find -lboost_date_time-gcc-mt
collect2: ld returned 1 exit status
configure:5542: $? = 1
configure: failed program was:
| /* confdefs.h */
| #define PACKAGE_NAME "TheForgottenServer"
| #define PACKAGE_TARNAME "theforgottenserver"
| #define PACKAGE_VERSION "0.4"
| #define PACKAGE_STRING "TheForgottenServer 0.4"
| #define PACKAGE_BUGREPORT ""
| #define PACKAGE_URL ""
| #define PACKAGE "theforgottenserver"
| #define VERSION "0.4"
| #define STDC_HEADERS 1
| #define HAVE_SYS_TYPES_H 1
| #define HAVE_SYS_STAT_H 1
| #define HAVE_STDLIB_H 1
| #define HAVE_STRING_H 1
| #define HAVE_MEMORY_H 1
| #define HAVE_STRINGS_H 1
| #define HAVE_INTTYPES_H 1
| #define HAVE_STDINT_H 1
| #define HAVE_UNISTD_H 1
| #define HAVE_ARPA_INET_H 1
| #define HAVE_NETDB_H 1
| #define HAVE_NETINET_IN_H 1
| #define HAVE_STDDEF_H 1
| #define HAVE_STDINT_H 1
| #define HAVE_STDLIB_H 1
| #define HAVE_SYS_SOCKET_H 1
| #define HAVE_SYS_TIMEB_H 1
| #define HAVE_STDBOOL_H 1
| #define HAVE_PTRDIFF_T 1
| #define HAVE_STDLIB_H 1
| #define HAVE_MALLOC 1
| #define HAVE_STDLIB_H 1
| #define HAVE_REALLOC 1
| #define HAVE_CEIL 1
| #define HAVE_FLOOR 1
| #define HAVE_FTIME 1
| #define HAVE_GETHOSTBYNAME 1
| #define HAVE_GETHOSTNAME 1
| #define HAVE_MEMSET 1
| #define HAVE_POW 1
| #define HAVE_SQRT 1
| #define HAVE_STRCASECMP 1
| #define HAVE_STRNCASECMP 1
| #define HAVE_STRSTR 1
| #define HAVE_STRTOL 1
| #define HAVE_ZLIB_H 1
| #define HAVE_LIBZ 1
| #define HAVE_LIBBOOST_THREAD_MT 1
| #define HAVE_LIBBOOST_REGEX_MT 1
| #define HAVE_LIBBOOST_SYSTEM_MT 1
| /* end confdefs.h.  */
| 
| 
| int
| main ()
| {
| return main ();
|   ;
|   return 0;
| }
configure:5551: result: no
configure:5562: checking for main in -lboost_date_time-mt
configure:5581: g++ -o conftest -g -O2   conftest.cpp -lboost_date_time-mt  -lboost_system-mt -lboost_regex-mt -lboost_thread-mt -lz  -lxml2 >&5
configure:5581: $? = 0
configure:5590: result: yes
configure:5651: checking for main in -lboost_filesystem-gcc-mt
configure:5670: g++ -o conftest -g -O2   conftest.cpp -lboost_filesystem-gcc-mt  -lboost_date_time-mt -lboost_system-mt -lboost_regex-mt -lboost_thread-mt -lz  -lxml2 >&5
/usr/bin/ld: cannot find -lboost_filesystem-gcc-mt
collect2: ld returned 1 exit status
configure:5670: $? = 1
configure: failed program was:
| /* confdefs.h */
| #define PACKAGE_NAME "TheForgottenServer"
| #define PACKAGE_TARNAME "theforgottenserver"
| #define PACKAGE_VERSION "0.4"
| #define PACKAGE_STRING "TheForgottenServer 0.4"
| #define PACKAGE_BUGREPORT ""
| #define PACKAGE_URL ""
| #define PACKAGE "theforgottenserver"
| #define VERSION "0.4"
| #define STDC_HEADERS 1
| #define HAVE_SYS_TYPES_H 1
| #define HAVE_SYS_STAT_H 1
| #define HAVE_STDLIB_H 1
| #define HAVE_STRING_H 1
| #define HAVE_MEMORY_H 1
| #define HAVE_STRINGS_H 1
| #define HAVE_INTTYPES_H 1
| #define HAVE_STDINT_H 1
| #define HAVE_UNISTD_H 1
| #define HAVE_ARPA_INET_H 1
| #define HAVE_NETDB_H 1
| #define HAVE_NETINET_IN_H 1
| #define HAVE_STDDEF_H 1
| #define HAVE_STDINT_H 1
| #define HAVE_STDLIB_H 1
| #define HAVE_SYS_SOCKET_H 1
| #define HAVE_SYS_TIMEB_H 1
| #define HAVE_STDBOOL_H 1
| #define HAVE_PTRDIFF_T 1
| #define HAVE_STDLIB_H 1
| #define HAVE_MALLOC 1
| #define HAVE_STDLIB_H 1
| #define HAVE_REALLOC 1
| #define HAVE_CEIL 1
| #define HAVE_FLOOR 1
| #define HAVE_FTIME 1
| #define HAVE_GETHOSTBYNAME 1
| #define HAVE_GETHOSTNAME 1
| #define HAVE_MEMSET 1
| #define HAVE_POW 1
| #define HAVE_SQRT 1
| #define HAVE_STRCASECMP 1
| #define HAVE_STRNCASECMP 1
| #define HAVE_STRSTR 1
| #define HAVE_STRTOL 1
| #define HAVE_ZLIB_H 1
| #define HAVE_LIBZ 1
| #define HAVE_LIBBOOST_THREAD_MT 1
| #define HAVE_LIBBOOST_REGEX_MT 1
| #define HAVE_LIBBOOST_SYSTEM_MT 1
| #define HAVE_LIBBOOST_DATE_TIME_MT 1
| /* end confdefs.h.  */
| 
| 
| int
| main ()
| {
| return main ();
|   ;
|   return 0;
| }
configure:5679: result: no
configure:5690: checking for main in -lboost_filesystem-mt
configure:5709: g++ -o conftest -g -O2   conftest.cpp -lboost_filesystem-mt  -lboost_date_time-mt -lboost_system-mt -lboost_regex-mt -lboost_thread-mt -lz  -lxml2 >&5
configure:5709: $? = 0
configure:5718: result: yes
configure:5782: checking boost/asio.hpp usability
configure:5782: g++ -c -g -O2  conftest.cpp >&5
configure:5782: $? = 0
configure:5782: result: yes
configure:5782: checking boost/asio.hpp presence
configure:5782: g++ -E  conftest.cpp
configure:5782: $? = 0
configure:5782: result: yes
configure:5782: checking for boost/asio.hpp
configure:5782: result: yes
configure:5798: checking boost/tr1/unordered_set.hpp usability
configure:5798: g++ -c -g -O2  conftest.cpp >&5
configure:5798: $? = 0
configure:5798: result: yes
configure:5798: checking boost/tr1/unordered_set.hpp presence
configure:5798: g++ -E  conftest.cpp
configure:5798: $? = 0
configure:5798: result: yes
configure:5798: checking for boost/tr1/unordered_set.hpp
configure:5798: result: yes
configure:5819: checking openssl/rsa.h usability
configure:5819: g++ -c -g -O2  conftest.cpp >&5
configure:5819: $? = 0
configure:5819: result: yes
configure:5819: checking openssl/rsa.h presence
configure:5819: g++ -E  conftest.cpp
configure:5819: $? = 0
configure:5819: result: yes
configure:5819: checking for openssl/rsa.h
configure:5819: result: yes
configure:5819: checking openssl/bn.h usability
configure:5819: g++ -c -g -O2  conftest.cpp >&5
configure:5819: $? = 0
configure:5819: result: yes
configure:5819: checking openssl/bn.h presence
configure:5819: g++ -E  conftest.cpp
configure:5819: $? = 0
configure:5819: result: yes
configure:5819: checking for openssl/bn.h
configure:5819: result: yes
configure:5819: checking openssl/err.h usability
configure:5819: g++ -c -g -O2  conftest.cpp >&5
configure:5819: $? = 0
configure:5819: result: yes
configure:5819: checking openssl/err.h presence
configure:5819: g++ -E  conftest.cpp
configure:5819: $? = 0
configure:5819: result: yes
configure:5819: checking for openssl/err.h
configure:5819: result: yes
configure:5831: checking for main in -lcrypto
configure:5850: g++ -o conftest -g -O2   conftest.cpp -lcrypto  -lboost_filesystem-mt -lboost_date_time-mt -lboost_system-mt -lboost_regex-mt -lboost_thread-mt -lz  -lxml2 >&5
configure:5850: $? = 0
configure:5859: result: yes
configure:5927: checking for pkg-config
configure:5945: found /usr/bin/pkg-config
configure:5957: result: /usr/bin/pkg-config
configure:5982: checking pkg-config is at least version 0.9.0
configure:5985: result: yes
configure:5995: checking for LUA
configure:6002: $PKG_CONFIG --exists --print-errors "lua5.1 >= 5.1"
configure:6005: $? = 0
configure:6018: $PKG_CONFIG --exists --print-errors "lua5.1 >= 5.1"
configure:6021: $? = 0
configure:6170: result: yes
configure:6181: checking mysql/mysql.h usability
configure:6181: g++ -c -g -O2  conftest.cpp >&5
configure:6181: $? = 0
configure:6181: result: yes
configure:6181: checking mysql/mysql.h presence
configure:6181: g++ -E  conftest.cpp
configure:6181: $? = 0
configure:6181: result: yes
configure:6181: checking for mysql/mysql.h
configure:6181: result: yes
configure:6193: checking for main in -lmysqlclient
configure:6212: g++ -o conftest -g -O2   conftest.cpp -lmysqlclient  -lcrypto -lboost_filesystem-mt -lboost_date_time-mt -lboost_system-mt -lboost_regex-mt -lboost_thread-mt -lz  -lxml2 >&5
configure:6212: $? = 0
configure:6221: result: yes
configure:6529: creating ./config.status

## ---------------------- ##
## Running config.status. ##
## ---------------------- ##

This file was extended by TheForgottenServer config.status 0.4, which was
generated by GNU Autoconf 2.67.  Invocation command line was

  CONFIG_FILES    = 
  CONFIG_HEADERS  = 
  CONFIG_LINKS    = 
  CONFIG_COMMANDS = 
  $ ./config.status 

on ubuntu

config.status:925: creating Makefile
config.status:925: creating config.h
config.status:1105: config.h is unchanged
config.status:1153: executing depfiles commands

## ---------------- ##
## Cache variables. ##
## ---------------- ##

ac_cv_c_const=yes
ac_cv_c_inline=inline
ac_cv_c_int16_t=yes
ac_cv_c_int32_t=yes
ac_cv_c_int64_t=yes
ac_cv_c_uint16_t=yes
ac_cv_c_uint32_t=yes
ac_cv_c_uint64_t=yes
ac_cv_c_uint8_t=yes
ac_cv_cxx_compiler_gnu=yes
ac_cv_env_CCC_set=
ac_cv_env_CCC_value=
ac_cv_env_CPPFLAGS_set=
ac_cv_env_CPPFLAGS_value=
ac_cv_env_CXXCPP_set=
ac_cv_env_CXXCPP_value=
ac_cv_env_CXXFLAGS_set=
ac_cv_env_CXXFLAGS_value=
ac_cv_env_CXX_set=
ac_cv_env_CXX_value=
ac_cv_env_LDFLAGS_set=
ac_cv_env_LDFLAGS_value=
ac_cv_env_LIBS_set=
ac_cv_env_LIBS_value=
ac_cv_env_LUA_CFLAGS_set=
ac_cv_env_LUA_CFLAGS_value=
ac_cv_env_LUA_LIBS_set=
ac_cv_env_LUA_LIBS_value=
ac_cv_env_PKG_CONFIG_LIBDIR_set=
ac_cv_env_PKG_CONFIG_LIBDIR_value=
ac_cv_env_PKG_CONFIG_PATH_set=
ac_cv_env_PKG_CONFIG_PATH_value=
ac_cv_env_PKG_CONFIG_set=
ac_cv_env_PKG_CONFIG_value=
ac_cv_env_build_alias_set=
ac_cv_env_build_alias_value=
ac_cv_env_host_alias_set=
ac_cv_env_host_alias_value=
ac_cv_env_target_alias_set=
ac_cv_env_target_alias_value=
ac_cv_func_ceil=yes
ac_cv_func_floor=yes
ac_cv_func_ftime=yes
ac_cv_func_gethostbyname=yes
ac_cv_func_gethostname=yes
ac_cv_func_malloc_0_nonnull=yes
ac_cv_func_memcmp_working=yes
ac_cv_func_memset=yes
ac_cv_func_pow=yes
ac_cv_func_realloc_0_nonnull=yes
ac_cv_func_sqrt=yes
ac_cv_func_strcasecmp=yes
ac_cv_func_strncasecmp=yes
ac_cv_func_strstr=yes
ac_cv_func_strtol=yes
ac_cv_header_arpa_inet_h=yes
ac_cv_header_boost_asio_hpp=yes
ac_cv_header_boost_tr1_unordered_set_hpp=yes
ac_cv_header_inttypes_h=yes
ac_cv_header_memory_h=yes
ac_cv_header_mysql_mysql_h=yes
ac_cv_header_netdb_h=yes
ac_cv_header_netinet_in_h=yes
ac_cv_header_openssl_bn_h=yes
ac_cv_header_openssl_err_h=yes
ac_cv_header_openssl_rsa_h=yes
ac_cv_header_stdbool_h=yes
ac_cv_header_stdc=yes
ac_cv_header_stddef_h=yes
ac_cv_header_stdint_h=yes
ac_cv_header_stdlib_h=yes
ac_cv_header_string_h=yes
ac_cv_header_strings_h=yes
ac_cv_header_sys_socket_h=yes
ac_cv_header_sys_stat_h=yes
ac_cv_header_sys_timeb_h=yes
ac_cv_header_sys_types_h=yes
ac_cv_header_unistd_h=yes
ac_cv_header_zlib_h=yes
ac_cv_lib_boost_date_time_gcc_mt_main=no
ac_cv_lib_boost_date_time_mt_main=yes
ac_cv_lib_boost_filesystem_gcc_mt_main=no
ac_cv_lib_boost_filesystem_mt_main=yes
ac_cv_lib_boost_regex_gcc_mt_main=no
ac_cv_lib_boost_regex_mt_main=yes
ac_cv_lib_boost_system_gcc_mt_main=no
ac_cv_lib_boost_system_mt_main=yes
ac_cv_lib_boost_thread_gcc_mt_main=no
ac_cv_lib_boost_thread_mt_main=yes
ac_cv_lib_crypto_main=yes
ac_cv_lib_mysqlclient_main=yes
ac_cv_lib_z_main=yes
ac_cv_objext=o
ac_cv_path_EGREP='/bin/grep -E'
ac_cv_path_GREP=/bin/grep
ac_cv_path_XML2_CONFIG=/usr/bin/xml2-config
ac_cv_path_ac_pt_PKG_CONFIG=/usr/bin/pkg-config
ac_cv_path_install='/usr/bin/install -c'
ac_cv_path_mkdir=/bin/mkdir
ac_cv_prog_AWK=mawk
ac_cv_prog_CXXCPP='g++ -E'
ac_cv_prog_ac_ct_CXX=g++
ac_cv_prog_cxx_g=yes
ac_cv_prog_make_make_set=yes
ac_cv_struct_tm=time.h
ac_cv_type__Bool=no
ac_cv_type_ptrdiff_t=yes
ac_cv_type_size_t=yes
am_cv_CXX_dependencies_compiler_type=gcc3
pkg_cv_LUA_CFLAGS='-I/usr/include/lua5.1  '
pkg_cv_LUA_LIBS='-llua5.1  '

## ----------------- ##
## Output variables. ##
## ----------------- ##

ACLOCAL='${SHELL} /mnt/hgfs/ultrax/source/missing --run aclocal-1.11'
AMDEPBACKSLASH='\'
AMDEP_FALSE='#'
AMDEP_TRUE=''
AMTAR='${SHELL} /mnt/hgfs/ultrax/source/missing --run tar'
AUTOCONF='${SHELL} /mnt/hgfs/ultrax/source/missing --run autoconf'
AUTOHEADER='${SHELL} /mnt/hgfs/ultrax/source/missing --run autoheader'
AUTOMAKE='${SHELL} /mnt/hgfs/ultrax/source/missing --run automake-1.11'
AWK='mawk'
CPPFLAGS=''
CXX='g++'
CXXCPP='g++ -E'
CXXDEPMODE='depmode=gcc3'
CXXFLAGS='-g -O2'
CYGPATH_W='echo'
DEBUG_FLAGS='-O2 -fomit-frame-pointer'
DEFS='-DHAVE_CONFIG_H'
DEPDIR='.deps'
ECHO_C=''
ECHO_N='-n'
ECHO_T=''
EGREP='/bin/grep -E'
EXEEXT=''
GREP='/bin/grep'
INSTALL_DATA='${INSTALL} -m 644'
INSTALL_PROGRAM='${INSTALL}'
INSTALL_SCRIPT='${INSTALL}'
INSTALL_STRIP_PROGRAM='$(install_sh) -c -s'
LDFLAGS=''
LIBOBJS=''
LIBS='-lmysqlclient -lcrypto -lboost_filesystem-mt -lboost_date_time-mt -lboost_system-mt -lboost_regex-mt -lboost_thread-mt -lz  -lxml2'
LOGIN_SERVER_FALSE=''
LOGIN_SERVER_TRUE='#'
LTLIBOBJS=''
LUA_CFLAGS='-I/usr/include/lua5.1  '
LUA_LIBS='-llua5.1  '
MAKEINFO='${SHELL} /mnt/hgfs/ultrax/source/missing --run makeinfo'
MKDIR_P='/bin/mkdir -p'
MYSQL_FLAGS='-D__USE_MYSQL__'
MYSQL_LIBS='-lmysqlclient'
OBJEXT='o'
OPTIONAL_FLAGS='-D__WAR_SYSTEM__ -D__NO_CRYPTOPP__ -D__TFS_NEWEST_REVS_FIXIES__  -D__DARGHOS_CUSTOM__ -D__DARGHOS_SPOOF__ -D__DARGHOS_EMERGENCY_DDOS__ -D__ENABLE_SERVER_DIAGNOSTIC__'
OT_ADMIN_FALSE=''
OT_ADMIN_TRUE='#'
PACKAGE='theforgottenserver'
PACKAGE_BUGREPORT=''
PACKAGE_NAME='TheForgottenServer'
PACKAGE_STRING='TheForgottenServer 0.4'
PACKAGE_TARNAME='theforgottenserver'
PACKAGE_URL=''
PACKAGE_VERSION='0.4'
PATH_SEPARATOR=':'
PGSQL_FLAGS=''
PGSQL_LIBS=''
PKG_CONFIG='/usr/bin/pkg-config'
PKG_CONFIG_LIBDIR=''
PKG_CONFIG_PATH=''
PROFILER_FLAGS=''
SET_MAKE=''
SHELL='/bin/bash'
SQLITE_FLAGS=''
SQLITE_LIBS=''
STRIP=''
USE_MYSQL_FALSE='#'
USE_MYSQL_TRUE=''
USE_PGSQL_FALSE=''
USE_PGSQL_TRUE='#'
USE_SQLITE_FALSE=''
USE_SQLITE_TRUE='#'
VERSION='0.4'
XML2_CONFIG='/usr/bin/xml2-config'
XML_CPPFLAGS='-I/usr/include/libxml2'
XML_LIBS='-lxml2'
ac_ct_CXX='g++'
am__EXEEXT_FALSE=''
am__EXEEXT_TRUE='#'
am__fastdepCXX_FALSE='#'
am__fastdepCXX_TRUE=''
am__include='include'
am__isrc=''
am__leading_dot='.'
am__quote=''
am__tar='${AMTAR} chof - "$$tardir"'
am__untar='${AMTAR} xf -'
bindir='${exec_prefix}/bin'
build_alias=''
datadir='${datarootdir}'
datarootdir='${prefix}/share'
docdir='${datarootdir}/doc/${PACKAGE_TARNAME}'
dvidir='${docdir}'
exec_prefix='${prefix}'
host_alias=''
htmldir='${docdir}'
includedir='${prefix}/include'
infodir='${datarootdir}/info'
install_sh='${SHELL} /mnt/hgfs/ultrax/source/install-sh'
libdir='${exec_prefix}/lib'
libexecdir='${exec_prefix}/libexec'
localedir='${datarootdir}/locale'
localstatedir='${prefix}/var'
mandir='${datarootdir}/man'
mkdir_p='/bin/mkdir -p'
oldincludedir='/usr/include'
pdfdir='${docdir}'
prefix='/usr/local'
program_transform_name='s,x,x,'
psdir='${docdir}'
sbindir='${exec_prefix}/sbin'
sharedstatedir='${prefix}/com'
sysconfdir='${prefix}/etc'
target_alias=''

## ----------- ##
## confdefs.h. ##
## ----------- ##

/* confdefs.h */
#define PACKAGE_NAME "TheForgottenServer"
#define PACKAGE_TARNAME "theforgottenserver"
#define PACKAGE_VERSION "0.4"
#define PACKAGE_STRING "TheForgottenServer 0.4"
#define PACKAGE_BUGREPORT ""
#define PACKAGE_URL ""
#define PACKAGE "theforgottenserver"
#define VERSION "0.4"
#define STDC_HEADERS 1
#define HAVE_SYS_TYPES_H 1
#define HAVE_SYS_STAT_H 1
#define HAVE_STDLIB_H 1
#define HAVE_STRING_H 1
#define HAVE_MEMORY_H 1
#define HAVE_STRINGS_H 1
#define HAVE_INTTYPES_H 1
#define HAVE_STDINT_H 1
#define HAVE_UNISTD_H 1
#define HAVE_ARPA_INET_H 1
#define HAVE_NETDB_H 1
#define HAVE_NETINET_IN_H 1
#define HAVE_STDDEF_H 1
#define HAVE_STDINT_H 1
#define HAVE_STDLIB_H 1
#define HAVE_SYS_SOCKET_H 1
#define HAVE_SYS_TIMEB_H 1
#define HAVE_STDBOOL_H 1
#define HAVE_PTRDIFF_T 1
#define HAVE_STDLIB_H 1
#define HAVE_MALLOC 1
#define HAVE_STDLIB_H 1
#define HAVE_REALLOC 1
#define HAVE_CEIL 1
#define HAVE_FLOOR 1
#define HAVE_FTIME 1
#define HAVE_GETHOSTBYNAME 1
#define HAVE_GETHOSTNAME 1
#define HAVE_MEMSET 1
#define HAVE_POW 1
#define HAVE_SQRT 1
#define HAVE_STRCASECMP 1
#define HAVE_STRNCASECMP 1
#define HAVE_STRSTR 1
#define HAVE_STRTOL 1
#define HAVE_ZLIB_H 1
#define HAVE_LIBZ 1
#define HAVE_LIBBOOST_THREAD_MT 1
#define HAVE_LIBBOOST_REGEX_MT 1
#define HAVE_LIBBOOST_SYSTEM_MT 1
#define HAVE_LIBBOOST_DATE_TIME_MT 1
#define HAVE_LIBBOOST_FILESYSTEM_MT 1
#define HAVE_BOOST_ASIO_HPP 1
#define HAVE_BOOST_TR1_UNORDERED_SET_HPP 1
#define HAVE_OPENSSL_RSA_H 1
#define HAVE_OPENSSL_BN_H 1
#define HAVE_OPENSSL_ERR_H 1
#define HAVE_LIBCRYPTO 1
#define HAVE_MYSQL_MYSQL_H 1
#define HAVE_LIBMYSQLCLIENT 1

configure: exit 0
