07:00:36 | Raid [dragons (quendor)] started. 
15:25:35 | Raid [trolls (quendor)] started. 
20:48:37 | Raid [dragons (quendor)] started. 
01:37:50 | Raid [mr punish (POI)] started. 
02:32:51 | Raid [globins (quendor)] started. 
03:54:52 | Raid [necropharus] started. 
04:48:52 | Raid [the old widow] started. 
05:35:53 | Raid [the plasmother (POI)] started. 
06:25:52 | Raid [tiquandas revenge] started. 
10:28:56 | Raid [trolls (quendor)] started. 
12:10:52 | Raid [dragons (quendor)] started. 
14:17:28 | Raid [necropharus] started. 
15:01:28 | Raid [demodras] started. 
17:19:32 | Raid [the old widow] started. 
18:32:48 | Raid [the imperor (POI)] started. 
19:01:51 | Raid [tiquandas revenge] started. 
19:08:51 | Raid [necropharus] started. 
20:02:51 | Raid [the old widow] started. 
20:55:51 | Raid [massacre (POI)] started. 
23:21:52 | Raid [ghazbaran] started. 
