02:45:47 | Raid [rotworms (quendor)] started. 
04:05:47 | Raid [the old widow] started. 
04:09:47 | Raid [tiquandas revenge] started. 
12:10:47 | Raid [demodras] started. 
16:23:47 | Raid [globins (quendor)] started. 
20:56:48 | Raid [the old widow] started. 
23:24:48 | Raid [demodras] started. 
00:35:43 | Raid [the old widow] started. 
04:41:46 | Raid [trolls (quendor)] started. 
10:03:22 | Raid [dragons (quendor)] started. 
21:25:43 | Raid [amazons (quendor)] started. 
03:37:53 | Raid [the horned fox] started. 
04:48:30 | Raid [globins (quendor)] started. 
05:05:53 | Raid [the plasmother (POI)] started. 
05:23:53 | Raid [massacre (POI)] started. 
06:23:30 | Raid [the horned fox] started. 
07:08:53 | Raid [demodras] started. 
10:36:31 | Raid [trolls (quendor)] started. 
11:43:54 | Raid [skeletons (quendor)] started. 
12:52:31 | Raid [dracola (POI)] started. 
14:14:55 | Raid [necropharus] started. 
16:17:27 | Raid [necropharus] started. 
17:09:55 | Raid [the randmaiden (POI)] started. 
17:20:55 | Raid [the plasmother (POI)] started. 
22:29:28 | Raid [the randmaiden (POI)] started. 
22:55:00 | Raid [dark general] started. 
22:55:00 | Raid [dark general] started. 
