04:29:44 | Raid [minotaurs (quendor)] started. 
07:27:44 | Raid [demodras] started. 
14:20:31 | Raid [globins (quendor)] started. 
00:03:30 | Raid [trolls (quendor)] started. 
00:28:30 | Raid [the imperor (POI)] started. 
03:27:31 | Raid [the horned fox] started. 
05:21:32 | Raid [demodras] started. 
06:13:53 | Raid [elfs (thorn)] started. 
10:30:54 | Raid [cyclops (thorn)] started. 
10:37:54 | Raid [the plasmother (POI)] started. 
10:55:54 | Raid [tiquandas revenge] started. 
11:33:55 | Raid [necropharus] started. 
14:26:53 | Raid [dracola (POI)] started. 
15:54:44 | Raid [dark general] started. 
17:29:53 | Raid [mr punish (POI)] started. 
19:18:53 | Raid [necropharus] started. 
19:20:53 | Raid [necropharus] started. 
19:33:53 | Raid [demodras] started. 
19:46:53 | Raid [mr punish (POI)] started. 
20:36:53 | Raid [tiquandas revenge] started. 
23:33:53 | Raid [the plasmother (POI)] started. 
