04:40:43 | Raid [undeads (quendor)] started. 
09:04:43 | Raid [minotaurs (quendor)] started. 
14:25:44 | Raid [undeads (quendor)] started. 
14:27:44 | Raid [the old widow] started. 
14:58:44 | Raid [demodras] started. 
19:42:45 | Raid [skeletons (quendor)] started. 
21:23:56 | Raid [orshabaal] started. 
01:23:08 | Raid [behemoth king] started. 
04:51:20 | Raid [dragons (quendor)] started. 
09:28:20 | Raid [the old widow] started. 
09:33:20 | Raid [the old widow] started. 
10:26:20 | Raid [the plasmother (POI)] started. 
10:32:20 | Raid [demodras] started. 
15:35:20 | Raid [demodras] started. 
18:46:09 | Raid [behemoth king] started. 
00:25:57 | Raid [the horned fox] started. 
05:22:57 | Raid [globins (quendor)] started. 
05:57:57 | Raid [tiquandas revenge] started. 
09:51:58 | Raid [the old widow] started. 
10:36:59 | Raid [demodras] started. 
15:51:55 | Raid [mr punish (POI)] started. 
16:22:55 | Raid [massacre (POI)] started. 
16:57:56 | Raid [the old widow] started. 
17:55:01 | Raid [dark general] started. 
