03:42:53 | Raid [the horned fox] started. 
08:32:54 | Raid [undeads (quendor)] started. 
09:47:54 | Raid [tiquandas revenge] started. 
14:56:48 | Raid [globins (quendor)] started. 
19:07:48 | Raid [rotworms (quendor)] started. 
23:35:49 | Raid [skeletons (quendor)] started. 
02:13:55 | Raid [orshabaal] started. 
04:47:39 | Raid [rotworms (quendor)] started. 
07:15:55 | Raid [globins (quendor)] started. 
08:10:40 | Raid [the old widow] started. 
08:26:39 | Raid [dracola (POI)] started. 
11:40:41 | Raid [the imperor (POI)] started. 
12:41:55 | Raid [elfs (thorn)] started. 
13:45:29 | Raid [the imperor (POI)] started. 
14:45:00 | Raid [ent] started. 
14:45:00 | Raid [ent] started. 
15:19:49 | Raid [necropharus] started. 
17:45:00 | Raid [ent] started. 
17:45:00 | Raid [ent] started. 
19:26:50 | Raid [the horned fox] started. 
22:45:00 | Raid [ent] started. 
22:45:00 | Raid [ent] started. 
