02:53:52 | Raid [amazons (quendor)] started. 
08:07:53 | Raid [elfs (thorn)] started. 
15:06:48 | Raid [demodras] started. 
17:15:48 | Raid [the horned fox] started. 
21:42:50 | Raid [minotaurs (quendor)] started. 
23:43:51 | Raid [the imperor (POI)] started. 
03:40:03 | Raid [cyclops (thorn)] started. 
08:16:21 | Raid [tiquandas revenge] started. 
10:19:21 | Raid [rotworms (quendor)] started. 
13:37:21 | Raid [the plasmother (POI)] started. 
13:52:28 | Raid [cyclops (thorn)] started. 
15:52:21 | Raid [mr punish (POI)] started. 
16:18:21 | Raid [the old widow] started. 
16:48:29 | Raid [mr punish (POI)] started. 
17:04:29 | Raid [tiquandas revenge] started. 
20:22:21 | Raid [dragons (quendor)] started. 
21:24:35 | Raid [elfs (thorn)] started. 
22:02:35 | Raid [the old widow] started. 
05:24:45 | Raid [the imperor (POI)] started. 
06:20:27 | Raid [the plasmother (POI)] started. 
12:14:47 | Raid [minotaurs (quendor)] started. 
14:49:57 | Raid [the plasmother (POI)] started. 
18:36:40 | Raid [rotworms (quendor)] started. 
20:50:59 | Raid [the old widow] started. 
22:55:00 | Raid [dark general] started. 
22:55:00 | Raid [dark general] started. 
