09:44:52 | Raid [cyclops (thorn)] started. 
14:12:46 | Raid [trolls (quendor)] started. 
18:26:47 | Raid [the old widow] started. 
18:37:47 | Raid [the horned fox] started. 
22:46:49 | Raid [minotaurs (quendor)] started. 
01:24:21 | Raid [rotworms (quendor)] started. 
01:54:40 | Raid [necropharus] started. 
10:01:48 | Raid [cyclops (thorn)] started. 
12:09:48 | Raid [the plasmother (POI)] started. 
15:34:52 | Raid [the old widow] started. 
16:00:52 | Raid [tiquandas revenge] started. 
20:00:56 | Raid [dragons (quendor)] started. 
21:11:21 | Raid [trolls (quendor)] started. 
21:55:57 | Raid [the imperor (POI)] started. 
06:21:43 | Raid [the imperor (POI)] started. 
07:36:06 | Raid [the imperor (POI)] started. 
08:53:45 | Raid [necropharus] started. 
09:08:45 | Raid [tiquandas revenge] started. 
11:12:47 | Raid [massacre (POI)] started. 
11:44:08 | Raid [cyclops (thorn)] started. 
17:26:40 | Raid [minotaurs (quendor)] started. 
17:52:02 | Raid [amazons (quendor)] started. 
18:38:02 | Raid [massacre (POI)] started. 
22:03:43 | Raid [dragons (quendor)] started. 
23:55:05 | Raid [minotaurs (quendor)] started. 
