03:25:38 | Raid [rotworms (quendor)] started. 
08:13:38 | Raid [minotaurs (quendor)] started. 
14:29:35 | Raid [cyclops (thorn)] started. 
20:02:36 | Raid [demodras] started. 
23:14:36 | Raid [demodras] started. 
00:23:52 | Raid [undeads (quendor)] started. 
02:52:52 | Raid [the old widow] started. 
03:58:54 | Raid [tiquandas revenge] started. 
05:00:55 | Raid [demodras] started. 
09:59:52 | Raid [trolls (quendor)] started. 
10:33:57 | Raid [trolls (quendor)] started. 
12:12:52 | Raid [the randmaiden (POI)] started. 
14:33:32 | Raid [the old widow] started. 
14:45:00 | Raid [ent] started. 
14:45:00 | Raid [ent] started. 
15:53:48 | Raid [the horned fox] started. 
17:45:00 | Raid [ent] started. 
17:45:00 | Raid [ent] started. 
19:39:14 | Raid [the horned fox] started. 
19:57:14 | Raid [the horned fox] started. 
22:45:00 | Raid [ent] started. 
22:45:00 | Raid [ent] started. 
