01:41:48 | Raid [demodras] started. 
06:46:49 | Raid [the imperor (POI)] started. 
15:11:47 | Raid [elfs (thorn)] started. 
20:32:48 | Raid [the plasmother (POI)] started. 
23:27:48 | Raid [dracola (POI)] started. 
03:38:45 | Raid [cyclops (thorn)] started. 
10:59:25 | Raid [minotaurs (quendor)] started. 
15:48:33 | Raid [amazons (quendor)] started. 
18:19:08 | Raid [the horned fox] started. 
22:31:11 | Raid [orshabaal] started. 
06:19:56 | Raid [necropharus] started. 
06:37:29 | Raid [necropharus] started. 
06:37:56 | Raid [the old widow] started. 
07:17:56 | Raid [tiquandas revenge] started. 
08:44:56 | Raid [the plasmother (POI)] started. 
09:03:56 | Raid [mr punish (POI)] started. 
12:04:56 | Raid [dracola (POI)] started. 
16:07:25 | Raid [the horned fox] started. 
18:23:51 | Raid [rotworms (quendor)] started. 
18:48:25 | Raid [tiquandas revenge] started. 
20:32:26 | Raid [the imperor (POI)] started. 
21:33:26 | Raid [the horned fox] started. 
23:26:52 | Raid [skeletons (quendor)] started. 
