00:17:49 | Raid [dracola (POI)] started. 
02:24:50 | Raid [massacre (POI)] started. 
08:50:50 | Raid [rotworms (quendor)] started. 
12:32:48 | Raid [the old widow] started. 
16:44:49 | Raid [skeletons (quendor)] started. 
20:53:49 | Raid [globins (quendor)] started. 
23:05:50 | Raid [the old widow] started. 
02:45:03 | Raid [minotaurs (quendor)] started. 
07:34:21 | Raid [the plasmother (POI)] started. 
10:35:22 | Raid [the old widow] started. 
11:44:22 | Raid [massacre (POI)] started. 
17:49:33 | Raid [rotworms (quendor)] started. 
19:50:51 | Raid [minotaurs (quendor)] started. 
02:55:06 | Raid [massacre (POI)] started. 
03:41:45 | Raid [cyclops (thorn)] started. 
03:47:45 | Raid [mr punish (POI)] started. 
03:50:45 | Raid [tiquandas revenge] started. 
04:37:45 | Raid [the horned fox] started. 
09:50:47 | Raid [necropharus] started. 
11:35:09 | Raid [globins (quendor)] started. 
19:06:28 | Raid [rotworms (quendor)] started. 
23:29:53 | Raid [demodras] started. 
23:42:29 | Raid [globins (quendor)] started. 
