03:34:51 | Raid [dragons (quendor)] started. 
06:43:51 | Raid [necropharus] started. 
13:32:48 | Raid [the old widow] started. 
15:28:48 | Raid [demodras] started. 
21:09:49 | Raid [rotworms (quendor)] started. 
21:56:49 | Raid [the old widow] started. 
23:43:50 | Raid [dracola (POI)] started. 
00:32:40 | Raid [dragons (quendor)] started. 
00:52:54 | Raid [orshabaal] started. 
04:23:41 | Raid [the old widow] started. 
04:46:41 | Raid [tiquandas revenge] started. 
12:24:10 | Raid [necropharus] started. 
12:40:10 | Raid [the horned fox] started. 
14:16:10 | Raid [the horned fox] started. 
00:24:53 | Raid [the old widow] started. 
01:57:53 | Raid [tiquandas revenge] started. 
02:53:30 | Raid [demodras] started. 
06:46:53 | Raid [necropharus] started. 
07:10:31 | Raid [minotaurs (quendor)] started. 
09:06:53 | Raid [mr punish (POI)] started. 
10:26:53 | Raid [mr punish (POI)] started. 
13:12:25 | Raid [mr punish (POI)] started. 
14:55:00 | Raid [dark general] started. 
14:55:00 | Raid [dark general] started. 
22:39:29 | Raid [dracola (POI)] started. 
