00:27:50 | Raid [the old widow] started. 
05:55:50 | Raid [cyclops (thorn)] started. 
15:54:49 | Raid [rotworms (quendor)] started. 
18:49:50 | Raid [the imperor (POI)] started. 
11:38:39 | Raid [the plasmother (POI)] started. 
12:14:39 | Raid [the old widow] started. 
12:26:55 | Raid [dragons (quendor)] started. 
13:02:39 | Raid [the imperor (POI)] started. 
15:16:42 | Raid [necropharus] started. 
15:26:42 | Raid [the old widow] started. 
17:42:42 | Raid [dracola (POI)] started. 
23:34:45 | Raid [globins (quendor)] started. 
01:08:53 | Raid [undeads (quendor)] started. 
03:09:29 | Raid [morgaroth] started. 
06:45:53 | Raid [rotworms (quendor)] started. 
09:59:32 | Raid [rotworms (quendor)] started. 
11:33:32 | Raid [tiquandas revenge] started. 
11:55:53 | Raid [the old widow] started. 
14:49:40 | Raid [mr punish (POI)] started. 
16:54:52 | Raid [the old widow] started. 
17:31:29 | Raid [rotworms (quendor)] started. 
18:08:48 | Raid [the horned fox] started. 
18:39:49 | Raid [the randmaiden (POI)] started. 
20:30:30 | Raid [the old widow] started. 
22:16:52 | Raid [minotaurs (quendor)] started. 
23:12:30 | Raid [necropharus] started. 
23:18:59 | Raid [rotworms (quendor)] started. 
