05:38:52 | Raid [dracola (POI)] started. 
08:45:52 | Raid [the plasmother (POI)] started. 
13:32:48 | Raid [the plasmother (POI)] started. 
18:37:49 | Raid [minotaurs (quendor)] started. 
18:44:49 | Raid [the randmaiden (POI)] started. 
19:37:50 | Raid [demodras] started. 
21:37:50 | Raid [demodras] started. 
22:55:50 | Raid [demodras] started. 
01:20:46 | Raid [demodras] started. 
09:21:21 | Raid [globins (quendor)] started. 
13:33:53 | Raid [amazons (quendor)] started. 
16:03:26 | Raid [tiquandas revenge] started. 
16:12:54 | Raid [demodras] started. 
16:17:26 | Raid [demodras] started. 
18:44:32 | Raid [orshabaal] started. 
19:15:30 | Raid [demodras] started. 
21:19:30 | Raid [necropharus] started. 
21:27:30 | Raid [the horned fox] started. 
00:17:30 | Raid [the randmaiden (POI)] started. 
02:45:03 | Raid [tiquandas revenge] started. 
03:59:31 | Raid [the randmaiden (POI)] started. 
06:35:53 | Raid [amazons (quendor)] started. 
07:13:53 | Raid [the horned fox] started. 
07:21:53 | Raid [the old widow] started. 
07:59:31 | Raid [the old widow] started. 
08:22:09 | Raid [globins (quendor)] started. 
10:14:53 | Raid [mr punish (POI)] started. 
10:58:31 | Raid [the old widow] started. 
11:36:12 | Raid [necropharus] started. 
12:00:32 | Raid [tiquandas revenge] started. 
14:45:00 | Raid [ent] started. 
14:45:01 | Raid [ent] started. 
15:05:28 | Raid [demodras] started. 
17:45:00 | Raid [ent] started. 
17:45:00 | Raid [ent] started. 
18:19:53 | Raid [demodras] started. 
22:31:54 | Raid [rotworms (quendor)] started. 
22:45:00 | Raid [ent] started. 
22:45:00 | Raid [ent] started. 
