02:38:50 | Raid [tiquandas revenge] started. 
05:05:51 | Raid [the randmaiden (POI)] started. 
05:23:51 | Raid [demodras] started. 
06:22:51 | Raid [mr punish (POI)] started. 
16:01:48 | Raid [amazons (quendor)] started. 
20:02:48 | Raid [cyclops (thorn)] started. 
21:54:48 | Raid [the old widow] started. 
03:13:32 | Raid [the horned fox] started. 
07:47:20 | Raid [the imperor (POI)] started. 
12:17:22 | Raid [rotworms (quendor)] started. 
12:33:06 | Raid [necropharus] started. 
13:24:24 | Raid [necropharus] started. 
17:46:29 | Raid [tiquandas revenge] started. 
22:51:46 | Raid [minotaurs (quendor)] started. 
00:25:54 | Raid [demodras] started. 
03:41:54 | Raid [the horned fox] started. 
04:03:30 | Raid [globins (quendor)] started. 
08:26:31 | Raid [demodras] started. 
11:24:32 | Raid [the randmaiden (POI)] started. 
12:44:54 | Raid [trolls (quendor)] started. 
13:26:29 | Raid [massacre (POI)] started. 
16:26:53 | Raid [the plasmother (POI)] started. 
17:18:53 | Raid [the plasmother (POI)] started. 
17:38:29 | Raid [undeads (quendor)] started. 
17:55:00 | Raid [dark general] started. 
17:55:00 | Raid [dark general] started. 
