01:04:39 | Raid [skeletons (quendor)] started. 
05:25:40 | Raid [dracola (POI)] started. 
13:29:37 | Raid [massacre (POI)] started. 
17:18:41 | Raid [orshabaal] started. 
23:32:39 | Raid [elfs (thorn)] started. 
23:50:39 | Raid [the imperor (POI)] started. 
02:24:51 | Raid [rotworms (quendor)] started. 
02:29:54 | Raid [globins (quendor)] started. 
03:00:54 | Raid [demodras] started. 
04:02:54 | Raid [the plasmother (POI)] started. 
06:33:52 | Raid [cyclops (thorn)] started. 
08:41:57 | Raid [amazons (quendor)] started. 
09:10:52 | Raid [demodras] started. 
11:56:57 | Raid [demodras] started. 
12:06:57 | Raid [demodras] started. 
13:24:29 | Raid [orshabaal] started. 
13:51:52 | Raid [the plasmother (POI)] started. 
14:46:52 | Raid [the old widow] started. 
16:21:53 | Raid [tiquandas revenge] started. 
18:51:32 | Raid [mr punish (POI)] started. 
23:31:55 | Raid [rotworms (quendor)] started. 
