04:13:49 | Raid [dragons (quendor)] started. 
07:09:49 | Raid [the old widow] started. 
09:35:49 | Raid [demodras] started. 
14:12:48 | Raid [trolls (quendor)] started. 
21:07:50 | Raid [orshabaal] started. 
00:06:47 | Raid [the plasmother (POI)] started. 
09:26:21 | Raid [the imperor (POI)] started. 
18:15:31 | Raid [globins (quendor)] started. 
00:05:55 | Raid [morgaroth] started. 
00:45:31 | Raid [the horned fox] started. 
02:38:55 | Raid [orshabaal] started. 
05:51:31 | Raid [minotaurs (quendor)] started. 
06:52:56 | Raid [minotaurs (quendor)] started. 
07:37:31 | Raid [the old widow] started. 
09:41:31 | Raid [the randmaiden (POI)] started. 
09:47:31 | Raid [the old widow] started. 
10:08:31 | Raid [the old widow] started. 
10:21:56 | Raid [demodras] started. 
11:25:32 | Raid [demodras] started. 
12:31:56 | Raid [demodras] started. 
13:25:30 | Raid [tiquandas revenge] started. 
17:21:52 | Raid [minotaurs (quendor)] started. 
18:20:39 | Raid [trolls (quendor)] started. 
21:12:39 | Raid [demodras] started. 
22:55:00 | Raid [dark general] started. 
22:55:01 | Raid [dark general] started. 
