03:01:39 | Raid [the old widow] started. 
07:14:40 | Raid [elfs (thorn)] started. 
11:48:33 | Raid [demodras] started. 
18:08:34 | Raid [the old widow] started. 
23:01:35 | Raid [amazons (quendor)] started. 
02:19:58 | Raid [trolls (quendor)] started. 
06:33:00 | Raid [elfs (thorn)] started. 
06:37:56 | Raid [cyclops (thorn)] started. 
08:33:01 | Raid [the horned fox] started. 
10:13:04 | Raid [tiquandas revenge] started. 
11:34:57 | Raid [globins (quendor)] started. 
14:45:00 | Raid [ent] started. 
14:45:00 | Raid [ent] started. 
14:50:05 | Raid [ent] started. 
15:38:02 | Raid [ent] started. 
17:45:00 | Raid [ent] started. 
17:48:51 | Raid [dracola (POI)] started. 
17:52:51 | Raid [demodras] started. 
19:11:46 | Raid [ent] started. 
20:51:54 | Raid [the old widow] started. 
21:40:53 | Raid [demodras] started. 
22:45:00 | Raid [ent] started. 
22:45:00 | Raid [ent] started. 
