03:02:49 | Raid [rotworms (quendor)] started. 
03:21:49 | Raid [the plasmother (POI)] started. 
05:50:49 | Raid [the horned fox] started. 
13:08:47 | Raid [mr punish (POI)] started. 
17:15:47 | Raid [demodras] started. 
17:38:47 | Raid [demodras] started. 
23:46:49 | Raid [the horned fox] started. 
00:37:35 | Raid [the randmaiden (POI)] started. 
06:32:19 | Raid [the horned fox] started. 
12:58:28 | Raid [rotworms (quendor)] started. 
15:04:29 | Raid [tiquandas revenge] started. 
15:41:29 | Raid [the old widow] started. 
16:55:30 | Raid [the randmaiden (POI)] started. 
00:00:30 | Raid [necropharus] started. 
02:53:52 | Raid [tiquandas revenge] started. 
04:17:30 | Raid [undeads (quendor)] started. 
04:42:30 | Raid [the horned fox] started. 
06:14:52 | Raid [the imperor (POI)] started. 
07:00:30 | Raid [demodras] started. 
09:23:52 | Raid [the imperor (POI)] started. 
10:17:31 | Raid [orshabaal] started. 
12:12:53 | Raid [necropharus] started. 
17:39:26 | Raid [skeletons (quendor)] started. 
18:22:51 | Raid [trolls (quendor)] started. 
22:09:27 | Raid [globins (quendor)] started. 
