03:22:39 | Raid [trolls (quendor)] started. 
09:20:39 | Raid [cyclops (thorn)] started. 
14:05:35 | Raid [the plasmother (POI)] started. 
15:27:50 | Raid [the randmaiden (POI)] started. 
18:55:50 | Raid [the horned fox] started. 
23:40:51 | Raid [globins (quendor)] started. 
02:58:53 | Raid [trolls (quendor)] started. 
03:12:57 | Raid [globins (quendor)] started. 
04:38:59 | Raid [demodras] started. 
07:48:54 | Raid [demodras] started. 
11:10:10 | Raid [cyclops (thorn)] started. 
11:13:55 | Raid [necropharus] started. 
13:24:53 | Raid [mr punish (POI)] started. 
14:00:30 | Raid [the old widow] started. 
14:20:30 | Raid [the old widow] started. 
15:24:53 | Raid [demodras] started. 
15:51:53 | Raid [demodras] started. 
19:45:32 | Raid [trolls (quendor)] started. 
20:00:53 | Raid [undeads (quendor)] started. 
20:52:53 | Raid [the horned fox] started. 
