00:19:49 | Raid [the old widow] started. 
04:19:49 | Raid [the old widow] started. 
06:36:49 | Raid [the old widow] started. 
07:47:49 | Raid [mr punish (POI)] started. 
12:44:45 | Raid [tiquandas revenge] started. 
13:16:45 | Raid [dracola (POI)] started. 
19:28:47 | Raid [trolls (quendor)] started. 
22:14:48 | Raid [the horned fox] started. 
00:25:36 | Raid [amazons (quendor)] started. 
10:03:20 | Raid [trolls (quendor)] started. 
10:22:20 | Raid [the old widow] started. 
11:06:21 | Raid [demodras] started. 
19:29:35 | Raid [globins (quendor)] started. 
19:45:36 | Raid [necropharus] started. 
20:01:53 | Raid [cyclops (thorn)] started. 
21:51:37 | Raid [massacre (POI)] started. 
00:27:51 | Raid [trolls (quendor)] started. 
04:29:28 | Raid [the horned fox] started. 
05:20:52 | Raid [dragons (quendor)] started. 
08:51:29 | Raid [undeads (quendor)] started. 
14:40:49 | Raid [ferumbras] started. 
14:55:00 | Raid [dark general] started. 
14:55:01 | Raid [dark general] started. 
