04:06:48 | Raid [cyclops (thorn)] started. 
09:02:48 | Raid [undeads (quendor)] started. 
09:15:48 | Raid [the old widow] started. 
16:15:47 | Raid [globins (quendor)] started. 
20:44:48 | Raid [massacre (POI)] started. 
21:10:48 | Raid [the old widow] started. 
03:40:39 | Raid [trolls (quendor)] started. 
09:00:20 | Raid [demodras] started. 
09:08:20 | Raid [the randmaiden (POI)] started. 
11:27:21 | Raid [the old widow] started. 
13:48:21 | Raid [demodras] started. 
17:51:25 | Raid [demodras] started. 
20:16:25 | Raid [mr punish (POI)] started. 
06:47:52 | Raid [the old widow] started. 
07:12:27 | Raid [the imperor (POI)] started. 
08:50:28 | Raid [the old widow] started. 
09:25:28 | Raid [the old widow] started. 
09:51:52 | Raid [necropharus] started. 
18:28:49 | Raid [dragons (quendor)] started. 
19:07:26 | Raid [the imperor (POI)] started. 
21:06:26 | Raid [the imperor (POI)] started. 
22:36:26 | Raid [mr punish (POI)] started. 
22:51:50 | Raid [demodras] started. 
