02:30:51 | Raid [massacre (POI)] started. 
06:48:52 | Raid [undeads (quendor)] started. 
08:02:52 | Raid [the randmaiden (POI)] started. 
08:27:52 | Raid [demodras] started. 
15:24:46 | Raid [minotaurs (quendor)] started. 
20:52:47 | Raid [amazons (quendor)] started. 
03:13:10 | Raid [massacre (POI)] started. 
10:01:13 | Raid [globins (quendor)] started. 
14:38:15 | Raid [elfs (thorn)] started. 
18:36:20 | Raid [the old widow] started. 
23:12:23 | Raid [dragons (quendor)] started. 
02:27:52 | Raid [amazons (quendor)] started. 
03:01:26 | Raid [elfs (thorn)] started. 
06:07:26 | Raid [necropharus] started. 
10:43:53 | Raid [elfs (thorn)] started. 
10:56:27 | Raid [rotworms (quendor)] started. 
14:45:00 | Raid [ent] started. 
14:45:00 | Raid [ent] started. 
15:46:52 | Raid [the old widow] started. 
17:45:00 | Raid [ent] started. 
17:45:00 | Raid [ent] started. 
18:26:52 | Raid [the old widow] started. 
22:45:00 | Raid [ent] started. 
22:45:00 | Raid [ent] started. 
23:22:28 | Raid [mr punish (POI)] started. 
