04:32:35 | Raid [trolls (quendor)] started. 
08:47:37 | Raid [globins (quendor)] started. 
14:27:34 | Raid [skeletons (quendor)] started. 
17:58:35 | Raid [the horned fox] started. 
20:20:35 | Raid [mr punish (POI)] started. 
22:07:36 | Raid [demodras] started. 
00:41:40 | Raid [necropharus] started. 
02:15:41 | Raid [necropharus] started. 
02:53:54 | Raid [dragons (quendor)] started. 
07:31:55 | Raid [undeads (quendor)] started. 
09:48:44 | Raid [trolls (quendor)] started. 
12:44:55 | Raid [skeletons (quendor)] started. 
13:45:53 | Raid [mr punish (POI)] started. 
14:08:27 | Raid [demodras] started. 
14:58:53 | Raid [mr punish (POI)] started. 
15:16:27 | Raid [the old widow] started. 
16:31:27 | Raid [the imperor (POI)] started. 
20:31:54 | Raid [cyclops (thorn)] started. 
22:55:00 | Raid [dark general] started. 
22:55:01 | Raid [dark general] started. 
