03:28:49 | Raid [dragons (quendor)] started. 
07:10:49 | Raid [demodras] started. 
15:58:47 | Raid [undeads (quendor)] started. 
16:40:47 | Raid [demodras] started. 
22:37:48 | Raid [globins (quendor)] started. 
00:48:33 | Raid [tiquandas revenge] started. 
03:07:34 | Raid [the plasmother (POI)] started. 
10:13:21 | Raid [the plasmother (POI)] started. 
19:05:35 | Raid [globins (quendor)] started. 
23:17:36 | Raid [amazons (quendor)] started. 
01:13:53 | Raid [the old widow] started. 
02:55:29 | Raid [minotaurs (quendor)] started. 
05:22:57 | Raid [rotworms (quendor)] started. 
06:14:57 | Raid [necropharus] started. 
07:30:57 | Raid [dracola (POI)] started. 
07:56:31 | Raid [skeletons (quendor)] started. 
12:15:58 | Raid [elfs (thorn)] started. 
13:57:32 | Raid [demodras] started. 
17:23:56 | Raid [rotworms (quendor)] started. 
19:07:56 | Raid [tiquandas revenge] started. 
19:21:39 | Raid [the horned fox] started. 
23:15:57 | Raid [cyclops (thorn)] started. 
