00:48:48 | Raid [the imperor (POI)] started. 
01:55:48 | Raid [massacre (POI)] started. 
06:28:48 | Raid [trolls (quendor)] started. 
14:39:45 | Raid [dragons (quendor)] started. 
19:28:46 | Raid [trolls (quendor)] started. 
04:16:37 | Raid [rotworms (quendor)] started. 
09:51:22 | Raid [undeads (quendor)] started. 
12:41:22 | Raid [the plasmother (POI)] started. 
16:49:26 | Raid [globins (quendor)] started. 
21:12:27 | Raid [demodras] started. 
22:30:27 | Raid [the horned fox] started. 
23:38:27 | Raid [demodras] started. 
01:32:41 | Raid [dragons (quendor)] started. 
02:11:57 | Raid [demodras] started. 
03:55:41 | Raid [necropharus] started. 
08:28:53 | Raid [skeletons (quendor)] started. 
08:49:05 | Raid [tiquandas revenge] started. 
10:49:12 | Raid [the old widow] started. 
14:45:00 | Raid [ent] started. 
14:45:00 | Raid [ent] started. 
15:02:01 | Raid [demodras] started. 
15:24:38 | Raid [the horned fox] started. 
16:29:39 | Raid [the imperor (POI)] started. 
17:45:00 | Raid [ent] started. 
17:45:01 | Raid [ent] started. 
19:36:01 | Raid [the randmaiden (POI)] started. 
22:45:00 | Raid [ent] started. 
22:45:00 | Raid [ent] started. 
