01:51:51 | Raid [rotworms (quendor)] started. 
03:27:51 | Raid [the randmaiden (POI)] started. 
08:46:51 | Raid [undeads (quendor)] started. 
09:44:51 | Raid [the imperor (POI)] started. 
15:14:47 | Raid [skeletons (quendor)] started. 
22:21:50 | Raid [elfs (thorn)] started. 
22:52:50 | Raid [demodras] started. 
00:03:56 | Raid [necropharus] started. 
00:28:56 | Raid [massacre (POI)] started. 
00:57:51 | Raid [the old widow] started. 
01:07:51 | Raid [necropharus] started. 
01:36:51 | Raid [the horned fox] started. 
04:30:56 | Raid [undeads (quendor)] started. 
05:26:57 | Raid [tiquandas revenge] started. 
08:37:56 | Raid [rotworms (quendor)] started. 
10:08:57 | Raid [massacre (POI)] started. 
10:32:57 | Raid [demodras] started. 
11:56:58 | Raid [the plasmother (POI)] started. 
13:30:31 | Raid [necropharus] started. 
14:55:00 | Raid [dark general] started. 
14:55:00 | Raid [dark general] started. 
23:31:46 | Raid [demodras] started. 
23:32:46 | Raid [the randmaiden (POI)] started. 
