00:35:50 | Raid [the plasmother (POI)] started. 
02:24:50 | Raid [massacre (POI)] started. 
08:18:51 | Raid [undeads (quendor)] started. 
14:13:47 | Raid [the plasmother (POI)] started. 
14:33:47 | Raid [mr punish (POI)] started. 
19:21:48 | Raid [rotworms (quendor)] started. 
20:15:48 | Raid [the old widow] started. 
21:11:48 | Raid [the imperor (POI)] started. 
22:42:48 | Raid [mr punish (POI)] started. 
23:58:49 | Raid [the old widow] started. 
01:02:52 | Raid [cyclops (thorn)] started. 
01:28:52 | Raid [the randmaiden (POI)] started. 
02:18:47 | Raid [the old widow] started. 
03:36:47 | Raid [the imperor (POI)] started. 
05:23:53 | Raid [the plasmother (POI)] started. 
06:04:53 | Raid [the imperor (POI)] started. 
11:52:50 | Raid [demodras] started. 
18:04:29 | Raid [the horned fox] started. 
18:22:29 | Raid [the old widow] started. 
19:57:50 | Raid [elfs (thorn)] started. 
23:57:31 | Raid [minotaurs (quendor)] started. 
