04:04:49 | Raid [amazons (quendor)] started. 
15:47:48 | Raid [undeads (quendor)] started. 
16:45:48 | Raid [the old widow] started. 
17:46:48 | Raid [the old widow] started. 
23:09:49 | Raid [mr punish (POI)] started. 
23:54:49 | Raid [the old widow] started. 
00:58:32 | Raid [the horned fox] started. 
01:09:32 | Raid [tiquandas revenge] started. 
01:26:51 | Raid [tiquandas revenge] started. 
01:56:33 | Raid [the old widow] started. 
03:57:51 | Raid [dracola (POI)] started. 
04:32:51 | Raid [dracola (POI)] started. 
07:21:45 | Raid [skeletons (quendor)] started. 
07:53:45 | Raid [the plasmother (POI)] started. 
09:47:51 | Raid [globins (quendor)] started. 
10:16:46 | Raid [mr punish (POI)] started. 
14:45:00 | Raid [ent] started. 
14:45:00 | Raid [ent] started. 
16:48:24 | Raid [the old widow] started. 
17:24:52 | Raid [necropharus] started. 
17:45:00 | Raid [ent] started. 
17:45:00 | Raid [ent] started. 
18:35:52 | Raid [the horned fox] started. 
22:45:00 | Raid [ent] started. 
22:45:00 | Raid [ent] started. 
23:10:28 | Raid [dracola (POI)] started. 
