[30/6/2012 11:20:42] /ghost
[30/6/2012 11:45:41] /reload talkactions
[30/6/2012 11:46:33] /reload talkactions
[30/6/2012 11:47:46] /reload talkactions
[30/6/2012 11:55:34] /reload talkactions
[30/6/2012 12:26:42] /reload globalevents
[30/6/2012 13:4:47] /reload config
[30/6/2012 13:5:4] /i 2268, 100
[30/6/2012 13:5:45] /bc ; Runas e outros tipos de munições ja estão consumindo carga normalmente...
[30/6/2012 13:25:38] /reload creaturescripts
[30/6/2012 13:26:8] /reload creaturescripts
[30/6/2012 13:26:48] /reload creaturescripts
[30/6/2012 13:27:25] /reload creaturescripts
[30/6/2012 13:27:56] /reload creaturescripts
[30/6/2012 13:29:22] /reload creaturescripts
[30/6/2012 13:29:50] /reload creaturescripts
[30/6/2012 13:31:37] /reload creaturescripts
[30/6/2012 13:33:7] /reload creaturescripts
[30/6/2012 13:34:0] /reload creaturescripts
[30/6/2012 13:34:53] /reload creaturescripts
[30/6/2012 13:35:18] /reload creaturescripts
[30/6/2012 13:35:47] /reload creaturescripts
[30/6/2012 13:37:1] /reload creaturescripts
[30/6/2012 13:37:59] /reload creaturescripts
[30/6/2012 13:39:27] /bc ; Um problema que impedia personagens que tinha atingido level 40 e deslogado voltarem a logar foi corrigido.
[30/6/2012 13:42:20] /info Cannabis Sativa
[30/6/2012 13:43:1] /info Jumento Cearence
[30/6/2012 14:16:56] /ghost
[30/6/2012 14:16:59] /goto Brisa
[30/6/2012 14:17:8] /i 2160, 100
[30/6/2012 14:24:49] /ghost
[30/6/2012 14:25:12] /town thorn
[30/6/2012 14:29:11] /goto Rocaen
[30/6/2012 14:29:46] /reload npcs
[30/6/2012 14:30:6] /bc ; NPCs de Thorn que não respondiam já está corrigido :)
[30/6/2012 14:37:34] /t
[30/6/2012 14:38:22] /info Brisa
[30/6/2012 15:0:4] /goto Rashid
[30/6/2012 15:1:33] /n Rashid
[30/6/2012 15:1:39] /n global.rashid
[30/6/2012 15:1:48] /bc ; Rashid sumonado em Quendor.
[30/6/2012 15:30:54] /goto Thunder Head
[30/6/2012 15:30:57] /goto Thunderhead
[30/6/2012 16:7:20] /goto Eskimo
[30/6/2012 16:52:27] /t
[30/6/2012 16:52:47] /addskill soono supreme, level, 2
[30/6/2012 16:53:4] /addskill elite thunder, level, 3
[30/6/2012 16:53:21] /addskill evandro poderoso, level, 1
[30/6/2012 16:53:36] /addskill forever alone, level, 2
[30/6/2012 16:53:50] /addskill trystan, level, 2
[30/6/2012 16:54:14] /addskill timaoeo, level, 4
[30/6/2012 16:55:44] /addskill paladin of destruction, level, 2
[30/6/2012 16:55:59] /addskill aletres, level, 1
[30/6/2012 18:1:1] /reload config
[30/6/2012 18:1:13] /reload creaturescripts
[30/6/2012 18:1:58] /bc ; Pessoal, a premium test foi ajustada para o level 80 (por um engano ainda tava 150 como no Darghos)... O level para comprar houses também foi diminuido de 150 para 80.
[30/6/2012 18:56:14] /goto Rashid
[30/6/2012 20:13:55] /reload actions
[30/6/2012 20:13:58] /reload talkactions
[30/6/2012 20:15:42] /bc ; Duas mudanças: Agora é possivel criar Guilds sendo Free Account, Vice-lideres de guilds também podem ser Free Accounts. A teleport rune não estará disponivel no UltraX por ser um item "não-Tibia" e por isso todas foram desativadas.
[30/6/2012 20:24:37] /goto Upa Rush
[30/6/2012 20:24:39] /ghost
[30/6/2012 20:26:20] /reload config
[30/6/2012 20:32:38] /reload config
[30/6/2012 20:36:52] /i 2268, 1
[30/6/2012 20:40:8] /i 2160, 100
[30/6/2012 20:49:11] /ghost
[30/6/2012 20:49:16] /t
[30/6/2012 20:55:6] /goto Cannabis ~
[30/6/2012 20:55:36] /t
[30/6/2012 20:55:47] /goto Phoeniks
[30/6/2012 21:16:13] /goto Upa Rush
[30/6/2012 21:38:15] /goto Hazend
[30/6/2012 21:58:40] /reload config
[30/6/2012 22:2:38] /t
[30/6/2012 22:35:15] /s Ghazran
[30/6/2012 22:37:43] /goto Bara
[1/7/2012 2:37:58] /reload npcs
[1/7/2012 10:18:16] /closeserver
[1/7/2012 10:19:55] /save
[1/7/2012 10:19:59] /shutdown
[1/7/2012 10:24:59] /goto Rashid
[1/7/2012 10:25:18] /t
[1/7/2012 10:27:37] /town aaragon
[1/7/2012 10:30:31] /t
[1/7/2012 10:42:48] /t
[1/7/2012 10:42:52] /town thorn
[1/7/2012 10:42:59] /c aletres
[1/7/2012 10:49:32] /t
[1/7/2012 10:54:20] /i 1045, 1
[1/7/2012 10:54:22] /i 1045, 1
[1/7/2012 11:1:48] /town thorn
[1/7/2012 11:2:0] /c Forever Alone
[1/7/2012 11:3:12] /t
[1/7/2012 11:3:45] /goto Forever Alone
[1/7/2012 11:9:42] /town aracura
[1/7/2012 11:10:7] /c Juvenalcio
[1/7/2012 11:11:38] /town aaragon
[1/7/2012 11:12:26] /c Maquiavel
[1/7/2012 11:13:9] /addskill Maquiavel, level, 4
[1/7/2012 11:13:19] /addskill Maquiavel, level, 3
[1/7/2012 11:14:20] /town kashmir
[1/7/2012 11:14:41] /c Mascote
[1/7/2012 11:14:56] /addskill Mascote, 6
[1/7/2012 11:15:0] /addskill Mascote, level, 6
[1/7/2012 11:16:42] /addskill Mina Zikada, level 5
[1/7/2012 11:16:50] /addskill Mina Zikada, level, 5
[1/7/2012 11:16:56] /addskill Mina Zikada, level, 2
[1/7/2012 11:17:7] /addskill Mina Zikada, exp, 325
[1/7/2012 11:23:53] /t
[1/7/2012 11:25:32] /bc advance Quer informações sobre quests, npcs, lugares e tudo mais que precisar sobre o UltraX? Confira nosso Wiki Oficial! -> http://pt-br.darghos.wikia.com/wiki/Wiki_Darghos
[1/7/2012 11:32:15] /addskill Ghost Assassin, 4
[1/7/2012 11:32:21] /addskill Ghost Assassin, level, 4
[1/7/2012 11:32:38] /addskill Aloprado, level, 5
[1/7/2012 12:15:39] /town salazart
[1/7/2012 12:15:53] /c Paladin of Destruction
[1/7/2012 12:17:13] /t
[1/7/2012 12:18:32] /town aracura
[1/7/2012 12:18:45] /c Royal Peacer
[1/7/2012 12:21:28] /town salazart
[1/7/2012 12:21:34] /c Soono Supreme
[1/7/2012 12:23:22] /town kashmir
[1/7/2012 12:23:35] /c Timaoeo
[1/7/2012 12:24:28] /town northrend
[1/7/2012 12:24:47] /c Trystan
[1/7/2012 12:26:14] /c Vemque Tem
[1/7/2012 12:27:3] /town northrend
[1/7/2012 12:27:11] /town aaragon
[1/7/2012 12:27:19] /c Vendeta
[1/7/2012 12:28:24] /town aracura
[1/7/2012 12:29:10] /c Zoin Vesgo
[1/7/2012 12:31:47] /t
[1/7/2012 12:34:19] /goto Phoeniks
[1/7/2012 12:34:27] /t
[1/7/2012 12:43:45] /reload monsters
[1/7/2012 12:45:43] /reload config
[1/7/2012 13:28:44] /t
[1/7/2012 13:48:24] /goto GM Skating
[1/7/2012 13:49:38] /shutdown 20
[1/7/2012 13:50:21] /bc ; Pessoal, vou precisar reinciar o dedicado para por uma atualização no sistema operacional muito importante. Vinte minutos ai para todos se prepararem e irem para um local seguro.
[1/7/2012 14:9:50] /t
[1/7/2012 15:21:4] /bc ; Você está confuso com o mapa do Darghos? Baixe o map pack para o Tibia e abra todo o mapa facilitando sua diversão! Link -> http://www.mediafire.com/?w2q09q48jgksvvj (creditos ao DarghosNation)
[1/7/2012 16:23:39] /reload globalevents
[1/7/2012 16:25:57] /goto Hazard
[1/7/2012 16:29:16] /t
[1/7/2012 17:39:32] /goto Rashid
[1/7/2012 17:39:35] /t
[1/7/2012 18:22:44] /reload spells
[1/7/2012 18:27:52] /bc ; Exevo pan já está funcionando, a partir do proximo server save small stones não irão mais quebrar, facilitando paladins a treinarem.
[2/7/2012 1:18:37] /reload globalevents
[2/7/2012 11:22:48] /r
[2/7/2012 11:22:49] /r
[2/7/2012 11:22:57] /i 1045, 1
[2/7/2012 11:22:58] /i 1045, 1
[2/7/2012 11:26:17] /down
[2/7/2012 11:26:21] /down
[2/7/2012 11:27:49] /c aletres
[2/7/2012 11:28:42] /down
[2/7/2012 11:28:47] /down
[2/7/2012 11:29:44] /down
[2/7/2012 11:29:48] /down
[2/7/2012 11:30:23] /down
[2/7/2012 11:30:27] /down
[2/7/2012 11:30:33] /down
[2/7/2012 11:31:24] /addskill CM Slash, level, 292
[2/7/2012 11:31:50] /up
[2/7/2012 11:31:58] /town thorn
[2/7/2012 11:32:12] /c aloprado
[2/7/2012 13:56:24] /t
[2/7/2012 18:43:22] /town northrend
[2/7/2012 18:44:12] /c Suruba ~
[2/7/2012 18:53:40] /t
[3/7/2012 1:49:42] /goto DolceGabban
[3/7/2012 2:49:58] /kick Elite Thunder
[3/7/2012 2:50:10] /kick Evandro ~
[3/7/2012 2:50:27] /kick Rony ~
[3/7/2012 2:50:32] /kick Ghos assa~
[3/7/2012 2:50:43] /kick Ghost Ass~
[3/7/2012 3:25:53] /goto Allyfer
[3/7/2012 3:26:13] /goto Knightzan
[3/7/2012 3:26:28] /goto Neo Barbarzync
[3/7/2012 3:27:16] /kick Paladin ~
[3/7/2012 3:27:24] /goto The Pops
[3/7/2012 3:27:30] /goto Basshunter
[3/7/2012 3:27:43] /goto Psychedelic Krazy
[3/7/2012 3:27:50] /goto Abnadabe
[3/7/2012 3:28:28] /goto Train
[3/7/2012 3:28:37] /goto Eskimo
[3/7/2012 3:28:48] /goto Morgtrain
[3/7/2012 3:28:59] /goto Pitagoras
[3/7/2012 3:29:6] /goto Theo on Kanaight
[3/7/2012 3:29:18] /goto Cannabis ~
[3/7/2012 3:29:58] /goto Julvenalcio
[3/7/2012 3:30:6] /goto Vendeta
[3/7/2012 3:30:10] /kick Vendeta
[3/7/2012 3:30:14] /goto Zoin Vesgo
[3/7/2012 3:30:20] /kick Zoin Vesgo
[3/7/2012 3:30:26] /goto Trystan
[3/7/2012 3:30:30] /kick Trystan
[3/7/2012 3:30:34] /goto Vemque Tem
[3/7/2012 3:30:38] /kick Vemque Tem
[3/7/2012 3:30:47] /goto Suruba das Quatroevinte
[3/7/2012 3:30:50] /goto Suruba ~
[3/7/2012 3:30:54] /kick Suruba ~
[3/7/2012 3:31:6] /goto Juvenalcio
[3/7/2012 3:31:11] /kick Julvenalcio
[3/7/2012 3:31:17] /kick Julven~
[3/7/2012 3:31:27] /kick Juvenal~
[3/7/2012 3:37:51] /t
[3/7/2012 4:7:23] /reload spells
[3/7/2012 4:9:44] /addskill Royal Peacer, level 4
[3/7/2012 4:9:48] /goto Royal Peacer
[3/7/2012 4:10:7] /addskill Royal Peacer, level, 3
[3/7/2012 4:10:13] /kick Royal Peacer
[3/7/2012 13:33:28] /town quendor
[3/7/2012 13:58:4] /goto Rashid
[3/7/2012 13:58:7] /t
[3/7/2012 15:6:4] /town island of peace
[3/7/2012 15:7:9] /c aletres
[3/7/2012 15:7:51] /c aloprado
[3/7/2012 15:8:20] /c elite thunder
[3/7/2012 15:8:45] /c evandro ~
[3/7/2012 15:9:9] /c forever alone
[3/7/2012 15:9:34] /c ghost assassin
[3/7/2012 15:9:53] /c Juvenal~
[3/7/2012 15:10:28] /c Maquiavel
[3/7/2012 15:11:15] /c mascote
[3/7/2012 15:11:57] /c Mina zikada ~
[3/7/2012 15:12:1] /c Mina zikada
[3/7/2012 15:12:25] /t
[3/7/2012 15:44:41] /addskill Aletres, level, 3
[3/7/2012 15:45:40] /addskill Juvenalcio, level, 5
[3/7/2012 15:46:1] /addskill Evandro Poderoso, level, 4
[3/7/2012 16:43:40] /goto Rashid
[3/7/2012 16:43:50] /t
[3/7/2012 16:54:11] /goto Dolce
[3/7/2012 16:54:13] /goto Dolce ~
[3/7/2012 16:54:34] /goto DolceGabban
[3/7/2012 17:26:9] /town island of peacwe
[3/7/2012 17:26:11] /town island of peace
[3/7/2012 17:26:25] /c paladin of destruction
[3/7/2012 17:27:2] /c rony j~
[3/7/2012 17:27:16] /addskill rony jason, level, 7
[3/7/2012 17:28:1] /c Royal peacer
[3/7/2012 17:28:31] /c soono ~
[3/7/2012 17:30:4] /c suruba ~
[3/7/2012 17:30:21] /addskill suruba das quatroevinte, level, 4
[3/7/2012 17:30:54] /c timaoeo
[3/7/2012 17:32:0] /c trystan
[3/7/2012 17:32:40] /c Vemque Tem
[3/7/2012 17:32:52] /addskill Vemque Tem, level, 3
[3/7/2012 17:33:45] /c vendeta
[3/7/2012 17:33:52] /addskill vendeta, level, 3
[3/7/2012 17:34:7] /addskill vendeta, level, 2
[3/7/2012 17:34:40] /c zoin vesgo
[3/7/2012 17:34:51] /addskill zoin vesgo, level, 7
[3/7/2012 17:36:23] /t
[4/7/2012 0:29:39] /reload actions
[4/7/2012 1:2:0] /goto Mesker
[4/7/2012 1:2:27] /goto Mesker
[4/7/2012 1:28:33] /town quendor
[4/7/2012 1:40:4] /town island of peace
[4/7/2012 12:57:41] /bc advance Já esta disponivel adquirir Premium Tickets através de nosso website, no Item Shop. Confira a ultima notícia para maiores informações -> www.ultraxsoft.com/ot
[4/7/2012 13:29:0] /c Forever Alone
[4/7/2012 13:29:38] /c Ghost Ass~
[4/7/2012 13:33:32] /c Juvenalcio
[4/7/2012 13:34:9] /c Maquiavel
[4/7/2012 13:37:37] /c Royal PEacer
[4/7/2012 13:38:26] /c Soono ~
[4/7/2012 13:39:42] /c Suruba ~
[4/7/2012 13:40:39] /c Tomaoeo
[4/7/2012 13:40:43] /c Timaoeo
[4/7/2012 13:41:11] /c Trystan
[4/7/2012 13:42:16] /c Vemque Tem
[4/7/2012 13:42:38] /c Vendeta
[4/7/2012 13:43:2] /c Zoin Vesgo
[4/7/2012 13:43:9] /t
[4/7/2012 13:44:47] /goto Rashid
[4/7/2012 13:46:16] /t
[4/7/2012 14:13:56] /info Dark Knight Itachi 
[4/7/2012 15:4:58] /t
[4/7/2012 16:4:6] /goto Pally Ownz
[4/7/2012 16:4:14] /goto Pally Owns
[4/7/2012 16:4:29] /t
[4/7/2012 16:30:20] /town island of peace
[4/7/2012 18:2:59] /t
[5/7/2012 0:44:6] /reload globalevents
[5/7/2012 0:44:44] /goto Psychedelic Krazy
[5/7/2012 1:14:23] /goto  Lele Sexxyy
[5/7/2012 1:37:29] /goto  Lele Sexxyy
[5/7/2012 1:37:34] /goto Psychedelic Krazy
[5/7/2012 1:37:44] /t
[5/7/2012 1:47:22] /town island of peace
[5/7/2012 1:47:29] /r
[5/7/2012 1:47:31] /r
[5/7/2012 1:47:33] /r
[5/7/2012 1:47:35] /r
[5/7/2012 1:47:38] /r
[5/7/2012 1:47:40] /r
[5/7/2012 1:47:42] /r
[5/7/2012 1:47:49] /r
[5/7/2012 1:47:55] /r
[5/7/2012 1:54:56] /t
[5/7/2012 2:59:56] /goto Surfista QuatroEvinte
[5/7/2012 3:0:24] /goto Shadow
[5/7/2012 3:0:31] /goto Abnadabe
[5/7/2012 3:0:38] /goto Stefane ~
[5/7/2012 3:2:38] /t
[5/7/2012 3:2:59] /ghost
[5/7/2012 15:29:40] /goto R ashid
[5/7/2012 15:29:43] /goto Rashid
[5/7/2012 16:10:56] /mc
[6/7/2012 1:13:27] /reload outfits
[6/7/2012 1:20:46] /ghost
[6/7/2012 1:20:54] /goto Terykzot
[6/7/2012 4:38:0] /town island of peace
[6/7/2012 4:38:6] /r
[6/7/2012 4:38:10] /r
[6/7/2012 4:38:11] /r
[6/7/2012 4:38:13] /r
[6/7/2012 4:38:17] /r
[6/7/2012 4:38:19] /r
[6/7/2012 4:38:22] /r
[6/7/2012 4:38:25] /r
[6/7/2012 4:38:29] /r
[6/7/2012 12:29:35] /t
[6/7/2012 12:56:59] /goto Rashid
[6/7/2012 12:57:14] /t
[6/7/2012 13:2:40] /ghost
[6/7/2012 13:26:37] /goto Grau di ninja
[6/7/2012 13:28:53] /t
[6/7/2012 13:31:16] /ghost
[6/7/2012 13:31:26] /goto Grau Di Ninja
[6/7/2012 13:34:36] /goto Grau de Ninja
[6/7/2012 13:34:42] /goto Grau di Ninja
[6/7/2012 13:37:52] /t
[6/7/2012 13:48:45] /town aracura
[6/7/2012 13:49:4] /down
[6/7/2012 13:50:11] /down
[6/7/2012 13:50:59] /c Carper
[6/7/2012 13:51:17] /i meat, 100
[6/7/2012 13:51:56] /r
[6/7/2012 13:51:58] /r
[6/7/2012 13:52:26] /t
[6/7/2012 13:52:31] /c Carper
[6/7/2012 14:21:33] /reload raids
[6/7/2012 14:28:27] /t
[6/7/2012 14:34:36] /goto Thunderhead
[6/7/2012 14:39:44] /t
[7/7/2012 4:15:23] /reload globalevents
[7/7/2012 14:55:45] /town island of peace
[7/7/2012 14:56:30] /c acougueiro
[7/7/2012 14:56:38] /c açouguero
[7/7/2012 14:56:45] /c acogue~
[7/7/2012 14:57:20] /c Dark Seifaador
[7/7/2012 14:57:27] /c Dark Seifa~
[7/7/2012 14:58:5] /c Dark Trinity
[7/7/2012 14:58:44] /c Mao Tsetung
[7/7/2012 14:59:25] /c Millio~
[7/7/2012 14:59:55] /c Mohammed
[7/7/2012 15:0:37] /c Oba oba
[7/7/2012 15:1:3] /c Sindra~
[7/7/2012 15:1:40] /c Terabity
[7/7/2012 15:1:44] /c Terab~
[7/7/2012 15:2:13] /c Thanks Alot
[7/7/2012 15:3:36] /t
[7/7/2012 18:5:0] /ghost
[7/7/2012 19:0:39] /reload spells
[7/7/2012 19:2:39] /reload spells
[7/7/2012 19:4:31] /reload spells
[7/7/2012 19:23:40] /reload npcs
[7/7/2012 19:38:54] /reload creaturescripts
[7/7/2012 19:42:33] /reload creaturescripts
[7/7/2012 19:44:23] /reload creaturescripts
[7/7/2012 19:44:55] /ghost
[7/7/2012 19:46:41] /goto Chupa Cabra
[7/7/2012 19:46:56] /goto Duilio
[7/7/2012 19:47:38] /goto Elite Darkenes
[7/7/2012 19:48:1] /goto Illuzionero paralizadero
[7/7/2012 19:48:9] /goto Jao Sexy
[7/7/2012 19:48:18] /goto Kotoko Man
[7/7/2012 19:48:29] /goto Lincoln Burrows
[7/7/2012 19:48:46] /goto Lukinhaa Sexy
[7/7/2012 19:48:57] /goto Milenium
[7/7/2012 19:50:46] /bc advance A partir de agora é possivel regenerar stamina online e 30% mais rapidamente enquanto treina com criaturas sumonadas por outro personagem (ex: um Monk). Este beneficio so está disponivel a jogadores com uma Conta Premium.
[7/7/2012 19:55:25] /reload creaturescripts
[8/7/2012 2:30:53] /goto GM Skating
[8/7/2012 2:31:52] /ghost
[8/7/2012 2:48:44] /ghost
[8/7/2012 4:32:34] /t
[8/7/2012 20:52:23] /goto Infected
[8/7/2012 21:10:45] /goto Duilio
[8/7/2012 21:11:25] /goto Elder Mage
[8/7/2012 21:11:43] /goto Gimme Rings
[8/7/2012 21:13:0] /t
[9/7/2012 4:1:34] /addskill Juvenalcio, level, 4
[9/7/2012 4:1:50] /addskill Elite Thunder, level, 7
[9/7/2012 4:2:1] /addskill Mascote, level, 6
[9/7/2012 4:2:11] /addskill Mina Zikada, level, 5
[9/7/2012 4:2:23] /addskill Rony Jason, level, 8
[9/7/2012 4:2:35] /addskill Soono Supreme, level, 5
[9/7/2012 4:2:45] /addskill Trystan, level, 6
[9/7/2012 4:2:55] /addskill Zoin Vesgo, level, 4
[9/7/2012 4:3:12] /addskill Aloprado, level, 3
[9/7/2012 4:3:22] /addskill Evandro Poderoso, level, 4
[9/7/2012 4:3:38] /addskill Maquiavel, level, 3
[9/7/2012 4:3:59] /addskill Forever Alone, level, 6
[9/7/2012 4:4:11] /addskill Oba oba, level, 4
[9/7/2012 4:4:22] /addskill Dark Seifador, level, 3
[9/7/2012 4:4:30] /addskill Millionarie, level, 7
[9/7/2012 4:4:40] /addskill Thanks Alot, level, 3
[9/7/2012 4:4:48] /addskill Terabyte, level, 2
[9/7/2012 4:4:58] /addskill Mohammed, level, 4
[9/7/2012 4:5:7] /addskill Mao Tsetung, level, 5
[9/7/2012 4:5:15] /addskill Acogueiro, level, 3
[9/7/2012 4:5:24] /addskill Dark Trinity, level, 6
[9/7/2012 4:5:33] /addskill Sindragoza, level, 8
[9/7/2012 4:6:2] /town island of peace
[9/7/2012 4:6:20] /r
[9/7/2012 4:6:22] /r
[9/7/2012 4:6:24] /r
[9/7/2012 4:6:27] /r
[9/7/2012 4:6:33] /r
[9/7/2012 4:6:34] /r
[9/7/2012 4:6:40] /r
[9/7/2012 4:6:47] /r
[9/7/2012 4:6:50] /r
[9/7/2012 4:6:57] /r
[9/7/2012 4:7:10] /r
[9/7/2012 4:7:32] /goto MOrgan lee
[9/7/2012 17:53:55] /t
[9/7/2012 18:42:7] /goto Chupa Neguin
[9/7/2012 18:42:18] /goto Chupa Neguin
[9/7/2012 19:40:32] /town aaragon
[9/7/2012 19:41:11] /down
[9/7/2012 19:42:2] /down
[9/7/2012 19:42:4] /down
[9/7/2012 19:45:14] /storage Sir Of Warrior, 4010
[9/7/2012 19:54:51] /reload talk
[9/7/2012 19:54:55] /storage Sir Of Warrior, 4010
[9/7/2012 19:58:33] /reload talk
[9/7/2012 19:58:35] /storage Sir Of Warrior, 4010
[9/7/2012 19:59:33] /storage Sir Of Warrior, 4010
[9/7/2012 20:1:22] /reload talk
[9/7/2012 20:1:24] /storage Sir Of Warrior, 4010
[9/7/2012 20:1:44] /storage Sir Of Warrior, 4010, -1
[9/7/2012 20:2:34] /storage Sir Of Warrior, 4010
[9/7/2012 20:3:38] /storage Sir Of Warrior, 4010, -1
[9/7/2012 20:4:16] /storage Sir Of Warrior, 4010
[10/7/2012 1:37:22] /reload globalevents
[10/7/2012 1:37:27] /t
[11/7/2012 12:7:16] /town northrend
[11/7/2012 12:19:59] /down
[11/7/2012 12:46:35] /bc advance ; As arenas de Northrend já estão disponiveis! Algumas outras coisas também foram adicionadas e corrigidas! Confira a ultima noticia em nosso website para maiores informações -> www.ultraxsoft.com/ot
[11/7/2012 13:19:7] /storage global, 20022
[11/7/2012 13:19:58] /storage global, 20022, -1
[11/7/2012 13:28:30] /goto Morgahar
[11/7/2012 13:28:35] /goto Morgahar
[11/7/2012 13:28:45] /goto Morgahar
[11/7/2012 13:28:55] /goto Morgahar
[11/7/2012 13:29:5] /goto Morgahar
[11/7/2012 13:29:14] /goto Morgahar
[11/7/2012 13:29:24] /goto Morgahar
[11/7/2012 13:29:48] /goto Morgahar
[11/7/2012 13:31:2] /goto Morgahar
[11/7/2012 13:31:9] /goto Morgahar
[11/7/2012 13:31:24] /goto Morgahar
[11/7/2012 13:31:38] /goto Morgahar
[11/7/2012 13:31:54] /goto Morgahar
[11/7/2012 13:32:16] /goto Morgahar
[11/7/2012 13:32:29] /goto Morgahar
[11/7/2012 13:32:44] /goto Morgahar
[11/7/2012 13:32:57] /goto Morgahar
[11/7/2012 13:33:32] /goto Morgahar
[11/7/2012 13:33:35] /goto Morgahar
[11/7/2012 13:34:19] /goto Morgahar
[11/7/2012 13:35:11] /goto Morgahar
[11/7/2012 13:35:31] /goto Morgahar
[11/7/2012 13:36:17] /goto Morgahar
[11/7/2012 13:37:0] /goto Morgahar
[11/7/2012 13:37:42] /goto Morgahar
[11/7/2012 13:38:27] /goto Morgahar
[11/7/2012 13:39:26] /goto Morgahar
[11/7/2012 13:40:23] /goto Morgahar
[11/7/2012 13:41:31] /goto Morgahar
[11/7/2012 13:42:33] /goto Morgahar
[11/7/2012 13:45:14] /goto Diigon Ireusalius
[11/7/2012 13:45:34] /goto Diigon Ireusalius
[11/7/2012 13:47:7] /goto Diigon Ireusalius
[11/7/2012 13:48:2] /goto Diigon Ireusalius
[11/7/2012 13:48:16] /goto Diigon Ireusalius
[11/7/2012 13:48:28] /goto Diigon Ireusalius
[11/7/2012 13:48:42] /goto Diigon Ireusalius
[11/7/2012 13:49:4] /goto Diigon Ireusalius
[11/7/2012 13:49:12] /goto Diigon Ireusalius
[11/7/2012 13:49:27] /goto Diigon Ireusalius
[11/7/2012 13:50:29] /goto Diigon Ireusalius
[11/7/2012 13:50:31] /goto Diigon Ireusalius
[11/7/2012 13:50:41] /goto Diigon Ireusalius
[11/7/2012 13:51:11] /goto Diigon Ireusalius
[11/7/2012 14:17:14] /t
[11/7/2012 15:1:58] /reload monsters
[11/7/2012 15:3:36] /goto Jhack Sparrows
[11/7/2012 15:7:50] /goto Jhack Sparrows
[11/7/2012 15:17:51] /goto Jhack Sparrows
[11/7/2012 15:26:12] /goto Jhack Sparrows
[11/7/2012 15:26:18] /a 2
[11/7/2012 15:26:56] /goto Jhack Sparrows
[11/7/2012 15:30:5] /goto Jhack Sparrows
[11/7/2012 15:33:39] /goto Jhack Sparrows
[11/7/2012 15:47:2] /goto Jhack Sparrows
[11/7/2012 15:47:19] /goto Jhack Sparrows
[11/7/2012 15:50:59] /goto Jhack Sparrows
[11/7/2012 15:51:49] /goto Jhack Sparrows
[11/7/2012 15:58:23] /goto Jhack Sparrows
[11/7/2012 16:3:54] /goto Jhack Sparrows
[11/7/2012 16:8:58] /goto Jhack Sparrows
[11/7/2012 16:9:51] /goto Jhack Sparrows
[11/7/2012 16:10:9] /goto Jhack Sparrows
[11/7/2012 16:10:37] /goto Jhack Sparrows
[11/7/2012 16:10:52] /goto Jhack Sparrows
[11/7/2012 16:13:53] /town northrend
[11/7/2012 16:14:42] /goto Bautrog
[11/7/2012 16:14:48] /goto Jhack Sparrows
[11/7/2012 16:17:1] /goto Jhack Sparrows
[11/7/2012 16:23:0] /goto Jhack Sparrows
[11/7/2012 16:23:15] /goto Teryk
[11/7/2012 16:23:17] /goto Teryk
[11/7/2012 16:28:57] /t
[13/7/2012 1:11:55] /town aracura
[13/7/2012 1:12:35] /reload npcs
[13/7/2012 1:14:7] /reload npcs
[13/7/2012 1:19:33] /reload npcs
[13/7/2012 1:21:16] /reload npcs
[14/7/2012 0:4:5] /reload config
[14/7/2012 0:6:27] /reload config
[14/7/2012 0:6:58] /reload config
[14/7/2012 1:21:58] /t
[14/7/2012 2:16:42] /goto
[14/7/2012 2:16:45] /goto Amendoin Taxista
[14/7/2012 2:18:14] /storage global, 20022
[14/7/2012 2:18:43] /goto Pentelho de Barrao
[14/7/2012 2:19:8] /storage global, 20022, -1
[14/7/2012 2:20:21] /goto Amendoin Taxista
[14/7/2012 2:20:58] /goto Amendoin Taxista
[14/7/2012 2:21:11] /goto Amendoin Taxista
[14/7/2012 2:21:22] /goto Amendoin Taxista
[14/7/2012 2:21:37] /goto Amendoin Taxista
[14/7/2012 2:23:42] /storage global, 20022
[14/7/2012 2:26:15] /goto Amendoin Taxista
[14/7/2012 2:26:19] /storage global, 20022
[14/7/2012 2:30:3] /storage global, 20022
[14/7/2012 2:30:5] /goto Amendoin Taxista
[14/7/2012 2:30:9] /town northrend
[14/7/2012 2:31:51] /reload movements
[14/7/2012 2:32:14] /t
[14/7/2012 4:28:26] /reload globalevents
[14/7/2012 14:40:9] /goto GM Skating
[14/7/2012 14:40:15] /town northrend
[14/7/2012 15:18:26] /reload movements
[14/7/2012 15:44:3] /storage global, 20022
[14/7/2012 16:30:12] /reload movements
[16/7/2012 19:10:0] /storage global, 20022
[16/7/2012 19:10:5] /storage global, 20022, -1
[16/7/2012 21:3:30] /save
[17/7/2012 12:39:21] /town island of peace
[17/7/2012 12:39:42] /c acogueiro
[17/7/2012 12:40:3] /c aletres
[17/7/2012 12:40:17] /c aloprado
[17/7/2012 12:40:36] /c aprodith
[17/7/2012 12:40:39] /c aprodit
[17/7/2012 12:40:42] /c aprodi~
[17/7/2012 12:40:52] /c aphrodit
[17/7/2012 12:41:14] /c auvinho
[17/7/2012 12:41:33] /c charliebrown
[17/7/2012 12:41:36] /c charlie~
[17/7/2012 12:41:46] /c chrlie~
[17/7/2012 12:42:5] /c dark ceifador
[17/7/2012 12:42:10] /c dark seifador
[17/7/2012 12:42:30] /c dark trinity
[17/7/2012 12:42:44] /c doidao alucinado
[17/7/2012 12:43:1] /c eliel ~
[17/7/2012 12:43:17] /c evandro ~
[17/7/2012 12:43:41] /c julian assenge
[17/7/2012 12:43:43] /c julian assange
[17/7/2012 12:44:53] /c mercadante
[17/7/2012 12:45:9] /c merkeus
[17/7/2012 12:45:26] /c pablo del muerte
[17/7/2012 12:45:44] /c paladin of destruction
[17/7/2012 12:46:4] /c royal peacer
[17/7/2012 12:46:27] /c royal elven
[17/7/2012 12:47:25] /c seliga nazika
[17/7/2012 12:47:56] /c schor~
[17/7/2012 12:48:7] /c schororo~
[17/7/2012 12:48:14] /c shroro~
[17/7/2012 12:51:28] /t
[17/7/2012 14:16:42] /town island of peace
[17/7/2012 14:18:22] /c sinistrox
[17/7/2012 14:18:47] /t
[17/7/2012 14:20:4] /town island of peace
[17/7/2012 14:20:41] /c six six~
[17/7/2012 14:21:56] /c soprafazer ~
[17/7/2012 14:22:16] /c terabyte
[17/7/2012 14:22:36] /c tiffuro
[17/7/2012 14:22:58] /c toshi tanaka
[17/7/2012 14:23:15] /c trystan
[17/7/2012 14:23:34] /c vem ~
[17/7/2012 14:23:44] /c vaisem ~
[17/7/2012 14:24:24] /c zangzul
[17/7/2012 14:25:21] /c elite thunder
[17/7/2012 18:35:12] /t
[17/7/2012 23:5:3] /goto ferpss ownss
[18/7/2012 1:2:58] /goto Lukinhaa Sexy
[18/7/2012 1:4:5] /ghost
[18/7/2012 1:8:20] /ghost
[18/7/2012 2:5:38] /reload globalevents
[18/7/2012 13:33:19] /t
[18/7/2012 20:32:44] /goto zajkra
[18/7/2012 20:33:16] /i pair of soft boots, 1
[19/7/2012 0:23:27] /town island of peace
[19/7/2012 0:23:38] /r
[19/7/2012 0:23:40] /r
[19/7/2012 0:23:41] /r
[19/7/2012 0:23:43] /r
[19/7/2012 0:23:44] /r
[19/7/2012 0:23:46] /r
[19/7/2012 0:23:47] /r
[19/7/2012 0:23:50] /r
[19/7/2012 0:23:51] /r
[19/7/2012 0:23:53] /r
[19/7/2012 0:23:54] /r
[19/7/2012 0:23:56] /r
[19/7/2012 0:23:58] /r
[19/7/2012 0:24:1] /r
[19/7/2012 0:24:3] /r
[19/7/2012 0:24:4] /r
[19/7/2012 0:24:6] /r
[19/7/2012 0:24:9] /r
[19/7/2012 0:24:10] /r
[19/7/2012 0:24:12] /r
[19/7/2012 0:24:14] /r
[19/7/2012 0:24:18] /r
[19/7/2012 0:24:21] /r
[19/7/2012 0:24:23] /r
[19/7/2012 0:29:29] /t
[19/7/2012 14:13:52] /town island of peace
[19/7/2012 18:9:27] /t
[19/7/2012 22:19:59] /i magic sword, 1
[19/7/2012 23:23:49] /bc ; Pessoal, temos uma importante informação no website sobre as quests Inquisition e Pits of Inferno no website, e se você pretende fazer-las em breve, é recomendavel ler! -> www.ultraxsoft.com/ot
[20/7/2012 0:9:18] /goto sti dotadao
[20/7/2012 0:9:32] /town island of peace
[20/7/2012 0:9:38] /r
[20/7/2012 0:9:40] /r
[20/7/2012 0:10:6] /r
[20/7/2012 0:10:8] /r
[20/7/2012 0:10:12] /r
[20/7/2012 0:10:13] /r
[20/7/2012 0:10:14] /r
[20/7/2012 0:10:16] /r
[20/7/2012 0:10:17] /r
[20/7/2012 0:10:18] /r
[20/7/2012 0:10:19] /r
[20/7/2012 0:10:20] /r
[20/7/2012 0:10:22] /r
[20/7/2012 0:10:24] /r
[20/7/2012 0:10:42] /r
[20/7/2012 0:10:44] /r
[20/7/2012 0:11:26] /r
[20/7/2012 0:11:28] /r
[20/7/2012 0:11:29] /r
[20/7/2012 0:11:30] /r
[20/7/2012 0:11:35] /r
[20/7/2012 0:11:36] /r
[20/7/2012 0:11:37] /r
[20/7/2012 0:11:40] /r
[20/7/2012 0:11:52] /r
[20/7/2012 0:11:53] /r
[20/7/2012 0:11:56] /r
[20/7/2012 0:11:57] /r
[20/7/2012 0:11:58] /r
[20/7/2012 0:12:0] /r
[20/7/2012 0:12:0] /r
[20/7/2012 0:12:1] /r
[20/7/2012 0:12:2] /r
[20/7/2012 0:12:3] /r
[20/7/2012 0:12:58] /t
[22/7/2012 2:10:55] /town island of peace
[22/7/2012 2:11:1] /r
[22/7/2012 2:11:29] /r
[22/7/2012 2:11:32] /r
[22/7/2012 2:11:35] /r
[22/7/2012 2:11:36] /r
[22/7/2012 2:11:37] /r
[22/7/2012 2:11:40] /r
[22/7/2012 2:11:41] /r
[22/7/2012 2:11:42] /r
[22/7/2012 2:11:43] /r
[22/7/2012 2:11:44] /r
[22/7/2012 2:11:45] /r
[22/7/2012 2:16:25] /r
[22/7/2012 2:16:26] /r
[22/7/2012 2:16:27] /r
[22/7/2012 2:16:28] /r
[22/7/2012 2:16:28] /r
[22/7/2012 2:16:31] /r
[22/7/2012 2:16:32] /r
[22/7/2012 2:19:17] /r
[22/7/2012 2:19:38] /r
[22/7/2012 2:19:39] /r
[22/7/2012 2:19:44] /r
[22/7/2012 2:19:46] /r
[22/7/2012 2:19:52] /r
[22/7/2012 2:19:53] /r
[22/7/2012 2:19:57] /r
[22/7/2012 2:19:58] /r
[22/7/2012 2:19:59] /r
[22/7/2012 2:53:54] /r
[22/7/2012 17:39:35] /town quendor
[23/7/2012 1:12:42] /goto Skating
[23/7/2012 1:12:47] /goto GM Skating
[23/7/2012 1:13:2] /owner GM Skating
[23/7/2012 1:14:13] /town island of peace
[23/7/2012 1:14:36] /r
[23/7/2012 1:14:37] /r
[23/7/2012 1:14:38] /r
[23/7/2012 1:14:39] /r
[23/7/2012 1:14:40] /r
[23/7/2012 1:14:41] /r
[23/7/2012 1:14:42] /r
[23/7/2012 1:14:43] /r
[23/7/2012 1:14:44] /r
[23/7/2012 1:14:45] /r
[23/7/2012 1:14:46] /r
[23/7/2012 1:14:47] /r
[23/7/2012 1:14:48] /r
[23/7/2012 1:14:50] /r
[23/7/2012 1:14:52] /r
[23/7/2012 1:14:53] /r
[23/7/2012 1:14:54] /r
[23/7/2012 1:14:56] /r
[23/7/2012 1:14:57] /r
[23/7/2012 1:15:0] /r
[23/7/2012 1:15:4] /r
[23/7/2012 1:15:5] /r
[23/7/2012 1:15:7] /r
[23/7/2012 1:15:10] /r
[23/7/2012 1:16:29] /r
[23/7/2012 1:16:30] /r
[23/7/2012 1:16:32] /r
[23/7/2012 1:16:33] /r
[23/7/2012 1:16:34] /r
[23/7/2012 1:16:36] /r
[23/7/2012 1:16:38] /r
[23/7/2012 1:16:39] /r
[23/7/2012 1:16:41] /r
[23/7/2012 1:16:41] /r
[23/7/2012 1:16:42] /r
[23/7/2012 1:16:44] /r
[23/7/2012 1:16:45] /r
[23/7/2012 18:4:31] /i unholy sword, 1
[23/7/2012 18:57:29] /t
[24/7/2012 2:1:12] /town island of peace
[24/7/2012 2:2:14] /r
[24/7/2012 2:2:16] /r
[24/7/2012 2:2:17] /r
[24/7/2012 2:2:18] /r
[24/7/2012 2:2:20] /r
[24/7/2012 2:2:22] /r
[24/7/2012 2:2:24] /r
[24/7/2012 2:2:25] /r
[24/7/2012 2:2:27] /r
[24/7/2012 2:2:28] /r
[24/7/2012 2:2:29] /r
[24/7/2012 2:2:33] /r
[24/7/2012 2:2:38] /r
[24/7/2012 2:2:40] /r
[24/7/2012 2:2:44] /r
[24/7/2012 2:2:45] /r
[24/7/2012 2:3:19] /r
[24/7/2012 2:3:20] /r
[24/7/2012 2:3:24] /r
[24/7/2012 2:3:30] /r
[24/7/2012 2:3:35] /r
[24/7/2012 2:3:36] /r
[24/7/2012 2:3:42] /r
[24/7/2012 2:5:58] /r
[24/7/2012 2:6:0] /r
[24/7/2012 2:6:4] /r
[24/7/2012 2:6:5] /r
[24/7/2012 2:6:6] /r
[24/7/2012 2:6:7] /r
[24/7/2012 2:6:9] /r
[24/7/2012 2:6:10] /r
[24/7/2012 2:6:12] /r
[24/7/2012 2:6:13] /r
[24/7/2012 2:6:15] /r
[24/7/2012 2:6:17] /r
[24/7/2012 2:6:18] /r
[24/7/2012 2:6:29] /t
[24/7/2012 2:48:59] /goto Andre Imortal
[24/7/2012 2:49:20] /goto Antico-Meme
[24/7/2012 2:49:33] /goto Azwionisk Madawaska
[24/7/2012 2:49:46] /goto Barby Dzzo
[24/7/2012 2:50:1] /goto Blokerzinho
[24/7/2012 2:50:7] /goto BolaUmAe
[24/7/2012 2:50:16] /goto Bugado
[24/7/2012 2:50:26] /goto Cannabis Sativa
[24/7/2012 2:50:52] /goto Cavera de Jegue
[24/7/2012 2:50:58] /goto Eduardois Back
[24/7/2012 2:51:22] /goto Eleonor
[24/7/2012 2:51:30] /goto Erva Finissima
[24/7/2012 2:51:46] /goto Lift Lift
[24/7/2012 2:51:53] /goto Neo Barbarzync
[24/7/2012 2:52:16] /goto Sprite
[24/7/2012 2:52:34] /goto Transadeiro
[25/7/2012 2:10:27] /town island of peace
[25/7/2012 2:10:40] /r
[25/7/2012 2:10:41] /r
[25/7/2012 2:10:43] /r
[25/7/2012 2:10:44] /r
[25/7/2012 2:10:45] /r
[25/7/2012 2:10:47] /r
[25/7/2012 2:10:48] /r
[25/7/2012 2:10:50] /r
[25/7/2012 2:10:52] /r
[25/7/2012 2:10:53] /r
[25/7/2012 2:10:54] /r
[25/7/2012 2:10:56] /r
[25/7/2012 2:10:57] /r
[25/7/2012 2:10:59] /r
[25/7/2012 2:11:1] /r
[25/7/2012 2:11:3] /r
[25/7/2012 2:11:21] /r
[25/7/2012 2:11:22] /r
[25/7/2012 2:11:26] /r
[25/7/2012 2:11:27] /r
[25/7/2012 2:11:29] /r
[25/7/2012 2:11:35] /r
[25/7/2012 2:11:36] /r
[25/7/2012 2:11:38] /r
[25/7/2012 2:11:40] /r
[25/7/2012 2:11:41] /r
[25/7/2012 2:11:44] /r
[25/7/2012 2:12:2] /r
[25/7/2012 2:12:3] /r
[25/7/2012 2:12:14] /r
[25/7/2012 2:12:16] /r
[25/7/2012 2:12:17] /r
[25/7/2012 2:12:18] /r
[25/7/2012 2:12:19] /r
[25/7/2012 2:12:22] /r
[25/7/2012 2:12:23] /r
[25/7/2012 2:12:24] /r
[25/7/2012 2:12:25] /r
[25/7/2012 12:49:43] /reload spells
[25/7/2012 12:51:28] /reload spells
[25/7/2012 12:53:29] /reload spells
[25/7/2012 12:54:10] /t
[25/7/2012 12:58:47] /bc ; SD, exuri hur e exori con já tão causando dano normalmente... Sorry.
[25/7/2012 13:31:17] /goto Katsumory
[25/7/2012 13:31:32] /goto Sir Noob
[25/7/2012 13:32:45] /goto Keep Ownz
[25/7/2012 13:39:27] /t
[25/7/2012 13:59:58] /goto Dragon Hatchling
[25/7/2012 14:0:55] /goto Psy Breaker
[25/7/2012 15:31:58] /goto Sprite
[25/7/2012 15:35:57] /goto Sprite
[25/7/2012 15:37:55] /t
[25/7/2012 16:24:26] /goto Sprite
[25/7/2012 16:25:2] /goto Lukinha ~
[25/7/2012 16:25:18] /goto Eskimo
[25/7/2012 16:39:23] /goto CM Skating
[25/7/2012 16:39:28] /goto GM Skating
[25/7/2012 16:39:37] /owner GM Skating
[25/7/2012 16:42:10] /i chest, 1
[25/7/2012 16:42:22] /i box, 1
[25/7/2012 16:42:35] /i box, 1
[25/7/2012 16:43:0] /i chest, 1
[25/7/2012 16:45:1] /i 1750, 1
[25/7/2012 16:48:55] /i Crate, 1
[25/7/2012 17:18:18] /t
[25/7/2012 17:18:41] /raid orshabaal
[25/7/2012 17:25:48] /goto Orshabaal
[25/7/2012 17:25:51] /goto Orshabaal
[25/7/2012 17:25:51] /goto Orshabaal
[25/7/2012 17:25:55] /town quendor
[26/7/2012 1:43:15] /reload spells
[26/7/2012 1:43:26] /town island of peace
[26/7/2012 1:43:30] /r
[26/7/2012 1:43:32] /r
[26/7/2012 1:43:35] /r
[26/7/2012 1:43:35] /r
[26/7/2012 1:43:37] /r
[26/7/2012 1:43:39] /r
[26/7/2012 1:43:40] /r
[26/7/2012 1:43:42] /r
[26/7/2012 1:43:43] /r
[26/7/2012 1:43:44] /r
[26/7/2012 1:43:45] /r
[26/7/2012 1:43:47] /r
[26/7/2012 1:43:48] /r
[26/7/2012 1:43:50] /r
[26/7/2012 1:43:50] /r
[26/7/2012 1:43:53] /r
[26/7/2012 1:43:54] /r
[26/7/2012 1:43:57] /r
[26/7/2012 1:43:58] /r
[26/7/2012 1:44:0] /r
[26/7/2012 1:44:42] /i assassin star, 100
[26/7/2012 1:45:24] /addskill CM Slash, dist, 5
[26/7/2012 1:45:26] /addskill CM Slash, dist, 5
[26/7/2012 1:45:26] /addskill CM Slash, dist, 5
[26/7/2012 1:45:28] /addskill CM Slash, dist, 5
[26/7/2012 1:45:28] /addskill CM Slash, dist, 5
[26/7/2012 1:45:29] /addskill CM Slash, dist, 5
[26/7/2012 1:45:29] /addskill CM Slash, dist, 5
[26/7/2012 1:45:30] /addskill CM Slash, dist, 5
[26/7/2012 1:45:31] /addskill CM Slash, dist, 5
[26/7/2012 1:45:31] /addskill CM Slash, dist, 5
[26/7/2012 1:45:33] /addskill CM Slash, dist, 5
[26/7/2012 1:45:33] /addskill CM Slash, dist, 5
[26/7/2012 1:45:34] /addskill CM Slash, dist, 5
[26/7/2012 1:45:34] /addskill CM Slash, dist, 5
[26/7/2012 1:45:35] /addskill CM Slash, dist, 5
[26/7/2012 1:45:35] /addskill CM Slash, dist, 5
[26/7/2012 1:45:36] /addskill CM Slash, dist, 5
[26/7/2012 1:45:37] /addskill CM Slash, dist, 5
[26/7/2012 2:16:52] /r
[26/7/2012 2:16:54] /r
[26/7/2012 2:45:8] /r
[26/7/2012 2:45:10] /r
[26/7/2012 2:45:12] /r
[26/7/2012 2:45:12] /r
[26/7/2012 2:45:14] /r
[26/7/2012 2:45:15] /r
[26/7/2012 2:45:16] /r
[26/7/2012 2:45:17] /r
[26/7/2012 2:46:47] /t
[26/7/2012 2:47:37] /goto Brisa Dos Parceiro
[26/7/2012 15:33:13] /t
[26/7/2012 15:33:16] /town aracura
[26/7/2012 19:22:49] /t
[26/7/2012 19:25:12] /c Dorian
[26/7/2012 19:25:29] /c Duque Bravhart
[26/7/2012 19:25:47] /c fabregas
[26/7/2012 19:26:19] /c Garrosh ~
[26/7/2012 19:26:59] /c Gordon
[26/7/2012 19:27:21] /c LEgendary assassin
[26/7/2012 19:28:3] /c Mattias Jobs
[26/7/2012 19:28:23] /c Nonho
[26/7/2012 19:28:45] /c Orgus Death~
[26/7/2012 19:29:29] /c Tigreza Nightails
[26/7/2012 19:37:47] /t
[27/7/2012 0:4:50] /addskill duque bravhart, level 4
[27/7/2012 0:5:3] /addskill fabregas, level 3
[27/7/2012 0:5:11] /addskill fabregas, level, 3
[27/7/2012 0:5:18] /addskill duque bravhart, level, 4
[27/7/2012 0:5:32] /addskill dorian, level, 6
[27/7/2012 0:5:44] /addskill garrosh hellscream, level, 7
[27/7/2012 0:5:56] /addskill gordon, level, 5
[27/7/2012 0:6:10] /addskill legendary assassin, level, 3
[27/7/2012 0:6:29] /addskill mattias jobs, level, 5
[27/7/2012 0:6:47] /addskill nonho, level, 4
[27/7/2012 0:7:4] /addskill tigreza nightails, level, 6
[27/7/2012 0:7:18] /addskill orgus deathbringer, level, 4
[27/7/2012 0:9:0] /r
[27/7/2012 0:9:2] /r
[27/7/2012 0:9:4] /r
[27/7/2012 0:9:7] /r
[27/7/2012 0:9:8] /r
[27/7/2012 0:10:12] /town island of peace
[27/7/2012 0:10:19] /r
[27/7/2012 0:10:21] /r
[27/7/2012 0:10:23] /r
[27/7/2012 0:10:25] /r
[27/7/2012 0:10:26] /r
[27/7/2012 0:10:27] /r
[27/7/2012 0:10:28] /r
[27/7/2012 0:11:39] /r
[27/7/2012 0:11:40] /r
[27/7/2012 0:11:41] /r
[27/7/2012 0:11:42] /r
[27/7/2012 0:11:44] /r
[27/7/2012 0:12:4] /r
[27/7/2012 0:12:7] /r
[27/7/2012 0:12:8] /r
[27/7/2012 0:12:25] /r
[27/7/2012 0:12:27] /r
[27/7/2012 0:12:30] /r
[27/7/2012 0:12:49] /r
[27/7/2012 0:13:6] /r
[27/7/2012 0:13:7] /r
[27/7/2012 0:13:9] /r
[27/7/2012 0:13:30] /r
[27/7/2012 0:13:43] /r
[27/7/2012 0:13:52] /r
[27/7/2012 0:13:54] /r
[27/7/2012 0:13:56] /r
[27/7/2012 0:13:58] /r
[27/7/2012 0:13:58] /r
[27/7/2012 0:14:0] /r
[27/7/2012 0:14:1] /r
[27/7/2012 0:16:13] /goto Barmy Owns
[27/7/2012 0:42:23] /goto Megha Mage
[27/7/2012 0:57:34] /goto Barmy Owns
[27/7/2012 0:57:42] /goto Megha Mage
[27/7/2012 0:59:4] /goto Barmy Owns
[27/7/2012 1:1:50] /t
[27/7/2012 12:44:49] /goto Unknow
[27/7/2012 12:45:37] /goto Getulio Vargas
[27/7/2012 12:45:53] /goto Lord Foda
[27/7/2012 12:46:6] /goto  Eskimo
[27/7/2012 13:10:6] /goto  Eskimo
[27/7/2012 13:10:14] /t
[27/7/2012 14:19:58] /goto Lukinha Sexxy
[27/7/2012 14:20:57] /goto Lukinhaa Sexy
[27/7/2012 15:57:22] /t
[28/7/2012 1:44:55] /goto Tigreza Nightails
[28/7/2012 1:45:3] /town island of peace
[28/7/2012 1:45:15] /r
[28/7/2012 1:45:16] /r
[28/7/2012 1:45:17] /r
[28/7/2012 1:45:19] /r
[28/7/2012 1:45:20] /r
[28/7/2012 1:45:22] /r
[28/7/2012 1:45:23] /r
[28/7/2012 1:45:27] /r
[28/7/2012 1:45:29] /r
[28/7/2012 1:45:30] /r
[28/7/2012 1:45:35] /r
[28/7/2012 1:45:37] /r
[28/7/2012 1:45:38] /r
[28/7/2012 1:45:40] /r
[28/7/2012 1:45:43] /r
[28/7/2012 1:45:44] /r
[28/7/2012 1:45:45] /r
[28/7/2012 1:45:46] /r
[28/7/2012 1:45:51] /r
[28/7/2012 1:45:53] /r
[28/7/2012 1:45:58] /r
[28/7/2012 2:3:54] /goto Gummy Bear
[28/7/2012 2:16:57] /goto Brisa Dos Parceiro
[28/7/2012 2:29:59] /goto Brisa Dos Parceiro
[28/7/2012 2:30:22] /goto Brisa Dos Parceiro
[28/7/2012 23:59:53] /goto terykzot
[28/7/2012 23:59:57] /ghost
[29/7/2012 0:11:40] /ghost
[29/7/2012 3:1:37] /reload spells
[29/7/2012 3:1:49] /m magic wall rune, 100
[29/7/2012 3:1:56] /i magic wall rune, 100
[29/7/2012 18:12:13] /goto Gatinho Da Night
[29/7/2012 18:14:22] /t
[29/7/2012 18:15:48] /goto Neetiinho Owns
[29/7/2012 18:15:58] /goto  Super Mage
[29/7/2012 18:16:49] /goto Gatinho Da Night
[29/7/2012 18:48:2] /goto Lukinhaa Sexy
[29/7/2012 18:49:42] /goto Lukinhaa Sexy
[29/7/2012 18:50:32] /goto Lukinhaa Sexy
[29/7/2012 18:50:34] /goto Lukinhaa Sexy
[29/7/2012 18:50:37] /goto Lukinhaa Sexy
[29/7/2012 18:50:39] /goto Lukinhaa Sexy
[29/7/2012 18:50:42] /goto Lukinhaa Sexy
[29/7/2012 18:50:48] /goto Lukinhaa Sexy
[29/7/2012 18:50:50] /goto Lukinhaa Sexy
[30/7/2012 0:17:25] /town island of peace
[30/7/2012 2:17:11] /r
[30/7/2012 2:17:13] /r
[30/7/2012 2:17:14] /r
[30/7/2012 2:17:15] /r
[30/7/2012 2:17:16] /r
[30/7/2012 2:17:17] /r
[30/7/2012 2:17:19] /r
[30/7/2012 2:17:20] /r
[30/7/2012 2:17:21] /r
[30/7/2012 2:17:22] /r
[30/7/2012 2:17:24] /r
[30/7/2012 2:17:26] /r
[30/7/2012 2:17:35] /reload npcs
[30/7/2012 2:17:39] /town quendor
[30/7/2012 2:20:46] /town quendor
[30/7/2012 2:20:50] /reload npcs
[30/7/2012 2:33:16] /town island of peace
[30/7/2012 2:33:23] /r
[30/7/2012 2:33:24] /r
[30/7/2012 2:33:25] /r
[30/7/2012 2:33:26] /r
[30/7/2012 2:33:27] /r
[30/7/2012 2:33:31] /r
[30/7/2012 2:33:32] /r
[30/7/2012 2:33:34] /r
[30/7/2012 2:33:35] /r
[30/7/2012 2:33:48] /r
[30/7/2012 2:33:48] /r
[30/7/2012 2:47:54] /goto Tigreza Nightails
[30/7/2012 2:47:56] /r
[30/7/2012 2:47:58] /r
[30/7/2012 2:47:59] /r
[30/7/2012 2:47:59] /r
[30/7/2012 2:48:0] /r
[30/7/2012 2:48:1] /r
[30/7/2012 2:48:2] /r
[30/7/2012 2:48:3] /r
[30/7/2012 2:48:4] /r
[30/7/2012 2:48:7] /r
[30/7/2012 3:26:24] /town island of peace
[30/7/2012 3:26:34] /r
[30/7/2012 3:26:34] /r
[30/7/2012 3:26:35] /r
[30/7/2012 3:26:36] /r
[30/7/2012 3:26:37] /r
[30/7/2012 3:26:37] /r
[30/7/2012 3:26:39] /r
[30/7/2012 3:26:40] /r
[30/7/2012 18:3:15] /goto  Mix Revolutions
[30/7/2012 18:3:25] /goto  Lift Lift
[30/7/2012 18:3:46] /goto  Eskimo
[30/7/2012 18:4:13] /goto  Eskimo
[30/7/2012 18:4:40] /goto Gambazin
[30/7/2012 18:9:35] /goto The Axer
[30/7/2012 18:9:55] /goto Eduardo Das Cachorras
[30/7/2012 18:10:18] /goto Peka
[30/7/2012 18:10:40] /goto Barmy Owns
[30/7/2012 18:10:56] /goto Barmy Owns
[30/7/2012 18:13:19] /goto  Eskimo
[30/7/2012 18:13:23] /goto Peka
[30/7/2012 18:13:26] /goto Eduardo Das Cachorras
[30/7/2012 18:13:35] /goto  Lift Lift
[30/7/2012 18:13:42] /goto The Axer
[30/7/2012 18:15:18] /goto The Axer
[30/7/2012 18:15:19] /goto  Lift Lift
[30/7/2012 18:15:44] /goto Eduardo Das Cachorras
[30/7/2012 18:16:0] /goto  Eskimo
[30/7/2012 18:16:36] /goto Leo Rlz
[30/7/2012 18:29:12] /goto  Eskimo
[30/7/2012 18:29:14] /goto Leo Rlz
[30/7/2012 18:30:29] /goto Leo Rlz
[30/7/2012 18:30:32] /goto Leo Rlz
[30/7/2012 18:30:35] /goto Leo Rlz
[30/7/2012 18:30:36] /goto Leo Rlz
[30/7/2012 18:30:38] /goto Leo Rlz
[30/7/2012 18:30:40] /goto Leo Rlz
[30/7/2012 18:30:44] /goto Leo Rlz
[30/7/2012 18:30:46] /goto Leo Rlz
[30/7/2012 18:30:48] /goto Leo Rlz
[30/7/2012 18:30:54] /goto Leo Rlz
[30/7/2012 18:31:13] /goto Leo Rlz
[30/7/2012 18:31:16] /goto Leo Rlz
[30/7/2012 18:31:26] /goto Leo Rlz
[30/7/2012 18:31:29] /goto Leo Rlz
[30/7/2012 18:31:32] /goto Leo Rlz
[30/7/2012 18:31:38] /goto Leo Rlz
[30/7/2012 18:32:12] /goto Leo Rlz
[30/7/2012 18:37:16] /goto Reick El Rachid
[30/7/2012 18:37:41] /goto Lord Foda
[30/7/2012 18:37:45] /goto Reick El Rachid
[30/7/2012 18:39:59] /goto Leo Rlz
[30/7/2012 18:44:59] /goto Reick El Rachid
[30/7/2012 18:50:33] /goto The Axer
[30/7/2012 18:53:36] /goto Eduardo Das Cachorras
[30/7/2012 19:33:57] /goto Lele Sexxyy
[30/7/2012 19:35:5] /goto Lele Sexxyy
[30/7/2012 19:38:35] /goto Lele Sexxyy
[30/7/2012 19:38:39] /goto Lele Sexxyy
[30/7/2012 19:41:0] /goto Mantus Infernalty
[30/7/2012 19:41:7] /goto Leo Rlz
[30/7/2012 19:41:12] /goto Lele Sexxyy
[30/7/2012 19:42:7] /goto Lele Sexxyy
[30/7/2012 19:42:59] /goto Mix Revolutions
[30/7/2012 19:43:17] /goto Leo Rlz
[30/7/2012 19:43:57] /goto Wax Druid
[30/7/2012 19:44:16] /goto Wax Druid
[30/7/2012 19:44:25] /goto Leo Rlz
[30/7/2012 19:44:29] /goto Lele Sexxyy
[30/7/2012 19:47:33] /goto Lele Sexxyy
[30/7/2012 19:48:17] /goto Lele Sexxyy
[30/7/2012 19:48:22] /goto Lele Sexxyy
[30/7/2012 19:48:44] /goto Lele Sexxyy
[30/7/2012 19:49:21] /goto Lele Sexxyy
[30/7/2012 19:50:16] /goto Lele Sexxyy
[30/7/2012 19:50:33] /goto Lele Sexxyy
[30/7/2012 19:50:44] /goto Lele Sexxyy
[30/7/2012 19:51:2] /goto Lele Sexxyy
[30/7/2012 19:54:0] /goto Lele Sexxyy
[30/7/2012 19:56:14] /goto Lele Sexxyy
[30/7/2012 19:56:41] /goto Lele Sexxyy
[30/7/2012 20:0:26] /goto Lele Sexxyy
[30/7/2012 20:0:36] /goto Lele Sexxyy
[30/7/2012 20:2:47] /goto Lele Sexxyy
[30/7/2012 20:2:54] /goto Lele Sexxyy
[30/7/2012 20:2:56] /goto Lele Sexxyy
[30/7/2012 20:9:48] /goto Lele Sexxyy
[30/7/2012 20:16:2] /goto Lele Sexxyy
[30/7/2012 20:16:22] /goto Leo Rlz
[30/7/2012 20:16:27] /goto Lele Sexxyy
[30/7/2012 20:21:53] /town rook
[30/7/2012 20:21:57] /town rookgaard
[30/7/2012 20:22:5] /town rookguard
[30/7/2012 20:27:50] /addskill Psykinha, level 5
[30/7/2012 20:27:55] /addskill Psykinha, level, 4
[30/7/2012 20:28:10] /addskill Danadinha, level, 7
[30/7/2012 20:28:25] /addskill Rodrigo Excalibu, level, 5
[30/7/2012 20:28:37] /addskill Suzuki, level, 4
[30/7/2012 20:28:51] /addskill Krubok, level, 7
[30/7/2012 20:29:6] /addskill Hell Torturer, level, 9
[30/7/2012 20:29:18] /addskill Amila Kratus, level, 4
[30/7/2012 20:29:41] /addskill Decent Ascent, level, 7
[30/7/2012 20:29:51] /addskill Anastasia, level, 6
[30/7/2012 20:30:13] /addskill Diordines, level, 3
[30/7/2012 20:36:35] /t
[30/7/2012 20:49:55] /goto Iguin Topgato
[30/7/2012 20:50:3] /goto Iguin Topgato
[30/7/2012 20:50:4] /goto Iguin Topgato
[30/7/2012 20:50:6] /goto Iguin Topgato
[30/7/2012 20:50:7] /goto Iguin Topgato
[30/7/2012 20:50:9] /goto Iguin Topgato
[30/7/2012 20:50:10] /goto Iguin Topgato
[30/7/2012 20:50:11] /goto Iguin Topgato
[30/7/2012 20:50:13] /goto Iguin Topgato
[30/7/2012 20:50:14] /goto Iguin Topgato
[30/7/2012 20:50:16] /goto Iguin Topgato
[30/7/2012 20:50:17] /goto Iguin Topgato
[30/7/2012 20:50:19] /goto Iguin Topgato
[30/7/2012 20:50:21] /goto Iguin Topgato
[30/7/2012 20:50:22] /goto Iguin Topgato
[30/7/2012 20:50:24] /goto Iguin Topgato
[30/7/2012 20:50:26] /goto Iguin Topgato
[30/7/2012 20:50:27] /goto Iguin Topgato
[30/7/2012 20:50:29] /goto Iguin Topgato
[30/7/2012 20:50:30] /goto Iguin Topgato
[30/7/2012 20:50:32] /goto Iguin Topgato
[30/7/2012 20:50:33] /goto Iguin Topgato
[30/7/2012 20:50:35] /goto Iguin Topgato
[30/7/2012 20:50:37] /goto Iguin Topgato
[30/7/2012 20:50:39] /goto Iguin Topgato
[30/7/2012 20:50:40] /goto Iguin Topgato
[30/7/2012 20:50:42] /goto Iguin Topgato
[30/7/2012 20:50:43] /goto Iguin Topgato
[30/7/2012 20:57:24] /goto Iguin Topgato
[30/7/2012 20:57:47] /goto Iguin Topgato
[30/7/2012 20:57:51] /goto Iguin Topgato
[30/7/2012 20:57:53] /goto Iguin Topgato
[30/7/2012 20:57:55] /goto Iguin Topgato
[30/7/2012 20:57:57] /goto Iguin Topgato
[30/7/2012 20:57:58] /goto Iguin Topgato
[30/7/2012 20:58:0] /goto Iguin Topgato
[30/7/2012 20:58:1] /goto Iguin Topgato
[30/7/2012 20:58:3] /goto Iguin Topgato
[30/7/2012 20:58:14] /goto Iguin Topgato
[30/7/2012 20:58:16] /goto Iguin Topgato
[30/7/2012 20:58:18] /goto Iguin Topgato
[30/7/2012 20:58:19] /goto Iguin Topgato
[30/7/2012 20:58:21] /goto Iguin Topgato
[30/7/2012 20:58:23] /goto Iguin Topgato
[30/7/2012 20:58:25] /goto Iguin Topgato
[30/7/2012 20:58:27] /goto Iguin Topgato
[30/7/2012 20:58:35] /goto Iguin Topgato
[30/7/2012 20:58:38] /goto Iguin Topgato
[30/7/2012 20:58:40] /goto Iguin Topgato
[30/7/2012 20:58:50] /goto Iguin Topgato
[30/7/2012 20:59:23] /goto Iguin Topgato
[30/7/2012 20:59:54] /goto Iguin Topgato
[30/7/2012 20:59:56] /goto Iguin Topgato
[30/7/2012 21:0:28] /goto Iguin Topgato
[30/7/2012 21:0:51] /goto Iguin Topgato
[30/7/2012 21:2:15] /goto Iguin Topgato
[30/7/2012 21:2:17] /goto Iguin Topgato
[30/7/2012 21:2:22] /goto Iguin Topgato
[30/7/2012 21:2:24] /goto Iguin Topgato
[30/7/2012 21:2:27] /goto Iguin Topgato
[30/7/2012 21:2:40] /goto Iguin Topgato
[30/7/2012 21:2:42] /goto Iguin Topgato
[30/7/2012 21:19:44] /goto Leo Rlz
[30/7/2012 21:20:1] /goto Iguin Topgato
[31/7/2012 0:17:1] /town island of peace
[31/7/2012 0:17:6] /r
[31/7/2012 0:17:7] /r
[31/7/2012 0:17:8] /r
[31/7/2012 0:17:10] /r
[31/7/2012 0:17:12] /r
[31/7/2012 0:17:12] /r
[31/7/2012 0:17:14] /r
[31/7/2012 0:17:15] /r
[31/7/2012 0:17:16] /r
[31/7/2012 0:17:17] /r
[31/7/2012 0:17:18] /r
[31/7/2012 0:17:19] /r
[31/7/2012 0:17:22] /r
[31/7/2012 0:17:23] /r
[31/7/2012 0:17:26] /r
[31/7/2012 0:17:27] /r
[31/7/2012 0:17:28] /r
[31/7/2012 0:17:30] /r
[31/7/2012 0:17:34] /r
[31/7/2012 0:17:36] /r
[31/7/2012 0:17:37] /r
[31/7/2012 0:17:39] /r
[31/7/2012 0:17:52] /r
[31/7/2012 0:17:53] /r
[31/7/2012 0:17:56] /r
[31/7/2012 0:17:57] /r
[31/7/2012 0:17:57] /r
[31/7/2012 0:17:59] /r
[31/7/2012 0:18:0] /r
[31/7/2012 0:18:1] /r
[31/7/2012 0:18:2] /r
[31/7/2012 0:18:3] /r
[31/7/2012 1:17:7] /goto Tigreza Nightails
[31/7/2012 1:17:10] /r
[31/7/2012 1:17:11] /r
[31/7/2012 1:17:13] /r
[31/7/2012 1:17:15] /r
[31/7/2012 1:17:16] /r
[31/7/2012 1:17:17] /r
[31/7/2012 1:17:18] /r
[31/7/2012 1:17:19] /r
[31/7/2012 1:17:19] /r
[31/7/2012 1:17:21] /r
[31/7/2012 2:13:28] /goto Amila Kratus
[31/7/2012 2:13:30] /r
[31/7/2012 2:13:31] /r
[31/7/2012 2:13:32] /r
[31/7/2012 2:13:33] /r
[31/7/2012 2:13:33] /r
[31/7/2012 2:13:34] /r
[31/7/2012 2:13:36] /r
[31/7/2012 2:13:38] /r
[31/7/2012 2:13:39] /r
[31/7/2012 2:13:40] /r
[31/7/2012 14:39:25] /t
[31/7/2012 15:50:33] /goto Shadow Scorpion
[31/7/2012 16:20:4] /goto Quake Rlz
[31/7/2012 16:20:34] /t
[31/7/2012 17:24:18] /bc ; CM no help se alguem tiver alguma duvida...
[31/7/2012 18:41:10] /help -p Abnadabe
[31/7/2012 18:43:26] /help -p Poh
[31/7/2012 18:45:7] /help -p Lord Sansungi
[1/8/2012 0:0:12] /goto Anastasia
[1/8/2012 0:0:14] /r
[1/8/2012 0:0:15] /r
[1/8/2012 0:0:16] /r
[1/8/2012 0:0:17] /r
[1/8/2012 0:0:18] /r
[1/8/2012 0:0:18] /r
[1/8/2012 0:0:19] /r
[1/8/2012 0:0:20] /r
[1/8/2012 0:0:21] /r
[1/8/2012 0:0:22] /r
[1/8/2012 0:0:22] /r
[1/8/2012 0:0:29] /goto v
[1/8/2012 0:0:30] /goto Buraytia
[1/8/2012 0:0:32] /r
[1/8/2012 0:0:33] /r
[1/8/2012 0:0:34] /r
[1/8/2012 0:0:34] /r
[1/8/2012 0:0:36] /r
[1/8/2012 0:0:36] /r
[1/8/2012 0:0:38] /r
[1/8/2012 0:0:39] /r
[1/8/2012 0:0:40] /r
[1/8/2012 0:0:42] /r
[1/8/2012 0:5:2] /goto Ceritia
[1/8/2012 0:5:4] /r
[1/8/2012 0:5:4] /r
[1/8/2012 0:5:6] /r
[1/8/2012 0:5:6] /r
[1/8/2012 0:5:7] /r
[1/8/2012 0:5:7] /r
[1/8/2012 0:5:9] /r
[1/8/2012 0:5:10] /r
[1/8/2012 0:5:11] /r
[1/8/2012 0:5:12] /r
[1/8/2012 0:5:13] /r
[1/8/2012 0:5:14] /r
[1/8/2012 0:5:16] /r
[1/8/2012 0:5:18] /r
[1/8/2012 0:5:19] /r
[1/8/2012 0:5:21] /r
[1/8/2012 0:5:22] /r
[1/8/2012 0:5:23] /r
[1/8/2012 0:36:43] /t
[1/8/2012 0:48:6] /town aracura
[1/8/2012 0:52:21] /goto Eduardois Back
[1/8/2012 1:8:49] /goto GM Skating
[1/8/2012 1:9:31] /r
[1/8/2012 1:9:34] /r
[1/8/2012 1:9:36] /r
[1/8/2012 1:9:40] /r
[1/8/2012 1:9:41] /r
[1/8/2012 1:9:42] /r
[1/8/2012 1:14:14] /r
[1/8/2012 1:14:16] /r
[1/8/2012 1:14:23] /r
[1/8/2012 1:14:27] /r
[1/8/2012 1:14:33] /r
[1/8/2012 1:15:5] /r
[1/8/2012 1:15:7] /r
[1/8/2012 1:15:9] /r
[1/8/2012 18:46:12] /goto Cesar On Kanaith
[1/8/2012 18:46:50] /goto Cesar On Kanaith
[1/8/2012 18:47:7] /goto Cesar On Kanaith
[1/8/2012 18:49:3] /down
[1/8/2012 18:49:50] /goto Timao Omikse
[1/8/2012 20:56:48] /t
[1/8/2012 22:18:23] /goto Gambazin
[1/8/2012 22:48:21] /goto Gambazin
[1/8/2012 23:3:1] /goto Gambazin
[2/8/2012 0:12:25] /goto Tigreza Nightails
[2/8/2012 0:12:57] /goto Jiceos
[2/8/2012 0:12:59] /r
[2/8/2012 0:13:0] /r
[2/8/2012 0:13:3] /r
[2/8/2012 0:13:17] /r
[2/8/2012 0:13:19] /r
[2/8/2012 0:13:20] /r
[2/8/2012 0:13:21] /r
[2/8/2012 0:13:23] /r
[2/8/2012 0:13:25] /r
[2/8/2012 0:13:25] /r
[2/8/2012 0:13:27] /r
[2/8/2012 0:13:28] /r
[2/8/2012 0:13:29] /r
[2/8/2012 0:13:30] /r
[2/8/2012 0:13:31] /r
[2/8/2012 0:13:32] /r
[2/8/2012 0:13:34] /r
[2/8/2012 0:13:36] /r
[2/8/2012 0:13:37] /r
[2/8/2012 0:13:37] /r
[2/8/2012 0:13:39] /r
[2/8/2012 0:39:19] /r
[2/8/2012 0:39:20] /r
[2/8/2012 0:39:23] /r
[2/8/2012 0:39:24] /r
[2/8/2012 0:39:26] /r
[2/8/2012 0:39:27] /r
[2/8/2012 0:39:28] /r
[2/8/2012 0:39:28] /r
[2/8/2012 0:39:30] /r
[2/8/2012 0:39:30] /r
[2/8/2012 0:39:32] /r
[2/8/2012 0:39:33] /r
[2/8/2012 0:40:26] /goto Suzuki
[2/8/2012 0:49:5] /r
[2/8/2012 0:49:6] /r
[2/8/2012 0:49:7] /r
[2/8/2012 0:49:8] /r
[2/8/2012 0:49:10] /r
[2/8/2012 0:49:12] /r
[2/8/2012 0:49:13] /r
[2/8/2012 0:49:16] /r
[2/8/2012 0:49:17] /r
[2/8/2012 0:49:18] /r
[2/8/2012 0:49:21] /r
[2/8/2012 12:25:13] /town quendor
[2/8/2012 12:25:37] /goto Anymore
[2/8/2012 12:25:41] /goto Anymore
[2/8/2012 12:25:51] /goto Anymore
[2/8/2012 12:27:1] /t
[2/8/2012 13:32:45] /goto Eduardois Back
[2/8/2012 13:32:49] /goto Eduardois Back
[2/8/2012 13:56:14] /t
[2/8/2012 17:58:19] /goto gambazin
[2/8/2012 17:58:22] /goto gambazin
[2/8/2012 17:58:27] /goto gambazin
[2/8/2012 17:58:29] /goto gambazin
[2/8/2012 17:58:30] /goto gambazin
[2/8/2012 17:58:36] /goto gambazin
[2/8/2012 18:53:56] /goto Lukinhaa Sexy
[2/8/2012 22:55:16] /goto Terykzot
[2/8/2012 23:7:52] /goto Terykzot
[2/8/2012 23:9:16] /goto Terykzot
[2/8/2012 23:20:42] /goto Terykzot
[2/8/2012 23:21:15] /goto Lukinhaa Sexy
[2/8/2012 23:22:18] /goto Lukinhaa Sexy
[2/8/2012 23:22:59] /goto Lukinhaa Sexy
[2/8/2012 23:25:32] /goto Lukinhaa Sexy
[2/8/2012 23:25:39] /goto Lukinhaa Sexy
[2/8/2012 23:25:41] /goto Lukinhaa Sexy
[2/8/2012 23:25:42] /goto Lukinhaa Sexy
[2/8/2012 23:25:44] /goto Lukinhaa Sexy
[2/8/2012 23:25:46] /goto Lukinhaa Sexy
[2/8/2012 23:25:48] /goto Lukinhaa Sexy
[2/8/2012 23:25:50] /goto Lukinhaa Sexy
[2/8/2012 23:25:51] /goto Lukinhaa Sexy
[2/8/2012 23:25:53] /goto Lukinhaa Sexy
[2/8/2012 23:25:56] /goto Lukinhaa Sexy
[2/8/2012 23:25:58] /goto Lukinhaa Sexy
[2/8/2012 23:26:0] /goto Lukinhaa Sexy
[2/8/2012 23:26:2] /goto Lukinhaa Sexy
[2/8/2012 23:26:7] /goto Lukinhaa Sexy
[2/8/2012 23:26:9] /goto Lukinhaa Sexy
[2/8/2012 23:26:11] /goto Lukinhaa Sexy
[2/8/2012 23:26:16] /goto Lukinhaa Sexy
[2/8/2012 23:26:18] /goto Lukinhaa Sexy
[2/8/2012 23:26:20] /goto Lukinhaa Sexy
[2/8/2012 23:26:22] /goto Lukinhaa Sexy
[2/8/2012 23:26:40] /goto Lukinhaa Sexy
[2/8/2012 23:26:43] /goto Lukinhaa Sexy
[2/8/2012 23:26:45] /goto Lukinhaa Sexy
[2/8/2012 23:26:47] /goto Lukinhaa Sexy
[2/8/2012 23:27:24] /goto Lukinhaa Sexy
[2/8/2012 23:27:28] /goto Lukinhaa Sexy
[2/8/2012 23:27:32] /goto Lukinhaa Sexy
[2/8/2012 23:27:36] /goto Lukinhaa Sexy
[2/8/2012 23:27:38] /goto Lukinhaa Sexy
[2/8/2012 23:27:43] /goto Lukinhaa Sexy
[2/8/2012 23:27:47] /goto Lukinhaa Sexy
[2/8/2012 23:32:24] /goto Lukinhaa Sexy
[2/8/2012 23:39:58] /goto Terykzot
[2/8/2012 23:47:30] /town island of peace
[2/8/2012 23:47:36] /r
[2/8/2012 23:47:37] /r
[2/8/2012 23:47:37] /r
[2/8/2012 23:47:38] /r
[2/8/2012 23:47:39] /r
[2/8/2012 23:47:40] /r
[2/8/2012 23:47:43] /r
[2/8/2012 23:47:44] /r
[2/8/2012 23:47:45] /r
[2/8/2012 23:47:46] /r
[2/8/2012 23:47:47] /r
[2/8/2012 23:47:48] /r
[2/8/2012 23:47:50] /r
[2/8/2012 23:47:52] /r
[2/8/2012 23:47:52] /r
[2/8/2012 23:47:54] /r
[2/8/2012 23:47:56] /r
[2/8/2012 23:47:57] /r
[2/8/2012 23:47:59] /r
[2/8/2012 23:48:0] /r
[2/8/2012 23:48:2] /r
[2/8/2012 23:48:4] /r
[2/8/2012 23:48:6] /r
[2/8/2012 23:48:12] /r
[2/8/2012 23:48:14] /r
[2/8/2012 23:48:15] /r
[2/8/2012 23:48:18] /r
[2/8/2012 23:52:42] /r
[2/8/2012 23:52:43] /r
[2/8/2012 23:52:46] /r
[2/8/2012 23:52:47] /r
[2/8/2012 23:52:47] /r
[2/8/2012 23:52:48] /r
[2/8/2012 23:52:49] /r
[2/8/2012 23:52:49] /r
[2/8/2012 23:52:49] /r
[2/8/2012 23:52:51] /r
[2/8/2012 23:52:54] /town quendor
[3/8/2012 0:0:23] /goto Anastasia
[3/8/2012 0:0:25] /r
[3/8/2012 0:0:29] /r
[3/8/2012 0:0:31] /r
[3/8/2012 0:0:32] /r
[3/8/2012 0:0:33] /r
[3/8/2012 0:0:36] /r
[3/8/2012 0:0:38] /r
[3/8/2012 0:0:41] /r
[3/8/2012 0:0:42] /r
[3/8/2012 0:0:44] /r
[3/8/2012 2:15:0] /t
[3/8/2012 5:7:19] /town aracura
[3/8/2012 20:6:14] /goto Rashid
[3/8/2012 20:7:54] /goto Dropadero
[4/8/2012 0:25:40] /town island of peace
[4/8/2012 0:25:46] /r
[4/8/2012 0:25:47] /r
[4/8/2012 0:25:47] /r
[4/8/2012 0:25:48] /r
[4/8/2012 0:25:49] /r
[4/8/2012 0:25:50] /r
[4/8/2012 0:25:50] /r
[4/8/2012 0:25:51] /r
[4/8/2012 0:25:52] /r
[4/8/2012 0:25:53] /r
[4/8/2012 0:26:55] /r
[4/8/2012 0:26:57] /r
[4/8/2012 0:26:59] /r
[4/8/2012 0:27:0] /r
[4/8/2012 0:27:1] /r
[4/8/2012 0:34:51] /r
[4/8/2012 0:34:53] /r
[4/8/2012 0:34:54] /r
[4/8/2012 0:34:56] /r
[4/8/2012 0:34:58] /r
[4/8/2012 0:43:45] /r
[4/8/2012 0:43:46] /r
[4/8/2012 0:43:48] /r
[4/8/2012 0:43:50] /r
[4/8/2012 0:44:12] /r
[4/8/2012 0:44:13] /r
[4/8/2012 0:44:15] /r
[4/8/2012 0:44:16] /r
[4/8/2012 0:44:16] /r
[4/8/2012 0:44:17] /r
[4/8/2012 0:44:18] /r
[4/8/2012 0:44:20] /r
[4/8/2012 0:44:56] /r
[4/8/2012 0:44:58] /r
[4/8/2012 0:44:59] /r
[4/8/2012 0:45:33] /goto Anastasia
[4/8/2012 0:45:40] /goto Rodrigo ~
[4/8/2012 0:45:58] /goto Buraytia
[4/8/2012 0:46:19] /addskill Buraytia, level, 7
[4/8/2012 0:46:21] /r
[4/8/2012 0:46:50] /addskill Mattias Jobs, level, 9
[4/8/2012 0:47:4] /addskill Dorian, level, 6
[4/8/2012 0:47:21] /addskill Gordon, level, 8
[4/8/2012 0:47:40] /addskill Pixaios, level, 6
[4/8/2012 0:47:56] /addskill Thayios, level, 7
[4/8/2012 0:48:13] /addskill Garrosh Hellscream, level, 8
[4/8/2012 0:48:49] /r
[4/8/2012 0:48:49] /r
[4/8/2012 0:48:50] /r
[4/8/2012 0:48:52] /r
[4/8/2012 0:48:53] /r
[4/8/2012 0:48:55] /r
[4/8/2012 0:50:11] /r
[4/8/2012 0:50:12] /r
[4/8/2012 0:50:13] /r
[4/8/2012 0:50:14] /r
[4/8/2012 0:50:16] /r
[4/8/2012 0:50:39] /goto Ryan Gracie
[4/8/2012 0:50:50] /goto Ryan Gracie
[4/8/2012 0:50:55] /goto Ryan Gracie
[4/8/2012 3:6:24] /goto Trunkz
[4/8/2012 3:8:59] /goto Lukinhaa Sexy
[4/8/2012 15:59:17] /town quendor
[4/8/2012 16:0:41] /town kashmir
[4/8/2012 16:0:51] /town quendor
[4/8/2012 22:34:3] /town island of peace
[4/8/2012 22:34:9] /r
[4/8/2012 22:34:10] /r
[4/8/2012 22:34:10] /r
[4/8/2012 22:34:11] /r
[4/8/2012 22:34:12] /r
[4/8/2012 22:34:13] /r
[4/8/2012 22:34:14] /r
[4/8/2012 22:34:16] /r
[4/8/2012 22:34:18] /r
[4/8/2012 22:34:18] /r
[4/8/2012 22:34:19] /r
[4/8/2012 22:34:20] /r
[4/8/2012 22:34:21] /r
[4/8/2012 22:34:23] /r
[4/8/2012 22:34:24] /r
[4/8/2012 22:34:27] /r
[4/8/2012 22:34:28] /r
[4/8/2012 22:34:29] /r
[4/8/2012 22:36:7] /r
[4/8/2012 22:36:8] /r
[4/8/2012 22:36:10] /r
[4/8/2012 22:36:39] /r
[4/8/2012 22:36:40] /r
[4/8/2012 22:36:43] /r
[4/8/2012 22:36:46] /r
[4/8/2012 22:36:47] /r
[4/8/2012 22:36:49] /r
[4/8/2012 22:36:49] /r
[4/8/2012 22:36:51] /r
[4/8/2012 22:36:51] /r
[4/8/2012 22:36:53] /r
[4/8/2012 22:36:53] /r
[4/8/2012 22:36:55] /r
[4/8/2012 22:36:57] /r
[4/8/2012 22:36:59] /r
[5/8/2012 1:32:5] /town rookgaard
[5/8/2012 1:32:8] /town rookguard
[5/8/2012 1:32:11] /r
[5/8/2012 1:32:12] /r
[5/8/2012 1:32:14] /r
[5/8/2012 1:32:15] /r
[5/8/2012 1:32:17] /r
[5/8/2012 1:32:18] /r
[5/8/2012 1:32:20] /r
[5/8/2012 1:32:21] /r
[5/8/2012 1:32:22] /r
[5/8/2012 1:32:23] /r
[5/8/2012 1:32:24] /r
[5/8/2012 1:32:26] /r
[5/8/2012 1:32:31] /r
[5/8/2012 1:32:32] /r
[5/8/2012 1:32:35] /r
[5/8/2012 13:24:9] /bc ; Cansado de abrir o IPChanger toda vez que quer jogar no UltraX? Agora o Darghos dispoe um cliente com conexão automatica que não precisa de IPChanger, mapa aberto completo e outras vantagens! Baixe em nosso website -> www.ultraxsoft.com/ot
[5/8/2012 14:44:44] /town quendor
[5/8/2012 14:45:58] /up
[5/8/2012 15:11:1] /bc ; Devido o rollback os monstros estão dando 50% mais experience para que todos possam recuperar as horas perdidas mais facilmente. Desculpem pelo problema.
[5/8/2012 15:12:38] /reload configs
[5/8/2012 15:12:40] /reload config
[5/8/2012 15:13:13] /bc ; Os monstros também estão dando o dobro de gold. Isto somente até o proximo server save.
[5/8/2012 16:9:32] /goto Yolanda
[5/8/2012 16:17:40] /storage global, 20022
[5/8/2012 16:19:30] /c Yolanda
[5/8/2012 18:27:36] /reload spells
[5/8/2012 18:27:44] /goto Lukinhaa ~
[5/8/2012 18:27:48] /goto Lukinhaa Sexy
[5/8/2012 18:28:18] /goto Lukinhaa Sexy
[5/8/2012 18:28:23] /goto Lukinhaa Sexy
[5/8/2012 18:28:33] /goto Lukinhaa Sexy
[5/8/2012 18:28:37] /goto Lukinhaa Sexy
[5/8/2012 18:28:42] /goto Lukinhaa Sexy
[5/8/2012 18:32:2] /goto Lukinhaa Sexy
[5/8/2012 18:33:53] /reload spells
[5/8/2012 18:37:58] /goto Lukinhaa Sexy
[5/8/2012 18:38:1] /goto Lukinhaa Sexy
[5/8/2012 18:38:9] /reload spells
[5/8/2012 18:38:13] /goto Lukinhaa Sexy
[5/8/2012 18:38:16] /goto Lukinhaa Sexy
[5/8/2012 18:38:23] /goto Lukinhaa Sexy
[5/8/2012 18:38:29] /goto Lukinhaa Sexy
[5/8/2012 18:38:31] /goto Lukinhaa Sexy
[5/8/2012 18:38:33] /goto Lukinhaa Sexy
[5/8/2012 18:38:35] /goto Lukinhaa Sexy
[5/8/2012 18:38:37] /goto Lukinhaa Sexy
[5/8/2012 18:38:40] /goto Lukinhaa Sexy
[5/8/2012 18:39:15] /goto Lukinhaa Sexy
[5/8/2012 18:39:17] /goto Lukinhaa Sexy
[5/8/2012 18:39:23] /goto Lukinhaa Sexy
[5/8/2012 18:39:25] /goto Lukinhaa Sexy
[5/8/2012 18:39:26] /goto Lukinhaa Sexy
[5/8/2012 18:39:28] /goto Lukinhaa Sexy
[5/8/2012 18:39:29] /goto Lukinhaa Sexy
[5/8/2012 18:39:43] /goto Abnadabe
[5/8/2012 18:43:26] /goto Lukinhaa Sexy
[5/8/2012 18:43:28] /goto Abnadabe
[5/8/2012 18:43:59] /goto Abnadabe
[5/8/2012 18:45:10] /goto Abnadabe
[5/8/2012 18:45:12] /goto Lukinhaa Sexy
[5/8/2012 18:46:17] /goto Lukinhaa Sexy
[5/8/2012 18:46:19] /goto Abnadabe
[5/8/2012 18:46:33] /goto Abnadabe
[5/8/2012 18:49:42] /goto Lukinhaa Sexy
[5/8/2012 18:49:45] /goto Abnadabe
[5/8/2012 18:49:47] /goto Lukinhaa Sexy
[5/8/2012 18:52:0] /goto Abnadabe
[5/8/2012 18:53:32] /goto Abnadabe
[5/8/2012 18:53:34] /goto Lukinhaa Sexy
[5/8/2012 18:53:36] /goto Abnadabe
[5/8/2012 18:53:46] /goto Abnadabe
[5/8/2012 18:53:49] /goto Abnadabe
[5/8/2012 19:0:5] /t
[5/8/2012 19:54:50] /goto Looney Ironic
[5/8/2012 19:59:16] /goto Rashid
[5/8/2012 20:52:23] /goto Zikinha ~
[6/8/2012 0:18:31] /town island of peace
[6/8/2012 0:19:29] /r
[6/8/2012 0:19:30] /r
[6/8/2012 0:19:32] /r
[6/8/2012 0:20:5] /r
[6/8/2012 0:20:5] /r
[6/8/2012 0:20:7] /r
[6/8/2012 0:20:8] /r
[6/8/2012 0:20:27] /r
[6/8/2012 0:20:29] /r
[6/8/2012 0:20:30] /r
[6/8/2012 0:20:30] /r
[6/8/2012 0:20:31] /r
[6/8/2012 0:20:32] /r
[6/8/2012 0:20:49] /r
[6/8/2012 0:20:51] /r
[6/8/2012 0:20:53] /r
[6/8/2012 0:20:54] /r
[6/8/2012 0:20:56] /r
[6/8/2012 0:21:0] /r
[6/8/2012 0:21:2] /r
[6/8/2012 0:21:4] /r
[6/8/2012 0:21:6] /r
[6/8/2012 1:2:41] /town quendor
[6/8/2012 1:19:27] /town island of peace
[6/8/2012 1:19:44] /r
[6/8/2012 1:19:45] /r
[6/8/2012 1:19:46] /r
[6/8/2012 1:19:48] /r
[6/8/2012 1:19:49] /r
[6/8/2012 1:19:49] /r
[6/8/2012 1:19:49] /r
[6/8/2012 1:19:50] /r
[6/8/2012 1:19:51] /r
[6/8/2012 1:19:51] /r
[6/8/2012 1:19:51] /r
[6/8/2012 1:19:52] /r
[6/8/2012 1:19:54] /r
[6/8/2012 1:20:19] /goto Diordines
[6/8/2012 1:20:28] /goto Naejios]
[6/8/2012 1:20:30] /goto Naejios
[6/8/2012 1:20:32] /r
[6/8/2012 1:20:33] /r
[6/8/2012 1:20:34] /r
[6/8/2012 1:20:35] /r
[6/8/2012 1:20:35] /r
[6/8/2012 1:20:36] /r
[6/8/2012 1:20:37] /r
[6/8/2012 1:20:39] /r
[6/8/2012 1:20:40] /r
[6/8/2012 1:20:42] /r
[6/8/2012 11:34:7] /reload config
[6/8/2012 11:34:12] /reload creaturescripts
[7/8/2012 1:23:32] /r
[7/8/2012 1:23:33] /r
[7/8/2012 1:23:34] /r
[7/8/2012 1:23:36] /r
[7/8/2012 1:23:39] /r
[7/8/2012 1:23:41] /r
[7/8/2012 1:23:42] /r
[7/8/2012 1:23:43] /r
[7/8/2012 1:23:44] /r
[7/8/2012 1:23:45] /r
[7/8/2012 1:23:47] /r
[7/8/2012 1:23:50] /r
[7/8/2012 1:33:58] /town island of peace
[7/8/2012 1:34:5] /r
[7/8/2012 1:34:7] /r
[7/8/2012 1:34:8] /r
[7/8/2012 1:34:9] /r
[7/8/2012 1:34:9] /r
[7/8/2012 1:34:12] /r
[7/8/2012 1:34:12] /r
[7/8/2012 1:34:14] /r
[7/8/2012 1:34:14] /r
[7/8/2012 1:34:15] /r
[7/8/2012 1:34:17] /r
[7/8/2012 1:34:18] /r
[7/8/2012 1:34:20] /r
[7/8/2012 1:34:21] /r
[7/8/2012 1:34:23] /r
[7/8/2012 1:34:24] /r
[7/8/2012 1:34:26] /r
[7/8/2012 1:34:27] /r
[7/8/2012 1:34:32] /r
[7/8/2012 1:34:33] /r
[7/8/2012 1:34:34] /r
[7/8/2012 1:34:36] /r
[7/8/2012 1:34:52] /goto GM Skating
[7/8/2012 1:34:59] /town island of peace
[7/8/2012 1:35:8] /r
[7/8/2012 1:35:8] /r
[7/8/2012 1:35:24] /r
[7/8/2012 1:35:25] /r
[7/8/2012 1:35:25] /r
[7/8/2012 1:35:27] /r
[7/8/2012 1:35:27] /r
[7/8/2012 1:35:31] /r
[7/8/2012 1:35:32] /r
[7/8/2012 1:35:33] /r
[7/8/2012 1:53:1] /t
[8/8/2012 2:31:5] /town island of peace
[8/8/2012 2:31:10] /r
[8/8/2012 2:31:10] /r
[8/8/2012 2:31:11] /r
[8/8/2012 2:31:12] /r
[8/8/2012 2:31:14] /r
[8/8/2012 2:31:16] /r
[8/8/2012 2:31:16] /r
[8/8/2012 2:31:17] /r
[8/8/2012 2:31:18] /r
[8/8/2012 2:31:19] /r
[8/8/2012 2:31:20] /r
[8/8/2012 2:31:23] /r
[8/8/2012 2:31:24] /r
[8/8/2012 2:31:30] /r
[8/8/2012 2:31:32] /r
[8/8/2012 2:31:33] /r
[8/8/2012 2:31:35] /r
[8/8/2012 2:31:37] /r
[8/8/2012 2:31:39] /r
[8/8/2012 2:31:40] /r
[8/8/2012 2:31:45] /r
[8/8/2012 2:31:46] /r
[8/8/2012 2:31:48] /r
[8/8/2012 2:34:10] /r
[8/8/2012 2:34:11] /r
[8/8/2012 2:34:13] /r
[8/8/2012 2:34:14] /r
[8/8/2012 2:34:15] /r
[8/8/2012 2:34:16] /r
[8/8/2012 2:34:18] /r
[8/8/2012 2:34:19] /r
[8/8/2012 2:34:19] /r
[8/8/2012 2:34:21] /r
[8/8/2012 2:34:21] /r
[8/8/2012 2:34:23] /r
[8/8/2012 2:35:39] /town rookgaard
[8/8/2012 2:35:42] /town rookguard
[8/8/2012 2:35:45] /r
[8/8/2012 2:35:47] /r
[8/8/2012 2:35:48] /r
[8/8/2012 2:35:49] /r
[8/8/2012 2:35:50] /r
[8/8/2012 2:35:51] /r
[8/8/2012 2:35:52] /r
[8/8/2012 2:35:53] /r
[8/8/2012 2:35:54] /r
[8/8/2012 2:35:56] /r
[8/8/2012 2:35:56] /r
[8/8/2012 2:35:59] /r
[8/8/2012 2:36:0] /r
[9/8/2012 1:53:21] /r
[9/8/2012 1:53:21] /r
[9/8/2012 1:53:22] /r
[9/8/2012 1:53:23] /r
[9/8/2012 1:53:24] /r
[9/8/2012 1:53:26] /r
[9/8/2012 1:53:28] /r
[9/8/2012 1:53:30] /r
[9/8/2012 1:53:31] /r
[9/8/2012 1:53:32] /r
[9/8/2012 1:53:34] /r
[9/8/2012 1:53:38] /town island of peace
[9/8/2012 1:53:43] /r
[9/8/2012 1:53:44] /r
[9/8/2012 1:53:45] /r
[9/8/2012 1:53:47] /r
[9/8/2012 1:53:48] /r
[9/8/2012 1:53:49] /r
[9/8/2012 1:53:50] /r
[9/8/2012 1:53:51] /r
[9/8/2012 1:53:53] /r
[9/8/2012 1:53:54] /r
[9/8/2012 1:53:56] /r
[9/8/2012 1:53:57] /r
[9/8/2012 1:53:59] /r
[9/8/2012 1:54:1] /r
[9/8/2012 1:54:2] /r
[9/8/2012 1:54:5] /r
[9/8/2012 1:54:10] /r
[9/8/2012 1:54:11] /r
[9/8/2012 1:54:23] /r
[9/8/2012 1:54:25] /r
[9/8/2012 1:54:28] /r
[9/8/2012 1:54:29] /r
[9/8/2012 1:54:30] /r
[9/8/2012 1:54:30] /r
[9/8/2012 1:54:31] /r
[9/8/2012 1:54:32] /r
[10/8/2012 1:1:58] /r
[10/8/2012 1:2:0] /r
[10/8/2012 1:2:2] /r
[10/8/2012 1:2:4] /r
[10/8/2012 1:2:4] /r
[10/8/2012 1:2:6] /r
[10/8/2012 1:2:9] /r
[10/8/2012 1:2:10] /r
[10/8/2012 1:2:20] /r
[10/8/2012 1:2:22] /r
[10/8/2012 1:2:23] /r
[10/8/2012 1:2:24] /r
[10/8/2012 1:2:25] /r
[10/8/2012 1:2:26] /r
[10/8/2012 1:2:27] /r
[10/8/2012 1:2:28] /r
[10/8/2012 1:2:29] /r
[10/8/2012 1:2:31] /r
[10/8/2012 1:2:33] /r
[10/8/2012 1:2:35] /r
[10/8/2012 1:2:36] /r
[10/8/2012 1:2:37] /r
[10/8/2012 1:2:43] /r
[10/8/2012 1:2:44] /r
[10/8/2012 1:2:46] /r
[10/8/2012 1:2:48] /r
[10/8/2012 1:2:54] /town rookguard
[10/8/2012 1:2:57] /r
[10/8/2012 1:2:59] /r
[10/8/2012 1:3:1] /r
[10/8/2012 1:3:2] /r
[10/8/2012 1:3:2] /r
[10/8/2012 1:3:4] /r
[10/8/2012 1:3:5] /r
[10/8/2012 1:3:6] /r
[10/8/2012 1:3:7] /r
[10/8/2012 1:3:9] /r
[10/8/2012 1:3:10] /r
[10/8/2012 1:3:12] /r
[10/8/2012 22:51:53] /r
[10/8/2012 22:51:55] /r
[10/8/2012 22:51:56] /r
[10/8/2012 22:51:57] /r
[10/8/2012 22:51:58] /r
[10/8/2012 22:52:1] /r
[11/8/2012 1:36:17] /town island of peace
[11/8/2012 1:36:26] /r
[11/8/2012 1:36:27] /r
[11/8/2012 1:36:27] /r
[11/8/2012 1:36:28] /r
[11/8/2012 1:36:29] /r
[11/8/2012 1:36:30] /r
[11/8/2012 1:36:31] /r
[11/8/2012 1:36:32] /r
[11/8/2012 1:36:33] /r
[11/8/2012 1:36:35] /r
[11/8/2012 1:36:37] /r
[11/8/2012 1:36:39] /r
[11/8/2012 1:36:44] /r
[11/8/2012 1:36:46] /r
[11/8/2012 1:36:48] /r
[11/8/2012 1:36:49] /r
[11/8/2012 1:49:9] /r
[11/8/2012 1:49:12] /r
[11/8/2012 1:49:12] /r
[11/8/2012 1:49:13] /r
[11/8/2012 1:49:15] /r
[11/8/2012 1:49:16] /r
[11/8/2012 1:49:18] /r
[11/8/2012 1:49:19] /r
[11/8/2012 1:49:21] /r
[14/8/2012 2:31:41] /r
[14/8/2012 2:31:43] /r
[14/8/2012 2:31:44] /r
[14/8/2012 2:31:45] /r
[14/8/2012 2:31:48] /r
[14/8/2012 2:31:49] /r
[14/8/2012 2:32:3] /r
[14/8/2012 2:32:4] /r
[14/8/2012 2:32:5] /r
[14/8/2012 2:32:6] /r
[14/8/2012 2:32:6] /r
[14/8/2012 2:32:8] /r
[14/8/2012 2:32:10] /r
[14/8/2012 2:32:12] /r
[14/8/2012 2:32:14] /r
[14/8/2012 2:32:15] /r
[15/8/2012 0:38:11] /goto Lukinhaa Sexy
[15/8/2012 0:38:24] /goto Archer Mitex
[15/8/2012 0:41:20] /t
[15/8/2012 0:43:41] /town island of peace
[15/8/2012 0:43:50] /r
[15/8/2012 0:43:51] /r
[15/8/2012 0:43:52] /r
[15/8/2012 0:43:53] /r
[15/8/2012 0:43:55] /r
[15/8/2012 0:43:56] /r
[15/8/2012 0:44:0] /r
[15/8/2012 0:44:2] /r
[15/8/2012 0:44:3] /r
[15/8/2012 0:44:5] /r
[15/8/2012 0:44:6] /r
[15/8/2012 0:44:6] /r
[15/8/2012 0:44:8] /r
[15/8/2012 0:44:10] /r
[15/8/2012 0:44:11] /r
[15/8/2012 0:44:12] /r
[15/8/2012 0:44:15] /r
[15/8/2012 0:44:17] /r
[15/8/2012 0:44:18] /r
[15/8/2012 0:44:20] /r
[15/8/2012 0:44:21] /r
[15/8/2012 0:44:23] /r
[15/8/2012 0:44:25] /r
[15/8/2012 0:44:30] /r
[15/8/2012 0:44:32] /r
[15/8/2012 0:44:34] /r
[15/8/2012 0:44:36] /r
[15/8/2012 0:45:18] /r
[15/8/2012 0:45:20] /r
[15/8/2012 0:45:21] /r
[15/8/2012 0:45:25] /r
[15/8/2012 0:45:26] /r
[15/8/2012 0:45:27] /r
[15/8/2012 0:45:28] /r
[15/8/2012 0:45:29] /r
[15/8/2012 0:45:29] /r
[15/8/2012 0:45:30] /r
[15/8/2012 0:45:32] /r
[16/8/2012 8:37:40] /r
[16/8/2012 8:37:41] /r
[16/8/2012 8:37:42] /r
[16/8/2012 8:37:45] /r
[16/8/2012 8:37:46] /r
[16/8/2012 8:37:47] /r
[16/8/2012 8:37:48] /r
[16/8/2012 8:37:49] /r
[16/8/2012 8:37:53] /r
[16/8/2012 8:37:55] /r
[16/8/2012 8:37:57] /r
[16/8/2012 8:38:9] /r
[16/8/2012 8:38:10] /r
[16/8/2012 8:38:11] /r
[16/8/2012 8:38:12] /r
[16/8/2012 8:38:13] /r
[16/8/2012 8:38:15] /r
[16/8/2012 8:38:17] /r
[16/8/2012 8:38:18] /r
[16/8/2012 8:38:21] /r
[16/8/2012 8:38:22] /r
[16/8/2012 8:38:24] /r
[16/8/2012 8:38:26] /r
[16/8/2012 8:38:27] /r
[17/8/2012 0:52:28] /r
[17/8/2012 0:52:30] /r
[17/8/2012 0:52:30] /r
[17/8/2012 0:52:32] /r
[17/8/2012 0:52:33] /r
[17/8/2012 0:52:35] /r
[17/8/2012 0:52:36] /r
[17/8/2012 0:52:38] /r
[17/8/2012 0:52:40] /r
[17/8/2012 0:52:41] /r
[17/8/2012 0:52:41] /r
[17/8/2012 0:52:43] /r
[17/8/2012 0:52:44] /r
[17/8/2012 0:52:46] /r
[17/8/2012 0:52:48] /r
[17/8/2012 0:52:48] /r
[17/8/2012 0:52:50] /r
[17/8/2012 0:52:51] /r
[17/8/2012 0:52:52] /r
[17/8/2012 0:52:55] /r
[17/8/2012 0:52:59] /r
[17/8/2012 0:53:0] /r
[17/8/2012 0:53:3] /r
[17/8/2012 0:53:23] /r
[17/8/2012 0:53:24] /r
[17/8/2012 0:53:27] /r
[17/8/2012 0:53:29] /r
[17/8/2012 0:53:31] /r
[17/8/2012 0:53:32] /r
[17/8/2012 0:53:33] /r
[17/8/2012 0:53:33] /r
[17/8/2012 0:53:34] /r
[17/8/2012 0:53:36] /r
[17/8/2012 0:53:37] /r
[17/8/2012 0:53:38] /r
[17/8/2012 0:53:40] /r
[17/8/2012 0:53:41] /r
[17/8/2012 0:53:42] /r
[19/8/2012 23:40:53] /r
[19/8/2012 23:40:53] /r
[19/8/2012 23:40:56] /r
[19/8/2012 23:40:57] /r
[19/8/2012 23:40:57] /r
[19/8/2012 23:40:58] /r
[19/8/2012 23:40:59] /r
[19/8/2012 23:41:0] /r
[19/8/2012 23:41:1] /r
[19/8/2012 23:41:1] /r
[19/8/2012 23:41:12] /r
[19/8/2012 23:41:13] /r
[19/8/2012 23:41:15] /r
[19/8/2012 23:41:16] /r
[19/8/2012 23:41:17] /r
[19/8/2012 23:41:18] /r
[19/8/2012 23:41:19] /r
[19/8/2012 23:41:20] /r
[19/8/2012 23:41:21] /r
[19/8/2012 23:41:22] /r
[19/8/2012 23:41:23] /r
[19/8/2012 23:41:25] /r
[19/8/2012 23:41:26] /r
[19/8/2012 23:41:28] /r
[19/8/2012 23:41:30] /r
[19/8/2012 23:41:32] /r
[19/8/2012 23:41:34] /r
[19/8/2012 23:41:40] /r
[19/8/2012 23:41:42] /r
[19/8/2012 23:41:50] /r
[19/8/2012 23:41:52] /r
[21/8/2012 0:42:56] /r
[21/8/2012 0:42:58] /r
[21/8/2012 0:42:58] /r
[21/8/2012 0:42:59] /r
[21/8/2012 0:43:2] /r
[21/8/2012 0:43:2] /r
[21/8/2012 0:43:3] /r
[21/8/2012 0:43:4] /r
[21/8/2012 0:43:5] /r
[21/8/2012 0:43:6] /r
[21/8/2012 0:43:7] /r
[21/8/2012 0:43:9] /r
[21/8/2012 0:43:10] /r
[21/8/2012 0:43:12] /r
[21/8/2012 0:43:14] /r
[21/8/2012 0:43:15] /r
[21/8/2012 0:43:16] /r
[21/8/2012 0:43:18] /r
[21/8/2012 0:43:23] /r
[21/8/2012 0:43:25] /r
[21/8/2012 0:43:27] /r
[21/8/2012 0:43:29] /r
[21/8/2012 0:43:42] /r
[21/8/2012 0:43:43] /r
[21/8/2012 0:43:46] /r
[21/8/2012 0:43:46] /r
[21/8/2012 0:43:47] /r
[21/8/2012 0:43:48] /r
[21/8/2012 0:43:50] /r
[21/8/2012 0:43:51] /r
[21/8/2012 0:43:51] /r
[21/8/2012 0:43:52] /r
[22/8/2012 0:20:58] /r
[22/8/2012 0:20:59] /r
[22/8/2012 0:21:0] /r
[22/8/2012 0:21:1] /r
[22/8/2012 0:21:3] /r
[22/8/2012 0:21:6] /r
[22/8/2012 0:21:7] /r
[22/8/2012 0:21:8] /r
[22/8/2012 0:21:10] /r
[22/8/2012 0:21:15] /r
[22/8/2012 0:21:26] /r
[22/8/2012 0:21:27] /r
[22/8/2012 0:21:28] /r
[22/8/2012 0:21:30] /r
[22/8/2012 0:21:31] /r
[22/8/2012 0:21:33] /r
[22/8/2012 0:21:34] /r
[22/8/2012 0:21:38] /r
[22/8/2012 0:21:38] /r
[22/8/2012 0:21:40] /r
[22/8/2012 0:21:41] /r
[22/8/2012 0:21:42] /r
[22/8/2012 0:21:43] /r
[22/8/2012 0:21:45] /r
[22/8/2012 0:21:46] /r
[22/8/2012 0:21:48] /r
[22/8/2012 0:21:50] /r
[22/8/2012 0:21:51] /r
[22/8/2012 0:21:53] /r
[22/8/2012 0:21:54] /r
[22/8/2012 0:21:56] /r
[22/8/2012 0:22:14] /r
[22/8/2012 0:22:16] /r
[22/8/2012 0:22:19] /r
[23/8/2012 0:38:19] /r
[23/8/2012 0:38:21] /r
[23/8/2012 0:38:23] /r
[23/8/2012 0:38:25] /r
[23/8/2012 0:38:27] /r
[23/8/2012 0:38:27] /r
[23/8/2012 0:38:29] /r
[23/8/2012 0:38:30] /r
[23/8/2012 0:38:31] /r
[23/8/2012 0:38:32] /r
[23/8/2012 0:38:32] /r
[23/8/2012 0:38:33] /r
[23/8/2012 0:38:35] /r
[23/8/2012 0:38:37] /r
[23/8/2012 0:38:42] /r
[23/8/2012 0:38:42] /r
[23/8/2012 0:38:44] /r
[23/8/2012 0:38:49] /r
[23/8/2012 0:38:50] /r
[23/8/2012 0:38:51] /r
[23/8/2012 0:38:53] /r
[23/8/2012 0:38:54] /r
[23/8/2012 0:38:55] /r
[23/8/2012 0:38:56] /r
[23/8/2012 0:39:9] /r
[23/8/2012 0:39:11] /r
[23/8/2012 0:39:15] /r
[23/8/2012 0:39:19] /r
[23/8/2012 0:39:21] /r
[23/8/2012 0:39:22] /r
[23/8/2012 0:39:25] /r
[23/8/2012 0:39:26] /r
[23/8/2012 0:39:28] /r
[23/8/2012 0:39:30] /r
[23/8/2012 0:39:30] /r
[23/8/2012 0:39:31] /r
[24/8/2012 1:24:21] /r
[24/8/2012 1:24:24] /r
[24/8/2012 1:24:25] /r
[24/8/2012 1:24:26] /r
[24/8/2012 1:24:27] /r
[24/8/2012 1:24:28] /r
[24/8/2012 1:24:28] /r
[24/8/2012 1:24:29] /r
[24/8/2012 1:24:32] /r
[24/8/2012 1:24:34] /r
[24/8/2012 1:24:35] /r
[24/8/2012 1:24:36] /r
[24/8/2012 1:24:47] /r
[24/8/2012 1:24:49] /r
[24/8/2012 1:24:50] /r
[24/8/2012 1:24:50] /r
[24/8/2012 1:24:51] /r
[24/8/2012 1:24:52] /r
[24/8/2012 1:24:57] /r
[24/8/2012 1:24:58] /r
[24/8/2012 1:24:59] /r
[24/8/2012 1:25:0] /r
[24/8/2012 1:25:0] /r
[24/8/2012 1:25:4] /r
[24/8/2012 1:25:6] /r
[24/8/2012 1:25:7] /r
[24/8/2012 1:25:15] /r
[24/8/2012 1:25:16] /r
[24/8/2012 1:25:19] /r
[24/8/2012 1:25:21] /r
[24/8/2012 1:25:23] /r
[31/8/2012 2:5:10] /r
[31/8/2012 2:5:11] /r
[31/8/2012 2:5:14] /r
[31/8/2012 2:5:16] /r
[31/8/2012 2:5:17] /r
[31/8/2012 2:5:19] /r
[31/8/2012 2:5:19] /r
[31/8/2012 2:5:21] /r
[31/8/2012 2:5:22] /r
[31/8/2012 2:5:23] /r
[31/8/2012 2:5:24] /r
[31/8/2012 2:5:25] /r
[31/8/2012 2:5:29] /r
[31/8/2012 2:5:30] /r
[31/8/2012 2:5:30] /r
[31/8/2012 2:5:31] /r
[31/8/2012 2:5:33] /r
[31/8/2012 2:5:34] /r
[31/8/2012 2:5:35] /r
[31/8/2012 2:5:40] /r
[31/8/2012 2:5:42] /r
[31/8/2012 2:5:47] /r
[31/8/2012 2:6:0] /r
[31/8/2012 2:6:0] /r
[31/8/2012 2:6:3] /r
[31/8/2012 2:6:5] /r
[31/8/2012 2:6:8] /r
[31/8/2012 2:6:8] /r
[31/8/2012 2:6:10] /r
[31/8/2012 2:6:10] /r
[31/8/2012 2:6:12] /r
[31/8/2012 2:6:15] /r
[31/8/2012 2:6:15] /r
[31/8/2012 2:6:16] /r
[3/9/2012 8:52:4] /t
[3/9/2012 9:0:46] /town island of peace
[3/9/2012 9:0:52] /r
[3/9/2012 9:0:53] /r
[3/9/2012 9:0:55] /r
[3/9/2012 9:0:56] /r
[3/9/2012 9:0:56] /r
[3/9/2012 9:0:57] /r
[3/9/2012 9:0:58] /r
[3/9/2012 9:0:59] /r
[3/9/2012 9:1:0] /r
[3/9/2012 9:1:1] /r
[3/9/2012 9:1:2] /r
[3/9/2012 9:1:5] /r
[3/9/2012 9:1:6] /r
[3/9/2012 9:1:8] /r
[3/9/2012 9:1:9] /r
[3/9/2012 9:1:10] /r
[3/9/2012 9:1:14] /r
[3/9/2012 9:1:16] /r
[3/9/2012 9:1:18] /r
[3/9/2012 19:17:42] /town quendor
[3/9/2012 21:50:20] /goto Don Testrupa
[4/9/2012 0:47:51] /town island of peace
[4/9/2012 0:48:14] /r
[4/9/2012 0:48:17] /r
[4/9/2012 0:48:17] /r
[4/9/2012 0:48:19] /r
[4/9/2012 0:48:27] /r
[4/9/2012 0:48:28] /r
[4/9/2012 0:48:30] /r
[4/9/2012 0:48:32] /r
[4/9/2012 0:48:33] /r
[4/9/2012 0:48:34] /r
[4/9/2012 0:48:35] /r
[4/9/2012 0:48:36] /r
[4/9/2012 0:48:38] /r
[4/9/2012 0:48:39] /r
[4/9/2012 0:48:40] /r
[4/9/2012 0:48:41] /r
[4/9/2012 0:48:42] /r
[4/9/2012 0:48:43] /r
[4/9/2012 0:48:44] /r
[4/9/2012 0:48:45] /r
[4/9/2012 0:48:50] /r
[4/9/2012 0:48:52] /r
[4/9/2012 0:48:55] /r
[5/9/2012 9:34:1] /t
[5/9/2012 9:34:3] /ghost
[5/9/2012 9:56:38] /goto Jhack ~
[5/9/2012 9:56:49] /up
[5/9/2012 9:57:24] /goto Jhack ~
[5/9/2012 9:57:44] /goto Jhack ~
[5/9/2012 9:57:47] /goto Jhack ~
[5/9/2012 9:59:31] /t
[11/9/2012 0:22:45] /shutdown 5
[11/9/2012 0:22:49] /ghost
[11/9/2012 0:23:23] /bc ; O servidor precisará ficar off-line por volta de 4 horas devido uma manutenção que será efetuada pelo datacenter durante a madrugada.
[14/9/2012 20:54:1] /reload globalevents
[14/9/2012 20:54:29] /reload globalevents
[14/9/2012 20:55:19] /bc blue Com o fim do Darghos voc? ja esta procurando um novo OTServ? Conhe?a o Prime OTServ! Um servidor com mapa global de grande qualidade! Confira! -> www.primeotserv.com
[14/9/2012 20:56:54] /bc white Com o fim do Darghos você ja esta procurando um novo OTServ? Conheça o Prime OTServ! Um servidor com mapa global de grande qualidade! Confira! -> www.primeotserv.com
[14/9/2012 20:57:15] /bc orange Com o fim do Darghos você ja esta procurando um novo OTServ? Conheça o Prime OTServ! Um servidor com mapa global de grande qualidade! Confira! -> www.primeotserv.com
[14/9/2012 20:57:45] /reload globalevents
[14/9/2012 21:6:32] /bc ; Com o fim do Darghos você ja esta procurando um novo OTServ? Conheça o Prime OTServ! Um servidor com mapa global de grande qualidade! Confira! -> www.primeotserv.com
[14/9/2012 21:9:30] /bc ; Pessoal vou fazer um Morgaroth em quendor :P
[14/9/2012 21:10:7] /m morgaroth
[14/9/2012 21:10:26] /bc ; Feito... Ao << /\
[14/9/2012 21:12:48] /bc ; Ta dentro da cidade... Antes da saida... Para <-
[14/9/2012 21:16:9] /kick Morgaroth
[14/9/2012 21:23:47] /goto MOrgaroth
[14/9/2012 21:23:49] /r
[14/9/2012 21:23:56] /raid orshabaal
[14/9/2012 21:32:39] /bc ; Com o fim do Darghos você ja esta procurando um novo OTServ? Conheça o Prime OTServ! Um servidor com mapa global de grande qualidade! Confira! -> www.primeotserv.com
[15/9/2012 1:45:12] /goto Elite Hero
[15/9/2012 1:45:14] /t
[19/9/2012 15:6:36] /reload config
[19/9/2012 15:6:38] /save
[19/9/2012 15:6:52] /shutdown
