[10/3/2013 0:45:57] /town aracura
[10/3/2013 0:46:18] /down
[10/3/2013 0:46:29] /a
[10/3/2013 0:46:32] /a 3
[10/3/2013 0:46:51] /town quendor
[10/3/2013 0:47:52] /town thorn
[10/3/2013 0:48:8] /a 6
[10/3/2013 0:49:24] /town aaragon
[10/3/2013 0:49:27] /a 4
[10/3/2013 0:49:27] /a 4
[10/3/2013 0:49:27] /a 4
[10/3/2013 0:49:27] /a 4
[10/3/2013 0:49:28] /a 4
[10/3/2013 0:49:28] /a 4
[10/3/2013 0:49:28] /a 4
[10/3/2013 0:49:28] /a 4
[10/3/2013 0:49:29] /a 4
[10/3/2013 0:49:29] /a 4
[10/3/2013 0:49:29] /a 4
[10/3/2013 0:49:29] /a 4
[10/3/2013 0:49:30] /a 4
[10/3/2013 0:49:31] /a 4
[10/3/2013 0:49:32] /a 4
[10/3/2013 0:49:32] /a 4
[10/3/2013 0:49:32] /a 4
[10/3/2013 0:49:34] /a 4
[10/3/2013 0:49:34] /a 4
[10/3/2013 0:49:34] /a 4
[10/3/2013 0:49:36] /a 4
[10/3/2013 0:49:36] /a 4
[10/3/2013 0:49:36] /a 4
[10/3/2013 0:49:36] /a 4
[10/3/2013 0:49:37] /a 4
[10/3/2013 0:49:37] /a 4
[10/3/2013 0:49:37] /a 4
[10/3/2013 0:49:38] /a 4
[10/3/2013 0:49:38] /a 4
[10/3/2013 0:49:38] /a 4
[10/3/2013 0:49:39] /a 4
[10/3/2013 0:49:48] /i crystal coin
[10/3/2013 0:50:9] /town salazart
[10/3/2013 0:50:10] /a 4
[10/3/2013 0:50:10] /a 4
[10/3/2013 0:50:11] /a 4
[10/3/2013 0:50:11] /a 4
[10/3/2013 0:50:11] /a 4
[10/3/2013 0:50:11] /a 4
[10/3/2013 0:50:11] /a 4
[10/3/2013 0:50:11] /a 4
[10/3/2013 0:50:11] /a 4
[10/3/2013 0:50:11] /a 4
[10/3/2013 0:50:11] /a 4
[10/3/2013 0:50:12] /a 4
[10/3/2013 0:50:12] /a 4
[10/3/2013 0:50:12] /a 4
[10/3/2013 0:50:12] /a 4
[10/3/2013 0:50:12] /a 4
[10/3/2013 0:50:12] /a 4
[10/3/2013 0:50:12] /a 4
[10/3/2013 0:50:12] /a 4
[10/3/2013 0:50:12] /a 4
[10/3/2013 0:50:13] /a 4
[10/3/2013 0:50:13] /a 4
[10/3/2013 0:50:13] /a 4
[10/3/2013 0:50:13] /a 4
[10/3/2013 0:50:13] /a 4
[10/3/2013 0:50:13] /a 4
[10/3/2013 0:50:13] /a 4
[10/3/2013 0:50:13] /a 4
[10/3/2013 0:50:13] /a 4
[10/3/2013 0:50:13] /a 4
[10/3/2013 0:50:14] /a 4
[10/3/2013 0:50:14] /a 4
[10/3/2013 0:50:14] /a 4
[10/3/2013 0:50:14] /a 4
[10/3/2013 0:50:14] /a 4
[10/3/2013 0:50:14] /a 4
[10/3/2013 0:50:14] /a 4
[10/3/2013 0:50:15] /a 4
[10/3/2013 0:50:15] /a 4
[10/3/2013 0:50:16] /a 4
[10/3/2013 0:50:16] /a 4
[10/3/2013 0:50:16] /a 4
[10/3/2013 0:50:16] /a 4
[10/3/2013 0:50:17] /a 4
[10/3/2013 0:50:17] /a 4
[10/3/2013 0:50:17] /a 4
[10/3/2013 0:50:17] /a 4
[10/3/2013 0:50:17] /a 4
[10/3/2013 0:50:17] /a 4
[10/3/2013 0:50:17] /a 4
[10/3/2013 0:50:17] /a 4
[10/3/2013 0:50:17] /a 4
[10/3/2013 0:50:17] /a 4
[10/3/2013 0:50:17] /a 4
[10/3/2013 0:50:17] /a 4
[10/3/2013 0:50:17] /a 4
[10/3/2013 0:50:18] /a 4
[10/3/2013 0:50:18] /a 4
[10/3/2013 0:50:18] /a 4
[10/3/2013 0:50:18] /a 4
[10/3/2013 0:50:18] /a 4
[10/3/2013 0:50:18] /a 4
[10/3/2013 0:50:18] /a 4
[10/3/2013 0:50:18] /a 4
[10/3/2013 0:50:18] /a 4
[10/3/2013 0:50:18] /a 4
[10/3/2013 0:50:18] /a 4
[10/3/2013 0:50:18] /a 4
[10/3/2013 0:50:18] /a 4
[10/3/2013 0:50:18] /a 4
[10/3/2013 0:50:19] /a 4
[10/3/2013 0:50:19] /a 4
[10/3/2013 0:50:19] /a 4
[10/3/2013 0:50:19] /a 4
[10/3/2013 0:50:19] /a 4
[10/3/2013 0:50:19] /a 4
[10/3/2013 0:50:19] /a 4
[10/3/2013 0:50:19] /a 4
[10/3/2013 0:50:19] /a 4
[10/3/2013 0:50:19] /a 4
[10/3/2013 0:50:19] /a 4
[10/3/2013 0:50:19] /a 4
[10/3/2013 0:50:19] /a 4
[10/3/2013 0:50:19] /a 4
[10/3/2013 0:50:19] /a 4
[10/3/2013 0:50:19] /a 4
[10/3/2013 0:50:19] /a 4
[10/3/2013 0:50:20] /a 4
[10/3/2013 0:50:20] /a 4
[10/3/2013 0:50:20] /a 4
[10/3/2013 0:50:20] /a 4
[10/3/2013 0:50:20] /a 4
[10/3/2013 0:50:20] /a 4
[10/3/2013 0:50:20] /a 4
[10/3/2013 0:50:20] /a 4
[10/3/2013 0:50:20] /a 4
[10/3/2013 0:50:20] /a 4
[10/3/2013 0:50:20] /a 4
[10/3/2013 0:50:20] /a 4
[10/3/2013 0:50:21] /a 4
[10/3/2013 0:50:21] /a 4
[10/3/2013 0:50:22] /a 4
[10/3/2013 0:50:22] /a 4
[10/3/2013 0:50:22] /a 4
[10/3/2013 0:50:22] /a 4
[10/3/2013 0:50:22] /a 4
[10/3/2013 0:50:22] /a 4
[10/3/2013 0:50:22] /a 4
[10/3/2013 0:50:22] /a 4
[10/3/2013 0:50:22] /a 4
[10/3/2013 0:50:22] /a 4
[10/3/2013 0:50:22] /a 4
[10/3/2013 0:50:22] /a 4
[10/3/2013 0:50:23] /a 4
[10/3/2013 0:50:23] /a 4
[10/3/2013 0:50:23] /a 4
[10/3/2013 0:50:23] /a 4
[10/3/2013 0:50:23] /a 4
[10/3/2013 0:50:23] /a 4
[10/3/2013 0:50:23] /a 4
[10/3/2013 0:50:23] /a 4
[10/3/2013 0:50:23] /a 4
[10/3/2013 0:50:23] /a 4
[10/3/2013 0:50:23] /a 4
[10/3/2013 0:50:23] /a 4
[10/3/2013 0:50:23] /a 4
[10/3/2013 0:50:24] /a 4
[10/3/2013 0:50:24] /a 4
[10/3/2013 0:50:24] /a 4
[10/3/2013 0:50:24] /a 4
[10/3/2013 0:50:24] /a 4
[10/3/2013 0:50:24] /a 4
[10/3/2013 0:50:24] /a 4
[10/3/2013 0:50:25] /a 4
[10/3/2013 0:50:25] /a 4
[10/3/2013 0:50:25] /a 4
[10/3/2013 0:50:25] /a 4
[10/3/2013 0:50:25] /a 4
[10/3/2013 0:50:25] /a 4
[10/3/2013 0:50:25] /a 4
[10/3/2013 0:50:25] /a 4
[10/3/2013 0:50:25] /a 4
[10/3/2013 0:50:25] /a 4
[10/3/2013 0:50:26] /a 4
[10/3/2013 0:50:26] /a 4
[10/3/2013 0:50:26] /a 4
[10/3/2013 0:50:26] /a 4
[10/3/2013 0:50:26] /a 4
[10/3/2013 0:50:26] /a 4
[10/3/2013 0:50:26] /a 4
[10/3/2013 0:50:26] /a 4
[10/3/2013 0:50:26] /a 4
[10/3/2013 0:50:27] /a 4
[10/3/2013 0:50:27] /a 4
[10/3/2013 0:50:27] /a 4
[10/3/2013 0:50:27] /a 4
[10/3/2013 0:50:27] /a 4
[10/3/2013 0:50:27] /a 4
[10/3/2013 0:50:27] /a 4
[10/3/2013 0:50:27] /a 4
[10/3/2013 0:50:28] /a 4
[10/3/2013 0:50:28] /a 4
[10/3/2013 0:50:28] /a 4
[10/3/2013 0:50:29] /a 4
[10/3/2013 0:50:29] /a 4
[10/3/2013 0:50:29] /a 4
[10/3/2013 0:50:29] /a 4
[10/3/2013 0:50:30] /a 4
[10/3/2013 0:50:30] /a 4
[10/3/2013 0:50:30] /a 4
[10/3/2013 0:50:31] /a 4
[10/3/2013 0:50:31] /a 4
[10/3/2013 0:50:32] /a 4
[10/3/2013 0:50:32] /a 4
[10/3/2013 0:50:32] /a 4
[10/3/2013 0:50:33] /a 4
[10/3/2013 0:50:33] /a 4
[10/3/2013 0:50:33] /a 4
[10/3/2013 0:50:33] /a 4
[10/3/2013 0:50:33] /a 4
[10/3/2013 0:50:33] /a 4
[10/3/2013 0:50:33] /a 4
[10/3/2013 0:50:33] /a 4
[10/3/2013 0:50:33] /a 4
[10/3/2013 0:50:33] /a 4
[10/3/2013 0:50:34] /a 4
[10/3/2013 0:50:34] /a 4
[10/3/2013 0:50:34] /a 4
[10/3/2013 0:50:34] /a 4
[10/3/2013 0:50:34] /a 4
[10/3/2013 0:50:34] /a 4
[10/3/2013 0:50:35] /a 4
[10/3/2013 0:50:36] /a 4
[10/3/2013 0:50:36] /a 4
[10/3/2013 0:50:37] /a 4
[10/3/2013 0:50:37] /a 4
[10/3/2013 0:50:37] /a 4
[10/3/2013 0:50:37] /a 4
[10/3/2013 0:50:37] /a 4
[10/3/2013 0:50:37] /a 4
[10/3/2013 0:50:37] /a 4
[10/3/2013 0:50:37] /a 4
[10/3/2013 0:50:37] /a 4
[10/3/2013 0:50:37] /a 4
[10/3/2013 0:50:37] /a 4
[10/3/2013 0:50:37] /a 4
[10/3/2013 0:50:38] /a 4
[10/3/2013 0:50:38] /a 4
[10/3/2013 0:50:38] /a 4
[10/3/2013 0:50:38] /a 4
[10/3/2013 0:50:38] /a 4
[10/3/2013 0:50:38] /a 4
[10/3/2013 0:50:38] /a 4
[10/3/2013 0:50:38] /a 4
[10/3/2013 0:50:38] /a 4
[10/3/2013 0:50:38] /a 4
[10/3/2013 0:50:38] /a 4
[10/3/2013 0:50:39] /a 4
[10/3/2013 0:50:39] /a 4
[10/3/2013 0:50:39] /a 4
[10/3/2013 0:50:39] /a 4
[10/3/2013 0:50:39] /a 4
[10/3/2013 0:50:39] /a 4
[10/3/2013 0:50:39] /a 4
[10/3/2013 0:50:39] /a 4
[10/3/2013 0:50:39] /a 4
[10/3/2013 0:50:39] /a 4
[10/3/2013 0:50:39] /a 4
[10/3/2013 0:50:39] /a 4
[10/3/2013 0:50:39] /a 4
[10/3/2013 0:50:39] /a 4
[10/3/2013 0:50:39] /a 4
[10/3/2013 0:50:39] /a 4
[10/3/2013 0:50:40] /a 4
[10/3/2013 0:50:40] /a 4
[10/3/2013 0:50:40] /a 4
[10/3/2013 0:50:40] /a 4
[10/3/2013 0:50:40] /a 4
[10/3/2013 0:50:40] /a 4
[10/3/2013 0:50:40] /a 4
[10/3/2013 0:50:40] /a 4
[10/3/2013 0:50:40] /a 4
[10/3/2013 0:50:40] /a 4
[10/3/2013 0:50:40] /a 4
[10/3/2013 0:50:40] /a 4
[10/3/2013 0:50:40] /a 4
[10/3/2013 0:50:40] /a 4
[10/3/2013 0:50:40] /a 4
[10/3/2013 0:50:40] /a 4
[10/3/2013 0:50:40] /a 4
[10/3/2013 0:50:40] /a 4
[10/3/2013 0:50:41] /a 4
[10/3/2013 0:50:41] /a 4
[10/3/2013 0:50:41] /a 4
[10/3/2013 0:50:41] /a 4
[10/3/2013 0:50:41] /a 4
[10/3/2013 0:50:41] /a 4
[10/3/2013 0:50:41] /a 4
[10/3/2013 0:50:41] /a 4
[10/3/2013 0:50:41] /a 4
[10/3/2013 0:50:41] /a 4
[10/3/2013 0:50:41] /a 4
[10/3/2013 0:50:41] /a 4
[10/3/2013 0:50:41] /a 4
[10/3/2013 0:50:41] /a 4
[10/3/2013 0:50:41] /a 4
[10/3/2013 0:50:41] /a 4
[10/3/2013 0:50:41] /a 4
[10/3/2013 0:50:41] /a 4
[10/3/2013 0:50:41] /a 4
[10/3/2013 0:50:41] /a 4
[10/3/2013 0:50:41] /a 4
[10/3/2013 0:50:41] /a 4
[10/3/2013 0:50:41] /a 4
[10/3/2013 0:50:41] /a 4
[10/3/2013 0:50:41] /a 4
[10/3/2013 0:50:41] /a 4
[10/3/2013 0:50:41] /a 4
[10/3/2013 0:50:41] /a 4
[10/3/2013 0:50:41] /a 4
[10/3/2013 0:50:42] /a 4
[10/3/2013 0:50:42] /a 4
[10/3/2013 0:50:42] /a 4
[10/3/2013 0:50:42] /a 4
[10/3/2013 0:50:42] /a 4
[10/3/2013 0:50:42] /a 4
[10/3/2013 0:50:42] /a 4
[10/3/2013 0:50:42] /a 4
[10/3/2013 0:50:42] /a 4
[10/3/2013 0:50:42] /a 4
[10/3/2013 0:50:42] /a 4
[10/3/2013 0:50:42] /a 4
[10/3/2013 0:50:42] /a 4
[10/3/2013 0:50:42] /a 4
[10/3/2013 0:50:43] /a 4
[10/3/2013 0:50:43] /a 4
[10/3/2013 0:50:43] /a 4
[10/3/2013 0:50:43] /a 4
[10/3/2013 0:50:43] /a 4
[10/3/2013 0:50:43] /a 4
[10/3/2013 0:50:43] /a 4
[10/3/2013 0:50:43] /a 4
[10/3/2013 0:50:43] /a 4
[10/3/2013 0:50:43] /a 4
[10/3/2013 0:50:44] /a 4
[10/3/2013 0:50:44] /a 4
[10/3/2013 0:50:44] /a 4
[10/3/2013 0:50:44] /a 4
[10/3/2013 0:50:44] /a 4
[10/3/2013 0:50:44] /a 4
[10/3/2013 0:50:44] /a 4
[10/3/2013 0:50:44] /a 4
[10/3/2013 0:50:44] /a 4
[10/3/2013 0:50:44] /a 4
[10/3/2013 0:50:44] /a 4
[10/3/2013 0:50:44] /a 4
[10/3/2013 0:50:44] /a 4
[10/3/2013 0:50:44] /a 4
[10/3/2013 0:50:44] /a 4
[10/3/2013 0:50:44] /a 4
[10/3/2013 0:50:45] /a 4
[10/3/2013 0:50:45] /a 4
[10/3/2013 0:50:45] /a 4
[10/3/2013 0:50:45] /a 4
[10/3/2013 0:50:45] /a 4
[10/3/2013 0:50:45] /a 4
[10/3/2013 0:50:45] /a 4
[10/3/2013 0:50:45] /a 4
[10/3/2013 0:50:45] /a 4
[10/3/2013 0:50:45] /a 4
[10/3/2013 0:50:45] /a 4
[10/3/2013 0:50:45] /a 4
[10/3/2013 0:50:45] /a 4
[10/3/2013 0:50:45] /a 4
[10/3/2013 0:50:45] /a 4
[10/3/2013 0:50:45] /a 4
[10/3/2013 0:50:46] /a 4
[10/3/2013 0:50:46] /a 4
[10/3/2013 0:50:46] /a 4
[10/3/2013 0:50:46] /a 4
[10/3/2013 0:50:46] /a 4
[10/3/2013 0:50:46] /a 4
[10/3/2013 0:50:46] /a 4
[10/3/2013 0:50:47] /a 4
[10/3/2013 0:50:47] /a 4
[10/3/2013 0:50:47] /a 4
[10/3/2013 0:50:47] /a 4
[10/3/2013 0:50:47] /a 4
[10/3/2013 0:50:47] /a 4
[10/3/2013 0:50:47] /a 4
[10/3/2013 0:50:47] /a 4
[10/3/2013 0:50:47] /a 4
[10/3/2013 0:50:48] /a 4
[10/3/2013 0:50:49] /a 4
[10/3/2013 0:50:49] /a 4
[10/3/2013 0:50:49] /a 4
[10/3/2013 0:50:50] /a 4
[10/3/2013 0:50:50] /a 4
[10/3/2013 0:50:50] /a 4
[10/3/2013 0:50:50] /a 4
[10/3/2013 0:50:50] /a 4
[10/3/2013 0:50:51] /a 4
[10/3/2013 0:50:51] /a 4
[10/3/2013 0:50:51] /a 4
[10/3/2013 0:50:51] /a 4
[10/3/2013 0:50:51] /a 4
[10/3/2013 0:50:51] /a 4
[10/3/2013 0:50:51] /a 4
[10/3/2013 0:50:51] /a 4
[10/3/2013 0:50:52] /a 4
[10/3/2013 0:50:52] /a 4
[10/3/2013 0:50:52] /a 4
[10/3/2013 0:50:52] /a 4
[10/3/2013 0:50:52] /a 4
[10/3/2013 0:50:52] /a 4
[10/3/2013 0:50:52] /a 4
[10/3/2013 0:50:53] /a 4
[10/3/2013 0:50:54] /a 4
[10/3/2013 0:50:54] /a 4
[10/3/2013 0:50:55] /a 4
[10/3/2013 0:50:55] /a 4
[10/3/2013 0:50:55] /a 4
[10/3/2013 0:50:55] /a 4
[10/3/2013 0:50:56] /a 4
[10/3/2013 0:50:56] /a 4
[10/3/2013 0:50:56] /a 4
[10/3/2013 0:50:57] /a 4
[10/3/2013 0:50:57] /a 4
[10/3/2013 0:50:57] /a 4
[10/3/2013 0:50:58] /a 4
[10/3/2013 0:50:58] /a 4
[10/3/2013 0:50:58] /a 4
[10/3/2013 0:50:59] /a 4
[10/3/2013 0:50:59] /a 4
[10/3/2013 0:51:0] /a 4
[10/3/2013 0:51:0] /a 4
[10/3/2013 0:51:0] /a 4
[10/3/2013 0:51:1] /a 4
[10/3/2013 0:51:2] /a 4
[10/3/2013 0:51:2] /a 4
[10/3/2013 0:51:2] /a 4
[10/3/2013 0:51:3] /a 4
[10/3/2013 0:51:3] /a 4
[10/3/2013 0:51:8] /a 4
[10/3/2013 0:51:8] /a 4
[10/3/2013 0:51:8] /a 4
[10/3/2013 0:51:8] /a 4
[10/3/2013 0:51:9] /a 4
[10/3/2013 0:51:9] /a 4
[10/3/2013 0:51:9] /a 4
[10/3/2013 0:51:9] /a 4
[10/3/2013 0:51:10] /a 4
[10/3/2013 0:51:38] /a 4
[10/3/2013 0:51:39] /a 4
[10/3/2013 0:51:39] /a 4
[10/3/2013 0:51:39] /a 4
[10/3/2013 0:51:39] /a 4
[10/3/2013 0:51:39] /a 4
[10/3/2013 0:51:39] /a 4
[10/3/2013 0:51:40] /a 4
[10/3/2013 0:51:40] /a 4
[10/3/2013 0:51:40] /a 4
[10/3/2013 0:51:40] /a 4
[10/3/2013 0:51:40] /a 4
[10/3/2013 0:51:40] /a 4
[10/3/2013 0:51:40] /a 4
[10/3/2013 0:51:40] /a 4
[10/3/2013 0:51:41] /a 4
[10/3/2013 0:51:41] /a 4
[10/3/2013 0:51:41] /a 4
[10/3/2013 0:51:41] /a 4
[10/3/2013 0:51:41] /a 4
[10/3/2013 0:51:41] /a 4
[10/3/2013 0:51:41] /a 4
[10/3/2013 0:51:41] /a 4
[10/3/2013 0:51:41] /a 4
[10/3/2013 0:51:42] /a 4
[10/3/2013 0:51:42] /a 4
[10/3/2013 0:51:42] /a 4
[10/3/2013 0:51:42] /a 4
[10/3/2013 0:51:42] /a 4
[10/3/2013 0:51:42] /a 4
[10/3/2013 0:51:42] /a 4
[10/3/2013 0:51:42] /a 4
[10/3/2013 0:51:42] /a 4
[10/3/2013 0:51:42] /a 4
[10/3/2013 0:51:42] /a 4
[10/3/2013 0:51:42] /a 4
[10/3/2013 0:51:43] /a 4
[10/3/2013 0:51:43] /a 4
[10/3/2013 0:51:43] /a 4
[10/3/2013 0:51:43] /a 4
[10/3/2013 0:51:44] /a 4
[10/3/2013 0:51:44] /a 4
[10/3/2013 0:51:45] /a 4
[10/3/2013 0:51:52] /a 4
[10/3/2013 0:51:53] /a 4
[10/3/2013 0:51:53] /a 4
[10/3/2013 0:51:54] /a 4
[10/3/2013 0:51:54] /a 4
[10/3/2013 0:51:54] /a 4
[10/3/2013 0:51:54] /a 4
[10/3/2013 0:51:55] /a 4
[10/3/2013 0:51:55] /a 4
[10/3/2013 0:51:55] /a 4
[10/3/2013 0:51:58] /a 4
[10/3/2013 0:51:59] /a 4
[10/3/2013 0:52:0] /a 4
[10/3/2013 0:52:0] /a 4
[10/3/2013 0:52:2] /a 4
[10/3/2013 0:52:3] /a 4
[10/3/2013 0:52:3] /a 4
[10/3/2013 0:52:3] /a 4
[10/3/2013 0:52:3] /a 4
[10/3/2013 0:52:4] /a 4
[10/3/2013 0:52:4] /a 4
[10/3/2013 0:52:4] /a 4
[10/3/2013 0:52:4] /a 4
[10/3/2013 0:52:5] /a 4
[10/3/2013 0:52:5] /a 4
[10/3/2013 0:52:5] /a 4
[10/3/2013 0:52:5] /a 4
[10/3/2013 0:52:6] /a 4
[10/3/2013 0:52:15] /town aracura
[10/3/2013 0:52:16] /a 4
[10/3/2013 0:52:16] /a 4
[10/3/2013 0:52:16] /a 4
[10/3/2013 0:52:17] /a 4
[10/3/2013 0:52:17] /a 4
[10/3/2013 0:52:17] /a 4
[10/3/2013 0:52:17] /a 4
[10/3/2013 0:52:17] /a 4
[10/3/2013 0:52:17] /a 4
[10/3/2013 0:52:17] /a 4
[10/3/2013 0:52:17] /a 4
[10/3/2013 0:52:17] /a 4
[10/3/2013 0:52:18] /a 4
[10/3/2013 0:52:18] /a 4
[10/3/2013 0:52:18] /a 4
[10/3/2013 0:52:18] /a 4
[10/3/2013 0:52:18] /a 4
[10/3/2013 0:52:18] /a 4
[10/3/2013 0:52:19] /a 4
[10/3/2013 0:52:19] /a 4
[10/3/2013 0:52:19] /a 4
[10/3/2013 0:52:19] /a 4
[10/3/2013 0:52:19] /a 4
[10/3/2013 0:52:19] /a 4
[10/3/2013 0:52:20] /a 4
[10/3/2013 0:52:20] /a 4
[10/3/2013 0:52:20] /a 4
[10/3/2013 0:52:20] /a 4
[10/3/2013 0:52:21] /a 4
[10/3/2013 0:52:21] /a 4
[10/3/2013 0:52:21] /a 4
[10/3/2013 0:52:21] /a 4
[10/3/2013 0:52:21] /a 4
[10/3/2013 0:52:21] /a 4
[10/3/2013 0:52:22] /a 4
[10/3/2013 0:52:22] /a 4
[10/3/2013 0:52:22] /a 4
[10/3/2013 0:52:23] /a 4
[10/3/2013 0:52:23] /a 4
[10/3/2013 0:52:23] /a 4
[10/3/2013 0:52:24] /a 4
[10/3/2013 0:52:24] /a 4
[10/3/2013 0:52:24] /a 4
[10/3/2013 0:52:24] /a 4
[10/3/2013 0:52:25] /a 4
[10/3/2013 0:52:25] /a 4
[10/3/2013 0:52:25] /a 4
[10/3/2013 0:52:25] /a 4
[10/3/2013 0:52:26] /a 4
[10/3/2013 0:52:26] /a 4
[10/3/2013 0:52:28] /a 4
[10/3/2013 0:52:28] /a 4
[10/3/2013 0:52:29] /a 4
[10/3/2013 0:52:29] /a 4
[10/3/2013 0:52:29] /a 4
[10/3/2013 0:52:29] /a 4
[10/3/2013 0:52:30] /a 4
[10/3/2013 0:52:31] /a 4
[10/3/2013 0:52:31] /a 4
[10/3/2013 0:52:32] /down
[10/3/2013 0:52:33] /a 4
[10/3/2013 0:52:33] /a 4
[10/3/2013 0:52:33] /a 4
[10/3/2013 0:52:37] /a 4
[10/3/2013 0:52:39] /down
[10/3/2013 0:52:39] /a 4
[10/3/2013 0:52:40] /a 4
[10/3/2013 0:52:40] /a 4
[10/3/2013 0:52:41] /up
[10/3/2013 0:52:42] /a 4
[10/3/2013 0:52:43] /a 4
[10/3/2013 0:52:43] /a 4
[10/3/2013 0:52:43] /a 4
[10/3/2013 0:52:43] /a 4
[10/3/2013 0:52:44] /a 4
[10/3/2013 0:52:44] /a 4
[10/3/2013 0:52:44] /a 4
[10/3/2013 0:52:45] /a 4
[10/3/2013 0:52:45] /a 4
[10/3/2013 0:52:46] /a 4
[10/3/2013 0:52:46] /a 4
[10/3/2013 0:52:46] /a 4
[10/3/2013 0:52:48] /a 4
[10/3/2013 0:52:49] /a 4
[10/3/2013 0:52:49] /a 4
[10/3/2013 0:52:50] /a 8
[10/3/2013 0:52:51] /a 4
[10/3/2013 0:52:51] /a 4
[10/3/2013 0:52:52] /a 4
[10/3/2013 0:53:47] /a 2
[10/3/2013 0:53:50] /a 2
[10/3/2013 0:53:56] /a 4
[10/3/2013 0:53:56] /a 4
[10/3/2013 0:53:56] /a 4
[10/3/2013 0:53:56] /a 4
[10/3/2013 0:53:56] /a 4
[10/3/2013 0:53:56] /a 4
[10/3/2013 0:53:56] /a 4
[10/3/2013 0:53:56] /a 4
[10/3/2013 0:53:57] /a 4
[10/3/2013 0:53:57] /a 4
[10/3/2013 0:53:58] /a 4
[10/3/2013 0:53:58] /a 4
[10/3/2013 0:53:58] /a 4
[10/3/2013 0:53:58] /a 4
[10/3/2013 0:53:58] /a 4
[10/3/2013 0:53:58] /a 4
[10/3/2013 0:53:58] /a 4
[10/3/2013 0:53:59] /a 4
[10/3/2013 0:53:59] /a 4
[10/3/2013 0:53:59] /a 4
[10/3/2013 0:53:59] /a 4
[10/3/2013 0:54:0] /a 4
[10/3/2013 0:54:0] /a 4
[10/3/2013 0:54:0] /a 4
[10/3/2013 0:54:1] /a 4
[10/3/2013 0:54:1] /a 4
[10/3/2013 0:54:2] /a 4
[10/3/2013 0:54:2] /a 4
[10/3/2013 0:54:3] /down
[10/3/2013 0:54:6] /up
[10/3/2013 0:54:7] /a 4
[10/3/2013 0:54:7] /a 4
[10/3/2013 0:54:8] /a 4
[10/3/2013 0:54:9] /a 4
[10/3/2013 0:54:9] /a 4
[10/3/2013 0:54:9] /a 4
[10/3/2013 0:54:10] /a 4
[10/3/2013 0:54:10] /a 4
[10/3/2013 0:54:10] /a 4
[10/3/2013 0:54:11] /a 4
[10/3/2013 0:54:11] /a 4
[10/3/2013 0:54:12] /a 4
[10/3/2013 0:54:13] /a 4
[10/3/2013 0:54:15] /a 4
[10/3/2013 0:54:15] /a 4
[10/3/2013 0:54:15] /a 4
[10/3/2013 0:54:16] /a 4
[10/3/2013 0:54:16] /a 4
[10/3/2013 0:54:17] /a 4
[10/3/2013 0:54:17] /a 4
[10/3/2013 0:54:17] /a 4
[10/3/2013 0:54:18] /a 4
[10/3/2013 0:54:20] /a 4
[10/3/2013 0:54:20] /a 4
[10/3/2013 0:54:21] /a 4
[10/3/2013 0:54:21] /a 4
[10/3/2013 0:54:21] /a 4
[10/3/2013 0:54:22] /a 4
[10/3/2013 0:54:22] /a 4
[10/3/2013 0:54:22] /a 4
[10/3/2013 0:54:22] /a 4
[10/3/2013 0:54:24] /a 4
[10/3/2013 0:54:24] /a 4
[10/3/2013 0:54:24] /a 4
[10/3/2013 0:54:28] /a 4
[10/3/2013 0:54:33] /a 4
[10/3/2013 0:54:33] /a 4
[10/3/2013 0:54:34] /a 4
[10/3/2013 0:54:34] /a 4
[10/3/2013 0:54:34] /a 4
[10/3/2013 0:54:35] /a 4
[10/3/2013 0:54:35] /a 4
[10/3/2013 0:54:36] /a 4
[10/3/2013 0:54:36] /a 4
[10/3/2013 0:54:36] /a 4
[10/3/2013 0:54:36] /a 4
[10/3/2013 0:54:37] /a 4
[10/3/2013 0:54:37] /a 4
[10/3/2013 0:54:38] /a 4
[10/3/2013 0:54:53] /a 4
[10/3/2013 0:54:53] /a 4
[10/3/2013 0:54:54] /a 4
[10/3/2013 0:54:54] /a 4
[10/3/2013 0:54:54] /a 4
[10/3/2013 0:54:54] /a 4
[10/3/2013 0:54:54] /a 4
[10/3/2013 0:54:55] /a 4
[10/3/2013 0:54:55] /a 4
[10/3/2013 0:54:56] /a 4
[10/3/2013 0:54:56] /a 4
[10/3/2013 0:54:56] /a 4
[10/3/2013 0:54:57] /a 4
[10/3/2013 0:54:58] /a 4
[10/3/2013 0:54:59] /a 4
[10/3/2013 0:54:59] /a 4
[10/3/2013 0:54:59] /a 4
[10/3/2013 0:55:0] /a 4
[10/3/2013 0:55:0] /a 4
[10/3/2013 0:55:0] /a 4
[10/3/2013 0:55:0] /a 4
[10/3/2013 0:55:1] /a 4
[10/3/2013 0:55:1] /a 4
[10/3/2013 0:55:1] /a 4
[10/3/2013 0:55:3] /a 4
[10/3/2013 0:55:3] /a 4
[10/3/2013 0:55:3] /a 4
[10/3/2013 0:55:4] /a 4
[10/3/2013 0:55:6] /a 4
[10/3/2013 0:55:6] /a 4
[10/3/2013 0:55:10] /a 4
[10/3/2013 0:55:10] /a 4
[10/3/2013 0:55:11] /a 4
[10/3/2013 0:55:11] /a 4
[10/3/2013 0:55:12] /a 4
[10/3/2013 0:55:12] /a 4
[10/3/2013 0:55:12] /a 4
[10/3/2013 0:55:12] /a 4
[10/3/2013 0:55:12] /a 4
[10/3/2013 0:58:9] /m rotworm
[10/3/2013 0:58:19] /r
[10/3/2013 0:58:20] /r
[10/3/2013 0:58:27] /m rotworm
[10/3/2013 0:58:28] /m rotworm
[10/3/2013 0:58:32] /r
[10/3/2013 0:58:33] /r
[10/3/2013 0:58:38] /r
[10/3/2013 0:58:39] /r
[10/3/2013 1:6:22] /reload config
[10/3/2013 1:9:21] /ghost
[10/3/2013 2:19:24] /town island of peace
[10/3/2013 2:19:32] /b quem ta preso na island ?
[10/3/2013 2:19:39] /bc a Dúvias no help...
[10/3/2013 2:19:48] /goto druidlee
[10/3/2013 2:20:0] /town quendor
[10/3/2013 2:20:2] /c druidlee
[10/3/2013 2:21:34] /goto killernoobzinhoo
[10/3/2013 2:21:40] /a 4
[10/3/2013 2:21:40] /a 4
[10/3/2013 2:21:40] /a 4
[10/3/2013 2:21:40] /a 4
[10/3/2013 2:21:41] /a 4
[10/3/2013 2:21:41] /a 4
[10/3/2013 2:21:41] /a 4
[10/3/2013 2:21:41] /a 4
[10/3/2013 2:21:42] /a 4
[10/3/2013 2:21:42] /a 4
[10/3/2013 2:21:42] /a 4
[10/3/2013 2:21:42] /a 4
[10/3/2013 2:21:43] /a 4
[10/3/2013 2:21:43] /a 4
[10/3/2013 2:21:43] /a 4
[10/3/2013 2:21:43] /a 4
[10/3/2013 2:21:44] /a 4
[10/3/2013 2:21:44] /a 4
[10/3/2013 2:21:44] /a 4
[10/3/2013 2:21:45] /a 4
[10/3/2013 2:21:45] /a 4
[10/3/2013 2:21:45] /a 4
[10/3/2013 2:21:45] /a 4
[10/3/2013 2:21:46] /a 4
[10/3/2013 2:21:46] /a 4
[10/3/2013 2:21:46] /a 4
[10/3/2013 2:21:46] /a 4
[10/3/2013 2:21:47] /a 4
[10/3/2013 2:21:47] /a 4
[10/3/2013 2:21:47] /a 4
[10/3/2013 2:21:48] /a 4
[10/3/2013 2:21:48] /a 4
[10/3/2013 2:21:48] /a 4
[10/3/2013 2:21:49] /a 4
[10/3/2013 2:21:49] /a 4
[10/3/2013 2:21:49] /a 4
[10/3/2013 2:21:49] /a 4
[10/3/2013 2:21:50] /a 4
[10/3/2013 2:21:50] /a 4
[10/3/2013 2:21:50] /a 4
[10/3/2013 2:21:50] /a 4
[10/3/2013 2:21:50] /a 4
[10/3/2013 2:21:51] /a 4
[10/3/2013 2:21:51] /a 4
[10/3/2013 2:21:51] /a 4
[10/3/2013 2:21:51] /a 4
[10/3/2013 2:21:51] /a 4
[10/3/2013 2:21:52] /a 4
[10/3/2013 2:21:52] /a 4
[10/3/2013 2:21:52] /a 4
[10/3/2013 2:21:53] /a 4
[10/3/2013 2:21:53] /a 4
[10/3/2013 2:21:53] /a 4
[10/3/2013 2:21:53] /a 4
[10/3/2013 2:21:54] /a 4
[10/3/2013 2:21:54] /a 4
[10/3/2013 2:21:54] /a 4
[10/3/2013 2:21:54] /a 4
[10/3/2013 2:21:55] /a 4
[10/3/2013 2:21:55] /a 4
[10/3/2013 2:21:55] /a 4
[10/3/2013 2:21:55] /a 4
[10/3/2013 2:21:56] /a 4
[10/3/2013 2:21:56] /a 4
[10/3/2013 2:21:57] /a 4
[10/3/2013 2:21:57] /a 4
[10/3/2013 2:22:1] /a 4
[10/3/2013 2:22:1] /a 4
[10/3/2013 2:22:1] /a 4
[10/3/2013 2:22:2] /a 4
[10/3/2013 2:22:2] /a 4
[10/3/2013 2:22:3] /a 4
[10/3/2013 2:22:3] /a 4
[10/3/2013 2:22:3] /a 4
[10/3/2013 2:22:4] /a 4
[10/3/2013 2:22:4] /a 4
[10/3/2013 2:22:4] /a 4
[10/3/2013 2:22:4] /a 4
[10/3/2013 2:22:6] /a 4
[10/3/2013 2:22:6] /a 4
[10/3/2013 2:22:6] /a 4
[10/3/2013 2:22:6] /a 4
[10/3/2013 2:22:6] /a 4
[10/3/2013 2:22:7] /a 4
[10/3/2013 2:22:9] /a 4
[10/3/2013 2:22:9] /a 4
[10/3/2013 2:22:10] /a 4
[10/3/2013 2:22:10] /a 4
[10/3/2013 2:22:11] /a 4
[10/3/2013 2:22:11] /a 4
[10/3/2013 2:22:11] /a 4
[10/3/2013 2:22:12] /a 4
[10/3/2013 2:22:12] /a 4
[10/3/2013 2:22:12] /a 4
[10/3/2013 2:22:12] /a 4
[10/3/2013 2:22:13] /a 4
[10/3/2013 2:22:13] /a 4
[10/3/2013 2:22:13] /a 4
[10/3/2013 2:22:13] /a 4
[10/3/2013 2:22:14] /a 4
[10/3/2013 2:22:14] /a 4
[10/3/2013 2:22:14] /a 4
[10/3/2013 2:22:15] /a 4
[10/3/2013 2:22:15] /a 4
[10/3/2013 2:22:15] /a 4
[10/3/2013 2:22:15] /a 4
[10/3/2013 2:22:15] /a 4
[10/3/2013 2:22:16] /a 4
[10/3/2013 2:22:16] /a 4
[10/3/2013 2:22:16] /a 4
[10/3/2013 2:22:16] /a 4
[10/3/2013 2:22:16] /a 4
[10/3/2013 2:22:17] /a 4
[10/3/2013 2:22:17] /a 4
[10/3/2013 2:22:18] /a 4
[10/3/2013 2:22:18] /a 4
[10/3/2013 2:22:18] /a 4
[10/3/2013 2:22:18] /a 4
[10/3/2013 2:22:19] /a 4
[10/3/2013 2:22:19] /a 4
[10/3/2013 2:22:19] /a 4
[10/3/2013 2:22:19] /a 4
