[2/7/2012 18:49:40] /help -p Gambazin | -r Quer se mostra pa quem?
[2/7/2012 18:49:53] /help -p Stefane Goncalves | -r Quer se mostra pa quem?
[2/7/2012 19:9:41] /help -p name -r razao
[2/7/2012 19:11:56] /help -p Diretoria Jah -r Testando.
[2/7/2012 19:12:20] /help -n Diretoria Jah -r Testando.
[2/7/2012 19:12:31] /help -h Diretoria Jah -r Testando.
[2/7/2012 19:13:44] /help -p Diretoria Jah -d 1 -r Teste
[2/7/2012 19:13:50] /help -p Diretoria Jah -r Teste
[2/7/2012 19:14:3] /help -p Diretoria Jah -r teste
[7/7/2012 11:0:12] /help -p Infected | -r De tutor tem medo né?
[7/7/2012 11:0:26] /help -p Vemnoduelo | -r Sem trade no help.
[9/7/2012 19:11:25] /help
[9/7/2012 19:11:35] /help s
[9/7/2012 19:11:38] /help -h
[9/7/2012 19:12:2] /help -p Vemnoduelo | -r Desrespeito. | -d 48
[9/7/2012 19:12:9] /help -p Vemnoduelo | -r Desrespeito.
[9/7/2012 19:16:24] /help f
[9/7/2012 19:16:29] /help -h
[9/7/2012 19:16:41] /help -a desban vemnoduelo
[9/7/2012 19:19:46] /help -p Seunoob | -r Eu, mereço
[10/7/2012 22:30:33] /help -p SoBotDeMais | -r Avisei 3x
[10/7/2012 22:31:5] /help -p Open Baar | -r .
[17/7/2012 21:44:43] /help -p Azariel | -r .
[3/8/2012 18:41:56] /baninfo
[3/8/2012 18:42:5] /baninfo talyta
[5/8/2012 19:46:30] /baninfo
[5/8/2012 19:46:32] /baninfo pacana
[5/8/2012 19:47:53] /help
[5/8/2012 19:47:55] /help h
[5/8/2012 19:47:59] /help -h
[5/8/2012 19:48:17] /help -p Piripaky Duchavs | -r .
[27/9/2014 19:57:56] /help
[27/9/2014 19:58:2] /baninfo
[27/9/2014 19:58:21] /help -a
[27/9/2014 19:58:23] /help
[27/9/2014 19:59:8] /help
[27/9/2014 19:59:9] /help
[27/9/2014 19:59:10] /help
[27/9/2014 19:59:10] /help
[27/9/2014 19:59:13] /help -a
[27/9/2014 19:59:16] /help 500
[27/9/2014 19:59:19] /help -h
[27/9/2014 19:59:49] /help -p Mage of Hell | -r Teste
[27/9/2014 22:26:23] /help -p nyper| -r =)
