[1/9/2012 10:9:2] > Using MD5 encryption
[1/9/2012 10:9:2] >> Loading RSA key
[1/9/2012 10:9:2] >> Starting SQL connection

[1/9/2012 10:9:2] > WARNING: Outdated MySQL server detected, consider upgrading to a newer version.
[1/9/2012 10:9:2] >> Running Database Manager
[1/9/2012 10:9:2] >> Loading items (OTB)
[1/9/2012 10:9:2] >> Loading items (XML)
[1/9/2012 10:9:3] [Warning - Items::loadFromXml] Unknown key value blocksolid
[1/9/2012 10:9:3] [Warning - Items::loadFromXml] Unknown key value blocksolid
[1/9/2012 10:9:3] >> Loading groups
[1/9/2012 10:9:3] >> Loading vocations
[1/9/2012 10:9:3] >> Loading outfits
[1/9/2012 10:9:3] >> Loading chat channels
[1/9/2012 10:9:3] >> Loading script systems
[1/9/2012 10:9:4] [Warning - Event::loadScript] Event onTime not found (data/globalevents/scripts/clean.lua)
[1/9/2012 10:9:4] >> Loading mods...
[1/9/2012 10:9:4] > 0 mods were loaded.
[1/9/2012 10:9:4] >> Loading experience stages
[1/9/2012 10:9:4] >> Loading monsters
[1/9/2012 10:9:5] [Warning - Monsters::deserializeSpell] Frost Dragon - Unknown areaEffect: smallice
[1/9/2012 10:9:6] >> Loading map and spawns...
[1/9/2012 10:9:10] > Map size: 5000x5000.
[1/9/2012 10:9:10] > Map descriptions: 
[1/9/2012 10:9:10] "Saved with Remere's Map Editor 2.2"
[1/9/2012 10:9:10] "SimOne MapEditor 0.5.5"
[1/9/2012 10:9:11] [Warning - IOMap::loadMap] Movable item in house: 517, item type: 2741, pos 1070/1121/6
[1/9/2012 10:9:11] [Warning - IOMap::loadMap] Movable item in house: 518, item type: 2741, pos 1070/1129/6
[1/9/2012 10:9:11] [Warning - IOMap::loadMap] Movable item in house: 517, item type: 2741, pos 1073/1121/6
[1/9/2012 10:9:11] [Warning - IOMap::loadMap] Movable item in house: 518, item type: 2741, pos 1073/1129/6
[1/9/2012 10:9:12] Duplicate uniqueId 6401
[1/9/2012 10:9:12] Duplicate uniqueId 6401
[1/9/2012 10:9:15] Duplicate uniqueId 6401
[1/9/2012 10:9:15] Duplicate uniqueId 6401
[1/9/2012 10:9:15] Duplicate uniqueId 6401
[1/9/2012 10:9:15] Duplicate uniqueId 6401
[1/9/2012 10:9:20] Duplicate uniqueId 6401
[1/9/2012 10:9:20] Duplicate uniqueId 6401
[1/9/2012 10:9:22] Duplicate uniqueId 2004
[1/9/2012 10:9:22] Duplicate uniqueId 2005
[1/9/2012 10:9:22] Duplicate uniqueId 2006
[1/9/2012 10:9:22] Duplicate uniqueId 2007
[1/9/2012 10:9:26] Duplicate uniqueId 6401
[1/9/2012 10:9:26] Duplicate uniqueId 6401
[1/9/2012 10:9:26] Duplicate uniqueId 6401
[1/9/2012 10:9:27] Duplicate uniqueId 6400
[1/9/2012 10:9:27] Duplicate uniqueId 6401
[1/9/2012 10:9:27] Duplicate uniqueId 2056
[1/9/2012 10:9:27] Duplicate uniqueId 2057
[1/9/2012 10:9:27] Duplicate uniqueId 2058
[1/9/2012 10:9:27] Duplicate uniqueId 2051
[1/9/2012 10:9:27] Duplicate uniqueId 2052
[1/9/2012 10:9:27] Duplicate uniqueId 2053
[1/9/2012 10:9:27] Duplicate uniqueId 2054
[1/9/2012 10:9:27] > Map loading time: 21.433 seconds.
[1/9/2012 10:9:28] [Spawn::addMonster] Cannot find "Butterfly"
[1/9/2012 10:9:28] [Spawn::addMonster] Cannot find "Butterfly"
[1/9/2012 10:9:29] > Data parsing time: 1.241 seconds.
[1/9/2012 10:9:45] > Houses synchronization time: 16.124 seconds.
[1/9/2012 10:9:45] > Content unserialization time: 0.178 seconds.
[1/9/2012 10:9:45] >> Checking world type... Open PvP
[1/9/2012 10:9:45] >> Initializing game state and binding services...
[1/9/2012 10:9:48] > Global IP address: 184.173.128.212
[1/9/2012 10:9:48] > Bound ports: 7577	7578	9215	
[1/9/2012 10:9:48] >> Everything smells good, server is starting up...
[1/9/2012 10:9:48] >> UltraX server Online!
[1/9/2012 10:9:48] >> UltraX server Online!
[DDOS EMERGENCY] Enabled


[1/9/2012 10:19:12] [Error - NpcScript Interface] 
[1/9/2012 10:19:12] (Unknown script file)
[1/9/2012 10:19:12] Description: 
[1/9/2012 10:19:12] attempt to call a nil value
[1/9/2012 10:19:12] stack traceback:
[1/9/2012 10:19:12] 	[C]: in function 'closeShopWindow'
[1/9/2012 10:19:12] 	data/npc/lib/npcsystem/npchandler.lua:225: in function 'releaseFocus'
[1/9/2012 10:19:12] 	data/npc/lib/npcsystem/npchandler.lua:591: in function 'onWalkAway'
[1/9/2012 10:19:12] 	data/npc/lib/npcsystem/npchandler.lua:523: in function 'onThink'
[1/9/2012 10:19:12] 	data/npc/scripts/game/default.lua:9: in function <data/npc/scripts/game/default.lua:9>

[1/9/2012 10:58:12] [Error - NpcScript Interface] 
[1/9/2012 10:58:12] (Unknown script file)
[1/9/2012 10:58:12] Description: 
[1/9/2012 10:58:12] attempt to call a nil value
[1/9/2012 10:58:12] stack traceback:

[1/9/2012 11:8:34] [Error - MoveEvents Interface] 
[1/9/2012 11:8:34] data/movements/scripts/game/poi.quest/entrance_fields.lua:onStepIn
[1/9/2012 11:8:34] Description: 
[1/9/2012 11:8:34] (internalGetPlayerInfo) Player not found when requesting player info #6

[1/9/2012 11:8:34] [Error - MoveEvents Interface] 
[1/9/2012 11:8:34] data/movements/scripts/game/poi.quest/entrance_fields.lua:onStepIn
[1/9/2012 11:8:34] Description: 
[1/9/2012 11:8:34] (internalGetPlayerInfo) Player not found when requesting player info #6

[1/9/2012 11:8:34] [Error - MoveEvents Interface] 
[1/9/2012 11:8:34] data/movements/scripts/game/poi.quest/entrance_fields.lua:onStepIn
[1/9/2012 11:8:34] Description: 
[1/9/2012 11:8:34] (internalGetPlayerInfo) Player not found when requesting player info #6

[1/9/2012 11:8:34] [Error - MoveEvents Interface] 
[1/9/2012 11:8:34] data/movements/scripts/game/poi.quest/entrance_fields.lua:onStepIn
[1/9/2012 11:8:34] Description: 
[1/9/2012 11:8:34] (internalGetPlayerInfo) Player not found when requesting player info #6

[1/9/2012 11:8:34] [Error - MoveEvents Interface] 
[1/9/2012 11:8:34] data/movements/scripts/game/poi.quest/entrance_fields.lua:onStepIn
[1/9/2012 11:8:34] Description: 
[1/9/2012 11:8:34] (luaDoPlayerSendCancel) Player not found
[1/9/2012 11:11:4] > Saving server...
[1/9/2012 11:11:8] > SAVE: Complete in 3.809 seconds using binary-tilebased house storage.

[1/9/2012 11:22:11] [Error - NpcScript Interface] 
[1/9/2012 11:22:11] (Unknown script file)
[1/9/2012 11:22:11] Description: 
[1/9/2012 11:22:11] attempt to call a nil value
[1/9/2012 11:22:11] stack traceback:

[1/9/2012 11:58:12] [Error - NpcScript Interface] 
[1/9/2012 11:58:12] (Unknown script file)
[1/9/2012 11:58:12] Description: 
[1/9/2012 11:58:12] attempt to call a nil value
[1/9/2012 11:58:12] stack traceback:
[1/9/2012 12:11:4] > Saving server...
[1/9/2012 12:11:9] > SAVE: Complete in 4.447 seconds using binary-tilebased house storage.

[1/9/2012 12:33:0] [Error - NpcScript Interface] 
[1/9/2012 12:33:0] (Unknown script file)
[1/9/2012 12:33:0] Description: 
[1/9/2012 12:33:0] attempt to call a nil value
[1/9/2012 12:33:0] stack traceback:
[1/9/2012 12:33:0] 	[C]: in function 'closeShopWindow'
[1/9/2012 12:33:0] 	data/npc/lib/npcsystem/npchandler.lua:225: in function 'releaseFocus'
[1/9/2012 12:33:0] 	data/npc/lib/npcsystem/npchandler.lua:591: in function 'onWalkAway'
[1/9/2012 12:33:0] 	data/npc/lib/npcsystem/npchandler.lua:523: in function 'onThink'
[1/9/2012 12:33:0] 	data/npc/scripts/game/blacksmith.lua:9: in function <data/npc/scripts/game/blacksmith.lua:9>

[1/9/2012 12:37:28] [Error - NpcScript Interface] 
[1/9/2012 12:37:28] (Unknown script file)
[1/9/2012 12:37:28] Description: 
[1/9/2012 12:37:28] attempt to call a nil value
[1/9/2012 12:37:28] stack traceback:
[1/9/2012 12:37:28] 	[C]: in function 'closeShopWindow'
[1/9/2012 12:37:28] 	data/npc/lib/npcsystem/npchandler.lua:225: in function 'releaseFocus'
[1/9/2012 12:37:28] 	data/npc/lib/npcsystem/npchandler.lua:591: in function 'onWalkAway'
[1/9/2012 12:37:28] 	data/npc/lib/npcsystem/npchandler.lua:523: in function 'onThink'
[1/9/2012 12:37:28] 	data/npc/scripts/game/default.lua:9: in function <data/npc/scripts/game/default.lua:9>

[1/9/2012 12:43:18] [Error - NpcScript Interface] 
[1/9/2012 12:43:18] (Unknown script file)
[1/9/2012 12:43:18] Description: 
[1/9/2012 12:43:18] attempt to call a nil value
[1/9/2012 12:43:18] stack traceback:

[1/9/2012 12:44:39] [Error - NpcScript Interface] 
[1/9/2012 12:44:39] (Unknown script file)
[1/9/2012 12:44:39] Description: 
[1/9/2012 12:44:39] attempt to call a nil value
[1/9/2012 12:44:39] stack traceback:
[1/9/2012 12:44:39] 	[C]: in function 'closeShopWindow'
[1/9/2012 12:44:39] 	data/npc/lib/npcsystem/npchandler.lua:225: in function 'releaseFocus'
[1/9/2012 12:44:39] 	data/npc/lib/npcsystem/npchandler.lua:591: in function 'onWalkAway'
[1/9/2012 12:44:39] 	data/npc/lib/npcsystem/npchandler.lua:523: in function 'onThink'
[1/9/2012 12:44:39] 	data/npc/scripts/game/default.lua:9: in function <data/npc/scripts/game/default.lua:9>

[1/9/2012 12:45:42] [Error - NpcScript Interface] 
[1/9/2012 12:45:42] (Unknown script file)
[1/9/2012 12:45:42] Description: 
[1/9/2012 12:45:42] attempt to call a nil value
[1/9/2012 12:45:42] stack traceback:
[1/9/2012 12:45:42] 	[C]: in function 'closeShopWindow'
[1/9/2012 12:45:42] 	data/npc/lib/npcsystem/npchandler.lua:225: in function 'releaseFocus'
[1/9/2012 12:45:42] 	data/npc/lib/npcsystem/npchandler.lua:591: in function 'onWalkAway'
[1/9/2012 12:45:42] 	data/npc/lib/npcsystem/npchandler.lua:523: in function 'onThink'
[1/9/2012 12:45:42] 	data/npc/scripts/game/default.lua:9: in function <data/npc/scripts/game/default.lua:9>

[1/9/2012 12:50:59] [Error - NpcScript Interface] 
[1/9/2012 12:50:59] (Unknown script file)
[1/9/2012 12:50:59] Description: 
[1/9/2012 12:50:59] attempt to call a nil value
[1/9/2012 12:50:59] stack traceback:
[1/9/2012 12:50:59] 	[C]: in function 'closeShopWindow'
[1/9/2012 12:50:59] 	data/npc/lib/npcsystem/npchandler.lua:225: in function 'releaseFocus'
[1/9/2012 12:50:59] 	data/npc/lib/npcsystem/npchandler.lua:591: in function 'onWalkAway'
[1/9/2012 12:50:59] 	data/npc/lib/npcsystem/npchandler.lua:523: in function 'onThink'
[1/9/2012 12:50:59] 	data/npc/scripts/game/default.lua:9: in function <data/npc/scripts/game/default.lua:9>

[1/9/2012 13:0:11] [Error - NpcScript Interface] 
[1/9/2012 13:0:11] (Unknown script file)
[1/9/2012 13:0:11] Description: 
[1/9/2012 13:0:11] attempt to call a nil value
[1/9/2012 13:0:11] stack traceback:

[1/9/2012 13:5:21] [Error - NpcScript Interface] 
[1/9/2012 13:5:21] (Unknown script file)
[1/9/2012 13:5:21] Description: 
[1/9/2012 13:5:21] attempt to call a nil value
[1/9/2012 13:5:21] stack traceback:
[1/9/2012 13:11:4] > Saving server...
[1/9/2012 13:11:8] > SAVE: Complete in 3.992 seconds using binary-tilebased house storage.

[1/9/2012 13:32:51] [Error - NpcScript Interface] 
[1/9/2012 13:32:51] (Unknown script file)
[1/9/2012 13:32:51] Description: 
[1/9/2012 13:32:51] attempt to call a nil value
[1/9/2012 13:32:51] stack traceback:
[1/9/2012 13:32:51] 	[C]: in function 'closeShopWindow'
[1/9/2012 13:32:51] 	data/npc/lib/npcsystem/npchandler.lua:225: in function 'releaseFocus'
[1/9/2012 13:32:51] 	data/npc/lib/npcsystem/npchandler.lua:591: in function 'onWalkAway'
[1/9/2012 13:32:51] 	data/npc/lib/npcsystem/npchandler.lua:523: in function 'onThink'
[1/9/2012 13:32:51] 	data/npc/scripts/game/default.lua:9: in function <data/npc/scripts/game/default.lua:9>

[1/9/2012 13:44:26] [Error - NpcScript Interface] 
[1/9/2012 13:44:26] (Unknown script file)
[1/9/2012 13:44:26] Description: 
[1/9/2012 13:44:26] attempt to call a nil value
[1/9/2012 13:44:26] stack traceback:
[1/9/2012 13:44:26] 	[C]: in function 'closeShopWindow'
[1/9/2012 13:44:26] 	data/npc/lib/npcsystem/npchandler.lua:225: in function 'releaseFocus'
[1/9/2012 13:44:26] 	data/npc/lib/npcsystem/npchandler.lua:591: in function 'onWalkAway'
[1/9/2012 13:44:26] 	data/npc/lib/npcsystem/npchandler.lua:523: in function 'onThink'
[1/9/2012 13:44:26] 	data/npc/scripts/game/default.lua:9: in function <data/npc/scripts/game/default.lua:9>

[1/9/2012 13:49:55] [Error - NpcScript Interface] 
[1/9/2012 13:49:55] (Unknown script file)
[1/9/2012 13:49:55] Description: 
[1/9/2012 13:49:55] attempt to call a nil value
[1/9/2012 13:49:55] stack traceback:
[1/9/2012 13:49:55] 	[C]: in function 'closeShopWindow'
[1/9/2012 13:49:55] 	data/npc/lib/npcsystem/npchandler.lua:225: in function 'releaseFocus'
[1/9/2012 13:49:55] 	data/npc/lib/npcsystem/npchandler.lua:591: in function 'onWalkAway'
[1/9/2012 13:49:55] 	data/npc/lib/npcsystem/npchandler.lua:523: in function 'onThink'
[1/9/2012 13:49:55] 	data/npc/scripts/game/default.lua:9: in function <data/npc/scripts/game/default.lua:9>

[1/9/2012 14:4:48] [Error - NpcScript Interface] 
[1/9/2012 14:4:48] (Unknown script file)
[1/9/2012 14:4:48] Description: 
[1/9/2012 14:4:48] attempt to call a nil value
[1/9/2012 14:4:48] stack traceback:
[1/9/2012 14:4:48] 	[C]: in function 'closeShopWindow'
[1/9/2012 14:4:48] 	data/npc/lib/npcsystem/npchandler.lua:225: in function 'releaseFocus'
[1/9/2012 14:4:48] 	data/npc/lib/npcsystem/npchandler.lua:591: in function 'onWalkAway'
[1/9/2012 14:4:48] 	data/npc/lib/npcsystem/npchandler.lua:523: in function 'onThink'
[1/9/2012 14:4:48] 	data/npc/scripts/game/default.lua:9: in function <data/npc/scripts/game/default.lua:9>

[1/9/2012 14:4:53] [Error - NpcScript Interface] 
[1/9/2012 14:4:53] (Unknown script file)
[1/9/2012 14:4:53] Description: 
[1/9/2012 14:4:53] attempt to call a nil value
[1/9/2012 14:4:53] stack traceback:
[1/9/2012 14:4:53] 	[C]: in function 'closeShopWindow'
[1/9/2012 14:4:53] 	data/npc/lib/npcsystem/npchandler.lua:225: in function 'releaseFocus'
[1/9/2012 14:4:53] 	data/npc/lib/npcsystem/npchandler.lua:591: in function 'onWalkAway'
[1/9/2012 14:4:53] 	data/npc/lib/npcsystem/npchandler.lua:523: in function 'onThink'
[1/9/2012 14:4:53] 	data/npc/scripts/game/default.lua:9: in function <data/npc/scripts/game/default.lua:9>
[1/9/2012 14:11:4] > Saving server...
[1/9/2012 14:11:9] > SAVE: Complete in 4.248 seconds using binary-tilebased house storage.

[1/9/2012 14:12:32] [Error - NpcScript Interface] 
[1/9/2012 14:12:32] (Unknown script file)
[1/9/2012 14:12:32] Description: 
[1/9/2012 14:12:32] attempt to call a nil value
[1/9/2012 14:12:32] stack traceback:
[1/9/2012 14:12:32] 	[C]: in function 'closeShopWindow'
[1/9/2012 14:12:32] 	data/npc/lib/npcsystem/npchandler.lua:225: in function 'releaseFocus'
[1/9/2012 14:12:32] 	data/npc/lib/npcsystem/npchandler.lua:591: in function 'onWalkAway'
[1/9/2012 14:12:32] 	data/npc/lib/npcsystem/npchandler.lua:523: in function 'onThink'
[1/9/2012 14:12:32] 	data/npc/scripts/game/default.lua:9: in function <data/npc/scripts/game/default.lua:9>

[1/9/2012 14:13:18] [Error - NpcScript Interface] 
[1/9/2012 14:13:18] (Unknown script file)
[1/9/2012 14:13:18] Description: 
[1/9/2012 14:13:18] attempt to call a nil value
[1/9/2012 14:13:18] stack traceback:
[1/9/2012 14:13:18] 	[C]: in function 'closeShopWindow'
[1/9/2012 14:13:18] 	data/npc/lib/npcsystem/npchandler.lua:225: in function 'releaseFocus'
[1/9/2012 14:13:18] 	data/npc/lib/npcsystem/npchandler.lua:591: in function 'onWalkAway'
[1/9/2012 14:13:18] 	data/npc/lib/npcsystem/npchandler.lua:523: in function 'onThink'
[1/9/2012 14:13:18] 	data/npc/scripts/game/default.lua:9: in function <data/npc/scripts/game/default.lua:9>

[1/9/2012 14:13:47] [Error - NpcScript Interface] 
[1/9/2012 14:13:47] (Unknown script file)
[1/9/2012 14:13:47] Description: 
[1/9/2012 14:13:47] attempt to call a nil value
[1/9/2012 14:13:47] stack traceback:
[1/9/2012 14:13:47] 	[C]: in function 'closeShopWindow'
[1/9/2012 14:13:47] 	data/npc/lib/npcsystem/npchandler.lua:225: in function 'releaseFocus'
[1/9/2012 14:13:47] 	data/npc/lib/npcsystem/npchandler.lua:591: in function 'onWalkAway'
[1/9/2012 14:13:47] 	data/npc/lib/npcsystem/npchandler.lua:523: in function 'onThink'
[1/9/2012 14:13:47] 	data/npc/scripts/game/default.lua:9: in function <data/npc/scripts/game/default.lua:9>

[1/9/2012 14:14:24] [Error - NpcScript Interface] 
[1/9/2012 14:14:24] (Unknown script file)
[1/9/2012 14:14:24] Description: 
[1/9/2012 14:14:24] attempt to call a nil value
[1/9/2012 14:14:24] stack traceback:
[1/9/2012 14:14:24] 	[C]: in function 'closeShopWindow'
[1/9/2012 14:14:24] 	data/npc/lib/npcsystem/npchandler.lua:225: in function 'releaseFocus'
[1/9/2012 14:14:24] 	data/npc/lib/npcsystem/npchandler.lua:591: in function 'onWalkAway'
[1/9/2012 14:14:24] 	data/npc/lib/npcsystem/npchandler.lua:523: in function 'onThink'
[1/9/2012 14:14:24] 	data/npc/scripts/game/default.lua:9: in function <data/npc/scripts/game/default.lua:9>

[1/9/2012 14:27:12] [Error - NpcScript Interface] 
[1/9/2012 14:27:12] (Unknown script file)
[1/9/2012 14:27:12] Description: 
[1/9/2012 14:27:12] attempt to call a nil value
[1/9/2012 14:27:12] stack traceback:
[1/9/2012 14:27:12] 	[C]: in function 'closeShopWindow'
[1/9/2012 14:27:12] 	data/npc/lib/npcsystem/npchandler.lua:225: in function 'releaseFocus'
[1/9/2012 14:27:12] 	data/npc/lib/npcsystem/npchandler.lua:591: in function 'onWalkAway'
[1/9/2012 14:27:12] 	data/npc/lib/npcsystem/npchandler.lua:523: in function 'onThink'
[1/9/2012 14:27:12] 	data/npc/scripts/game/blacksmith.lua:9: in function <data/npc/scripts/game/blacksmith.lua:9>

[1/9/2012 14:42:42] [Error - NpcScript Interface] 
[1/9/2012 14:42:42] (Unknown script file)
[1/9/2012 14:42:42] Description: 
[1/9/2012 14:42:42] attempt to call a nil value
[1/9/2012 14:42:42] stack traceback:

[1/9/2012 14:52:54] [Error - NpcScript Interface] 
[1/9/2012 14:52:54] (Unknown script file)
[1/9/2012 14:52:54] Description: 
[1/9/2012 14:52:54] attempt to call a nil value
[1/9/2012 14:52:54] stack traceback:
[1/9/2012 14:52:54] 	[C]: in function 'closeShopWindow'
[1/9/2012 14:52:54] 	data/npc/lib/npcsystem/npchandler.lua:225: in function 'releaseFocus'
[1/9/2012 14:52:54] 	data/npc/lib/npcsystem/npchandler.lua:363: in function 'unGreet'
[1/9/2012 14:52:54] 	data/npc/lib/npcsystem/npchandler.lua:406: in function 'onCreatureDisappear'
[1/9/2012 14:52:54] 	data/npc/scripts/game/default.lua:7: in function <data/npc/scripts/game/default.lua:7>

[1/9/2012 15:5:10] [Error - NpcScript Interface] 
[1/9/2012 15:5:10] (Unknown script file)
[1/9/2012 15:5:10] Description: 
[1/9/2012 15:5:10] attempt to call a nil value
[1/9/2012 15:5:10] stack traceback:
[1/9/2012 15:5:10] 	[C]: in function 'closeShopWindow'
[1/9/2012 15:5:10] 	data/npc/lib/npcsystem/npchandler.lua:225: in function 'releaseFocus'
[1/9/2012 15:5:10] 	data/npc/lib/npcsystem/npchandler.lua:591: in function 'onWalkAway'
[1/9/2012 15:5:10] 	data/npc/lib/npcsystem/npchandler.lua:523: in function 'onThink'
[1/9/2012 15:5:10] 	data/npc/scripts/game/default.lua:9: in function <data/npc/scripts/game/default.lua:9>
[1/9/2012 15:11:4] > Saving server...
[1/9/2012 15:11:9] > SAVE: Complete in 4.375 seconds using binary-tilebased house storage.

[1/9/2012 15:17:23] [Error - MoveEvents Interface] 
[1/9/2012 15:17:23] In a timer event called from: 
[1/9/2012 15:17:23] data/movements/scripts/game/teleport.lua:onStepIn
[1/9/2012 15:17:23] Description: 
[1/9/2012 15:17:23] (luaDoPlayerSendTextMessage) Player not found

[1/9/2012 15:17:23] [Error - MoveEvents Interface] 
[1/9/2012 15:17:23] In a timer event called from: 
[1/9/2012 15:17:23] data/movements/scripts/game/teleport.lua:onStepIn
[1/9/2012 15:17:23] Description: 
[1/9/2012 15:17:23] (luaDoTeleportThing) Thing not found

[1/9/2012 15:17:23] [Error - MoveEvents Interface] 
[1/9/2012 15:17:23] In a timer event called from: 
[1/9/2012 15:17:23] data/movements/scripts/game/teleport.lua:onStepIn
[1/9/2012 15:17:23] Description: 
[1/9/2012 15:17:23] (luaGetThingPosition) Thing not found

[1/9/2012 15:17:23] [Error - MoveEvents Interface] 
[1/9/2012 15:17:23] In a timer event called from: 
[1/9/2012 15:17:23] data/movements/scripts/game/teleport.lua:onStepIn
[1/9/2012 15:17:23] Description: 
[1/9/2012 15:17:23] (luaGetCreatureStorage) Creature not found

[1/9/2012 15:17:23] [Error - MoveEvents Interface] 
[1/9/2012 15:17:23] In a timer event called from: 
[1/9/2012 15:17:23] data/movements/scripts/game/teleport.lua:onStepIn
[1/9/2012 15:17:23] Description: 
[1/9/2012 15:17:23] (luaGetCreatureStorage) Creature not found

[1/9/2012 15:17:23] [Error - MoveEvents Interface] 
[1/9/2012 15:17:23] In a timer event called from: 
[1/9/2012 15:17:23] data/movements/scripts/game/teleport.lua:onStepIn
[1/9/2012 15:17:23] Description: 
[1/9/2012 15:17:23] data/lib/darghos/arena.lua:138: attempt to index field '?' (a nil value)
[1/9/2012 15:17:23] stack traceback:
[1/9/2012 15:17:23] 	data/lib/darghos/arena.lua:138: in function 'onLeave'
[1/9/2012 15:17:23] 	data/lib/darghos/arena.lua:186: in function <data/lib/darghos/arena.lua:181>

[1/9/2012 15:24:16] [Error - NpcScript Interface] 
[1/9/2012 15:24:16] (Unknown script file)
[1/9/2012 15:24:16] Description: 
[1/9/2012 15:24:16] attempt to call a nil value
[1/9/2012 15:24:16] stack traceback:
[1/9/2012 15:24:16] 	[C]: in function 'closeShopWindow'
[1/9/2012 15:24:16] 	data/npc/lib/npcsystem/npchandler.lua:225: in function 'releaseFocus'
[1/9/2012 15:24:16] 	data/npc/lib/npcsystem/npchandler.lua:591: in function 'onWalkAway'
[1/9/2012 15:24:16] 	data/npc/lib/npcsystem/npchandler.lua:523: in function 'onThink'
[1/9/2012 15:24:16] 	data/npc/scripts/game/default.lua:9: in function <data/npc/scripts/game/default.lua:9>

[1/9/2012 15:28:20] [Error - NpcScript Interface] 
[1/9/2012 15:28:20] (Unknown script file)
[1/9/2012 15:28:20] Description: 
[1/9/2012 15:28:20] attempt to call a nil value
[1/9/2012 15:28:20] stack traceback:

[1/9/2012 15:37:36] [Error - Action Interface] 
[1/9/2012 15:37:36] data/actions/scripts/tools/pick.lua:onUse
[1/9/2012 15:37:36] Description: 
[1/9/2012 15:37:36] (luaGetThingFromPos) Tile not found

[1/9/2012 15:42:15] [Error - NpcScript Interface] 
[1/9/2012 15:42:15] (Unknown script file)
[1/9/2012 15:42:15] Description: 
[1/9/2012 15:42:15] attempt to call a nil value
[1/9/2012 15:42:15] stack traceback:
[1/9/2012 15:42:15] 	[C]: in function 'closeShopWindow'
[1/9/2012 15:42:15] 	data/npc/lib/npcsystem/npchandler.lua:225: in function 'releaseFocus'
[1/9/2012 15:42:15] 	data/npc/lib/npcsystem/npchandler.lua:591: in function 'onWalkAway'
[1/9/2012 15:42:15] 	data/npc/lib/npcsystem/npchandler.lua:523: in function 'onThink'
[1/9/2012 15:42:15] 	data/npc/scripts/game/default.lua:9: in function <data/npc/scripts/game/default.lua:9>

[1/9/2012 16:3:4] [Error - NpcScript Interface] 
[1/9/2012 16:3:4] (Unknown script file)
[1/9/2012 16:3:4] Description: 
[1/9/2012 16:3:4] attempt to call a nil value
[1/9/2012 16:3:4] stack traceback:
[1/9/2012 16:11:4] > Saving server...
[1/9/2012 16:11:9] > SAVE: Complete in 4.556 seconds using binary-tilebased house storage.

[1/9/2012 16:20:7] [Error - NpcScript Interface] 
[1/9/2012 16:20:7] (Unknown script file)
[1/9/2012 16:20:7] Description: 
[1/9/2012 16:20:7] attempt to call a nil value
[1/9/2012 16:20:7] stack traceback:
[1/9/2012 16:23:47] > Broadcasted message: "Um estranho exercito de Goblins está a fazer baderna no portão ao Oeste de Quendor! Mostrem a nossa força a estas pateticas criaturas!".

[1/9/2012 16:27:10] [Error - NpcScript Interface] 
[1/9/2012 16:27:10] (Unknown script file)
[1/9/2012 16:27:10] Description: 
[1/9/2012 16:27:10] attempt to call a nil value
[1/9/2012 16:27:10] stack traceback:

[1/9/2012 16:59:28] [Error - NpcScript Interface] 
[1/9/2012 16:59:28] (Unknown script file)
[1/9/2012 16:59:28] Description: 
[1/9/2012 16:59:28] attempt to call a nil value
[1/9/2012 16:59:28] stack traceback:
[1/9/2012 16:59:28] 	[C]: in function 'closeShopWindow'
[1/9/2012 16:59:28] 	data/npc/lib/npcsystem/npchandler.lua:225: in function 'releaseFocus'
[1/9/2012 16:59:28] 	data/npc/lib/npcsystem/npchandler.lua:591: in function 'onWalkAway'
[1/9/2012 16:59:28] 	data/npc/lib/npcsystem/npchandler.lua:523: in function 'onThink'
[1/9/2012 16:59:28] 	data/npc/scripts/game/bless/bless4.lua:9: in function <data/npc/scripts/game/bless/bless4.lua:9>

[1/9/2012 17:8:31] [Error - NpcScript Interface] 
[1/9/2012 17:8:31] (Unknown script file)
[1/9/2012 17:8:31] Description: 
[1/9/2012 17:8:31] attempt to call a nil value
[1/9/2012 17:8:31] stack traceback:
[1/9/2012 17:8:31] 	[C]: in function 'closeShopWindow'
[1/9/2012 17:8:31] 	data/npc/lib/npcsystem/npchandler.lua:225: in function 'releaseFocus'
[1/9/2012 17:8:31] 	data/npc/lib/npcsystem/npchandler.lua:591: in function 'onWalkAway'
[1/9/2012 17:8:31] 	data/npc/lib/npcsystem/npchandler.lua:523: in function 'onThink'
[1/9/2012 17:8:31] 	data/npc/scripts/game/default.lua:9: in function <data/npc/scripts/game/default.lua:9>
[1/9/2012 17:11:5] > Saving server...
[1/9/2012 17:11:9] > SAVE: Complete in 4.276 seconds using binary-tilebased house storage.

[1/9/2012 17:28:19] [Error - NpcScript Interface] 
[1/9/2012 17:28:19] (Unknown script file)
[1/9/2012 17:28:19] Description: 
[1/9/2012 17:28:19] attempt to call a nil value
[1/9/2012 17:28:19] stack traceback:
[1/9/2012 17:28:19] 	[C]: in function 'closeShopWindow'
[1/9/2012 17:28:19] 	data/npc/lib/npcsystem/npchandler.lua:225: in function 'releaseFocus'
[1/9/2012 17:28:19] 	data/npc/lib/npcsystem/npchandler.lua:591: in function 'onWalkAway'
[1/9/2012 17:28:19] 	data/npc/lib/npcsystem/npchandler.lua:523: in function 'onThink'
[1/9/2012 17:28:19] 	data/npc/scripts/game/default.lua:9: in function <data/npc/scripts/game/default.lua:9>

[1/9/2012 17:41:35] [Error - NpcScript Interface] 
[1/9/2012 17:41:35] (Unknown script file)
[1/9/2012 17:41:35] Description: 
[1/9/2012 17:41:35] attempt to call a nil value
[1/9/2012 17:41:35] stack traceback:
[1/9/2012 17:41:35] 	[C]: in function 'closeShopWindow'
[1/9/2012 17:41:35] 	data/npc/lib/npcsystem/npchandler.lua:225: in function 'releaseFocus'
[1/9/2012 17:41:35] 	data/npc/lib/npcsystem/npchandler.lua:591: in function 'onWalkAway'
[1/9/2012 17:41:35] 	data/npc/lib/npcsystem/npchandler.lua:523: in function 'onThink'
[1/9/2012 17:41:35] 	data/npc/scripts/game/quendor.postman.lua:8: in function <data/npc/scripts/game/quendor.postman.lua:8>

[1/9/2012 18:10:44] [Error - NpcScript Interface] 
[1/9/2012 18:10:44] (Unknown script file)
[1/9/2012 18:10:44] Description: 
[1/9/2012 18:10:44] attempt to call a nil value
[1/9/2012 18:10:44] stack traceback:
[1/9/2012 18:10:44] 	[C]: in function 'closeShopWindow'
[1/9/2012 18:10:44] 	data/npc/lib/npcsystem/npchandler.lua:225: in function 'releaseFocus'
[1/9/2012 18:10:44] 	data/npc/lib/npcsystem/npchandler.lua:591: in function 'onWalkAway'
[1/9/2012 18:10:44] 	data/npc/lib/npcsystem/npchandler.lua:523: in function 'onThink'
[1/9/2012 18:10:44] 	data/npc/scripts/game/bless/bless4.lua:9: in function <data/npc/scripts/game/bless/bless4.lua:9>
[1/9/2012 18:11:5] > Saving server...
[1/9/2012 18:11:9] > SAVE: Complete in 4.185 seconds using binary-tilebased house storage.

[1/9/2012 18:15:21] [Error - Spell Interface] 
[1/9/2012 18:15:21] data/spells/scripts/support/destroy_field_rune.lua:onCastSpell
[1/9/2012 18:15:21] Description: 
[1/9/2012 18:15:21] (luaDoRemoveItem) Item not found

[1/9/2012 18:21:52] [Error - NpcScript Interface] 
[1/9/2012 18:21:52] (Unknown script file)
[1/9/2012 18:21:52] Description: 
[1/9/2012 18:21:52] attempt to call a nil value
[1/9/2012 18:21:52] stack traceback:

[1/9/2012 18:24:44] [Error - NpcScript Interface] 
[1/9/2012 18:24:44] (Unknown script file)
[1/9/2012 18:24:44] Description: 
[1/9/2012 18:24:44] attempt to call a nil value
[1/9/2012 18:24:44] stack traceback:
[1/9/2012 18:24:44] 	[C]: in function 'closeShopWindow'
[1/9/2012 18:24:44] 	data/npc/lib/npcsystem/npchandler.lua:225: in function 'releaseFocus'
[1/9/2012 18:24:44] 	data/npc/lib/npcsystem/npchandler.lua:591: in function 'onWalkAway'
[1/9/2012 18:24:44] 	data/npc/lib/npcsystem/npchandler.lua:523: in function 'onThink'
[1/9/2012 18:24:44] 	data/npc/scripts/game/default.lua:9: in function <data/npc/scripts/game/default.lua:9>

[1/9/2012 18:26:21] [Error - NpcScript Interface] 
[1/9/2012 18:26:21] (Unknown script file)
[1/9/2012 18:26:21] Description: 
[1/9/2012 18:26:21] attempt to call a nil value
[1/9/2012 18:26:21] stack traceback:

[1/9/2012 19:1:22] [Error - NpcScript Interface] 
[1/9/2012 19:1:22] (Unknown script file)
[1/9/2012 19:1:22] Description: 
[1/9/2012 19:1:22] attempt to call a nil value
[1/9/2012 19:1:22] stack traceback:

[1/9/2012 19:4:24] [Error - NpcScript Interface] 
[1/9/2012 19:4:24] (Unknown script file)
[1/9/2012 19:4:24] Description: 
[1/9/2012 19:4:24] attempt to call a nil value
[1/9/2012 19:4:24] stack traceback:
[1/9/2012 19:11:5] > Saving server...
[1/9/2012 19:11:8] > SAVE: Complete in 3.092 seconds using binary-tilebased house storage.

[1/9/2012 19:28:20] [Error - NpcScript Interface] 
[1/9/2012 19:28:20] (Unknown script file)
[1/9/2012 19:28:20] Description: 
[1/9/2012 19:28:20] attempt to call a nil value
[1/9/2012 19:28:20] stack traceback:

[1/9/2012 19:42:15] [Error - NpcScript Interface] 
[1/9/2012 19:42:15] (Unknown script file)
[1/9/2012 19:42:15] Description: 
[1/9/2012 19:42:15] attempt to call a nil value
[1/9/2012 19:42:15] stack traceback:
[1/9/2012 19:42:15] 	[C]: in function 'closeShopWindow'
[1/9/2012 19:42:15] 	data/npc/lib/npcsystem/npchandler.lua:225: in function 'releaseFocus'
[1/9/2012 19:42:15] 	data/npc/lib/npcsystem/npchandler.lua:591: in function 'onWalkAway'
[1/9/2012 19:42:15] 	data/npc/lib/npcsystem/npchandler.lua:523: in function 'onThink'
[1/9/2012 19:42:15] 	data/npc/scripts/game/default.lua:9: in function <data/npc/scripts/game/default.lua:9>

[1/9/2012 20:1:23] [Error - NpcScript Interface] 
[1/9/2012 20:1:23] (Unknown script file)
[1/9/2012 20:1:23] Description: 
[1/9/2012 20:1:23] attempt to call a nil value
[1/9/2012 20:1:23] stack traceback:
[1/9/2012 20:11:5] > Saving server...
[1/9/2012 20:11:8] > SAVE: Complete in 3.177 seconds using binary-tilebased house storage.

[1/9/2012 20:17:59] [Error - NpcScript Interface] 
[1/9/2012 20:17:59] (Unknown script file)
[1/9/2012 20:17:59] Description: 
[1/9/2012 20:17:59] attempt to call a nil value
[1/9/2012 20:17:59] stack traceback:
[1/9/2012 20:17:59] 	[C]: in function 'closeShopWindow'
[1/9/2012 20:17:59] 	data/npc/lib/npcsystem/npchandler.lua:225: in function 'releaseFocus'
[1/9/2012 20:17:59] 	data/npc/lib/npcsystem/npchandler.lua:591: in function 'onWalkAway'
[1/9/2012 20:17:59] 	data/npc/lib/npcsystem/npchandler.lua:523: in function 'onThink'
[1/9/2012 20:17:59] 	data/npc/scripts/game/default.lua:9: in function <data/npc/scripts/game/default.lua:9>

[1/9/2012 20:23:41] [Error - NpcScript Interface] 
[1/9/2012 20:23:41] (Unknown script file)
[1/9/2012 20:23:41] Description: 
[1/9/2012 20:23:41] attempt to call a nil value
[1/9/2012 20:23:41] stack traceback:
[1/9/2012 21:11:5] > Saving server...
[1/9/2012 21:11:9] > SAVE: Complete in 3.945 seconds using binary-tilebased house storage.

[1/9/2012 21:43:24] [Error - NpcScript Interface] 
[1/9/2012 21:43:24] (Unknown script file)
[1/9/2012 21:43:24] Description: 
[1/9/2012 21:43:24] attempt to call a nil value
[1/9/2012 21:43:24] stack traceback:
[1/9/2012 21:43:24] 	[C]: in function 'closeShopWindow'
[1/9/2012 21:43:24] 	data/npc/lib/npcsystem/npchandler.lua:225: in function 'releaseFocus'
[1/9/2012 21:43:24] 	data/npc/lib/npcsystem/npchandler.lua:591: in function 'onWalkAway'
[1/9/2012 21:43:24] 	data/npc/lib/npcsystem/npchandler.lua:523: in function 'onThink'
[1/9/2012 21:43:24] 	data/npc/scripts/game/default.lua:9: in function <data/npc/scripts/game/default.lua:9>
[1/9/2012 22:11:5] > Saving server...
[1/9/2012 22:11:10] > SAVE: Complete in 4.881 seconds using binary-tilebased house storage.

[1/9/2012 22:22:9] [Error - NpcScript Interface] 
[1/9/2012 22:22:9] (Unknown script file)
[1/9/2012 22:22:9] Description: 
[1/9/2012 22:22:9] attempt to call a nil value
[1/9/2012 22:22:9] stack traceback:
[1/9/2012 22:22:9] 	[C]: in function 'closeShopWindow'
[1/9/2012 22:22:9] 	data/npc/lib/npcsystem/npchandler.lua:225: in function 'releaseFocus'
[1/9/2012 22:22:9] 	data/npc/lib/npcsystem/npchandler.lua:591: in function 'onWalkAway'
[1/9/2012 22:22:9] 	data/npc/lib/npcsystem/npchandler.lua:523: in function 'onThink'
[1/9/2012 22:22:9] 	data/npc/scripts/game/default.lua:9: in function <data/npc/scripts/game/default.lua:9>

[1/9/2012 22:23:6] [Error - NpcScript Interface] 
[1/9/2012 22:23:6] (Unknown script file)
[1/9/2012 22:23:6] Description: 
[1/9/2012 22:23:6] attempt to call a nil value
[1/9/2012 22:23:6] stack traceback:

[1/9/2012 22:26:40] [Error - NpcScript Interface] 
[1/9/2012 22:26:40] (Unknown script file)
[1/9/2012 22:26:40] Description: 
[1/9/2012 22:26:40] attempt to call a nil value
[1/9/2012 22:26:40] stack traceback:
[1/9/2012 22:26:40] 	[C]: in function 'closeShopWindow'
[1/9/2012 22:26:40] 	data/npc/lib/npcsystem/npchandler.lua:225: in function 'releaseFocus'
[1/9/2012 22:26:40] 	data/npc/lib/npcsystem/npchandler.lua:591: in function 'onWalkAway'
[1/9/2012 22:26:40] 	data/npc/lib/npcsystem/npchandler.lua:523: in function 'onThink'
[1/9/2012 22:26:40] 	data/npc/scripts/game/default.lua:9: in function <data/npc/scripts/game/default.lua:9>

[1/9/2012 22:41:58] [Error - NpcScript Interface] 
[1/9/2012 22:41:58] (Unknown script file)
[1/9/2012 22:41:58] Description: 
[1/9/2012 22:41:58] attempt to call a nil value
[1/9/2012 22:41:58] stack traceback:
[1/9/2012 22:41:58] 	[C]: in function 'closeShopWindow'
[1/9/2012 22:41:58] 	data/npc/lib/npcsystem/npchandler.lua:225: in function 'releaseFocus'
[1/9/2012 22:41:58] 	data/npc/lib/npcsystem/npchandler.lua:591: in function 'onWalkAway'
[1/9/2012 22:41:58] 	data/npc/lib/npcsystem/npchandler.lua:523: in function 'onThink'
[1/9/2012 22:41:58] 	data/npc/scripts/game/default.lua:9: in function <data/npc/scripts/game/default.lua:9>

[1/9/2012 23:3:29] [Error - NpcScript Interface] 
[1/9/2012 23:3:29] (Unknown script file)
[1/9/2012 23:3:29] Description: 
[1/9/2012 23:3:29] attempt to call a nil value
[1/9/2012 23:3:29] stack traceback:
[1/9/2012 23:3:29] 	[C]: in function 'closeShopWindow'
[1/9/2012 23:3:29] 	data/npc/lib/npcsystem/npchandler.lua:225: in function 'releaseFocus'
[1/9/2012 23:3:29] 	data/npc/lib/npcsystem/npchandler.lua:591: in function 'onWalkAway'
[1/9/2012 23:3:29] 	data/npc/lib/npcsystem/npchandler.lua:523: in function 'onThink'
[1/9/2012 23:3:29] 	data/npc/scripts/game/default.lua:9: in function <data/npc/scripts/game/default.lua:9>
[1/9/2012 23:11:5] > Saving server...
[1/9/2012 23:11:9] > SAVE: Complete in 4.359 seconds using binary-tilebased house storage.

[1/9/2012 23:24:48] [Error - Raid Interface] 
[1/9/2012 23:24:48] 	startRaid("demodras")
[1/9/2012 23:24:48] 	
[1/9/2012 23:24:48] Description: 
[1/9/2012 23:24:48] (luaDoCreateMonster) Cannot create monster: Dragon Lord

[1/9/2012 23:24:48] [Error - Raid Interface] 
[1/9/2012 23:24:48] 	startRaid("demodras")
[1/9/2012 23:24:48] 	
[1/9/2012 23:24:48] Description: 
[1/9/2012 23:24:48] (luaDoCreateMonster) Cannot create monster: Demodras

[1/9/2012 23:53:51] [Error - NpcScript Interface] 
[1/9/2012 23:53:51] (Unknown script file)
[1/9/2012 23:53:51] Description: 
[1/9/2012 23:53:51] attempt to call a nil value
[1/9/2012 23:53:51] stack traceback:
[2/9/2012 0:11:5] > Saving server...
[2/9/2012 0:11:9] > SAVE: Complete in 4.375 seconds using binary-tilebased house storage.

[2/9/2012 0:14:57] [Error - NpcScript Interface] 
[2/9/2012 0:14:57] (Unknown script file)
[2/9/2012 0:14:57] Description: 
[2/9/2012 0:14:57] attempt to call a nil value
[2/9/2012 0:14:57] stack traceback:

[2/9/2012 0:28:16] [Error - NpcScript Interface] 
[2/9/2012 0:28:16] (Unknown script file)
[2/9/2012 0:28:16] Description: 
[2/9/2012 0:28:16] attempt to call a nil value
[2/9/2012 0:28:16] stack traceback:
[2/9/2012 0:28:16] 	[C]: in function 'closeShopWindow'
[2/9/2012 0:28:16] 	data/npc/lib/npcsystem/npchandler.lua:225: in function 'releaseFocus'
[2/9/2012 0:28:16] 	data/npc/lib/npcsystem/npchandler.lua:591: in function 'onWalkAway'
[2/9/2012 0:28:16] 	data/npc/lib/npcsystem/npchandler.lua:523: in function 'onThink'
[2/9/2012 0:28:16] 	data/npc/scripts/game/default.lua:9: in function <data/npc/scripts/game/default.lua:9>
[2/9/2012 1:11:5] > Saving server...
[2/9/2012 1:11:8] > SAVE: Complete in 3.401 seconds using binary-tilebased house storage.

[2/9/2012 1:41:3] [Error - NpcScript Interface] 
[2/9/2012 1:41:3] (Unknown script file)
[2/9/2012 1:41:3] Description: 
[2/9/2012 1:41:3] attempt to call a nil value
[2/9/2012 1:41:3] stack traceback:
[2/9/2012 1:41:3] 	[C]: in function 'closeShopWindow'
[2/9/2012 1:41:3] 	data/npc/lib/npcsystem/npchandler.lua:225: in function 'releaseFocus'
[2/9/2012 1:41:3] 	data/npc/lib/npcsystem/npchandler.lua:591: in function 'onWalkAway'
[2/9/2012 1:41:3] 	data/npc/lib/npcsystem/npchandler.lua:523: in function 'onThink'
[2/9/2012 1:41:3] 	data/npc/scripts/game/default.lua:9: in function <data/npc/scripts/game/default.lua:9>
[2/9/2012 2:11:5] > Saving server...
[2/9/2012 2:11:9] > SAVE: Complete in 4.168 seconds using binary-tilebased house storage.

[2/9/2012 2:25:24] [Error - NpcScript Interface] 
[2/9/2012 2:25:24] (Unknown script file)
[2/9/2012 2:25:24] Description: 
[2/9/2012 2:25:24] attempt to call a nil value
[2/9/2012 2:25:24] stack traceback:
[2/9/2012 2:25:39] [Warning - Protocol::RSA_decrypt] Not valid packet size (IP: 200.216.188.35)

[2/9/2012 2:35:47] [Error - NpcScript Interface] 
[2/9/2012 2:35:47] (Unknown script file)
[2/9/2012 2:35:47] Description: 
[2/9/2012 2:35:47] attempt to call a nil value
[2/9/2012 2:35:47] stack traceback:
[2/9/2012 2:35:47] 	[C]: in function 'closeShopWindow'
[2/9/2012 2:35:47] 	data/npc/lib/npcsystem/npchandler.lua:225: in function 'releaseFocus'
[2/9/2012 2:35:47] 	data/npc/lib/npcsystem/npchandler.lua:363: in function 'unGreet'
[2/9/2012 2:35:47] 	data/npc/lib/npcsystem/npchandler.lua:576: in function 'onFarewell'
[2/9/2012 2:35:47] 	data/npc/lib/npcsystem/modules.lua:251: in function 'callback'
[2/9/2012 2:35:47] 	data/npc/lib/npcsystem/keywordhandler.lua:41: in function 'processMessage'
[2/9/2012 2:35:47] 	data/npc/lib/npcsystem/keywordhandler.lua:181: in function 'processNodeMessage'
[2/9/2012 2:35:47] 	data/npc/lib/npcsystem/keywordhandler.lua:140: in function 'processMessage'
[2/9/2012 2:35:47] 	data/npc/lib/npcsystem/npchandler.lua:423: in function 'onCreatureSay'
[2/9/2012 2:35:47] 	data/npc/scripts/game/default.lua:8: in function <data/npc/scripts/game/default.lua:8>

[2/9/2012 2:37:15] [Error - NpcScript Interface] 
[2/9/2012 2:37:15] (Unknown script file)
[2/9/2012 2:37:15] Description: 
[2/9/2012 2:37:15] attempt to call a nil value
[2/9/2012 2:37:15] stack traceback:
[2/9/2012 2:37:15] 	[C]: in function 'closeShopWindow'
[2/9/2012 2:37:15] 	data/npc/lib/npcsystem/npchandler.lua:225: in function 'releaseFocus'
[2/9/2012 2:37:15] 	data/npc/lib/npcsystem/npchandler.lua:591: in function 'onWalkAway'
[2/9/2012 2:37:15] 	data/npc/lib/npcsystem/npchandler.lua:523: in function 'onThink'
[2/9/2012 2:37:15] 	data/npc/scripts/game/default.lua:9: in function <data/npc/scripts/game/default.lua:9>

[2/9/2012 3:5:24] [Error - NpcScript Interface] 
[2/9/2012 3:5:24] (Unknown script file)
[2/9/2012 3:5:24] Description: 
[2/9/2012 3:5:24] attempt to call a nil value
[2/9/2012 3:5:24] stack traceback:
[2/9/2012 3:5:24] 	[C]: in function 'closeShopWindow'
[2/9/2012 3:5:24] 	data/npc/lib/npcsystem/npchandler.lua:225: in function 'releaseFocus'
[2/9/2012 3:5:24] 	data/npc/lib/npcsystem/npchandler.lua:591: in function 'onWalkAway'
[2/9/2012 3:5:24] 	data/npc/lib/npcsystem/npchandler.lua:523: in function 'onThink'
[2/9/2012 3:5:24] 	data/npc/scripts/game/default.lua:9: in function <data/npc/scripts/game/default.lua:9>
[2/9/2012 3:11:5] > Saving server...
[2/9/2012 3:11:9] > SAVE: Complete in 3.955 seconds using binary-tilebased house storage.
[2/9/2012 4:11:5] > Saving server...
[2/9/2012 4:11:8] > SAVE: Complete in 3.494 seconds using binary-tilebased house storage.

[2/9/2012 4:12:10] [Error - NpcScript Interface] 
[2/9/2012 4:12:10] (Unknown script file)
[2/9/2012 4:12:10] Description: 
[2/9/2012 4:12:10] attempt to call a nil value
[2/9/2012 4:12:10] stack traceback:
[2/9/2012 4:12:10] 	[C]: in function 'closeShopWindow'
[2/9/2012 4:12:10] 	data/npc/lib/npcsystem/npchandler.lua:225: in function 'releaseFocus'
[2/9/2012 4:12:10] 	data/npc/lib/npcsystem/npchandler.lua:591: in function 'onWalkAway'
[2/9/2012 4:12:10] 	data/npc/lib/npcsystem/npchandler.lua:523: in function 'onThink'
[2/9/2012 4:12:10] 	data/npc/scripts/game/default.lua:9: in function <data/npc/scripts/game/default.lua:9>

[2/9/2012 4:18:45] [Error - NpcScript Interface] 
[2/9/2012 4:18:45] (Unknown script file)
[2/9/2012 4:18:45] Description: 
[2/9/2012 4:18:45] attempt to call a nil value
[2/9/2012 4:18:45] stack traceback:

[2/9/2012 4:27:53] [Error - NpcScript Interface] 
[2/9/2012 4:27:53] (Unknown script file)
[2/9/2012 4:27:53] Description: 
[2/9/2012 4:27:53] attempt to call a nil value
[2/9/2012 4:27:53] stack traceback:
[2/9/2012 4:27:53] 	[C]: in function 'closeShopWindow'
[2/9/2012 4:27:53] 	data/npc/lib/npcsystem/npchandler.lua:225: in function 'releaseFocus'
[2/9/2012 4:27:53] 	data/npc/lib/npcsystem/npchandler.lua:363: in function 'unGreet'
[2/9/2012 4:27:53] 	data/npc/lib/npcsystem/npchandler.lua:576: in function 'onFarewell'
[2/9/2012 4:27:53] 	data/npc/lib/npcsystem/modules.lua:251: in function 'callback'
[2/9/2012 4:27:53] 	data/npc/lib/npcsystem/keywordhandler.lua:41: in function 'processMessage'
[2/9/2012 4:27:53] 	data/npc/lib/npcsystem/keywordhandler.lua:181: in function 'processNodeMessage'
[2/9/2012 4:27:53] 	data/npc/lib/npcsystem/keywordhandler.lua:140: in function 'processMessage'
[2/9/2012 4:27:53] 	data/npc/lib/npcsystem/npchandler.lua:423: in function 'onCreatureSay'
[2/9/2012 4:27:53] 	data/npc/scripts/game/default.lua:8: in function <data/npc/scripts/game/default.lua:8>

[2/9/2012 4:28:44] [Error - NpcScript Interface] 
[2/9/2012 4:28:44] (Unknown script file)
[2/9/2012 4:28:44] Description: 
[2/9/2012 4:28:44] attempt to call a nil value
[2/9/2012 4:28:44] stack traceback:

[2/9/2012 4:50:35] [Error - NpcScript Interface] 
[2/9/2012 4:50:35] (Unknown script file)
[2/9/2012 4:50:35] Description: 
[2/9/2012 4:50:35] attempt to call a nil value
[2/9/2012 4:50:35] stack traceback:
[2/9/2012 4:50:35] 	[C]: in function 'closeShopWindow'
[2/9/2012 4:50:35] 	data/npc/lib/npcsystem/npchandler.lua:225: in function 'releaseFocus'
[2/9/2012 4:50:35] 	data/npc/lib/npcsystem/npchandler.lua:591: in function 'onWalkAway'
[2/9/2012 4:50:35] 	data/npc/lib/npcsystem/npchandler.lua:523: in function 'onThink'
[2/9/2012 4:50:35] 	data/npc/scripts/game/default.lua:9: in function <data/npc/scripts/game/default.lua:9>
[2/9/2012 5:11:5] > Saving server...
[2/9/2012 5:11:8] > SAVE: Complete in 3.202 seconds using binary-tilebased house storage.

[2/9/2012 5:30:27] [Error - NpcScript Interface] 
[2/9/2012 5:30:27] (Unknown script file)
[2/9/2012 5:30:27] Description: 
[2/9/2012 5:30:27] attempt to call a nil value
[2/9/2012 5:30:27] stack traceback:
[2/9/2012 5:30:27] 	[C]: in function 'closeShopWindow'
[2/9/2012 5:30:27] 	data/npc/lib/npcsystem/npchandler.lua:225: in function 'releaseFocus'
[2/9/2012 5:30:27] 	data/npc/lib/npcsystem/npchandler.lua:591: in function 'onWalkAway'
[2/9/2012 5:30:27] 	data/npc/lib/npcsystem/npchandler.lua:523: in function 'onThink'
[2/9/2012 5:30:27] 	data/npc/scripts/game/default.lua:9: in function <data/npc/scripts/game/default.lua:9>

[2/9/2012 5:40:31] [Error - NpcScript Interface] 
[2/9/2012 5:40:31] (Unknown script file)
[2/9/2012 5:40:31] Description: 
[2/9/2012 5:40:31] attempt to call a nil value
[2/9/2012 5:40:31] stack traceback:
[2/9/2012 6:11:5] > Saving server...
[2/9/2012 6:11:7] > SAVE: Complete in 2.411 seconds using binary-tilebased house storage.
[2/9/2012 7:11:5] > Saving server...
[2/9/2012 7:11:8] > SAVE: Complete in 2.786 seconds using binary-tilebased house storage.

[2/9/2012 7:27:44] [Error - NpcScript Interface] 
[2/9/2012 7:27:44] (Unknown script file)
[2/9/2012 7:27:44] Description: 
[2/9/2012 7:27:44] attempt to call a nil value
[2/9/2012 7:27:44] stack traceback:
[2/9/2012 8:11:5] > Saving server...
[2/9/2012 8:11:8] > SAVE: Complete in 3.515 seconds using binary-tilebased house storage.

[2/9/2012 8:14:11] [Error - NpcScript Interface] 
[2/9/2012 8:14:11] (Unknown script file)
[2/9/2012 8:14:11] Description: 
[2/9/2012 8:14:11] attempt to call a nil value
[2/9/2012 8:14:11] stack traceback:
[2/9/2012 8:14:11] 	[C]: in function 'closeShopWindow'
[2/9/2012 8:14:11] 	data/npc/lib/npcsystem/npchandler.lua:225: in function 'releaseFocus'
[2/9/2012 8:14:11] 	data/npc/lib/npcsystem/npchandler.lua:591: in function 'onWalkAway'
[2/9/2012 8:14:11] 	data/npc/lib/npcsystem/npchandler.lua:523: in function 'onThink'
[2/9/2012 8:14:11] 	data/npc/scripts/game/default.lua:9: in function <data/npc/scripts/game/default.lua:9>
[2/9/2012 9:11:5] > Saving server...
[2/9/2012 9:11:8] > SAVE: Complete in 3.512 seconds using binary-tilebased house storage.

[2/9/2012 9:21:31] [Error - NpcScript Interface] 
[2/9/2012 9:21:31] (Unknown script file)
[2/9/2012 9:21:31] Description: 
[2/9/2012 9:21:31] attempt to call a nil value
[2/9/2012 9:21:31] stack traceback:

[2/9/2012 9:52:55] [Error - NpcScript Interface] 
[2/9/2012 9:52:55] (Unknown script file)
[2/9/2012 9:52:55] Description: 
[2/9/2012 9:52:55] attempt to call a nil value
[2/9/2012 9:52:55] stack traceback:
[2/9/2012 9:52:55] 	[C]: in function 'closeShopWindow'
[2/9/2012 9:52:55] 	data/npc/lib/npcsystem/npchandler.lua:225: in function 'releaseFocus'
[2/9/2012 9:52:55] 	data/npc/lib/npcsystem/npchandler.lua:591: in function 'onWalkAway'
[2/9/2012 9:52:55] 	data/npc/lib/npcsystem/npchandler.lua:523: in function 'onThink'
[2/9/2012 9:52:55] 	data/npc/scripts/game/default.lua:9: in function <data/npc/scripts/game/default.lua:9>

[2/9/2012 9:59:1] [Error - NpcScript Interface] 
[2/9/2012 9:59:1] (Unknown script file)
[2/9/2012 9:59:1] Description: 
[2/9/2012 9:59:1] attempt to call a nil value
[2/9/2012 9:59:1] stack traceback:
[2/9/2012 10:0:13] > Paying houses...
[2/9/2012 10:0:14] Houses paid in 0.857 seconds.
[2/9/2012 10:0:14] > Saving server...
[2/9/2012 10:0:15] > SAVE: Complete in 0.579 seconds using binary-tilebased house storage.
[2/9/2012 10:0:15] Preparing to shutdown the server- done.
