[2/9/2012 10:9:2] > Using MD5 encryption
[2/9/2012 10:9:2] >> Loading RSA key
[2/9/2012 10:9:2] >> Starting SQL connection

[2/9/2012 10:9:2] > WARNING: Outdated MySQL server detected, consider upgrading to a newer version.
[2/9/2012 10:9:2] >> Running Database Manager
[2/9/2012 10:9:2] >> Loading items (OTB)
[2/9/2012 10:9:3] >> Loading items (XML)
[2/9/2012 10:9:3] [Warning - Items::loadFromXml] Unknown key value blocksolid
[2/9/2012 10:9:3] [Warning - Items::loadFromXml] Unknown key value blocksolid
[2/9/2012 10:9:3] >> Loading groups
[2/9/2012 10:9:3] >> Loading vocations
[2/9/2012 10:9:3] >> Loading outfits
[2/9/2012 10:9:3] >> Loading chat channels
[2/9/2012 10:9:3] >> Loading script systems
[2/9/2012 10:9:4] [Warning - Event::loadScript] Event onTime not found (data/globalevents/scripts/clean.lua)
[2/9/2012 10:9:5] >> Loading mods...
[2/9/2012 10:9:5] > 0 mods were loaded.
[2/9/2012 10:9:5] >> Loading experience stages
[2/9/2012 10:9:5] >> Loading monsters
[2/9/2012 10:9:5] [Warning - Monsters::deserializeSpell] Frost Dragon - Unknown areaEffect: smallice
[2/9/2012 10:9:6] >> Loading map and spawns...
[2/9/2012 10:9:10] > Map size: 5000x5000.
[2/9/2012 10:9:10] > Map descriptions: 
[2/9/2012 10:9:10] "Saved with Remere's Map Editor 2.2"
[2/9/2012 10:9:10] "SimOne MapEditor 0.5.5"
[2/9/2012 10:9:11] [Warning - IOMap::loadMap] Movable item in house: 517, item type: 2741, pos 1070/1121/6
[2/9/2012 10:9:11] [Warning - IOMap::loadMap] Movable item in house: 518, item type: 2741, pos 1070/1129/6
[2/9/2012 10:9:11] [Warning - IOMap::loadMap] Movable item in house: 517, item type: 2741, pos 1073/1121/6
[2/9/2012 10:9:11] [Warning - IOMap::loadMap] Movable item in house: 518, item type: 2741, pos 1073/1129/6
[2/9/2012 10:9:12] Duplicate uniqueId 6401
[2/9/2012 10:9:12] Duplicate uniqueId 6401
[2/9/2012 10:9:15] Duplicate uniqueId 6401
[2/9/2012 10:9:15] Duplicate uniqueId 6401
[2/9/2012 10:9:15] Duplicate uniqueId 6401
[2/9/2012 10:9:15] Duplicate uniqueId 6401
[2/9/2012 10:9:19] Duplicate uniqueId 6401
[2/9/2012 10:9:19] Duplicate uniqueId 6401
[2/9/2012 10:9:21] Duplicate uniqueId 2004
[2/9/2012 10:9:21] Duplicate uniqueId 2005
[2/9/2012 10:9:21] Duplicate uniqueId 2006
[2/9/2012 10:9:21] Duplicate uniqueId 2007
[2/9/2012 10:9:25] Duplicate uniqueId 6401
[2/9/2012 10:9:25] Duplicate uniqueId 6401
[2/9/2012 10:9:25] Duplicate uniqueId 6401
[2/9/2012 10:9:26] Duplicate uniqueId 6400
[2/9/2012 10:9:26] Duplicate uniqueId 6401
[2/9/2012 10:9:26] Duplicate uniqueId 2056
[2/9/2012 10:9:26] Duplicate uniqueId 2057
[2/9/2012 10:9:26] Duplicate uniqueId 2058
[2/9/2012 10:9:26] Duplicate uniqueId 2051
[2/9/2012 10:9:26] Duplicate uniqueId 2052
[2/9/2012 10:9:26] Duplicate uniqueId 2053
[2/9/2012 10:9:26] Duplicate uniqueId 2054
[2/9/2012 10:9:27] > Map loading time: 20.488 seconds.
[2/9/2012 10:9:27] [Spawn::addMonster] Cannot find "Butterfly"
[2/9/2012 10:9:27] [Spawn::addMonster] Cannot find "Butterfly"
[2/9/2012 10:9:28] > Data parsing time: 1.231 seconds.
[2/9/2012 10:9:43] > Houses synchronization time: 15.272 seconds.
[2/9/2012 10:9:44] > Content unserialization time: 0.2 seconds.
[2/9/2012 10:9:44] >> Checking world type... Open PvP
[2/9/2012 10:9:44] >> Initializing game state and binding services...
[2/9/2012 10:9:45] > Global IP address: 184.173.128.212
[2/9/2012 10:9:45] > Bound ports: 7577	7578	9215	
[2/9/2012 10:9:45] >> Everything smells good, server is starting up...
[2/9/2012 10:9:45] [DDOS EMERGENCY] Enabled
>> UltraX server Online!
[2/9/2012 10:9:45] [DDOS EMERGENCY] Enabled
>> UltraX server Online!


[2/9/2012 10:14:41] [Error - NpcScript Interface] 
[2/9/2012 10:14:41] (Unknown script file)
[2/9/2012 10:14:41] Description: 
[2/9/2012 10:14:41] attempt to call a nil value
[2/9/2012 10:14:41] stack traceback:
[2/9/2012 10:14:41] 	[C]: in function 'closeShopWindow'
[2/9/2012 10:14:41] 	data/npc/lib/npcsystem/npchandler.lua:225: in function 'releaseFocus'
[2/9/2012 10:14:41] 	data/npc/lib/npcsystem/npchandler.lua:591: in function 'onWalkAway'
[2/9/2012 10:14:41] 	data/npc/lib/npcsystem/npchandler.lua:523: in function 'onThink'
[2/9/2012 10:14:41] 	data/npc/scripts/game/default.lua:9: in function <data/npc/scripts/game/default.lua:9>

[2/9/2012 10:21:45] [Error - NpcScript Interface] 
[2/9/2012 10:21:45] (Unknown script file)
[2/9/2012 10:21:45] Description: 
[2/9/2012 10:21:45] attempt to call a nil value
[2/9/2012 10:21:45] stack traceback:

[2/9/2012 10:24:45] [Error - NpcScript Interface] 
[2/9/2012 10:24:45] (Unknown script file)
[2/9/2012 10:24:45] Description: 
[2/9/2012 10:24:45] attempt to call a nil value
[2/9/2012 10:24:45] stack traceback:

[2/9/2012 10:37:18] [Error - NpcScript Interface] 
[2/9/2012 10:37:18] (Unknown script file)
[2/9/2012 10:37:18] Description: 
[2/9/2012 10:37:18] attempt to call a nil value
[2/9/2012 10:37:18] stack traceback:
[2/9/2012 10:37:18] 	[C]: in function 'closeShopWindow'
[2/9/2012 10:37:18] 	data/npc/lib/npcsystem/npchandler.lua:225: in function 'releaseFocus'
[2/9/2012 10:37:18] 	data/npc/lib/npcsystem/npchandler.lua:591: in function 'onWalkAway'
[2/9/2012 10:37:18] 	data/npc/lib/npcsystem/npchandler.lua:523: in function 'onThink'
[2/9/2012 10:37:18] 	data/npc/scripts/game/default.lua:9: in function <data/npc/scripts/game/default.lua:9>

[2/9/2012 10:38:55] [Error - Action Interface] 
[2/9/2012 10:38:55] data/actions/scripts/tools/pick.lua:onUse
[2/9/2012 10:38:55] Description: 
[2/9/2012 10:38:55] (luaGetThingFromPos) Tile not found

[2/9/2012 10:38:57] [Error - Action Interface] 
[2/9/2012 10:38:57] data/actions/scripts/tools/pick.lua:onUse
[2/9/2012 10:38:57] Description: 
[2/9/2012 10:38:57] (luaGetThingFromPos) Tile not found

[2/9/2012 10:38:58] [Error - Action Interface] 
[2/9/2012 10:38:58] data/actions/scripts/tools/pick.lua:onUse
[2/9/2012 10:38:58] Description: 
[2/9/2012 10:38:58] (luaGetThingFromPos) Tile not found

[2/9/2012 11:2:38] [Error - NpcScript Interface] 
[2/9/2012 11:2:38] (Unknown script file)
[2/9/2012 11:2:38] Description: 
[2/9/2012 11:2:38] attempt to call a nil value
[2/9/2012 11:2:38] stack traceback:
[2/9/2012 11:2:38] 	[C]: in function 'closeShopWindow'
[2/9/2012 11:2:38] 	data/npc/lib/npcsystem/npchandler.lua:225: in function 'releaseFocus'
[2/9/2012 11:2:38] 	data/npc/lib/npcsystem/npchandler.lua:591: in function 'onWalkAway'
[2/9/2012 11:2:38] 	data/npc/lib/npcsystem/npchandler.lua:523: in function 'onThink'
[2/9/2012 11:2:38] 	data/npc/scripts/game/default.lua:9: in function <data/npc/scripts/game/default.lua:9>
[2/9/2012 11:11:5] > Saving server...
[2/9/2012 11:11:9] > SAVE: Complete in 4.265 seconds using binary-tilebased house storage.

[2/9/2012 11:19:47] [Error - NpcScript Interface] 
[2/9/2012 11:19:47] (Unknown script file)
[2/9/2012 11:19:47] Description: 
[2/9/2012 11:19:47] attempt to call a nil value
[2/9/2012 11:19:47] stack traceback:

[2/9/2012 11:24:30] [Error - NpcScript Interface] 
[2/9/2012 11:24:30] (Unknown script file)
[2/9/2012 11:24:30] Description: 
[2/9/2012 11:24:30] attempt to call a nil value
[2/9/2012 11:24:30] stack traceback:
[2/9/2012 11:24:30] 	[C]: in function 'closeShopWindow'
[2/9/2012 11:24:30] 	data/npc/lib/npcsystem/npchandler.lua:225: in function 'releaseFocus'
[2/9/2012 11:24:30] 	data/npc/lib/npcsystem/npchandler.lua:591: in function 'onWalkAway'
[2/9/2012 11:24:30] 	data/npc/lib/npcsystem/npchandler.lua:523: in function 'onThink'
[2/9/2012 11:24:30] 	data/npc/scripts/game/default.lua:9: in function <data/npc/scripts/game/default.lua:9>

[2/9/2012 11:37:32] [Error - NpcScript Interface] 
[2/9/2012 11:37:32] (Unknown script file)
[2/9/2012 11:37:32] Description: 
[2/9/2012 11:37:32] attempt to call a nil value
[2/9/2012 11:37:32] stack traceback:

[2/9/2012 11:47:35] [Error - NpcScript Interface] 
[2/9/2012 11:47:35] (Unknown script file)
[2/9/2012 11:47:35] Description: 
[2/9/2012 11:47:35] attempt to call a nil value
[2/9/2012 11:47:35] stack traceback:
[2/9/2012 11:47:35] 	[C]: in function 'closeShopWindow'
[2/9/2012 11:47:35] 	data/npc/lib/npcsystem/npchandler.lua:225: in function 'releaseFocus'
[2/9/2012 11:47:35] 	data/npc/lib/npcsystem/npchandler.lua:591: in function 'onWalkAway'
[2/9/2012 11:47:35] 	data/npc/lib/npcsystem/npchandler.lua:523: in function 'onThink'
[2/9/2012 11:47:35] 	data/npc/scripts/game/default.lua:9: in function <data/npc/scripts/game/default.lua:9>

[2/9/2012 11:53:21] [Error - NpcScript Interface] 
[2/9/2012 11:53:21] (Unknown script file)
[2/9/2012 11:53:21] Description: 
[2/9/2012 11:53:21] attempt to call a nil value
[2/9/2012 11:53:21] stack traceback:
[2/9/2012 12:11:5] > Saving server...
[2/9/2012 12:11:9] > SAVE: Complete in 4.608 seconds using binary-tilebased house storage.

[2/9/2012 12:40:7] [Error - NpcScript Interface] 
[2/9/2012 12:40:7] (Unknown script file)
[2/9/2012 12:40:7] Description: 
[2/9/2012 12:40:7] attempt to call a nil value
[2/9/2012 12:40:7] stack traceback:
[2/9/2012 12:40:7] 	[C]: in function 'closeShopWindow'
[2/9/2012 12:40:7] 	data/npc/lib/npcsystem/npchandler.lua:225: in function 'releaseFocus'
[2/9/2012 12:40:7] 	data/npc/lib/npcsystem/npchandler.lua:591: in function 'onWalkAway'
[2/9/2012 12:40:7] 	data/npc/lib/npcsystem/npchandler.lua:523: in function 'onThink'
[2/9/2012 12:40:7] 	data/npc/scripts/game/blacksmith.lua:9: in function <data/npc/scripts/game/blacksmith.lua:9>

[2/9/2012 12:48:14] [Error - NpcScript Interface] 
[2/9/2012 12:48:14] (Unknown script file)
[2/9/2012 12:48:14] Description: 
[2/9/2012 12:48:14] attempt to call a nil value
[2/9/2012 12:48:14] stack traceback:

[2/9/2012 13:9:2] [Error - Spell Interface] 
[2/9/2012 13:9:2] In a callback: data/spells/scripts/summon/undead_legion.lua:onTargetCorpse
[2/9/2012 13:9:2] (Unknown script file)
[2/9/2012 13:9:2] Description: 
[2/9/2012 13:9:2] data/spells/scripts/summon/undead_legion.lua:13: attempt to call global 'doPlayerSummonCreature' (a nil value)
[2/9/2012 13:9:2] stack traceback:
[2/9/2012 13:9:2] 	data/spells/scripts/summon/undead_legion.lua:13: in function <data/spells/scripts/summon/undead_legion.lua:7>
[2/9/2012 13:9:2] 	[C]: in function 'doCombat'
[2/9/2012 13:9:2] 	data/spells/scripts/summon/undead_legion.lua:19: in function <data/spells/scripts/summon/undead_legion.lua:18>

[2/9/2012 13:9:2] [Error - Spell Interface] 
[2/9/2012 13:9:2] In a callback: data/spells/scripts/summon/undead_legion.lua:onTargetCorpse
[2/9/2012 13:9:2] (Unknown script file)
[2/9/2012 13:9:2] Description: 
[2/9/2012 13:9:2] data/spells/scripts/summon/undead_legion.lua:13: attempt to call global 'doPlayerSummonCreature' (a nil value)
[2/9/2012 13:9:2] stack traceback:
[2/9/2012 13:9:2] 	data/spells/scripts/summon/undead_legion.lua:13: in function <data/spells/scripts/summon/undead_legion.lua:7>
[2/9/2012 13:9:2] 	[C]: in function 'doCombat'
[2/9/2012 13:9:2] 	data/spells/scripts/summon/undead_legion.lua:19: in function <data/spells/scripts/summon/undead_legion.lua:18>

[2/9/2012 13:9:2] [Error - Spell Interface] 
[2/9/2012 13:9:2] In a callback: data/spells/scripts/summon/undead_legion.lua:onTargetCorpse
[2/9/2012 13:9:2] (Unknown script file)
[2/9/2012 13:9:2] Description: 
[2/9/2012 13:9:2] data/spells/scripts/summon/undead_legion.lua:13: attempt to call global 'doPlayerSummonCreature' (a nil value)
[2/9/2012 13:9:2] stack traceback:
[2/9/2012 13:9:2] 	data/spells/scripts/summon/undead_legion.lua:13: in function <data/spells/scripts/summon/undead_legion.lua:7>
[2/9/2012 13:9:2] 	[C]: in function 'doCombat'
[2/9/2012 13:9:2] 	data/spells/scripts/summon/undead_legion.lua:19: in function <data/spells/scripts/summon/undead_legion.lua:18>

[2/9/2012 13:9:2] [Error - Spell Interface] 
[2/9/2012 13:9:2] In a callback: data/spells/scripts/summon/undead_legion.lua:onTargetCorpse
[2/9/2012 13:9:2] (Unknown script file)
[2/9/2012 13:9:2] Description: 
[2/9/2012 13:9:2] data/spells/scripts/summon/undead_legion.lua:13: attempt to call global 'doPlayerSummonCreature' (a nil value)
[2/9/2012 13:9:2] stack traceback:
[2/9/2012 13:9:2] 	data/spells/scripts/summon/undead_legion.lua:13: in function <data/spells/scripts/summon/undead_legion.lua:7>
[2/9/2012 13:9:2] 	[C]: in function 'doCombat'
[2/9/2012 13:9:2] 	data/spells/scripts/summon/undead_legion.lua:19: in function <data/spells/scripts/summon/undead_legion.lua:18>

[2/9/2012 13:9:2] [Error - Spell Interface] 
[2/9/2012 13:9:2] In a callback: data/spells/scripts/summon/undead_legion.lua:onTargetCorpse
[2/9/2012 13:9:2] (Unknown script file)
[2/9/2012 13:9:2] Description: 
[2/9/2012 13:9:2] data/spells/scripts/summon/undead_legion.lua:13: attempt to call global 'doPlayerSummonCreature' (a nil value)
[2/9/2012 13:9:2] stack traceback:
[2/9/2012 13:9:2] 	data/spells/scripts/summon/undead_legion.lua:13: in function <data/spells/scripts/summon/undead_legion.lua:7>
[2/9/2012 13:9:2] 	[C]: in function 'doCombat'
[2/9/2012 13:9:2] 	data/spells/scripts/summon/undead_legion.lua:19: in function <data/spells/scripts/summon/undead_legion.lua:18>

[2/9/2012 13:9:2] [Error - Spell Interface] 
[2/9/2012 13:9:2] In a callback: data/spells/scripts/summon/undead_legion.lua:onTargetCorpse
[2/9/2012 13:9:2] (Unknown script file)
[2/9/2012 13:9:2] Description: 
[2/9/2012 13:9:2] data/spells/scripts/summon/undead_legion.lua:13: attempt to call global 'doPlayerSummonCreature' (a nil value)
[2/9/2012 13:9:2] stack traceback:
[2/9/2012 13:9:2] 	data/spells/scripts/summon/undead_legion.lua:13: in function <data/spells/scripts/summon/undead_legion.lua:7>
[2/9/2012 13:9:2] 	[C]: in function 'doCombat'
[2/9/2012 13:9:2] 	data/spells/scripts/summon/undead_legion.lua:19: in function <data/spells/scripts/summon/undead_legion.lua:18>
[2/9/2012 13:11:5] > Saving server...
[2/9/2012 13:11:10] > SAVE: Complete in 5.32 seconds using binary-tilebased house storage.

[2/9/2012 13:14:30] [Error - NpcScript Interface] 
[2/9/2012 13:14:30] (Unknown script file)
[2/9/2012 13:14:30] Description: 
[2/9/2012 13:14:30] attempt to call a nil value
[2/9/2012 13:14:30] stack traceback:

[2/9/2012 13:44:46] [Error - NpcScript Interface] 
[2/9/2012 13:44:46] (Unknown script file)
[2/9/2012 13:44:46] Description: 
[2/9/2012 13:44:46] attempt to call a nil value
[2/9/2012 13:44:46] stack traceback:

[2/9/2012 13:51:19] [Error - NpcScript Interface] 
[2/9/2012 13:51:19] (Unknown script file)
[2/9/2012 13:51:19] Description: 
[2/9/2012 13:51:19] attempt to call a nil value
[2/9/2012 13:51:19] stack traceback:
[2/9/2012 13:51:19] 	[C]: in function 'closeShopWindow'
[2/9/2012 13:51:19] 	data/npc/lib/npcsystem/npchandler.lua:225: in function 'releaseFocus'
[2/9/2012 13:51:19] 	data/npc/lib/npcsystem/npchandler.lua:591: in function 'onWalkAway'
[2/9/2012 13:51:19] 	data/npc/lib/npcsystem/npchandler.lua:523: in function 'onThink'
[2/9/2012 13:51:19] 	data/npc/scripts/game/default.lua:9: in function <data/npc/scripts/game/default.lua:9>
[2/9/2012 14:11:5] > Saving server...
[2/9/2012 14:11:10] > SAVE: Complete in 5.081 seconds using binary-tilebased house storage.

[2/9/2012 14:28:17] [Error - NpcScript Interface] 
[2/9/2012 14:28:17] (Unknown script file)
[2/9/2012 14:28:17] Description: 
[2/9/2012 14:28:17] attempt to call a nil value
[2/9/2012 14:28:17] stack traceback:
[2/9/2012 14:28:17] 	[C]: in function 'closeShopWindow'
[2/9/2012 14:28:17] 	data/npc/lib/npcsystem/npchandler.lua:225: in function 'releaseFocus'
[2/9/2012 14:28:17] 	data/npc/lib/npcsystem/npchandler.lua:591: in function 'onWalkAway'
[2/9/2012 14:28:17] 	data/npc/lib/npcsystem/npchandler.lua:523: in function 'onThink'
[2/9/2012 14:28:17] 	data/npc/scripts/game/default.lua:9: in function <data/npc/scripts/game/default.lua:9>

[2/9/2012 14:29:39] [Error - Spell Interface] 
[2/9/2012 14:29:39] In a callback: data/spells/scripts/summon/undead_legion.lua:onTargetCorpse
[2/9/2012 14:29:39] (Unknown script file)
[2/9/2012 14:29:39] Description: 
[2/9/2012 14:29:39] data/spells/scripts/summon/undead_legion.lua:13: attempt to call global 'doPlayerSummonCreature' (a nil value)
[2/9/2012 14:29:39] stack traceback:
[2/9/2012 14:29:39] 	data/spells/scripts/summon/undead_legion.lua:13: in function <data/spells/scripts/summon/undead_legion.lua:7>
[2/9/2012 14:29:39] 	[C]: in function 'doCombat'
[2/9/2012 14:29:39] 	data/spells/scripts/summon/undead_legion.lua:19: in function <data/spells/scripts/summon/undead_legion.lua:18>

[2/9/2012 14:29:39] [Error - Spell Interface] 
[2/9/2012 14:29:39] In a callback: data/spells/scripts/summon/undead_legion.lua:onTargetCorpse
[2/9/2012 14:29:39] (Unknown script file)
[2/9/2012 14:29:39] Description: 
[2/9/2012 14:29:39] data/spells/scripts/summon/undead_legion.lua:13: attempt to call global 'doPlayerSummonCreature' (a nil value)
[2/9/2012 14:29:39] stack traceback:
[2/9/2012 14:29:39] 	data/spells/scripts/summon/undead_legion.lua:13: in function <data/spells/scripts/summon/undead_legion.lua:7>
[2/9/2012 14:29:39] 	[C]: in function 'doCombat'
[2/9/2012 14:29:39] 	data/spells/scripts/summon/undead_legion.lua:19: in function <data/spells/scripts/summon/undead_legion.lua:18>

[2/9/2012 14:50:5] [Error - MoveEvents Interface] 
[2/9/2012 14:50:5] In a timer event called from: 
[2/9/2012 14:50:5] data/movements/scripts/game/teleport.lua:onStepIn
[2/9/2012 14:50:5] Description: 
[2/9/2012 14:50:5] (luaDoPlayerSendTextMessage) Player not found

[2/9/2012 14:50:5] [Error - MoveEvents Interface] 
[2/9/2012 14:50:5] In a timer event called from: 
[2/9/2012 14:50:5] data/movements/scripts/game/teleport.lua:onStepIn
[2/9/2012 14:50:5] Description: 
[2/9/2012 14:50:5] (luaDoTeleportThing) Thing not found

[2/9/2012 14:50:5] [Error - MoveEvents Interface] 
[2/9/2012 14:50:5] In a timer event called from: 
[2/9/2012 14:50:5] data/movements/scripts/game/teleport.lua:onStepIn
[2/9/2012 14:50:5] Description: 
[2/9/2012 14:50:5] (luaGetThingPosition) Thing not found

[2/9/2012 14:50:5] [Error - MoveEvents Interface] 
[2/9/2012 14:50:5] In a timer event called from: 
[2/9/2012 14:50:5] data/movements/scripts/game/teleport.lua:onStepIn
[2/9/2012 14:50:5] Description: 
[2/9/2012 14:50:5] (luaGetCreatureStorage) Creature not found

[2/9/2012 14:50:5] [Error - MoveEvents Interface] 
[2/9/2012 14:50:5] In a timer event called from: 
[2/9/2012 14:50:5] data/movements/scripts/game/teleport.lua:onStepIn
[2/9/2012 14:50:5] Description: 
[2/9/2012 14:50:5] (luaGetCreatureStorage) Creature not found

[2/9/2012 14:50:5] [Error - MoveEvents Interface] 
[2/9/2012 14:50:5] In a timer event called from: 
[2/9/2012 14:50:5] data/movements/scripts/game/teleport.lua:onStepIn
[2/9/2012 14:50:5] Description: 
[2/9/2012 14:50:5] data/lib/darghos/arena.lua:138: attempt to index field '?' (a nil value)
[2/9/2012 14:50:5] stack traceback:
[2/9/2012 14:50:5] 	data/lib/darghos/arena.lua:138: in function 'onLeave'
[2/9/2012 14:50:5] 	data/lib/darghos/arena.lua:186: in function <data/lib/darghos/arena.lua:181>

[2/9/2012 14:56:25] [Error - NpcScript Interface] 
[2/9/2012 14:56:25] (Unknown script file)
[2/9/2012 14:56:25] Description: 
[2/9/2012 14:56:25] attempt to call a nil value
[2/9/2012 14:56:25] stack traceback:

[2/9/2012 14:59:29] [Error - NpcScript Interface] 
[2/9/2012 14:59:29] (Unknown script file)
[2/9/2012 14:59:29] Description: 
[2/9/2012 14:59:29] attempt to call a nil value
[2/9/2012 14:59:29] stack traceback:
[2/9/2012 14:59:29] 	[C]: in function 'closeShopWindow'
[2/9/2012 14:59:29] 	data/npc/lib/npcsystem/npchandler.lua:225: in function 'releaseFocus'
[2/9/2012 14:59:29] 	data/npc/lib/npcsystem/npchandler.lua:363: in function 'unGreet'
[2/9/2012 14:59:29] 	data/npc/lib/npcsystem/npchandler.lua:576: in function 'onFarewell'
[2/9/2012 14:59:29] 	data/npc/lib/npcsystem/modules.lua:251: in function 'callback'
[2/9/2012 14:59:29] 	data/npc/lib/npcsystem/keywordhandler.lua:41: in function 'processMessage'
[2/9/2012 14:59:29] 	data/npc/lib/npcsystem/keywordhandler.lua:181: in function 'processNodeMessage'
[2/9/2012 14:59:29] 	data/npc/lib/npcsystem/keywordhandler.lua:140: in function 'processMessage'
[2/9/2012 14:59:29] 	data/npc/lib/npcsystem/npchandler.lua:423: in function 'onCreatureSay'
[2/9/2012 14:59:29] 	data/npc/scripts/game/default.lua:8: in function <data/npc/scripts/game/default.lua:8>
[2/9/2012 15:11:5] > Saving server...
[2/9/2012 15:11:11] > SAVE: Complete in 6.831 seconds using binary-tilebased house storage.
[2/9/2012 15:11:47] > Broadcasted message: "Elf Scouts have been sighted near Thorn!".

[2/9/2012 15:14:36] [Error - NpcScript Interface] 
[2/9/2012 15:14:36] (Unknown script file)
[2/9/2012 15:14:36] Description: 
[2/9/2012 15:14:36] attempt to call a nil value
[2/9/2012 15:14:36] stack traceback:
[2/9/2012 15:14:47] > Broadcasted message: "The elves are comming to Thorn, seams to be a huge attack!".
[2/9/2012 15:16:47] > Broadcasted message: "Thorn is under attack!".

[2/9/2012 15:19:42] [Error - NpcScript Interface] 
[2/9/2012 15:19:42] (Unknown script file)
[2/9/2012 15:19:42] Description: 
[2/9/2012 15:19:42] attempt to call a nil value
[2/9/2012 15:19:42] stack traceback:
[2/9/2012 15:19:42] 	[C]: in function 'closeShopWindow'
[2/9/2012 15:19:42] 	data/npc/lib/npcsystem/npchandler.lua:225: in function 'releaseFocus'
[2/9/2012 15:19:42] 	data/npc/lib/npcsystem/npchandler.lua:591: in function 'onWalkAway'
[2/9/2012 15:19:42] 	data/npc/lib/npcsystem/npchandler.lua:523: in function 'onThink'
[2/9/2012 15:19:42] 	data/npc/scripts/game/default.lua:9: in function <data/npc/scripts/game/default.lua:9>

[2/9/2012 15:23:15] [Error - NpcScript Interface] 
[2/9/2012 15:23:15] (Unknown script file)
[2/9/2012 15:23:15] Description: 
[2/9/2012 15:23:15] attempt to call a nil value
[2/9/2012 15:23:15] stack traceback:
[2/9/2012 15:23:15] 	[C]: in function 'closeShopWindow'
[2/9/2012 15:23:15] 	data/npc/lib/npcsystem/npchandler.lua:225: in function 'releaseFocus'
[2/9/2012 15:23:15] 	data/npc/lib/npcsystem/npchandler.lua:591: in function 'onWalkAway'
[2/9/2012 15:23:15] 	data/npc/lib/npcsystem/npchandler.lua:523: in function 'onThink'
[2/9/2012 15:23:15] 	data/npc/scripts/game/default.lua:9: in function <data/npc/scripts/game/default.lua:9>

[2/9/2012 15:38:37] [Error - NpcScript Interface] 
[2/9/2012 15:38:37] (Unknown script file)
[2/9/2012 15:38:37] Description: 
[2/9/2012 15:38:37] attempt to call a nil value
[2/9/2012 15:38:37] stack traceback:
[2/9/2012 15:38:37] 	[C]: in function 'closeShopWindow'
[2/9/2012 15:38:37] 	data/npc/lib/npcsystem/npchandler.lua:225: in function 'releaseFocus'
[2/9/2012 15:38:37] 	data/npc/lib/npcsystem/npchandler.lua:591: in function 'onWalkAway'
[2/9/2012 15:38:37] 	data/npc/lib/npcsystem/npchandler.lua:523: in function 'onThink'
[2/9/2012 15:38:37] 	data/npc/scripts/game/default.lua:9: in function <data/npc/scripts/game/default.lua:9>
[2/9/2012 16:11:5] > Saving server...
[2/9/2012 16:11:12] > SAVE: Complete in 6.962 seconds using binary-tilebased house storage.

[2/9/2012 16:36:17] [Error - NpcScript Interface] 
[2/9/2012 16:36:17] (Unknown script file)
[2/9/2012 16:36:17] Description: 
[2/9/2012 16:36:17] attempt to call a nil value
[2/9/2012 16:36:17] stack traceback:
[2/9/2012 16:36:17] 	[C]: in function 'closeShopWindow'
[2/9/2012 16:36:17] 	data/npc/lib/npcsystem/npchandler.lua:225: in function 'releaseFocus'
[2/9/2012 16:36:17] 	data/npc/lib/npcsystem/npchandler.lua:591: in function 'onWalkAway'
[2/9/2012 16:36:17] 	data/npc/lib/npcsystem/npchandler.lua:523: in function 'onThink'
[2/9/2012 16:36:17] 	data/npc/scripts/game/default.lua:9: in function <data/npc/scripts/game/default.lua:9>

[2/9/2012 16:58:14] [Error - NpcScript Interface] 
[2/9/2012 16:58:14] (Unknown script file)
[2/9/2012 16:58:14] Description: 
[2/9/2012 16:58:14] attempt to call a nil value
[2/9/2012 16:58:14] stack traceback:
[2/9/2012 16:58:14] 	[C]: in function 'closeShopWindow'
[2/9/2012 16:58:14] 	data/npc/lib/npcsystem/npchandler.lua:225: in function 'releaseFocus'
[2/9/2012 16:58:14] 	data/npc/lib/npcsystem/npchandler.lua:591: in function 'onWalkAway'
[2/9/2012 16:58:14] 	data/npc/lib/npcsystem/npchandler.lua:523: in function 'onThink'
[2/9/2012 16:58:14] 	data/npc/scripts/game/default.lua:9: in function <data/npc/scripts/game/default.lua:9>

[2/9/2012 17:2:39] [Error - NpcScript Interface] 
[2/9/2012 17:2:39] (Unknown script file)
[2/9/2012 17:2:39] Description: 
[2/9/2012 17:2:39] attempt to call a nil value
[2/9/2012 17:2:39] stack traceback:
[2/9/2012 17:2:39] 	[C]: in function 'closeShopWindow'
[2/9/2012 17:2:39] 	data/npc/lib/npcsystem/npchandler.lua:225: in function 'releaseFocus'
[2/9/2012 17:2:39] 	data/npc/lib/npcsystem/npchandler.lua:591: in function 'onWalkAway'
[2/9/2012 17:2:39] 	data/npc/lib/npcsystem/npchandler.lua:523: in function 'onThink'
[2/9/2012 17:2:39] 	data/npc/scripts/game/default.lua:9: in function <data/npc/scripts/game/default.lua:9>

[2/9/2012 17:9:56] [Error - NpcScript Interface] 
[2/9/2012 17:9:56] (Unknown script file)
[2/9/2012 17:9:56] Description: 
[2/9/2012 17:9:56] attempt to call a nil value
[2/9/2012 17:9:56] stack traceback:
[2/9/2012 17:9:56] 	[C]: in function 'closeShopWindow'
[2/9/2012 17:9:56] 	data/npc/lib/npcsystem/npchandler.lua:225: in function 'releaseFocus'
[2/9/2012 17:9:56] 	data/npc/lib/npcsystem/npchandler.lua:591: in function 'onWalkAway'
[2/9/2012 17:9:56] 	data/npc/lib/npcsystem/npchandler.lua:523: in function 'onThink'
[2/9/2012 17:9:56] 	data/npc/scripts/game/default.lua:9: in function <data/npc/scripts/game/default.lua:9>
[2/9/2012 17:11:5] > Saving server...
[2/9/2012 17:11:11] > SAVE: Complete in 6.533 seconds using binary-tilebased house storage.

[2/9/2012 17:37:21] [Error - NpcScript Interface] 
[2/9/2012 17:37:21] (Unknown script file)
[2/9/2012 17:37:21] Description: 
[2/9/2012 17:37:21] attempt to call a nil value
[2/9/2012 17:37:21] stack traceback:

[2/9/2012 17:42:52] [Error - NpcScript Interface] 
[2/9/2012 17:42:52] (Unknown script file)
[2/9/2012 17:42:52] Description: 
[2/9/2012 17:42:52] attempt to call a nil value
[2/9/2012 17:42:52] stack traceback:
[2/9/2012 17:42:52] 	[C]: in function 'closeShopWindow'
[2/9/2012 17:42:52] 	data/npc/lib/npcsystem/npchandler.lua:225: in function 'releaseFocus'
[2/9/2012 17:42:52] 	data/npc/lib/npcsystem/npchandler.lua:591: in function 'onWalkAway'
[2/9/2012 17:42:52] 	data/npc/lib/npcsystem/npchandler.lua:523: in function 'onThink'
[2/9/2012 17:42:52] 	data/npc/scripts/game/default.lua:9: in function <data/npc/scripts/game/default.lua:9>

[2/9/2012 17:54:9] [Error - NpcScript Interface] 
[2/9/2012 17:54:9] (Unknown script file)
[2/9/2012 17:54:9] Description: 
[2/9/2012 17:54:9] attempt to call a nil value
[2/9/2012 17:54:9] stack traceback:
[2/9/2012 17:54:9] 	[C]: in function 'closeShopWindow'
[2/9/2012 17:54:9] 	data/npc/lib/npcsystem/npchandler.lua:225: in function 'releaseFocus'
[2/9/2012 17:54:9] 	data/npc/lib/npcsystem/npchandler.lua:591: in function 'onWalkAway'
[2/9/2012 17:54:9] 	data/npc/lib/npcsystem/npchandler.lua:523: in function 'onThink'
[2/9/2012 17:54:9] 	data/npc/scripts/game/default.lua:9: in function <data/npc/scripts/game/default.lua:9>

[2/9/2012 18:7:45] [Error - NpcScript Interface] 
[2/9/2012 18:7:45] (Unknown script file)
[2/9/2012 18:7:45] Description: 
[2/9/2012 18:7:45] attempt to call a nil value
[2/9/2012 18:7:45] stack traceback:
[2/9/2012 18:7:45] 	[C]: in function 'closeShopWindow'
[2/9/2012 18:7:45] 	data/npc/lib/npcsystem/npchandler.lua:225: in function 'releaseFocus'
[2/9/2012 18:7:45] 	data/npc/lib/npcsystem/npchandler.lua:591: in function 'onWalkAway'
[2/9/2012 18:7:45] 	data/npc/lib/npcsystem/npchandler.lua:523: in function 'onThink'
[2/9/2012 18:7:45] 	data/npc/scripts/game/default.lua:9: in function <data/npc/scripts/game/default.lua:9>
[2/9/2012 18:11:5] > Saving server...
[2/9/2012 18:11:12] > SAVE: Complete in 7.441 seconds using binary-tilebased house storage.

[2/9/2012 18:11:42] [Error - NpcScript Interface] 
[2/9/2012 18:11:42] (Unknown script file)
[2/9/2012 18:11:42] Description: 
[2/9/2012 18:11:42] attempt to call a nil value
[2/9/2012 18:11:42] stack traceback:

[2/9/2012 18:41:43] [Error - NpcScript Interface] 
[2/9/2012 18:41:43] (Unknown script file)
[2/9/2012 18:41:43] Description: 
[2/9/2012 18:41:43] attempt to call a nil value
[2/9/2012 18:41:43] stack traceback:
[2/9/2012 18:41:43] 	[C]: in function 'closeShopWindow'
[2/9/2012 18:41:43] 	data/npc/lib/npcsystem/npchandler.lua:225: in function 'releaseFocus'
[2/9/2012 18:41:43] 	data/npc/lib/npcsystem/npchandler.lua:591: in function 'onWalkAway'
[2/9/2012 18:41:43] 	data/npc/lib/npcsystem/npchandler.lua:523: in function 'onThink'
[2/9/2012 18:41:43] 	data/npc/scripts/game/blacksmith.lua:9: in function <data/npc/scripts/game/blacksmith.lua:9>

[2/9/2012 19:2:39] [Error - Spell Interface] 
[2/9/2012 19:2:39] data/spells/scripts/support/desintegrate_rune.lua:onCastSpell
[2/9/2012 19:2:39] Description: 
[2/9/2012 19:2:39] data/spells/scripts/support/desintegrate_rune.lua:13: attempt to call global 'doCleanTileItemsByPos' (a nil value)
[2/9/2012 19:2:39] stack traceback:
[2/9/2012 19:2:39] 	data/spells/scripts/support/desintegrate_rune.lua:13: in function <data/spells/scripts/support/desintegrate_rune.lua:5>

[2/9/2012 19:7:59] [Error - NpcScript Interface] 
[2/9/2012 19:7:59] (Unknown script file)
[2/9/2012 19:7:59] Description: 
[2/9/2012 19:7:59] attempt to call a nil value
[2/9/2012 19:7:59] stack traceback:
[2/9/2012 19:7:59] 	[C]: in function 'closeShopWindow'
[2/9/2012 19:7:59] 	data/npc/lib/npcsystem/npchandler.lua:225: in function 'releaseFocus'
[2/9/2012 19:7:59] 	data/npc/lib/npcsystem/npchandler.lua:591: in function 'onWalkAway'
[2/9/2012 19:7:59] 	data/npc/lib/npcsystem/npchandler.lua:523: in function 'onThink'
[2/9/2012 19:7:59] 	data/npc/scripts/game/default.lua:9: in function <data/npc/scripts/game/default.lua:9>
[2/9/2012 19:11:5] > Saving server...
[2/9/2012 19:11:12] > SAVE: Complete in 7.45 seconds using binary-tilebased house storage.

[2/9/2012 19:18:29] [Error - NpcScript Interface] 
[2/9/2012 19:18:29] (Unknown script file)
[2/9/2012 19:18:29] Description: 
[2/9/2012 19:18:29] attempt to call a nil value
[2/9/2012 19:18:29] stack traceback:
[2/9/2012 19:18:29] 	[C]: in function 'closeShopWindow'
[2/9/2012 19:18:29] 	data/npc/lib/npcsystem/npchandler.lua:225: in function 'releaseFocus'
[2/9/2012 19:18:29] 	data/npc/lib/npcsystem/npchandler.lua:591: in function 'onWalkAway'
[2/9/2012 19:18:29] 	data/npc/lib/npcsystem/npchandler.lua:523: in function 'onThink'
[2/9/2012 19:18:29] 	data/npc/scripts/game/default.lua:9: in function <data/npc/scripts/game/default.lua:9>

[2/9/2012 19:18:37] [Error - NpcScript Interface] 
[2/9/2012 19:18:37] (Unknown script file)
[2/9/2012 19:18:37] Description: 
[2/9/2012 19:18:37] attempt to call a nil value
[2/9/2012 19:18:37] stack traceback:
[2/9/2012 19:18:37] 	[C]: in function 'closeShopWindow'
[2/9/2012 19:18:37] 	data/npc/lib/npcsystem/npchandler.lua:225: in function 'releaseFocus'
[2/9/2012 19:18:37] 	data/npc/lib/npcsystem/npchandler.lua:591: in function 'onWalkAway'
[2/9/2012 19:18:37] 	data/npc/lib/npcsystem/npchandler.lua:523: in function 'onThink'
[2/9/2012 19:18:37] 	data/npc/scripts/game/default.lua:9: in function <data/npc/scripts/game/default.lua:9>
[2/9/2012 20:11:5] > Saving server...
[2/9/2012 20:11:11] > SAVE: Complete in 6.658 seconds using binary-tilebased house storage.

[2/9/2012 20:15:51] [Error - NpcScript Interface] 
[2/9/2012 20:15:51] (Unknown script file)
[2/9/2012 20:15:51] Description: 
[2/9/2012 20:15:51] attempt to call a nil value
[2/9/2012 20:15:51] stack traceback:
[2/9/2012 20:15:51] 	[C]: in function 'closeShopWindow'
[2/9/2012 20:15:51] 	data/npc/lib/npcsystem/npchandler.lua:225: in function 'releaseFocus'
[2/9/2012 20:15:51] 	data/npc/lib/npcsystem/npchandler.lua:591: in function 'onWalkAway'
[2/9/2012 20:15:51] 	data/npc/lib/npcsystem/npchandler.lua:523: in function 'onThink'
[2/9/2012 20:15:51] 	data/npc/scripts/game/default.lua:9: in function <data/npc/scripts/game/default.lua:9>

[2/9/2012 20:49:50] [Error - NpcScript Interface] 
[2/9/2012 20:49:50] (Unknown script file)
[2/9/2012 20:49:50] Description: 
[2/9/2012 20:49:50] attempt to call a nil value
[2/9/2012 20:49:50] stack traceback:

[2/9/2012 21:1:15] [Error - NpcScript Interface] 
[2/9/2012 21:1:15] (Unknown script file)
[2/9/2012 21:1:15] Description: 
[2/9/2012 21:1:15] attempt to call a nil value
[2/9/2012 21:1:15] stack traceback:
[2/9/2012 21:11:5] > Saving server...
[2/9/2012 21:11:11] > SAVE: Complete in 6.513 seconds using binary-tilebased house storage.

[2/9/2012 21:17:39] [Error - NpcScript Interface] 
[2/9/2012 21:17:39] (Unknown script file)
[2/9/2012 21:17:39] Description: 
[2/9/2012 21:17:39] attempt to call a nil value
[2/9/2012 21:17:39] stack traceback:
[2/9/2012 21:17:39] 	[C]: in function 'closeShopWindow'
[2/9/2012 21:17:39] 	data/npc/lib/npcsystem/npchandler.lua:225: in function 'releaseFocus'
[2/9/2012 21:17:39] 	data/npc/lib/npcsystem/npchandler.lua:591: in function 'onWalkAway'
[2/9/2012 21:17:39] 	data/npc/lib/npcsystem/npchandler.lua:523: in function 'onThink'
[2/9/2012 21:17:39] 	data/npc/scripts/game/default.lua:9: in function <data/npc/scripts/game/default.lua:9>

[2/9/2012 21:30:37] [Error - NpcScript Interface] 
[2/9/2012 21:30:37] (Unknown script file)
[2/9/2012 21:30:37] Description: 
[2/9/2012 21:30:37] attempt to call a nil value
[2/9/2012 21:30:37] stack traceback:

[2/9/2012 21:46:58] [Error - Action Interface] 
[2/9/2012 21:46:58] data/actions/scripts/other/windows.lua:onUse
[2/9/2012 21:46:58] Description: 
[2/9/2012 21:46:58] (luaGetHouseFromPos) Tile not found

[2/9/2012 22:4:8] [Error - NpcScript Interface] 
[2/9/2012 22:4:8] (Unknown script file)
[2/9/2012 22:4:8] Description: 
[2/9/2012 22:4:8] attempt to call a nil value
[2/9/2012 22:4:8] stack traceback:
[2/9/2012 22:4:8] 	[C]: in function 'closeShopWindow'
[2/9/2012 22:4:8] 	data/npc/lib/npcsystem/npchandler.lua:225: in function 'releaseFocus'
[2/9/2012 22:4:8] 	data/npc/lib/npcsystem/npchandler.lua:591: in function 'onWalkAway'
[2/9/2012 22:4:8] 	data/npc/lib/npcsystem/npchandler.lua:523: in function 'onThink'
[2/9/2012 22:4:8] 	data/npc/scripts/game/default.lua:9: in function <data/npc/scripts/game/default.lua:9>

[2/9/2012 22:8:42] [Error - Action Interface] 
[2/9/2012 22:8:42] data/actions/scripts/tools/rope.lua:onUse
[2/9/2012 22:8:42] Description: 
[2/9/2012 22:8:42] (luaGetThingFromPos) Tile not found

[2/9/2012 22:8:44] [Error - Action Interface] 
[2/9/2012 22:8:44] data/actions/scripts/tools/rope.lua:onUse
[2/9/2012 22:8:44] Description: 
[2/9/2012 22:8:44] (luaGetThingFromPos) Tile not found
[2/9/2012 22:11:5] > Saving server...
[2/9/2012 22:11:11] > SAVE: Complete in 6.382 seconds using binary-tilebased house storage.

[2/9/2012 22:22:23] [Error - NpcScript Interface] 
[2/9/2012 22:22:23] (Unknown script file)
[2/9/2012 22:22:23] Description: 
[2/9/2012 22:22:23] attempt to call a nil value
[2/9/2012 22:22:23] stack traceback:
[2/9/2012 22:22:23] 	[C]: in function 'closeShopWindow'
[2/9/2012 22:22:23] 	data/npc/lib/npcsystem/npchandler.lua:225: in function 'releaseFocus'
[2/9/2012 22:22:23] 	data/npc/lib/npcsystem/npchandler.lua:591: in function 'onWalkAway'
[2/9/2012 22:22:23] 	data/npc/lib/npcsystem/npchandler.lua:523: in function 'onThink'
[2/9/2012 22:22:23] 	data/npc/scripts/game/default.lua:9: in function <data/npc/scripts/game/default.lua:9>

[2/9/2012 22:24:15] [Error - NpcScript Interface] 
[2/9/2012 22:24:15] (Unknown script file)
[2/9/2012 22:24:15] Description: 
[2/9/2012 22:24:15] attempt to call a nil value
[2/9/2012 22:24:15] stack traceback:
[2/9/2012 22:24:15] 	[C]: in function 'closeShopWindow'
[2/9/2012 22:24:15] 	data/npc/lib/npcsystem/npchandler.lua:225: in function 'releaseFocus'
[2/9/2012 22:24:15] 	data/npc/lib/npcsystem/npchandler.lua:591: in function 'onWalkAway'
[2/9/2012 22:24:15] 	data/npc/lib/npcsystem/npchandler.lua:523: in function 'onThink'
[2/9/2012 22:24:15] 	data/npc/scripts/game/default.lua:9: in function <data/npc/scripts/game/default.lua:9>

[2/9/2012 22:44:11] [Error - NpcScript Interface] 
[2/9/2012 22:44:11] (Unknown script file)
[2/9/2012 22:44:11] Description: 
[2/9/2012 22:44:11] attempt to call a nil value
[2/9/2012 22:44:11] stack traceback:
[2/9/2012 22:44:11] 	[C]: in function 'closeShopWindow'
[2/9/2012 22:44:11] 	data/npc/lib/npcsystem/npchandler.lua:225: in function 'releaseFocus'
[2/9/2012 22:44:11] 	data/npc/lib/npcsystem/npchandler.lua:591: in function 'onWalkAway'
[2/9/2012 22:44:11] 	data/npc/lib/npcsystem/npchandler.lua:523: in function 'onThink'
[2/9/2012 22:44:11] 	data/npc/scripts/game/default.lua:9: in function <data/npc/scripts/game/default.lua:9>

[2/9/2012 23:7:36] [Error - NpcScript Interface] 
[2/9/2012 23:7:36] (Unknown script file)
[2/9/2012 23:7:36] Description: 
[2/9/2012 23:7:36] attempt to call a nil value
[2/9/2012 23:7:36] stack traceback:
[2/9/2012 23:7:36] 	[C]: in function 'closeShopWindow'
[2/9/2012 23:7:36] 	data/npc/lib/npcsystem/npchandler.lua:225: in function 'releaseFocus'
[2/9/2012 23:7:36] 	data/npc/lib/npcsystem/npchandler.lua:591: in function 'onWalkAway'
[2/9/2012 23:7:36] 	data/npc/lib/npcsystem/npchandler.lua:523: in function 'onThink'
[2/9/2012 23:7:36] 	data/npc/scripts/game/default.lua:9: in function <data/npc/scripts/game/default.lua:9>
[2/9/2012 23:11:5] > Saving server...
[2/9/2012 23:11:10] > SAVE: Complete in 5.496 seconds using binary-tilebased house storage.

[2/9/2012 23:37:9] [Error - NpcScript Interface] 
[2/9/2012 23:37:9] (Unknown script file)
[2/9/2012 23:37:9] Description: 
[2/9/2012 23:37:9] attempt to call a nil value
[2/9/2012 23:37:9] stack traceback:
[2/9/2012 23:37:9] 	[C]: in function 'closeShopWindow'
[2/9/2012 23:37:9] 	data/npc/lib/npcsystem/npchandler.lua:225: in function 'releaseFocus'
[2/9/2012 23:37:9] 	data/npc/lib/npcsystem/npchandler.lua:591: in function 'onWalkAway'
[2/9/2012 23:37:9] 	data/npc/lib/npcsystem/npchandler.lua:523: in function 'onThink'
[2/9/2012 23:37:9] 	data/npc/scripts/game/blacksmith.lua:9: in function <data/npc/scripts/game/blacksmith.lua:9>

[2/9/2012 23:41:8] [Error - NpcScript Interface] 
[2/9/2012 23:41:8] (Unknown script file)
[2/9/2012 23:41:8] Description: 
[2/9/2012 23:41:8] attempt to call a nil value
[2/9/2012 23:41:8] stack traceback:

[2/9/2012 23:42:3] [Error - NpcScript Interface] 
[2/9/2012 23:42:3] (Unknown script file)
[2/9/2012 23:42:3] Description: 
[2/9/2012 23:42:3] attempt to call a nil value
[2/9/2012 23:42:3] stack traceback:
[3/9/2012 0:11:5] > Saving server...
[3/9/2012 0:11:11] > SAVE: Complete in 6.134 seconds using binary-tilebased house storage.

[3/9/2012 0:26:21] [Error - NpcScript Interface] 
[3/9/2012 0:26:21] (Unknown script file)
[3/9/2012 0:26:21] Description: 
[3/9/2012 0:26:21] attempt to call a nil value
[3/9/2012 0:26:21] stack traceback:

[3/9/2012 0:37:42] [Error - NpcScript Interface] 
[3/9/2012 0:37:42] (Unknown script file)
[3/9/2012 0:37:42] Description: 
[3/9/2012 0:37:42] attempt to call a nil value
[3/9/2012 0:37:42] stack traceback:
[3/9/2012 0:37:42] 	[C]: in function 'closeShopWindow'
[3/9/2012 0:37:42] 	data/npc/lib/npcsystem/npchandler.lua:225: in function 'releaseFocus'
[3/9/2012 0:37:42] 	data/npc/lib/npcsystem/npchandler.lua:363: in function 'unGreet'
[3/9/2012 0:37:42] 	data/npc/lib/npcsystem/npchandler.lua:576: in function 'onFarewell'
[3/9/2012 0:37:42] 	data/npc/lib/npcsystem/modules.lua:251: in function 'callback'
[3/9/2012 0:37:42] 	data/npc/lib/npcsystem/keywordhandler.lua:41: in function 'processMessage'
[3/9/2012 0:37:42] 	data/npc/lib/npcsystem/keywordhandler.lua:181: in function 'processNodeMessage'
[3/9/2012 0:37:42] 	data/npc/lib/npcsystem/keywordhandler.lua:140: in function 'processMessage'
[3/9/2012 0:37:42] 	data/npc/lib/npcsystem/npchandler.lua:423: in function 'onCreatureSay'
[3/9/2012 0:37:42] 	data/npc/scripts/game/default.lua:8: in function <data/npc/scripts/game/default.lua:8>

[3/9/2012 1:4:1] [Error - NpcScript Interface] 
[3/9/2012 1:4:1] (Unknown script file)
[3/9/2012 1:4:1] Description: 
[3/9/2012 1:4:1] attempt to call a nil value
[3/9/2012 1:4:1] stack traceback:
[3/9/2012 1:4:1] 	[C]: in function 'closeShopWindow'
[3/9/2012 1:4:1] 	data/npc/lib/npcsystem/npchandler.lua:225: in function 'releaseFocus'
[3/9/2012 1:4:1] 	data/npc/lib/npcsystem/npchandler.lua:591: in function 'onWalkAway'
[3/9/2012 1:4:1] 	data/npc/lib/npcsystem/npchandler.lua:523: in function 'onThink'
[3/9/2012 1:4:1] 	data/npc/scripts/game/default.lua:9: in function <data/npc/scripts/game/default.lua:9>

[3/9/2012 1:4:8] [Error - Action Interface] 
[3/9/2012 1:4:8] data/actions/scripts/tools/rope.lua:onUse
[3/9/2012 1:4:8] Description: 
[3/9/2012 1:4:8] (luaGetThingFromPos) Tile not found
[3/9/2012 1:11:5] > Saving server...
[3/9/2012 1:11:11] > SAVE: Complete in 5.894 seconds using binary-tilebased house storage.

[3/9/2012 1:13:51] [Error - NpcScript Interface] 
[3/9/2012 1:13:51] (Unknown script file)
[3/9/2012 1:13:51] Description: 
[3/9/2012 1:13:51] attempt to call a nil value
[3/9/2012 1:13:51] stack traceback:

[3/9/2012 1:15:48] [Error - NpcScript Interface] 
[3/9/2012 1:15:48] (Unknown script file)
[3/9/2012 1:15:48] Description: 
[3/9/2012 1:15:48] attempt to call a nil value
[3/9/2012 1:15:48] stack traceback:
[3/9/2012 1:15:48] 	[C]: ?
[3/9/2012 2:11:5] > Saving server...
[3/9/2012 2:11:10] > SAVE: Complete in 5.352 seconds using binary-tilebased house storage.

[3/9/2012 2:20:2] [Error - NpcScript Interface] 
[3/9/2012 2:20:2] (Unknown script file)
[3/9/2012 2:20:2] Description: 
[3/9/2012 2:20:2] attempt to call a nil value
[3/9/2012 2:20:2] stack traceback:

[3/9/2012 2:34:38] [Error - NpcScript Interface] 
[3/9/2012 2:34:38] (Unknown script file)
[3/9/2012 2:34:38] Description: 
[3/9/2012 2:34:38] attempt to call a nil value
[3/9/2012 2:34:38] stack traceback:
[3/9/2012 2:34:38] 	[C]: ?

[3/9/2012 2:34:50] [Error - NpcScript Interface] 
[3/9/2012 2:34:50] (Unknown script file)
[3/9/2012 2:34:50] Description: 
[3/9/2012 2:34:50] attempt to call a nil value
[3/9/2012 2:34:50] stack traceback:
[3/9/2012 2:34:50] 	[C]: ?

[3/9/2012 2:35:57] [Error - NpcScript Interface] 
[3/9/2012 2:35:57] (Unknown script file)
[3/9/2012 2:35:57] Description: 
[3/9/2012 2:35:57] attempt to call a nil value
[3/9/2012 2:35:57] stack traceback:
[3/9/2012 2:35:57] 	[C]: in function 'closeShopWindow'
[3/9/2012 2:35:57] 	data/npc/lib/npcsystem/npchandler.lua:225: in function 'releaseFocus'
[3/9/2012 2:35:57] 	data/npc/lib/npcsystem/npchandler.lua:591: in function 'onWalkAway'
[3/9/2012 2:35:57] 	data/npc/lib/npcsystem/npchandler.lua:523: in function 'onThink'
[3/9/2012 2:35:57] 	data/npc/scripts/game/default.lua:9: in function <data/npc/scripts/game/default.lua:9>

[3/9/2012 2:37:25] [Error - NpcScript Interface] 
[3/9/2012 2:37:25] (Unknown script file)
[3/9/2012 2:37:25] Description: 
[3/9/2012 2:37:25] attempt to call a nil value
[3/9/2012 2:37:25] stack traceback:
[3/9/2012 2:37:25] 	[C]: ?

[3/9/2012 2:40:45] [Error - NpcScript Interface] 
[3/9/2012 2:40:45] (Unknown script file)
[3/9/2012 2:40:45] Description: 
[3/9/2012 2:40:45] attempt to call a nil value
[3/9/2012 2:40:45] stack traceback:
[3/9/2012 2:40:45] 	[C]: ?

[3/9/2012 2:47:24] [Error - NpcScript Interface] 
[3/9/2012 2:47:24] (Unknown script file)
[3/9/2012 2:47:24] Description: 
[3/9/2012 2:47:24] attempt to call a nil value
[3/9/2012 2:47:24] stack traceback:
[3/9/2012 2:47:24] 	[C]: ?

[3/9/2012 2:47:36] [Error - NpcScript Interface] 
[3/9/2012 2:47:36] (Unknown script file)
[3/9/2012 2:47:36] Description: 
[3/9/2012 2:47:36] attempt to call a nil value
[3/9/2012 2:47:36] stack traceback:
[3/9/2012 2:47:36] 	[C]: ?

[3/9/2012 2:51:51] [Error - NpcScript Interface] 
[3/9/2012 2:51:51] (Unknown script file)
[3/9/2012 2:51:51] Description: 
[3/9/2012 2:51:51] attempt to call a nil value
[3/9/2012 2:51:51] stack traceback:
[3/9/2012 2:51:51] 	[C]: ?

[3/9/2012 2:52:13] [Error - NpcScript Interface] 
[3/9/2012 2:52:13] (Unknown script file)
[3/9/2012 2:52:13] Description: 
[3/9/2012 2:52:13] attempt to call a nil value
[3/9/2012 2:52:13] stack traceback:
[3/9/2012 2:52:13] 	[C]: ?

[3/9/2012 2:59:10] [Error - NpcScript Interface] 
[3/9/2012 2:59:10] (Unknown script file)
[3/9/2012 2:59:10] Description: 
[3/9/2012 2:59:10] attempt to call a nil value
[3/9/2012 2:59:10] stack traceback:

[3/9/2012 3:0:33] [Error - NpcScript Interface] 
[3/9/2012 3:0:33] (Unknown script file)
[3/9/2012 3:0:33] Description: 
[3/9/2012 3:0:33] attempt to call a nil value
[3/9/2012 3:0:33] stack traceback:
[3/9/2012 3:0:33] 	[C]: ?

[3/9/2012 3:0:55] [Error - NpcScript Interface] 
[3/9/2012 3:0:55] (Unknown script file)
[3/9/2012 3:0:55] Description: 
[3/9/2012 3:0:55] attempt to call a nil value
[3/9/2012 3:0:55] stack traceback:
[3/9/2012 3:0:55] 	[C]: ?

[3/9/2012 3:1:6] [Error - NpcScript Interface] 
[3/9/2012 3:1:6] (Unknown script file)
[3/9/2012 3:1:6] Description: 
[3/9/2012 3:1:6] attempt to call a nil value
[3/9/2012 3:1:6] stack traceback:
[3/9/2012 3:1:6] 	[C]: ?
[3/9/2012 3:11:5] > Saving server...
[3/9/2012 3:11:12] > SAVE: Complete in 6.781 seconds using binary-tilebased house storage.

[3/9/2012 3:12:1] [Error - NpcScript Interface] 
[3/9/2012 3:12:1] (Unknown script file)
[3/9/2012 3:12:1] Description: 
[3/9/2012 3:12:1] attempt to call a nil value
[3/9/2012 3:12:1] stack traceback:
[3/9/2012 3:12:1] 	[C]: ?

[3/9/2012 3:12:12] [Error - NpcScript Interface] 
[3/9/2012 3:12:12] (Unknown script file)
[3/9/2012 3:12:12] Description: 
[3/9/2012 3:12:12] attempt to call a nil value
[3/9/2012 3:12:12] stack traceback:
[3/9/2012 3:12:12] 	[C]: ?

[3/9/2012 3:21:16] [Error - NpcScript Interface] 
[3/9/2012 3:21:16] (Unknown script file)
[3/9/2012 3:21:16] Description: 
[3/9/2012 3:21:16] attempt to call a nil value
[3/9/2012 3:21:16] stack traceback:
[3/9/2012 3:21:16] 	[C]: ?

[3/9/2012 3:22:56] [Error - NpcScript Interface] 
[3/9/2012 3:22:56] (Unknown script file)
[3/9/2012 3:22:56] Description: 
[3/9/2012 3:22:56] attempt to call a nil value
[3/9/2012 3:22:56] stack traceback:
[3/9/2012 3:22:56] 	[C]: ?

[3/9/2012 3:23:7] [Error - NpcScript Interface] 
[3/9/2012 3:23:7] (Unknown script file)
[3/9/2012 3:23:7] Description: 
[3/9/2012 3:23:7] attempt to call a nil value
[3/9/2012 3:23:7] stack traceback:
[3/9/2012 3:23:7] 	[C]: ?

[3/9/2012 3:23:18] [Error - NpcScript Interface] 
[3/9/2012 3:23:18] (Unknown script file)
[3/9/2012 3:23:18] Description: 
[3/9/2012 3:23:18] attempt to call a nil value
[3/9/2012 3:23:18] stack traceback:
[3/9/2012 3:23:18] 	[C]: ?

[3/9/2012 3:24:2] [Error - NpcScript Interface] 
[3/9/2012 3:24:2] (Unknown script file)
[3/9/2012 3:24:2] Description: 
[3/9/2012 3:24:2] attempt to call a nil value
[3/9/2012 3:24:2] stack traceback:
[3/9/2012 3:24:2] 	[C]: ?

[3/9/2012 3:24:13] [Error - NpcScript Interface] 
[3/9/2012 3:24:13] (Unknown script file)
[3/9/2012 3:24:13] Description: 
[3/9/2012 3:24:13] attempt to call a nil value
[3/9/2012 3:24:13] stack traceback:
[3/9/2012 3:24:13] 	[C]: ?

[3/9/2012 3:32:11] [Error - NpcScript Interface] 
[3/9/2012 3:32:11] (Unknown script file)
[3/9/2012 3:32:11] Description: 
[3/9/2012 3:32:11] attempt to call a nil value
[3/9/2012 3:32:11] stack traceback:
[3/9/2012 3:32:11] 	[C]: ?

[3/9/2012 3:32:44] [Error - NpcScript Interface] 
[3/9/2012 3:32:44] (Unknown script file)
[3/9/2012 3:32:44] Description: 
[3/9/2012 3:32:44] attempt to call a nil value
[3/9/2012 3:32:44] stack traceback:
[3/9/2012 3:32:44] 	[C]: ?

[3/9/2012 3:35:8] [Error - NpcScript Interface] 
[3/9/2012 3:35:8] (Unknown script file)
[3/9/2012 3:35:8] Description: 
[3/9/2012 3:35:8] attempt to call a nil value
[3/9/2012 3:35:8] stack traceback:
[3/9/2012 3:35:8] 	[C]: ?

[3/9/2012 3:35:19] [Error - NpcScript Interface] 
[3/9/2012 3:35:19] (Unknown script file)
[3/9/2012 3:35:19] Description: 
[3/9/2012 3:35:19] attempt to call a nil value
[3/9/2012 3:35:19] stack traceback:
[3/9/2012 3:35:19] 	[C]: ?

[3/9/2012 3:36:4] [Error - NpcScript Interface] 
[3/9/2012 3:36:4] (Unknown script file)
[3/9/2012 3:36:4] Description: 
[3/9/2012 3:36:4] attempt to call a nil value
[3/9/2012 3:36:4] stack traceback:
[3/9/2012 3:36:4] 	[C]: ?

[3/9/2012 3:36:59] [Error - NpcScript Interface] 
[3/9/2012 3:36:59] (Unknown script file)
[3/9/2012 3:36:59] Description: 
[3/9/2012 3:36:59] attempt to call a nil value
[3/9/2012 3:36:59] stack traceback:
[3/9/2012 3:36:59] 	[C]: ?

[3/9/2012 3:37:10] [Error - NpcScript Interface] 
[3/9/2012 3:37:10] (Unknown script file)
[3/9/2012 3:37:10] Description: 
[3/9/2012 3:37:10] attempt to call a nil value
[3/9/2012 3:37:10] stack traceback:
[3/9/2012 3:37:10] 	[C]: ?

[3/9/2012 3:40:19] [Error - NpcScript Interface] 
[3/9/2012 3:40:19] (Unknown script file)
[3/9/2012 3:40:19] Description: 
[3/9/2012 3:40:19] attempt to call a nil value
[3/9/2012 3:40:19] stack traceback:
[3/9/2012 3:40:19] 	[C]: ?

[3/9/2012 3:40:52] [Error - NpcScript Interface] 
[3/9/2012 3:40:52] (Unknown script file)
[3/9/2012 3:40:52] Description: 
[3/9/2012 3:40:52] attempt to call a nil value
[3/9/2012 3:40:52] stack traceback:
[3/9/2012 3:40:52] 	[C]: ?

[3/9/2012 3:45:19] [Error - NpcScript Interface] 
[3/9/2012 3:45:19] (Unknown script file)
[3/9/2012 3:45:19] Description: 
[3/9/2012 3:45:19] attempt to call a nil value
[3/9/2012 3:45:19] stack traceback:
[3/9/2012 3:45:19] 	[C]: ?

[3/9/2012 3:48:5] [Error - NpcScript Interface] 
[3/9/2012 3:48:5] (Unknown script file)
[3/9/2012 3:48:5] Description: 
[3/9/2012 3:48:5] attempt to call a nil value
[3/9/2012 3:48:5] stack traceback:
[3/9/2012 3:48:5] 	[C]: ?

[3/9/2012 3:48:27] [Error - NpcScript Interface] 
[3/9/2012 3:48:27] (Unknown script file)
[3/9/2012 3:48:27] Description: 
[3/9/2012 3:48:27] attempt to call a nil value
[3/9/2012 3:48:27] stack traceback:
[3/9/2012 3:48:27] 	[C]: ?

[3/9/2012 3:48:38] [Error - NpcScript Interface] 
[3/9/2012 3:48:38] (Unknown script file)
[3/9/2012 3:48:38] Description: 
[3/9/2012 3:48:38] attempt to call a nil value
[3/9/2012 3:48:38] stack traceback:
[3/9/2012 3:48:38] 	[C]: ?

[3/9/2012 3:50:19] [Error - NpcScript Interface] 
[3/9/2012 3:50:19] (Unknown script file)
[3/9/2012 3:50:19] Description: 
[3/9/2012 3:50:19] attempt to call a nil value
[3/9/2012 3:50:19] stack traceback:
[3/9/2012 3:50:19] 	[C]: ?
[3/9/2012 4:6:48] > Broadcasted message: "The Mastersmiths Cyclops are too close from our Capital Thorn. Stay alert.".
[3/9/2012 4:10:8] > Broadcasted message: "Help in the Thorn Western Gate! Cyclops are taking the city!".

[3/9/2012 4:10:17] [Error - NpcScript Interface] 
[3/9/2012 4:10:17] (Unknown script file)
[3/9/2012 4:10:17] Description: 
[3/9/2012 4:10:17] attempt to call a nil value
[3/9/2012 4:10:17] stack traceback:
[3/9/2012 4:10:17] 	[C]: ?
[3/9/2012 4:11:5] > Saving server...
[3/9/2012 4:11:11] > SAVE: Complete in 5.53 seconds using binary-tilebased house storage.

[3/9/2012 4:27:18] [Error - NpcScript Interface] 
[3/9/2012 4:27:18] (Unknown script file)
[3/9/2012 4:27:18] Description: 
[3/9/2012 4:27:18] attempt to call a nil value
[3/9/2012 4:27:18] stack traceback:
[3/9/2012 4:27:18] 	[C]: ?

[3/9/2012 4:35:27] [Error - NpcScript Interface] 
[3/9/2012 4:35:27] (Unknown script file)
[3/9/2012 4:35:27] Description: 
[3/9/2012 4:35:27] attempt to call a nil value
[3/9/2012 4:35:27] stack traceback:
[3/9/2012 4:35:27] 	[C]: ?

[3/9/2012 4:36:0] [Error - NpcScript Interface] 
[3/9/2012 4:36:0] (Unknown script file)
[3/9/2012 4:36:0] Description: 
[3/9/2012 4:36:0] attempt to call a nil value
[3/9/2012 4:36:0] stack traceback:
[3/9/2012 4:36:0] 	[C]: ?

[3/9/2012 5:0:47] [Error - NpcScript Interface] 
[3/9/2012 5:0:47] (Unknown script file)
[3/9/2012 5:0:47] Description: 
[3/9/2012 5:0:47] attempt to call a nil value
[3/9/2012 5:0:47] stack traceback:
[3/9/2012 5:0:47] 	[C]: ?

[3/9/2012 5:1:10] [Error - NpcScript Interface] 
[3/9/2012 5:1:10] (Unknown script file)
[3/9/2012 5:1:10] Description: 
[3/9/2012 5:1:10] attempt to call a nil value
[3/9/2012 5:1:10] stack traceback:
[3/9/2012 5:1:10] 	[C]: ?

[3/9/2012 5:2:50] [Error - NpcScript Interface] 
[3/9/2012 5:2:50] (Unknown script file)
[3/9/2012 5:2:50] Description: 
[3/9/2012 5:2:50] attempt to call a nil value
[3/9/2012 5:2:50] stack traceback:
[3/9/2012 5:2:50] 	[C]: ?

[3/9/2012 5:3:56] [Error - NpcScript Interface] 
[3/9/2012 5:3:56] (Unknown script file)
[3/9/2012 5:3:56] Description: 
[3/9/2012 5:3:56] attempt to call a nil value
[3/9/2012 5:3:56] stack traceback:
[3/9/2012 5:3:56] 	[C]: ?

[3/9/2012 5:7:49] [Error - NpcScript Interface] 
[3/9/2012 5:7:49] (Unknown script file)
[3/9/2012 5:7:49] Description: 
[3/9/2012 5:7:49] attempt to call a nil value
[3/9/2012 5:7:49] stack traceback:
[3/9/2012 5:7:49] 	[C]: ?

[3/9/2012 5:8:23] [Error - NpcScript Interface] 
[3/9/2012 5:8:23] (Unknown script file)
[3/9/2012 5:8:23] Description: 
[3/9/2012 5:8:23] attempt to call a nil value
[3/9/2012 5:8:23] stack traceback:
[3/9/2012 5:8:23] 	[C]: ?

[3/9/2012 5:10:25] [Error - NpcScript Interface] 
[3/9/2012 5:10:25] (Unknown script file)
[3/9/2012 5:10:25] Description: 
[3/9/2012 5:10:25] attempt to call a nil value
[3/9/2012 5:10:25] stack traceback:
[3/9/2012 5:10:25] 	[C]: ?

[3/9/2012 5:10:36] [Error - NpcScript Interface] 
[3/9/2012 5:10:36] (Unknown script file)
[3/9/2012 5:10:36] Description: 
[3/9/2012 5:10:36] attempt to call a nil value
[3/9/2012 5:10:36] stack traceback:
[3/9/2012 5:10:36] 	[C]: ?
[3/9/2012 5:11:5] > Saving server...
[3/9/2012 5:11:9] > SAVE: Complete in 4.425 seconds using binary-tilebased house storage.

[3/9/2012 5:13:11] [Error - NpcScript Interface] 
[3/9/2012 5:13:11] (Unknown script file)
[3/9/2012 5:13:11] Description: 
[3/9/2012 5:13:11] attempt to call a nil value
[3/9/2012 5:13:11] stack traceback:
[3/9/2012 5:13:11] 	[C]: ?

[3/9/2012 5:13:22] [Error - NpcScript Interface] 
[3/9/2012 5:13:22] (Unknown script file)
[3/9/2012 5:13:22] Description: 
[3/9/2012 5:13:22] attempt to call a nil value
[3/9/2012 5:13:22] stack traceback:
[3/9/2012 5:13:22] 	[C]: ?

[3/9/2012 5:24:50] [Error - NpcScript Interface] 
[3/9/2012 5:24:50] (Unknown script file)
[3/9/2012 5:24:50] Description: 
[3/9/2012 5:24:50] attempt to call a nil value
[3/9/2012 5:24:50] stack traceback:
[3/9/2012 5:24:50] 	[C]: ?

[3/9/2012 5:27:26] [Error - NpcScript Interface] 
[3/9/2012 5:27:26] (Unknown script file)
[3/9/2012 5:27:26] Description: 
[3/9/2012 5:27:26] attempt to call a nil value
[3/9/2012 5:27:26] stack traceback:
[3/9/2012 5:27:26] 	[C]: ?

[3/9/2012 5:33:32] [Error - NpcScript Interface] 
[3/9/2012 5:33:32] (Unknown script file)
[3/9/2012 5:33:32] Description: 
[3/9/2012 5:33:32] attempt to call a nil value
[3/9/2012 5:33:32] stack traceback:
[3/9/2012 5:33:32] 	[C]: ?

[3/9/2012 5:38:54] [Error - NpcScript Interface] 
[3/9/2012 5:38:54] (Unknown script file)
[3/9/2012 5:38:54] Description: 
[3/9/2012 5:38:54] attempt to call a nil value
[3/9/2012 5:38:54] stack traceback:
[3/9/2012 5:38:54] 	[C]: ?

[3/9/2012 5:40:12] [Error - NpcScript Interface] 
[3/9/2012 5:40:12] (Unknown script file)
[3/9/2012 5:40:12] Description: 
[3/9/2012 5:40:12] attempt to call a nil value
[3/9/2012 5:40:12] stack traceback:
[3/9/2012 5:40:12] 	[C]: ?

[3/9/2012 5:41:7] [Error - NpcScript Interface] 
[3/9/2012 5:41:7] (Unknown script file)
[3/9/2012 5:41:7] Description: 
[3/9/2012 5:41:7] attempt to call a nil value
[3/9/2012 5:41:7] stack traceback:
[3/9/2012 5:41:7] 	[C]: ?

[3/9/2012 5:45:0] [Error - NpcScript Interface] 
[3/9/2012 5:45:0] (Unknown script file)
[3/9/2012 5:45:0] Description: 
[3/9/2012 5:45:0] attempt to call a nil value
[3/9/2012 5:45:0] stack traceback:
[3/9/2012 5:45:0] 	[C]: ?

[3/9/2012 5:45:56] [Error - NpcScript Interface] 
[3/9/2012 5:45:56] (Unknown script file)
[3/9/2012 5:45:56] Description: 
[3/9/2012 5:45:56] attempt to call a nil value
[3/9/2012 5:45:56] stack traceback:
[3/9/2012 5:45:56] 	[C]: ?

[3/9/2012 5:47:14] [Error - NpcScript Interface] 
[3/9/2012 5:47:14] (Unknown script file)
[3/9/2012 5:47:14] Description: 
[3/9/2012 5:47:14] attempt to call a nil value
[3/9/2012 5:47:14] stack traceback:
[3/9/2012 5:47:14] 	[C]: ?

[3/9/2012 5:47:47] [Error - NpcScript Interface] 
[3/9/2012 5:47:47] (Unknown script file)
[3/9/2012 5:47:47] Description: 
[3/9/2012 5:47:47] attempt to call a nil value
[3/9/2012 5:47:47] stack traceback:
[3/9/2012 5:47:47] 	[C]: ?

[3/9/2012 5:59:15] [Error - NpcScript Interface] 
[3/9/2012 5:59:15] (Unknown script file)
[3/9/2012 5:59:15] Description: 
[3/9/2012 5:59:15] attempt to call a nil value
[3/9/2012 5:59:15] stack traceback:
[3/9/2012 5:59:15] 	[C]: ?

[3/9/2012 6:1:39] [Error - NpcScript Interface] 
[3/9/2012 6:1:39] (Unknown script file)
[3/9/2012 6:1:39] Description: 
[3/9/2012 6:1:39] attempt to call a nil value
[3/9/2012 6:1:39] stack traceback:
[3/9/2012 6:1:39] 	[C]: ?

[3/9/2012 6:2:13] [Error - NpcScript Interface] 
[3/9/2012 6:2:13] (Unknown script file)
[3/9/2012 6:2:13] Description: 
[3/9/2012 6:2:13] attempt to call a nil value
[3/9/2012 6:2:13] stack traceback:
[3/9/2012 6:2:13] 	[C]: ?

[3/9/2012 6:4:48] [Error - NpcScript Interface] 
[3/9/2012 6:4:48] (Unknown script file)
[3/9/2012 6:4:48] Description: 
[3/9/2012 6:4:48] attempt to call a nil value
[3/9/2012 6:4:48] stack traceback:
[3/9/2012 6:4:48] 	[C]: ?

[3/9/2012 6:6:17] [Error - NpcScript Interface] 
[3/9/2012 6:6:17] (Unknown script file)
[3/9/2012 6:6:17] Description: 
[3/9/2012 6:6:17] attempt to call a nil value
[3/9/2012 6:6:17] stack traceback:
[3/9/2012 6:6:17] 	[C]: ?

[3/9/2012 6:6:50] [Error - NpcScript Interface] 
[3/9/2012 6:6:50] (Unknown script file)
[3/9/2012 6:6:50] Description: 
[3/9/2012 6:6:50] attempt to call a nil value
[3/9/2012 6:6:50] stack traceback:
[3/9/2012 6:6:50] 	[C]: ?

[3/9/2012 6:7:12] [Error - NpcScript Interface] 
[3/9/2012 6:7:12] (Unknown script file)
[3/9/2012 6:7:12] Description: 
[3/9/2012 6:7:12] attempt to call a nil value
[3/9/2012 6:7:12] stack traceback:
[3/9/2012 6:7:12] 	[C]: ?

[3/9/2012 6:7:35] [Error - NpcScript Interface] 
[3/9/2012 6:7:35] (Unknown script file)
[3/9/2012 6:7:35] Description: 
[3/9/2012 6:7:35] attempt to call a nil value
[3/9/2012 6:7:35] stack traceback:
[3/9/2012 6:7:35] 	[C]: ?

[3/9/2012 6:10:21] [Error - NpcScript Interface] 
[3/9/2012 6:10:21] (Unknown script file)
[3/9/2012 6:10:21] Description: 
[3/9/2012 6:10:21] attempt to call a nil value
[3/9/2012 6:10:21] stack traceback:
[3/9/2012 6:10:21] 	[C]: ?
[3/9/2012 6:11:5] > Saving server...
[3/9/2012 6:11:9] > SAVE: Complete in 4.116 seconds using binary-tilebased house storage.

[3/9/2012 6:13:52] [Error - NpcScript Interface] 
[3/9/2012 6:13:52] (Unknown script file)
[3/9/2012 6:13:52] Description: 
[3/9/2012 6:13:52] attempt to call a nil value
[3/9/2012 6:13:52] stack traceback:
[3/9/2012 6:13:52] 	[C]: ?

[3/9/2012 6:15:10] [Error - NpcScript Interface] 
[3/9/2012 6:15:10] (Unknown script file)
[3/9/2012 6:15:10] Description: 
[3/9/2012 6:15:10] attempt to call a nil value
[3/9/2012 6:15:10] stack traceback:
[3/9/2012 6:15:10] 	[C]: ?

[3/9/2012 6:19:25] [Error - NpcScript Interface] 
[3/9/2012 6:19:25] (Unknown script file)
[3/9/2012 6:19:25] Description: 
[3/9/2012 6:19:25] attempt to call a nil value
[3/9/2012 6:19:25] stack traceback:
[3/9/2012 6:19:25] 	[C]: ?
[3/9/2012 7:11:5] > Saving server...
[3/9/2012 7:11:10] > SAVE: Complete in 5.368 seconds using binary-tilebased house storage.

[3/9/2012 7:35:53] [Error - NpcScript Interface] 
[3/9/2012 7:35:53] (Unknown script file)
[3/9/2012 7:35:53] Description: 
[3/9/2012 7:35:53] attempt to call a nil value
[3/9/2012 7:35:53] stack traceback:
[3/9/2012 7:35:53] 	[C]: in function 'closeShopWindow'
[3/9/2012 7:35:53] 	data/npc/lib/npcsystem/npchandler.lua:225: in function 'releaseFocus'
[3/9/2012 7:35:53] 	data/npc/lib/npcsystem/npchandler.lua:591: in function 'onWalkAway'
[3/9/2012 7:35:53] 	data/npc/lib/npcsystem/npchandler.lua:523: in function 'onThink'
[3/9/2012 7:35:53] 	data/npc/scripts/game/default.lua:9: in function <data/npc/scripts/game/default.lua:9>
[3/9/2012 8:11:5] > Saving server...
[3/9/2012 8:11:10] > SAVE: Complete in 5.01 seconds using binary-tilebased house storage.

[3/9/2012 8:49:15] [Error - NpcScript Interface] 
[3/9/2012 8:49:15] (Unknown script file)
[3/9/2012 8:49:15] Description: 
[3/9/2012 8:49:15] attempt to call a nil value
[3/9/2012 8:49:15] stack traceback:
[3/9/2012 8:49:15] 	[C]: in function 'closeShopWindow'
[3/9/2012 8:49:15] 	data/npc/lib/npcsystem/npchandler.lua:225: in function 'releaseFocus'
[3/9/2012 8:49:15] 	data/npc/lib/npcsystem/npchandler.lua:363: in function 'unGreet'
[3/9/2012 8:49:15] 	data/npc/lib/npcsystem/npchandler.lua:576: in function 'onFarewell'
[3/9/2012 8:49:15] 	data/npc/lib/npcsystem/modules.lua:251: in function 'callback'
[3/9/2012 8:49:15] 	data/npc/lib/npcsystem/keywordhandler.lua:41: in function 'processMessage'
[3/9/2012 8:49:15] 	data/npc/lib/npcsystem/keywordhandler.lua:181: in function 'processNodeMessage'
[3/9/2012 8:49:15] 	data/npc/lib/npcsystem/keywordhandler.lua:140: in function 'processMessage'
[3/9/2012 8:49:15] 	data/npc/lib/npcsystem/npchandler.lua:423: in function 'onCreatureSay'
[3/9/2012 8:49:15] 	data/npc/scripts/game/default.lua:8: in function <data/npc/scripts/game/default.lua:8>

[3/9/2012 8:49:46] [Error - NpcScript Interface] 
[3/9/2012 8:49:46] (Unknown script file)
[3/9/2012 8:49:46] Description: 
[3/9/2012 8:49:46] attempt to call a nil value
[3/9/2012 8:49:46] stack traceback:
[3/9/2012 8:49:46] 	[C]: in function 'closeShopWindow'
[3/9/2012 8:49:46] 	data/npc/lib/npcsystem/npchandler.lua:225: in function 'releaseFocus'
[3/9/2012 8:49:46] 	data/npc/lib/npcsystem/npchandler.lua:591: in function 'onWalkAway'
[3/9/2012 8:49:46] 	data/npc/lib/npcsystem/npchandler.lua:523: in function 'onThink'
[3/9/2012 8:49:46] 	data/npc/scripts/game/default.lua:9: in function <data/npc/scripts/game/default.lua:9>
[3/9/2012 9:2:48] > Broadcasted message: "Uma escura e medonha fumaa negra comea a surgir em Quendor...".
[3/9/2012 9:3:48] > Broadcasted message: "Morte aos mortos vivos! Preparem-se para lutar contra a morte!".
[3/9/2012 9:4:28] > Broadcasted message: "Guerreiros saem do cho e fantasmas assombram os lares! Os mortos vivos atacam a cidade de Quendor!".

[3/9/2012 9:6:30] [Error - NpcScript Interface] 
[3/9/2012 9:6:30] (Unknown script file)
[3/9/2012 9:6:30] Description: 
[3/9/2012 9:6:30] attempt to call a nil value
[3/9/2012 9:6:30] stack traceback:
[3/9/2012 9:11:5] > Saving server...
[3/9/2012 9:11:9] > SAVE: Complete in 4.195 seconds using binary-tilebased house storage.

[3/9/2012 9:14:4] [Error - NpcScript Interface] 
[3/9/2012 9:14:4] (Unknown script file)
[3/9/2012 9:14:4] Description: 
[3/9/2012 9:14:4] attempt to call a nil value
[3/9/2012 9:14:4] stack traceback:
[3/9/2012 9:14:4] 	[C]: in function 'closeShopWindow'
[3/9/2012 9:14:4] 	data/npc/lib/npcsystem/npchandler.lua:225: in function 'releaseFocus'
[3/9/2012 9:14:4] 	data/npc/lib/npcsystem/npchandler.lua:363: in function 'unGreet'
[3/9/2012 9:14:4] 	data/npc/lib/npcsystem/npchandler.lua:576: in function 'onFarewell'
[3/9/2012 9:14:4] 	data/npc/lib/npcsystem/modules.lua:251: in function 'callback'
[3/9/2012 9:14:4] 	data/npc/lib/npcsystem/keywordhandler.lua:41: in function 'processMessage'
[3/9/2012 9:14:4] 	data/npc/lib/npcsystem/keywordhandler.lua:181: in function 'processNodeMessage'
[3/9/2012 9:14:4] 	data/npc/lib/npcsystem/keywordhandler.lua:140: in function 'processMessage'
[3/9/2012 9:14:4] 	data/npc/lib/npcsystem/npchandler.lua:423: in function 'onCreatureSay'
[3/9/2012 9:14:4] 	data/npc/scripts/game/default.lua:8: in function <data/npc/scripts/game/default.lua:8>

[3/9/2012 9:37:27] [Error - Action Interface] 
[3/9/2012 9:37:27] data/actions/scripts/tools/rope.lua:onUse
[3/9/2012 9:37:27] Description: 
[3/9/2012 9:37:27] (luaGetThingFromPos) Tile not found

[3/9/2012 9:37:30] [Error - Action Interface] 
[3/9/2012 9:37:30] data/actions/scripts/tools/rope.lua:onUse
[3/9/2012 9:37:30] Description: 
[3/9/2012 9:37:30] (luaGetThingFromPos) Tile not found

[3/9/2012 9:37:34] [Error - Action Interface] 
[3/9/2012 9:37:34] data/actions/scripts/tools/rope.lua:onUse
[3/9/2012 9:37:34] Description: 
[3/9/2012 9:37:34] (luaGetThingFromPos) Tile not found

[3/9/2012 9:37:51] [Error - Action Interface] 
[3/9/2012 9:37:51] data/actions/scripts/tools/rope.lua:onUse
[3/9/2012 9:37:51] Description: 
[3/9/2012 9:37:51] (luaGetThingFromPos) Tile not found

[3/9/2012 9:37:54] [Error - Action Interface] 
[3/9/2012 9:37:54] data/actions/scripts/tools/rope.lua:onUse
[3/9/2012 9:37:54] Description: 
[3/9/2012 9:37:54] (luaGetThingFromPos) Tile not found

[3/9/2012 9:37:57] [Error - Action Interface] 
[3/9/2012 9:37:57] data/actions/scripts/tools/rope.lua:onUse
[3/9/2012 9:37:57] Description: 
[3/9/2012 9:37:57] (luaGetThingFromPos) Tile not found
[3/9/2012 10:0:16] > Paying houses...
[3/9/2012 10:0:19] Houses paid in 2.695 seconds.
[3/9/2012 10:0:19] > Saving server...
[3/9/2012 10:0:20] > SAVE: Complete in 0.538 seconds using binary-tilebased house storage.
[3/9/2012 10:0:20] Preparing to shutdown the server- done.
