[2/8/2012 10:9:3] > Using MD5 encryption
[2/8/2012 10:9:3] >> Loading RSA key
[2/8/2012 10:9:3] >> Starting SQL connection

[2/8/2012 10:9:3] > WARNING: Outdated MySQL server detected, consider upgrading to a newer version.
[2/8/2012 10:9:3] >> Running Database Manager
[2/8/2012 10:9:3] >> Loading items (OTB)
[2/8/2012 10:9:3] >> Loading items (XML)
[2/8/2012 10:9:3] [Warning - Items::loadFromXml] Unknown key value blocksolid
[2/8/2012 10:9:3] [Warning - Items::loadFromXml] Unknown key value blocksolid
[2/8/2012 10:9:3] >> Loading groups
[2/8/2012 10:9:3] >> Loading vocations
[2/8/2012 10:9:3] >> Loading outfits
[2/8/2012 10:9:3] >> Loading chat channels
[2/8/2012 10:9:3] >> Loading script systems
[2/8/2012 10:9:5] [Warning - Event::loadScript] Event onTime not found (data/globalevents/scripts/clean.lua)
[2/8/2012 10:9:5] >> Loading mods...
[2/8/2012 10:9:5] > 0 mods were loaded.
[2/8/2012 10:9:5] >> Loading experience stages
[2/8/2012 10:9:5] >> Loading monsters
[2/8/2012 10:9:6] [Warning - Monsters::deserializeSpell] Frost Dragon - Unknown areaEffect: smallice
[2/8/2012 10:9:6] >> Loading map and spawns...
[2/8/2012 10:9:9] > Map size: 5000x5000.
[2/8/2012 10:9:9] > Map descriptions: 
[2/8/2012 10:9:9] "Saved with Remere's Map Editor 2.2"
[2/8/2012 10:9:9] "SimOne MapEditor 0.5.5"
[2/8/2012 10:9:9] [Warning - IOMap::loadMap] Movable item in house: 517, item type: 2741, pos 1070/1121/6
[2/8/2012 10:9:9] [Warning - IOMap::loadMap] Movable item in house: 518, item type: 2741, pos 1070/1129/6
[2/8/2012 10:9:9] [Warning - IOMap::loadMap] Movable item in house: 517, item type: 2741, pos 1073/1121/6
[2/8/2012 10:9:9] [Warning - IOMap::loadMap] Movable item in house: 518, item type: 2741, pos 1073/1129/6
[2/8/2012 10:9:10] Duplicate uniqueId 6401
[2/8/2012 10:9:10] Duplicate uniqueId 6401
[2/8/2012 10:9:11] Duplicate uniqueId 6401
[2/8/2012 10:9:11] Duplicate uniqueId 6401
[2/8/2012 10:9:11] Duplicate uniqueId 6401
[2/8/2012 10:9:11] Duplicate uniqueId 6401
[2/8/2012 10:9:12] Duplicate uniqueId 6401
[2/8/2012 10:9:12] Duplicate uniqueId 6401
[2/8/2012 10:9:13] Duplicate uniqueId 2004
[2/8/2012 10:9:13] Duplicate uniqueId 2005
[2/8/2012 10:9:13] Duplicate uniqueId 2006
[2/8/2012 10:9:13] Duplicate uniqueId 2007
[2/8/2012 10:9:15] Duplicate uniqueId 6401
[2/8/2012 10:9:15] Duplicate uniqueId 6401
[2/8/2012 10:9:15] Duplicate uniqueId 6401
[2/8/2012 10:9:15] Duplicate uniqueId 6400
[2/8/2012 10:9:15] Duplicate uniqueId 6401
[2/8/2012 10:9:15] Duplicate uniqueId 2056
[2/8/2012 10:9:15] Duplicate uniqueId 2057
[2/8/2012 10:9:15] Duplicate uniqueId 2058
[2/8/2012 10:9:15] Duplicate uniqueId 2051
[2/8/2012 10:9:15] Duplicate uniqueId 2052
[2/8/2012 10:9:15] Duplicate uniqueId 2053
[2/8/2012 10:9:15] Duplicate uniqueId 2054
[2/8/2012 10:9:16] > Map loading time: 9.26 seconds.
[2/8/2012 10:9:16] [Spawn::addMonster] Cannot find "Butterfly"
[2/8/2012 10:9:16] [Spawn::addMonster] Cannot find "Butterfly"
[2/8/2012 10:9:17] [Error - Houses::loadFromXml] Unknown house with id: 55
[2/8/2012 10:9:17] > WARNING: Could not load house data.
[2/8/2012 10:9:17] > Data parsing time: 1.019 seconds.
[2/8/2012 10:9:33] > Houses synchronization time: 15.75 seconds.
[2/8/2012 10:9:33] > Content unserialization time: 0.063 seconds.
[2/8/2012 10:9:33] >> Checking world type... Open PvP
[2/8/2012 10:9:33] >> Initializing game state and binding services...
[2/8/2012 10:9:34] > Global IP address: 184.173.128.212
[2/8/2012 10:9:34] > Bound ports: 7577	7578	9215	
[2/8/2012 10:9:34] >> Everything smells good, server is starting up...
[2/8/2012 10:9:34] [DDOS EMERGENCY] Enabled
>> UltraX server Online!
[2/8/2012 10:9:34] [DDOS EMERGENCY] Enabled
>> UltraX server Online!

[2/8/2012 10:28:44] [Error - HouseTile::__queryDestination] Tile at house entry position for house: Forgotten headquarter (Flat 1, Area 42) (90) does not exist.
[2/8/2012 10:29:29] [Error - HouseTile::__queryDestination] Tile at house entry position for house: Forgotten headquarter (Flat 1, Area 42) (89) does not exist.
[2/8/2012 10:29:35] [Error - HouseTile::__queryDestination] Tile at house entry position for house: Forgotten headquarter (Flat 1, Area 42) (93) does not exist.
[2/8/2012 10:30:1] [Error - HouseTile::__queryDestination] Tile at house entry position for house: Forgotten headquarter (Flat 1, Area 42) (173) does not exist.
[2/8/2012 10:31:24] [Error - HouseTile::__queryDestination] Tile at house entry position for house: Forgotten headquarter (Flat 1, Area 42) (71) does not exist.
[2/8/2012 10:58:32] [Error - HouseTile::__queryDestination] Tile at house entry position for house: Forgotten headquarter (Flat 1, Area 42) (173) does not exist.
[2/8/2012 10:59:40] [Error - HouseTile::__queryDestination] Tile at house entry position for house: Forgotten headquarter (Flat 1, Area 42) (173) does not exist.
[2/8/2012 11:0:15] [Error - HouseTile::__queryDestination] Tile at house entry position for house: Forgotten headquarter (Flat 1, Area 42) (173) does not exist.
[2/8/2012 11:0:46] [Error - HouseTile::__queryDestination] Tile at house entry position for house: Forgotten headquarter (Flat 1, Area 42) (89) does not exist.
[2/8/2012 11:11:5] > Saving server...
[2/8/2012 11:11:9] > SAVE: Complete in 4.657 seconds using binary-tilebased house storage.
[2/8/2012 11:23:49] [Error - HouseTile::__queryDestination] Tile at house entry position for house: Forgotten headquarter (Flat 1, Area 42) (95) does not exist.
[2/8/2012 11:28:7] [Error - HouseTile::__queryDestination] Tile at house entry position for house: Forgotten headquarter (Flat 1, Area 42) (96) does not exist.
[2/8/2012 11:29:17] [Error - HouseTile::__queryDestination] Tile at house entry position for house: Forgotten headquarter (Flat 1, Area 42) (95) does not exist.
[2/8/2012 11:31:28] [Error - HouseTile::__queryDestination] Tile at house entry position for house: Forgotten headquarter (Flat 1, Area 42) (90) does not exist.
[2/8/2012 12:11:5] > Saving server...
[2/8/2012 12:11:10] > SAVE: Complete in 5.056 seconds using binary-tilebased house storage.

[2/8/2012 12:32:17] [Error - TalkAction Interface] 
[2/8/2012 12:32:17] data/talkactions/scripts/game/accept_teleport.lua:onSay
[2/8/2012 12:32:17] Description: 
[2/8/2012 12:32:17] data/talkactions/scripts/game/accept_teleport.lua:3: attempt to call global 'GetTpRequest' (a nil value)
[2/8/2012 12:32:17] stack traceback:
[2/8/2012 12:32:17] 	data/talkactions/scripts/game/accept_teleport.lua:3: in function <data/talkactions/scripts/game/accept_teleport.lua:1>

[2/8/2012 12:32:18] [Error - TalkAction Interface] 
[2/8/2012 12:32:18] data/talkactions/scripts/game/accept_teleport.lua:onSay
[2/8/2012 12:32:18] Description: 
[2/8/2012 12:32:18] data/talkactions/scripts/game/accept_teleport.lua:3: attempt to call global 'GetTpRequest' (a nil value)
[2/8/2012 12:32:18] stack traceback:
[2/8/2012 12:32:18] 	data/talkactions/scripts/game/accept_teleport.lua:3: in function <data/talkactions/scripts/game/accept_teleport.lua:1>
[2/8/2012 13:11:5] > Saving server...
[2/8/2012 13:11:13] > SAVE: Complete in 8.552 seconds using binary-tilebased house storage.
[2/8/2012 13:12:25] [Error - HouseTile::__queryDestination] Tile at house entry position for house: Forgotten headquarter (Flat 1, Area 42) (403) does not exist.
[2/8/2012 13:19:55] [Error - HouseTile::__queryDestination] Tile at house entry position for house: Forgotten headquarter (Flat 1, Area 42) (62) does not exist.
[2/8/2012 13:20:5] [Error - HouseTile::__queryDestination] Tile at house entry position for house: Forgotten headquarter (Flat 1, Area 42) (71) does not exist.
[2/8/2012 13:26:18] [Error - HouseTile::__queryDestination] Tile at house entry position for house: Forgotten headquarter (Flat 1, Area 42) (426) does not exist.
[2/8/2012 13:46:52] [Error - HouseTile::__queryDestination] Tile at house entry position for house: Forgotten headquarter (Flat 1, Area 42) (86) does not exist.
[2/8/2012 13:48:1] [Error - HouseTile::__queryDestination] Tile at house entry position for house: Forgotten headquarter (Flat 1, Area 42) (86) does not exist.
[2/8/2012 13:51:27] [Error - HouseTile::__queryDestination] Tile at house entry position for house: Forgotten headquarter (Flat 1, Area 42) (96) does not exist.
[2/8/2012 13:51:48] [Error - HouseTile::__queryDestination] Tile at house entry position for house: Forgotten headquarter (Flat 1, Area 42) (96) does not exist.
[2/8/2012 13:52:21] [Error - HouseTile::__queryDestination] Tile at house entry position for house: Forgotten headquarter (Flat 1, Area 42) (96) does not exist.
[2/8/2012 13:52:25] [Error - HouseTile::__queryDestination] Tile at house entry position for house: Forgotten headquarter (Flat 1, Area 42) (96) does not exist.
[2/8/2012 13:52:52] [Error - HouseTile::__queryDestination] Tile at house entry position for house: Forgotten headquarter (Flat 1, Area 42) (96) does not exist.
[2/8/2012 13:53:8] [Error - HouseTile::__queryDestination] Tile at house entry position for house: Forgotten headquarter (Flat 1, Area 42) (95) does not exist.
[2/8/2012 13:53:42] [Error - HouseTile::__queryDestination] Tile at house entry position for house: Forgotten headquarter (Flat 1, Area 42) (98) does not exist.
[2/8/2012 13:54:16] [Error - HouseTile::__queryDestination] Tile at house entry position for house: Forgotten headquarter (Flat 1, Area 42) (104) does not exist.
[2/8/2012 13:54:33] [Error - HouseTile::__queryDestination] Tile at house entry position for house: Forgotten headquarter (Flat 1, Area 42) (104) does not exist.
[2/8/2012 13:55:22] [Error - HouseTile::__queryDestination] Tile at house entry position for house: Forgotten headquarter (Flat 1, Area 42) (89) does not exist.
[2/8/2012 13:55:46] [Error - HouseTile::__queryDestination] Tile at house entry position for house: Forgotten headquarter (Flat 1, Area 42) (94) does not exist.
[2/8/2012 14:11:5] > Saving server...
[2/8/2012 14:11:13] > SAVE: Complete in 7.818 seconds using binary-tilebased house storage.
[2/8/2012 14:28:37] [Error - HouseTile::__queryDestination] Tile at house entry position for house: Forgotten headquarter (Flat 1, Area 42) (86) does not exist.
[2/8/2012 14:28:50] [Error - HouseTile::__queryDestination] Tile at house entry position for house: Forgotten headquarter (Flat 1, Area 42) (86) does not exist.
[2/8/2012 14:29:35] > Broadcasted message: "The Mastersmiths Cyclops are too close from our Capital Thorn. Stay alert.".
[2/8/2012 14:30:32] [Error - HouseTile::__queryDestination] Tile at house entry position for house: Forgotten headquarter (Flat 1, Area 42) (93) does not exist.
[2/8/2012 14:31:33] [Error - HouseTile::__queryDestination] Tile at house entry position for house: Forgotten headquarter (Flat 1, Area 42) (93) does not exist.
[2/8/2012 14:32:55] > Broadcasted message: "Help in the Thorn Western Gate! Cyclops are taking the city!".
[2/8/2012 14:57:8] [Error - HouseTile::__queryDestination] Tile at house entry position for house: Forgotten headquarter (Flat 1, Area 42) (86) does not exist.

[2/8/2012 15:2:39] [Error - Action Interface] 
[2/8/2012 15:2:39] data/actions/scripts/other/windows.lua:onUse
[2/8/2012 15:2:39] Description: 
[2/8/2012 15:2:39] (luaGetHouseFromPos) Tile not found

[2/8/2012 15:2:40] [Error - Action Interface] 
[2/8/2012 15:2:40] data/actions/scripts/other/windows.lua:onUse
[2/8/2012 15:2:40] Description: 
[2/8/2012 15:2:40] (luaGetHouseFromPos) Tile not found
[2/8/2012 15:11:5] > Saving server...
[2/8/2012 15:11:13] > SAVE: Complete in 7.543 seconds using binary-tilebased house storage.

[2/8/2012 15:14:52] [Error - Action Interface] 
[2/8/2012 15:14:52] data/actions/scripts/other/windows.lua:onUse
[2/8/2012 15:14:52] Description: 
[2/8/2012 15:14:52] (luaGetHouseFromPos) Tile not found
[2/8/2012 15:22:43] [Error - HouseTile::__queryDestination] Tile at house entry position for house: Forgotten headquarter (Flat 1, Area 42) (89) does not exist.
[2/8/2012 15:31:19] [Error - HouseTile::__queryDestination] Tile at house entry position for house: Forgotten headquarter (Flat 1, Area 42) (95) does not exist.
[2/8/2012 15:52:3] [Error - HouseTile::__queryDestination] Tile at house entry position for house: Forgotten headquarter (Flat 1, Area 42) (443) does not exist.
[2/8/2012 15:53:40] [Error - HouseTile::__queryDestination] Tile at house entry position for house: Forgotten headquarter (Flat 1, Area 42) (443) does not exist.

[2/8/2012 16:2:1] [Error - Action Interface] 
[2/8/2012 16:2:1] data/actions/scripts/tools/rope.lua:onUse
[2/8/2012 16:2:1] Description: 
[2/8/2012 16:2:1] (luaGetThingFromPos) Tile not found
[2/8/2012 16:7:21] [Error - HouseTile::__queryDestination] Tile at house entry position for house: Forgotten headquarter (Flat 1, Area 42) (410) does not exist.
[2/8/2012 16:11:5] > Saving server...
[2/8/2012 16:11:13] > SAVE: Complete in 7.537 seconds using binary-tilebased house storage.

[2/8/2012 16:15:9] [Error - Action Interface] 
[2/8/2012 16:15:9] data/actions/scripts/tools/rope.lua:onUse
[2/8/2012 16:15:9] Description: 
[2/8/2012 16:15:9] (luaGetThingFromPos) Tile not found

[2/8/2012 16:27:19] [Error - Action Interface] 
[2/8/2012 16:27:19] data/actions/scripts/tools/rope.lua:onUse
[2/8/2012 16:27:19] Description: 
[2/8/2012 16:27:19] (luaGetThingFromPos) Tile not found
[2/8/2012 16:28:46] [Error - HouseTile::__queryDestination] Tile at house entry position for house: Forgotten headquarter (Flat 1, Area 42) (654) does not exist.

[2/8/2012 16:39:46] [Error - Action Interface] 
[2/8/2012 16:39:46] data/actions/scripts/tools/rope.lua:onUse
[2/8/2012 16:39:46] Description: 
[2/8/2012 16:39:46] (luaGetThingFromPos) Tile not found

[2/8/2012 16:53:0] [Error - Action Interface] 
[2/8/2012 16:53:0] data/actions/scripts/tools/rope.lua:onUse
[2/8/2012 16:53:0] Description: 
[2/8/2012 16:53:0] (luaGetThingFromPos) Tile not found
[2/8/2012 16:55:36] [Error - HouseTile::__queryDestination] Tile at house entry position for house: Forgotten headquarter (Flat 1, Area 42) (321) does not exist.

[2/8/2012 17:5:8] [Error - Action Interface] 
[2/8/2012 17:5:8] data/actions/scripts/tools/rope.lua:onUse
[2/8/2012 17:5:8] Description: 
[2/8/2012 17:5:8] (luaGetThingFromPos) Tile not found
[2/8/2012 17:11:5] > Saving server...
[2/8/2012 17:11:11] > SAVE: Complete in 6.399 seconds using binary-tilebased house storage.
[2/8/2012 17:11:12] [Error - HouseTile::__queryDestination] Tile at house entry position for house: Forgotten headquarter (Flat 1, Area 42) (428) does not exist.
[2/8/2012 17:12:24] [Error - HouseTile::__queryDestination] Tile at house entry position for house: Forgotten headquarter (Flat 1, Area 42) (428) does not exist.

[2/8/2012 17:18:23] [Error - Action Interface] 
[2/8/2012 17:18:23] data/actions/scripts/tools/rope.lua:onUse
[2/8/2012 17:18:23] Description: 
[2/8/2012 17:18:23] (luaGetThingFromPos) Tile not found

[2/8/2012 17:31:6] [Error - Action Interface] 
[2/8/2012 17:31:6] data/actions/scripts/tools/rope.lua:onUse
[2/8/2012 17:31:6] Description: 
[2/8/2012 17:31:6] (luaGetThingFromPos) Tile not found

[2/8/2012 17:31:7] [Error - Action Interface] 
[2/8/2012 17:31:7] data/actions/scripts/tools/rope.lua:onUse
[2/8/2012 17:31:7] Description: 
[2/8/2012 17:31:7] (luaGetThingFromPos) Tile not found

[2/8/2012 17:31:8] [Error - Action Interface] 
[2/8/2012 17:31:8] data/actions/scripts/tools/rope.lua:onUse
[2/8/2012 17:31:8] Description: 
[2/8/2012 17:31:8] (luaGetThingFromPos) Tile not found

[2/8/2012 17:31:9] [Error - Action Interface] 
[2/8/2012 17:31:9] data/actions/scripts/tools/rope.lua:onUse
[2/8/2012 17:31:9] Description: 
[2/8/2012 17:31:9] (luaGetThingFromPos) Tile not found

[2/8/2012 17:31:10] [Error - Action Interface] 
[2/8/2012 17:31:10] data/actions/scripts/tools/rope.lua:onUse
[2/8/2012 17:31:10] Description: 
[2/8/2012 17:31:10] (luaGetThingFromPos) Tile not found

[2/8/2012 17:31:11] [Error - Action Interface] 
[2/8/2012 17:31:11] data/actions/scripts/tools/rope.lua:onUse
[2/8/2012 17:31:11] Description: 
[2/8/2012 17:31:11] (luaGetThingFromPos) Tile not found

[2/8/2012 17:31:12] [Error - Action Interface] 
[2/8/2012 17:31:12] data/actions/scripts/tools/rope.lua:onUse
[2/8/2012 17:31:12] Description: 
[2/8/2012 17:31:12] (luaGetThingFromPos) Tile not found

[2/8/2012 17:31:13] [Error - Action Interface] 
[2/8/2012 17:31:13] data/actions/scripts/tools/rope.lua:onUse
[2/8/2012 17:31:13] Description: 
[2/8/2012 17:31:13] (luaGetThingFromPos) Tile not found

[2/8/2012 17:31:14] [Error - Action Interface] 
[2/8/2012 17:31:14] data/actions/scripts/tools/rope.lua:onUse
[2/8/2012 17:31:14] Description: 
[2/8/2012 17:31:14] (luaGetThingFromPos) Tile not found

[2/8/2012 17:31:15] [Error - Action Interface] 
[2/8/2012 17:31:15] data/actions/scripts/tools/rope.lua:onUse
[2/8/2012 17:31:15] Description: 
[2/8/2012 17:31:15] (luaGetThingFromPos) Tile not found

[2/8/2012 17:31:16] [Error - Action Interface] 
[2/8/2012 17:31:16] data/actions/scripts/tools/rope.lua:onUse
[2/8/2012 17:31:16] Description: 
[2/8/2012 17:31:16] (luaGetThingFromPos) Tile not found

[2/8/2012 17:31:17] [Error - Action Interface] 
[2/8/2012 17:31:17] data/actions/scripts/tools/rope.lua:onUse
[2/8/2012 17:31:17] Description: 
[2/8/2012 17:31:17] (luaGetThingFromPos) Tile not found

[2/8/2012 17:31:18] [Error - Action Interface] 
[2/8/2012 17:31:18] data/actions/scripts/tools/rope.lua:onUse
[2/8/2012 17:31:18] Description: 
[2/8/2012 17:31:18] (luaGetThingFromPos) Tile not found

[2/8/2012 17:31:19] [Error - Action Interface] 
[2/8/2012 17:31:19] data/actions/scripts/tools/rope.lua:onUse
[2/8/2012 17:31:19] Description: 
[2/8/2012 17:31:19] (luaGetThingFromPos) Tile not found

[2/8/2012 17:31:20] [Error - Action Interface] 
[2/8/2012 17:31:20] data/actions/scripts/tools/rope.lua:onUse
[2/8/2012 17:31:20] Description: 
[2/8/2012 17:31:20] (luaGetThingFromPos) Tile not found

[2/8/2012 17:31:21] [Error - Action Interface] 
[2/8/2012 17:31:21] data/actions/scripts/tools/rope.lua:onUse
[2/8/2012 17:31:21] Description: 
[2/8/2012 17:31:21] (luaGetThingFromPos) Tile not found

[2/8/2012 17:31:22] [Error - Action Interface] 
[2/8/2012 17:31:22] data/actions/scripts/tools/rope.lua:onUse
[2/8/2012 17:31:22] Description: 
[2/8/2012 17:31:22] (luaGetThingFromPos) Tile not found
[2/8/2012 17:36:33] [Error - HouseTile::__queryDestination] Tile at house entry position for house: Forgotten headquarter (Flat 1, Area 42) (417) does not exist.
[2/8/2012 17:37:4] [Error - HouseTile::__queryDestination] Tile at house entry position for house: Forgotten headquarter (Flat 1, Area 42) (86) does not exist.
[2/8/2012 17:41:55] [Error - HouseTile::__queryDestination] Tile at house entry position for house: Forgotten headquarter (Flat 1, Area 42) (173) does not exist.

[2/8/2012 17:44:25] [Error - Action Interface] 
[2/8/2012 17:44:25] data/actions/scripts/tools/rope.lua:onUse
[2/8/2012 17:44:25] Description: 
[2/8/2012 17:44:25] (luaGetThingFromPos) Tile not found
[2/8/2012 17:52:33] [Error - HouseTile::__queryDestination] Tile at house entry position for house: Forgotten headquarter (Flat 1, Area 42) (89) does not exist.

[2/8/2012 17:55:12] [Error - Action Interface] 
[2/8/2012 17:55:12] data/actions/scripts/tools/rope.lua:onUse
[2/8/2012 17:55:12] Description: 
[2/8/2012 17:55:12] (luaGetThingFromPos) Tile not found
[2/8/2012 17:56:0] [Error - HouseTile::__queryDestination] Tile at house entry position for house: Forgotten headquarter (Flat 1, Area 42) (95) does not exist.
[2/8/2012 17:56:30] [Error - HouseTile::__queryDestination] Tile at house entry position for house: Forgotten headquarter (Flat 1, Area 42) (95) does not exist.
[2/8/2012 17:56:53] [Error - HouseTile::__queryDestination] Tile at house entry position for house: Forgotten headquarter (Flat 1, Area 42) (428) does not exist.
[2/8/2012 17:57:14] [Error - HouseTile::__queryDestination] Tile at house entry position for house: Forgotten headquarter (Flat 1, Area 42) (89) does not exist.
[2/8/2012 17:58:36] [Error - HouseTile::__queryDestination] Tile at house entry position for house: Forgotten headquarter (Flat 1, Area 42) (89) does not exist.
[2/8/2012 17:58:52] [Error - HouseTile::__queryDestination] Tile at house entry position for house: Forgotten headquarter (Flat 1, Area 42) (676) does not exist.
[2/8/2012 18:3:31] [Error - HouseTile::__queryDestination] Tile at house entry position for house: Forgotten headquarter (Flat 1, Area 42) (144) does not exist.
[2/8/2012 18:4:21] [Error - HouseTile::__queryDestination] Tile at house entry position for house: Forgotten headquarter (Flat 1, Area 42) (89) does not exist.

[2/8/2012 18:7:10] [Error - Action Interface] 
[2/8/2012 18:7:10] data/actions/scripts/tools/rope.lua:onUse
[2/8/2012 18:7:10] Description: 
[2/8/2012 18:7:10] (luaGetThingFromPos) Tile not found
[2/8/2012 18:11:5] > Saving server...
[2/8/2012 18:11:13] > SAVE: Complete in 7.785 seconds using binary-tilebased house storage.
[2/8/2012 18:13:49] [Error - HouseTile::__queryDestination] Tile at house entry position for house: Forgotten headquarter (Flat 1, Area 42) (95) does not exist.
[2/8/2012 18:14:48] [Error - HouseTile::__queryDestination] Tile at house entry position for house: Forgotten headquarter (Flat 1, Area 42) (98) does not exist.

[2/8/2012 18:19:21] [Error - Action Interface] 
[2/8/2012 18:19:21] data/actions/scripts/tools/rope.lua:onUse
[2/8/2012 18:19:21] Description: 
[2/8/2012 18:19:21] (luaGetThingFromPos) Tile not found

[2/8/2012 18:31:33] [Error - Action Interface] 
[2/8/2012 18:31:33] data/actions/scripts/tools/pick.lua:onUse
[2/8/2012 18:31:33] Description: 
[2/8/2012 18:31:33] (luaGetThingFromPos) Tile not found

[2/8/2012 18:31:39] [Error - Action Interface] 
[2/8/2012 18:31:39] data/actions/scripts/tools/pick.lua:onUse
[2/8/2012 18:31:39] Description: 
[2/8/2012 18:31:39] (luaGetThingFromPos) Tile not found

[2/8/2012 18:31:41] [Error - Action Interface] 
[2/8/2012 18:31:41] data/actions/scripts/tools/pick.lua:onUse
[2/8/2012 18:31:41] Description: 
[2/8/2012 18:31:41] (luaGetThingFromPos) Tile not found
[2/8/2012 18:49:19] [Error - HouseTile::__queryDestination] Tile at house entry position for house: Forgotten headquarter (Flat 1, Area 42) (86) does not exist.

[2/8/2012 18:50:58] [Error - Action Interface] 
[2/8/2012 18:50:58] data/actions/scripts/tools/rope.lua:onUse
[2/8/2012 18:50:58] Description: 
[2/8/2012 18:50:58] (luaGetThingFromPos) Tile not found
[2/8/2012 18:51:24] [Error - HouseTile::__queryDestination] Tile at house entry position for house: Forgotten headquarter (Flat 1, Area 42) (113) does not exist.
[2/8/2012 18:52:7] [Error - HouseTile::__queryDestination] Tile at house entry position for house: Forgotten headquarter (Flat 1, Area 42) (104) does not exist.
[2/8/2012 18:59:56] [Error - HouseTile::__queryDestination] Tile at house entry position for house: Forgotten headquarter (Flat 1, Area 42) (71) does not exist.

[2/8/2012 19:10:57] [Error - Action Interface] 
[2/8/2012 19:10:57] data/actions/scripts/tools/rope.lua:onUse
[2/8/2012 19:10:57] Description: 
[2/8/2012 19:10:57] (luaGetThingFromPos) Tile not found
[2/8/2012 19:11:5] > Saving server...
[2/8/2012 19:11:13] > SAVE: Complete in 7.77 seconds using binary-tilebased house storage.
[2/8/2012 19:11:25] [Error - HouseTile::__queryDestination] Tile at house entry position for house: Forgotten headquarter (Flat 1, Area 42) (94) does not exist.
[2/8/2012 19:12:17] [Error - HouseTile::__queryDestination] Tile at house entry position for house: Forgotten headquarter (Flat 1, Area 42) (93) does not exist.

[2/8/2012 19:13:13] [Error - NpcScript Interface] 
[2/8/2012 19:13:13] In a timer event called from: 
[2/8/2012 19:13:13] data/npc/scripts/game/default.lua:onCreatureSay
[2/8/2012 19:13:13] Description: 
[2/8/2012 19:13:13] (luaOpenShopWindow) Creature not found
[2/8/2012 19:13:39] [Error - HouseTile::__queryDestination] Tile at house entry position for house: Forgotten headquarter (Flat 1, Area 42) (86) does not exist.
[2/8/2012 19:14:59] [Error - HouseTile::__queryDestination] Tile at house entry position for house: Forgotten headquarter (Flat 1, Area 42) (72) does not exist.

[2/8/2012 19:15:58] [Error - Action Interface] 
[2/8/2012 19:15:58] data/actions/scripts/tools/pick.lua:onUse
[2/8/2012 19:15:58] Description: 
[2/8/2012 19:15:58] (luaGetThingFromPos) Tile not found
[2/8/2012 19:19:34] [Error - HouseTile::__queryDestination] Tile at house entry position for house: Forgotten headquarter (Flat 1, Area 42) (452) does not exist.

[2/8/2012 19:21:1] [Error - Action Interface] 
[2/8/2012 19:21:1] data/actions/scripts/tools/rope.lua:onUse
[2/8/2012 19:21:1] Description: 
[2/8/2012 19:21:1] (luaGetThingFromPos) Tile not found
[2/8/2012 19:26:3] [Error - HouseTile::__queryDestination] Tile at house entry position for house: Forgotten headquarter (Flat 1, Area 42) (103) does not exist.
[2/8/2012 19:37:1] [Error - HouseTile::__queryDestination] Tile at house entry position for house: Forgotten headquarter (Flat 1, Area 42) (95) does not exist.
[2/8/2012 19:37:35] [Error - HouseTile::__queryDestination] Tile at house entry position for house: Forgotten headquarter (Flat 1, Area 42) (95) does not exist.
[2/8/2012 19:38:24] [Error - HouseTile::__queryDestination] Tile at house entry position for house: Forgotten headquarter (Flat 1, Area 42) (95) does not exist.

[2/8/2012 19:40:58] [Error - Action Interface] 
[2/8/2012 19:40:58] data/actions/scripts/tools/rope.lua:onUse
[2/8/2012 19:40:58] Description: 
[2/8/2012 19:40:58] (luaGetThingFromPos) Tile not found
[2/8/2012 19:42:44] [Failure - Protocol::XTEA_decrypt] Not valid unencrypted message size (IP: 201.92.58.134)
[2/8/2012 19:59:10] [Error - HouseTile::__queryDestination] Tile at house entry position for house: Forgotten headquarter (Flat 1, Area 42) (90) does not exist.
[2/8/2012 19:59:58] [Error - HouseTile::__queryDestination] Tile at house entry position for house: Forgotten headquarter (Flat 1, Area 42) (93) does not exist.
[2/8/2012 20:0:54] [Warning - Protocol::RSA_decrypt] Not valid packet size (IP: 187.32.85.65)
[2/8/2012 20:1:46] [Warning - Protocol::RSA_decrypt] Not valid packet size (IP: 187.32.85.65)
[2/8/2012 20:11:5] > Saving server...
[2/8/2012 20:11:14] > SAVE: Complete in 8.447 seconds using binary-tilebased house storage.
[2/8/2012 20:28:23] [Error - HouseTile::__queryDestination] Tile at house entry position for house: Forgotten headquarter (Flat 1, Area 42) (72) does not exist.
[2/8/2012 20:29:6] [Error - HouseTile::__queryDestination] Tile at house entry position for house: Forgotten headquarter (Flat 1, Area 42) (72) does not exist.
[2/8/2012 20:29:16] [Error - HouseTile::__queryDestination] Tile at house entry position for house: Forgotten headquarter (Flat 1, Area 42) (71) does not exist.
[2/8/2012 20:31:11] [Error - HouseTile::__queryDestination] Tile at house entry position for house: Forgotten headquarter (Flat 1, Area 42) (72) does not exist.
[2/8/2012 20:32:42] [Error - HouseTile::__queryDestination] Tile at house entry position for house: Forgotten headquarter (Flat 1, Area 42) (72) does not exist.
[2/8/2012 20:33:44] [Error - HouseTile::__queryDestination] Tile at house entry position for house: Forgotten headquarter (Flat 1, Area 42) (69) does not exist.
[2/8/2012 20:35:47] [Error - HouseTile::__queryDestination] Tile at house entry position for house: Forgotten headquarter (Flat 1, Area 42) (72) does not exist.
[2/8/2012 20:36:7] [Error - HouseTile::__queryDestination] Tile at house entry position for house: Forgotten headquarter (Flat 1, Area 42) (72) does not exist.
[2/8/2012 20:37:39] [Warning - Protocol::RSA_decrypt] Not valid packet size (IP: 187.32.85.65)

[2/8/2012 20:38:21] [Error - Action Interface] 
[2/8/2012 20:38:21] data/actions/scripts/tools/rope.lua:onUse
[2/8/2012 20:38:21] Description: 
[2/8/2012 20:38:21] (luaGetThingFromPos) Tile not found

[2/8/2012 20:38:22] [Error - Action Interface] 
[2/8/2012 20:38:22] data/actions/scripts/tools/rope.lua:onUse
[2/8/2012 20:38:22] Description: 
[2/8/2012 20:38:22] (luaGetThingFromPos) Tile not found

[2/8/2012 20:38:22] [Error - Action Interface] 
[2/8/2012 20:38:22] data/actions/scripts/tools/rope.lua:onUse
[2/8/2012 20:38:22] Description: 
[2/8/2012 20:38:22] (luaGetThingFromPos) Tile not found

[2/8/2012 20:38:22] [Error - Action Interface] 
[2/8/2012 20:38:22] data/actions/scripts/tools/rope.lua:onUse
[2/8/2012 20:38:22] Description: 
[2/8/2012 20:38:22] (luaGetThingFromPos) Tile not found

[2/8/2012 20:38:23] [Error - Action Interface] 
[2/8/2012 20:38:23] data/actions/scripts/tools/rope.lua:onUse
[2/8/2012 20:38:23] Description: 
[2/8/2012 20:38:23] (luaGetThingFromPos) Tile not found

[2/8/2012 20:38:23] [Error - Action Interface] 
[2/8/2012 20:38:23] data/actions/scripts/tools/rope.lua:onUse
[2/8/2012 20:38:23] Description: 
[2/8/2012 20:38:23] (luaGetThingFromPos) Tile not found

[2/8/2012 20:38:23] [Error - Action Interface] 
[2/8/2012 20:38:23] data/actions/scripts/tools/rope.lua:onUse
[2/8/2012 20:38:23] Description: 
[2/8/2012 20:38:23] (luaGetThingFromPos) Tile not found

[2/8/2012 20:38:24] [Error - Action Interface] 
[2/8/2012 20:38:24] data/actions/scripts/tools/rope.lua:onUse
[2/8/2012 20:38:24] Description: 
[2/8/2012 20:38:24] (luaGetThingFromPos) Tile not found

[2/8/2012 20:38:24] [Error - Action Interface] 
[2/8/2012 20:38:24] data/actions/scripts/tools/rope.lua:onUse
[2/8/2012 20:38:24] Description: 
[2/8/2012 20:38:24] (luaGetThingFromPos) Tile not found

[2/8/2012 20:38:24] [Error - Action Interface] 
[2/8/2012 20:38:24] data/actions/scripts/tools/rope.lua:onUse
[2/8/2012 20:38:24] Description: 
[2/8/2012 20:38:24] (luaGetThingFromPos) Tile not found

[2/8/2012 20:38:24] [Error - Action Interface] 
[2/8/2012 20:38:24] data/actions/scripts/tools/rope.lua:onUse
[2/8/2012 20:38:24] Description: 
[2/8/2012 20:38:24] (luaGetThingFromPos) Tile not found

[2/8/2012 20:38:25] [Error - Action Interface] 
[2/8/2012 20:38:25] data/actions/scripts/tools/rope.lua:onUse
[2/8/2012 20:38:25] Description: 
[2/8/2012 20:38:25] (luaGetThingFromPos) Tile not found

[2/8/2012 20:38:25] [Error - Action Interface] 
[2/8/2012 20:38:25] data/actions/scripts/tools/rope.lua:onUse
[2/8/2012 20:38:25] Description: 
[2/8/2012 20:38:25] (luaGetThingFromPos) Tile not found

[2/8/2012 20:38:25] [Error - Action Interface] 
[2/8/2012 20:38:25] data/actions/scripts/tools/rope.lua:onUse
[2/8/2012 20:38:25] Description: 
[2/8/2012 20:38:25] (luaGetThingFromPos) Tile not found

[2/8/2012 20:38:26] [Error - Action Interface] 
[2/8/2012 20:38:26] data/actions/scripts/tools/rope.lua:onUse
[2/8/2012 20:38:26] Description: 
[2/8/2012 20:38:26] (luaGetThingFromPos) Tile not found

[2/8/2012 20:38:26] [Error - Action Interface] 
[2/8/2012 20:38:26] data/actions/scripts/tools/rope.lua:onUse
[2/8/2012 20:38:26] Description: 
[2/8/2012 20:38:26] (luaGetThingFromPos) Tile not found

[2/8/2012 20:38:26] [Error - Action Interface] 
[2/8/2012 20:38:26] data/actions/scripts/tools/rope.lua:onUse
[2/8/2012 20:38:26] Description: 
[2/8/2012 20:38:26] (luaGetThingFromPos) Tile not found

[2/8/2012 20:38:27] [Error - Action Interface] 
[2/8/2012 20:38:27] data/actions/scripts/tools/rope.lua:onUse
[2/8/2012 20:38:27] Description: 
[2/8/2012 20:38:27] (luaGetThingFromPos) Tile not found
[2/8/2012 20:38:51] [Error - HouseTile::__queryDestination] Tile at house entry position for house: Forgotten headquarter (Flat 1, Area 42) (72) does not exist.
[2/8/2012 20:44:0] [Error - HouseTile::__queryDestination] Tile at house entry position for house: Forgotten headquarter (Flat 1, Area 42) (86) does not exist.
[2/8/2012 20:45:44] [Error - HouseTile::__queryDestination] Tile at house entry position for house: Forgotten headquarter (Flat 1, Area 42) (72) does not exist.
[2/8/2012 20:51:22] [Error - HouseTile::__queryDestination] Tile at house entry position for house: Forgotten headquarter (Flat 1, Area 42) (654) does not exist.
[2/8/2012 21:5:37] [Error - HouseTile::__queryDestination] Tile at house entry position for house: Forgotten headquarter (Flat 1, Area 42) (443) does not exist.
[2/8/2012 21:5:41] [Error - HouseTile::__queryDestination] Tile at house entry position for house: Forgotten headquarter (Flat 1, Area 42) (443) does not exist.
[2/8/2012 21:8:6] [Error - HouseTile::__queryDestination] Tile at house entry position for house: Forgotten headquarter (Flat 1, Area 42) (86) does not exist.
[2/8/2012 21:11:5] > Saving server...
[2/8/2012 21:11:13] > SAVE: Complete in 7.848 seconds using binary-tilebased house storage.
[2/8/2012 21:13:16] [Error - HouseTile::__queryDestination] Tile at house entry position for house: Forgotten headquarter (Flat 1, Area 42) (103) does not exist.
[2/8/2012 21:13:46] [Error - HouseTile::__queryDestination] Tile at house entry position for house: Forgotten headquarter (Flat 1, Area 42) (103) does not exist.
[2/8/2012 21:22:18] [Error - HouseTile::__queryDestination] Tile at house entry position for house: Forgotten headquarter (Flat 1, Area 42) (86) does not exist.
[2/8/2012 21:24:17] [Error - HouseTile::__queryDestination] Tile at house entry position for house: Forgotten headquarter (Flat 1, Area 42) (92) does not exist.
[2/8/2012 21:27:37] [Error - HouseTile::__queryDestination] Tile at house entry position for house: Forgotten headquarter (Flat 1, Area 42) (71) does not exist.
[2/8/2012 21:31:45] [Error - HouseTile::__queryDestination] Tile at house entry position for house: Forgotten headquarter (Flat 1, Area 42) (452) does not exist.
[2/8/2012 21:37:0] [Error - HouseTile::__queryDestination] Tile at house entry position for house: Forgotten headquarter (Flat 1, Area 42) (443) does not exist.
[2/8/2012 21:38:33] [Error - HouseTile::__queryDestination] Tile at house entry position for house: Forgotten headquarter (Flat 1, Area 42) (71) does not exist.
[2/8/2012 21:47:28] [Error - HouseTile::__queryDestination] Tile at house entry position for house: Forgotten headquarter (Flat 1, Area 42) (72) does not exist.
[2/8/2012 22:11:5] > Saving server...
[2/8/2012 22:11:15] > SAVE: Complete in 9.252 seconds using binary-tilebased house storage.
[2/8/2012 23:11:5] > Saving server...
[2/8/2012 23:11:14] > SAVE: Complete in 8.379 seconds using binary-tilebased house storage.
[2/8/2012 23:25:54] [Error - HouseTile::__queryDestination] Tile at house entry position for house: Forgotten headquarter (Flat 1, Area 42) (89) does not exist.
[2/8/2012 23:28:5] [Error - HouseTile::__queryDestination] Tile at house entry position for house: Forgotten headquarter (Flat 1, Area 42) (96) does not exist.
[2/8/2012 23:28:48] [Error - HouseTile::__queryDestination] Tile at house entry position for house: Forgotten headquarter (Flat 1, Area 42) (96) does not exist.
[2/8/2012 23:29:10] [Error - HouseTile::__queryDestination] Tile at house entry position for house: Forgotten headquarter (Flat 1, Area 42) (95) does not exist.
[2/8/2012 23:29:47] [Error - HouseTile::__queryDestination] Tile at house entry position for house: Forgotten headquarter (Flat 1, Area 42) (96) does not exist.
[2/8/2012 23:30:11] [Error - HouseTile::__queryDestination] Tile at house entry position for house: Forgotten headquarter (Flat 1, Area 42) (89) does not exist.
[2/8/2012 23:30:37] [Error - HouseTile::__queryDestination] Tile at house entry position for house: Forgotten headquarter (Flat 1, Area 42) (96) does not exist.
[2/8/2012 23:30:56] [Error - HouseTile::__queryDestination] Tile at house entry position for house: Forgotten headquarter (Flat 1, Area 42) (89) does not exist.
[2/8/2012 23:32:44] [Error - HouseTile::__queryDestination] Tile at house entry position for house: Forgotten headquarter (Flat 1, Area 42) (104) does not exist.
[2/8/2012 23:38:24] [Error - HouseTile::__queryDestination] Tile at house entry position for house: Forgotten headquarter (Flat 1, Area 42) (93) does not exist.
[2/8/2012 23:38:49] [Error - HouseTile::__queryDestination] Tile at house entry position for house: Forgotten headquarter (Flat 1, Area 42) (96) does not exist.
[2/8/2012 23:39:43] [Error - HouseTile::__queryDestination] Tile at house entry position for house: Forgotten headquarter (Flat 1, Area 42) (89) does not exist.
[2/8/2012 23:45:37] [Error - HouseTile::__queryDestination] Tile at house entry position for house: Forgotten headquarter (Flat 1, Area 42) (62) does not exist.
[2/8/2012 23:48:0] [Error - HouseTile::__queryDestination] Tile at house entry position for house: Forgotten headquarter (Flat 1, Area 42) (62) does not exist.
[2/8/2012 23:50:52] [Error - HouseTile::__queryDestination] Tile at house entry position for house: Forgotten headquarter (Flat 1, Area 42) (173) does not exist.
[2/8/2012 23:53:26] [Error - HouseTile::__queryDestination] Tile at house entry position for house: Forgotten headquarter (Flat 1, Area 42) (173) does not exist.
[2/8/2012 23:53:54] [Error - HouseTile::__queryDestination] Tile at house entry position for house: Forgotten headquarter (Flat 1, Area 42) (173) does not exist.

[2/8/2012 23:56:38] [Error - Action Interface] 
[2/8/2012 23:56:38] data/actions/scripts/tools/pick.lua:onUse
[2/8/2012 23:56:38] Description: 
[2/8/2012 23:56:38] (luaGetThingFromPos) Tile not found
[2/8/2012 23:58:30] [Error - HouseTile::__queryDestination] Tile at house entry position for house: Forgotten headquarter (Flat 1, Area 42) (62) does not exist.

[3/8/2012 0:9:30] [Error - Action Interface] 
[3/8/2012 0:9:30] data/actions/scripts/tools/rope.lua:onUse
[3/8/2012 0:9:30] Description: 
[3/8/2012 0:9:30] (luaGetThingFromPos) Tile not found
[3/8/2012 0:11:5] > Saving server...
[3/8/2012 0:11:11] > SAVE: Complete in 5.704 seconds using binary-tilebased house storage.
[3/8/2012 0:59:46] [Error - HouseTile::__queryDestination] Tile at house entry position for house: Forgotten headquarter (Flat 1, Area 42) (100) does not exist.
[3/8/2012 1:11:5] > Saving server...
[3/8/2012 1:11:11] > SAVE: Complete in 5.621 seconds using binary-tilebased house storage.
[3/8/2012 1:42:56] [Error - HouseTile::__queryDestination] Tile at house entry position for house: Forgotten headquarter (Flat 1, Area 42) (92) does not exist.
[3/8/2012 1:44:48] [Error - HouseTile::__queryDestination] Tile at house entry position for house: Forgotten headquarter (Flat 1, Area 42) (96) does not exist.

[3/8/2012 1:54:32] [Error - Action Interface] 
[3/8/2012 1:54:32] data/actions/scripts/tools/rope.lua:onUse
[3/8/2012 1:54:32] Description: 
[3/8/2012 1:54:32] (luaGetThingFromPos) Tile not found

[3/8/2012 1:54:33] [Error - Action Interface] 
[3/8/2012 1:54:33] data/actions/scripts/tools/rope.lua:onUse
[3/8/2012 1:54:33] Description: 
[3/8/2012 1:54:33] (luaGetThingFromPos) Tile not found

[3/8/2012 1:54:34] [Error - Action Interface] 
[3/8/2012 1:54:34] data/actions/scripts/tools/rope.lua:onUse
[3/8/2012 1:54:34] Description: 
[3/8/2012 1:54:34] (luaGetThingFromPos) Tile not found

[3/8/2012 1:54:35] [Error - Action Interface] 
[3/8/2012 1:54:35] data/actions/scripts/tools/rope.lua:onUse
[3/8/2012 1:54:35] Description: 
[3/8/2012 1:54:35] (luaGetThingFromPos) Tile not found

[3/8/2012 1:54:36] [Error - Action Interface] 
[3/8/2012 1:54:36] data/actions/scripts/tools/rope.lua:onUse
[3/8/2012 1:54:36] Description: 
[3/8/2012 1:54:36] (luaGetThingFromPos) Tile not found

[3/8/2012 1:54:37] [Error - Action Interface] 
[3/8/2012 1:54:37] data/actions/scripts/tools/rope.lua:onUse
[3/8/2012 1:54:37] Description: 
[3/8/2012 1:54:37] (luaGetThingFromPos) Tile not found

[3/8/2012 1:54:38] [Error - Action Interface] 
[3/8/2012 1:54:38] data/actions/scripts/tools/rope.lua:onUse
[3/8/2012 1:54:38] Description: 
[3/8/2012 1:54:38] (luaGetThingFromPos) Tile not found

[3/8/2012 1:54:39] [Error - Action Interface] 
[3/8/2012 1:54:39] data/actions/scripts/tools/rope.lua:onUse
[3/8/2012 1:54:39] Description: 
[3/8/2012 1:54:39] (luaGetThingFromPos) Tile not found

[3/8/2012 1:54:41] [Error - Action Interface] 
[3/8/2012 1:54:41] data/actions/scripts/tools/rope.lua:onUse
[3/8/2012 1:54:41] Description: 
[3/8/2012 1:54:41] (luaGetThingFromPos) Tile not found

[3/8/2012 1:54:42] [Error - Action Interface] 
[3/8/2012 1:54:42] data/actions/scripts/tools/rope.lua:onUse
[3/8/2012 1:54:42] Description: 
[3/8/2012 1:54:42] (luaGetThingFromPos) Tile not found

[3/8/2012 1:54:43] [Error - Action Interface] 
[3/8/2012 1:54:43] data/actions/scripts/tools/rope.lua:onUse
[3/8/2012 1:54:43] Description: 
[3/8/2012 1:54:43] (luaGetThingFromPos) Tile not found

[3/8/2012 1:54:45] [Error - Action Interface] 
[3/8/2012 1:54:45] data/actions/scripts/tools/rope.lua:onUse
[3/8/2012 1:54:45] Description: 
[3/8/2012 1:54:45] (luaGetThingFromPos) Tile not found

[3/8/2012 1:54:46] [Error - Action Interface] 
[3/8/2012 1:54:46] data/actions/scripts/tools/rope.lua:onUse
[3/8/2012 1:54:46] Description: 
[3/8/2012 1:54:46] (luaGetThingFromPos) Tile not found

[3/8/2012 1:54:47] [Error - Action Interface] 
[3/8/2012 1:54:47] data/actions/scripts/tools/rope.lua:onUse
[3/8/2012 1:54:47] Description: 
[3/8/2012 1:54:47] (luaGetThingFromPos) Tile not found

[3/8/2012 2:4:34] [Error - Action Interface] 
[3/8/2012 2:4:34] data/actions/scripts/tools/rope.lua:onUse
[3/8/2012 2:4:34] Description: 
[3/8/2012 2:4:34] (luaGetThingFromPos) Tile not found
[3/8/2012 2:11:5] > Saving server...
[3/8/2012 2:11:11] > SAVE: Complete in 5.271 seconds using binary-tilebased house storage.

[3/8/2012 2:15:28] [Error - Action Interface] 
[3/8/2012 2:15:28] data/actions/scripts/tools/rope.lua:onUse
[3/8/2012 2:15:28] Description: 
[3/8/2012 2:15:28] (luaGetThingFromPos) Tile not found

[3/8/2012 2:15:29] [Error - Action Interface] 
[3/8/2012 2:15:29] data/actions/scripts/tools/rope.lua:onUse
[3/8/2012 2:15:29] Description: 
[3/8/2012 2:15:29] (luaGetThingFromPos) Tile not found
[3/8/2012 2:37:3] [Error - HouseTile::__queryDestination] Tile at house entry position for house: Forgotten headquarter (Flat 1, Area 42) (86) does not exist.
[3/8/2012 2:57:42] [Error - HouseTile::__queryDestination] Tile at house entry position for house: Forgotten headquarter (Flat 1, Area 42) (103) does not exist.
[3/8/2012 2:58:42] [Error - HouseTile::__queryDestination] Tile at house entry position for house: Forgotten headquarter (Flat 1, Area 42) (103) does not exist.
[3/8/2012 2:58:52] [Error - HouseTile::__queryDestination] Tile at house entry position for house: Forgotten headquarter (Flat 1, Area 42) (103) does not exist.
[3/8/2012 2:59:39] [Error - HouseTile::__queryDestination] Tile at house entry position for house: Forgotten headquarter (Flat 1, Area 42) (103) does not exist.
[3/8/2012 3:0:3] [Error - HouseTile::__queryDestination] Tile at house entry position for house: Forgotten headquarter (Flat 1, Area 42) (100) does not exist.
[3/8/2012 3:11:5] > Saving server...
[3/8/2012 3:11:10] > SAVE: Complete in 4.627 seconds using binary-tilebased house storage.
[3/8/2012 4:8:22] [Warning - Protocol::RSA_decrypt] Not valid packet size (IP: 189.1.131.109)
[3/8/2012 4:10:18] [Error - HouseTile::__queryDestination] Tile at house entry position for house: Forgotten headquarter (Flat 1, Area 42) (86) does not exist.
[3/8/2012 4:11:5] > Saving server...
[3/8/2012 4:11:10] > SAVE: Complete in 4.15 seconds using binary-tilebased house storage.
[3/8/2012 4:21:36] [Error - HouseTile::__queryDestination] Tile at house entry position for house: Forgotten headquarter (Flat 1, Area 42) (96) does not exist.
[3/8/2012 5:11:5] > Saving server...
[3/8/2012 5:11:9] > SAVE: Complete in 3.293 seconds using binary-tilebased house storage.
[3/8/2012 6:11:5] > Saving server...
[3/8/2012 6:11:9] > SAVE: Complete in 3.451 seconds using binary-tilebased house storage.
[3/8/2012 7:11:6] > Saving server...
[3/8/2012 7:11:10] > SAVE: Complete in 4.569 seconds using binary-tilebased house storage.
[3/8/2012 7:43:37] > Broadcasted message: "A terra treme em Quendor. Alerta vermelho!".
[3/8/2012 7:44:37] > Broadcasted message: "Rotworms! Estas antigas criaturas estão subindo para a planicie novamente!".
[3/8/2012 7:45:17] > Broadcasted message: "Quendor está sob uma infestação de Rotworms!".
[3/8/2012 8:11:6] > Saving server...
[3/8/2012 8:11:10] > SAVE: Complete in 4.288 seconds using binary-tilebased house storage.
[3/8/2012 9:11:6] > Saving server...
[3/8/2012 9:11:11] > SAVE: Complete in 5.038 seconds using binary-tilebased house storage.
[3/8/2012 9:52:58] [Error - HouseTile::__queryDestination] Tile at house entry position for house: Forgotten headquarter (Flat 1, Area 42) (452) does not exist.
[3/8/2012 10:0:16] > Paying houses...
[3/8/2012 10:0:17] Houses paid in 0.657 seconds.
[3/8/2012 10:0:17] > Saving server...
[3/8/2012 10:0:17] > SAVE: Complete in 0.387 seconds using binary-tilebased house storage.
[3/8/2012 10:0:18] Preparing to shutdown the server- done.
