[3/9/2012 10:9:2] > Using MD5 encryption
[3/9/2012 10:9:2] >> Loading RSA key
[3/9/2012 10:9:2] >> Starting SQL connection

[3/9/2012 10:9:2] > WARNING: Outdated MySQL server detected, consider upgrading to a newer version.
[3/9/2012 10:9:2] >> Running Database Manager
[3/9/2012 10:9:2] >> Loading items (OTB)
[3/9/2012 10:9:2] >> Loading items (XML)
[3/9/2012 10:9:2] [Warning - Items::loadFromXml] Unknown key value blocksolid
[3/9/2012 10:9:2] [Warning - Items::loadFromXml] Unknown key value blocksolid
[3/9/2012 10:9:2] >> Loading groups
[3/9/2012 10:9:2] >> Loading vocations
[3/9/2012 10:9:2] >> Loading outfits
[3/9/2012 10:9:2] >> Loading chat channels
[3/9/2012 10:9:3] >> Loading script systems
[3/9/2012 10:9:4] [Warning - Event::loadScript] Event onTime not found (data/globalevents/scripts/clean.lua)
[3/9/2012 10:9:4] >> Loading mods...
[3/9/2012 10:9:4] > 0 mods were loaded.
[3/9/2012 10:9:4] >> Loading experience stages
[3/9/2012 10:9:4] >> Loading monsters
[3/9/2012 10:9:6] [Warning - Monsters::deserializeSpell] Frost Dragon - Unknown areaEffect: smallice
[3/9/2012 10:9:7] >> Loading map and spawns...
[3/9/2012 10:9:11] > Map size: 5000x5000.
[3/9/2012 10:9:11] > Map descriptions: 
[3/9/2012 10:9:11] "Saved with Remere's Map Editor 2.2"
[3/9/2012 10:9:11] "SimOne MapEditor 0.5.5"
[3/9/2012 10:9:12] [Warning - IOMap::loadMap] Movable item in house: 517, item type: 2741, pos 1070/1121/6
[3/9/2012 10:9:12] [Warning - IOMap::loadMap] Movable item in house: 518, item type: 2741, pos 1070/1129/6
[3/9/2012 10:9:12] [Warning - IOMap::loadMap] Movable item in house: 517, item type: 2741, pos 1073/1121/6
[3/9/2012 10:9:12] [Warning - IOMap::loadMap] Movable item in house: 518, item type: 2741, pos 1073/1129/6
[3/9/2012 10:9:13] Duplicate uniqueId 6401
[3/9/2012 10:9:13] Duplicate uniqueId 6401
[3/9/2012 10:9:16] Duplicate uniqueId 6401
[3/9/2012 10:9:16] Duplicate uniqueId 6401
[3/9/2012 10:9:16] Duplicate uniqueId 6401
[3/9/2012 10:9:16] Duplicate uniqueId 6401
[3/9/2012 10:9:21] Duplicate uniqueId 6401
[3/9/2012 10:9:21] Duplicate uniqueId 6401
[3/9/2012 10:9:23] Duplicate uniqueId 2004
[3/9/2012 10:9:23] Duplicate uniqueId 2005
[3/9/2012 10:9:23] Duplicate uniqueId 2006
[3/9/2012 10:9:23] Duplicate uniqueId 2007
[3/9/2012 10:9:27] Duplicate uniqueId 6401
[3/9/2012 10:9:27] Duplicate uniqueId 6401
[3/9/2012 10:9:27] Duplicate uniqueId 6401
[3/9/2012 10:9:28] Duplicate uniqueId 6400
[3/9/2012 10:9:28] Duplicate uniqueId 6401
[3/9/2012 10:9:28] Duplicate uniqueId 2056
[3/9/2012 10:9:28] Duplicate uniqueId 2057
[3/9/2012 10:9:28] Duplicate uniqueId 2058
[3/9/2012 10:9:28] Duplicate uniqueId 2051
[3/9/2012 10:9:28] Duplicate uniqueId 2052
[3/9/2012 10:9:28] Duplicate uniqueId 2053
[3/9/2012 10:9:28] Duplicate uniqueId 2054
[3/9/2012 10:9:28] > Map loading time: 21.881 seconds.
[3/9/2012 10:9:29] [Spawn::addMonster] Cannot find "Butterfly"
[3/9/2012 10:9:29] [Spawn::addMonster] Cannot find "Butterfly"
[3/9/2012 10:9:30] > Data parsing time: 1.366 seconds.
[3/9/2012 10:9:45] > Houses synchronization time: 15.315 seconds.
[3/9/2012 10:9:45] > Content unserialization time: 0.129 seconds.
[3/9/2012 10:9:45] >> Checking world type... Open PvP
[3/9/2012 10:9:45] >> Initializing game state and binding services...
[3/9/2012 10:9:48] > Global IP address: 184.173.128.212
[3/9/2012 10:9:48] > Bound ports: 7577	7578	9215	
[3/9/2012 10:9:48] >> Everything smells good, server is starting up...
[3/9/2012 10:9:48] [DDOS EMERGENCY] Enabled>> UltraX server Online!
[3/9/2012 10:9:48] [DDOS EMERGENCY] Enabled>> UltraX server Online!


[3/9/2012 10:16:51] [Error - NpcScript Interface] 
[3/9/2012 10:16:51] (Unknown script file)
[3/9/2012 10:16:51] Description: 
[3/9/2012 10:16:51] attempt to call a nil value
[3/9/2012 10:16:51] stack traceback:

[3/9/2012 10:32:29] [Error - NpcScript Interface] 
[3/9/2012 10:32:29] (Unknown script file)
[3/9/2012 10:32:29] Description: 
[3/9/2012 10:32:29] attempt to call a nil value
[3/9/2012 10:32:29] stack traceback:

[3/9/2012 11:4:1] [Error - NpcScript Interface] 
[3/9/2012 11:4:1] (Unknown script file)
[3/9/2012 11:4:1] Description: 
[3/9/2012 11:4:1] attempt to call a nil value
[3/9/2012 11:4:1] stack traceback:
[3/9/2012 11:11:4] > Saving server...
[3/9/2012 11:11:7] > SAVE: Complete in 2.967 seconds using binary-tilebased house storage.

[3/9/2012 11:32:38] [Error - NpcScript Interface] 
[3/9/2012 11:32:38] (Unknown script file)
[3/9/2012 11:32:38] Description: 
[3/9/2012 11:32:38] attempt to call a nil value
[3/9/2012 11:32:38] stack traceback:
[3/9/2012 11:32:38] 	[C]: in function 'closeShopWindow'
[3/9/2012 11:32:38] 	data/npc/lib/npcsystem/npchandler.lua:225: in function 'releaseFocus'
[3/9/2012 11:32:38] 	data/npc/lib/npcsystem/npchandler.lua:591: in function 'onWalkAway'
[3/9/2012 11:32:38] 	data/npc/lib/npcsystem/npchandler.lua:523: in function 'onThink'
[3/9/2012 11:32:38] 	data/npc/scripts/game/default.lua:9: in function <data/npc/scripts/game/default.lua:9>

[3/9/2012 11:34:0] [Error - NpcScript Interface] 
[3/9/2012 11:34:0] (Unknown script file)
[3/9/2012 11:34:0] Description: 
[3/9/2012 11:34:0] attempt to call a nil value
[3/9/2012 11:34:0] stack traceback:

[3/9/2012 11:44:18] [Error - NpcScript Interface] 
[3/9/2012 11:44:18] (Unknown script file)
[3/9/2012 11:44:18] Description: 
[3/9/2012 11:44:18] attempt to call a nil value
[3/9/2012 11:44:18] stack traceback:
[3/9/2012 11:44:18] 	[C]: in function 'closeShopWindow'
[3/9/2012 11:44:18] 	data/npc/lib/npcsystem/npchandler.lua:225: in function 'releaseFocus'
[3/9/2012 11:44:18] 	data/npc/lib/npcsystem/npchandler.lua:591: in function 'onWalkAway'
[3/9/2012 11:44:18] 	data/npc/lib/npcsystem/npchandler.lua:523: in function 'onThink'
[3/9/2012 11:44:18] 	data/npc/scripts/game/default.lua:9: in function <data/npc/scripts/game/default.lua:9>

[3/9/2012 11:49:57] [Error - NpcScript Interface] 
[3/9/2012 11:49:57] (Unknown script file)
[3/9/2012 11:49:57] Description: 
[3/9/2012 11:49:57] attempt to call a nil value
[3/9/2012 11:49:57] stack traceback:
[3/9/2012 11:49:57] 	[C]: in function 'closeShopWindow'
[3/9/2012 11:49:57] 	data/npc/lib/npcsystem/npchandler.lua:225: in function 'releaseFocus'
[3/9/2012 11:49:57] 	data/npc/lib/npcsystem/npchandler.lua:591: in function 'onWalkAway'
[3/9/2012 11:49:57] 	data/npc/lib/npcsystem/npchandler.lua:523: in function 'onThink'
[3/9/2012 11:49:57] 	data/npc/scripts/game/bless/bless4.lua:9: in function <data/npc/scripts/game/bless/bless4.lua:9>

[3/9/2012 12:0:5] [Error - NpcScript Interface] 
[3/9/2012 12:0:5] (Unknown script file)
[3/9/2012 12:0:5] Description: 
[3/9/2012 12:0:5] attempt to call a nil value
[3/9/2012 12:0:5] stack traceback:
[3/9/2012 12:0:5] 	[C]: in function 'closeShopWindow'
[3/9/2012 12:0:5] 	data/npc/lib/npcsystem/npchandler.lua:225: in function 'releaseFocus'
[3/9/2012 12:0:5] 	data/npc/lib/npcsystem/npchandler.lua:591: in function 'onWalkAway'
[3/9/2012 12:0:5] 	data/npc/lib/npcsystem/npchandler.lua:523: in function 'onThink'
[3/9/2012 12:0:5] 	data/npc/scripts/game/default.lua:9: in function <data/npc/scripts/game/default.lua:9>
[3/9/2012 12:11:5] > Saving server...
[3/9/2012 12:11:8] > SAVE: Complete in 3.859 seconds using binary-tilebased house storage.

[3/9/2012 12:16:32] [Error - NpcScript Interface] 
[3/9/2012 12:16:32] (Unknown script file)
[3/9/2012 12:16:32] Description: 
[3/9/2012 12:16:32] attempt to call a nil value
[3/9/2012 12:16:32] stack traceback:
[3/9/2012 12:16:32] 	[C]: in function 'closeShopWindow'
[3/9/2012 12:16:32] 	data/npc/lib/npcsystem/npchandler.lua:225: in function 'releaseFocus'
[3/9/2012 12:16:32] 	data/npc/lib/npcsystem/npchandler.lua:363: in function 'unGreet'
[3/9/2012 12:16:32] 	data/npc/lib/npcsystem/npchandler.lua:576: in function 'onFarewell'
[3/9/2012 12:16:32] 	data/npc/lib/npcsystem/modules.lua:251: in function 'callback'
[3/9/2012 12:16:32] 	data/npc/lib/npcsystem/keywordhandler.lua:41: in function 'processMessage'
[3/9/2012 12:16:32] 	data/npc/lib/npcsystem/keywordhandler.lua:181: in function 'processNodeMessage'
[3/9/2012 12:16:32] 	data/npc/lib/npcsystem/keywordhandler.lua:140: in function 'processMessage'
[3/9/2012 12:16:32] 	data/npc/lib/npcsystem/npchandler.lua:423: in function 'onCreatureSay'
[3/9/2012 12:16:32] 	data/npc/scripts/game/rashid.lua:8: in function <data/npc/scripts/game/rashid.lua:8>

[3/9/2012 12:19:43] [Error - NpcScript Interface] 
[3/9/2012 12:19:43] (Unknown script file)
[3/9/2012 12:19:43] Description: 
[3/9/2012 12:19:43] attempt to call a nil value
[3/9/2012 12:19:43] stack traceback:

[3/9/2012 12:36:13] [Error - NpcScript Interface] 
[3/9/2012 12:36:13] (Unknown script file)
[3/9/2012 12:36:13] Description: 
[3/9/2012 12:36:13] attempt to call a nil value
[3/9/2012 12:36:13] stack traceback:

[3/9/2012 12:47:27] [Error - MoveEvents Interface] 
[3/9/2012 12:47:27] In a timer event called from: 
[3/9/2012 12:47:27] data/movements/scripts/game/teleport.lua:onStepIn
[3/9/2012 12:47:27] Description: 
[3/9/2012 12:47:27] (luaDoPlayerSendTextMessage) Player not found

[3/9/2012 12:47:27] [Error - MoveEvents Interface] 
[3/9/2012 12:47:27] In a timer event called from: 
[3/9/2012 12:47:27] data/movements/scripts/game/teleport.lua:onStepIn
[3/9/2012 12:47:27] Description: 
[3/9/2012 12:47:27] (luaDoTeleportThing) Thing not found

[3/9/2012 12:47:27] [Error - MoveEvents Interface] 
[3/9/2012 12:47:27] In a timer event called from: 
[3/9/2012 12:47:27] data/movements/scripts/game/teleport.lua:onStepIn
[3/9/2012 12:47:27] Description: 
[3/9/2012 12:47:27] (luaGetThingPosition) Thing not found

[3/9/2012 12:47:27] [Error - MoveEvents Interface] 
[3/9/2012 12:47:27] In a timer event called from: 
[3/9/2012 12:47:27] data/movements/scripts/game/teleport.lua:onStepIn
[3/9/2012 12:47:27] Description: 
[3/9/2012 12:47:27] (luaGetCreatureStorage) Creature not found

[3/9/2012 12:47:27] [Error - MoveEvents Interface] 
[3/9/2012 12:47:27] In a timer event called from: 
[3/9/2012 12:47:27] data/movements/scripts/game/teleport.lua:onStepIn
[3/9/2012 12:47:27] Description: 
[3/9/2012 12:47:27] (luaGetCreatureStorage) Creature not found

[3/9/2012 12:47:27] [Error - MoveEvents Interface] 
[3/9/2012 12:47:27] In a timer event called from: 
[3/9/2012 12:47:27] data/movements/scripts/game/teleport.lua:onStepIn
[3/9/2012 12:47:27] Description: 
[3/9/2012 12:47:27] data/lib/darghos/arena.lua:138: attempt to index field '?' (a nil value)
[3/9/2012 12:47:27] stack traceback:
[3/9/2012 12:47:27] 	data/lib/darghos/arena.lua:138: in function 'onLeave'
[3/9/2012 12:47:27] 	data/lib/darghos/arena.lua:186: in function <data/lib/darghos/arena.lua:181>

[3/9/2012 12:58:13] [Error - NpcScript Interface] 
[3/9/2012 12:58:13] (Unknown script file)
[3/9/2012 12:58:13] Description: 
[3/9/2012 12:58:13] attempt to call a nil value
[3/9/2012 12:58:13] stack traceback:
[3/9/2012 12:58:13] 	[C]: in function 'closeShopWindow'
[3/9/2012 12:58:13] 	data/npc/lib/npcsystem/npchandler.lua:225: in function 'releaseFocus'
[3/9/2012 12:58:13] 	data/npc/lib/npcsystem/npchandler.lua:591: in function 'onWalkAway'
[3/9/2012 12:58:13] 	data/npc/lib/npcsystem/npchandler.lua:523: in function 'onThink'
[3/9/2012 12:58:13] 	data/npc/scripts/game/blacksmith.lua:9: in function <data/npc/scripts/game/blacksmith.lua:9>
[3/9/2012 13:11:5] > Saving server...
[3/9/2012 13:11:8] > SAVE: Complete in 3.382 seconds using binary-tilebased house storage.

[3/9/2012 13:14:32] [Error - NpcScript Interface] 
[3/9/2012 13:14:32] (Unknown script file)
[3/9/2012 13:14:32] Description: 
[3/9/2012 13:14:32] attempt to call a nil value
[3/9/2012 13:14:32] stack traceback:

[3/9/2012 13:15:24] [Error - NpcScript Interface] 
[3/9/2012 13:15:24] (Unknown script file)
[3/9/2012 13:15:24] Description: 
[3/9/2012 13:15:24] attempt to call a nil value
[3/9/2012 13:15:24] stack traceback:

[3/9/2012 13:46:38] [Error - NpcScript Interface] 
[3/9/2012 13:46:38] (Unknown script file)
[3/9/2012 13:46:38] Description: 
[3/9/2012 13:46:38] attempt to call a nil value
[3/9/2012 13:46:38] stack traceback:
[3/9/2012 13:46:38] 	[C]: in function 'closeShopWindow'
[3/9/2012 13:46:38] 	data/npc/lib/npcsystem/npchandler.lua:225: in function 'releaseFocus'
[3/9/2012 13:46:38] 	data/npc/lib/npcsystem/npchandler.lua:591: in function 'onWalkAway'
[3/9/2012 13:46:38] 	data/npc/lib/npcsystem/npchandler.lua:523: in function 'onThink'
[3/9/2012 13:46:38] 	data/npc/scripts/game/default.lua:9: in function <data/npc/scripts/game/default.lua:9>
[3/9/2012 14:11:5] > Saving server...
[3/9/2012 14:11:8] > SAVE: Complete in 3.496 seconds using binary-tilebased house storage.

[3/9/2012 14:17:40] [Error - Spell Interface] 
[3/9/2012 14:17:40] data/spells/scripts/support/destroy_field_rune.lua:onCastSpell
[3/9/2012 14:17:40] Description: 
[3/9/2012 14:17:40] (luaDoRemoveItem) Item not found

[3/9/2012 14:17:47] [Error - Spell Interface] 
[3/9/2012 14:17:47] data/spells/scripts/support/destroy_field_rune.lua:onCastSpell
[3/9/2012 14:17:47] Description: 
[3/9/2012 14:17:47] (luaDoRemoveItem) Item not found

[3/9/2012 14:56:36] [Error - NpcScript Interface] 
[3/9/2012 14:56:36] (Unknown script file)
[3/9/2012 14:56:36] Description: 
[3/9/2012 14:56:36] attempt to call a nil value
[3/9/2012 14:56:36] stack traceback:
[3/9/2012 14:56:36] 	[C]: in function 'closeShopWindow'
[3/9/2012 14:56:36] 	data/npc/lib/npcsystem/npchandler.lua:225: in function 'releaseFocus'
[3/9/2012 14:56:36] 	data/npc/lib/npcsystem/npchandler.lua:591: in function 'onWalkAway'
[3/9/2012 14:56:36] 	data/npc/lib/npcsystem/npchandler.lua:523: in function 'onThink'
[3/9/2012 14:56:36] 	data/npc/scripts/game/bless/bless4.lua:9: in function <data/npc/scripts/game/bless/bless4.lua:9>

[3/9/2012 15:11:2] [Error - NpcScript Interface] 
[3/9/2012 15:11:2] (Unknown script file)
[3/9/2012 15:11:2] Description: 
[3/9/2012 15:11:2] attempt to call a nil value
[3/9/2012 15:11:2] stack traceback:
[3/9/2012 15:11:5] > Saving server...
[3/9/2012 15:11:9] > SAVE: Complete in 4.077 seconds using binary-tilebased house storage.

[3/9/2012 15:57:32] [Error - NpcScript Interface] 
[3/9/2012 15:57:32] (Unknown script file)
[3/9/2012 15:57:32] Description: 
[3/9/2012 15:57:32] attempt to call a nil value
[3/9/2012 15:57:32] stack traceback:
[3/9/2012 15:57:32] 	[C]: in function 'closeShopWindow'
[3/9/2012 15:57:32] 	data/npc/lib/npcsystem/npchandler.lua:225: in function 'releaseFocus'
[3/9/2012 15:57:32] 	data/npc/lib/npcsystem/npchandler.lua:591: in function 'onWalkAway'
[3/9/2012 15:57:32] 	data/npc/lib/npcsystem/npchandler.lua:523: in function 'onThink'
[3/9/2012 15:57:32] 	data/npc/scripts/game/default.lua:9: in function <data/npc/scripts/game/default.lua:9>
[3/9/2012 16:11:5] > Saving server...
[3/9/2012 16:11:10] > SAVE: Complete in 4.845 seconds using binary-tilebased house storage.
[3/9/2012 16:15:47] > Broadcasted message: "Um estranho exercito de Goblins está a fazer baderna no portão ao Oeste de Quendor! Mostrem a nossa força a estas pateticas criaturas!".

[3/9/2012 16:24:13] [Error - NpcScript Interface] 
[3/9/2012 16:24:13] (Unknown script file)
[3/9/2012 16:24:13] Description: 
[3/9/2012 16:24:13] attempt to call a nil value
[3/9/2012 16:24:13] stack traceback:
[3/9/2012 16:24:13] 	[C]: in function 'closeShopWindow'
[3/9/2012 16:24:13] 	data/npc/lib/npcsystem/npchandler.lua:225: in function 'releaseFocus'
[3/9/2012 16:24:13] 	data/npc/lib/npcsystem/npchandler.lua:591: in function 'onWalkAway'
[3/9/2012 16:24:13] 	data/npc/lib/npcsystem/npchandler.lua:523: in function 'onThink'
[3/9/2012 16:24:13] 	data/npc/scripts/game/default.lua:9: in function <data/npc/scripts/game/default.lua:9>

[3/9/2012 16:31:28] [Error - CreatureScript Interface] 
[3/9/2012 16:31:28] data/creaturescripts/scripts/game/inquisition.lua:onKill
[3/9/2012 16:31:28] Description: 
[3/9/2012 16:31:28] (luaAddEvent) Callback parameter should be a function.

[3/9/2012 16:31:28] [Error - CreatureScript Interface] 
[3/9/2012 16:31:28] data/creaturescripts/scripts/game/inquisition.lua:onKill
[3/9/2012 16:31:28] Description: 
[3/9/2012 16:31:28] (luaAddEvent) Callback parameter should be a function.

[3/9/2012 16:31:28] [Error - CreatureScript Interface] 
[3/9/2012 16:31:28] data/creaturescripts/scripts/game/inquisition.lua:onKill
[3/9/2012 16:31:28] Description: 
[3/9/2012 16:31:28] (luaAddEvent) Callback parameter should be a function.

[3/9/2012 16:31:28] [Error - CreatureScript Interface] 
[3/9/2012 16:31:28] data/creaturescripts/scripts/game/inquisition.lua:onKill
[3/9/2012 16:31:28] Description: 
[3/9/2012 16:31:28] (luaAddEvent) Callback parameter should be a function.

[3/9/2012 16:31:28] [Error - CreatureScript Interface] 
[3/9/2012 16:31:28] data/creaturescripts/scripts/game/inquisition.lua:onKill
[3/9/2012 16:31:28] Description: 
[3/9/2012 16:31:28] (luaAddEvent) Callback parameter should be a function.

[3/9/2012 16:31:28] [Error - CreatureScript Interface] 
[3/9/2012 16:31:28] data/creaturescripts/scripts/game/inquisition.lua:onKill
[3/9/2012 16:31:28] Description: 
[3/9/2012 16:31:28] (luaAddEvent) Callback parameter should be a function.

[3/9/2012 16:31:28] [Error - CreatureScript Interface] 
[3/9/2012 16:31:28] data/creaturescripts/scripts/game/inquisition.lua:onKill
[3/9/2012 16:31:28] Description: 
[3/9/2012 16:31:28] (luaAddEvent) Callback parameter should be a function.

[3/9/2012 16:41:51] [Error - NpcScript Interface] 
[3/9/2012 16:41:51] (Unknown script file)
[3/9/2012 16:41:51] Description: 
[3/9/2012 16:41:51] attempt to call a nil value
[3/9/2012 16:41:51] stack traceback:
[3/9/2012 17:11:5] > Saving server...
[3/9/2012 17:11:8] > SAVE: Complete in 3.522 seconds using binary-tilebased house storage.
[3/9/2012 17:35:2] [Warning - Protocol::RSA_decrypt] Not valid packet size (IP: 189.46.82.150)

[3/9/2012 17:57:26] [Error - NpcScript Interface] 
[3/9/2012 17:57:26] (Unknown script file)
[3/9/2012 17:57:26] Description: 
[3/9/2012 17:57:26] attempt to call a nil value
[3/9/2012 17:57:26] stack traceback:
[3/9/2012 17:57:26] 	[C]: in function 'closeShopWindow'
[3/9/2012 17:57:26] 	data/npc/lib/npcsystem/npchandler.lua:225: in function 'releaseFocus'
[3/9/2012 17:57:26] 	data/npc/lib/npcsystem/npchandler.lua:591: in function 'onWalkAway'
[3/9/2012 17:57:26] 	data/npc/lib/npcsystem/npchandler.lua:523: in function 'onThink'
[3/9/2012 17:57:26] 	data/npc/scripts/game/default.lua:9: in function <data/npc/scripts/game/default.lua:9>

[3/9/2012 18:10:30] [Error - NpcScript Interface] 
[3/9/2012 18:10:30] (Unknown script file)
[3/9/2012 18:10:30] Description: 
[3/9/2012 18:10:30] attempt to call a nil value
[3/9/2012 18:10:30] stack traceback:
[3/9/2012 18:11:5] > Saving server...
[3/9/2012 18:11:11] > SAVE: Complete in 6.375 seconds using binary-tilebased house storage.

[3/9/2012 18:26:32] [Error - NpcScript Interface] 
[3/9/2012 18:26:32] (Unknown script file)
[3/9/2012 18:26:32] Description: 
[3/9/2012 18:26:32] attempt to call a nil value
[3/9/2012 18:26:32] stack traceback:
[3/9/2012 18:26:32] 	[C]: in function 'closeShopWindow'
[3/9/2012 18:26:32] 	data/npc/lib/npcsystem/npchandler.lua:225: in function 'releaseFocus'
[3/9/2012 18:26:32] 	data/npc/lib/npcsystem/npchandler.lua:591: in function 'onWalkAway'
[3/9/2012 18:26:32] 	data/npc/lib/npcsystem/npchandler.lua:523: in function 'onThink'
[3/9/2012 18:26:32] 	data/npc/scripts/game/default.lua:9: in function <data/npc/scripts/game/default.lua:9>
[3/9/2012 18:30:10] [Warning - Protocol::RSA_decrypt] Not valid packet size (IP: 208.115.213.131)
[3/9/2012 19:11:5] > Saving server...
[3/9/2012 19:11:12] > SAVE: Complete in 7.014 seconds using binary-tilebased house storage.

[3/9/2012 19:13:14] [Error - Spell Interface] 
[3/9/2012 19:13:14] data/spells/scripts/support/destroy_field_rune.lua:onCastSpell
[3/9/2012 19:13:14] Description: 
[3/9/2012 19:13:14] (luaDoRemoveItem) Item not found

[3/9/2012 19:41:43] [Error - NpcScript Interface] 
[3/9/2012 19:41:43] (Unknown script file)
[3/9/2012 19:41:43] Description: 
[3/9/2012 19:41:43] attempt to call a nil value
[3/9/2012 19:41:43] stack traceback:
[3/9/2012 19:41:43] 	[C]: in function 'closeShopWindow'
[3/9/2012 19:41:43] 	data/npc/lib/npcsystem/npchandler.lua:225: in function 'releaseFocus'
[3/9/2012 19:41:43] 	data/npc/lib/npcsystem/npchandler.lua:591: in function 'onWalkAway'
[3/9/2012 19:41:43] 	data/npc/lib/npcsystem/npchandler.lua:523: in function 'onThink'
[3/9/2012 19:41:43] 	data/npc/scripts/game/default.lua:9: in function <data/npc/scripts/game/default.lua:9>

[3/9/2012 19:41:51] [Error - NpcScript Interface] 
[3/9/2012 19:41:51] (Unknown script file)
[3/9/2012 19:41:51] Description: 
[3/9/2012 19:41:51] attempt to call a nil value
[3/9/2012 19:41:51] stack traceback:

[3/9/2012 19:42:4] [Error - NpcScript Interface] 
[3/9/2012 19:42:4] (Unknown script file)
[3/9/2012 19:42:4] Description: 
[3/9/2012 19:42:4] attempt to call a nil value
[3/9/2012 19:42:4] stack traceback:
[3/9/2012 19:42:4] 	[C]: in function 'closeShopWindow'
[3/9/2012 19:42:4] 	data/npc/lib/npcsystem/npchandler.lua:225: in function 'releaseFocus'
[3/9/2012 19:42:4] 	data/npc/lib/npcsystem/npchandler.lua:591: in function 'onWalkAway'
[3/9/2012 19:42:4] 	data/npc/lib/npcsystem/npchandler.lua:523: in function 'onThink'
[3/9/2012 19:42:4] 	data/npc/scripts/game/default.lua:9: in function <data/npc/scripts/game/default.lua:9>

[3/9/2012 19:56:23] [Error - NpcScript Interface] 
[3/9/2012 19:56:23] (Unknown script file)
[3/9/2012 19:56:23] Description: 
[3/9/2012 19:56:23] attempt to call a nil value
[3/9/2012 19:56:23] stack traceback:
[3/9/2012 19:56:23] 	[C]: in function 'closeShopWindow'
[3/9/2012 19:56:23] 	data/npc/lib/npcsystem/npchandler.lua:225: in function 'releaseFocus'
[3/9/2012 19:56:23] 	data/npc/lib/npcsystem/npchandler.lua:591: in function 'onWalkAway'
[3/9/2012 19:56:23] 	data/npc/lib/npcsystem/npchandler.lua:523: in function 'onThink'
[3/9/2012 19:56:23] 	data/npc/scripts/game/default.lua:9: in function <data/npc/scripts/game/default.lua:9>
[3/9/2012 20:11:5] > Saving server...
[3/9/2012 20:11:12] > SAVE: Complete in 7.609 seconds using binary-tilebased house storage.

[3/9/2012 20:24:31] [Error - NpcScript Interface] 
[3/9/2012 20:24:31] (Unknown script file)
[3/9/2012 20:24:31] Description: 
[3/9/2012 20:24:31] attempt to call a nil value
[3/9/2012 20:24:31] stack traceback:

[3/9/2012 20:25:18] [Error - NpcScript Interface] 
[3/9/2012 20:25:18] (Unknown script file)
[3/9/2012 20:25:18] Description: 
[3/9/2012 20:25:18] attempt to call a nil value
[3/9/2012 20:25:18] stack traceback:

[3/9/2012 20:28:16] [Error - NpcScript Interface] 
[3/9/2012 20:28:16] (Unknown script file)
[3/9/2012 20:28:16] Description: 
[3/9/2012 20:28:16] attempt to call a nil value
[3/9/2012 20:28:16] stack traceback:
[3/9/2012 20:28:16] 	[C]: in function 'closeShopWindow'
[3/9/2012 20:28:16] 	data/npc/lib/npcsystem/npchandler.lua:225: in function 'releaseFocus'
[3/9/2012 20:28:16] 	data/npc/lib/npcsystem/npchandler.lua:591: in function 'onWalkAway'
[3/9/2012 20:28:16] 	data/npc/lib/npcsystem/npchandler.lua:523: in function 'onThink'
[3/9/2012 20:28:16] 	data/npc/scripts/game/blacksmith.lua:9: in function <data/npc/scripts/game/blacksmith.lua:9>

[3/9/2012 20:31:5] [Error - NpcScript Interface] 
[3/9/2012 20:31:5] (Unknown script file)
[3/9/2012 20:31:5] Description: 
[3/9/2012 20:31:5] attempt to call a nil value
[3/9/2012 20:31:5] stack traceback:
[3/9/2012 20:31:5] 	[C]: in function 'closeShopWindow'
[3/9/2012 20:31:5] 	data/npc/lib/npcsystem/npchandler.lua:225: in function 'releaseFocus'
[3/9/2012 20:31:5] 	data/npc/lib/npcsystem/npchandler.lua:591: in function 'onWalkAway'
[3/9/2012 20:31:5] 	data/npc/lib/npcsystem/npchandler.lua:523: in function 'onThink'
[3/9/2012 20:31:5] 	data/npc/scripts/game/blacksmith.lua:9: in function <data/npc/scripts/game/blacksmith.lua:9>

[3/9/2012 20:37:22] [Error - NpcScript Interface] 
[3/9/2012 20:37:22] (Unknown script file)
[3/9/2012 20:37:22] Description: 
[3/9/2012 20:37:22] attempt to call a nil value
[3/9/2012 20:37:22] stack traceback:
[3/9/2012 20:37:22] 	[C]: in function 'closeShopWindow'
[3/9/2012 20:37:22] 	data/npc/lib/npcsystem/npchandler.lua:225: in function 'releaseFocus'
[3/9/2012 20:37:22] 	data/npc/lib/npcsystem/npchandler.lua:591: in function 'onWalkAway'
[3/9/2012 20:37:22] 	data/npc/lib/npcsystem/npchandler.lua:523: in function 'onThink'
[3/9/2012 20:37:22] 	data/npc/scripts/game/blacksmith.lua:9: in function <data/npc/scripts/game/blacksmith.lua:9>

[3/9/2012 20:50:31] [Error - NpcScript Interface] 
[3/9/2012 20:50:31] (Unknown script file)
[3/9/2012 20:50:31] Description: 
[3/9/2012 20:50:31] attempt to call a nil value
[3/9/2012 20:50:31] stack traceback:

[3/9/2012 20:57:6] [Error - NpcScript Interface] 
[3/9/2012 20:57:6] (Unknown script file)
[3/9/2012 20:57:6] Description: 
[3/9/2012 20:57:6] attempt to call a nil value
[3/9/2012 20:57:6] stack traceback:
[3/9/2012 20:57:6] 	[C]: in function 'closeShopWindow'
[3/9/2012 20:57:6] 	data/npc/lib/npcsystem/npchandler.lua:225: in function 'releaseFocus'
[3/9/2012 20:57:6] 	data/npc/lib/npcsystem/npchandler.lua:591: in function 'onWalkAway'
[3/9/2012 20:57:6] 	data/npc/lib/npcsystem/npchandler.lua:523: in function 'onThink'
[3/9/2012 20:57:6] 	data/npc/scripts/game/default.lua:9: in function <data/npc/scripts/game/default.lua:9>
[3/9/2012 21:11:5] > Saving server...
[3/9/2012 21:11:13] > SAVE: Complete in 8.112 seconds using binary-tilebased house storage.

[3/9/2012 21:13:39] [Error - NpcScript Interface] 
[3/9/2012 21:13:39] (Unknown script file)
[3/9/2012 21:13:39] Description: 
[3/9/2012 21:13:39] attempt to call a nil value
[3/9/2012 21:13:39] stack traceback:

[3/9/2012 21:24:58] [Error - NpcScript Interface] 
[3/9/2012 21:24:58] (Unknown script file)
[3/9/2012 21:24:58] Description: 
[3/9/2012 21:24:58] attempt to call a nil value
[3/9/2012 21:24:58] stack traceback:
[3/9/2012 21:24:58] 	[C]: in function 'closeShopWindow'
[3/9/2012 21:24:58] 	data/npc/lib/npcsystem/npchandler.lua:225: in function 'releaseFocus'
[3/9/2012 21:24:58] 	data/npc/lib/npcsystem/npchandler.lua:591: in function 'onWalkAway'
[3/9/2012 21:24:58] 	data/npc/lib/npcsystem/npchandler.lua:523: in function 'onThink'
[3/9/2012 21:24:58] 	data/npc/scripts/game/default.lua:9: in function <data/npc/scripts/game/default.lua:9>

[3/9/2012 21:25:42] [Error - NpcScript Interface] 
[3/9/2012 21:25:42] (Unknown script file)
[3/9/2012 21:25:42] Description: 
[3/9/2012 21:25:42] attempt to call a nil value
[3/9/2012 21:25:42] stack traceback:

[3/9/2012 21:42:52] [Error - NpcScript Interface] 
[3/9/2012 21:42:52] (Unknown script file)
[3/9/2012 21:42:52] Description: 
[3/9/2012 21:42:52] attempt to call a nil value
[3/9/2012 21:42:52] stack traceback:

[3/9/2012 21:50:17] [Error - NpcScript Interface] 
[3/9/2012 21:50:17] (Unknown script file)
[3/9/2012 21:50:17] Description: 
[3/9/2012 21:50:17] attempt to call a nil value
[3/9/2012 21:50:17] stack traceback:
[3/9/2012 21:50:17] 	[C]: in function 'closeShopWindow'
[3/9/2012 21:50:17] 	data/npc/lib/npcsystem/npchandler.lua:225: in function 'releaseFocus'
[3/9/2012 21:50:17] 	data/npc/lib/npcsystem/npchandler.lua:591: in function 'onWalkAway'
[3/9/2012 21:50:17] 	data/npc/lib/npcsystem/npchandler.lua:523: in function 'onThink'
[3/9/2012 21:50:17] 	data/npc/scripts/game/default.lua:9: in function <data/npc/scripts/game/default.lua:9>
[3/9/2012 22:11:5] > Saving server...
[3/9/2012 22:11:13] > SAVE: Complete in 7.828 seconds using binary-tilebased house storage.

[3/9/2012 22:25:29] [Error - NpcScript Interface] 
[3/9/2012 22:25:29] (Unknown script file)
[3/9/2012 22:25:29] Description: 
[3/9/2012 22:25:29] attempt to call a nil value
[3/9/2012 22:25:29] stack traceback:
[3/9/2012 22:25:29] 	[C]: ?

[3/9/2012 22:25:51] [Error - NpcScript Interface] 
[3/9/2012 22:25:51] (Unknown script file)
[3/9/2012 22:25:51] Description: 
[3/9/2012 22:25:51] attempt to call a nil value
[3/9/2012 22:25:51] stack traceback:
[3/9/2012 22:25:51] 	[C]: ?

[3/9/2012 22:26:2] [Error - NpcScript Interface] 
[3/9/2012 22:26:2] (Unknown script file)
[3/9/2012 22:26:2] Description: 
[3/9/2012 22:26:2] attempt to call a nil value
[3/9/2012 22:26:2] stack traceback:
[3/9/2012 22:26:2] 	[C]: ?

[3/9/2012 22:27:8] [Error - NpcScript Interface] 
[3/9/2012 22:27:8] (Unknown script file)
[3/9/2012 22:27:8] Description: 
[3/9/2012 22:27:8] attempt to call a nil value
[3/9/2012 22:27:8] stack traceback:
[3/9/2012 22:27:8] 	[C]: in function 'closeShopWindow'
[3/9/2012 22:27:8] 	data/npc/lib/npcsystem/npchandler.lua:225: in function 'releaseFocus'
[3/9/2012 22:27:8] 	data/npc/lib/npcsystem/npchandler.lua:591: in function 'onWalkAway'
[3/9/2012 22:27:8] 	data/npc/lib/npcsystem/npchandler.lua:523: in function 'onThink'
[3/9/2012 22:27:8] 	data/npc/scripts/game/blacksmith.lua:9: in function <data/npc/scripts/game/blacksmith.lua:9>

[3/9/2012 22:27:18] [Error - NpcScript Interface] 
[3/9/2012 22:27:18] (Unknown script file)
[3/9/2012 22:27:18] Description: 
[3/9/2012 22:27:18] attempt to call a nil value
[3/9/2012 22:27:18] stack traceback:
[3/9/2012 22:27:18] 	[C]: in function 'closeShopWindow'
[3/9/2012 22:27:18] 	data/npc/lib/npcsystem/npchandler.lua:225: in function 'releaseFocus'
[3/9/2012 22:27:18] 	data/npc/lib/npcsystem/npchandler.lua:591: in function 'onWalkAway'
[3/9/2012 22:27:18] 	data/npc/lib/npcsystem/npchandler.lua:523: in function 'onThink'
[3/9/2012 22:27:18] 	data/npc/scripts/game/default.lua:9: in function <data/npc/scripts/game/default.lua:9>

[3/9/2012 22:28:40] [Error - NpcScript Interface] 
[3/9/2012 22:28:40] (Unknown script file)
[3/9/2012 22:28:40] Description: 
[3/9/2012 22:28:40] attempt to call a nil value
[3/9/2012 22:28:40] stack traceback:
[3/9/2012 22:28:40] 	[C]: in function 'closeShopWindow'
[3/9/2012 22:28:40] 	data/npc/lib/npcsystem/npchandler.lua:225: in function 'releaseFocus'
[3/9/2012 22:28:40] 	data/npc/lib/npcsystem/npchandler.lua:591: in function 'onWalkAway'
[3/9/2012 22:28:40] 	data/npc/lib/npcsystem/npchandler.lua:523: in function 'onThink'
[3/9/2012 22:28:40] 	data/npc/scripts/game/rashid.lua:9: in function <data/npc/scripts/game/rashid.lua:9>

[3/9/2012 23:1:26] [Error - NpcScript Interface] 
[3/9/2012 23:1:26] (Unknown script file)
[3/9/2012 23:1:26] Description: 
[3/9/2012 23:1:26] attempt to call a nil value
[3/9/2012 23:1:26] stack traceback:

[3/9/2012 23:2:36] [Error - NpcScript Interface] 
[3/9/2012 23:2:36] (Unknown script file)
[3/9/2012 23:2:36] Description: 
[3/9/2012 23:2:36] attempt to call a nil value
[3/9/2012 23:2:36] stack traceback:
[3/9/2012 23:2:36] 	[C]: in function 'closeShopWindow'
[3/9/2012 23:2:36] 	data/npc/lib/npcsystem/npchandler.lua:225: in function 'releaseFocus'
[3/9/2012 23:2:36] 	data/npc/lib/npcsystem/npchandler.lua:591: in function 'onWalkAway'
[3/9/2012 23:2:36] 	data/npc/lib/npcsystem/npchandler.lua:523: in function 'onThink'
[3/9/2012 23:2:36] 	data/npc/scripts/game/blacksmith.lua:9: in function <data/npc/scripts/game/blacksmith.lua:9>

[3/9/2012 23:8:23] [Error - NpcScript Interface] 
[3/9/2012 23:8:23] (Unknown script file)
[3/9/2012 23:8:23] Description: 
[3/9/2012 23:8:23] attempt to call a nil value
[3/9/2012 23:8:23] stack traceback:
[3/9/2012 23:8:23] 	[C]: in function 'closeShopWindow'
[3/9/2012 23:8:23] 	data/npc/lib/npcsystem/npchandler.lua:225: in function 'releaseFocus'
[3/9/2012 23:8:23] 	data/npc/lib/npcsystem/npchandler.lua:591: in function 'onWalkAway'
[3/9/2012 23:8:23] 	data/npc/lib/npcsystem/npchandler.lua:523: in function 'onThink'
[3/9/2012 23:8:23] 	data/npc/scripts/game/default.lua:9: in function <data/npc/scripts/game/default.lua:9>
[3/9/2012 23:11:5] > Saving server...
[3/9/2012 23:11:11] > SAVE: Complete in 5.957 seconds using binary-tilebased house storage.

[3/9/2012 23:29:45] [Error - NpcScript Interface] 
[3/9/2012 23:29:45] (Unknown script file)
[3/9/2012 23:29:45] Description: 
[3/9/2012 23:29:45] attempt to call a nil value
[3/9/2012 23:29:45] stack traceback:

[3/9/2012 23:44:1] [Error - NpcScript Interface] 
[3/9/2012 23:44:1] (Unknown script file)
[3/9/2012 23:44:1] Description: 
[3/9/2012 23:44:1] attempt to call a nil value
[3/9/2012 23:44:1] stack traceback:

[3/9/2012 23:56:12] [Error - NpcScript Interface] 
[3/9/2012 23:56:12] (Unknown script file)
[3/9/2012 23:56:12] Description: 
[3/9/2012 23:56:12] attempt to call a nil value
[3/9/2012 23:56:12] stack traceback:
[4/9/2012 0:11:5] > Saving server...
[4/9/2012 0:11:11] > SAVE: Complete in 6.19 seconds using binary-tilebased house storage.

[4/9/2012 0:45:42] [Error - NpcScript Interface] 
[4/9/2012 0:45:42] (Unknown script file)
[4/9/2012 0:45:42] Description: 
[4/9/2012 0:45:42] attempt to call a nil value
[4/9/2012 0:45:42] stack traceback:

[4/9/2012 0:48:3] [Error - NpcScript Interface] 
[4/9/2012 0:48:3] (Unknown script file)
[4/9/2012 0:48:3] Description: 
[4/9/2012 0:48:3] attempt to call a nil value
[4/9/2012 0:48:3] stack traceback:

[4/9/2012 1:4:3] [Error - NpcScript Interface] 
[4/9/2012 1:4:3] (Unknown script file)
[4/9/2012 1:4:3] Description: 
[4/9/2012 1:4:3] attempt to call a nil value
[4/9/2012 1:4:3] stack traceback:
[4/9/2012 1:4:3] 	[C]: in function 'closeShopWindow'
[4/9/2012 1:4:3] 	data/npc/lib/npcsystem/npchandler.lua:225: in function 'releaseFocus'
[4/9/2012 1:4:3] 	data/npc/lib/npcsystem/npchandler.lua:591: in function 'onWalkAway'
[4/9/2012 1:4:3] 	data/npc/lib/npcsystem/npchandler.lua:523: in function 'onThink'
[4/9/2012 1:4:3] 	data/npc/scripts/game/default.lua:9: in function <data/npc/scripts/game/default.lua:9>
[4/9/2012 1:11:5] > Saving server...
[4/9/2012 1:11:10] > SAVE: Complete in 4.763 seconds using binary-tilebased house storage.

[4/9/2012 2:9:26] [Error - NpcScript Interface] 
[4/9/2012 2:9:26] (Unknown script file)
[4/9/2012 2:9:26] Description: 
[4/9/2012 2:9:26] attempt to call a nil value
[4/9/2012 2:9:26] stack traceback:
[4/9/2012 2:11:5] > Saving server...
[4/9/2012 2:11:10] > SAVE: Complete in 4.949 seconds using binary-tilebased house storage.
[4/9/2012 3:11:5] > Saving server...
[4/9/2012 3:11:9] > SAVE: Complete in 3.967 seconds using binary-tilebased house storage.

[4/9/2012 4:3:12] [Error - NpcScript Interface] 
[4/9/2012 4:3:12] (Unknown script file)
[4/9/2012 4:3:12] Description: 
[4/9/2012 4:3:12] attempt to call a nil value
[4/9/2012 4:3:12] stack traceback:
[4/9/2012 4:3:12] 	[C]: in function 'closeShopWindow'
[4/9/2012 4:3:12] 	data/npc/lib/npcsystem/npchandler.lua:225: in function 'releaseFocus'
[4/9/2012 4:3:12] 	data/npc/lib/npcsystem/npchandler.lua:591: in function 'onWalkAway'
[4/9/2012 4:3:12] 	data/npc/lib/npcsystem/npchandler.lua:523: in function 'onThink'
[4/9/2012 4:3:12] 	data/npc/scripts/game/default.lua:9: in function <data/npc/scripts/game/default.lua:9>
[4/9/2012 4:11:5] > Saving server...
[4/9/2012 4:11:9] > SAVE: Complete in 3.91 seconds using binary-tilebased house storage.
[4/9/2012 4:56:49] > Broadcasted message: "Disturbios foram detectados aos redores de Quendor...".
[4/9/2012 5:0:8] > Broadcasted message: "Os Trolls estão planejando algum ataque a Quendor!".
[4/9/2012 5:3:29] > Broadcasted message: "Os Trolls estão atacando Quendor! Esmaguem estas ridiculas criaturas!".
[4/9/2012 5:11:5] > Saving server...
[4/9/2012 5:11:8] > SAVE: Complete in 2.869 seconds using binary-tilebased house storage.

[4/9/2012 5:48:26] [Error - CreatureScript Interface] 
[4/9/2012 5:48:26] In a timer event called from: 
[4/9/2012 5:48:26] data/creaturescripts/scripts/game/death.lua:onDeath
[4/9/2012 5:48:26] Description: 
[4/9/2012 5:48:26] (luaGetThing) Thing not found

[4/9/2012 5:48:26] [Error - CreatureScript Interface] 
[4/9/2012 5:48:26] In a timer event called from: 
[4/9/2012 5:48:26] data/creaturescripts/scripts/game/death.lua:onDeath
[4/9/2012 5:48:26] Description: 
[4/9/2012 5:48:26] (luaDoItemSetAttribute) Item not found
[4/9/2012 6:11:5] > Saving server...
[4/9/2012 6:11:8] > SAVE: Complete in 2.614 seconds using binary-tilebased house storage.
[4/9/2012 7:11:5] > Saving server...
[4/9/2012 7:11:8] > SAVE: Complete in 3.18 seconds using binary-tilebased house storage.

[4/9/2012 7:11:21] [Error - NpcScript Interface] 
[4/9/2012 7:11:21] (Unknown script file)
[4/9/2012 7:11:21] Description: 
[4/9/2012 7:11:21] attempt to call a nil value
[4/9/2012 7:11:21] stack traceback:
[4/9/2012 7:11:21] 	[C]: in function 'closeShopWindow'
[4/9/2012 7:11:21] 	data/npc/lib/npcsystem/npchandler.lua:225: in function 'releaseFocus'
[4/9/2012 7:11:21] 	data/npc/lib/npcsystem/npchandler.lua:591: in function 'onWalkAway'
[4/9/2012 7:11:21] 	data/npc/lib/npcsystem/npchandler.lua:523: in function 'onThink'
[4/9/2012 7:11:21] 	data/npc/scripts/game/default.lua:9: in function <data/npc/scripts/game/default.lua:9>

[4/9/2012 7:29:24] [Error - NpcScript Interface] 
[4/9/2012 7:29:24] (Unknown script file)
[4/9/2012 7:29:24] Description: 
[4/9/2012 7:29:24] attempt to call a nil value
[4/9/2012 7:29:24] stack traceback:
[4/9/2012 7:29:24] 	[C]: in function 'closeShopWindow'
[4/9/2012 7:29:24] 	data/npc/lib/npcsystem/npchandler.lua:225: in function 'releaseFocus'
[4/9/2012 7:29:24] 	data/npc/lib/npcsystem/npchandler.lua:591: in function 'onWalkAway'
[4/9/2012 7:29:24] 	data/npc/lib/npcsystem/npchandler.lua:523: in function 'onThink'
[4/9/2012 7:29:24] 	data/npc/scripts/game/default.lua:9: in function <data/npc/scripts/game/default.lua:9>

[4/9/2012 8:10:12] [Error - NpcScript Interface] 
[4/9/2012 8:10:12] (Unknown script file)
[4/9/2012 8:10:12] Description: 
[4/9/2012 8:10:12] attempt to call a nil value
[4/9/2012 8:10:12] stack traceback:
[4/9/2012 8:10:12] 	[C]: in function 'closeShopWindow'
[4/9/2012 8:10:12] 	data/npc/lib/npcsystem/npchandler.lua:225: in function 'releaseFocus'
[4/9/2012 8:10:12] 	data/npc/lib/npcsystem/npchandler.lua:591: in function 'onWalkAway'
[4/9/2012 8:10:12] 	data/npc/lib/npcsystem/npchandler.lua:523: in function 'onThink'
[4/9/2012 8:10:12] 	data/npc/scripts/game/default.lua:9: in function <data/npc/scripts/game/default.lua:9>
[4/9/2012 8:11:5] > Saving server...
[4/9/2012 8:11:9] > SAVE: Complete in 3.597 seconds using binary-tilebased house storage.
[4/9/2012 9:11:5] > Saving server...
[4/9/2012 9:11:9] > SAVE: Complete in 3.827 seconds using binary-tilebased house storage.
[4/9/2012 10:0:15] > Paying houses...
[4/9/2012 10:0:16] Houses paid in 1.26 seconds.
[4/9/2012 10:0:16] > Saving server...
[4/9/2012 10:0:17] > SAVE: Complete in 0.51 seconds using binary-tilebased house storage.
[4/9/2012 10:0:17] Preparing to shutdown the server- done.
