[5/8/2012 10:9:3] > Using MD5 encryption
[5/8/2012 10:9:3] >> Loading RSA key
[5/8/2012 10:9:3] >> Starting SQL connection

[5/8/2012 10:9:3] > WARNING: Outdated MySQL server detected, consider upgrading to a newer version.
[5/8/2012 10:9:3] >> Running Database Manager
[5/8/2012 10:9:3] >> Loading items (OTB)
[5/8/2012 10:9:3] >> Loading items (XML)
[5/8/2012 10:9:3] [Warning - Items::loadFromXml] Unknown key value blocksolid
[5/8/2012 10:9:3] [Warning - Items::loadFromXml] Unknown key value blocksolid
[5/8/2012 10:9:3] >> Loading groups
[5/8/2012 10:9:3] >> Loading vocations
[5/8/2012 10:9:3] >> Loading outfits
[5/8/2012 10:9:3] >> Loading chat channels
[5/8/2012 10:9:3] >> Loading script systems
[5/8/2012 10:9:5] [Warning - Event::loadScript] Event onTime not found (data/globalevents/scripts/clean.lua)
[5/8/2012 10:9:5] >> Loading mods...
[5/8/2012 10:9:5] > 0 mods were loaded.
[5/8/2012 10:9:5] >> Loading experience stages
[5/8/2012 10:9:5] >> Loading monsters
[5/8/2012 10:9:6] [Warning - Monsters::deserializeSpell] Frost Dragon - Unknown areaEffect: smallice
[5/8/2012 10:9:7] >> Loading map and spawns...
[5/8/2012 10:9:9] > Map size: 5000x5000.
[5/8/2012 10:9:9] > Map descriptions: 
[5/8/2012 10:9:9] "Saved with Remere's Map Editor 2.2"
[5/8/2012 10:9:9] "SimOne MapEditor 0.5.5"
[5/8/2012 10:9:9] [Warning - IOMap::loadMap] Movable item in house: 517, item type: 2741, pos 1070/1121/6
[5/8/2012 10:9:9] [Warning - IOMap::loadMap] Movable item in house: 518, item type: 2741, pos 1070/1129/6
[5/8/2012 10:9:9] [Warning - IOMap::loadMap] Movable item in house: 517, item type: 2741, pos 1073/1121/6
[5/8/2012 10:9:9] [Warning - IOMap::loadMap] Movable item in house: 518, item type: 2741, pos 1073/1129/6
[5/8/2012 10:9:10] Duplicate uniqueId 6401
[5/8/2012 10:9:10] Duplicate uniqueId 6401
[5/8/2012 10:9:11] Duplicate uniqueId 6401
[5/8/2012 10:9:11] Duplicate uniqueId 6401
[5/8/2012 10:9:11] Duplicate uniqueId 6401
[5/8/2012 10:9:11] Duplicate uniqueId 6401
[5/8/2012 10:9:12] Duplicate uniqueId 6401
[5/8/2012 10:9:12] Duplicate uniqueId 6401
[5/8/2012 10:9:13] Duplicate uniqueId 2004
[5/8/2012 10:9:13] Duplicate uniqueId 2005
[5/8/2012 10:9:13] Duplicate uniqueId 2006
[5/8/2012 10:9:13] Duplicate uniqueId 2007
[5/8/2012 10:9:14] Duplicate uniqueId 6401
[5/8/2012 10:9:15] Duplicate uniqueId 6401
[5/8/2012 10:9:15] Duplicate uniqueId 6401
[5/8/2012 10:9:15] Duplicate uniqueId 6400
[5/8/2012 10:9:15] Duplicate uniqueId 6401
[5/8/2012 10:9:15] Duplicate uniqueId 2056
[5/8/2012 10:9:15] Duplicate uniqueId 2057
[5/8/2012 10:9:15] Duplicate uniqueId 2058
[5/8/2012 10:9:15] Duplicate uniqueId 2051
[5/8/2012 10:9:15] Duplicate uniqueId 2052
[5/8/2012 10:9:15] Duplicate uniqueId 2053
[5/8/2012 10:9:15] Duplicate uniqueId 2054
[5/8/2012 10:9:15] > Map loading time: 8.662 seconds.
[5/8/2012 10:9:16] [Spawn::addMonster] Cannot find "Butterfly"
[5/8/2012 10:9:16] [Spawn::addMonster] Cannot find "Butterfly"
[5/8/2012 10:9:16] > Data parsing time: 0.97 seconds.
[5/8/2012 10:9:33] > Houses synchronization time: 16.301 seconds.
[5/8/2012 10:9:33] > Content unserialization time: 0.09 seconds.
[5/8/2012 10:9:33] >> Checking world type... Open PvP
[5/8/2012 10:9:33] >> Initializing game state and binding services...
[5/8/2012 10:9:35] > Global IP address: 184.173.128.212
[5/8/2012 10:9:35] > Bound ports: 7577	7578	9215	
[5/8/2012 10:9:35] >> Everything smells good, server is starting up...
[5/8/2012 10:9:35] >> [DUltraOS EMERer On] Eeabled

[5/8/2012 10:9:35] >> [DUltraOS EMERer On] Eeabled


[5/8/2012 10:11:12] [Error - NpcScript Interface] 
[5/8/2012 10:11:12] (Unknown script file)
[5/8/2012 10:11:12] Description: 
[5/8/2012 10:11:12] attempt to call a nil value
[5/8/2012 10:11:12] stack traceback:

[5/8/2012 10:12:40] [Error - NpcScript Interface] 
[5/8/2012 10:12:40] (Unknown script file)
[5/8/2012 10:12:40] Description: 
[5/8/2012 10:12:40] attempt to call a nil value
[5/8/2012 10:12:40] stack traceback:

[5/8/2012 10:14:0] [Error - NpcScript Interface] 
[5/8/2012 10:14:0] (Unknown script file)
[5/8/2012 10:14:0] Description: 
[5/8/2012 10:14:0] attempt to call a nil value
[5/8/2012 10:14:0] stack traceback:
[5/8/2012 10:14:0] 	[C]: in function 'closeShopWindow'
[5/8/2012 10:14:0] 	data/npc/lib/npcsystem/npchandler.lua:225: in function 'releaseFocus'
[5/8/2012 10:14:0] 	data/npc/lib/npcsystem/npchandler.lua:363: in function 'unGreet'
[5/8/2012 10:14:0] 	data/npc/lib/npcsystem/npchandler.lua:576: in function 'onFarewell'
[5/8/2012 10:14:0] 	data/npc/lib/npcsystem/modules.lua:251: in function 'callback'
[5/8/2012 10:14:0] 	data/npc/lib/npcsystem/keywordhandler.lua:41: in function 'processMessage'
[5/8/2012 10:14:0] 	data/npc/lib/npcsystem/keywordhandler.lua:181: in function 'processNodeMessage'
[5/8/2012 10:14:0] 	data/npc/lib/npcsystem/keywordhandler.lua:140: in function 'processMessage'
[5/8/2012 10:14:0] 	data/npc/lib/npcsystem/npchandler.lua:423: in function 'onCreatureSay'
[5/8/2012 10:14:0] 	data/npc/scripts/game/default.lua:8: in function <data/npc/scripts/game/default.lua:8>

[5/8/2012 10:15:2] [Error - NpcScript Interface] 
[5/8/2012 10:15:2] (Unknown script file)
[5/8/2012 10:15:2] Description: 
[5/8/2012 10:15:2] attempt to call a nil value
[5/8/2012 10:15:2] stack traceback:

[5/8/2012 10:15:16] [Error - NpcScript Interface] 
[5/8/2012 10:15:16] (Unknown script file)
[5/8/2012 10:15:16] Description: 
[5/8/2012 10:15:16] attempt to call a nil value
[5/8/2012 10:15:16] stack traceback:
[5/8/2012 10:15:16] 	[C]: in function 'closeShopWindow'
[5/8/2012 10:15:16] 	data/npc/lib/npcsystem/npchandler.lua:225: in function 'releaseFocus'
[5/8/2012 10:15:16] 	data/npc/lib/npcsystem/npchandler.lua:591: in function 'onWalkAway'
[5/8/2012 10:15:16] 	data/npc/lib/npcsystem/npchandler.lua:523: in function 'onThink'
[5/8/2012 10:15:16] 	data/npc/scripts/game/default.lua:9: in function <data/npc/scripts/game/default.lua:9>

[5/8/2012 10:18:22] [Error - NpcScript Interface] 
[5/8/2012 10:18:22] (Unknown script file)
[5/8/2012 10:18:22] Description: 
[5/8/2012 10:18:22] attempt to call a nil value
[5/8/2012 10:18:22] stack traceback:
[5/8/2012 10:18:22] 	[C]: in function 'closeShopWindow'
[5/8/2012 10:18:22] 	data/npc/lib/npcsystem/npchandler.lua:225: in function 'releaseFocus'
[5/8/2012 10:18:22] 	data/npc/lib/npcsystem/npchandler.lua:591: in function 'onWalkAway'
[5/8/2012 10:18:22] 	data/npc/lib/npcsystem/npchandler.lua:523: in function 'onThink'
[5/8/2012 10:18:22] 	data/npc/scripts/game/default.lua:9: in function <data/npc/scripts/game/default.lua:9>

[5/8/2012 10:19:34] [Error - NpcScript Interface] 
[5/8/2012 10:19:34] (Unknown script file)
[5/8/2012 10:19:34] Description: 
[5/8/2012 10:19:34] attempt to call a nil value
[5/8/2012 10:19:34] stack traceback:

[5/8/2012 10:23:7] [Error - NpcScript Interface] 
[5/8/2012 10:23:7] (Unknown script file)
[5/8/2012 10:23:7] Description: 
[5/8/2012 10:23:7] attempt to call a nil value
[5/8/2012 10:23:7] stack traceback:
[5/8/2012 10:23:7] 	[C]: in function 'closeShopWindow'
[5/8/2012 10:23:7] 	data/npc/lib/npcsystem/npchandler.lua:225: in function 'releaseFocus'
[5/8/2012 10:23:7] 	data/npc/lib/npcsystem/npchandler.lua:591: in function 'onWalkAway'
[5/8/2012 10:23:7] 	data/npc/lib/npcsystem/npchandler.lua:523: in function 'onThink'
[5/8/2012 10:23:7] 	data/npc/scripts/game/rashid.lua:9: in function <data/npc/scripts/game/rashid.lua:9>

[5/8/2012 10:34:33] [Error - NpcScript Interface] 
[5/8/2012 10:34:33] (Unknown script file)
[5/8/2012 10:34:33] Description: 
[5/8/2012 10:34:33] attempt to call a nil value
[5/8/2012 10:34:33] stack traceback:

[5/8/2012 10:37:33] [Error - NpcScript Interface] 
[5/8/2012 10:37:33] (Unknown script file)
[5/8/2012 10:37:33] Description: 
[5/8/2012 10:37:33] attempt to call a nil value
[5/8/2012 10:37:33] stack traceback:
[5/8/2012 10:37:33] 	[C]: in function 'closeShopWindow'
[5/8/2012 10:37:33] 	data/npc/lib/npcsystem/npchandler.lua:225: in function 'releaseFocus'
[5/8/2012 10:37:33] 	data/npc/lib/npcsystem/npchandler.lua:591: in function 'onWalkAway'
[5/8/2012 10:37:33] 	data/npc/lib/npcsystem/npchandler.lua:523: in function 'onThink'
[5/8/2012 10:37:33] 	data/npc/scripts/game/default.lua:9: in function <data/npc/scripts/game/default.lua:9>

[5/8/2012 10:38:55] [Error - NpcScript Interface] 
[5/8/2012 10:38:55] (Unknown script file)
[5/8/2012 10:38:55] Description: 
[5/8/2012 10:38:55] attempt to call a nil value
[5/8/2012 10:38:55] stack traceback:

[5/8/2012 10:52:18] [Error - NpcScript Interface] 
[5/8/2012 10:52:18] (Unknown script file)
[5/8/2012 10:52:18] Description: 
[5/8/2012 10:52:18] attempt to call a nil value
[5/8/2012 10:52:18] stack traceback:
[5/8/2012 10:52:18] 	[C]: in function 'closeShopWindow'
[5/8/2012 10:52:18] 	data/npc/lib/npcsystem/npchandler.lua:225: in function 'releaseFocus'
[5/8/2012 10:52:18] 	data/npc/lib/npcsystem/npchandler.lua:591: in function 'onWalkAway'
[5/8/2012 10:52:18] 	data/npc/lib/npcsystem/npchandler.lua:523: in function 'onThink'
[5/8/2012 10:52:18] 	data/npc/scripts/game/rashid.lua:9: in function <data/npc/scripts/game/rashid.lua:9>

[5/8/2012 10:56:36] [Error - NpcScript Interface] 
[5/8/2012 10:56:36] (Unknown script file)
[5/8/2012 10:56:36] Description: 
[5/8/2012 10:56:36] attempt to call a nil value
[5/8/2012 10:56:36] stack traceback:
[5/8/2012 10:56:36] 	[C]: in function 'closeShopWindow'
[5/8/2012 10:56:36] 	data/npc/lib/npcsystem/npchandler.lua:225: in function 'releaseFocus'
[5/8/2012 10:56:36] 	data/npc/lib/npcsystem/npchandler.lua:591: in function 'onWalkAway'
[5/8/2012 10:56:36] 	data/npc/lib/npcsystem/npchandler.lua:523: in function 'onThink'
[5/8/2012 10:56:36] 	data/npc/scripts/game/default.lua:9: in function <data/npc/scripts/game/default.lua:9>

[5/8/2012 10:57:1] [Error - NpcScript Interface] 
[5/8/2012 10:57:1] (Unknown script file)
[5/8/2012 10:57:1] Description: 
[5/8/2012 10:57:1] attempt to call a nil value
[5/8/2012 10:57:1] stack traceback:

[5/8/2012 10:57:21] [Error - NpcScript Interface] 
[5/8/2012 10:57:21] (Unknown script file)
[5/8/2012 10:57:21] Description: 
[5/8/2012 10:57:21] attempt to call a nil value
[5/8/2012 10:57:21] stack traceback:
[5/8/2012 10:57:21] 	[C]: in function 'closeShopWindow'
[5/8/2012 10:57:21] 	data/npc/lib/npcsystem/npchandler.lua:225: in function 'releaseFocus'
[5/8/2012 10:57:21] 	data/npc/lib/npcsystem/npchandler.lua:591: in function 'onWalkAway'
[5/8/2012 10:57:21] 	data/npc/lib/npcsystem/npchandler.lua:523: in function 'onThink'
[5/8/2012 10:57:21] 	data/npc/scripts/game/default.lua:9: in function <data/npc/scripts/game/default.lua:9>

[5/8/2012 11:1:41] [Error - NpcScript Interface] 
[5/8/2012 11:1:41] (Unknown script file)
[5/8/2012 11:1:41] Description: 
[5/8/2012 11:1:41] attempt to call a nil value
[5/8/2012 11:1:41] stack traceback:
[5/8/2012 11:1:41] 	[C]: in function 'closeShopWindow'
[5/8/2012 11:1:41] 	data/npc/lib/npcsystem/npchandler.lua:225: in function 'releaseFocus'
[5/8/2012 11:1:41] 	data/npc/lib/npcsystem/npchandler.lua:591: in function 'onWalkAway'
[5/8/2012 11:1:41] 	data/npc/lib/npcsystem/npchandler.lua:523: in function 'onThink'
[5/8/2012 11:1:41] 	data/npc/scripts/game/default.lua:9: in function <data/npc/scripts/game/default.lua:9>
[5/8/2012 11:11:5] > Saving server...
[5/8/2012 11:11:11] > SAVE: Complete in 5.722 seconds using binary-tilebased house storage.

[5/8/2012 11:11:17] [Error - NpcScript Interface] 
[5/8/2012 11:11:17] (Unknown script file)
[5/8/2012 11:11:17] Description: 
[5/8/2012 11:11:17] attempt to call a nil value
[5/8/2012 11:11:17] stack traceback:
[5/8/2012 11:11:17] 	[C]: in function 'closeShopWindow'
[5/8/2012 11:11:17] 	data/npc/lib/npcsystem/npchandler.lua:225: in function 'releaseFocus'
[5/8/2012 11:11:17] 	data/npc/lib/npcsystem/npchandler.lua:591: in function 'onWalkAway'
[5/8/2012 11:11:17] 	data/npc/lib/npcsystem/npchandler.lua:523: in function 'onThink'
[5/8/2012 11:11:17] 	data/npc/scripts/game/default.lua:9: in function <data/npc/scripts/game/default.lua:9>

[5/8/2012 11:13:2] [Error - NpcScript Interface] 
[5/8/2012 11:13:2] (Unknown script file)
[5/8/2012 11:13:2] Description: 
[5/8/2012 11:13:2] attempt to call a nil value
[5/8/2012 11:13:2] stack traceback:
[5/8/2012 11:13:2] 	[C]: in function 'closeShopWindow'
[5/8/2012 11:13:2] 	data/npc/lib/npcsystem/npchandler.lua:225: in function 'releaseFocus'
[5/8/2012 11:13:2] 	data/npc/lib/npcsystem/npchandler.lua:591: in function 'onWalkAway'
[5/8/2012 11:13:2] 	data/npc/lib/npcsystem/npchandler.lua:523: in function 'onThink'
[5/8/2012 11:13:2] 	data/npc/scripts/game/default.lua:9: in function <data/npc/scripts/game/default.lua:9>

[5/8/2012 11:25:30] [Error - NpcScript Interface] 
[5/8/2012 11:25:30] (Unknown script file)
[5/8/2012 11:25:30] Description: 
[5/8/2012 11:25:30] attempt to call a nil value
[5/8/2012 11:25:30] stack traceback:
[5/8/2012 11:35:9] [Warning - Protocol::RSA_decrypt] Not valid packet size (IP: 201.58.20.6)

[5/8/2012 11:37:47] [Error - NpcScript Interface] 
[5/8/2012 11:37:47] (Unknown script file)
[5/8/2012 11:37:47] Description: 
[5/8/2012 11:37:47] attempt to call a nil value
[5/8/2012 11:37:47] stack traceback:
[5/8/2012 11:37:47] 	[C]: in function 'closeShopWindow'
[5/8/2012 11:37:47] 	data/npc/lib/npcsystem/npchandler.lua:225: in function 'releaseFocus'
[5/8/2012 11:37:47] 	data/npc/lib/npcsystem/npchandler.lua:591: in function 'onWalkAway'
[5/8/2012 11:37:47] 	data/npc/lib/npcsystem/npchandler.lua:523: in function 'onThink'
[5/8/2012 11:37:47] 	data/npc/scripts/game/default.lua:9: in function <data/npc/scripts/game/default.lua:9>

[5/8/2012 11:42:50] [Error - NpcScript Interface] 
[5/8/2012 11:42:50] (Unknown script file)
[5/8/2012 11:42:50] Description: 
[5/8/2012 11:42:50] attempt to call a nil value
[5/8/2012 11:42:50] stack traceback:

[5/8/2012 11:43:3] [Error - NpcScript Interface] 
[5/8/2012 11:43:3] (Unknown script file)
[5/8/2012 11:43:3] Description: 
[5/8/2012 11:43:3] attempt to call a nil value
[5/8/2012 11:43:3] stack traceback:
[5/8/2012 11:43:3] 	[C]: in function 'closeShopWindow'
[5/8/2012 11:43:3] 	data/npc/lib/npcsystem/npchandler.lua:225: in function 'releaseFocus'
[5/8/2012 11:43:3] 	data/npc/lib/npcsystem/npchandler.lua:591: in function 'onWalkAway'
[5/8/2012 11:43:3] 	data/npc/lib/npcsystem/npchandler.lua:523: in function 'onThink'
[5/8/2012 11:43:3] 	data/npc/scripts/game/default.lua:9: in function <data/npc/scripts/game/default.lua:9>

[5/8/2012 11:43:35] [Error - NpcScript Interface] 
[5/8/2012 11:43:35] (Unknown script file)
[5/8/2012 11:43:35] Description: 
[5/8/2012 11:43:35] attempt to call a nil value
[5/8/2012 11:43:35] stack traceback:
[5/8/2012 11:43:35] 	[C]: in function 'closeShopWindow'
[5/8/2012 11:43:35] 	data/npc/lib/npcsystem/npchandler.lua:225: in function 'releaseFocus'
[5/8/2012 11:43:35] 	data/npc/lib/npcsystem/npchandler.lua:591: in function 'onWalkAway'
[5/8/2012 11:43:35] 	data/npc/lib/npcsystem/npchandler.lua:523: in function 'onThink'
[5/8/2012 11:43:35] 	data/npc/scripts/game/default.lua:9: in function <data/npc/scripts/game/default.lua:9>

[5/8/2012 11:43:42] [Error - NpcScript Interface] 
[5/8/2012 11:43:42] (Unknown script file)
[5/8/2012 11:43:42] Description: 
[5/8/2012 11:43:42] attempt to call a nil value
[5/8/2012 11:43:42] stack traceback:
[5/8/2012 11:43:42] 	[C]: in function 'closeShopWindow'
[5/8/2012 11:43:42] 	data/npc/lib/npcsystem/npchandler.lua:225: in function 'releaseFocus'
[5/8/2012 11:43:42] 	data/npc/lib/npcsystem/npchandler.lua:591: in function 'onWalkAway'
[5/8/2012 11:43:42] 	data/npc/lib/npcsystem/npchandler.lua:523: in function 'onThink'
[5/8/2012 11:43:42] 	data/npc/scripts/game/default.lua:9: in function <data/npc/scripts/game/default.lua:9>

[5/8/2012 11:45:56] [Error - NpcScript Interface] 
[5/8/2012 11:45:56] (Unknown script file)
[5/8/2012 11:45:56] Description: 
[5/8/2012 11:45:56] attempt to call a nil value
[5/8/2012 11:45:56] stack traceback:
[5/8/2012 11:45:56] 	[C]: in function 'closeShopWindow'
[5/8/2012 11:45:56] 	data/npc/lib/npcsystem/npchandler.lua:225: in function 'releaseFocus'
[5/8/2012 11:45:56] 	data/npc/lib/npcsystem/npchandler.lua:591: in function 'onWalkAway'
[5/8/2012 11:45:56] 	data/npc/lib/npcsystem/npchandler.lua:523: in function 'onThink'
[5/8/2012 11:45:56] 	data/npc/scripts/game/default.lua:9: in function <data/npc/scripts/game/default.lua:9>

[5/8/2012 11:49:39] [Error - NpcScript Interface] 
[5/8/2012 11:49:39] (Unknown script file)
[5/8/2012 11:49:39] Description: 
[5/8/2012 11:49:39] attempt to call a nil value
[5/8/2012 11:49:39] stack traceback:

[5/8/2012 11:51:31] [Error - NpcScript Interface] 
[5/8/2012 11:51:31] (Unknown script file)
[5/8/2012 11:51:31] Description: 
[5/8/2012 11:51:31] attempt to call a nil value
[5/8/2012 11:51:31] stack traceback:
[5/8/2012 11:51:31] 	[C]: in function 'closeShopWindow'
[5/8/2012 11:51:31] 	data/npc/lib/npcsystem/npchandler.lua:225: in function 'releaseFocus'
[5/8/2012 11:51:31] 	data/npc/lib/npcsystem/npchandler.lua:591: in function 'onWalkAway'
[5/8/2012 11:51:31] 	data/npc/lib/npcsystem/npchandler.lua:523: in function 'onThink'
[5/8/2012 11:51:31] 	data/npc/scripts/game/default.lua:9: in function <data/npc/scripts/game/default.lua:9>

[5/8/2012 11:59:53] [Error - NpcScript Interface] 
[5/8/2012 11:59:53] (Unknown script file)
[5/8/2012 11:59:53] Description: 
[5/8/2012 11:59:53] attempt to call a nil value
[5/8/2012 11:59:53] stack traceback:
[5/8/2012 12:11:5] > Saving server...
[5/8/2012 12:11:11] > SAVE: Complete in 6.16 seconds using binary-tilebased house storage.

[5/8/2012 12:16:20] [Error - NpcScript Interface] 
[5/8/2012 12:16:20] (Unknown script file)
[5/8/2012 12:16:20] Description: 
[5/8/2012 12:16:20] attempt to call a nil value
[5/8/2012 12:16:20] stack traceback:
[5/8/2012 12:16:20] 	[C]: in function 'closeShopWindow'
[5/8/2012 12:16:20] 	data/npc/lib/npcsystem/npchandler.lua:225: in function 'releaseFocus'
[5/8/2012 12:16:20] 	data/npc/lib/npcsystem/npchandler.lua:591: in function 'onWalkAway'
[5/8/2012 12:16:20] 	data/npc/lib/npcsystem/npchandler.lua:523: in function 'onThink'
[5/8/2012 12:16:20] 	data/npc/scripts/game/default.lua:9: in function <data/npc/scripts/game/default.lua:9>

[5/8/2012 12:16:38] [Error - MoveEvents Interface] 
[5/8/2012 12:16:38] In a timer event called from: 
[5/8/2012 12:16:38] data/movements/scripts/game/teleport.lua:onStepIn
[5/8/2012 12:16:38] Description: 
[5/8/2012 12:16:38] (luaDoPlayerSendTextMessage) Player not found

[5/8/2012 12:16:38] [Error - MoveEvents Interface] 
[5/8/2012 12:16:38] In a timer event called from: 
[5/8/2012 12:16:38] data/movements/scripts/game/teleport.lua:onStepIn
[5/8/2012 12:16:38] Description: 
[5/8/2012 12:16:38] (luaDoTeleportThing) Thing not found

[5/8/2012 12:16:38] [Error - MoveEvents Interface] 
[5/8/2012 12:16:38] In a timer event called from: 
[5/8/2012 12:16:38] data/movements/scripts/game/teleport.lua:onStepIn
[5/8/2012 12:16:38] Description: 
[5/8/2012 12:16:38] (luaGetThingPosition) Thing not found

[5/8/2012 12:16:38] [Error - MoveEvents Interface] 
[5/8/2012 12:16:38] In a timer event called from: 
[5/8/2012 12:16:38] data/movements/scripts/game/teleport.lua:onStepIn
[5/8/2012 12:16:38] Description: 
[5/8/2012 12:16:38] (luaGetCreatureStorage) Creature not found

[5/8/2012 12:16:38] [Error - MoveEvents Interface] 
[5/8/2012 12:16:38] In a timer event called from: 
[5/8/2012 12:16:38] data/movements/scripts/game/teleport.lua:onStepIn
[5/8/2012 12:16:38] Description: 
[5/8/2012 12:16:38] (luaGetCreatureStorage) Creature not found

[5/8/2012 12:16:38] [Error - MoveEvents Interface] 
[5/8/2012 12:16:38] In a timer event called from: 
[5/8/2012 12:16:38] data/movements/scripts/game/teleport.lua:onStepIn
[5/8/2012 12:16:38] Description: 
[5/8/2012 12:16:38] data/lib/darghos/arena.lua:138: attempt to index field '?' (a nil value)
[5/8/2012 12:16:38] stack traceback:
[5/8/2012 12:16:38] 	data/lib/darghos/arena.lua:138: in function 'onLeave'
[5/8/2012 12:16:38] 	data/lib/darghos/arena.lua:186: in function <data/lib/darghos/arena.lua:181>

[5/8/2012 12:16:41] [Error - NpcScript Interface] 
[5/8/2012 12:16:41] (Unknown script file)
[5/8/2012 12:16:41] Description: 
[5/8/2012 12:16:41] attempt to call a nil value
[5/8/2012 12:16:41] stack traceback:
[5/8/2012 12:16:41] 	[C]: in function 'closeShopWindow'
[5/8/2012 12:16:41] 	data/npc/lib/npcsystem/npchandler.lua:225: in function 'releaseFocus'
[5/8/2012 12:16:41] 	data/npc/lib/npcsystem/npchandler.lua:591: in function 'onWalkAway'
[5/8/2012 12:16:41] 	data/npc/lib/npcsystem/npchandler.lua:523: in function 'onThink'
[5/8/2012 12:16:41] 	data/npc/scripts/game/default.lua:9: in function <data/npc/scripts/game/default.lua:9>

[5/8/2012 12:17:16] [Error - NpcScript Interface] 
[5/8/2012 12:17:16] (Unknown script file)
[5/8/2012 12:17:16] Description: 
[5/8/2012 12:17:16] attempt to call a nil value
[5/8/2012 12:17:16] stack traceback:

[5/8/2012 12:27:20] [Error - NpcScript Interface] 
[5/8/2012 12:27:20] (Unknown script file)
[5/8/2012 12:27:20] Description: 
[5/8/2012 12:27:20] attempt to call a nil value
[5/8/2012 12:27:20] stack traceback:

[5/8/2012 12:29:46] [Error - NpcScript Interface] 
[5/8/2012 12:29:46] (Unknown script file)
[5/8/2012 12:29:46] Description: 
[5/8/2012 12:29:46] attempt to call a nil value
[5/8/2012 12:29:46] stack traceback:
[5/8/2012 12:29:46] 	[C]: in function 'closeShopWindow'
[5/8/2012 12:29:46] 	data/npc/lib/npcsystem/npchandler.lua:225: in function 'releaseFocus'
[5/8/2012 12:29:46] 	data/npc/lib/npcsystem/npchandler.lua:591: in function 'onWalkAway'
[5/8/2012 12:29:46] 	data/npc/lib/npcsystem/npchandler.lua:523: in function 'onThink'
[5/8/2012 12:29:46] 	data/npc/scripts/game/default.lua:9: in function <data/npc/scripts/game/default.lua:9>
[5/8/2012 12:32:22] [Warning - Protocol::RSA_decrypt] Not valid packet size (IP: 201.52.19.75)

[5/8/2012 12:34:24] [Error - NpcScript Interface] 
[5/8/2012 12:34:24] (Unknown script file)
[5/8/2012 12:34:24] Description: 
[5/8/2012 12:34:24] attempt to call a nil value
[5/8/2012 12:34:24] stack traceback:
[5/8/2012 12:34:24] 	[C]: in function 'closeShopWindow'
[5/8/2012 12:34:24] 	data/npc/lib/npcsystem/npchandler.lua:225: in function 'releaseFocus'
[5/8/2012 12:34:24] 	data/npc/lib/npcsystem/npchandler.lua:591: in function 'onWalkAway'
[5/8/2012 12:34:24] 	data/npc/lib/npcsystem/npchandler.lua:523: in function 'onThink'
[5/8/2012 12:34:24] 	data/npc/scripts/game/rashid.lua:9: in function <data/npc/scripts/game/rashid.lua:9>

[5/8/2012 12:36:46] [Error - NpcScript Interface] 
[5/8/2012 12:36:46] (Unknown script file)
[5/8/2012 12:36:46] Description: 
[5/8/2012 12:36:46] attempt to call a nil value
[5/8/2012 12:36:46] stack traceback:
[5/8/2012 12:36:46] 	[C]: ?

[5/8/2012 12:46:3] [Error - NpcScript Interface] 
[5/8/2012 12:46:3] (Unknown script file)
[5/8/2012 12:46:3] Description: 
[5/8/2012 12:46:3] attempt to call a nil value
[5/8/2012 12:46:3] stack traceback:

[5/8/2012 12:50:24] [Error - NpcScript Interface] 
[5/8/2012 12:50:24] (Unknown script file)
[5/8/2012 12:50:24] Description: 
[5/8/2012 12:50:24] attempt to call a nil value
[5/8/2012 12:50:24] stack traceback:
[5/8/2012 12:50:24] 	[C]: in function 'closeShopWindow'
[5/8/2012 12:50:24] 	data/npc/lib/npcsystem/npchandler.lua:225: in function 'releaseFocus'
[5/8/2012 12:50:24] 	data/npc/lib/npcsystem/npchandler.lua:591: in function 'onWalkAway'
[5/8/2012 12:50:24] 	data/npc/lib/npcsystem/npchandler.lua:523: in function 'onThink'
[5/8/2012 12:50:24] 	data/npc/scripts/game/rashid.lua:9: in function <data/npc/scripts/game/rashid.lua:9>

[5/8/2012 12:59:6] [Error - NpcScript Interface] 
[5/8/2012 12:59:6] (Unknown script file)
[5/8/2012 12:59:6] Description: 
[5/8/2012 12:59:6] attempt to call a nil value
[5/8/2012 12:59:6] stack traceback:
[5/8/2012 12:59:6] 	[C]: in function 'closeShopWindow'
[5/8/2012 12:59:6] 	data/npc/lib/npcsystem/npchandler.lua:225: in function 'releaseFocus'
[5/8/2012 12:59:6] 	data/npc/lib/npcsystem/npchandler.lua:591: in function 'onWalkAway'
[5/8/2012 12:59:6] 	data/npc/lib/npcsystem/npchandler.lua:523: in function 'onThink'
[5/8/2012 12:59:6] 	data/npc/scripts/game/default.lua:9: in function <data/npc/scripts/game/default.lua:9>

[5/8/2012 13:0:19] [Error - NpcScript Interface] 
[5/8/2012 13:0:19] (Unknown script file)
[5/8/2012 13:0:19] Description: 
[5/8/2012 13:0:19] attempt to call a nil value
[5/8/2012 13:0:19] stack traceback:

[5/8/2012 13:6:40] [Error - MoveEvents Interface] 
[5/8/2012 13:6:40] In a timer event called from: 
[5/8/2012 13:6:40] data/movements/scripts/game/teleport.lua:onStepIn
[5/8/2012 13:6:40] Description: 
[5/8/2012 13:6:40] (luaDoPlayerSendTextMessage) Player not found

[5/8/2012 13:6:40] [Error - MoveEvents Interface] 
[5/8/2012 13:6:40] In a timer event called from: 
[5/8/2012 13:6:40] data/movements/scripts/game/teleport.lua:onStepIn
[5/8/2012 13:6:40] Description: 
[5/8/2012 13:6:40] (luaDoTeleportThing) Thing not found

[5/8/2012 13:6:40] [Error - MoveEvents Interface] 
[5/8/2012 13:6:40] In a timer event called from: 
[5/8/2012 13:6:40] data/movements/scripts/game/teleport.lua:onStepIn
[5/8/2012 13:6:40] Description: 
[5/8/2012 13:6:40] (luaGetThingPosition) Thing not found

[5/8/2012 13:6:40] [Error - MoveEvents Interface] 
[5/8/2012 13:6:40] In a timer event called from: 
[5/8/2012 13:6:40] data/movements/scripts/game/teleport.lua:onStepIn
[5/8/2012 13:6:40] Description: 
[5/8/2012 13:6:40] (luaGetCreatureStorage) Creature not found

[5/8/2012 13:6:40] [Error - MoveEvents Interface] 
[5/8/2012 13:6:40] In a timer event called from: 
[5/8/2012 13:6:40] data/movements/scripts/game/teleport.lua:onStepIn
[5/8/2012 13:6:40] Description: 
[5/8/2012 13:6:40] (luaGetCreatureStorage) Creature not found

[5/8/2012 13:6:40] [Error - MoveEvents Interface] 
[5/8/2012 13:6:40] In a timer event called from: 
[5/8/2012 13:6:40] data/movements/scripts/game/teleport.lua:onStepIn
[5/8/2012 13:6:40] Description: 
[5/8/2012 13:6:40] data/lib/darghos/arena.lua:138: attempt to index field '?' (a nil value)
[5/8/2012 13:6:40] stack traceback:
[5/8/2012 13:6:40] 	data/lib/darghos/arena.lua:138: in function 'onLeave'
[5/8/2012 13:6:40] 	data/lib/darghos/arena.lua:186: in function <data/lib/darghos/arena.lua:181>

[5/8/2012 13:8:44] [Error - NpcScript Interface] 
[5/8/2012 13:8:44] (Unknown script file)
[5/8/2012 13:8:44] Description: 
[5/8/2012 13:8:44] attempt to call a nil value
[5/8/2012 13:8:44] stack traceback:
[5/8/2012 13:11:5] > Saving server...
[5/8/2012 13:11:15] > SAVE: Complete in 9.565 seconds using binary-tilebased house storage.

[5/8/2012 13:13:56] [Error - NpcScript Interface] 
[5/8/2012 13:13:56] (Unknown script file)
[5/8/2012 13:13:56] Description: 
[5/8/2012 13:13:56] attempt to call a nil value
[5/8/2012 13:13:56] stack traceback:

[5/8/2012 13:14:9] [Error - NpcScript Interface] 
[5/8/2012 13:14:9] (Unknown script file)
[5/8/2012 13:14:9] Description: 
[5/8/2012 13:14:9] attempt to call a nil value
[5/8/2012 13:14:9] stack traceback:
[5/8/2012 13:14:9] 	[C]: in function 'closeShopWindow'
[5/8/2012 13:14:9] 	data/npc/lib/npcsystem/npchandler.lua:225: in function 'releaseFocus'
[5/8/2012 13:14:9] 	data/npc/lib/npcsystem/npchandler.lua:591: in function 'onWalkAway'
[5/8/2012 13:14:9] 	data/npc/lib/npcsystem/npchandler.lua:523: in function 'onThink'
[5/8/2012 13:14:9] 	data/npc/scripts/game/default.lua:9: in function <data/npc/scripts/game/default.lua:9>

[5/8/2012 13:14:25] [Error - NpcScript Interface] 
[5/8/2012 13:14:25] (Unknown script file)
[5/8/2012 13:14:25] Description: 
[5/8/2012 13:14:25] attempt to call a nil value
[5/8/2012 13:14:25] stack traceback:
[5/8/2012 13:14:25] 	[C]: in function 'closeShopWindow'
[5/8/2012 13:14:25] 	data/npc/lib/npcsystem/npchandler.lua:225: in function 'releaseFocus'
[5/8/2012 13:14:25] 	data/npc/lib/npcsystem/npchandler.lua:591: in function 'onWalkAway'
[5/8/2012 13:14:25] 	data/npc/lib/npcsystem/npchandler.lua:523: in function 'onThink'
[5/8/2012 13:14:25] 	data/npc/scripts/game/default.lua:9: in function <data/npc/scripts/game/default.lua:9>

[5/8/2012 13:16:26] [Error - Action Interface] 
[5/8/2012 13:16:26] data/actions/scripts/tools/rope.lua:onUse
[5/8/2012 13:16:26] Description: 
[5/8/2012 13:16:26] (luaGetThingFromPos) Tile not found

[5/8/2012 13:16:29] [Error - Action Interface] 
[5/8/2012 13:16:29] data/actions/scripts/tools/rope.lua:onUse
[5/8/2012 13:16:29] Description: 
[5/8/2012 13:16:29] (luaGetThingFromPos) Tile not found

[5/8/2012 13:16:49] [Error - Action Interface] 
[5/8/2012 13:16:49] data/actions/scripts/tools/rope.lua:onUse
[5/8/2012 13:16:49] Description: 
[5/8/2012 13:16:49] (luaGetThingFromPos) Tile not found

[5/8/2012 13:16:51] [Error - Action Interface] 
[5/8/2012 13:16:51] data/actions/scripts/tools/rope.lua:onUse
[5/8/2012 13:16:51] Description: 
[5/8/2012 13:16:51] (luaGetThingFromPos) Tile not found

[5/8/2012 13:17:4] [Error - Action Interface] 
[5/8/2012 13:17:4] data/actions/scripts/tools/rope.lua:onUse
[5/8/2012 13:17:4] Description: 
[5/8/2012 13:17:4] (luaGetThingFromPos) Tile not found

[5/8/2012 13:17:7] [Error - Action Interface] 
[5/8/2012 13:17:7] data/actions/scripts/tools/rope.lua:onUse
[5/8/2012 13:17:7] Description: 
[5/8/2012 13:17:7] (luaGetThingFromPos) Tile not found
[5/8/2012 13:27:49] [Warning - Protocol::RSA_decrypt] Not valid packet size (IP: 189.123.142.152)

[5/8/2012 13:28:1] [Error - NpcScript Interface] 
[5/8/2012 13:28:1] (Unknown script file)
[5/8/2012 13:28:1] Description: 
[5/8/2012 13:28:1] attempt to call a nil value
[5/8/2012 13:28:1] stack traceback:

[5/8/2012 13:34:10] [Error - NpcScript Interface] 
[5/8/2012 13:34:10] (Unknown script file)
[5/8/2012 13:34:10] Description: 
[5/8/2012 13:34:10] attempt to call a nil value
[5/8/2012 13:34:10] stack traceback:

[5/8/2012 13:43:45] [Error - NpcScript Interface] 
[5/8/2012 13:43:45] (Unknown script file)
[5/8/2012 13:43:45] Description: 
[5/8/2012 13:43:45] attempt to call a nil value
[5/8/2012 13:43:45] stack traceback:
[5/8/2012 13:43:45] 	[C]: in function 'closeShopWindow'
[5/8/2012 13:43:45] 	data/npc/lib/npcsystem/npchandler.lua:225: in function 'releaseFocus'
[5/8/2012 13:43:45] 	data/npc/lib/npcsystem/npchandler.lua:591: in function 'onWalkAway'
[5/8/2012 13:43:45] 	data/npc/lib/npcsystem/npchandler.lua:523: in function 'onThink'
[5/8/2012 13:43:45] 	data/npc/scripts/game/default.lua:9: in function <data/npc/scripts/game/default.lua:9>

[5/8/2012 13:44:41] [Error - NpcScript Interface] 
[5/8/2012 13:44:41] (Unknown script file)
[5/8/2012 13:44:41] Description: 
[5/8/2012 13:44:41] attempt to call a nil value
[5/8/2012 13:44:41] stack traceback:
[5/8/2012 13:44:41] 	[C]: in function 'closeShopWindow'
[5/8/2012 13:44:41] 	data/npc/lib/npcsystem/npchandler.lua:225: in function 'releaseFocus'
[5/8/2012 13:44:41] 	data/npc/lib/npcsystem/npchandler.lua:591: in function 'onWalkAway'
[5/8/2012 13:44:41] 	data/npc/lib/npcsystem/npchandler.lua:523: in function 'onThink'
[5/8/2012 13:44:41] 	data/npc/scripts/game/default.lua:9: in function <data/npc/scripts/game/default.lua:9>

[5/8/2012 13:46:31] [Error - NpcScript Interface] 
[5/8/2012 13:46:31] (Unknown script file)
[5/8/2012 13:46:31] Description: 
[5/8/2012 13:46:31] attempt to call a nil value
[5/8/2012 13:46:31] stack traceback:
[5/8/2012 13:46:31] 	[C]: in function 'closeShopWindow'
[5/8/2012 13:46:31] 	data/npc/lib/npcsystem/npchandler.lua:225: in function 'releaseFocus'
[5/8/2012 13:46:31] 	data/npc/lib/npcsystem/npchandler.lua:591: in function 'onWalkAway'
[5/8/2012 13:46:31] 	data/npc/lib/npcsystem/npchandler.lua:523: in function 'onThink'
[5/8/2012 13:46:31] 	data/npc/scripts/game/default.lua:9: in function <data/npc/scripts/game/default.lua:9>

[5/8/2012 13:48:21] [Error - Action Interface] 
[5/8/2012 13:48:21] data/actions/scripts/tools/pick.lua:onUse
[5/8/2012 13:48:21] Description: 
[5/8/2012 13:48:21] (luaGetThingFromPos) Tile not found

[5/8/2012 13:48:21] [Error - Action Interface] 
[5/8/2012 13:48:21] data/actions/scripts/tools/pick.lua:onUse
[5/8/2012 13:48:21] Description: 
[5/8/2012 13:48:21] (luaGetThingFromPos) Tile not found

[5/8/2012 13:50:49] [Error - NpcScript Interface] 
[5/8/2012 13:50:49] (Unknown script file)
[5/8/2012 13:50:49] Description: 
[5/8/2012 13:50:49] attempt to call a nil value
[5/8/2012 13:50:49] stack traceback:

[5/8/2012 13:53:19] [Error - NpcScript Interface] 
[5/8/2012 13:53:19] (Unknown script file)
[5/8/2012 13:53:19] Description: 
[5/8/2012 13:53:19] attempt to call a nil value
[5/8/2012 13:53:19] stack traceback:

[5/8/2012 14:5:31] [Error - NpcScript Interface] 
[5/8/2012 14:5:31] (Unknown script file)
[5/8/2012 14:5:31] Description: 
[5/8/2012 14:5:31] attempt to call a nil value
[5/8/2012 14:5:31] stack traceback:
[5/8/2012 14:5:31] 	[C]: in function 'closeShopWindow'
[5/8/2012 14:5:31] 	data/npc/lib/npcsystem/npchandler.lua:225: in function 'releaseFocus'
[5/8/2012 14:5:31] 	data/npc/lib/npcsystem/npchandler.lua:591: in function 'onWalkAway'
[5/8/2012 14:5:31] 	data/npc/lib/npcsystem/npchandler.lua:523: in function 'onThink'
[5/8/2012 14:5:31] 	data/npc/scripts/game/default.lua:9: in function <data/npc/scripts/game/default.lua:9>

[5/8/2012 14:5:56] [Error - NpcScript Interface] 
[5/8/2012 14:5:56] (Unknown script file)
[5/8/2012 14:5:56] Description: 
[5/8/2012 14:5:56] attempt to call a nil value
[5/8/2012 14:5:56] stack traceback:
[5/8/2012 14:5:56] 	[C]: in function 'closeShopWindow'
[5/8/2012 14:5:56] 	data/npc/lib/npcsystem/npchandler.lua:225: in function 'releaseFocus'
[5/8/2012 14:5:56] 	data/npc/lib/npcsystem/npchandler.lua:591: in function 'onWalkAway'
[5/8/2012 14:5:56] 	data/npc/lib/npcsystem/npchandler.lua:523: in function 'onThink'
[5/8/2012 14:5:56] 	data/npc/scripts/game/default.lua:9: in function <data/npc/scripts/game/default.lua:9>

[5/8/2012 14:6:19] [Error - NpcScript Interface] 
[5/8/2012 14:6:19] (Unknown script file)
[5/8/2012 14:6:19] Description: 
[5/8/2012 14:6:19] attempt to call a nil value
[5/8/2012 14:6:19] stack traceback:

[5/8/2012 14:6:43] [Error - NpcScript Interface] 
[5/8/2012 14:6:43] (Unknown script file)
[5/8/2012 14:6:43] Description: 
[5/8/2012 14:6:43] attempt to call a nil value
[5/8/2012 14:6:43] stack traceback:

[5/8/2012 14:6:46] [Error - NpcScript Interface] 
[5/8/2012 14:6:46] (Unknown script file)
[5/8/2012 14:6:46] Description: 
[5/8/2012 14:6:46] attempt to call a nil value
[5/8/2012 14:6:46] stack traceback:
[5/8/2012 14:6:46] 	[C]: in function 'closeShopWindow'
[5/8/2012 14:6:46] 	data/npc/lib/npcsystem/npchandler.lua:225: in function 'releaseFocus'
[5/8/2012 14:6:46] 	data/npc/lib/npcsystem/npchandler.lua:591: in function 'onWalkAway'
[5/8/2012 14:6:46] 	data/npc/lib/npcsystem/npchandler.lua:523: in function 'onThink'
[5/8/2012 14:6:46] 	data/npc/scripts/game/default.lua:9: in function <data/npc/scripts/game/default.lua:9>
[5/8/2012 14:11:5] > Saving server...
[5/8/2012 14:11:14] > SAVE: Complete in 9.151 seconds using binary-tilebased house storage.

[5/8/2012 14:17:45] [Error - NpcScript Interface] 
[5/8/2012 14:17:45] (Unknown script file)
[5/8/2012 14:17:45] Description: 
[5/8/2012 14:17:45] attempt to call a nil value
[5/8/2012 14:17:45] stack traceback:
[5/8/2012 14:17:45] 	[C]: in function 'closeShopWindow'
[5/8/2012 14:17:45] 	data/npc/lib/npcsystem/npchandler.lua:225: in function 'releaseFocus'
[5/8/2012 14:17:45] 	data/npc/lib/npcsystem/npchandler.lua:591: in function 'onWalkAway'
[5/8/2012 14:17:45] 	data/npc/lib/npcsystem/npchandler.lua:523: in function 'onThink'
[5/8/2012 14:17:45] 	data/npc/scripts/game/default.lua:9: in function <data/npc/scripts/game/default.lua:9>

[5/8/2012 14:20:18] [Error - NpcScript Interface] 
[5/8/2012 14:20:18] (Unknown script file)
[5/8/2012 14:20:18] Description: 
[5/8/2012 14:20:18] attempt to call a nil value
[5/8/2012 14:20:18] stack traceback:
[5/8/2012 14:20:18] 	[C]: in function 'closeShopWindow'
[5/8/2012 14:20:18] 	data/npc/lib/npcsystem/npchandler.lua:225: in function 'releaseFocus'
[5/8/2012 14:20:18] 	data/npc/lib/npcsystem/npchandler.lua:591: in function 'onWalkAway'
[5/8/2012 14:20:18] 	data/npc/lib/npcsystem/npchandler.lua:523: in function 'onThink'
[5/8/2012 14:20:18] 	data/npc/scripts/game/blacksmith.lua:9: in function <data/npc/scripts/game/blacksmith.lua:9>

[5/8/2012 14:27:11] [Error - NpcScript Interface] 
[5/8/2012 14:27:11] (Unknown script file)
[5/8/2012 14:27:11] Description: 
[5/8/2012 14:27:11] attempt to call a nil value
[5/8/2012 14:27:11] stack traceback:
[5/8/2012 14:27:11] 	[C]: in function 'closeShopWindow'
[5/8/2012 14:27:11] 	data/npc/lib/npcsystem/npchandler.lua:225: in function 'releaseFocus'
[5/8/2012 14:27:11] 	data/npc/lib/npcsystem/npchandler.lua:591: in function 'onWalkAway'
[5/8/2012 14:27:11] 	data/npc/lib/npcsystem/npchandler.lua:523: in function 'onThink'
[5/8/2012 14:27:11] 	data/npc/scripts/game/default.lua:9: in function <data/npc/scripts/game/default.lua:9>

[5/8/2012 14:30:35] [Error - NpcScript Interface] 
[5/8/2012 14:30:35] (Unknown script file)
[5/8/2012 14:30:35] Description: 
[5/8/2012 14:30:35] attempt to call a nil value
[5/8/2012 14:30:35] stack traceback:
[5/8/2012 14:30:35] 	[C]: in function 'closeShopWindow'
[5/8/2012 14:30:35] 	data/npc/lib/npcsystem/npchandler.lua:225: in function 'releaseFocus'
[5/8/2012 14:30:35] 	data/npc/lib/npcsystem/npchandler.lua:591: in function 'onWalkAway'
[5/8/2012 14:30:35] 	data/npc/lib/npcsystem/npchandler.lua:523: in function 'onThink'
[5/8/2012 14:30:35] 	data/npc/scripts/game/default.lua:9: in function <data/npc/scripts/game/default.lua:9>

[5/8/2012 14:34:16] [Error - NpcScript Interface] 
[5/8/2012 14:34:16] (Unknown script file)
[5/8/2012 14:34:16] Description: 
[5/8/2012 14:34:16] attempt to call a nil value
[5/8/2012 14:34:16] stack traceback:
[5/8/2012 14:34:16] 	[C]: in function 'closeShopWindow'
[5/8/2012 14:34:16] 	data/npc/lib/npcsystem/npchandler.lua:225: in function 'releaseFocus'
[5/8/2012 14:34:16] 	data/npc/lib/npcsystem/npchandler.lua:591: in function 'onWalkAway'
[5/8/2012 14:34:16] 	data/npc/lib/npcsystem/npchandler.lua:523: in function 'onThink'
[5/8/2012 14:34:16] 	data/npc/scripts/game/rashid.lua:9: in function <data/npc/scripts/game/rashid.lua:9>

[5/8/2012 14:34:54] [Error - NpcScript Interface] 
[5/8/2012 14:34:54] (Unknown script file)
[5/8/2012 14:34:54] Description: 
[5/8/2012 14:34:54] attempt to call a nil value
[5/8/2012 14:34:54] stack traceback:
[5/8/2012 14:34:54] 	[C]: in function 'closeShopWindow'
[5/8/2012 14:34:54] 	data/npc/lib/npcsystem/npchandler.lua:225: in function 'releaseFocus'
[5/8/2012 14:34:54] 	data/npc/lib/npcsystem/npchandler.lua:591: in function 'onWalkAway'
[5/8/2012 14:34:54] 	data/npc/lib/npcsystem/npchandler.lua:523: in function 'onThink'
[5/8/2012 14:34:54] 	data/npc/scripts/game/default.lua:9: in function <data/npc/scripts/game/default.lua:9>

[5/8/2012 14:36:26] [Error - NpcScript Interface] 
[5/8/2012 14:36:26] (Unknown script file)
[5/8/2012 14:36:26] Description: 
[5/8/2012 14:36:26] attempt to call a nil value
[5/8/2012 14:36:26] stack traceback:
[5/8/2012 14:36:26] 	[C]: in function 'closeShopWindow'
[5/8/2012 14:36:26] 	data/npc/lib/npcsystem/npchandler.lua:225: in function 'releaseFocus'
[5/8/2012 14:36:26] 	data/npc/lib/npcsystem/npchandler.lua:591: in function 'onWalkAway'
[5/8/2012 14:36:26] 	data/npc/lib/npcsystem/npchandler.lua:523: in function 'onThink'
[5/8/2012 14:36:26] 	data/npc/scripts/game/default.lua:9: in function <data/npc/scripts/game/default.lua:9>

[5/8/2012 14:37:19] [Error - NpcScript Interface] 
[5/8/2012 14:37:19] (Unknown script file)
[5/8/2012 14:37:19] Description: 
[5/8/2012 14:37:19] attempt to call a nil value
[5/8/2012 14:37:19] stack traceback:

[5/8/2012 14:37:38] [Error - NpcScript Interface] 
[5/8/2012 14:37:38] (Unknown script file)
[5/8/2012 14:37:38] Description: 
[5/8/2012 14:37:38] attempt to call a nil value
[5/8/2012 14:37:38] stack traceback:
[5/8/2012 14:37:38] 	[C]: in function 'closeShopWindow'
[5/8/2012 14:37:38] 	data/npc/lib/npcsystem/npchandler.lua:225: in function 'releaseFocus'
[5/8/2012 14:37:38] 	data/npc/lib/npcsystem/npchandler.lua:591: in function 'onWalkAway'
[5/8/2012 14:37:38] 	data/npc/lib/npcsystem/npchandler.lua:523: in function 'onThink'
[5/8/2012 14:37:38] 	data/npc/scripts/game/default.lua:9: in function <data/npc/scripts/game/default.lua:9>

[5/8/2012 14:40:57] [Error - NpcScript Interface] 
[5/8/2012 14:40:57] (Unknown script file)
[5/8/2012 14:40:57] Description: 
[5/8/2012 14:40:57] attempt to call a nil value
[5/8/2012 14:40:57] stack traceback:
[5/8/2012 14:40:57] 	[C]: in function 'closeShopWindow'
[5/8/2012 14:40:57] 	data/npc/lib/npcsystem/npchandler.lua:225: in function 'releaseFocus'
[5/8/2012 14:40:57] 	data/npc/lib/npcsystem/npchandler.lua:591: in function 'onWalkAway'
[5/8/2012 14:40:57] 	data/npc/lib/npcsystem/npchandler.lua:523: in function 'onThink'
[5/8/2012 14:40:57] 	data/npc/scripts/game/default.lua:9: in function <data/npc/scripts/game/default.lua:9>

[5/8/2012 14:41:55] [Error - NpcScript Interface] 
[5/8/2012 14:41:55] (Unknown script file)
[5/8/2012 14:41:55] Description: 
[5/8/2012 14:41:55] attempt to call a nil value
[5/8/2012 14:41:55] stack traceback:
[5/8/2012 14:41:55] 	[C]: in function 'closeShopWindow'
[5/8/2012 14:41:55] 	data/npc/lib/npcsystem/npchandler.lua:225: in function 'releaseFocus'
[5/8/2012 14:41:55] 	data/npc/lib/npcsystem/npchandler.lua:591: in function 'onWalkAway'
[5/8/2012 14:41:55] 	data/npc/lib/npcsystem/npchandler.lua:523: in function 'onThink'
[5/8/2012 14:41:55] 	data/npc/scripts/game/bless/bless4.lua:9: in function <data/npc/scripts/game/bless/bless4.lua:9>
[5/8/2012 15:3:45] > Using MD5 encryption
[5/8/2012 15:3:45] >> Loading RSA key
[5/8/2012 15:3:45] >> Starting SQL connection

[5/8/2012 15:3:45] > WARNING: Outdated MySQL server detected, consider upgrading to a newer version.
[5/8/2012 15:3:45] >> Running Database Manager
[5/8/2012 15:3:45] >> Loading items (OTB)
[5/8/2012 15:3:45] >> Loading items (XML)
[5/8/2012 15:3:45] [Warning - Items::loadFromXml] Unknown key value blocksolid
[5/8/2012 15:3:45] [Warning - Items::loadFromXml] Unknown key value blocksolid
[5/8/2012 15:3:45] >> Loading groups
[5/8/2012 15:3:45] >> Loading vocations
[5/8/2012 15:3:45] >> Loading outfits
[5/8/2012 15:3:45] >> Loading chat channels
[5/8/2012 15:3:45] >> Loading script systems
[5/8/2012 15:3:46] [Warning - Event::loadScript] Event onTime not found (data/globalevents/scripts/clean.lua)
[5/8/2012 15:3:46] >> Loading mods...
[5/8/2012 15:3:46] > 0 mods were loaded.
[5/8/2012 15:3:46] >> Loading experience stages
[5/8/2012 15:3:46] >> Loading monsters
[5/8/2012 15:3:47] [Warning - Monsters::deserializeSpell] Frost Dragon - Unknown areaEffect: smallice
[5/8/2012 15:3:47] >> Loading map and spawns...
[5/8/2012 15:3:50] > Map size: 5000x5000.
[5/8/2012 15:3:50] > Map descriptions: 
[5/8/2012 15:3:50] "Saved with Remere's Map Editor 2.2"
[5/8/2012 15:3:50] "SimOne MapEditor 0.5.5"
[5/8/2012 15:3:52] [Warning - IOMap::loadMap] Movable item in house: 517, item type: 2741, pos 1070/1121/6
[5/8/2012 15:3:52] [Warning - IOMap::loadMap] Movable item in house: 518, item type: 2741, pos 1070/1129/6
[5/8/2012 15:3:52] [Warning - IOMap::loadMap] Movable item in house: 517, item type: 2741, pos 1073/1121/6
[5/8/2012 15:3:52] [Warning - IOMap::loadMap] Movable item in house: 518, item type: 2741, pos 1073/1129/6
[5/8/2012 15:3:53] Duplicate uniqueId 6401
[5/8/2012 15:3:53] Duplicate uniqueId 6401
[5/8/2012 15:3:56] Duplicate uniqueId 6401
[5/8/2012 15:3:56] Duplicate uniqueId 6401
[5/8/2012 15:3:56] Duplicate uniqueId 6401
[5/8/2012 15:3:56] Duplicate uniqueId 6401
[5/8/2012 15:4:0] Duplicate uniqueId 6401
[5/8/2012 15:4:0] Duplicate uniqueId 6401
[5/8/2012 15:4:2] Duplicate uniqueId 2004
[5/8/2012 15:4:2] Duplicate uniqueId 2005
[5/8/2012 15:4:2] Duplicate uniqueId 2006
[5/8/2012 15:4:2] Duplicate uniqueId 2007
[5/8/2012 15:4:6] Duplicate uniqueId 6401
[5/8/2012 15:4:6] Duplicate uniqueId 6401
[5/8/2012 15:4:6] Duplicate uniqueId 6401
[5/8/2012 15:4:8] Duplicate uniqueId 6400
[5/8/2012 15:4:8] Duplicate uniqueId 6401
[5/8/2012 15:4:8] Duplicate uniqueId 2056
[5/8/2012 15:4:8] Duplicate uniqueId 2057
[5/8/2012 15:4:8] Duplicate uniqueId 2058
[5/8/2012 15:4:8] Duplicate uniqueId 2051
[5/8/2012 15:4:8] Duplicate uniqueId 2052
[5/8/2012 15:4:8] Duplicate uniqueId 2053
[5/8/2012 15:4:8] Duplicate uniqueId 2054
[5/8/2012 15:4:8] > Map loading time: 20.664 seconds.
[5/8/2012 15:4:9] [Spawn::addMonster] Cannot find "Butterfly"
[5/8/2012 15:4:9] [Spawn::addMonster] Cannot find "Butterfly"
[5/8/2012 15:4:9] > Data parsing time: 1.351 seconds.
[5/8/2012 15:4:27] > Houses synchronization time: 17.502 seconds.
[5/8/2012 15:4:27] > Content unserialization time: 0.12 seconds.
[5/8/2012 15:4:27] >> Checking world type... Open PvP
[5/8/2012 15:4:27] >> Initializing game state and binding services...
[5/8/2012 15:4:29] > Global IP address: 184.173.128.212
[5/8/2012 15:4:29] > Bound ports: 7577	7578	9215	
[5/8/2012 15:4:29] >> Everything smells good, server is starting up...
[5/8/2012 15:4:29] [DDOS EMERGENCY] Enabled
>> UltraX server Online!
[5/8/2012 15:4:29] [DDOS EMERGENCY] Enabled
>> UltraX server Online!


[5/8/2012 15:11:5] [Error - NpcScript Interface] 
[5/8/2012 15:11:5] (Unknown script file)
[5/8/2012 15:11:5] Description: 
[5/8/2012 15:11:5] attempt to call a nil value
[5/8/2012 15:11:5] stack traceback:
[5/8/2012 15:11:5] 	[C]: in function 'closeShopWindow'
[5/8/2012 15:11:5] 	data/npc/lib/npcsystem/npchandler.lua:225: in function 'releaseFocus'
[5/8/2012 15:11:5] 	data/npc/lib/npcsystem/npchandler.lua:591: in function 'onWalkAway'
[5/8/2012 15:11:5] 	data/npc/lib/npcsystem/npchandler.lua:523: in function 'onThink'
[5/8/2012 15:11:5] 	data/npc/scripts/game/default.lua:9: in function <data/npc/scripts/game/default.lua:9>
[5/8/2012 15:12:40] > 0 mods were loaded.

[5/8/2012 15:22:28] [Error - Action Interface] 
[5/8/2012 15:22:28] data/actions/scripts/tools/pick.lua:onUse
[5/8/2012 15:22:28] Description: 
[5/8/2012 15:22:28] (luaGetThingFromPos) Tile not found

[5/8/2012 15:35:0] [Error - NpcScript Interface] 
[5/8/2012 15:35:0] (Unknown script file)
[5/8/2012 15:35:0] Description: 
[5/8/2012 15:35:0] attempt to call a nil value
[5/8/2012 15:35:0] stack traceback:

[5/8/2012 15:35:8] [Error - NpcScript Interface] 
[5/8/2012 15:35:8] (Unknown script file)
[5/8/2012 15:35:8] Description: 
[5/8/2012 15:35:8] attempt to call a nil value
[5/8/2012 15:35:8] stack traceback:

[5/8/2012 15:36:3] [Error - NpcScript Interface] 
[5/8/2012 15:36:3] (Unknown script file)
[5/8/2012 15:36:3] Description: 
[5/8/2012 15:36:3] attempt to call a nil value
[5/8/2012 15:36:3] stack traceback:
[5/8/2012 15:36:3] 	[C]: in function 'closeShopWindow'
[5/8/2012 15:36:3] 	data/npc/lib/npcsystem/npchandler.lua:225: in function 'releaseFocus'
[5/8/2012 15:36:3] 	data/npc/lib/npcsystem/npchandler.lua:591: in function 'onWalkAway'
[5/8/2012 15:36:3] 	data/npc/lib/npcsystem/npchandler.lua:523: in function 'onThink'
[5/8/2012 15:36:3] 	data/npc/scripts/game/default.lua:9: in function <data/npc/scripts/game/default.lua:9>
[5/8/2012 16:5:46] > Saving server...
[5/8/2012 16:5:54] > SAVE: Complete in 7.289 seconds using binary-tilebased house storage.

[5/8/2012 16:9:2] [Error - NpcScript Interface] 
[5/8/2012 16:9:2] (Unknown script file)
[5/8/2012 16:9:2] Description: 
[5/8/2012 16:9:2] attempt to call a nil value
[5/8/2012 16:9:2] stack traceback:
[5/8/2012 16:9:2] 	[C]: in function 'closeShopWindow'
[5/8/2012 16:9:2] 	data/npc/lib/npcsystem/npchandler.lua:225: in function 'releaseFocus'
[5/8/2012 16:9:2] 	data/npc/lib/npcsystem/npchandler.lua:591: in function 'onWalkAway'
[5/8/2012 16:9:2] 	data/npc/lib/npcsystem/npchandler.lua:523: in function 'onThink'
[5/8/2012 16:9:2] 	data/npc/scripts/game/default.lua:9: in function <data/npc/scripts/game/default.lua:9>

[5/8/2012 16:11:12] [Error - NpcScript Interface] 
[5/8/2012 16:11:12] (Unknown script file)
[5/8/2012 16:11:12] Description: 
[5/8/2012 16:11:12] attempt to call a nil value
[5/8/2012 16:11:12] stack traceback:

[5/8/2012 16:14:1] [Error - NpcScript Interface] 
[5/8/2012 16:14:1] (Unknown script file)
[5/8/2012 16:14:1] Description: 
[5/8/2012 16:14:1] attempt to call a nil value
[5/8/2012 16:14:1] stack traceback:

[5/8/2012 16:16:30] [Error - NpcScript Interface] 
[5/8/2012 16:16:30] (Unknown script file)
[5/8/2012 16:16:30] Description: 
[5/8/2012 16:16:30] attempt to call a nil value
[5/8/2012 16:16:30] stack traceback:
[5/8/2012 16:16:30] 	[C]: in function 'closeShopWindow'
[5/8/2012 16:16:30] 	data/npc/lib/npcsystem/npchandler.lua:225: in function 'releaseFocus'
[5/8/2012 16:16:30] 	data/npc/lib/npcsystem/npchandler.lua:591: in function 'onWalkAway'
[5/8/2012 16:16:30] 	data/npc/lib/npcsystem/npchandler.lua:523: in function 'onThink'
[5/8/2012 16:16:30] 	data/npc/scripts/game/default.lua:9: in function <data/npc/scripts/game/default.lua:9>

[5/8/2012 16:25:52] [Error - NpcScript Interface] 
[5/8/2012 16:25:52] (Unknown script file)
[5/8/2012 16:25:52] Description: 
[5/8/2012 16:25:52] attempt to call a nil value
[5/8/2012 16:25:52] stack traceback:
[5/8/2012 16:25:52] 	[C]: in function 'closeShopWindow'
[5/8/2012 16:25:52] 	data/npc/lib/npcsystem/npchandler.lua:225: in function 'releaseFocus'
[5/8/2012 16:25:52] 	data/npc/lib/npcsystem/npchandler.lua:591: in function 'onWalkAway'
[5/8/2012 16:25:52] 	data/npc/lib/npcsystem/npchandler.lua:523: in function 'onThink'
[5/8/2012 16:25:52] 	data/npc/scripts/game/default.lua:9: in function <data/npc/scripts/game/default.lua:9>

[5/8/2012 16:30:3] [Error - NpcScript Interface] 
[5/8/2012 16:30:3] (Unknown script file)
[5/8/2012 16:30:3] Description: 
[5/8/2012 16:30:3] attempt to call a nil value
[5/8/2012 16:30:3] stack traceback:
[5/8/2012 16:30:3] 	[C]: in function 'closeShopWindow'
[5/8/2012 16:30:3] 	data/npc/lib/npcsystem/npchandler.lua:225: in function 'releaseFocus'
[5/8/2012 16:30:3] 	data/npc/lib/npcsystem/npchandler.lua:591: in function 'onWalkAway'
[5/8/2012 16:30:3] 	data/npc/lib/npcsystem/npchandler.lua:523: in function 'onThink'
[5/8/2012 16:30:3] 	data/npc/scripts/game/rashid.lua:9: in function <data/npc/scripts/game/rashid.lua:9>

[5/8/2012 16:31:0] [Error - NpcScript Interface] 
[5/8/2012 16:31:0] (Unknown script file)
[5/8/2012 16:31:0] Description: 
[5/8/2012 16:31:0] attempt to call a nil value
[5/8/2012 16:31:0] stack traceback:
[5/8/2012 16:31:0] 	[C]: in function 'closeShopWindow'
[5/8/2012 16:31:0] 	data/npc/lib/npcsystem/npchandler.lua:225: in function 'releaseFocus'
[5/8/2012 16:31:0] 	data/npc/lib/npcsystem/npchandler.lua:591: in function 'onWalkAway'
[5/8/2012 16:31:0] 	data/npc/lib/npcsystem/npchandler.lua:523: in function 'onThink'
[5/8/2012 16:31:0] 	data/npc/scripts/game/default.lua:9: in function <data/npc/scripts/game/default.lua:9>

[5/8/2012 16:36:33] [Error - NpcScript Interface] 
[5/8/2012 16:36:33] (Unknown script file)
[5/8/2012 16:36:33] Description: 
[5/8/2012 16:36:33] attempt to call a nil value
[5/8/2012 16:36:33] stack traceback:
[5/8/2012 16:36:33] 	[C]: in function 'closeShopWindow'
[5/8/2012 16:36:33] 	data/npc/lib/npcsystem/npchandler.lua:225: in function 'releaseFocus'
[5/8/2012 16:36:33] 	data/npc/lib/npcsystem/npchandler.lua:591: in function 'onWalkAway'
[5/8/2012 16:36:33] 	data/npc/lib/npcsystem/npchandler.lua:523: in function 'onThink'
[5/8/2012 16:36:33] 	data/npc/scripts/game/default.lua:9: in function <data/npc/scripts/game/default.lua:9>

[5/8/2012 16:38:45] [Error - Action Interface] 
[5/8/2012 16:38:45] data/actions/scripts/tools/pick.lua:onUse
[5/8/2012 16:38:45] Description: 
[5/8/2012 16:38:45] (luaGetThingFromPos) Tile not found

[5/8/2012 16:52:21] [Error - NpcScript Interface] 
[5/8/2012 16:52:21] (Unknown script file)
[5/8/2012 16:52:21] Description: 
[5/8/2012 16:52:21] attempt to call a nil value
[5/8/2012 16:52:21] stack traceback:
[5/8/2012 16:52:21] 	[C]: in function 'closeShopWindow'
[5/8/2012 16:52:21] 	data/npc/lib/npcsystem/npchandler.lua:225: in function 'releaseFocus'
[5/8/2012 16:52:21] 	data/npc/lib/npcsystem/npchandler.lua:591: in function 'onWalkAway'
[5/8/2012 16:52:21] 	data/npc/lib/npcsystem/npchandler.lua:523: in function 'onThink'
[5/8/2012 16:52:21] 	data/npc/scripts/game/default.lua:9: in function <data/npc/scripts/game/default.lua:9>

[5/8/2012 17:5:22] [Error - NpcScript Interface] 
[5/8/2012 17:5:22] (Unknown script file)
[5/8/2012 17:5:22] Description: 
[5/8/2012 17:5:22] attempt to call a nil value
[5/8/2012 17:5:22] stack traceback:
[5/8/2012 17:5:22] 	[C]: in function 'closeShopWindow'
[5/8/2012 17:5:22] 	data/npc/lib/npcsystem/npchandler.lua:225: in function 'releaseFocus'
[5/8/2012 17:5:22] 	data/npc/lib/npcsystem/npchandler.lua:591: in function 'onWalkAway'
[5/8/2012 17:5:22] 	data/npc/lib/npcsystem/npchandler.lua:523: in function 'onThink'
[5/8/2012 17:5:22] 	data/npc/scripts/game/default.lua:9: in function <data/npc/scripts/game/default.lua:9>
[5/8/2012 17:5:46] > Saving server...
[5/8/2012 17:5:55] > SAVE: Complete in 8.797 seconds using binary-tilebased house storage.

[5/8/2012 17:10:37] [Error - NpcScript Interface] 
[5/8/2012 17:10:37] (Unknown script file)
[5/8/2012 17:10:37] Description: 
[5/8/2012 17:10:37] attempt to call a nil value
[5/8/2012 17:10:37] stack traceback:

[5/8/2012 17:18:5] [Error - NpcScript Interface] 
[5/8/2012 17:18:5] (Unknown script file)
[5/8/2012 17:18:5] Description: 
[5/8/2012 17:18:5] attempt to call a nil value
[5/8/2012 17:18:5] stack traceback:
[5/8/2012 17:18:5] 	[C]: in function 'closeShopWindow'
[5/8/2012 17:18:5] 	data/npc/lib/npcsystem/npchandler.lua:225: in function 'releaseFocus'
[5/8/2012 17:18:5] 	data/npc/lib/npcsystem/npchandler.lua:591: in function 'onWalkAway'
[5/8/2012 17:18:5] 	data/npc/lib/npcsystem/npchandler.lua:523: in function 'onThink'
[5/8/2012 17:18:5] 	data/npc/scripts/game/default.lua:9: in function <data/npc/scripts/game/default.lua:9>

[5/8/2012 17:28:47] [Error - NpcScript Interface] 
[5/8/2012 17:28:47] (Unknown script file)
[5/8/2012 17:28:47] Description: 
[5/8/2012 17:28:47] attempt to call a nil value
[5/8/2012 17:28:47] stack traceback:
[5/8/2012 17:28:47] 	[C]: in function 'closeShopWindow'
[5/8/2012 17:28:47] 	data/npc/lib/npcsystem/npchandler.lua:225: in function 'releaseFocus'
[5/8/2012 17:28:47] 	data/npc/lib/npcsystem/npchandler.lua:591: in function 'onWalkAway'
[5/8/2012 17:28:47] 	data/npc/lib/npcsystem/npchandler.lua:523: in function 'onThink'
[5/8/2012 17:28:47] 	data/npc/scripts/game/rashid.lua:9: in function <data/npc/scripts/game/rashid.lua:9>

[5/8/2012 17:33:30] [Error - Raid Interface] 
[5/8/2012 17:33:30] 	startRaid("demodras")
[5/8/2012 17:33:30] 	
[5/8/2012 17:33:30] Description: 
[5/8/2012 17:33:30] (luaDoCreateMonster) Cannot create monster: Dragon Lord

[5/8/2012 17:35:13] [Error - NpcScript Interface] 
[5/8/2012 17:35:13] (Unknown script file)
[5/8/2012 17:35:13] Description: 
[5/8/2012 17:35:13] attempt to call a nil value
[5/8/2012 17:35:13] stack traceback:
[5/8/2012 17:35:13] 	[C]: in function 'closeShopWindow'
[5/8/2012 17:35:13] 	data/npc/lib/npcsystem/npchandler.lua:225: in function 'releaseFocus'
[5/8/2012 17:35:13] 	data/npc/lib/npcsystem/npchandler.lua:363: in function 'unGreet'
[5/8/2012 17:35:13] 	data/npc/lib/npcsystem/npchandler.lua:576: in function 'onFarewell'
[5/8/2012 17:35:13] 	data/npc/lib/npcsystem/modules.lua:251: in function 'callback'
[5/8/2012 17:35:13] 	data/npc/lib/npcsystem/keywordhandler.lua:41: in function 'processMessage'
[5/8/2012 17:35:13] 	data/npc/lib/npcsystem/keywordhandler.lua:181: in function 'processNodeMessage'
[5/8/2012 17:35:13] 	data/npc/lib/npcsystem/keywordhandler.lua:140: in function 'processMessage'
[5/8/2012 17:35:13] 	data/npc/lib/npcsystem/npchandler.lua:423: in function 'onCreatureSay'
[5/8/2012 17:35:13] 	data/npc/scripts/game/default.lua:8: in function <data/npc/scripts/game/default.lua:8>

[5/8/2012 17:38:22] [Error - Spell Interface] 
[5/8/2012 17:38:22] data/spells/scripts/support/destroy_field_rune.lua:onCastSpell
[5/8/2012 17:38:22] Description: 
[5/8/2012 17:38:22] (luaDoRemoveItem) Item not found

[5/8/2012 17:39:52] [Error - Spell Interface] 
[5/8/2012 17:39:52] data/spells/scripts/support/destroy_field_rune.lua:onCastSpell
[5/8/2012 17:39:52] Description: 
[5/8/2012 17:39:52] (luaDoRemoveItem) Item not found

[5/8/2012 17:41:44] [Error - NpcScript Interface] 
[5/8/2012 17:41:44] (Unknown script file)
[5/8/2012 17:41:44] Description: 
[5/8/2012 17:41:44] attempt to call a nil value
[5/8/2012 17:41:44] stack traceback:
[5/8/2012 17:41:44] 	[C]: in function 'closeShopWindow'
[5/8/2012 17:41:44] 	data/npc/lib/npcsystem/npchandler.lua:225: in function 'releaseFocus'
[5/8/2012 17:41:44] 	data/npc/lib/npcsystem/npchandler.lua:591: in function 'onWalkAway'
[5/8/2012 17:41:44] 	data/npc/lib/npcsystem/npchandler.lua:523: in function 'onThink'
[5/8/2012 17:41:44] 	data/npc/scripts/game/default.lua:9: in function <data/npc/scripts/game/default.lua:9>

[5/8/2012 17:42:40] [Error - NpcScript Interface] 
[5/8/2012 17:42:40] (Unknown script file)
[5/8/2012 17:42:40] Description: 
[5/8/2012 17:42:40] attempt to call a nil value
[5/8/2012 17:42:40] stack traceback:
[5/8/2012 17:42:40] 	[C]: in function 'closeShopWindow'
[5/8/2012 17:42:40] 	data/npc/lib/npcsystem/npchandler.lua:225: in function 'releaseFocus'
[5/8/2012 17:42:40] 	data/npc/lib/npcsystem/npchandler.lua:591: in function 'onWalkAway'
[5/8/2012 17:42:40] 	data/npc/lib/npcsystem/npchandler.lua:523: in function 'onThink'
[5/8/2012 17:42:40] 	data/npc/scripts/game/default.lua:9: in function <data/npc/scripts/game/default.lua:9>

[5/8/2012 17:49:59] [Error - Spell Interface] 
[5/8/2012 17:49:59] data/spells/scripts/support/destroy_field_rune.lua:onCastSpell
[5/8/2012 17:49:59] Description: 
[5/8/2012 17:49:59] (luaDoRemoveItem) Item not found

[5/8/2012 17:57:57] [Error - NpcScript Interface] 
[5/8/2012 17:57:57] (Unknown script file)
[5/8/2012 17:57:57] Description: 
[5/8/2012 17:57:57] attempt to call a nil value
[5/8/2012 17:57:57] stack traceback:
[5/8/2012 17:57:57] 	[C]: in function 'closeShopWindow'
[5/8/2012 17:57:57] 	data/npc/lib/npcsystem/npchandler.lua:225: in function 'releaseFocus'
[5/8/2012 17:57:57] 	data/npc/lib/npcsystem/npchandler.lua:591: in function 'onWalkAway'
[5/8/2012 17:57:57] 	data/npc/lib/npcsystem/npchandler.lua:523: in function 'onThink'
[5/8/2012 17:57:57] 	data/npc/scripts/game/bless/bless4.lua:9: in function <data/npc/scripts/game/bless/bless4.lua:9>

[5/8/2012 18:4:30] [Error - NpcScript Interface] 
[5/8/2012 18:4:30] (Unknown script file)
[5/8/2012 18:4:30] Description: 
[5/8/2012 18:4:30] attempt to call a nil value
[5/8/2012 18:4:30] stack traceback:
[5/8/2012 18:4:30] 	[C]: in function 'closeShopWindow'
[5/8/2012 18:4:30] 	data/npc/lib/npcsystem/npchandler.lua:225: in function 'releaseFocus'
[5/8/2012 18:4:30] 	data/npc/lib/npcsystem/npchandler.lua:591: in function 'onWalkAway'
[5/8/2012 18:4:30] 	data/npc/lib/npcsystem/npchandler.lua:523: in function 'onThink'
[5/8/2012 18:4:30] 	data/npc/scripts/game/bless/bless4.lua:9: in function <data/npc/scripts/game/bless/bless4.lua:9>

[5/8/2012 18:5:17] [Error - NpcScript Interface] 
[5/8/2012 18:5:17] (Unknown script file)
[5/8/2012 18:5:17] Description: 
[5/8/2012 18:5:17] attempt to call a nil value
[5/8/2012 18:5:17] stack traceback:
[5/8/2012 18:5:17] 	[C]: in function 'closeShopWindow'
[5/8/2012 18:5:17] 	data/npc/lib/npcsystem/npchandler.lua:225: in function 'releaseFocus'
[5/8/2012 18:5:17] 	data/npc/lib/npcsystem/npchandler.lua:591: in function 'onWalkAway'
[5/8/2012 18:5:17] 	data/npc/lib/npcsystem/npchandler.lua:523: in function 'onThink'
[5/8/2012 18:5:17] 	data/npc/scripts/game/default.lua:9: in function <data/npc/scripts/game/default.lua:9>
[5/8/2012 18:5:46] > Saving server...
[5/8/2012 18:5:55] > SAVE: Complete in 8.921 seconds using binary-tilebased house storage.

[5/8/2012 18:12:32] [Error - Spell Interface] 
[5/8/2012 18:12:32] data/spells/scripts/support/destroy_field_rune.lua:onCastSpell
[5/8/2012 18:12:32] Description: 
[5/8/2012 18:12:32] (luaDoRemoveItem) Item not found

[5/8/2012 18:24:40] [Error - NpcScript Interface] 
[5/8/2012 18:24:40] In a timer event called from: 
[5/8/2012 18:24:40] data/npc/scripts/game/default.lua:onCreatureSay
[5/8/2012 18:24:40] Description: 
[5/8/2012 18:24:40] (luaOpenShopWindow) Creature not found

[5/8/2012 18:26:8] [Error - NpcScript Interface] 
[5/8/2012 18:26:8] (Unknown script file)
[5/8/2012 18:26:8] Description: 
[5/8/2012 18:26:8] attempt to call a nil value
[5/8/2012 18:26:8] stack traceback:
[5/8/2012 18:26:8] 	[C]: in function 'closeShopWindow'
[5/8/2012 18:26:8] 	data/npc/lib/npcsystem/npchandler.lua:225: in function 'releaseFocus'
[5/8/2012 18:26:8] 	data/npc/lib/npcsystem/npchandler.lua:591: in function 'onWalkAway'
[5/8/2012 18:26:8] 	data/npc/lib/npcsystem/npchandler.lua:523: in function 'onThink'
[5/8/2012 18:26:8] 	data/npc/scripts/game/default.lua:9: in function <data/npc/scripts/game/default.lua:9>
[5/8/2012 18:27:37] [Warning - Monsters::deserializeSpell] Frost Dragon - Unknown areaEffect: smallice
[5/8/2012 18:27:37] > 0 mods were loaded.
[5/8/2012 18:33:54] [Warning - Monsters::deserializeSpell] Frost Dragon - Unknown areaEffect: smallice
[5/8/2012 18:33:54] > 0 mods were loaded.
[5/8/2012 18:38:9] [Warning - Monsters::deserializeSpell] Frost Dragon - Unknown areaEffect: smallice
[5/8/2012 18:38:10] > 0 mods were loaded.

[5/8/2012 18:53:47] [Error - NpcScript Interface] 
[5/8/2012 18:53:47] (Unknown script file)
[5/8/2012 18:53:47] Description: 
[5/8/2012 18:53:47] attempt to call a nil value
[5/8/2012 18:53:47] stack traceback:
[5/8/2012 18:53:47] 	[C]: in function 'closeShopWindow'
[5/8/2012 18:53:47] 	data/npc/lib/npcsystem/npchandler.lua:225: in function 'releaseFocus'
[5/8/2012 18:53:47] 	data/npc/lib/npcsystem/npchandler.lua:591: in function 'onWalkAway'
[5/8/2012 18:53:47] 	data/npc/lib/npcsystem/npchandler.lua:523: in function 'onThink'
[5/8/2012 18:53:47] 	data/npc/scripts/game/default.lua:9: in function <data/npc/scripts/game/default.lua:9>

[5/8/2012 18:58:14] [Error - NpcScript Interface] 
[5/8/2012 18:58:14] (Unknown script file)
[5/8/2012 18:58:14] Description: 
[5/8/2012 18:58:14] attempt to call a nil value
[5/8/2012 18:58:14] stack traceback:
[5/8/2012 18:58:14] 	[C]: in function 'closeShopWindow'
[5/8/2012 18:58:14] 	data/npc/lib/npcsystem/npchandler.lua:225: in function 'releaseFocus'
[5/8/2012 18:58:14] 	data/npc/lib/npcsystem/npchandler.lua:591: in function 'onWalkAway'
[5/8/2012 18:58:14] 	data/npc/lib/npcsystem/npchandler.lua:523: in function 'onThink'
[5/8/2012 18:58:14] 	data/npc/scripts/game/bless/bless4.lua:9: in function <data/npc/scripts/game/bless/bless4.lua:9>

[5/8/2012 19:3:36] [Error - NpcScript Interface] 
[5/8/2012 19:3:36] (Unknown script file)
[5/8/2012 19:3:36] Description: 
[5/8/2012 19:3:36] attempt to call a nil value
[5/8/2012 19:3:36] stack traceback:
[5/8/2012 19:5:46] > Saving server...
[5/8/2012 19:5:56] > SAVE: Complete in 9.99 seconds using binary-tilebased house storage.

[5/8/2012 19:10:13] [Error - NpcScript Interface] 
[5/8/2012 19:10:13] (Unknown script file)
[5/8/2012 19:10:13] Description: 
[5/8/2012 19:10:13] attempt to call a nil value
[5/8/2012 19:10:13] stack traceback:
[5/8/2012 19:10:13] 	[C]: in function 'closeShopWindow'
[5/8/2012 19:10:13] 	data/npc/lib/npcsystem/npchandler.lua:225: in function 'releaseFocus'
[5/8/2012 19:10:13] 	data/npc/lib/npcsystem/npchandler.lua:591: in function 'onWalkAway'
[5/8/2012 19:10:13] 	data/npc/lib/npcsystem/npchandler.lua:523: in function 'onThink'
[5/8/2012 19:10:13] 	data/npc/scripts/game/default.lua:9: in function <data/npc/scripts/game/default.lua:9>

[5/8/2012 19:11:40] [Error - NpcScript Interface] 
[5/8/2012 19:11:40] (Unknown script file)
[5/8/2012 19:11:40] Description: 
[5/8/2012 19:11:40] attempt to call a nil value
[5/8/2012 19:11:40] stack traceback:

[5/8/2012 19:17:56] [Error - NpcScript Interface] 
[5/8/2012 19:17:56] (Unknown script file)
[5/8/2012 19:17:56] Description: 
[5/8/2012 19:17:56] attempt to call a nil value
[5/8/2012 19:17:56] stack traceback:

[5/8/2012 19:20:33] [Error - NpcScript Interface] 
[5/8/2012 19:20:33] (Unknown script file)
[5/8/2012 19:20:33] Description: 
[5/8/2012 19:20:33] attempt to call a nil value
[5/8/2012 19:20:33] stack traceback:
[5/8/2012 19:20:33] 	[C]: in function 'closeShopWindow'
[5/8/2012 19:20:33] 	data/npc/lib/npcsystem/npchandler.lua:225: in function 'releaseFocus'
[5/8/2012 19:20:33] 	data/npc/lib/npcsystem/npchandler.lua:591: in function 'onWalkAway'
[5/8/2012 19:20:33] 	data/npc/lib/npcsystem/npchandler.lua:523: in function 'onThink'
[5/8/2012 19:20:33] 	data/npc/scripts/game/default.lua:9: in function <data/npc/scripts/game/default.lua:9>

[5/8/2012 19:22:6] [Error - NpcScript Interface] 
[5/8/2012 19:22:6] (Unknown script file)
[5/8/2012 19:22:6] Description: 
[5/8/2012 19:22:6] attempt to call a nil value
[5/8/2012 19:22:6] stack traceback:
[5/8/2012 19:22:6] 	[C]: in function 'closeShopWindow'
[5/8/2012 19:22:6] 	data/npc/lib/npcsystem/npchandler.lua:225: in function 'releaseFocus'
[5/8/2012 19:22:6] 	data/npc/lib/npcsystem/npchandler.lua:591: in function 'onWalkAway'
[5/8/2012 19:22:6] 	data/npc/lib/npcsystem/npchandler.lua:523: in function 'onThink'
[5/8/2012 19:22:6] 	data/npc/scripts/game/default.lua:9: in function <data/npc/scripts/game/default.lua:9>

[5/8/2012 19:24:44] [Error - NpcScript Interface] 
[5/8/2012 19:24:44] (Unknown script file)
[5/8/2012 19:24:44] Description: 
[5/8/2012 19:24:44] attempt to call a nil value
[5/8/2012 19:24:44] stack traceback:
[5/8/2012 19:24:44] 	[C]: in function 'closeShopWindow'
[5/8/2012 19:24:44] 	data/npc/lib/npcsystem/npchandler.lua:225: in function 'releaseFocus'
[5/8/2012 19:24:44] 	data/npc/lib/npcsystem/npchandler.lua:591: in function 'onWalkAway'
[5/8/2012 19:24:44] 	data/npc/lib/npcsystem/npchandler.lua:523: in function 'onThink'
[5/8/2012 19:24:44] 	data/npc/scripts/game/default.lua:9: in function <data/npc/scripts/game/default.lua:9>

[5/8/2012 19:31:57] [Error - NpcScript Interface] 
[5/8/2012 19:31:57] (Unknown script file)
[5/8/2012 19:31:57] Description: 
[5/8/2012 19:31:57] attempt to call a nil value
[5/8/2012 19:31:57] stack traceback:

[5/8/2012 19:43:2] [Error - NpcScript Interface] 
[5/8/2012 19:43:2] (Unknown script file)
[5/8/2012 19:43:2] Description: 
[5/8/2012 19:43:2] attempt to call a nil value
[5/8/2012 19:43:2] stack traceback:
[5/8/2012 19:43:2] 	[C]: in function 'closeShopWindow'
[5/8/2012 19:43:2] 	data/npc/lib/npcsystem/npchandler.lua:225: in function 'releaseFocus'
[5/8/2012 19:43:2] 	data/npc/lib/npcsystem/npchandler.lua:591: in function 'onWalkAway'
[5/8/2012 19:43:2] 	data/npc/lib/npcsystem/npchandler.lua:523: in function 'onThink'
[5/8/2012 19:43:2] 	data/npc/scripts/game/default.lua:9: in function <data/npc/scripts/game/default.lua:9>

[5/8/2012 19:43:32] [Error - NpcScript Interface] 
[5/8/2012 19:43:32] (Unknown script file)
[5/8/2012 19:43:32] Description: 
[5/8/2012 19:43:32] attempt to call a nil value
[5/8/2012 19:43:32] stack traceback:
[5/8/2012 19:43:32] 	[C]: in function 'closeShopWindow'
[5/8/2012 19:43:32] 	data/npc/lib/npcsystem/npchandler.lua:225: in function 'releaseFocus'
[5/8/2012 19:43:32] 	data/npc/lib/npcsystem/npchandler.lua:591: in function 'onWalkAway'
[5/8/2012 19:43:32] 	data/npc/lib/npcsystem/npchandler.lua:523: in function 'onThink'
[5/8/2012 19:43:32] 	data/npc/scripts/game/blacksmith.lua:9: in function <data/npc/scripts/game/blacksmith.lua:9>

[5/8/2012 19:43:36] [Error - NpcScript Interface] 
[5/8/2012 19:43:36] (Unknown script file)
[5/8/2012 19:43:36] Description: 
[5/8/2012 19:43:36] attempt to call a nil value
[5/8/2012 19:43:36] stack traceback:
[5/8/2012 19:43:36] 	[C]: in function 'closeShopWindow'
[5/8/2012 19:43:36] 	data/npc/lib/npcsystem/npchandler.lua:225: in function 'releaseFocus'
[5/8/2012 19:43:36] 	data/npc/lib/npcsystem/npchandler.lua:591: in function 'onWalkAway'
[5/8/2012 19:43:36] 	data/npc/lib/npcsystem/npchandler.lua:523: in function 'onThink'
[5/8/2012 19:43:36] 	data/npc/scripts/game/default.lua:9: in function <data/npc/scripts/game/default.lua:9>

[5/8/2012 19:50:45] [Error - NpcScript Interface] 
[5/8/2012 19:50:45] (Unknown script file)
[5/8/2012 19:50:45] Description: 
[5/8/2012 19:50:45] attempt to call a nil value
[5/8/2012 19:50:45] stack traceback:
[5/8/2012 19:50:45] 	[C]: in function 'closeShopWindow'
[5/8/2012 19:50:45] 	data/npc/lib/npcsystem/npchandler.lua:225: in function 'releaseFocus'
[5/8/2012 19:50:45] 	data/npc/lib/npcsystem/npchandler.lua:591: in function 'onWalkAway'
[5/8/2012 19:50:45] 	data/npc/lib/npcsystem/npchandler.lua:523: in function 'onThink'
[5/8/2012 19:50:45] 	data/npc/scripts/game/default.lua:9: in function <data/npc/scripts/game/default.lua:9>

[5/8/2012 19:54:23] [Error - NpcScript Interface] 
[5/8/2012 19:54:23] (Unknown script file)
[5/8/2012 19:54:23] Description: 
[5/8/2012 19:54:23] attempt to call a nil value
[5/8/2012 19:54:23] stack traceback:

[5/8/2012 19:57:11] [Error - NpcScript Interface] 
[5/8/2012 19:57:11] (Unknown script file)
[5/8/2012 19:57:11] Description: 
[5/8/2012 19:57:11] attempt to call a nil value
[5/8/2012 19:57:11] stack traceback:
[5/8/2012 20:5:47] > Saving server...
[5/8/2012 20:5:57] > SAVE: Complete in 9.86 seconds using binary-tilebased house storage.

[5/8/2012 20:9:38] [Error - NpcScript Interface] 
[5/8/2012 20:9:38] (Unknown script file)
[5/8/2012 20:9:38] Description: 
[5/8/2012 20:9:38] attempt to call a nil value
[5/8/2012 20:9:38] stack traceback:

[5/8/2012 20:13:21] [Error - NpcScript Interface] 
[5/8/2012 20:13:21] (Unknown script file)
[5/8/2012 20:13:21] Description: 
[5/8/2012 20:13:21] attempt to call a nil value
[5/8/2012 20:13:21] stack traceback:

[5/8/2012 20:19:28] [Error - NpcScript Interface] 
[5/8/2012 20:19:28] (Unknown script file)
[5/8/2012 20:19:28] Description: 
[5/8/2012 20:19:28] attempt to call a nil value
[5/8/2012 20:19:28] stack traceback:
[5/8/2012 20:19:28] 	[C]: in function 'closeShopWindow'
[5/8/2012 20:19:28] 	data/npc/lib/npcsystem/npchandler.lua:225: in function 'releaseFocus'
[5/8/2012 20:19:28] 	data/npc/lib/npcsystem/npchandler.lua:591: in function 'onWalkAway'
[5/8/2012 20:19:28] 	data/npc/lib/npcsystem/npchandler.lua:523: in function 'onThink'
[5/8/2012 20:19:28] 	data/npc/scripts/game/default.lua:9: in function <data/npc/scripts/game/default.lua:9>

[5/8/2012 20:37:23] [Error - NpcScript Interface] 
[5/8/2012 20:37:23] (Unknown script file)
[5/8/2012 20:37:23] Description: 
[5/8/2012 20:37:23] attempt to call a nil value
[5/8/2012 20:37:23] stack traceback:
[5/8/2012 20:37:23] 	[C]: in function 'closeShopWindow'
[5/8/2012 20:37:23] 	data/npc/lib/npcsystem/npchandler.lua:225: in function 'releaseFocus'
[5/8/2012 20:37:23] 	data/npc/lib/npcsystem/npchandler.lua:363: in function 'unGreet'
[5/8/2012 20:37:23] 	data/npc/lib/npcsystem/npchandler.lua:576: in function 'onFarewell'
[5/8/2012 20:37:23] 	data/npc/lib/npcsystem/modules.lua:251: in function 'callback'
[5/8/2012 20:37:23] 	data/npc/lib/npcsystem/keywordhandler.lua:41: in function 'processMessage'
[5/8/2012 20:37:23] 	data/npc/lib/npcsystem/keywordhandler.lua:181: in function 'processNodeMessage'
[5/8/2012 20:37:23] 	data/npc/lib/npcsystem/keywordhandler.lua:140: in function 'processMessage'
[5/8/2012 20:37:23] 	data/npc/lib/npcsystem/npchandler.lua:423: in function 'onCreatureSay'
[5/8/2012 20:37:23] 	data/npc/scripts/game/default.lua:8: in function <data/npc/scripts/game/default.lua:8>

[5/8/2012 20:39:40] [Error - NpcScript Interface] 
[5/8/2012 20:39:40] (Unknown script file)
[5/8/2012 20:39:40] Description: 
[5/8/2012 20:39:40] attempt to call a nil value
[5/8/2012 20:39:40] stack traceback:

[5/8/2012 20:51:59] [Error - NpcScript Interface] 
[5/8/2012 20:51:59] (Unknown script file)
[5/8/2012 20:51:59] Description: 
[5/8/2012 20:51:59] attempt to call a nil value
[5/8/2012 20:51:59] stack traceback:
[5/8/2012 20:51:59] 	[C]: in function 'closeShopWindow'
[5/8/2012 20:51:59] 	data/npc/lib/npcsystem/npchandler.lua:225: in function 'releaseFocus'
[5/8/2012 20:51:59] 	data/npc/lib/npcsystem/npchandler.lua:591: in function 'onWalkAway'
[5/8/2012 20:51:59] 	data/npc/lib/npcsystem/npchandler.lua:523: in function 'onThink'
[5/8/2012 20:51:59] 	data/npc/scripts/game/bless/bless4.lua:9: in function <data/npc/scripts/game/bless/bless4.lua:9>
[5/8/2012 21:5:46] > Saving server...
[5/8/2012 21:5:55] > SAVE: Complete in 8.554 seconds using binary-tilebased house storage.

[5/8/2012 21:21:20] [Error - NpcScript Interface] 
[5/8/2012 21:21:20] (Unknown script file)
[5/8/2012 21:21:20] Description: 
[5/8/2012 21:21:20] attempt to call a nil value
[5/8/2012 21:21:20] stack traceback:
[5/8/2012 21:21:20] 	[C]: in function 'closeShopWindow'
[5/8/2012 21:21:20] 	data/npc/lib/npcsystem/npchandler.lua:225: in function 'releaseFocus'
[5/8/2012 21:21:20] 	data/npc/lib/npcsystem/npchandler.lua:591: in function 'onWalkAway'
[5/8/2012 21:21:20] 	data/npc/lib/npcsystem/npchandler.lua:523: in function 'onThink'
[5/8/2012 21:21:20] 	data/npc/scripts/game/default.lua:9: in function <data/npc/scripts/game/default.lua:9>

[5/8/2012 22:3:49] [Error - NpcScript Interface] 
[5/8/2012 22:3:49] (Unknown script file)
[5/8/2012 22:3:49] Description: 
[5/8/2012 22:3:49] attempt to call a nil value
[5/8/2012 22:3:49] stack traceback:
[5/8/2012 22:3:49] 	[C]: in function 'closeShopWindow'
[5/8/2012 22:3:49] 	data/npc/lib/npcsystem/npchandler.lua:225: in function 'releaseFocus'
[5/8/2012 22:3:49] 	data/npc/lib/npcsystem/npchandler.lua:591: in function 'onWalkAway'
[5/8/2012 22:3:49] 	data/npc/lib/npcsystem/npchandler.lua:523: in function 'onThink'
[5/8/2012 22:3:49] 	data/npc/scripts/game/default.lua:9: in function <data/npc/scripts/game/default.lua:9>
[5/8/2012 22:5:46] > Saving server...
[5/8/2012 22:5:56] > SAVE: Complete in 9.572 seconds using binary-tilebased house storage.

[5/8/2012 22:7:51] [Error - NpcScript Interface] 
[5/8/2012 22:7:51] (Unknown script file)
[5/8/2012 22:7:51] Description: 
[5/8/2012 22:7:51] attempt to call a nil value
[5/8/2012 22:7:51] stack traceback:
[5/8/2012 22:7:51] 	[C]: in function 'closeShopWindow'
[5/8/2012 22:7:51] 	data/npc/lib/npcsystem/npchandler.lua:225: in function 'releaseFocus'
[5/8/2012 22:7:51] 	data/npc/lib/npcsystem/npchandler.lua:591: in function 'onWalkAway'
[5/8/2012 22:7:51] 	data/npc/lib/npcsystem/npchandler.lua:523: in function 'onThink'
[5/8/2012 22:7:51] 	data/npc/scripts/game/default.lua:9: in function <data/npc/scripts/game/default.lua:9>

[5/8/2012 22:11:13] [Error - NpcScript Interface] 
[5/8/2012 22:11:13] (Unknown script file)
[5/8/2012 22:11:13] Description: 
[5/8/2012 22:11:13] attempt to call a nil value
[5/8/2012 22:11:13] stack traceback:
[5/8/2012 22:11:13] 	[C]: in function 'closeShopWindow'
[5/8/2012 22:11:13] 	data/npc/lib/npcsystem/npchandler.lua:225: in function 'releaseFocus'
[5/8/2012 22:11:13] 	data/npc/lib/npcsystem/npchandler.lua:591: in function 'onWalkAway'
[5/8/2012 22:11:13] 	data/npc/lib/npcsystem/npchandler.lua:523: in function 'onThink'
[5/8/2012 22:11:13] 	data/npc/scripts/game/default.lua:9: in function <data/npc/scripts/game/default.lua:9>

[5/8/2012 22:11:23] [Error - NpcScript Interface] 
[5/8/2012 22:11:23] (Unknown script file)
[5/8/2012 22:11:23] Description: 
[5/8/2012 22:11:23] attempt to call a nil value
[5/8/2012 22:11:23] stack traceback:
[5/8/2012 22:11:23] 	[C]: in function 'closeShopWindow'
[5/8/2012 22:11:23] 	data/npc/lib/npcsystem/npchandler.lua:225: in function 'releaseFocus'
[5/8/2012 22:11:23] 	data/npc/lib/npcsystem/npchandler.lua:591: in function 'onWalkAway'
[5/8/2012 22:11:23] 	data/npc/lib/npcsystem/npchandler.lua:523: in function 'onThink'
[5/8/2012 22:11:23] 	data/npc/scripts/game/default.lua:9: in function <data/npc/scripts/game/default.lua:9>

[5/8/2012 22:12:21] [Error - NpcScript Interface] 
[5/8/2012 22:12:21] (Unknown script file)
[5/8/2012 22:12:21] Description: 
[5/8/2012 22:12:21] attempt to call a nil value
[5/8/2012 22:12:21] stack traceback:
[5/8/2012 22:12:21] 	[C]: in function 'closeShopWindow'
[5/8/2012 22:12:21] 	data/npc/lib/npcsystem/npchandler.lua:225: in function 'releaseFocus'
[5/8/2012 22:12:21] 	data/npc/lib/npcsystem/npchandler.lua:591: in function 'onWalkAway'
[5/8/2012 22:12:21] 	data/npc/lib/npcsystem/npchandler.lua:523: in function 'onThink'
[5/8/2012 22:12:21] 	data/npc/scripts/game/default.lua:9: in function <data/npc/scripts/game/default.lua:9>
[5/8/2012 22:16:58] [Warning - Protocol::RSA_decrypt] Not valid packet size (IP: 186.213.130.146)

[5/8/2012 22:23:18] [Error - NpcScript Interface] 
[5/8/2012 22:23:18] (Unknown script file)
[5/8/2012 22:23:18] Description: 
[5/8/2012 22:23:18] attempt to call a nil value
[5/8/2012 22:23:18] stack traceback:

[5/8/2012 22:24:26] [Error - NpcScript Interface] 
[5/8/2012 22:24:26] (Unknown script file)
[5/8/2012 22:24:26] Description: 
[5/8/2012 22:24:26] attempt to call a nil value
[5/8/2012 22:24:26] stack traceback:

[5/8/2012 22:30:9] [Error - NpcScript Interface] 
[5/8/2012 22:30:9] (Unknown script file)
[5/8/2012 22:30:9] Description: 
[5/8/2012 22:30:9] attempt to call a nil value
[5/8/2012 22:30:9] stack traceback:

[5/8/2012 22:34:44] [Error - NpcScript Interface] 
[5/8/2012 22:34:44] (Unknown script file)
[5/8/2012 22:34:44] Description: 
[5/8/2012 22:34:44] attempt to call a nil value
[5/8/2012 22:34:44] stack traceback:

[5/8/2012 22:35:30] [Error - NpcScript Interface] 
[5/8/2012 22:35:30] (Unknown script file)
[5/8/2012 22:35:30] Description: 
[5/8/2012 22:35:30] attempt to call a nil value
[5/8/2012 22:35:30] stack traceback:

[5/8/2012 22:44:41] [Error - NpcScript Interface] 
[5/8/2012 22:44:41] (Unknown script file)
[5/8/2012 22:44:41] Description: 
[5/8/2012 22:44:41] attempt to call a nil value
[5/8/2012 22:44:41] stack traceback:

[5/8/2012 23:3:56] [Error - NpcScript Interface] 
[5/8/2012 23:3:56] (Unknown script file)
[5/8/2012 23:3:56] Description: 
[5/8/2012 23:3:56] attempt to call a nil value
[5/8/2012 23:3:56] stack traceback:
[5/8/2012 23:5:46] > Saving server...
[5/8/2012 23:5:55] > SAVE: Complete in 8.584 seconds using binary-tilebased house storage.

[5/8/2012 23:16:2] [Error - Action Interface] 
[5/8/2012 23:16:2] data/actions/scripts/tools/pick.lua:onUse
[5/8/2012 23:16:2] Description: 
[5/8/2012 23:16:2] (luaGetThingFromPos) Tile not found

[5/8/2012 23:44:19] [Error - NpcScript Interface] 
[5/8/2012 23:44:19] (Unknown script file)
[5/8/2012 23:44:19] Description: 
[5/8/2012 23:44:19] attempt to call a nil value
[5/8/2012 23:44:19] stack traceback:
[5/8/2012 23:44:19] 	[C]: in function 'closeShopWindow'
[5/8/2012 23:44:19] 	data/npc/lib/npcsystem/npchandler.lua:225: in function 'releaseFocus'
[5/8/2012 23:44:19] 	data/npc/lib/npcsystem/npchandler.lua:591: in function 'onWalkAway'
[5/8/2012 23:44:19] 	data/npc/lib/npcsystem/npchandler.lua:523: in function 'onThink'
[5/8/2012 23:44:19] 	data/npc/scripts/game/default.lua:9: in function <data/npc/scripts/game/default.lua:9>

[5/8/2012 23:51:3] [Error - NpcScript Interface] 
[5/8/2012 23:51:3] (Unknown script file)
[5/8/2012 23:51:3] Description: 
[5/8/2012 23:51:3] attempt to call a nil value
[5/8/2012 23:51:3] stack traceback:
[5/8/2012 23:51:3] 	[C]: in function 'closeShopWindow'
[5/8/2012 23:51:3] 	data/npc/lib/npcsystem/npchandler.lua:225: in function 'releaseFocus'
[5/8/2012 23:51:3] 	data/npc/lib/npcsystem/npchandler.lua:591: in function 'onWalkAway'
[5/8/2012 23:51:3] 	data/npc/lib/npcsystem/npchandler.lua:523: in function 'onThink'
[5/8/2012 23:51:3] 	data/npc/scripts/game/default.lua:9: in function <data/npc/scripts/game/default.lua:9>

[5/8/2012 23:53:23] [Error - NpcScript Interface] 
[5/8/2012 23:53:23] (Unknown script file)
[5/8/2012 23:53:23] Description: 
[5/8/2012 23:53:23] attempt to call a nil value
[5/8/2012 23:53:23] stack traceback:

[5/8/2012 23:54:19] [Error - NpcScript Interface] 
[5/8/2012 23:54:19] (Unknown script file)
[5/8/2012 23:54:19] Description: 
[5/8/2012 23:54:19] attempt to call a nil value
[5/8/2012 23:54:19] stack traceback:

[5/8/2012 23:56:41] [Error - NpcScript Interface] 
[5/8/2012 23:56:41] (Unknown script file)
[5/8/2012 23:56:41] Description: 
[5/8/2012 23:56:41] attempt to call a nil value
[5/8/2012 23:56:41] stack traceback:

[5/8/2012 23:57:37] [Error - NpcScript Interface] 
[5/8/2012 23:57:37] (Unknown script file)
[5/8/2012 23:57:37] Description: 
[5/8/2012 23:57:37] attempt to call a nil value
[5/8/2012 23:57:37] stack traceback:
[6/8/2012 0:5:46] > Saving server...
[6/8/2012 0:5:56] > SAVE: Complete in 9.179 seconds using binary-tilebased house storage.

[6/8/2012 0:12:42] [Error - NpcScript Interface] 
[6/8/2012 0:12:42] (Unknown script file)
[6/8/2012 0:12:42] Description: 
[6/8/2012 0:12:42] attempt to call a nil value
[6/8/2012 0:12:42] stack traceback:

[6/8/2012 0:22:59] [Error - NpcScript Interface] 
[6/8/2012 0:22:59] (Unknown script file)
[6/8/2012 0:22:59] Description: 
[6/8/2012 0:22:59] attempt to call a nil value
[6/8/2012 0:22:59] stack traceback:

[6/8/2012 0:23:39] [Error - NpcScript Interface] 
[6/8/2012 0:23:39] (Unknown script file)
[6/8/2012 0:23:39] Description: 
[6/8/2012 0:23:39] attempt to call a nil value
[6/8/2012 0:23:39] stack traceback:
[6/8/2012 0:23:39] 	[C]: in function 'closeShopWindow'
[6/8/2012 0:23:39] 	data/npc/lib/npcsystem/npchandler.lua:225: in function 'releaseFocus'
[6/8/2012 0:23:39] 	data/npc/lib/npcsystem/npchandler.lua:591: in function 'onWalkAway'
[6/8/2012 0:23:39] 	data/npc/lib/npcsystem/npchandler.lua:523: in function 'onThink'
[6/8/2012 0:23:39] 	data/npc/scripts/game/default.lua:9: in function <data/npc/scripts/game/default.lua:9>

[6/8/2012 0:25:24] [Error - NpcScript Interface] 
[6/8/2012 0:25:24] (Unknown script file)
[6/8/2012 0:25:24] Description: 
[6/8/2012 0:25:24] attempt to call a nil value
[6/8/2012 0:25:24] stack traceback:

[6/8/2012 0:31:45] [Error - NpcScript Interface] 
[6/8/2012 0:31:45] (Unknown script file)
[6/8/2012 0:31:45] Description: 
[6/8/2012 0:31:45] attempt to call a nil value
[6/8/2012 0:31:45] stack traceback:

[6/8/2012 0:36:45] [Error - NpcScript Interface] 
[6/8/2012 0:36:45] (Unknown script file)
[6/8/2012 0:36:45] Description: 
[6/8/2012 0:36:45] attempt to call a nil value
[6/8/2012 0:36:45] stack traceback:

[6/8/2012 0:37:5] [Error - NpcScript Interface] 
[6/8/2012 0:37:5] (Unknown script file)
[6/8/2012 0:37:5] Description: 
[6/8/2012 0:37:5] attempt to call a nil value
[6/8/2012 0:37:5] stack traceback:
[6/8/2012 0:37:5] 	[C]: in function 'closeShopWindow'
[6/8/2012 0:37:5] 	data/npc/lib/npcsystem/npchandler.lua:225: in function 'releaseFocus'
[6/8/2012 0:37:5] 	data/npc/lib/npcsystem/npchandler.lua:591: in function 'onWalkAway'
[6/8/2012 0:37:5] 	data/npc/lib/npcsystem/npchandler.lua:523: in function 'onThink'
[6/8/2012 0:37:5] 	data/npc/scripts/game/default.lua:9: in function <data/npc/scripts/game/default.lua:9>

[6/8/2012 0:37:6] [Error - NpcScript Interface] 
[6/8/2012 0:37:6] (Unknown script file)
[6/8/2012 0:37:6] Description: 
[6/8/2012 0:37:6] attempt to call a nil value
[6/8/2012 0:37:6] stack traceback:
[6/8/2012 0:37:6] 	[C]: in function 'closeShopWindow'
[6/8/2012 0:37:6] 	data/npc/lib/npcsystem/npchandler.lua:225: in function 'releaseFocus'
[6/8/2012 0:37:6] 	data/npc/lib/npcsystem/npchandler.lua:591: in function 'onWalkAway'
[6/8/2012 0:37:6] 	data/npc/lib/npcsystem/npchandler.lua:523: in function 'onThink'
[6/8/2012 0:37:6] 	data/npc/scripts/game/default.lua:9: in function <data/npc/scripts/game/default.lua:9>

[6/8/2012 0:41:0] [Error - Action Interface] 
[6/8/2012 0:41:0] data/actions/scripts/tools/pick.lua:onUse
[6/8/2012 0:41:0] Description: 
[6/8/2012 0:41:0] (luaGetThingFromPos) Tile not found

[6/8/2012 0:44:12] [Error - NpcScript Interface] 
[6/8/2012 0:44:12] (Unknown script file)
[6/8/2012 0:44:12] Description: 
[6/8/2012 0:44:12] attempt to call a nil value
[6/8/2012 0:44:12] stack traceback:

[6/8/2012 0:46:3] [Error - NpcScript Interface] 
[6/8/2012 0:46:3] (Unknown script file)
[6/8/2012 0:46:3] Description: 
[6/8/2012 0:46:3] attempt to call a nil value
[6/8/2012 0:46:3] stack traceback:
[6/8/2012 0:46:3] 	[C]: in function 'closeShopWindow'
[6/8/2012 0:46:3] 	data/npc/lib/npcsystem/npchandler.lua:225: in function 'releaseFocus'
[6/8/2012 0:46:3] 	data/npc/lib/npcsystem/npchandler.lua:591: in function 'onWalkAway'
[6/8/2012 0:46:3] 	data/npc/lib/npcsystem/npchandler.lua:523: in function 'onThink'
[6/8/2012 0:46:3] 	data/npc/scripts/game/blacksmith.lua:9: in function <data/npc/scripts/game/blacksmith.lua:9>

[6/8/2012 0:46:4] [Error - NpcScript Interface] 
[6/8/2012 0:46:4] (Unknown script file)
[6/8/2012 0:46:4] Description: 
[6/8/2012 0:46:4] attempt to call a nil value
[6/8/2012 0:46:4] stack traceback:
[6/8/2012 0:46:4] 	[C]: in function 'closeShopWindow'
[6/8/2012 0:46:4] 	data/npc/lib/npcsystem/npchandler.lua:225: in function 'releaseFocus'
[6/8/2012 0:46:4] 	data/npc/lib/npcsystem/npchandler.lua:591: in function 'onWalkAway'
[6/8/2012 0:46:4] 	data/npc/lib/npcsystem/npchandler.lua:523: in function 'onThink'
[6/8/2012 0:46:4] 	data/npc/scripts/game/default.lua:9: in function <data/npc/scripts/game/default.lua:9>

[6/8/2012 0:56:18] [Error - NpcScript Interface] 
[6/8/2012 0:56:18] (Unknown script file)
[6/8/2012 0:56:18] Description: 
[6/8/2012 0:56:18] attempt to call a nil value
[6/8/2012 0:56:18] stack traceback:
[6/8/2012 0:56:18] 	[C]: in function 'closeShopWindow'
[6/8/2012 0:56:18] 	data/npc/lib/npcsystem/npchandler.lua:225: in function 'releaseFocus'
[6/8/2012 0:56:18] 	data/npc/lib/npcsystem/npchandler.lua:591: in function 'onWalkAway'
[6/8/2012 0:56:18] 	data/npc/lib/npcsystem/npchandler.lua:523: in function 'onThink'
[6/8/2012 0:56:18] 	data/npc/scripts/game/default.lua:9: in function <data/npc/scripts/game/default.lua:9>
[6/8/2012 1:5:46] > Saving server...
[6/8/2012 1:5:54] > SAVE: Complete in 7.528 seconds using binary-tilebased house storage.

[6/8/2012 1:24:44] [Error - NpcScript Interface] 
[6/8/2012 1:24:44] (Unknown script file)
[6/8/2012 1:24:44] Description: 
[6/8/2012 1:24:44] attempt to call a nil value
[6/8/2012 1:24:44] stack traceback:
[6/8/2012 1:24:44] 	[C]: in function 'closeShopWindow'
[6/8/2012 1:24:44] 	data/npc/lib/npcsystem/npchandler.lua:225: in function 'releaseFocus'
[6/8/2012 1:24:44] 	data/npc/lib/npcsystem/npchandler.lua:591: in function 'onWalkAway'
[6/8/2012 1:24:44] 	data/npc/lib/npcsystem/npchandler.lua:523: in function 'onThink'
[6/8/2012 1:24:44] 	data/npc/scripts/game/default.lua:9: in function <data/npc/scripts/game/default.lua:9>

[6/8/2012 1:39:15] [Error - NpcScript Interface] 
[6/8/2012 1:39:15] (Unknown script file)
[6/8/2012 1:39:15] Description: 
[6/8/2012 1:39:15] attempt to call a nil value
[6/8/2012 1:39:15] stack traceback:
[6/8/2012 1:39:15] 	[C]: in function 'closeShopWindow'
[6/8/2012 1:39:15] 	data/npc/lib/npcsystem/npchandler.lua:225: in function 'releaseFocus'
[6/8/2012 1:39:15] 	data/npc/lib/npcsystem/npchandler.lua:591: in function 'onWalkAway'
[6/8/2012 1:39:15] 	data/npc/lib/npcsystem/npchandler.lua:523: in function 'onThink'
[6/8/2012 1:39:15] 	data/npc/scripts/game/default.lua:9: in function <data/npc/scripts/game/default.lua:9>

[6/8/2012 1:47:59] [Error - NpcScript Interface] 
[6/8/2012 1:47:59] (Unknown script file)
[6/8/2012 1:47:59] Description: 
[6/8/2012 1:47:59] attempt to call a nil value
[6/8/2012 1:47:59] stack traceback:
[6/8/2012 2:5:46] > Saving server...
[6/8/2012 2:5:53] > SAVE: Complete in 6.31 seconds using binary-tilebased house storage.

[6/8/2012 2:6:18] [Error - NpcScript Interface] 
[6/8/2012 2:6:18] (Unknown script file)
[6/8/2012 2:6:18] Description: 
[6/8/2012 2:6:18] attempt to call a nil value
[6/8/2012 2:6:18] stack traceback:
[6/8/2012 2:6:18] 	[C]: in function 'closeShopWindow'
[6/8/2012 2:6:18] 	data/npc/lib/npcsystem/npchandler.lua:225: in function 'releaseFocus'
[6/8/2012 2:6:18] 	data/npc/lib/npcsystem/npchandler.lua:591: in function 'onWalkAway'
[6/8/2012 2:6:18] 	data/npc/lib/npcsystem/npchandler.lua:523: in function 'onThink'
[6/8/2012 2:6:18] 	data/npc/scripts/game/default.lua:9: in function <data/npc/scripts/game/default.lua:9>

[6/8/2012 2:29:13] [Error - NpcScript Interface] 
[6/8/2012 2:29:13] (Unknown script file)
[6/8/2012 2:29:13] Description: 
[6/8/2012 2:29:13] attempt to call a nil value
[6/8/2012 2:29:13] stack traceback:
[6/8/2012 2:29:13] 	[C]: in function 'closeShopWindow'
[6/8/2012 2:29:13] 	data/npc/lib/npcsystem/npchandler.lua:225: in function 'releaseFocus'
[6/8/2012 2:29:13] 	data/npc/lib/npcsystem/npchandler.lua:591: in function 'onWalkAway'
[6/8/2012 2:29:13] 	data/npc/lib/npcsystem/npchandler.lua:523: in function 'onThink'
[6/8/2012 2:29:13] 	data/npc/scripts/game/default.lua:9: in function <data/npc/scripts/game/default.lua:9>

[6/8/2012 2:50:27] [Error - NpcScript Interface] 
[6/8/2012 2:50:27] (Unknown script file)
[6/8/2012 2:50:27] Description: 
[6/8/2012 2:50:27] attempt to call a nil value
[6/8/2012 2:50:27] stack traceback:

[6/8/2012 2:56:59] [Error - NpcScript Interface] 
[6/8/2012 2:56:59] (Unknown script file)
[6/8/2012 2:56:59] Description: 
[6/8/2012 2:56:59] attempt to call a nil value
[6/8/2012 2:56:59] stack traceback:
[6/8/2012 3:5:46] > Saving server...
[6/8/2012 3:5:52] > SAVE: Complete in 5.216 seconds using binary-tilebased house storage.

[6/8/2012 3:23:26] [Error - NpcScript Interface] 
[6/8/2012 3:23:26] (Unknown script file)
[6/8/2012 3:23:26] Description: 
[6/8/2012 3:23:26] attempt to call a nil value
[6/8/2012 3:23:26] stack traceback:
[6/8/2012 3:23:26] 	[C]: in function 'closeShopWindow'
[6/8/2012 3:23:26] 	data/npc/lib/npcsystem/npchandler.lua:225: in function 'releaseFocus'
[6/8/2012 3:23:26] 	data/npc/lib/npcsystem/npchandler.lua:591: in function 'onWalkAway'
[6/8/2012 3:23:26] 	data/npc/lib/npcsystem/npchandler.lua:523: in function 'onThink'
[6/8/2012 3:23:26] 	data/npc/scripts/game/default.lua:9: in function <data/npc/scripts/game/default.lua:9>
[6/8/2012 4:5:46] > Saving server...
[6/8/2012 4:5:51] > SAVE: Complete in 5.054 seconds using binary-tilebased house storage.

[6/8/2012 4:13:0] [Error - NpcScript Interface] 
[6/8/2012 4:13:0] (Unknown script file)
[6/8/2012 4:13:0] Description: 
[6/8/2012 4:13:0] attempt to call a nil value
[6/8/2012 4:13:0] stack traceback:
[6/8/2012 4:13:0] 	[C]: in function 'closeShopWindow'
[6/8/2012 4:13:0] 	data/npc/lib/npcsystem/npchandler.lua:225: in function 'releaseFocus'
[6/8/2012 4:13:0] 	data/npc/lib/npcsystem/npchandler.lua:591: in function 'onWalkAway'
[6/8/2012 4:13:0] 	data/npc/lib/npcsystem/npchandler.lua:523: in function 'onThink'
[6/8/2012 4:13:0] 	data/npc/scripts/game/blacksmith.lua:9: in function <data/npc/scripts/game/blacksmith.lua:9>
[6/8/2012 4:27:57] [Warning - Protocol::RSA_decrypt] Not valid packet size (IP: 200.199.41.129)

[6/8/2012 4:54:36] [Error - NpcScript Interface] 
[6/8/2012 4:54:36] (Unknown script file)
[6/8/2012 4:54:36] Description: 
[6/8/2012 4:54:36] attempt to call a nil value
[6/8/2012 4:54:36] stack traceback:
[6/8/2012 5:5:46] > Saving server...
[6/8/2012 5:5:51] > SAVE: Complete in 4.412 seconds using binary-tilebased house storage.

[6/8/2012 5:7:50] [Error - NpcScript Interface] 
[6/8/2012 5:7:50] (Unknown script file)
[6/8/2012 5:7:50] Description: 
[6/8/2012 5:7:50] attempt to call a nil value
[6/8/2012 5:7:50] stack traceback:
[6/8/2012 5:7:50] 	[C]: in function 'closeShopWindow'
[6/8/2012 5:7:50] 	data/npc/lib/npcsystem/npchandler.lua:225: in function 'releaseFocus'
[6/8/2012 5:7:50] 	data/npc/lib/npcsystem/npchandler.lua:591: in function 'onWalkAway'
[6/8/2012 5:7:50] 	data/npc/lib/npcsystem/npchandler.lua:523: in function 'onThink'
[6/8/2012 5:7:50] 	data/npc/scripts/game/default.lua:9: in function <data/npc/scripts/game/default.lua:9>

[6/8/2012 6:1:40] [Error - NpcScript Interface] 
[6/8/2012 6:1:40] (Unknown script file)
[6/8/2012 6:1:40] Description: 
[6/8/2012 6:1:40] attempt to call a nil value
[6/8/2012 6:1:40] stack traceback:
[6/8/2012 6:1:40] 	[C]: in function 'closeShopWindow'
[6/8/2012 6:1:40] 	data/npc/lib/npcsystem/npchandler.lua:225: in function 'releaseFocus'
[6/8/2012 6:1:40] 	data/npc/lib/npcsystem/npchandler.lua:591: in function 'onWalkAway'
[6/8/2012 6:1:40] 	data/npc/lib/npcsystem/npchandler.lua:523: in function 'onThink'
[6/8/2012 6:1:40] 	data/npc/scripts/game/default.lua:9: in function <data/npc/scripts/game/default.lua:9>
[6/8/2012 6:5:46] > Saving server...
[6/8/2012 6:5:51] > SAVE: Complete in 4.343 seconds using binary-tilebased house storage.

[6/8/2012 6:33:37] [Error - NpcScript Interface] 
[6/8/2012 6:33:37] (Unknown script file)
[6/8/2012 6:33:37] Description: 
[6/8/2012 6:33:37] attempt to call a nil value
[6/8/2012 6:33:37] stack traceback:
[6/8/2012 6:33:37] 	[C]: in function 'closeShopWindow'
[6/8/2012 6:33:37] 	data/npc/lib/npcsystem/npchandler.lua:225: in function 'releaseFocus'
[6/8/2012 6:33:37] 	data/npc/lib/npcsystem/npchandler.lua:591: in function 'onWalkAway'
[6/8/2012 6:33:37] 	data/npc/lib/npcsystem/npchandler.lua:523: in function 'onThink'
[6/8/2012 6:33:37] 	data/npc/scripts/game/default.lua:9: in function <data/npc/scripts/game/default.lua:9>

[6/8/2012 6:57:36] [Error - NpcScript Interface] 
[6/8/2012 6:57:36] (Unknown script file)
[6/8/2012 6:57:36] Description: 
[6/8/2012 6:57:36] attempt to call a nil value
[6/8/2012 6:57:36] stack traceback:
[6/8/2012 7:5:46] > Saving server...
[6/8/2012 7:5:51] > SAVE: Complete in 4.124 seconds using binary-tilebased house storage.

[6/8/2012 7:23:38] [Error - NpcScript Interface] 
[6/8/2012 7:23:38] (Unknown script file)
[6/8/2012 7:23:38] Description: 
[6/8/2012 7:23:38] attempt to call a nil value
[6/8/2012 7:23:38] stack traceback:

[6/8/2012 7:50:30] [Error - NpcScript Interface] 
[6/8/2012 7:50:30] (Unknown script file)
[6/8/2012 7:50:30] Description: 
[6/8/2012 7:50:30] attempt to call a nil value
[6/8/2012 7:50:30] stack traceback:

[6/8/2012 8:2:44] [Error - NpcScript Interface] 
[6/8/2012 8:2:44] (Unknown script file)
[6/8/2012 8:2:44] Description: 
[6/8/2012 8:2:44] attempt to call a nil value
[6/8/2012 8:2:44] stack traceback:
[6/8/2012 8:2:44] 	[C]: in function 'closeShopWindow'
[6/8/2012 8:2:44] 	data/npc/lib/npcsystem/npchandler.lua:225: in function 'releaseFocus'
[6/8/2012 8:2:44] 	data/npc/lib/npcsystem/npchandler.lua:591: in function 'onWalkAway'
[6/8/2012 8:2:44] 	data/npc/lib/npcsystem/npchandler.lua:523: in function 'onThink'
[6/8/2012 8:2:44] 	data/npc/scripts/game/default.lua:9: in function <data/npc/scripts/game/default.lua:9>
[6/8/2012 8:5:47] > Saving server...
[6/8/2012 8:5:51] > SAVE: Complete in 4.925 seconds using binary-tilebased house storage.

[6/8/2012 8:8:25] [Error - NpcScript Interface] 
[6/8/2012 8:8:25] (Unknown script file)
[6/8/2012 8:8:25] Description: 
[6/8/2012 8:8:25] attempt to call a nil value
[6/8/2012 8:8:25] stack traceback:
[6/8/2012 8:8:25] 	[C]: in function 'closeShopWindow'
[6/8/2012 8:8:25] 	data/npc/lib/npcsystem/npchandler.lua:225: in function 'releaseFocus'
[6/8/2012 8:8:25] 	data/npc/lib/npcsystem/npchandler.lua:591: in function 'onWalkAway'
[6/8/2012 8:8:25] 	data/npc/lib/npcsystem/npchandler.lua:523: in function 'onThink'
[6/8/2012 8:8:25] 	data/npc/scripts/game/default.lua:9: in function <data/npc/scripts/game/default.lua:9>

[6/8/2012 8:20:3] [Error - NpcScript Interface] 
[6/8/2012 8:20:3] (Unknown script file)
[6/8/2012 8:20:3] Description: 
[6/8/2012 8:20:3] attempt to call a nil value
[6/8/2012 8:20:3] stack traceback:
[6/8/2012 8:20:3] 	[C]: in function 'closeShopWindow'
[6/8/2012 8:20:3] 	data/npc/lib/npcsystem/npchandler.lua:225: in function 'releaseFocus'
[6/8/2012 8:20:3] 	data/npc/lib/npcsystem/npchandler.lua:591: in function 'onWalkAway'
[6/8/2012 8:20:3] 	data/npc/lib/npcsystem/npchandler.lua:523: in function 'onThink'
[6/8/2012 8:20:3] 	data/npc/scripts/game/default.lua:9: in function <data/npc/scripts/game/default.lua:9>

[6/8/2012 8:39:11] [Error - NpcScript Interface] 
[6/8/2012 8:39:11] (Unknown script file)
[6/8/2012 8:39:11] Description: 
[6/8/2012 8:39:11] attempt to call a nil value
[6/8/2012 8:39:11] stack traceback:
[6/8/2012 8:39:11] 	[C]: in function 'closeShopWindow'
[6/8/2012 8:39:11] 	data/npc/lib/npcsystem/npchandler.lua:225: in function 'releaseFocus'
[6/8/2012 8:39:11] 	data/npc/lib/npcsystem/npchandler.lua:591: in function 'onWalkAway'
[6/8/2012 8:39:11] 	data/npc/lib/npcsystem/npchandler.lua:523: in function 'onThink'
[6/8/2012 8:39:11] 	data/npc/scripts/game/default.lua:9: in function <data/npc/scripts/game/default.lua:9>

[6/8/2012 8:39:27] [Error - NpcScript Interface] 
[6/8/2012 8:39:27] (Unknown script file)
[6/8/2012 8:39:27] Description: 
[6/8/2012 8:39:27] attempt to call a nil value
[6/8/2012 8:39:27] stack traceback:
[6/8/2012 8:39:27] 	[C]: in function 'closeShopWindow'
[6/8/2012 8:39:27] 	data/npc/lib/npcsystem/npchandler.lua:225: in function 'releaseFocus'
[6/8/2012 8:39:27] 	data/npc/lib/npcsystem/npchandler.lua:363: in function 'unGreet'
[6/8/2012 8:39:27] 	data/npc/lib/npcsystem/npchandler.lua:576: in function 'onFarewell'
[6/8/2012 8:39:27] 	data/npc/lib/npcsystem/modules.lua:251: in function 'callback'
[6/8/2012 8:39:27] 	data/npc/lib/npcsystem/keywordhandler.lua:41: in function 'processMessage'
[6/8/2012 8:39:27] 	data/npc/lib/npcsystem/keywordhandler.lua:181: in function 'processNodeMessage'
[6/8/2012 8:39:27] 	data/npc/lib/npcsystem/keywordhandler.lua:140: in function 'processMessage'
[6/8/2012 8:39:27] 	data/npc/lib/npcsystem/npchandler.lua:423: in function 'onCreatureSay'
[6/8/2012 8:39:27] 	data/npc/scripts/game/default.lua:8: in function <data/npc/scripts/game/default.lua:8>

[6/8/2012 8:56:50] [Error - NpcScript Interface] 
[6/8/2012 8:56:50] (Unknown script file)
[6/8/2012 8:56:50] Description: 
[6/8/2012 8:56:50] attempt to call a nil value
[6/8/2012 8:56:50] stack traceback:
[6/8/2012 8:56:50] 	[C]: in function 'closeShopWindow'
[6/8/2012 8:56:50] 	data/npc/lib/npcsystem/npchandler.lua:225: in function 'releaseFocus'
[6/8/2012 8:56:50] 	data/npc/lib/npcsystem/npchandler.lua:591: in function 'onWalkAway'
[6/8/2012 8:56:50] 	data/npc/lib/npcsystem/npchandler.lua:523: in function 'onThink'
[6/8/2012 8:56:50] 	data/npc/scripts/game/default.lua:9: in function <data/npc/scripts/game/default.lua:9>

[6/8/2012 9:2:27] [Error - NpcScript Interface] 
[6/8/2012 9:2:27] (Unknown script file)
[6/8/2012 9:2:27] Description: 
[6/8/2012 9:2:27] attempt to call a nil value
[6/8/2012 9:2:27] stack traceback:
[6/8/2012 9:5:47] > Saving server...
[6/8/2012 9:5:52] > SAVE: Complete in 5.34 seconds using binary-tilebased house storage.

[6/8/2012 9:6:49] [Error - NpcScript Interface] 
[6/8/2012 9:6:49] (Unknown script file)
[6/8/2012 9:6:49] Description: 
[6/8/2012 9:6:49] attempt to call a nil value
[6/8/2012 9:6:49] stack traceback:

[6/8/2012 9:47:29] [Error - NpcScript Interface] 
[6/8/2012 9:47:29] (Unknown script file)
[6/8/2012 9:47:29] Description: 
[6/8/2012 9:47:29] attempt to call a nil value
[6/8/2012 9:47:29] stack traceback:
[6/8/2012 9:47:29] 	[C]: in function 'closeShopWindow'
[6/8/2012 9:47:29] 	data/npc/lib/npcsystem/npchandler.lua:225: in function 'releaseFocus'
[6/8/2012 9:47:29] 	data/npc/lib/npcsystem/npchandler.lua:591: in function 'onWalkAway'
[6/8/2012 9:47:29] 	data/npc/lib/npcsystem/npchandler.lua:523: in function 'onThink'
[6/8/2012 9:47:29] 	data/npc/scripts/game/default.lua:9: in function <data/npc/scripts/game/default.lua:9>
[6/8/2012 10:0:14] > Paying houses...
[6/8/2012 10:0:17] Houses paid in 2.292 seconds.
[6/8/2012 10:0:17] > Saving server...
[6/8/2012 10:0:17] > SAVE: Complete in 0.451 seconds using binary-tilebased house storage.
[6/8/2012 10:0:17] Preparing to shutdown the server- done.
