[5/9/2012 10:9:1] > Using MD5 encryption
[5/9/2012 10:9:1] >> Loading RSA key
[5/9/2012 10:9:2] >> Starting SQL connection

[5/9/2012 10:9:2] > WARNING: Outdated MySQL server detected, consider upgrading to a newer version.
[5/9/2012 10:9:2] >> Running Database Manager
[5/9/2012 10:9:2] >> Loading items (OTB)
[5/9/2012 10:9:2] >> Loading items (XML)
[5/9/2012 10:9:2] [Warning - Items::loadFromXml] Unknown key value blocksolid
[5/9/2012 10:9:2] [Warning - Items::loadFromXml] Unknown key value blocksolid
[5/9/2012 10:9:2] >> Loading groups
[5/9/2012 10:9:2] >> Loading vocations
[5/9/2012 10:9:2] >> Loading outfits
[5/9/2012 10:9:2] >> Loading chat channels
[5/9/2012 10:9:2] >> Loading script systems
[5/9/2012 10:9:5] [Warning - Event::loadScript] Event onTime not found (data/globalevents/scripts/clean.lua)
[5/9/2012 10:9:5] >> Loading mods...
[5/9/2012 10:9:5] > 0 mods were loaded.
[5/9/2012 10:9:5] >> Loading experience stages
[5/9/2012 10:9:5] >> Loading monsters
[5/9/2012 10:9:5] [Warning - Monsters::deserializeSpell] Frost Dragon - Unknown areaEffect: smallice
[5/9/2012 10:9:6] >> Loading map and spawns...
[5/9/2012 10:9:10] > Map size: 5000x5000.
[5/9/2012 10:9:10] > Map descriptions: 
[5/9/2012 10:9:10] "Saved with Remere's Map Editor 2.2"
[5/9/2012 10:9:10] "SimOne MapEditor 0.5.5"
[5/9/2012 10:9:11] [Warning - IOMap::loadMap] Movable item in house: 517, item type: 2741, pos 1070/1121/6
[5/9/2012 10:9:11] [Warning - IOMap::loadMap] Movable item in house: 518, item type: 2741, pos 1070/1129/6
[5/9/2012 10:9:11] [Warning - IOMap::loadMap] Movable item in house: 517, item type: 2741, pos 1073/1121/6
[5/9/2012 10:9:11] [Warning - IOMap::loadMap] Movable item in house: 518, item type: 2741, pos 1073/1129/6
[5/9/2012 10:9:12] Duplicate uniqueId 6401
[5/9/2012 10:9:12] Duplicate uniqueId 6401
[5/9/2012 10:9:15] Duplicate uniqueId 6401
[5/9/2012 10:9:15] Duplicate uniqueId 6401
[5/9/2012 10:9:15] Duplicate uniqueId 6401
[5/9/2012 10:9:15] Duplicate uniqueId 6401
[5/9/2012 10:9:19] Duplicate uniqueId 6401
[5/9/2012 10:9:19] Duplicate uniqueId 6401
[5/9/2012 10:9:21] Duplicate uniqueId 2004
[5/9/2012 10:9:21] Duplicate uniqueId 2005
[5/9/2012 10:9:21] Duplicate uniqueId 2006
[5/9/2012 10:9:21] Duplicate uniqueId 2007
[5/9/2012 10:9:26] Duplicate uniqueId 6401
[5/9/2012 10:9:26] Duplicate uniqueId 6401
[5/9/2012 10:9:26] Duplicate uniqueId 6401
[5/9/2012 10:9:27] Duplicate uniqueId 6400
[5/9/2012 10:9:27] Duplicate uniqueId 6401
[5/9/2012 10:9:27] Duplicate uniqueId 2056
[5/9/2012 10:9:27] Duplicate uniqueId 2057
[5/9/2012 10:9:27] Duplicate uniqueId 2058
[5/9/2012 10:9:27] Duplicate uniqueId 2051
[5/9/2012 10:9:27] Duplicate uniqueId 2052
[5/9/2012 10:9:27] Duplicate uniqueId 2053
[5/9/2012 10:9:27] Duplicate uniqueId 2054
[5/9/2012 10:9:27] > Map loading time: 20.944 seconds.
[5/9/2012 10:9:28] [Spawn::addMonster] Cannot find "Butterfly"
[5/9/2012 10:9:28] [Spawn::addMonster] Cannot find "Butterfly"
[5/9/2012 10:9:28] > Data parsing time: 1.119 seconds.
[5/9/2012 10:9:46] > Houses synchronization time: 17.279 seconds.
[5/9/2012 10:9:46] > Content unserialization time: 0.152 seconds.
[5/9/2012 10:9:46] >> Checking world type... Open PvP
[5/9/2012 10:9:46] >> Initializing game state and binding services...
[5/9/2012 10:9:49] > Global IP address: 184.173.128.212
[5/9/2012 10:9:49] > Bound ports: 7577	7578	9215	
[5/9/2012 10:9:49] >> Everything smells good, server is starting up...
[5/9/2012 10:9:49] [DDOS EMERGENCY] Enabled
>> UltraX server Online!
[5/9/2012 10:9:49] [DDOS EMERGENCY] Enabled
>> UltraX server Online!


[5/9/2012 10:44:25] [Error - NpcScript Interface] 
[5/9/2012 10:44:25] (Unknown script file)
[5/9/2012 10:44:25] Description: 
[5/9/2012 10:44:25] attempt to call a nil value
[5/9/2012 10:44:25] stack traceback:
[5/9/2012 10:44:25] 	[C]: in function 'closeShopWindow'
[5/9/2012 10:44:25] 	data/npc/lib/npcsystem/npchandler.lua:225: in function 'releaseFocus'
[5/9/2012 10:44:25] 	data/npc/lib/npcsystem/npchandler.lua:591: in function 'onWalkAway'
[5/9/2012 10:44:25] 	data/npc/lib/npcsystem/npchandler.lua:523: in function 'onThink'
[5/9/2012 10:44:25] 	data/npc/scripts/game/default.lua:9: in function <data/npc/scripts/game/default.lua:9>

[5/9/2012 10:59:34] [Error - NpcScript Interface] 
[5/9/2012 10:59:34] (Unknown script file)
[5/9/2012 10:59:34] Description: 
[5/9/2012 10:59:34] attempt to call a nil value
[5/9/2012 10:59:34] stack traceback:
[5/9/2012 10:59:34] 	[C]: in function 'closeShopWindow'
[5/9/2012 10:59:34] 	data/npc/lib/npcsystem/npchandler.lua:225: in function 'releaseFocus'
[5/9/2012 10:59:34] 	data/npc/lib/npcsystem/npchandler.lua:591: in function 'onWalkAway'
[5/9/2012 10:59:34] 	data/npc/lib/npcsystem/npchandler.lua:523: in function 'onThink'
[5/9/2012 10:59:34] 	data/npc/scripts/game/default.lua:9: in function <data/npc/scripts/game/default.lua:9>

[5/9/2012 11:3:21] [Error - NpcScript Interface] 
[5/9/2012 11:3:21] (Unknown script file)
[5/9/2012 11:3:21] Description: 
[5/9/2012 11:3:21] attempt to call a nil value
[5/9/2012 11:3:21] stack traceback:
[5/9/2012 11:3:21] 	[C]: in function 'closeShopWindow'
[5/9/2012 11:3:21] 	data/npc/lib/npcsystem/npchandler.lua:225: in function 'releaseFocus'
[5/9/2012 11:3:21] 	data/npc/lib/npcsystem/npchandler.lua:363: in function 'unGreet'
[5/9/2012 11:3:21] 	data/npc/lib/npcsystem/npchandler.lua:576: in function 'onFarewell'
[5/9/2012 11:3:21] 	data/npc/lib/npcsystem/modules.lua:251: in function 'callback'
[5/9/2012 11:3:21] 	data/npc/lib/npcsystem/keywordhandler.lua:41: in function 'processMessage'
[5/9/2012 11:3:21] 	data/npc/lib/npcsystem/keywordhandler.lua:181: in function 'processNodeMessage'
[5/9/2012 11:3:21] 	data/npc/lib/npcsystem/keywordhandler.lua:140: in function 'processMessage'
[5/9/2012 11:3:21] 	data/npc/lib/npcsystem/npchandler.lua:423: in function 'onCreatureSay'
[5/9/2012 11:3:21] 	data/npc/scripts/game/default.lua:8: in function <data/npc/scripts/game/default.lua:8>
[5/9/2012 11:11:5] > Saving server...
[5/9/2012 11:11:7] > SAVE: Complete in 2.035 seconds using binary-tilebased house storage.

[5/9/2012 11:14:42] [Error - NpcScript Interface] 
[5/9/2012 11:14:42] (Unknown script file)
[5/9/2012 11:14:42] Description: 
[5/9/2012 11:14:42] attempt to call a nil value
[5/9/2012 11:14:42] stack traceback:
[5/9/2012 11:14:42] 	[C]: in function 'closeShopWindow'
[5/9/2012 11:14:42] 	data/npc/lib/npcsystem/npchandler.lua:225: in function 'releaseFocus'
[5/9/2012 11:14:42] 	data/npc/lib/npcsystem/npchandler.lua:591: in function 'onWalkAway'
[5/9/2012 11:14:42] 	data/npc/lib/npcsystem/npchandler.lua:523: in function 'onThink'
[5/9/2012 11:14:42] 	data/npc/scripts/game/default.lua:9: in function <data/npc/scripts/game/default.lua:9>

[5/9/2012 11:21:37] [Error - NpcScript Interface] 
[5/9/2012 11:21:37] (Unknown script file)
[5/9/2012 11:21:37] Description: 
[5/9/2012 11:21:37] attempt to call a nil value
[5/9/2012 11:21:37] stack traceback:
[5/9/2012 11:21:37] 	[C]: in function 'closeShopWindow'
[5/9/2012 11:21:37] 	data/npc/lib/npcsystem/npchandler.lua:225: in function 'releaseFocus'
[5/9/2012 11:21:37] 	data/npc/lib/npcsystem/npchandler.lua:591: in function 'onWalkAway'
[5/9/2012 11:21:37] 	data/npc/lib/npcsystem/npchandler.lua:523: in function 'onThink'
[5/9/2012 11:21:37] 	data/npc/scripts/game/quendor.postman.lua:8: in function <data/npc/scripts/game/quendor.postman.lua:8>

[5/9/2012 12:3:36] [Error - NpcScript Interface] 
[5/9/2012 12:3:36] (Unknown script file)
[5/9/2012 12:3:36] Description: 
[5/9/2012 12:3:36] attempt to call a nil value
[5/9/2012 12:3:36] stack traceback:
[5/9/2012 12:3:36] 	[C]: in function 'closeShopWindow'
[5/9/2012 12:3:36] 	data/npc/lib/npcsystem/npchandler.lua:225: in function 'releaseFocus'
[5/9/2012 12:3:36] 	data/npc/lib/npcsystem/npchandler.lua:591: in function 'onWalkAway'
[5/9/2012 12:3:36] 	data/npc/lib/npcsystem/npchandler.lua:523: in function 'onThink'
[5/9/2012 12:3:36] 	data/npc/scripts/game/default.lua:9: in function <data/npc/scripts/game/default.lua:9>
[5/9/2012 12:11:5] > Saving server...
[5/9/2012 12:11:8] > SAVE: Complete in 3.764 seconds using binary-tilebased house storage.

[5/9/2012 12:13:10] [Error - NpcScript Interface] 
[5/9/2012 12:13:10] (Unknown script file)
[5/9/2012 12:13:10] Description: 
[5/9/2012 12:13:10] attempt to call a nil value
[5/9/2012 12:13:10] stack traceback:
[5/9/2012 12:13:10] 	[C]: in function 'closeShopWindow'
[5/9/2012 12:13:10] 	data/npc/lib/npcsystem/npchandler.lua:225: in function 'releaseFocus'
[5/9/2012 12:13:10] 	data/npc/lib/npcsystem/npchandler.lua:591: in function 'onWalkAway'
[5/9/2012 12:13:10] 	data/npc/lib/npcsystem/npchandler.lua:523: in function 'onThink'
[5/9/2012 12:13:10] 	data/npc/scripts/game/rashid.lua:9: in function <data/npc/scripts/game/rashid.lua:9>

[5/9/2012 12:15:29] [Error - TalkAction Interface] 
[5/9/2012 12:15:29] data/talkactions/scripts/game/accept_teleport.lua:onSay
[5/9/2012 12:15:29] Description: 
[5/9/2012 12:15:29] data/talkactions/scripts/game/accept_teleport.lua:3: attempt to call global 'GetTpRequest' (a nil value)
[5/9/2012 12:15:29] stack traceback:
[5/9/2012 12:15:29] 	data/talkactions/scripts/game/accept_teleport.lua:3: in function <data/talkactions/scripts/game/accept_teleport.lua:1>

[5/9/2012 12:26:51] [Error - NpcScript Interface] 
[5/9/2012 12:26:51] (Unknown script file)
[5/9/2012 12:26:51] Description: 
[5/9/2012 12:26:51] attempt to call a nil value
[5/9/2012 12:26:51] stack traceback:
[5/9/2012 12:26:51] 	[C]: in function 'closeShopWindow'
[5/9/2012 12:26:51] 	data/npc/lib/npcsystem/npchandler.lua:225: in function 'releaseFocus'
[5/9/2012 12:26:51] 	data/npc/lib/npcsystem/npchandler.lua:591: in function 'onWalkAway'
[5/9/2012 12:26:51] 	data/npc/lib/npcsystem/npchandler.lua:523: in function 'onThink'
[5/9/2012 12:26:51] 	data/npc/scripts/game/default.lua:9: in function <data/npc/scripts/game/default.lua:9>

[5/9/2012 12:33:15] [Error - NpcScript Interface] 
[5/9/2012 12:33:15] (Unknown script file)
[5/9/2012 12:33:15] Description: 
[5/9/2012 12:33:15] attempt to call a nil value
[5/9/2012 12:33:15] stack traceback:
[5/9/2012 12:33:15] 	[C]: in function 'closeShopWindow'
[5/9/2012 12:33:15] 	data/npc/lib/npcsystem/npchandler.lua:225: in function 'releaseFocus'
[5/9/2012 12:33:15] 	data/npc/lib/npcsystem/npchandler.lua:591: in function 'onWalkAway'
[5/9/2012 12:33:15] 	data/npc/lib/npcsystem/npchandler.lua:523: in function 'onThink'
[5/9/2012 12:33:15] 	data/npc/scripts/game/default.lua:9: in function <data/npc/scripts/game/default.lua:9>

[5/9/2012 12:57:54] [Error - NpcScript Interface] 
[5/9/2012 12:57:54] (Unknown script file)
[5/9/2012 12:57:54] Description: 
[5/9/2012 12:57:54] attempt to call a nil value
[5/9/2012 12:57:54] stack traceback:
[5/9/2012 13:11:5] > Saving server...
[5/9/2012 13:11:8] > SAVE: Complete in 3.791 seconds using binary-tilebased house storage.

[5/9/2012 13:13:43] [Error - NpcScript Interface] 
[5/9/2012 13:13:43] (Unknown script file)
[5/9/2012 13:13:43] Description: 
[5/9/2012 13:13:43] attempt to call a nil value
[5/9/2012 13:13:43] stack traceback:
[5/9/2012 13:13:43] 	[C]: in function 'closeShopWindow'
[5/9/2012 13:13:43] 	data/npc/lib/npcsystem/npchandler.lua:225: in function 'releaseFocus'
[5/9/2012 13:13:43] 	data/npc/lib/npcsystem/npchandler.lua:591: in function 'onWalkAway'
[5/9/2012 13:13:43] 	data/npc/lib/npcsystem/npchandler.lua:523: in function 'onThink'
[5/9/2012 13:13:43] 	data/npc/scripts/game/default.lua:9: in function <data/npc/scripts/game/default.lua:9>

[5/9/2012 13:16:24] [Error - NpcScript Interface] 
[5/9/2012 13:16:24] (Unknown script file)
[5/9/2012 13:16:24] Description: 
[5/9/2012 13:16:24] attempt to call a nil value
[5/9/2012 13:16:24] stack traceback:
[5/9/2012 13:16:24] 	[C]: in function 'closeShopWindow'
[5/9/2012 13:16:24] 	data/npc/lib/npcsystem/npchandler.lua:225: in function 'releaseFocus'
[5/9/2012 13:16:24] 	data/npc/lib/npcsystem/npchandler.lua:591: in function 'onWalkAway'
[5/9/2012 13:16:24] 	data/npc/lib/npcsystem/npchandler.lua:523: in function 'onThink'
[5/9/2012 13:16:24] 	data/npc/scripts/game/blacksmith.lua:9: in function <data/npc/scripts/game/blacksmith.lua:9>

[5/9/2012 14:0:22] [Error - NpcScript Interface] 
[5/9/2012 14:0:22] (Unknown script file)
[5/9/2012 14:0:22] Description: 
[5/9/2012 14:0:22] attempt to call a nil value
[5/9/2012 14:0:22] stack traceback:
[5/9/2012 14:0:22] 	[C]: in function 'closeShopWindow'
[5/9/2012 14:0:22] 	data/npc/lib/npcsystem/npchandler.lua:225: in function 'releaseFocus'
[5/9/2012 14:0:22] 	data/npc/lib/npcsystem/npchandler.lua:591: in function 'onWalkAway'
[5/9/2012 14:0:22] 	data/npc/lib/npcsystem/npchandler.lua:523: in function 'onThink'
[5/9/2012 14:0:22] 	data/npc/scripts/game/default.lua:9: in function <data/npc/scripts/game/default.lua:9>

[5/9/2012 14:9:45] [Error - NpcScript Interface] 
[5/9/2012 14:9:45] (Unknown script file)
[5/9/2012 14:9:45] Description: 
[5/9/2012 14:9:45] attempt to call a nil value
[5/9/2012 14:9:45] stack traceback:
[5/9/2012 14:9:45] 	[C]: in function 'closeShopWindow'
[5/9/2012 14:9:45] 	data/npc/lib/npcsystem/npchandler.lua:225: in function 'releaseFocus'
[5/9/2012 14:9:45] 	data/npc/lib/npcsystem/npchandler.lua:363: in function 'unGreet'
[5/9/2012 14:9:45] 	data/npc/lib/npcsystem/npchandler.lua:576: in function 'onFarewell'
[5/9/2012 14:9:45] 	data/npc/lib/npcsystem/modules.lua:251: in function 'callback'
[5/9/2012 14:9:45] 	data/npc/lib/npcsystem/keywordhandler.lua:41: in function 'processMessage'
[5/9/2012 14:9:45] 	data/npc/lib/npcsystem/keywordhandler.lua:181: in function 'processNodeMessage'
[5/9/2012 14:9:45] 	data/npc/lib/npcsystem/keywordhandler.lua:140: in function 'processMessage'
[5/9/2012 14:9:45] 	data/npc/lib/npcsystem/npchandler.lua:423: in function 'onCreatureSay'
[5/9/2012 14:9:45] 	data/npc/scripts/game/default.lua:8: in function <data/npc/scripts/game/default.lua:8>
[5/9/2012 14:11:5] > Saving server...
[5/9/2012 14:11:10] > SAVE: Complete in 5.183 seconds using binary-tilebased house storage.

[5/9/2012 14:21:58] [Error - NpcScript Interface] 
[5/9/2012 14:21:58] (Unknown script file)
[5/9/2012 14:21:58] Description: 
[5/9/2012 14:21:58] attempt to call a nil value
[5/9/2012 14:21:58] stack traceback:
[5/9/2012 14:21:58] 	[C]: in function 'closeShopWindow'
[5/9/2012 14:21:58] 	data/npc/lib/npcsystem/npchandler.lua:225: in function 'releaseFocus'
[5/9/2012 14:21:58] 	data/npc/lib/npcsystem/npchandler.lua:591: in function 'onWalkAway'
[5/9/2012 14:21:58] 	data/npc/lib/npcsystem/npchandler.lua:523: in function 'onThink'
[5/9/2012 14:21:58] 	data/npc/scripts/game/default.lua:9: in function <data/npc/scripts/game/default.lua:9>
[5/9/2012 15:11:5] > Saving server...
[5/9/2012 15:11:8] > SAVE: Complete in 3.787 seconds using binary-tilebased house storage.

[5/9/2012 15:11:9] [Error - NpcScript Interface] 
[5/9/2012 15:11:9] (Unknown script file)
[5/9/2012 15:11:9] Description: 
[5/9/2012 15:11:9] attempt to call a nil value
[5/9/2012 15:11:9] stack traceback:
[5/9/2012 15:11:9] 	[C]: in function 'closeShopWindow'
[5/9/2012 15:11:9] 	data/npc/lib/npcsystem/npchandler.lua:225: in function 'releaseFocus'
[5/9/2012 15:11:9] 	data/npc/lib/npcsystem/npchandler.lua:591: in function 'onWalkAway'
[5/9/2012 15:11:9] 	data/npc/lib/npcsystem/npchandler.lua:523: in function 'onThink'
[5/9/2012 15:11:9] 	data/npc/scripts/game/default.lua:9: in function <data/npc/scripts/game/default.lua:9>
[5/9/2012 15:38:26] [Failure - Protocol::XTEA_decrypt] Not valid unencrypted message size (IP: 187.34.46.215)
[5/9/2012 15:38:28] [Warning - Protocol::RSA_decrypt] Not valid packet size (IP: 187.34.46.215)

[5/9/2012 15:58:45] [Error - NpcScript Interface] 
[5/9/2012 15:58:45] (Unknown script file)
[5/9/2012 15:58:45] Description: 
[5/9/2012 15:58:45] attempt to call a nil value
[5/9/2012 15:58:45] stack traceback:
[5/9/2012 15:58:47] > Broadcasted message: "Uma escura e medonha fumaça negra começa a surgir em Quendor...".

[5/9/2012 15:59:8] [Error - NpcScript Interface] 
[5/9/2012 15:59:8] (Unknown script file)
[5/9/2012 15:59:8] Description: 
[5/9/2012 15:59:8] attempt to call a nil value
[5/9/2012 15:59:8] stack traceback:
[5/9/2012 15:59:47] > Broadcasted message: "Morte aos mortos vivos! Preparem-se para lutar contra a morte!".
[5/9/2012 16:0:27] > Broadcasted message: "Guerreiros saem do chão e fantasmas assombram os lares! Os mortos vivos atacam a cidade de Quendor!".
[5/9/2012 16:11:5] > Saving server...
[5/9/2012 16:11:8] > SAVE: Complete in 3.403 seconds using binary-tilebased house storage.
[5/9/2012 16:18:44] [Warning - Protocol::RSA_decrypt] Not valid packet size (IP: 187.34.46.215)

[5/9/2012 16:27:45] [Error - NpcScript Interface] 
[5/9/2012 16:27:45] (Unknown script file)
[5/9/2012 16:27:45] Description: 
[5/9/2012 16:27:45] attempt to call a nil value
[5/9/2012 16:27:45] stack traceback:
[5/9/2012 16:27:45] 	[C]: in function 'closeShopWindow'
[5/9/2012 16:27:45] 	data/npc/lib/npcsystem/npchandler.lua:225: in function 'releaseFocus'
[5/9/2012 16:27:45] 	data/npc/lib/npcsystem/npchandler.lua:591: in function 'onWalkAway'
[5/9/2012 16:27:45] 	data/npc/lib/npcsystem/npchandler.lua:523: in function 'onThink'
[5/9/2012 16:27:45] 	data/npc/scripts/game/blacksmith.lua:9: in function <data/npc/scripts/game/blacksmith.lua:9>

[5/9/2012 16:32:47] [Error - NpcScript Interface] 
[5/9/2012 16:32:47] (Unknown script file)
[5/9/2012 16:32:47] Description: 
[5/9/2012 16:32:47] attempt to call a nil value
[5/9/2012 16:32:47] stack traceback:
[5/9/2012 16:32:47] 	[C]: in function 'closeShopWindow'
[5/9/2012 16:32:47] 	data/npc/lib/npcsystem/npchandler.lua:225: in function 'releaseFocus'
[5/9/2012 16:32:47] 	data/npc/lib/npcsystem/npchandler.lua:591: in function 'onWalkAway'
[5/9/2012 16:32:47] 	data/npc/lib/npcsystem/npchandler.lua:523: in function 'onThink'
[5/9/2012 16:32:47] 	data/npc/scripts/game/default.lua:9: in function <data/npc/scripts/game/default.lua:9>

[5/9/2012 16:35:45] [Error - NpcScript Interface] 
[5/9/2012 16:35:45] (Unknown script file)
[5/9/2012 16:35:45] Description: 
[5/9/2012 16:35:45] attempt to call a nil value
[5/9/2012 16:35:45] stack traceback:

[5/9/2012 17:8:18] [Error - NpcScript Interface] 
[5/9/2012 17:8:18] (Unknown script file)
[5/9/2012 17:8:18] Description: 
[5/9/2012 17:8:18] attempt to call a nil value
[5/9/2012 17:8:18] stack traceback:
[5/9/2012 17:11:5] > Saving server...
[5/9/2012 17:11:9] > SAVE: Complete in 4.565 seconds using binary-tilebased house storage.

[5/9/2012 17:11:52] [Error - NpcScript Interface] 
[5/9/2012 17:11:52] (Unknown script file)
[5/9/2012 17:11:52] Description: 
[5/9/2012 17:11:52] attempt to call a nil value
[5/9/2012 17:11:52] stack traceback:

[5/9/2012 17:22:23] [Error - NpcScript Interface] 
[5/9/2012 17:22:23] (Unknown script file)
[5/9/2012 17:22:23] Description: 
[5/9/2012 17:22:23] attempt to call a nil value
[5/9/2012 17:22:23] stack traceback:

[5/9/2012 17:24:39] [Error - NpcScript Interface] 
[5/9/2012 17:24:39] (Unknown script file)
[5/9/2012 17:24:39] Description: 
[5/9/2012 17:24:39] attempt to call a nil value
[5/9/2012 17:24:39] stack traceback:

[5/9/2012 17:38:54] [Error - NpcScript Interface] 
[5/9/2012 17:38:54] (Unknown script file)
[5/9/2012 17:38:54] Description: 
[5/9/2012 17:38:54] attempt to call a nil value
[5/9/2012 17:38:54] stack traceback:
[5/9/2012 17:38:54] 	[C]: in function 'closeShopWindow'
[5/9/2012 17:38:54] 	data/npc/lib/npcsystem/npchandler.lua:225: in function 'releaseFocus'
[5/9/2012 17:38:54] 	data/npc/lib/npcsystem/npchandler.lua:591: in function 'onWalkAway'
[5/9/2012 17:38:54] 	data/npc/lib/npcsystem/npchandler.lua:523: in function 'onThink'
[5/9/2012 17:38:54] 	data/npc/scripts/game/default.lua:9: in function <data/npc/scripts/game/default.lua:9>

[5/9/2012 17:55:48] [Error - NpcScript Interface] 
[5/9/2012 17:55:48] (Unknown script file)
[5/9/2012 17:55:48] Description: 
[5/9/2012 17:55:48] attempt to call a nil value
[5/9/2012 17:55:48] stack traceback:

[5/9/2012 17:58:42] [Error - NpcScript Interface] 
[5/9/2012 17:58:42] (Unknown script file)
[5/9/2012 17:58:42] Description: 
[5/9/2012 17:58:42] attempt to call a nil value
[5/9/2012 17:58:42] stack traceback:
[5/9/2012 17:58:42] 	[C]: in function 'closeShopWindow'
[5/9/2012 17:58:42] 	data/npc/lib/npcsystem/npchandler.lua:225: in function 'releaseFocus'
[5/9/2012 17:58:42] 	data/npc/lib/npcsystem/npchandler.lua:591: in function 'onWalkAway'
[5/9/2012 17:58:42] 	data/npc/lib/npcsystem/npchandler.lua:523: in function 'onThink'
[5/9/2012 17:58:42] 	data/npc/scripts/game/default.lua:9: in function <data/npc/scripts/game/default.lua:9>

[5/9/2012 18:3:20] [Error - NpcScript Interface] 
[5/9/2012 18:3:20] (Unknown script file)
[5/9/2012 18:3:20] Description: 
[5/9/2012 18:3:20] attempt to call a nil value
[5/9/2012 18:3:20] stack traceback:
[5/9/2012 18:3:20] 	[C]: in function 'closeShopWindow'
[5/9/2012 18:3:20] 	data/npc/lib/npcsystem/npchandler.lua:225: in function 'releaseFocus'
[5/9/2012 18:3:20] 	data/npc/lib/npcsystem/npchandler.lua:591: in function 'onWalkAway'
[5/9/2012 18:3:20] 	data/npc/lib/npcsystem/npchandler.lua:523: in function 'onThink'
[5/9/2012 18:3:20] 	data/npc/scripts/game/default.lua:9: in function <data/npc/scripts/game/default.lua:9>
[5/9/2012 18:11:5] > Saving server...
[5/9/2012 18:11:10] > SAVE: Complete in 5.649 seconds using binary-tilebased house storage.

[5/9/2012 18:22:46] [Error - NpcScript Interface] 
[5/9/2012 18:22:46] (Unknown script file)
[5/9/2012 18:22:46] Description: 
[5/9/2012 18:22:46] attempt to call a nil value
[5/9/2012 18:22:46] stack traceback:

[5/9/2012 18:35:15] [Error - NpcScript Interface] 
[5/9/2012 18:35:15] (Unknown script file)
[5/9/2012 18:35:15] Description: 
[5/9/2012 18:35:15] attempt to call a nil value
[5/9/2012 18:35:15] stack traceback:
[5/9/2012 18:35:15] 	[C]: in function 'closeShopWindow'
[5/9/2012 18:35:15] 	data/npc/lib/npcsystem/npchandler.lua:225: in function 'releaseFocus'
[5/9/2012 18:35:15] 	data/npc/lib/npcsystem/npchandler.lua:591: in function 'onWalkAway'
[5/9/2012 18:35:15] 	data/npc/lib/npcsystem/npchandler.lua:523: in function 'onThink'
[5/9/2012 18:35:15] 	data/npc/scripts/game/default.lua:9: in function <data/npc/scripts/game/default.lua:9>

[5/9/2012 18:45:29] [Error - NpcScript Interface] 
[5/9/2012 18:45:29] (Unknown script file)
[5/9/2012 18:45:29] Description: 
[5/9/2012 18:45:29] attempt to call a nil value
[5/9/2012 18:45:29] stack traceback:
[5/9/2012 18:45:29] 	[C]: in function 'closeShopWindow'
[5/9/2012 18:45:29] 	data/npc/lib/npcsystem/npchandler.lua:225: in function 'releaseFocus'
[5/9/2012 18:45:29] 	data/npc/lib/npcsystem/npchandler.lua:591: in function 'onWalkAway'
[5/9/2012 18:45:29] 	data/npc/lib/npcsystem/npchandler.lua:523: in function 'onThink'
[5/9/2012 18:45:29] 	data/npc/scripts/game/default.lua:9: in function <data/npc/scripts/game/default.lua:9>

[5/9/2012 18:50:9] [Error - NpcScript Interface] 
[5/9/2012 18:50:9] (Unknown script file)
[5/9/2012 18:50:9] Description: 
[5/9/2012 18:50:9] attempt to call a nil value
[5/9/2012 18:50:9] stack traceback:
[5/9/2012 18:50:9] 	[C]: in function 'closeShopWindow'
[5/9/2012 18:50:9] 	data/npc/lib/npcsystem/npchandler.lua:225: in function 'releaseFocus'
[5/9/2012 18:50:9] 	data/npc/lib/npcsystem/npchandler.lua:591: in function 'onWalkAway'
[5/9/2012 18:50:9] 	data/npc/lib/npcsystem/npchandler.lua:523: in function 'onThink'
[5/9/2012 18:50:9] 	data/npc/scripts/game/bless/bless4.lua:9: in function <data/npc/scripts/game/bless/bless4.lua:9>
[5/9/2012 19:11:5] > Saving server...
[5/9/2012 19:11:10] > SAVE: Complete in 5.072 seconds using binary-tilebased house storage.

[5/9/2012 19:11:42] [Error - NpcScript Interface] 
[5/9/2012 19:11:42] (Unknown script file)
[5/9/2012 19:11:42] Description: 
[5/9/2012 19:11:42] attempt to call a nil value
[5/9/2012 19:11:42] stack traceback:
[5/9/2012 19:11:42] 	[C]: in function 'closeShopWindow'
[5/9/2012 19:11:42] 	data/npc/lib/npcsystem/npchandler.lua:225: in function 'releaseFocus'
[5/9/2012 19:11:42] 	data/npc/lib/npcsystem/npchandler.lua:591: in function 'onWalkAway'
[5/9/2012 19:11:42] 	data/npc/lib/npcsystem/npchandler.lua:523: in function 'onThink'
[5/9/2012 19:11:42] 	data/npc/scripts/game/default.lua:9: in function <data/npc/scripts/game/default.lua:9>

[5/9/2012 19:38:15] [Error - NpcScript Interface] 
[5/9/2012 19:38:15] (Unknown script file)
[5/9/2012 19:38:15] Description: 
[5/9/2012 19:38:15] attempt to call a nil value
[5/9/2012 19:38:15] stack traceback:

[5/9/2012 19:50:39] [Error - Spell Interface] 
[5/9/2012 19:50:39] data/spells/scripts/support/destroy_field_rune.lua:onCastSpell
[5/9/2012 19:50:39] Description: 
[5/9/2012 19:50:39] (luaDoRemoveItem) Item not found
[5/9/2012 20:11:5] > Saving server...
[5/9/2012 20:11:10] > SAVE: Complete in 5.024 seconds using binary-tilebased house storage.

[5/9/2012 20:13:47] [Error - NpcScript Interface] 
[5/9/2012 20:13:47] (Unknown script file)
[5/9/2012 20:13:47] Description: 
[5/9/2012 20:13:47] attempt to call a nil value
[5/9/2012 20:13:47] stack traceback:
[5/9/2012 20:13:47] 	[C]: in function 'closeShopWindow'
[5/9/2012 20:13:47] 	data/npc/lib/npcsystem/npchandler.lua:225: in function 'releaseFocus'
[5/9/2012 20:13:47] 	data/npc/lib/npcsystem/npchandler.lua:591: in function 'onWalkAway'
[5/9/2012 20:13:47] 	data/npc/lib/npcsystem/npchandler.lua:523: in function 'onThink'
[5/9/2012 20:13:47] 	data/npc/scripts/game/default.lua:9: in function <data/npc/scripts/game/default.lua:9>

[5/9/2012 20:37:6] [Error - NpcScript Interface] 
[5/9/2012 20:37:6] (Unknown script file)
[5/9/2012 20:37:6] Description: 
[5/9/2012 20:37:6] attempt to call a nil value
[5/9/2012 20:37:6] stack traceback:
[5/9/2012 20:37:6] 	[C]: in function 'closeShopWindow'
[5/9/2012 20:37:6] 	data/npc/lib/npcsystem/npchandler.lua:225: in function 'releaseFocus'
[5/9/2012 20:37:6] 	data/npc/lib/npcsystem/npchandler.lua:591: in function 'onWalkAway'
[5/9/2012 20:37:6] 	data/npc/lib/npcsystem/npchandler.lua:523: in function 'onThink'
[5/9/2012 20:37:6] 	data/npc/scripts/game/default.lua:9: in function <data/npc/scripts/game/default.lua:9>
[5/9/2012 21:11:5] > Saving server...
[5/9/2012 21:11:9] > SAVE: Complete in 4.373 seconds using binary-tilebased house storage.

[5/9/2012 21:15:27] [Error - NpcScript Interface] 
[5/9/2012 21:15:27] (Unknown script file)
[5/9/2012 21:15:27] Description: 
[5/9/2012 21:15:27] attempt to call a nil value
[5/9/2012 21:15:27] stack traceback:

[5/9/2012 21:18:10] [Error - NpcScript Interface] 
[5/9/2012 21:18:10] (Unknown script file)
[5/9/2012 21:18:10] Description: 
[5/9/2012 21:18:10] attempt to call a nil value
[5/9/2012 21:18:10] stack traceback:
[5/9/2012 21:18:10] 	[C]: in function 'closeShopWindow'
[5/9/2012 21:18:10] 	data/npc/lib/npcsystem/npchandler.lua:225: in function 'releaseFocus'
[5/9/2012 21:18:10] 	data/npc/lib/npcsystem/npchandler.lua:591: in function 'onWalkAway'
[5/9/2012 21:18:10] 	data/npc/lib/npcsystem/npchandler.lua:523: in function 'onThink'
[5/9/2012 21:18:10] 	data/npc/scripts/game/default.lua:9: in function <data/npc/scripts/game/default.lua:9>

[5/9/2012 21:18:16] [Error - NpcScript Interface] 
[5/9/2012 21:18:16] (Unknown script file)
[5/9/2012 21:18:16] Description: 
[5/9/2012 21:18:16] attempt to call a nil value
[5/9/2012 21:18:16] stack traceback:
[5/9/2012 21:18:16] 	[C]: in function 'closeShopWindow'
[5/9/2012 21:18:16] 	data/npc/lib/npcsystem/npchandler.lua:225: in function 'releaseFocus'
[5/9/2012 21:18:16] 	data/npc/lib/npcsystem/npchandler.lua:363: in function 'unGreet'
[5/9/2012 21:18:16] 	data/npc/lib/npcsystem/npchandler.lua:576: in function 'onFarewell'
[5/9/2012 21:18:16] 	data/npc/lib/npcsystem/modules.lua:251: in function 'callback'
[5/9/2012 21:18:16] 	data/npc/lib/npcsystem/keywordhandler.lua:41: in function 'processMessage'
[5/9/2012 21:18:16] 	data/npc/lib/npcsystem/keywordhandler.lua:181: in function 'processNodeMessage'
[5/9/2012 21:18:16] 	data/npc/lib/npcsystem/keywordhandler.lua:140: in function 'processMessage'
[5/9/2012 21:18:16] 	data/npc/lib/npcsystem/npchandler.lua:423: in function 'onCreatureSay'
[5/9/2012 21:18:16] 	data/npc/scripts/game/default.lua:8: in function <data/npc/scripts/game/default.lua:8>

[5/9/2012 21:51:21] [Error - NpcScript Interface] 
[5/9/2012 21:51:21] (Unknown script file)
[5/9/2012 21:51:21] Description: 
[5/9/2012 21:51:21] attempt to call a nil value
[5/9/2012 21:51:21] stack traceback:

[5/9/2012 22:1:40] [Error - NpcScript Interface] 
[5/9/2012 22:1:40] (Unknown script file)
[5/9/2012 22:1:40] Description: 
[5/9/2012 22:1:40] attempt to call a nil value
[5/9/2012 22:1:40] stack traceback:
[5/9/2012 22:1:40] 	[C]: in function 'closeShopWindow'
[5/9/2012 22:1:40] 	data/npc/lib/npcsystem/npchandler.lua:225: in function 'releaseFocus'
[5/9/2012 22:1:40] 	data/npc/lib/npcsystem/npchandler.lua:591: in function 'onWalkAway'
[5/9/2012 22:1:40] 	data/npc/lib/npcsystem/npchandler.lua:523: in function 'onThink'
[5/9/2012 22:1:40] 	data/npc/scripts/game/default.lua:9: in function <data/npc/scripts/game/default.lua:9>

[5/9/2012 22:3:27] [Error - NpcScript Interface] 
[5/9/2012 22:3:27] (Unknown script file)
[5/9/2012 22:3:27] Description: 
[5/9/2012 22:3:27] attempt to call a nil value
[5/9/2012 22:3:27] stack traceback:
[5/9/2012 22:3:27] 	[C]: in function 'closeShopWindow'
[5/9/2012 22:3:27] 	data/npc/lib/npcsystem/npchandler.lua:225: in function 'releaseFocus'
[5/9/2012 22:3:27] 	data/npc/lib/npcsystem/npchandler.lua:591: in function 'onWalkAway'
[5/9/2012 22:3:27] 	data/npc/lib/npcsystem/npchandler.lua:523: in function 'onThink'
[5/9/2012 22:3:27] 	data/npc/scripts/game/default.lua:9: in function <data/npc/scripts/game/default.lua:9>

[5/9/2012 22:8:19] [Error - NpcScript Interface] 
[5/9/2012 22:8:19] (Unknown script file)
[5/9/2012 22:8:19] Description: 
[5/9/2012 22:8:19] attempt to call a nil value
[5/9/2012 22:8:19] stack traceback:
[5/9/2012 22:8:19] 	[C]: in function 'closeShopWindow'
[5/9/2012 22:8:19] 	data/npc/lib/npcsystem/npchandler.lua:225: in function 'releaseFocus'
[5/9/2012 22:8:19] 	data/npc/lib/npcsystem/npchandler.lua:591: in function 'onWalkAway'
[5/9/2012 22:8:19] 	data/npc/lib/npcsystem/npchandler.lua:523: in function 'onThink'
[5/9/2012 22:8:19] 	data/npc/scripts/game/default.lua:9: in function <data/npc/scripts/game/default.lua:9>
[5/9/2012 22:11:5] > Saving server...
[5/9/2012 22:11:10] > SAVE: Complete in 5.231 seconds using binary-tilebased house storage.

[5/9/2012 22:23:8] [Error - NpcScript Interface] 
[5/9/2012 22:23:8] (Unknown script file)
[5/9/2012 22:23:8] Description: 
[5/9/2012 22:23:8] attempt to call a nil value
[5/9/2012 22:23:8] stack traceback:
[5/9/2012 22:23:8] 	[C]: in function 'closeShopWindow'
[5/9/2012 22:23:8] 	data/npc/lib/npcsystem/npchandler.lua:225: in function 'releaseFocus'
[5/9/2012 22:23:8] 	data/npc/lib/npcsystem/npchandler.lua:591: in function 'onWalkAway'
[5/9/2012 22:23:8] 	data/npc/lib/npcsystem/npchandler.lua:523: in function 'onThink'
[5/9/2012 22:23:8] 	data/npc/scripts/game/blacksmith.lua:9: in function <data/npc/scripts/game/blacksmith.lua:9>
[5/9/2012 22:37:48] > Broadcasted message: "Um estranho exercito de Goblins está a fazer baderna no portão ao Oeste de Quendor! Mostrem a nossa força a estas pateticas criaturas!".

[5/9/2012 22:47:17] [Error - NpcScript Interface] 
[5/9/2012 22:47:17] (Unknown script file)
[5/9/2012 22:47:17] Description: 
[5/9/2012 22:47:17] attempt to call a nil value
[5/9/2012 22:47:17] stack traceback:
[5/9/2012 22:59:57] [Warning - Protocol::RSA_decrypt] Not valid packet size (IP: 200.216.188.35)

[5/9/2012 23:8:13] [Error - NpcScript Interface] 
[5/9/2012 23:8:13] (Unknown script file)
[5/9/2012 23:8:13] Description: 
[5/9/2012 23:8:13] attempt to call a nil value
[5/9/2012 23:8:13] stack traceback:
[5/9/2012 23:11:5] > Saving server...
[5/9/2012 23:11:12] > SAVE: Complete in 6.512 seconds using binary-tilebased house storage.

[5/9/2012 23:13:35] [Error - NpcScript Interface] 
[5/9/2012 23:13:35] (Unknown script file)
[5/9/2012 23:13:35] Description: 
[5/9/2012 23:13:35] attempt to call a nil value
[5/9/2012 23:13:35] stack traceback:
[5/9/2012 23:13:35] 	[C]: in function 'closeShopWindow'
[5/9/2012 23:13:35] 	data/npc/lib/npcsystem/npchandler.lua:225: in function 'releaseFocus'
[5/9/2012 23:13:35] 	data/npc/lib/npcsystem/npchandler.lua:591: in function 'onWalkAway'
[5/9/2012 23:13:35] 	data/npc/lib/npcsystem/npchandler.lua:523: in function 'onThink'
[5/9/2012 23:13:35] 	data/npc/scripts/game/default.lua:9: in function <data/npc/scripts/game/default.lua:9>

[5/9/2012 23:15:6] [Error - NpcScript Interface] 
[5/9/2012 23:15:6] (Unknown script file)
[5/9/2012 23:15:6] Description: 
[5/9/2012 23:15:6] attempt to call a nil value
[5/9/2012 23:15:6] stack traceback:
[5/9/2012 23:15:6] 	[C]: in function 'closeShopWindow'
[5/9/2012 23:15:6] 	data/npc/lib/npcsystem/npchandler.lua:225: in function 'releaseFocus'
[5/9/2012 23:15:6] 	data/npc/lib/npcsystem/npchandler.lua:591: in function 'onWalkAway'
[5/9/2012 23:15:6] 	data/npc/lib/npcsystem/npchandler.lua:523: in function 'onThink'
[5/9/2012 23:15:6] 	data/npc/scripts/game/default.lua:9: in function <data/npc/scripts/game/default.lua:9>

[5/9/2012 23:16:39] [Error - NpcScript Interface] 
[5/9/2012 23:16:39] (Unknown script file)
[5/9/2012 23:16:39] Description: 
[5/9/2012 23:16:39] attempt to call a nil value
[5/9/2012 23:16:39] stack traceback:

[5/9/2012 23:21:3] [Error - NpcScript Interface] 
[5/9/2012 23:21:3] (Unknown script file)
[5/9/2012 23:21:3] Description: 
[5/9/2012 23:21:3] attempt to call a nil value
[5/9/2012 23:21:3] stack traceback:
[5/9/2012 23:21:3] 	[C]: in function 'closeShopWindow'
[5/9/2012 23:21:3] 	data/npc/lib/npcsystem/npchandler.lua:225: in function 'releaseFocus'
[5/9/2012 23:21:3] 	data/npc/lib/npcsystem/npchandler.lua:591: in function 'onWalkAway'
[5/9/2012 23:21:3] 	data/npc/lib/npcsystem/npchandler.lua:523: in function 'onThink'
[5/9/2012 23:21:3] 	data/npc/scripts/game/default.lua:9: in function <data/npc/scripts/game/default.lua:9>
[6/9/2012 0:11:5] > Saving server...
[6/9/2012 0:11:10] > SAVE: Complete in 4.948 seconds using binary-tilebased house storage.

[6/9/2012 0:18:6] [Error - NpcScript Interface] 
[6/9/2012 0:18:6] (Unknown script file)
[6/9/2012 0:18:6] Description: 
[6/9/2012 0:18:6] attempt to call a nil value
[6/9/2012 0:18:6] stack traceback:

[6/9/2012 0:22:26] [Error - NpcScript Interface] 
[6/9/2012 0:22:26] (Unknown script file)
[6/9/2012 0:22:26] Description: 
[6/9/2012 0:22:26] attempt to call a nil value
[6/9/2012 0:22:26] stack traceback:
[6/9/2012 0:22:26] 	[C]: in function 'closeShopWindow'
[6/9/2012 0:22:26] 	data/npc/lib/npcsystem/npchandler.lua:225: in function 'releaseFocus'
[6/9/2012 0:22:26] 	data/npc/lib/npcsystem/npchandler.lua:591: in function 'onWalkAway'
[6/9/2012 0:22:26] 	data/npc/lib/npcsystem/npchandler.lua:523: in function 'onThink'
[6/9/2012 0:22:26] 	data/npc/scripts/game/default.lua:9: in function <data/npc/scripts/game/default.lua:9>
[6/9/2012 1:11:5] > Saving server...
[6/9/2012 1:11:10] > SAVE: Complete in 4.415 seconds using binary-tilebased house storage.

[6/9/2012 1:30:19] [Error - NpcScript Interface] 
[6/9/2012 1:30:19] (Unknown script file)
[6/9/2012 1:30:19] Description: 
[6/9/2012 1:30:19] attempt to call a nil value
[6/9/2012 1:30:19] stack traceback:

[6/9/2012 1:37:35] [Error - NpcScript Interface] 
[6/9/2012 1:37:35] (Unknown script file)
[6/9/2012 1:37:35] Description: 
[6/9/2012 1:37:35] attempt to call a nil value
[6/9/2012 1:37:35] stack traceback:

[6/9/2012 1:56:40] [Error - NpcScript Interface] 
[6/9/2012 1:56:40] (Unknown script file)
[6/9/2012 1:56:40] Description: 
[6/9/2012 1:56:40] attempt to call a nil value
[6/9/2012 1:56:40] stack traceback:
[6/9/2012 1:56:40] 	[C]: in function 'closeShopWindow'
[6/9/2012 1:56:40] 	data/npc/lib/npcsystem/npchandler.lua:225: in function 'releaseFocus'
[6/9/2012 1:56:40] 	data/npc/lib/npcsystem/npchandler.lua:591: in function 'onWalkAway'
[6/9/2012 1:56:40] 	data/npc/lib/npcsystem/npchandler.lua:523: in function 'onThink'
[6/9/2012 1:56:40] 	data/npc/scripts/game/default.lua:9: in function <data/npc/scripts/game/default.lua:9>
[6/9/2012 2:11:5] > Saving server...
[6/9/2012 2:11:10] > SAVE: Complete in 5.183 seconds using binary-tilebased house storage.

[6/9/2012 2:25:39] [Error - NpcScript Interface] 
[6/9/2012 2:25:39] (Unknown script file)
[6/9/2012 2:25:39] Description: 
[6/9/2012 2:25:39] attempt to call a nil value
[6/9/2012 2:25:39] stack traceback:
[6/9/2012 2:25:39] 	[C]: in function 'closeShopWindow'
[6/9/2012 2:25:39] 	data/npc/lib/npcsystem/npchandler.lua:225: in function 'releaseFocus'
[6/9/2012 2:25:39] 	data/npc/lib/npcsystem/npchandler.lua:591: in function 'onWalkAway'
[6/9/2012 2:25:39] 	data/npc/lib/npcsystem/npchandler.lua:523: in function 'onThink'
[6/9/2012 2:25:39] 	data/npc/scripts/game/default.lua:9: in function <data/npc/scripts/game/default.lua:9>

[6/9/2012 2:39:51] [Error - NpcScript Interface] 
[6/9/2012 2:39:51] (Unknown script file)
[6/9/2012 2:39:51] Description: 
[6/9/2012 2:39:51] attempt to call a nil value
[6/9/2012 2:39:51] stack traceback:
[6/9/2012 2:39:51] 	[C]: in function 'closeShopWindow'
[6/9/2012 2:39:51] 	data/npc/lib/npcsystem/npchandler.lua:225: in function 'releaseFocus'
[6/9/2012 2:39:51] 	data/npc/lib/npcsystem/npchandler.lua:591: in function 'onWalkAway'
[6/9/2012 2:39:51] 	data/npc/lib/npcsystem/npchandler.lua:523: in function 'onThink'
[6/9/2012 2:39:51] 	data/npc/scripts/game/default.lua:9: in function <data/npc/scripts/game/default.lua:9>

[6/9/2012 2:48:11] [Error - NpcScript Interface] 
[6/9/2012 2:48:11] (Unknown script file)
[6/9/2012 2:48:11] Description: 
[6/9/2012 2:48:11] attempt to call a nil value
[6/9/2012 2:48:11] stack traceback:
[6/9/2012 2:48:11] 	[C]: in function 'closeShopWindow'
[6/9/2012 2:48:11] 	data/npc/lib/npcsystem/npchandler.lua:225: in function 'releaseFocus'
[6/9/2012 2:48:11] 	data/npc/lib/npcsystem/npchandler.lua:591: in function 'onWalkAway'
[6/9/2012 2:48:11] 	data/npc/lib/npcsystem/npchandler.lua:523: in function 'onThink'
[6/9/2012 2:48:11] 	data/npc/scripts/game/default.lua:9: in function <data/npc/scripts/game/default.lua:9>
[6/9/2012 3:11:5] > Saving server...
[6/9/2012 3:11:9] > SAVE: Complete in 3.726 seconds using binary-tilebased house storage.

[6/9/2012 3:13:33] [Error - NpcScript Interface] 
[6/9/2012 3:13:33] (Unknown script file)
[6/9/2012 3:13:33] Description: 
[6/9/2012 3:13:33] attempt to call a nil value
[6/9/2012 3:13:33] stack traceback:

[6/9/2012 3:25:6] [Error - NpcScript Interface] 
[6/9/2012 3:25:6] (Unknown script file)
[6/9/2012 3:25:6] Description: 
[6/9/2012 3:25:6] attempt to call a nil value
[6/9/2012 3:25:6] stack traceback:

[6/9/2012 3:36:17] [Error - NpcScript Interface] 
[6/9/2012 3:36:17] (Unknown script file)
[6/9/2012 3:36:17] Description: 
[6/9/2012 3:36:17] attempt to call a nil value
[6/9/2012 3:36:17] stack traceback:
[6/9/2012 3:36:17] 	[C]: in function 'closeShopWindow'
[6/9/2012 3:36:17] 	data/npc/lib/npcsystem/npchandler.lua:225: in function 'releaseFocus'
[6/9/2012 3:36:17] 	data/npc/lib/npcsystem/npchandler.lua:591: in function 'onWalkAway'
[6/9/2012 3:36:17] 	data/npc/lib/npcsystem/npchandler.lua:523: in function 'onThink'
[6/9/2012 3:36:17] 	data/npc/scripts/game/default.lua:9: in function <data/npc/scripts/game/default.lua:9>

[6/9/2012 3:39:28] [Error - NpcScript Interface] 
[6/9/2012 3:39:28] (Unknown script file)
[6/9/2012 3:39:28] Description: 
[6/9/2012 3:39:28] attempt to call a nil value
[6/9/2012 3:39:28] stack traceback:

[6/9/2012 3:40:2] [Error - NpcScript Interface] 
[6/9/2012 3:40:2] (Unknown script file)
[6/9/2012 3:40:2] Description: 
[6/9/2012 3:40:2] attempt to call a nil value
[6/9/2012 3:40:2] stack traceback:
[6/9/2012 3:40:2] 	[C]: in function 'closeShopWindow'
[6/9/2012 3:40:2] 	data/npc/lib/npcsystem/npchandler.lua:225: in function 'releaseFocus'
[6/9/2012 3:40:2] 	data/npc/lib/npcsystem/npchandler.lua:591: in function 'onWalkAway'
[6/9/2012 3:40:2] 	data/npc/lib/npcsystem/npchandler.lua:523: in function 'onThink'
[6/9/2012 3:40:2] 	data/npc/scripts/game/default.lua:9: in function <data/npc/scripts/game/default.lua:9>
[6/9/2012 4:11:6] > Saving server...
[6/9/2012 4:11:9] > SAVE: Complete in 3.889 seconds using binary-tilebased house storage.

[6/9/2012 4:47:10] [Error - NpcScript Interface] 
[6/9/2012 4:47:10] (Unknown script file)
[6/9/2012 4:47:10] Description: 
[6/9/2012 4:47:10] attempt to call a nil value
[6/9/2012 4:47:10] stack traceback:
[6/9/2012 4:47:10] 	[C]: in function 'closeShopWindow'
[6/9/2012 4:47:10] 	data/npc/lib/npcsystem/npchandler.lua:225: in function 'releaseFocus'
[6/9/2012 4:47:10] 	data/npc/lib/npcsystem/npchandler.lua:591: in function 'onWalkAway'
[6/9/2012 4:47:10] 	data/npc/lib/npcsystem/npchandler.lua:523: in function 'onThink'
[6/9/2012 4:47:10] 	data/npc/scripts/game/default.lua:9: in function <data/npc/scripts/game/default.lua:9>

[6/9/2012 4:47:49] [Error - NpcScript Interface] 
[6/9/2012 4:47:49] (Unknown script file)
[6/9/2012 4:47:49] Description: 
[6/9/2012 4:47:49] attempt to call a nil value
[6/9/2012 4:47:49] stack traceback:
[6/9/2012 4:47:49] 	[C]: in function 'closeShopWindow'
[6/9/2012 4:47:49] 	data/npc/lib/npcsystem/npchandler.lua:225: in function 'releaseFocus'
[6/9/2012 4:47:49] 	data/npc/lib/npcsystem/npchandler.lua:591: in function 'onWalkAway'
[6/9/2012 4:47:49] 	data/npc/lib/npcsystem/npchandler.lua:523: in function 'onThink'
[6/9/2012 4:47:49] 	data/npc/scripts/game/default.lua:9: in function <data/npc/scripts/game/default.lua:9>

[6/9/2012 4:58:22] [Error - NpcScript Interface] 
[6/9/2012 4:58:22] (Unknown script file)
[6/9/2012 4:58:22] Description: 
[6/9/2012 4:58:22] attempt to call a nil value
[6/9/2012 4:58:22] stack traceback:
[6/9/2012 4:58:22] 	[C]: in function 'closeShopWindow'
[6/9/2012 4:58:22] 	data/npc/lib/npcsystem/npchandler.lua:225: in function 'releaseFocus'
[6/9/2012 4:58:22] 	data/npc/lib/npcsystem/npchandler.lua:363: in function 'unGreet'
[6/9/2012 4:58:22] 	data/npc/lib/npcsystem/npchandler.lua:576: in function 'onFarewell'
[6/9/2012 4:58:22] 	data/npc/lib/npcsystem/modules.lua:251: in function 'callback'
[6/9/2012 4:58:22] 	data/npc/lib/npcsystem/keywordhandler.lua:41: in function 'processMessage'
[6/9/2012 4:58:22] 	data/npc/lib/npcsystem/keywordhandler.lua:181: in function 'processNodeMessage'
[6/9/2012 4:58:22] 	data/npc/lib/npcsystem/keywordhandler.lua:140: in function 'processMessage'
[6/9/2012 4:58:22] 	data/npc/lib/npcsystem/npchandler.lua:423: in function 'onCreatureSay'
[6/9/2012 4:58:22] 	data/npc/scripts/game/default.lua:8: in function <data/npc/scripts/game/default.lua:8>
[6/9/2012 5:11:6] > Saving server...
[6/9/2012 5:11:9] > SAVE: Complete in 3.121 seconds using binary-tilebased house storage.

[6/9/2012 6:1:37] [Error - NpcScript Interface] 
[6/9/2012 6:1:37] (Unknown script file)
[6/9/2012 6:1:37] Description: 
[6/9/2012 6:1:37] attempt to call a nil value
[6/9/2012 6:1:37] stack traceback:
[6/9/2012 6:1:37] 	[C]: in function 'closeShopWindow'
[6/9/2012 6:1:37] 	data/npc/lib/npcsystem/npchandler.lua:225: in function 'releaseFocus'
[6/9/2012 6:1:37] 	data/npc/lib/npcsystem/npchandler.lua:591: in function 'onWalkAway'
[6/9/2012 6:1:37] 	data/npc/lib/npcsystem/npchandler.lua:523: in function 'onThink'
[6/9/2012 6:1:37] 	data/npc/scripts/game/default.lua:9: in function <data/npc/scripts/game/default.lua:9>
[6/9/2012 6:11:6] > Saving server...
[6/9/2012 6:11:8] > SAVE: Complete in 2.682 seconds using binary-tilebased house storage.
[6/9/2012 6:28:49] > Broadcasted message: "Disturbios foram detectados aos redores de Quendor...".
[6/9/2012 6:32:8] > Broadcasted message: "Os Trolls estão planejando algum ataque a Quendor!".
[6/9/2012 6:35:29] > Broadcasted message: "Os Trolls estão atacando Quendor! Esmaguem estas ridiculas criaturas!".
[6/9/2012 7:11:6] > Saving server...
[6/9/2012 7:11:9] > SAVE: Complete in 3.095 seconds using binary-tilebased house storage.
[6/9/2012 8:11:6] > Saving server...
[6/9/2012 8:11:9] > SAVE: Complete in 2.98 seconds using binary-tilebased house storage.
[6/9/2012 9:11:6] > Saving server...
[6/9/2012 9:11:9] > SAVE: Complete in 3.81 seconds using binary-tilebased house storage.

[6/9/2012 9:15:1] [Error - NpcScript Interface] 
[6/9/2012 9:15:1] (Unknown script file)
[6/9/2012 9:15:1] Description: 
[6/9/2012 9:15:1] attempt to call a nil value
[6/9/2012 9:15:1] stack traceback:

[6/9/2012 9:19:7] [Error - NpcScript Interface] 
[6/9/2012 9:19:7] (Unknown script file)
[6/9/2012 9:19:7] Description: 
[6/9/2012 9:19:7] attempt to call a nil value
[6/9/2012 9:19:7] stack traceback:
[6/9/2012 9:23:42] [Failure - Protocol::XTEA_decrypt] Not valid unencrypted message size (IP: 189.19.114.234)

[6/9/2012 9:25:21] [Error - Action Interface] 
[6/9/2012 9:25:21] data/actions/scripts/tools/pick.lua:onUse
[6/9/2012 9:25:21] Description: 
[6/9/2012 9:25:21] (luaGetThingFromPos) Tile not found
[6/9/2012 9:37:11] [Failure - Protocol::XTEA_decrypt] Not valid unencrypted message size (IP: 189.19.114.234)
[6/9/2012 10:0:8] > Paying houses...
[6/9/2012 10:0:9] Houses paid in 0.587 seconds.
[6/9/2012 10:0:9] > Saving server...
[6/9/2012 10:0:9] > SAVE: Complete in 0.481 seconds using binary-tilebased house storage.
[6/9/2012 10:0:10] Preparing to shutdown the server- done.
