[6/9/2012 10:9:2] > Using MD5 encryption
[6/9/2012 10:9:2] >> Loading RSA key
[6/9/2012 10:9:2] >> Starting SQL connection

[6/9/2012 10:9:2] > WARNING: Outdated MySQL server detected, consider upgrading to a newer version.
[6/9/2012 10:9:2] >> Running Database Manager
[6/9/2012 10:9:2] >> Loading items (OTB)
[6/9/2012 10:9:2] >> Loading items (XML)
[6/9/2012 10:9:2] [Warning - Items::loadFromXml] Unknown key value blocksolid
[6/9/2012 10:9:2] [Warning - Items::loadFromXml] Unknown key value blocksolid
[6/9/2012 10:9:2] >> Loading groups
[6/9/2012 10:9:2] >> Loading vocations
[6/9/2012 10:9:2] >> Loading outfits
[6/9/2012 10:9:2] >> Loading chat channels
[6/9/2012 10:9:2] >> Loading script systems
[6/9/2012 10:9:3] [Warning - Event::loadScript] Event onTime not found (data/globalevents/scripts/clean.lua)
[6/9/2012 10:9:3] >> Loading mods...
[6/9/2012 10:9:3] > 0 mods were loaded.
[6/9/2012 10:9:3] >> Loading experience stages
[6/9/2012 10:9:3] >> Loading monsters
[6/9/2012 10:9:4] [Warning - Monsters::deserializeSpell] Frost Dragon - Unknown areaEffect: smallice
[6/9/2012 10:9:4] >> Loading map and spawns...
[6/9/2012 10:9:6] > Map size: 5000x5000.
[6/9/2012 10:9:6] > Map descriptions: 
[6/9/2012 10:9:6] "Saved with Remere's Map Editor 2.2"
[6/9/2012 10:9:6] "SimOne MapEditor 0.5.5"
[6/9/2012 10:9:7] [Warning - IOMap::loadMap] Movable item in house: 517, item type: 2741, pos 1070/1121/6
[6/9/2012 10:9:7] [Warning - IOMap::loadMap] Movable item in house: 518, item type: 2741, pos 1070/1129/6
[6/9/2012 10:9:7] [Warning - IOMap::loadMap] Movable item in house: 517, item type: 2741, pos 1073/1121/6
[6/9/2012 10:9:7] [Warning - IOMap::loadMap] Movable item in house: 518, item type: 2741, pos 1073/1129/6
[6/9/2012 10:9:9] Duplicate uniqueId 6401
[6/9/2012 10:9:9] Duplicate uniqueId 6401
[6/9/2012 10:9:11] Duplicate uniqueId 6401
[6/9/2012 10:9:11] Duplicate uniqueId 6401
[6/9/2012 10:9:11] Duplicate uniqueId 6401
[6/9/2012 10:9:11] Duplicate uniqueId 6401
[6/9/2012 10:9:16] Duplicate uniqueId 6401
[6/9/2012 10:9:16] Duplicate uniqueId 6401
[6/9/2012 10:9:18] Duplicate uniqueId 2004
[6/9/2012 10:9:18] Duplicate uniqueId 2005
[6/9/2012 10:9:18] Duplicate uniqueId 2006
[6/9/2012 10:9:18] Duplicate uniqueId 2007
[6/9/2012 10:9:22] Duplicate uniqueId 6401
[6/9/2012 10:9:22] Duplicate uniqueId 6401
[6/9/2012 10:9:22] Duplicate uniqueId 6401
[6/9/2012 10:9:23] Duplicate uniqueId 6400
[6/9/2012 10:9:23] Duplicate uniqueId 6401
[6/9/2012 10:9:23] Duplicate uniqueId 2056
[6/9/2012 10:9:23] Duplicate uniqueId 2057
[6/9/2012 10:9:23] Duplicate uniqueId 2058
[6/9/2012 10:9:23] Duplicate uniqueId 2051
[6/9/2012 10:9:23] Duplicate uniqueId 2052
[6/9/2012 10:9:23] Duplicate uniqueId 2053
[6/9/2012 10:9:23] Duplicate uniqueId 2054
[6/9/2012 10:9:23] > Map loading time: 19.14 seconds.
[6/9/2012 10:9:24] [Spawn::addMonster] Cannot find "Butterfly"
[6/9/2012 10:9:24] [Spawn::addMonster] Cannot find "Butterfly"
[6/9/2012 10:9:25] > Data parsing time: 1.417 seconds.
[6/9/2012 10:9:41] > Houses synchronization time: 15.762 seconds.
[6/9/2012 10:9:41] > Content unserialization time: 0.145 seconds.
[6/9/2012 10:9:41] >> Checking world type... Open PvP
[6/9/2012 10:9:41] >> Initializing game state and binding services...
[6/9/2012 10:9:43] > Global IP address: 184.173.128.212
[6/9/2012 10:9:43] > Bound ports: 7577	7578	9215	
[6/9/2012 10:9:43] >> Everything smells good, server is starting up...
[6/9/2012 10:9:43] >> UltraX server Online!
[6/9/2012 10:9:43] >> UltraX server Online!
[DDOS EMERGENCY] Enabled

[6/9/2012 11:11:3] > Saving server...
[6/9/2012 11:11:6] > SAVE: Complete in 2.377 seconds using binary-tilebased house storage.
[6/9/2012 12:11:3] > Saving server...
[6/9/2012 12:11:7] > SAVE: Complete in 3.724 seconds using binary-tilebased house storage.

[6/9/2012 12:24:5] [Error - Action Interface] 
[6/9/2012 12:24:5] data/actions/scripts/tools/rope.lua:onUse
[6/9/2012 12:24:5] Description: 
[6/9/2012 12:24:5] (luaGetThingFromPos) Tile not found
[6/9/2012 13:11:3] > Saving server...
[6/9/2012 13:11:7] > SAVE: Complete in 3.528 seconds using binary-tilebased house storage.

[6/9/2012 13:19:50] [Error - Spell Interface] 
[6/9/2012 13:19:50] data/spells/scripts/support/destroy_field_rune.lua:onCastSpell
[6/9/2012 13:19:50] Description: 
[6/9/2012 13:19:50] (luaDoRemoveItem) Item not found

[6/9/2012 13:19:55] [Error - Spell Interface] 
[6/9/2012 13:19:55] data/spells/scripts/support/destroy_field_rune.lua:onCastSpell
[6/9/2012 13:19:55] Description: 
[6/9/2012 13:19:55] (luaDoRemoveItem) Item not found

[6/9/2012 13:19:59] [Error - Spell Interface] 
[6/9/2012 13:19:59] data/spells/scripts/support/destroy_field_rune.lua:onCastSpell
[6/9/2012 13:19:59] Description: 
[6/9/2012 13:19:59] (luaDoRemoveItem) Item not found

[6/9/2012 13:22:47] [Error - Action Interface] 
[6/9/2012 13:22:47] data/actions/scripts/tools/pick.lua:onUse
[6/9/2012 13:22:47] Description: 
[6/9/2012 13:22:47] (luaGetThingFromPos) Tile not found

[6/9/2012 13:56:59] [Error - MoveEvents Interface] 
[6/9/2012 13:56:59] data/movements/scripts/game/poi.quest/entrance_fields.lua:onStepIn
[6/9/2012 13:56:59] Description: 
[6/9/2012 13:56:59] (internalGetPlayerInfo) Player not found when requesting player info #6

[6/9/2012 13:56:59] [Error - MoveEvents Interface] 
[6/9/2012 13:56:59] data/movements/scripts/game/poi.quest/entrance_fields.lua:onStepIn
[6/9/2012 13:56:59] Description: 
[6/9/2012 13:56:59] (internalGetPlayerInfo) Player not found when requesting player info #6

[6/9/2012 13:56:59] [Error - MoveEvents Interface] 
[6/9/2012 13:56:59] data/movements/scripts/game/poi.quest/entrance_fields.lua:onStepIn
[6/9/2012 13:56:59] Description: 
[6/9/2012 13:56:59] (internalGetPlayerInfo) Player not found when requesting player info #6

[6/9/2012 13:56:59] [Error - MoveEvents Interface] 
[6/9/2012 13:56:59] data/movements/scripts/game/poi.quest/entrance_fields.lua:onStepIn
[6/9/2012 13:56:59] Description: 
[6/9/2012 13:56:59] (internalGetPlayerInfo) Player not found when requesting player info #6

[6/9/2012 13:56:59] [Error - MoveEvents Interface] 
[6/9/2012 13:56:59] data/movements/scripts/game/poi.quest/entrance_fields.lua:onStepIn
[6/9/2012 13:56:59] Description: 
[6/9/2012 13:56:59] (luaDoPlayerSendCancel) Player not found

[6/9/2012 13:57:14] [Error - MoveEvents Interface] 
[6/9/2012 13:57:14] data/movements/scripts/game/poi.quest/entrance_fields.lua:onStepIn
[6/9/2012 13:57:14] Description: 
[6/9/2012 13:57:14] (internalGetPlayerInfo) Player not found when requesting player info #6

[6/9/2012 13:57:14] [Error - MoveEvents Interface] 
[6/9/2012 13:57:14] data/movements/scripts/game/poi.quest/entrance_fields.lua:onStepIn
[6/9/2012 13:57:14] Description: 
[6/9/2012 13:57:14] (internalGetPlayerInfo) Player not found when requesting player info #6

[6/9/2012 13:57:14] [Error - MoveEvents Interface] 
[6/9/2012 13:57:14] data/movements/scripts/game/poi.quest/entrance_fields.lua:onStepIn
[6/9/2012 13:57:14] Description: 
[6/9/2012 13:57:14] (internalGetPlayerInfo) Player not found when requesting player info #6

[6/9/2012 13:57:14] [Error - MoveEvents Interface] 
[6/9/2012 13:57:14] data/movements/scripts/game/poi.quest/entrance_fields.lua:onStepIn
[6/9/2012 13:57:14] Description: 
[6/9/2012 13:57:14] (internalGetPlayerInfo) Player not found when requesting player info #6

[6/9/2012 13:57:14] [Error - MoveEvents Interface] 
[6/9/2012 13:57:14] data/movements/scripts/game/poi.quest/entrance_fields.lua:onStepIn
[6/9/2012 13:57:14] Description: 
[6/9/2012 13:57:14] (luaDoPlayerSendCancel) Player not found

[6/9/2012 14:1:30] [Error - MoveEvents Interface] 
[6/9/2012 14:1:30] data/movements/scripts/game/poi.quest/entrance_fields.lua:onStepIn
[6/9/2012 14:1:30] Description: 
[6/9/2012 14:1:30] (internalGetPlayerInfo) Player not found when requesting player info #6

[6/9/2012 14:1:30] [Error - MoveEvents Interface] 
[6/9/2012 14:1:30] data/movements/scripts/game/poi.quest/entrance_fields.lua:onStepIn
[6/9/2012 14:1:30] Description: 
[6/9/2012 14:1:30] (internalGetPlayerInfo) Player not found when requesting player info #6

[6/9/2012 14:1:30] [Error - MoveEvents Interface] 
[6/9/2012 14:1:30] data/movements/scripts/game/poi.quest/entrance_fields.lua:onStepIn
[6/9/2012 14:1:30] Description: 
[6/9/2012 14:1:30] (internalGetPlayerInfo) Player not found when requesting player info #6

[6/9/2012 14:1:30] [Error - MoveEvents Interface] 
[6/9/2012 14:1:30] data/movements/scripts/game/poi.quest/entrance_fields.lua:onStepIn
[6/9/2012 14:1:30] Description: 
[6/9/2012 14:1:30] (internalGetPlayerInfo) Player not found when requesting player info #6

[6/9/2012 14:1:30] [Error - MoveEvents Interface] 
[6/9/2012 14:1:30] data/movements/scripts/game/poi.quest/entrance_fields.lua:onStepIn
[6/9/2012 14:1:30] Description: 
[6/9/2012 14:1:30] (luaDoPlayerSendCancel) Player not found

[6/9/2012 14:8:25] [Error - Spell Interface] 
[6/9/2012 14:8:25] data/spells/scripts/support/destroy_field_rune.lua:onCastSpell
[6/9/2012 14:8:25] Description: 
[6/9/2012 14:8:25] (luaDoRemoveItem) Item not found
[6/9/2012 14:11:4] > Saving server...
[6/9/2012 14:11:8] > SAVE: Complete in 4.849 seconds using binary-tilebased house storage.
[6/9/2012 14:17:23] [Failure - Protocol::XTEA_decrypt] Not valid unencrypted message size (IP: 189.19.114.234)
[6/9/2012 14:39:45] > Broadcasted message: "É possivel ouvir fortes rugidos vindos de Quendor...".
[6/9/2012 14:40:45] > Broadcasted message: "Dragões de fogo estão sobrevoando Quendor!".
[6/9/2012 14:41:25] > Broadcasted message: "Dragoes poem Quendor em chamas!".
[6/9/2012 14:48:12] [Failure - Protocol::XTEA_decrypt] Not valid unencrypted message size (IP: 187.7.29.22)
[6/9/2012 14:51:0] [Failure - Protocol::XTEA_decrypt] Not valid unencrypted message size (IP: 187.7.29.22)
[6/9/2012 14:51:2] [Failure - Protocol::XTEA_decrypt] Not valid unencrypted message size (IP: 187.7.29.22)
[6/9/2012 15:4:43] [Failure - Protocol::XTEA_decrypt] Not valid unencrypted message size (IP: 187.7.29.22)
[6/9/2012 15:5:25] [Failure - Protocol::XTEA_decrypt] Not valid unencrypted message size (IP: 187.7.29.22)
[6/9/2012 15:11:4] > Saving server...
[6/9/2012 15:11:9] > SAVE: Complete in 5.109 seconds using binary-tilebased house storage.
[6/9/2012 15:13:51] [Failure - Protocol::XTEA_decrypt] Not valid unencrypted message size (IP: 187.7.29.22)
[6/9/2012 15:13:53] [Failure - Protocol::XTEA_decrypt] Not valid encrypted message size (IP: 187.7.29.22)
[6/9/2012 15:14:12] [Failure - Protocol::XTEA_decrypt] Not valid unencrypted message size (IP: 187.7.29.22)
[6/9/2012 15:47:1] [Failure - Protocol::XTEA_decrypt] Not valid unencrypted message size (IP: 187.7.29.22)
[6/9/2012 16:7:26] [Failure - Protocol::XTEA_decrypt] Not valid unencrypted message size (IP: 187.7.29.22)
[6/9/2012 16:11:4] > Saving server...
[6/9/2012 16:11:9] > SAVE: Complete in 5.294 seconds using binary-tilebased house storage.
[6/9/2012 16:55:17] [Warning - Protocol::RSA_decrypt] Not valid packet size (IP: 200.216.188.35)
[6/9/2012 16:56:40] [Warning - Protocol::RSA_decrypt] Not valid packet size (IP: 200.216.188.35)
[6/9/2012 17:11:4] > Saving server...
[6/9/2012 17:11:9] > SAVE: Complete in 5.147 seconds using binary-tilebased house storage.
[6/9/2012 17:13:45] [Failure - Protocol::XTEA_decrypt] Not valid unencrypted message size (IP: 187.55.225.205)
[6/9/2012 17:47:2] [DDOS EMERGENCY] Current avarage RX packet per second 120605 is greater then limit 70000. Emergency ENABLED.
[6/9/2012 17:47:2] > Broadcasted message: "Estamos tendo problemas de conexï¿½o. Para evitar prejuizos, nenhuma morte receberï¿½ qualquer tipo de penalidade atï¿½ que nossa conexï¿½o se normalize.".
[6/9/2012 17:48:28] [DDOS EMERGENCY] Current avarage RX packet per second 61773 is fine. Emergency disabled.
[6/9/2012 17:48:28] > Broadcasted message: "Conexï¿½o normalizada. Penalidades nas mortes agora estï¿½o novamente validas. Obrigado pela sua compreensï¿½o e bom jogo.".

[6/9/2012 17:58:38] [Error - Spell Interface] 
[6/9/2012 17:58:38] data/spells/scripts/support/desintegrate_rune.lua:onCastSpell
[6/9/2012 17:58:38] Description: 
[6/9/2012 17:58:38] data/spells/scripts/support/desintegrate_rune.lua:13: attempt to call global 'doCleanTileItemsByPos' (a nil value)
[6/9/2012 17:58:38] stack traceback:
[6/9/2012 17:58:38] 	data/spells/scripts/support/desintegrate_rune.lua:13: in function <data/spells/scripts/support/desintegrate_rune.lua:5>

[6/9/2012 17:59:0] [Error - Spell Interface] 
[6/9/2012 17:59:0] data/spells/scripts/support/desintegrate_rune.lua:onCastSpell
[6/9/2012 17:59:0] Description: 
[6/9/2012 17:59:0] data/spells/scripts/support/desintegrate_rune.lua:13: attempt to call global 'doCleanTileItemsByPos' (a nil value)
[6/9/2012 17:59:0] stack traceback:
[6/9/2012 17:59:0] 	data/spells/scripts/support/desintegrate_rune.lua:13: in function <data/spells/scripts/support/desintegrate_rune.lua:5>

[6/9/2012 17:59:40] [Error - Spell Interface] 
[6/9/2012 17:59:40] data/spells/scripts/support/desintegrate_rune.lua:onCastSpell
[6/9/2012 17:59:40] Description: 
[6/9/2012 17:59:40] data/spells/scripts/support/desintegrate_rune.lua:13: attempt to call global 'doCleanTileItemsByPos' (a nil value)
[6/9/2012 17:59:40] stack traceback:
[6/9/2012 17:59:40] 	data/spells/scripts/support/desintegrate_rune.lua:13: in function <data/spells/scripts/support/desintegrate_rune.lua:5>

[6/9/2012 18:1:20] [Error - Spell Interface] 
[6/9/2012 18:1:20] data/spells/scripts/support/desintegrate_rune.lua:onCastSpell
[6/9/2012 18:1:20] Description: 
[6/9/2012 18:1:20] data/spells/scripts/support/desintegrate_rune.lua:13: attempt to call global 'doCleanTileItemsByPos' (a nil value)
[6/9/2012 18:1:20] stack traceback:
[6/9/2012 18:1:20] 	data/spells/scripts/support/desintegrate_rune.lua:13: in function <data/spells/scripts/support/desintegrate_rune.lua:5>

[6/9/2012 18:6:21] [Error - Spell Interface] 
[6/9/2012 18:6:21] data/spells/scripts/support/desintegrate_rune.lua:onCastSpell
[6/9/2012 18:6:21] Description: 
[6/9/2012 18:6:21] data/spells/scripts/support/desintegrate_rune.lua:13: attempt to call global 'doCleanTileItemsByPos' (a nil value)
[6/9/2012 18:6:21] stack traceback:
[6/9/2012 18:6:21] 	data/spells/scripts/support/desintegrate_rune.lua:13: in function <data/spells/scripts/support/desintegrate_rune.lua:5>

[6/9/2012 18:8:30] [Error - Spell Interface] 
[6/9/2012 18:8:30] data/spells/scripts/support/desintegrate_rune.lua:onCastSpell
[6/9/2012 18:8:30] Description: 
[6/9/2012 18:8:30] data/spells/scripts/support/desintegrate_rune.lua:13: attempt to call global 'doCleanTileItemsByPos' (a nil value)
[6/9/2012 18:8:30] stack traceback:
[6/9/2012 18:8:30] 	data/spells/scripts/support/desintegrate_rune.lua:13: in function <data/spells/scripts/support/desintegrate_rune.lua:5>

[6/9/2012 18:8:31] [Error - Spell Interface] 
[6/9/2012 18:8:31] data/spells/scripts/support/desintegrate_rune.lua:onCastSpell
[6/9/2012 18:8:31] Description: 
[6/9/2012 18:8:31] data/spells/scripts/support/desintegrate_rune.lua:13: attempt to call global 'doCleanTileItemsByPos' (a nil value)
[6/9/2012 18:8:31] stack traceback:
[6/9/2012 18:8:31] 	data/spells/scripts/support/desintegrate_rune.lua:13: in function <data/spells/scripts/support/desintegrate_rune.lua:5>

[6/9/2012 18:8:32] [Error - Spell Interface] 
[6/9/2012 18:8:32] data/spells/scripts/support/desintegrate_rune.lua:onCastSpell
[6/9/2012 18:8:32] Description: 
[6/9/2012 18:8:32] data/spells/scripts/support/desintegrate_rune.lua:13: attempt to call global 'doCleanTileItemsByPos' (a nil value)
[6/9/2012 18:8:32] stack traceback:
[6/9/2012 18:8:32] 	data/spells/scripts/support/desintegrate_rune.lua:13: in function <data/spells/scripts/support/desintegrate_rune.lua:5>
[6/9/2012 18:11:4] > Saving server...
[6/9/2012 18:11:8] > SAVE: Complete in 4.879 seconds using binary-tilebased house storage.

[6/9/2012 18:44:27] [Error - Spell Interface] 
[6/9/2012 18:44:27] data/spells/scripts/support/desintegrate_rune.lua:onCastSpell
[6/9/2012 18:44:27] Description: 
[6/9/2012 18:44:27] data/spells/scripts/support/desintegrate_rune.lua:13: attempt to call global 'doCleanTileItemsByPos' (a nil value)
[6/9/2012 18:44:27] stack traceback:
[6/9/2012 18:44:27] 	data/spells/scripts/support/desintegrate_rune.lua:13: in function <data/spells/scripts/support/desintegrate_rune.lua:5>
[6/9/2012 19:11:4] > Saving server...
[6/9/2012 19:11:9] > SAVE: Complete in 5.47 seconds using binary-tilebased house storage.

[6/9/2012 19:27:48] [Error - Spell Interface] 
[6/9/2012 19:27:48] data/spells/scripts/support/destroy_field_rune.lua:onCastSpell
[6/9/2012 19:27:48] Description: 
[6/9/2012 19:27:48] (luaDoRemoveItem) Item not found
[6/9/2012 19:28:46] > Broadcasted message: "Disturbios foram detectados aos redores de Quendor...".
[6/9/2012 19:32:6] > Broadcasted message: "Os Trolls estão planejando algum ataque a Quendor!".
[6/9/2012 19:35:26] > Broadcasted message: "Os Trolls estão atacando Quendor! Esmaguem estas ridiculas criaturas!".
[6/9/2012 20:11:4] > Saving server...
[6/9/2012 20:11:9] > SAVE: Complete in 5.767 seconds using binary-tilebased house storage.
[6/9/2012 21:11:4] > Saving server...
[6/9/2012 21:11:8] > SAVE: Complete in 4.786 seconds using binary-tilebased house storage.
[6/9/2012 22:11:4] > Saving server...
[6/9/2012 22:11:8] > SAVE: Complete in 4.362 seconds using binary-tilebased house storage.
[6/9/2012 23:11:4] > Saving server...
[6/9/2012 23:11:8] > SAVE: Complete in 4.229 seconds using binary-tilebased house storage.

[6/9/2012 23:57:15] [Error - Spell Interface] 
[6/9/2012 23:57:15] data/spells/scripts/support/destroy_field_rune.lua:onCastSpell
[6/9/2012 23:57:15] Description: 
[6/9/2012 23:57:15] (luaDoRemoveItem) Item not found
[7/9/2012 0:6:46] > Broadcasted message: "Elf Scouts have been sighted near Thorn!".
[7/9/2012 0:9:46] > Broadcasted message: "The elves are comming to Thorn, seams to be a huge attack!".
[7/9/2012 0:11:4] > Saving server...
[7/9/2012 0:11:8] > SAVE: Complete in 4.488 seconds using binary-tilebased house storage.
[7/9/2012 0:11:48] > Broadcasted message: "Thorn is under attack!".
[7/9/2012 1:11:4] > Saving server...
[7/9/2012 1:11:8] > SAVE: Complete in 4.132 seconds using binary-tilebased house storage.
[7/9/2012 1:37:57] [Warning - Protocol::RSA_decrypt] Not valid packet size (IP: 189.30.112.80)
[7/9/2012 2:11:4] > Saving server...
[7/9/2012 2:11:8] > SAVE: Complete in 4.06 seconds using binary-tilebased house storage.
[7/9/2012 3:11:4] > Saving server...
[7/9/2012 3:11:8] > SAVE: Complete in 3.754 seconds using binary-tilebased house storage.
[7/9/2012 4:11:4] > Saving server...
[7/9/2012 4:11:7] > SAVE: Complete in 3.518 seconds using binary-tilebased house storage.
[7/9/2012 5:11:4] > Saving server...
[7/9/2012 5:11:7] > SAVE: Complete in 2.582 seconds using binary-tilebased house storage.
[7/9/2012 6:11:4] > Saving server...
[7/9/2012 6:11:7] > SAVE: Complete in 2.62 seconds using binary-tilebased house storage.
[7/9/2012 7:11:4] > Saving server...
[7/9/2012 7:11:7] > SAVE: Complete in 2.834 seconds using binary-tilebased house storage.
[7/9/2012 8:11:4] > Saving server...
[7/9/2012 8:11:8] > SAVE: Complete in 4.185 seconds using binary-tilebased house storage.
[7/9/2012 9:11:4] > Saving server...
[7/9/2012 9:11:8] > SAVE: Complete in 3.817 seconds using binary-tilebased house storage.
[7/9/2012 10:0:10] > Paying houses...
[7/9/2012 10:0:12] Houses paid in 1.773 seconds.
[7/9/2012 10:0:12] > Saving server...
[7/9/2012 10:0:12] > SAVE: Complete in 0.434 seconds using binary-tilebased house storage.
[7/9/2012 10:0:12] Preparing to shutdown the server- done.
