[9/9/2012 10:9:2] > Using MD5 encryption
[9/9/2012 10:9:2] >> Loading RSA key
[9/9/2012 10:9:2] >> Starting SQL connection

[9/9/2012 10:9:2] > WARNING: Outdated MySQL server detected, consider upgrading to a newer version.
[9/9/2012 10:9:2] >> Running Database Manager
[9/9/2012 10:9:2] >> Loading items (OTB)
[9/9/2012 10:9:3] >> Loading items (XML)
[9/9/2012 10:9:3] [Warning - Items::loadFromXml] Unknown key value blocksolid
[9/9/2012 10:9:3] [Warning - Items::loadFromXml] Unknown key value blocksolid
[9/9/2012 10:9:3] >> Loading groups
[9/9/2012 10:9:3] >> Loading vocations
[9/9/2012 10:9:3] >> Loading outfits
[9/9/2012 10:9:3] >> Loading chat channels
[9/9/2012 10:9:3] >> Loading script systems
[9/9/2012 10:9:4] [Warning - Event::loadScript] Event onTime not found (data/globalevents/scripts/clean.lua)
[9/9/2012 10:9:4] >> Loading mods...
[9/9/2012 10:9:4] > 0 mods were loaded.
[9/9/2012 10:9:4] >> Loading experience stages
[9/9/2012 10:9:4] >> Loading monsters
[9/9/2012 10:9:4] [Warning - Monsters::deserializeSpell] Frost Dragon - Unknown areaEffect: smallice
[9/9/2012 10:9:5] >> Loading map and spawns...
[9/9/2012 10:9:7] > Map size: 5000x5000.
[9/9/2012 10:9:7] > Map descriptions: 
[9/9/2012 10:9:7] "Saved with Remere's Map Editor 2.2"
[9/9/2012 10:9:7] "SimOne MapEditor 0.5.5"
[9/9/2012 10:9:8] [Warning - IOMap::loadMap] Movable item in house: 517, item type: 2741, pos 1070/1121/6
[9/9/2012 10:9:8] [Warning - IOMap::loadMap] Movable item in house: 518, item type: 2741, pos 1070/1129/6
[9/9/2012 10:9:8] [Warning - IOMap::loadMap] Movable item in house: 517, item type: 2741, pos 1073/1121/6
[9/9/2012 10:9:8] [Warning - IOMap::loadMap] Movable item in house: 518, item type: 2741, pos 1073/1129/6
[9/9/2012 10:9:9] Duplicate uniqueId 6401
[9/9/2012 10:9:9] Duplicate uniqueId 6401
[9/9/2012 10:9:12] Duplicate uniqueId 6401
[9/9/2012 10:9:12] Duplicate uniqueId 6401
[9/9/2012 10:9:12] Duplicate uniqueId 6401
[9/9/2012 10:9:12] Duplicate uniqueId 6401
[9/9/2012 10:9:16] Duplicate uniqueId 6401
[9/9/2012 10:9:16] Duplicate uniqueId 6401
[9/9/2012 10:9:18] Duplicate uniqueId 2004
[9/9/2012 10:9:18] Duplicate uniqueId 2005
[9/9/2012 10:9:18] Duplicate uniqueId 2006
[9/9/2012 10:9:18] Duplicate uniqueId 2007
[9/9/2012 10:9:23] Duplicate uniqueId 6401
[9/9/2012 10:9:23] Duplicate uniqueId 6401
[9/9/2012 10:9:23] Duplicate uniqueId 6401
[9/9/2012 10:9:24] Duplicate uniqueId 6400
[9/9/2012 10:9:24] Duplicate uniqueId 6401
[9/9/2012 10:9:24] Duplicate uniqueId 2056
[9/9/2012 10:9:24] Duplicate uniqueId 2057
[9/9/2012 10:9:24] Duplicate uniqueId 2058
[9/9/2012 10:9:24] Duplicate uniqueId 2051
[9/9/2012 10:9:24] Duplicate uniqueId 2052
[9/9/2012 10:9:24] Duplicate uniqueId 2053
[9/9/2012 10:9:24] Duplicate uniqueId 2054
[9/9/2012 10:9:24] > Map loading time: 19.494 seconds.
[9/9/2012 10:9:25] [Spawn::addMonster] Cannot find "Butterfly"
[9/9/2012 10:9:25] [Spawn::addMonster] Cannot find "Butterfly"
[9/9/2012 10:9:25] > Data parsing time: 1.245 seconds.
[9/9/2012 10:9:42] > Houses synchronization time: 16.887 seconds.
[9/9/2012 10:9:42] > Content unserialization time: 0.09 seconds.
[9/9/2012 10:9:42] >> Checking world type... Open PvP
[9/9/2012 10:9:42] >> Initializing game state and binding services...
[9/9/2012 10:9:45] > Global IP address: 184.173.128.212
[9/9/2012 10:9:45] > Bound ports: 7577	7578	9215	
[9/9/2012 10:9:45] >> Everything smells good, server is starting up...
[9/9/2012 10:9:45] [DDOS EMERGENCY] Enabled
>> UltraX server Online!
[9/9/2012 10:9:45] [DDOS EMERGENCY] Enabled
>> UltraX server Online!


[9/9/2012 10:15:46] [Error - NpcScript Interface] 
[9/9/2012 10:15:46] (Unknown script file)
[9/9/2012 10:15:46] Description: 
[9/9/2012 10:15:46] attempt to call a nil value
[9/9/2012 10:15:46] stack traceback:

[9/9/2012 10:19:6] [Error - NpcScript Interface] 
[9/9/2012 10:19:6] (Unknown script file)
[9/9/2012 10:19:6] Description: 
[9/9/2012 10:19:6] attempt to call a nil value
[9/9/2012 10:19:6] stack traceback:
[9/9/2012 10:19:6] 	[C]: in function 'closeShopWindow'
[9/9/2012 10:19:6] 	data/npc/lib/npcsystem/npchandler.lua:225: in function 'releaseFocus'
[9/9/2012 10:19:6] 	data/npc/lib/npcsystem/npchandler.lua:591: in function 'onWalkAway'
[9/9/2012 10:19:6] 	data/npc/lib/npcsystem/npchandler.lua:523: in function 'onThink'
[9/9/2012 10:19:6] 	data/npc/scripts/game/default.lua:9: in function <data/npc/scripts/game/default.lua:9>
[9/9/2012 10:52:27] [DDOS EMERGENCY] Current avarage RX packet per second 124426 is greater then limit 70000. Emergency ENABLED.
[9/9/2012 10:52:27] > Broadcasted message: "Estamos tendo problemas de conexï¿½o. Para evitar prejuizos, nenhuma morte receberï¿½ qualquer tipo de penalidade atï¿½ que nossa conexï¿½o se normalize.".
[9/9/2012 10:52:57] [DDOS EMERGENCY] Current avarage RX packet per second 2451 is fine. Emergency disabled.
[9/9/2012 10:52:57] > Broadcasted message: "Conexï¿½o normalizada. Penalidades nas mortes agora estï¿½o novamente validas. Obrigado pela sua compreensï¿½o e bom jogo.".

[9/9/2012 11:5:21] [Error - NpcScript Interface] 
[9/9/2012 11:5:21] (Unknown script file)
[9/9/2012 11:5:21] Description: 
[9/9/2012 11:5:21] attempt to call a nil value
[9/9/2012 11:5:21] stack traceback:
[9/9/2012 11:11:4] > Saving server...
[9/9/2012 11:11:6] > SAVE: Complete in 2.537 seconds using binary-tilebased house storage.

[9/9/2012 11:56:12] [Error - NpcScript Interface] 
[9/9/2012 11:56:12] (Unknown script file)
[9/9/2012 11:56:12] Description: 
[9/9/2012 11:56:12] attempt to call a nil value
[9/9/2012 11:56:12] stack traceback:

[9/9/2012 12:6:41] [Error - NpcScript Interface] 
[9/9/2012 12:6:41] (Unknown script file)
[9/9/2012 12:6:41] Description: 
[9/9/2012 12:6:41] attempt to call a nil value
[9/9/2012 12:6:41] stack traceback:
[9/9/2012 12:9:11] [DDOS EMERGENCY] Current avarage RX packet per second 92828 is greater then limit 70000. Emergency ENABLED.
[9/9/2012 12:9:11] > Broadcasted message: "Estamos tendo problemas de conexï¿½o. Para evitar prejuizos, nenhuma morte receberï¿½ qualquer tipo de penalidade atï¿½ que nossa conexï¿½o se normalize.".
[9/9/2012 12:9:41] [DDOS EMERGENCY] Current avarage RX packet per second 1887 is fine. Emergency disabled.
[9/9/2012 12:9:41] > Broadcasted message: "Conexï¿½o normalizada. Penalidades nas mortes agora estï¿½o novamente validas. Obrigado pela sua compreensï¿½o e bom jogo.".
[9/9/2012 12:11:4] > Saving server...
[9/9/2012 12:11:8] > SAVE: Complete in 4.811 seconds using binary-tilebased house storage.

[9/9/2012 12:23:16] [Error - Action Interface] 
[9/9/2012 12:23:16] data/actions/scripts/tools/pick.lua:onUse
[9/9/2012 12:23:16] Description: 
[9/9/2012 12:23:16] (luaGetThingFromPos) Tile not found

[9/9/2012 12:33:52] [Error - NpcScript Interface] 
[9/9/2012 12:33:52] (Unknown script file)
[9/9/2012 12:33:52] Description: 
[9/9/2012 12:33:52] attempt to call a nil value
[9/9/2012 12:33:52] stack traceback:
[9/9/2012 12:33:52] 	[C]: in function 'closeShopWindow'
[9/9/2012 12:33:52] 	data/npc/lib/npcsystem/npchandler.lua:225: in function 'releaseFocus'
[9/9/2012 12:33:52] 	data/npc/lib/npcsystem/npchandler.lua:363: in function 'unGreet'
[9/9/2012 12:33:52] 	data/npc/lib/npcsystem/npchandler.lua:576: in function 'onFarewell'
[9/9/2012 12:33:52] 	data/npc/lib/npcsystem/modules.lua:251: in function 'callback'
[9/9/2012 12:33:52] 	data/npc/lib/npcsystem/keywordhandler.lua:41: in function 'processMessage'
[9/9/2012 12:33:52] 	data/npc/lib/npcsystem/keywordhandler.lua:181: in function 'processNodeMessage'
[9/9/2012 12:33:52] 	data/npc/lib/npcsystem/keywordhandler.lua:140: in function 'processMessage'
[9/9/2012 12:33:52] 	data/npc/lib/npcsystem/npchandler.lua:423: in function 'onCreatureSay'
[9/9/2012 12:33:52] 	data/npc/scripts/game/default.lua:8: in function <data/npc/scripts/game/default.lua:8>
[9/9/2012 12:47:23] [DDOS EMERGENCY] Current avarage RX packet per second 90924 is greater then limit 70000. Emergency ENABLED.
[9/9/2012 12:47:23] > Broadcasted message: "Estamos tendo problemas de conexï¿½o. Para evitar prejuizos, nenhuma morte receberï¿½ qualquer tipo de penalidade atï¿½ que nossa conexï¿½o se normalize.".
[9/9/2012 12:47:53] [DDOS EMERGENCY] Current avarage RX packet per second 60896 is fine. Emergency disabled.
[9/9/2012 12:47:53] > Broadcasted message: "Conexï¿½o normalizada. Penalidades nas mortes agora estï¿½o novamente validas. Obrigado pela sua compreensï¿½o e bom jogo.".
[9/9/2012 12:48:24] [DDOS EMERGENCY] Current avarage RX packet per second 70713 is greater then limit 70000. Emergency ENABLED.
[9/9/2012 12:48:24] > Broadcasted message: "Estamos tendo problemas de conexï¿½o. Para evitar prejuizos, nenhuma morte receberï¿½ qualquer tipo de penalidade atï¿½ que nossa conexï¿½o se normalize.".
[9/9/2012 12:55:58] [DDOS EMERGENCY] Current avarage RX packet per second 47692 is fine. Emergency disabled.
[9/9/2012 12:55:58] > Broadcasted message: "Conexï¿½o normalizada. Penalidades nas mortes agora estï¿½o novamente validas. Obrigado pela sua compreensï¿½o e bom jogo.".
[9/9/2012 12:57:22] [DDOS EMERGENCY] Current avarage RX packet per second 121703 is greater then limit 70000. Emergency ENABLED.
[9/9/2012 12:57:22] > Broadcasted message: "Estamos tendo problemas de conexï¿½o. Para evitar prejuizos, nenhuma morte receberï¿½ qualquer tipo de penalidade atï¿½ que nossa conexï¿½o se normalize.".

[9/9/2012 12:58:55] [Error - NpcScript Interface] 
[9/9/2012 12:58:55] (Unknown script file)
[9/9/2012 12:58:55] Description: 
[9/9/2012 12:58:55] attempt to call a nil value
[9/9/2012 12:58:55] stack traceback:
[9/9/2012 13:11:4] > Saving server...
[9/9/2012 13:11:6] > SAVE: Complete in 2.106 seconds using binary-tilebased house storage.
[9/9/2012 13:16:19] [DDOS EMERGENCY] Current avarage RX packet per second 54489 is fine. Emergency disabled.
[9/9/2012 13:16:19] > Broadcasted message: "Conexï¿½o normalizada. Penalidades nas mortes agora estï¿½o novamente validas. Obrigado pela sua compreensï¿½o e bom jogo.".
[9/9/2012 13:16:22] [DDOS EMERGENCY] Current avarage RX packet per second 75331 is greater then limit 70000. Emergency ENABLED.
[9/9/2012 13:16:22] > Broadcasted message: "Estamos tendo problemas de conexï¿½o. Para evitar prejuizos, nenhuma morte receberï¿½ qualquer tipo de penalidade atï¿½ que nossa conexï¿½o se normalize.".
[9/9/2012 13:16:52] [DDOS EMERGENCY] Current avarage RX packet per second 11442 is fine. Emergency disabled.
[9/9/2012 13:16:52] > Broadcasted message: "Conexï¿½o normalizada. Penalidades nas mortes agora estï¿½o novamente validas. Obrigado pela sua compreensï¿½o e bom jogo.".

[9/9/2012 13:20:17] [Error - NpcScript Interface] 
[9/9/2012 13:20:17] (Unknown script file)
[9/9/2012 13:20:17] Description: 
[9/9/2012 13:20:17] attempt to call a nil value
[9/9/2012 13:20:17] stack traceback:
[9/9/2012 13:37:24] [DDOS EMERGENCY] Current avarage RX packet per second 93059 is greater then limit 70000. Emergency ENABLED.
[9/9/2012 13:37:24] > Broadcasted message: "Estamos tendo problemas de conexï¿½o. Para evitar prejuizos, nenhuma morte receberï¿½ qualquer tipo de penalidade atï¿½ que nossa conexï¿½o se normalize.".
[9/9/2012 13:39:57] [DDOS EMERGENCY] Current avarage RX packet per second 36566 is fine. Emergency disabled.
[9/9/2012 13:39:57] > Broadcasted message: "Conexï¿½o normalizada. Penalidades nas mortes agora estï¿½o novamente validas. Obrigado pela sua compreensï¿½o e bom jogo.".

[9/9/2012 14:5:13] [Error - NpcScript Interface] 
[9/9/2012 14:5:13] (Unknown script file)
[9/9/2012 14:5:13] Description: 
[9/9/2012 14:5:13] attempt to call a nil value
[9/9/2012 14:5:13] stack traceback:
[9/9/2012 14:5:13] 	[C]: in function 'closeShopWindow'
[9/9/2012 14:5:13] 	data/npc/lib/npcsystem/npchandler.lua:225: in function 'releaseFocus'
[9/9/2012 14:5:13] 	data/npc/lib/npcsystem/npchandler.lua:591: in function 'onWalkAway'
[9/9/2012 14:5:13] 	data/npc/lib/npcsystem/npchandler.lua:523: in function 'onThink'
[9/9/2012 14:5:13] 	data/npc/scripts/game/default.lua:9: in function <data/npc/scripts/game/default.lua:9>
[9/9/2012 14:11:4] > Saving server...
[9/9/2012 14:11:7] > SAVE: Complete in 3.531 seconds using binary-tilebased house storage.

[9/9/2012 14:21:49] [Error - NpcScript Interface] 
[9/9/2012 14:21:49] (Unknown script file)
[9/9/2012 14:21:49] Description: 
[9/9/2012 14:21:49] attempt to call a nil value
[9/9/2012 14:21:49] stack traceback:

[9/9/2012 14:22:55] [Error - NpcScript Interface] 
[9/9/2012 14:22:55] (Unknown script file)
[9/9/2012 14:22:55] Description: 
[9/9/2012 14:22:55] attempt to call a nil value
[9/9/2012 14:22:55] stack traceback:
[9/9/2012 14:22:55] 	[C]: in function 'closeShopWindow'
[9/9/2012 14:22:55] 	data/npc/lib/npcsystem/npchandler.lua:225: in function 'releaseFocus'
[9/9/2012 14:22:55] 	data/npc/lib/npcsystem/npchandler.lua:591: in function 'onWalkAway'
[9/9/2012 14:22:55] 	data/npc/lib/npcsystem/npchandler.lua:523: in function 'onThink'
[9/9/2012 14:22:55] 	data/npc/scripts/game/default.lua:9: in function <data/npc/scripts/game/default.lua:9>

[9/9/2012 14:27:27] [Error - NpcScript Interface] 
[9/9/2012 14:27:27] (Unknown script file)
[9/9/2012 14:27:27] Description: 
[9/9/2012 14:27:27] attempt to call a nil value
[9/9/2012 14:27:27] stack traceback:
[9/9/2012 14:27:27] 	[C]: in function 'closeShopWindow'
[9/9/2012 14:27:27] 	data/npc/lib/npcsystem/npchandler.lua:225: in function 'releaseFocus'
[9/9/2012 14:27:27] 	data/npc/lib/npcsystem/npchandler.lua:591: in function 'onWalkAway'
[9/9/2012 14:27:27] 	data/npc/lib/npcsystem/npchandler.lua:523: in function 'onThink'
[9/9/2012 14:27:27] 	data/npc/scripts/game/default.lua:9: in function <data/npc/scripts/game/default.lua:9>

[9/9/2012 14:30:46] [Error - NpcScript Interface] 
[9/9/2012 14:30:46] (Unknown script file)
[9/9/2012 14:30:46] Description: 
[9/9/2012 14:30:46] attempt to call a nil value
[9/9/2012 14:30:46] stack traceback:

[9/9/2012 14:56:56] [Error - NpcScript Interface] 
[9/9/2012 14:56:56] (Unknown script file)
[9/9/2012 14:56:56] Description: 
[9/9/2012 14:56:56] attempt to call a nil value
[9/9/2012 14:56:56] stack traceback:

[9/9/2012 14:57:15] [Error - NpcScript Interface] 
[9/9/2012 14:57:15] (Unknown script file)
[9/9/2012 14:57:15] Description: 
[9/9/2012 14:57:15] attempt to call a nil value
[9/9/2012 14:57:15] stack traceback:

[9/9/2012 15:5:29] [Error - NpcScript Interface] 
[9/9/2012 15:5:29] (Unknown script file)
[9/9/2012 15:5:29] Description: 
[9/9/2012 15:5:29] attempt to call a nil value
[9/9/2012 15:5:29] stack traceback:
[9/9/2012 15:11:4] > Saving server...
[9/9/2012 15:11:8] > SAVE: Complete in 4.312 seconds using binary-tilebased house storage.

[9/9/2012 15:31:39] [Error - NpcScript Interface] 
[9/9/2012 15:31:39] (Unknown script file)
[9/9/2012 15:31:39] Description: 
[9/9/2012 15:31:39] attempt to call a nil value
[9/9/2012 15:31:39] stack traceback:

[9/9/2012 15:36:11] [Error - NpcScript Interface] 
[9/9/2012 15:36:11] (Unknown script file)
[9/9/2012 15:36:11] Description: 
[9/9/2012 15:36:11] attempt to call a nil value
[9/9/2012 15:36:11] stack traceback:

[9/9/2012 15:45:24] [Error - NpcScript Interface] 
[9/9/2012 15:45:24] (Unknown script file)
[9/9/2012 15:45:24] Description: 
[9/9/2012 15:45:24] attempt to call a nil value
[9/9/2012 15:45:24] stack traceback:
[9/9/2012 16:11:4] > Saving server...
[9/9/2012 16:11:9] > SAVE: Complete in 5.627 seconds using binary-tilebased house storage.

[9/9/2012 16:40:2] [Error - NpcScript Interface] 
[9/9/2012 16:40:2] (Unknown script file)
[9/9/2012 16:40:2] Description: 
[9/9/2012 16:40:2] attempt to call a nil value
[9/9/2012 16:40:2] stack traceback:
[9/9/2012 16:40:2] 	[C]: in function 'closeShopWindow'
[9/9/2012 16:40:2] 	data/npc/lib/npcsystem/npchandler.lua:225: in function 'releaseFocus'
[9/9/2012 16:40:2] 	data/npc/lib/npcsystem/npchandler.lua:363: in function 'unGreet'
[9/9/2012 16:40:2] 	data/npc/lib/npcsystem/npchandler.lua:576: in function 'onFarewell'
[9/9/2012 16:40:2] 	data/npc/lib/npcsystem/modules.lua:251: in function 'callback'
[9/9/2012 16:40:2] 	data/npc/lib/npcsystem/keywordhandler.lua:41: in function 'processMessage'
[9/9/2012 16:40:2] 	data/npc/lib/npcsystem/keywordhandler.lua:181: in function 'processNodeMessage'
[9/9/2012 16:40:2] 	data/npc/lib/npcsystem/keywordhandler.lua:140: in function 'processMessage'
[9/9/2012 16:40:2] 	data/npc/lib/npcsystem/npchandler.lua:423: in function 'onCreatureSay'
[9/9/2012 16:40:2] 	data/npc/scripts/game/default.lua:8: in function <data/npc/scripts/game/default.lua:8>

[9/9/2012 16:49:31] [Error - NpcScript Interface] 
[9/9/2012 16:49:31] (Unknown script file)
[9/9/2012 16:49:31] Description: 
[9/9/2012 16:49:31] attempt to call a nil value
[9/9/2012 16:49:31] stack traceback:
[9/9/2012 17:11:4] > Saving server...
[9/9/2012 17:11:9] > SAVE: Complete in 5.016 seconds using binary-tilebased house storage.

[9/9/2012 17:39:20] [Error - MoveEvents Interface] 
[9/9/2012 17:39:20] data/movements/scripts/game/poi.quest/entrance_fields.lua:onStepIn
[9/9/2012 17:39:20] Description: 
[9/9/2012 17:39:20] (internalGetPlayerInfo) Player not found when requesting player info #6

[9/9/2012 17:39:20] [Error - MoveEvents Interface] 
[9/9/2012 17:39:20] data/movements/scripts/game/poi.quest/entrance_fields.lua:onStepIn
[9/9/2012 17:39:20] Description: 
[9/9/2012 17:39:20] (internalGetPlayerInfo) Player not found when requesting player info #6

[9/9/2012 17:39:20] [Error - MoveEvents Interface] 
[9/9/2012 17:39:20] data/movements/scripts/game/poi.quest/entrance_fields.lua:onStepIn
[9/9/2012 17:39:20] Description: 
[9/9/2012 17:39:20] (internalGetPlayerInfo) Player not found when requesting player info #6

[9/9/2012 17:39:20] [Error - MoveEvents Interface] 
[9/9/2012 17:39:20] data/movements/scripts/game/poi.quest/entrance_fields.lua:onStepIn
[9/9/2012 17:39:20] Description: 
[9/9/2012 17:39:20] (internalGetPlayerInfo) Player not found when requesting player info #6

[9/9/2012 17:39:20] [Error - MoveEvents Interface] 
[9/9/2012 17:39:20] data/movements/scripts/game/poi.quest/entrance_fields.lua:onStepIn
[9/9/2012 17:39:20] Description: 
[9/9/2012 17:39:20] (luaDoPlayerSendCancel) Player not found

[9/9/2012 17:39:26] [Error - MoveEvents Interface] 
[9/9/2012 17:39:26] data/movements/scripts/game/poi.quest/entrance_fields.lua:onStepIn
[9/9/2012 17:39:26] Description: 
[9/9/2012 17:39:26] (internalGetPlayerInfo) Player not found when requesting player info #6

[9/9/2012 17:39:26] [Error - MoveEvents Interface] 
[9/9/2012 17:39:26] data/movements/scripts/game/poi.quest/entrance_fields.lua:onStepIn
[9/9/2012 17:39:26] Description: 
[9/9/2012 17:39:26] (internalGetPlayerInfo) Player not found when requesting player info #6

[9/9/2012 17:39:26] [Error - MoveEvents Interface] 
[9/9/2012 17:39:26] data/movements/scripts/game/poi.quest/entrance_fields.lua:onStepIn
[9/9/2012 17:39:26] Description: 
[9/9/2012 17:39:26] (internalGetPlayerInfo) Player not found when requesting player info #6

[9/9/2012 17:39:26] [Error - MoveEvents Interface] 
[9/9/2012 17:39:26] data/movements/scripts/game/poi.quest/entrance_fields.lua:onStepIn
[9/9/2012 17:39:26] Description: 
[9/9/2012 17:39:26] (internalGetPlayerInfo) Player not found when requesting player info #6

[9/9/2012 17:39:26] [Error - MoveEvents Interface] 
[9/9/2012 17:39:26] data/movements/scripts/game/poi.quest/entrance_fields.lua:onStepIn
[9/9/2012 17:39:26] Description: 
[9/9/2012 17:39:26] (luaDoPlayerSendCancel) Player not found

[9/9/2012 17:39:32] [Error - MoveEvents Interface] 
[9/9/2012 17:39:32] data/movements/scripts/game/poi.quest/entrance_fields.lua:onStepIn
[9/9/2012 17:39:32] Description: 
[9/9/2012 17:39:32] (internalGetPlayerInfo) Player not found when requesting player info #6

[9/9/2012 17:39:32] [Error - MoveEvents Interface] 
[9/9/2012 17:39:32] data/movements/scripts/game/poi.quest/entrance_fields.lua:onStepIn
[9/9/2012 17:39:32] Description: 
[9/9/2012 17:39:32] (internalGetPlayerInfo) Player not found when requesting player info #6

[9/9/2012 17:39:32] [Error - MoveEvents Interface] 
[9/9/2012 17:39:32] data/movements/scripts/game/poi.quest/entrance_fields.lua:onStepIn
[9/9/2012 17:39:32] Description: 
[9/9/2012 17:39:32] (internalGetPlayerInfo) Player not found when requesting player info #6

[9/9/2012 17:39:32] [Error - MoveEvents Interface] 
[9/9/2012 17:39:32] data/movements/scripts/game/poi.quest/entrance_fields.lua:onStepIn
[9/9/2012 17:39:32] Description: 
[9/9/2012 17:39:32] (internalGetPlayerInfo) Player not found when requesting player info #6

[9/9/2012 17:39:32] [Error - MoveEvents Interface] 
[9/9/2012 17:39:32] data/movements/scripts/game/poi.quest/entrance_fields.lua:onStepIn
[9/9/2012 17:39:32] Description: 
[9/9/2012 17:39:32] (luaDoPlayerSendCancel) Player not found

[9/9/2012 17:39:35] [Error - MoveEvents Interface] 
[9/9/2012 17:39:35] data/movements/scripts/game/poi.quest/entrance_fields.lua:onStepIn
[9/9/2012 17:39:35] Description: 
[9/9/2012 17:39:35] (internalGetPlayerInfo) Player not found when requesting player info #6

[9/9/2012 17:39:35] [Error - MoveEvents Interface] 
[9/9/2012 17:39:35] data/movements/scripts/game/poi.quest/entrance_fields.lua:onStepIn
[9/9/2012 17:39:35] Description: 
[9/9/2012 17:39:35] (internalGetPlayerInfo) Player not found when requesting player info #6

[9/9/2012 17:39:35] [Error - MoveEvents Interface] 
[9/9/2012 17:39:35] data/movements/scripts/game/poi.quest/entrance_fields.lua:onStepIn
[9/9/2012 17:39:35] Description: 
[9/9/2012 17:39:35] (internalGetPlayerInfo) Player not found when requesting player info #6

[9/9/2012 17:39:35] [Error - MoveEvents Interface] 
[9/9/2012 17:39:35] data/movements/scripts/game/poi.quest/entrance_fields.lua:onStepIn
[9/9/2012 17:39:35] Description: 
[9/9/2012 17:39:35] (internalGetPlayerInfo) Player not found when requesting player info #6

[9/9/2012 17:39:35] [Error - MoveEvents Interface] 
[9/9/2012 17:39:35] data/movements/scripts/game/poi.quest/entrance_fields.lua:onStepIn
[9/9/2012 17:39:35] Description: 
[9/9/2012 17:39:35] (luaDoPlayerSendCancel) Player not found
[9/9/2012 17:43:30] [Warning - Protocol::RSA_decrypt] Not valid packet size (IP: 187.32.225.121)

[9/9/2012 17:53:38] [Error - NpcScript Interface] 
[9/9/2012 17:53:38] (Unknown script file)
[9/9/2012 17:53:38] Description: 
[9/9/2012 17:53:38] attempt to call a nil value
[9/9/2012 17:53:38] stack traceback:
[9/9/2012 17:53:38] 	[C]: in function 'closeShopWindow'
[9/9/2012 17:53:38] 	data/npc/lib/npcsystem/npchandler.lua:225: in function 'releaseFocus'
[9/9/2012 17:53:38] 	data/npc/lib/npcsystem/npchandler.lua:591: in function 'onWalkAway'
[9/9/2012 17:53:38] 	data/npc/lib/npcsystem/npchandler.lua:523: in function 'onThink'
[9/9/2012 17:53:38] 	data/npc/scripts/game/default.lua:9: in function <data/npc/scripts/game/default.lua:9>

[9/9/2012 18:10:27] [Error - NpcScript Interface] 
[9/9/2012 18:10:27] (Unknown script file)
[9/9/2012 18:10:27] Description: 
[9/9/2012 18:10:27] attempt to call a nil value
[9/9/2012 18:10:27] stack traceback:
[9/9/2012 18:11:4] > Saving server...
[9/9/2012 18:11:9] > SAVE: Complete in 4.913 seconds using binary-tilebased house storage.

[9/9/2012 18:24:55] [Error - NpcScript Interface] 
[9/9/2012 18:24:55] (Unknown script file)
[9/9/2012 18:24:55] Description: 
[9/9/2012 18:24:55] attempt to call a nil value
[9/9/2012 18:24:55] stack traceback:
[9/9/2012 18:24:55] 	[C]: in function 'closeShopWindow'
[9/9/2012 18:24:55] 	data/npc/lib/npcsystem/npchandler.lua:225: in function 'releaseFocus'
[9/9/2012 18:24:55] 	data/npc/lib/npcsystem/npchandler.lua:591: in function 'onWalkAway'
[9/9/2012 18:24:55] 	data/npc/lib/npcsystem/npchandler.lua:523: in function 'onThink'
[9/9/2012 18:24:55] 	data/npc/scripts/game/bless/bless4.lua:9: in function <data/npc/scripts/game/bless/bless4.lua:9>

[9/9/2012 19:3:58] [Error - NpcScript Interface] 
[9/9/2012 19:3:58] (Unknown script file)
[9/9/2012 19:3:58] Description: 
[9/9/2012 19:3:58] attempt to call a nil value
[9/9/2012 19:3:58] stack traceback:
[9/9/2012 19:3:58] 	[C]: in function 'closeShopWindow'
[9/9/2012 19:3:58] 	data/npc/lib/npcsystem/npchandler.lua:225: in function 'releaseFocus'
[9/9/2012 19:3:58] 	data/npc/lib/npcsystem/npchandler.lua:591: in function 'onWalkAway'
[9/9/2012 19:3:58] 	data/npc/lib/npcsystem/npchandler.lua:523: in function 'onThink'
[9/9/2012 19:3:58] 	data/npc/scripts/game/blacksmith.lua:9: in function <data/npc/scripts/game/blacksmith.lua:9>
[9/9/2012 19:9:44] > Broadcasted message: "A terra esta tremendo no cemiterio de Quendor!".
[9/9/2012 19:10:44] > Broadcasted message: "Exercitos de criaturas feitas de ossos marcham para Quendor!".
[9/9/2012 19:11:4] > Saving server...
[9/9/2012 19:11:10] > SAVE: Complete in 6.204 seconds using binary-tilebased house storage.
[9/9/2012 19:11:24] > Broadcasted message: "Quendor está sob ataques!".

[9/9/2012 19:13:45] [Error - NpcScript Interface] 
[9/9/2012 19:13:45] (Unknown script file)
[9/9/2012 19:13:45] Description: 
[9/9/2012 19:13:45] attempt to call a nil value
[9/9/2012 19:13:45] stack traceback:
[9/9/2012 19:13:45] 	[C]: in function 'closeShopWindow'
[9/9/2012 19:13:45] 	data/npc/lib/npcsystem/npchandler.lua:225: in function 'releaseFocus'
[9/9/2012 19:13:45] 	data/npc/lib/npcsystem/npchandler.lua:591: in function 'onWalkAway'
[9/9/2012 19:13:45] 	data/npc/lib/npcsystem/npchandler.lua:523: in function 'onThink'
[9/9/2012 19:13:45] 	data/npc/scripts/game/default.lua:9: in function <data/npc/scripts/game/default.lua:9>
[9/9/2012 19:23:16] [DDOS EMERGENCY] Current avarage RX packet per second 105943 is greater then limit 70000. Emergency ENABLED.
[9/9/2012 19:23:16] > Broadcasted message: "Estamos tendo problemas de conexï¿½o. Para evitar prejuizos, nenhuma morte receberï¿½ qualquer tipo de penalidade atï¿½ que nossa conexï¿½o se normalize.".
[9/9/2012 19:23:46] [DDOS EMERGENCY] Current avarage RX packet per second 1313 is fine. Emergency disabled.
[9/9/2012 19:23:46] > Broadcasted message: "Conexï¿½o normalizada. Penalidades nas mortes agora estï¿½o novamente validas. Obrigado pela sua compreensï¿½o e bom jogo.".

[9/9/2012 19:24:58] [Error - NpcScript Interface] 
[9/9/2012 19:24:58] (Unknown script file)
[9/9/2012 19:24:58] Description: 
[9/9/2012 19:24:58] attempt to call a nil value
[9/9/2012 19:24:58] stack traceback:
[9/9/2012 19:24:58] 	[C]: in function 'closeShopWindow'
[9/9/2012 19:24:58] 	data/npc/lib/npcsystem/npchandler.lua:225: in function 'releaseFocus'
[9/9/2012 19:24:58] 	data/npc/lib/npcsystem/npchandler.lua:591: in function 'onWalkAway'
[9/9/2012 19:24:58] 	data/npc/lib/npcsystem/npchandler.lua:523: in function 'onThink'
[9/9/2012 19:24:58] 	data/npc/scripts/game/blacksmith.lua:9: in function <data/npc/scripts/game/blacksmith.lua:9>

[9/9/2012 19:28:50] [Error - NpcScript Interface] 
[9/9/2012 19:28:50] (Unknown script file)
[9/9/2012 19:28:50] Description: 
[9/9/2012 19:28:50] attempt to call a nil value
[9/9/2012 19:28:50] stack traceback:
[9/9/2012 19:28:50] 	[C]: in function 'closeShopWindow'
[9/9/2012 19:28:50] 	data/npc/lib/npcsystem/npchandler.lua:225: in function 'releaseFocus'
[9/9/2012 19:28:50] 	data/npc/lib/npcsystem/npchandler.lua:591: in function 'onWalkAway'
[9/9/2012 19:28:50] 	data/npc/lib/npcsystem/npchandler.lua:523: in function 'onThink'
[9/9/2012 19:28:50] 	data/npc/scripts/game/default.lua:9: in function <data/npc/scripts/game/default.lua:9>

[9/9/2012 19:40:56] [Error - Spell Interface] 
[9/9/2012 19:40:56] data/spells/scripts/support/destroy_field_rune.lua:onCastSpell
[9/9/2012 19:40:56] Description: 
[9/9/2012 19:40:56] (luaDoRemoveItem) Item not found

[9/9/2012 19:42:44] [Error - Spell Interface] 
[9/9/2012 19:42:44] data/spells/scripts/support/destroy_field_rune.lua:onCastSpell
[9/9/2012 19:42:44] Description: 
[9/9/2012 19:42:44] (luaDoRemoveItem) Item not found

[9/9/2012 19:43:15] [Error - Spell Interface] 
[9/9/2012 19:43:15] data/spells/scripts/support/destroy_field_rune.lua:onCastSpell
[9/9/2012 19:43:15] Description: 
[9/9/2012 19:43:15] (luaDoRemoveItem) Item not found

[9/9/2012 19:55:39] [Error - NpcScript Interface] 
[9/9/2012 19:55:39] (Unknown script file)
[9/9/2012 19:55:39] Description: 
[9/9/2012 19:55:39] attempt to call a nil value
[9/9/2012 19:55:39] stack traceback:
[9/9/2012 19:55:39] 	[C]: in function 'closeShopWindow'
[9/9/2012 19:55:39] 	data/npc/lib/npcsystem/npchandler.lua:225: in function 'releaseFocus'
[9/9/2012 19:55:39] 	data/npc/lib/npcsystem/npchandler.lua:591: in function 'onWalkAway'
[9/9/2012 19:55:39] 	data/npc/lib/npcsystem/npchandler.lua:523: in function 'onThink'
[9/9/2012 19:55:39] 	data/npc/scripts/game/default.lua:9: in function <data/npc/scripts/game/default.lua:9>
[9/9/2012 20:11:4] > Saving server...
[9/9/2012 20:11:12] > SAVE: Complete in 8.331 seconds using binary-tilebased house storage.

[9/9/2012 20:40:22] [Error - NpcScript Interface] 
[9/9/2012 20:40:22] (Unknown script file)
[9/9/2012 20:40:22] Description: 
[9/9/2012 20:40:22] attempt to call a nil value
[9/9/2012 20:40:22] stack traceback:
[9/9/2012 20:40:22] 	[C]: in function 'closeShopWindow'
[9/9/2012 20:40:22] 	data/npc/lib/npcsystem/npchandler.lua:225: in function 'releaseFocus'
[9/9/2012 20:40:22] 	data/npc/lib/npcsystem/npchandler.lua:591: in function 'onWalkAway'
[9/9/2012 20:40:22] 	data/npc/lib/npcsystem/npchandler.lua:523: in function 'onThink'
[9/9/2012 20:40:22] 	data/npc/scripts/game/default.lua:9: in function <data/npc/scripts/game/default.lua:9>

[9/9/2012 20:40:56] [Error - NpcScript Interface] 
[9/9/2012 20:40:56] (Unknown script file)
[9/9/2012 20:40:56] Description: 
[9/9/2012 20:40:56] attempt to call a nil value
[9/9/2012 20:40:56] stack traceback:
[9/9/2012 20:40:56] 	[C]: in function 'closeShopWindow'
[9/9/2012 20:40:56] 	data/npc/lib/npcsystem/npchandler.lua:225: in function 'releaseFocus'
[9/9/2012 20:40:56] 	data/npc/lib/npcsystem/npchandler.lua:591: in function 'onWalkAway'
[9/9/2012 20:40:56] 	data/npc/lib/npcsystem/npchandler.lua:523: in function 'onThink'
[9/9/2012 20:40:56] 	data/npc/scripts/game/default.lua:9: in function <data/npc/scripts/game/default.lua:9>

[9/9/2012 20:48:12] [Error - NpcScript Interface] 
[9/9/2012 20:48:12] (Unknown script file)
[9/9/2012 20:48:12] Description: 
[9/9/2012 20:48:12] attempt to call a nil value
[9/9/2012 20:48:12] stack traceback:
[9/9/2012 21:11:4] > Saving server...
[9/9/2012 21:11:9] > SAVE: Complete in 5.432 seconds using binary-tilebased house storage.

[9/9/2012 21:17:48] [Error - NpcScript Interface] 
[9/9/2012 21:17:48] (Unknown script file)
[9/9/2012 21:17:48] Description: 
[9/9/2012 21:17:48] attempt to call a nil value
[9/9/2012 21:17:48] stack traceback:

[9/9/2012 21:31:5] [Error - NpcScript Interface] 
[9/9/2012 21:31:5] (Unknown script file)
[9/9/2012 21:31:5] Description: 
[9/9/2012 21:31:5] attempt to call a nil value
[9/9/2012 21:31:5] stack traceback:
[9/9/2012 21:31:5] 	[C]: in function 'closeShopWindow'
[9/9/2012 21:31:5] 	data/npc/lib/npcsystem/npchandler.lua:225: in function 'releaseFocus'
[9/9/2012 21:31:5] 	data/npc/lib/npcsystem/npchandler.lua:591: in function 'onWalkAway'
[9/9/2012 21:31:5] 	data/npc/lib/npcsystem/npchandler.lua:523: in function 'onThink'
[9/9/2012 21:31:5] 	data/npc/scripts/game/blacksmith.lua:9: in function <data/npc/scripts/game/blacksmith.lua:9>

[9/9/2012 21:31:35] [Error - NpcScript Interface] 
[9/9/2012 21:31:35] (Unknown script file)
[9/9/2012 21:31:35] Description: 
[9/9/2012 21:31:35] attempt to call a nil value
[9/9/2012 21:31:35] stack traceback:
[9/9/2012 21:48:39] [DDOS EMERGENCY] Current avarage RX packet per second 92186 is greater then limit 70000. Emergency ENABLED.
[9/9/2012 21:48:39] > Broadcasted message: "Estamos tendo problemas de conexï¿½o. Para evitar prejuizos, nenhuma morte receberï¿½ qualquer tipo de penalidade atï¿½ que nossa conexï¿½o se normalize.".
[9/9/2012 21:49:9] [DDOS EMERGENCY] Current avarage RX packet per second 31632 is fine. Emergency disabled.
[9/9/2012 21:49:9] > Broadcasted message: "Conexï¿½o normalizada. Penalidades nas mortes agora estï¿½o novamente validas. Obrigado pela sua compreensï¿½o e bom jogo.".
[9/9/2012 21:51:47] [DDOS EMERGENCY] Current avarage RX packet per second 81574 is greater then limit 70000. Emergency ENABLED.
[9/9/2012 21:51:47] > Broadcasted message: "Estamos tendo problemas de conexï¿½o. Para evitar prejuizos, nenhuma morte receberï¿½ qualquer tipo de penalidade atï¿½ que nossa conexï¿½o se normalize.".
[9/9/2012 21:54:13] [Warning - Protocol::RSA_decrypt] Not valid packet size (IP: 186.207.77.21)
[9/9/2012 21:55:3] [DDOS EMERGENCY] Current avarage RX packet per second 68017 is fine. Emergency disabled.
[9/9/2012 21:55:3] > Broadcasted message: "Conexï¿½o normalizada. Penalidades nas mortes agora estï¿½o novamente validas. Obrigado pela sua compreensï¿½o e bom jogo.".
[9/9/2012 21:55:6] [DDOS EMERGENCY] Current avarage RX packet per second 70863 is greater then limit 70000. Emergency ENABLED.
[9/9/2012 21:55:6] > Broadcasted message: "Estamos tendo problemas de conexï¿½o. Para evitar prejuizos, nenhuma morte receberï¿½ qualquer tipo de penalidade atï¿½ que nossa conexï¿½o se normalize.".
[9/9/2012 21:55:36] [DDOS EMERGENCY] Current avarage RX packet per second 69045 is fine. Emergency disabled.
[9/9/2012 21:55:36] > Broadcasted message: "Conexï¿½o normalizada. Penalidades nas mortes agora estï¿½o novamente validas. Obrigado pela sua compreensï¿½o e bom jogo.".
[9/9/2012 21:55:42] [DDOS EMERGENCY] Current avarage RX packet per second 71882 is greater then limit 70000. Emergency ENABLED.
[9/9/2012 21:55:42] > Broadcasted message: "Estamos tendo problemas de conexï¿½o. Para evitar prejuizos, nenhuma morte receberï¿½ qualquer tipo de penalidade atï¿½ que nossa conexï¿½o se normalize.".
[9/9/2012 21:56:23] [DDOS EMERGENCY] Current avarage RX packet per second 42286 is fine. Emergency disabled.
[9/9/2012 21:56:23] > Broadcasted message: "Conexï¿½o normalizada. Penalidades nas mortes agora estï¿½o novamente validas. Obrigado pela sua compreensï¿½o e bom jogo.".

[9/9/2012 22:0:36] [Error - NpcScript Interface] 
[9/9/2012 22:0:36] (Unknown script file)
[9/9/2012 22:0:36] Description: 
[9/9/2012 22:0:36] attempt to call a nil value
[9/9/2012 22:0:36] stack traceback:
[9/9/2012 22:5:29] [DDOS EMERGENCY] Current avarage RX packet per second 89589 is greater then limit 70000. Emergency ENABLED.
[9/9/2012 22:5:29] > Broadcasted message: "Estamos tendo problemas de conexï¿½o. Para evitar prejuizos, nenhuma morte receberï¿½ qualquer tipo de penalidade atï¿½ que nossa conexï¿½o se normalize.".
[9/9/2012 22:10:36] [Warning - Protocol::RSA_decrypt] Not valid packet size (IP: 208.115.213.131)
[9/9/2012 22:11:4] > Saving server...
[9/9/2012 22:11:7] > SAVE: Complete in 3.323 seconds using binary-tilebased house storage.

[9/9/2012 22:27:34] [Error - NpcScript Interface] 
[9/9/2012 22:27:34] (Unknown script file)
[9/9/2012 22:27:34] Description: 
[9/9/2012 22:27:34] attempt to call a nil value
[9/9/2012 22:27:34] stack traceback:
[9/9/2012 23:8:55] [DDOS EMERGENCY] Current avarage RX packet per second 53456 is fine. Emergency disabled.
[9/9/2012 23:8:55] > Broadcasted message: "Conexï¿½o normalizada. Penalidades nas mortes agora estï¿½o novamente validas. Obrigado pela sua compreensï¿½o e bom jogo.".
[9/9/2012 23:11:4] > Saving server...
[9/9/2012 23:11:8] > SAVE: Complete in 3.59 seconds using binary-tilebased house storage.

[9/9/2012 23:21:32] [Error - NpcScript Interface] 
[9/9/2012 23:21:32] (Unknown script file)
[9/9/2012 23:21:32] Description: 
[9/9/2012 23:21:32] attempt to call a nil value
[9/9/2012 23:21:32] stack traceback:
[9/9/2012 23:21:32] 	[C]: in function 'closeShopWindow'
[9/9/2012 23:21:32] 	data/npc/lib/npcsystem/npchandler.lua:225: in function 'releaseFocus'
[9/9/2012 23:21:32] 	data/npc/lib/npcsystem/npchandler.lua:591: in function 'onWalkAway'
[9/9/2012 23:21:32] 	data/npc/lib/npcsystem/npchandler.lua:523: in function 'onThink'
[9/9/2012 23:21:32] 	data/npc/scripts/game/blacksmith.lua:9: in function <data/npc/scripts/game/blacksmith.lua:9>

[9/9/2012 23:46:38] [Error - NpcScript Interface] 
[9/9/2012 23:46:38] (Unknown script file)
[9/9/2012 23:46:38] Description: 
[9/9/2012 23:46:38] attempt to call a nil value
[9/9/2012 23:46:38] stack traceback:
[10/9/2012 0:11:4] > Saving server...
[10/9/2012 0:11:8] > SAVE: Complete in 3.885 seconds using binary-tilebased house storage.

[10/9/2012 0:38:11] [Error - NpcScript Interface] 
[10/9/2012 0:38:11] (Unknown script file)
[10/9/2012 0:38:11] Description: 
[10/9/2012 0:38:11] attempt to call a nil value
[10/9/2012 0:38:11] stack traceback:
[10/9/2012 0:38:11] 	[C]: in function 'closeShopWindow'
[10/9/2012 0:38:11] 	data/npc/lib/npcsystem/npchandler.lua:225: in function 'releaseFocus'
[10/9/2012 0:38:11] 	data/npc/lib/npcsystem/npchandler.lua:591: in function 'onWalkAway'
[10/9/2012 0:38:11] 	data/npc/lib/npcsystem/npchandler.lua:523: in function 'onThink'
[10/9/2012 0:38:11] 	data/npc/scripts/game/blacksmith.lua:9: in function <data/npc/scripts/game/blacksmith.lua:9>
[10/9/2012 1:11:4] > Saving server...
[10/9/2012 1:11:8] > SAVE: Complete in 4.077 seconds using binary-tilebased house storage.

[10/9/2012 1:26:12] [Error - NpcScript Interface] 
[10/9/2012 1:26:12] (Unknown script file)
[10/9/2012 1:26:12] Description: 
[10/9/2012 1:26:12] attempt to call a nil value
[10/9/2012 1:26:12] stack traceback:
[10/9/2012 1:26:12] 	[C]: in function 'closeShopWindow'
[10/9/2012 1:26:12] 	data/npc/lib/npcsystem/npchandler.lua:225: in function 'releaseFocus'
[10/9/2012 1:26:12] 	data/npc/lib/npcsystem/npchandler.lua:363: in function 'unGreet'
[10/9/2012 1:26:12] 	data/npc/lib/npcsystem/npchandler.lua:576: in function 'onFarewell'
[10/9/2012 1:26:12] 	data/npc/lib/npcsystem/modules.lua:251: in function 'callback'
[10/9/2012 1:26:12] 	data/npc/lib/npcsystem/keywordhandler.lua:41: in function 'processMessage'
[10/9/2012 1:26:12] 	data/npc/lib/npcsystem/keywordhandler.lua:181: in function 'processNodeMessage'
[10/9/2012 1:26:12] 	data/npc/lib/npcsystem/keywordhandler.lua:140: in function 'processMessage'
[10/9/2012 1:26:12] 	data/npc/lib/npcsystem/npchandler.lua:423: in function 'onCreatureSay'
[10/9/2012 1:26:12] 	data/npc/scripts/game/default.lua:8: in function <data/npc/scripts/game/default.lua:8>
[10/9/2012 2:11:4] > Saving server...
[10/9/2012 2:11:8] > SAVE: Complete in 3.688 seconds using binary-tilebased house storage.

[10/9/2012 2:44:26] [Error - NpcScript Interface] 
[10/9/2012 2:44:26] (Unknown script file)
[10/9/2012 2:44:26] Description: 
[10/9/2012 2:44:26] attempt to call a nil value
[10/9/2012 2:44:26] stack traceback:

[10/9/2012 2:44:41] [Error - NpcScript Interface] 
[10/9/2012 2:44:41] (Unknown script file)
[10/9/2012 2:44:41] Description: 
[10/9/2012 2:44:41] attempt to call a nil value
[10/9/2012 2:44:41] stack traceback:

[10/9/2012 2:47:10] [Error - NpcScript Interface] 
[10/9/2012 2:47:10] (Unknown script file)
[10/9/2012 2:47:10] Description: 
[10/9/2012 2:47:10] attempt to call a nil value
[10/9/2012 2:47:10] stack traceback:
[10/9/2012 2:51:45] > Broadcasted message: "O mal ancião está despertando no fundo das minas de Northrend...".
[10/9/2012 3:1:45] > Broadcasted message: "Entidades demoniacas estão proximas de nosso mundo, nas minas de Northrend...".
[10/9/2012 3:11:4] > Saving server...
[10/9/2012 3:11:8] > SAVE: Complete in 3.749 seconds using binary-tilebased house storage.
[10/9/2012 3:11:45] > Broadcasted message: "O demônio supremo re-surgiu no fundo das minas de Northrend!".

[10/9/2012 3:47:8] [Error - NpcScript Interface] 
[10/9/2012 3:47:8] (Unknown script file)
[10/9/2012 3:47:8] Description: 
[10/9/2012 3:47:8] attempt to call a nil value
[10/9/2012 3:47:8] stack traceback:
[10/9/2012 4:11:4] > Saving server...
[10/9/2012 4:11:8] > SAVE: Complete in 3.552 seconds using binary-tilebased house storage.
[10/9/2012 5:11:4] > Saving server...
[10/9/2012 5:11:8] > SAVE: Complete in 3.54 seconds using binary-tilebased house storage.
[10/9/2012 6:11:4] > Saving server...
[10/9/2012 6:11:8] > SAVE: Complete in 3.516 seconds using binary-tilebased house storage.
[10/9/2012 6:38:53] [DDOS EMERGENCY] Current avarage RX packet per second 78021 is greater then limit 70000. Emergency ENABLED.
[10/9/2012 6:38:53] > Broadcasted message: "Estamos tendo problemas de conexï¿½o. Para evitar prejuizos, nenhuma morte receberï¿½ qualquer tipo de penalidade atï¿½ que nossa conexï¿½o se normalize.".
[10/9/2012 6:39:23] [DDOS EMERGENCY] Current avarage RX packet per second 51981 is fine. Emergency disabled.
[10/9/2012 6:39:23] > Broadcasted message: "Conexï¿½o normalizada. Penalidades nas mortes agora estï¿½o novamente validas. Obrigado pela sua compreensï¿½o e bom jogo.".
[10/9/2012 7:11:4] > Saving server...
[10/9/2012 7:11:8] > SAVE: Complete in 3.878 seconds using binary-tilebased house storage.
[10/9/2012 8:11:4] > Saving server...
[10/9/2012 8:11:9] > SAVE: Complete in 4.406 seconds using binary-tilebased house storage.

[10/9/2012 8:14:5] [Error - NpcScript Interface] 
[10/9/2012 8:14:5] (Unknown script file)
[10/9/2012 8:14:5] Description: 
[10/9/2012 8:14:5] attempt to call a nil value
[10/9/2012 8:14:5] stack traceback:
[10/9/2012 8:14:5] 	[C]: in function 'closeShopWindow'
[10/9/2012 8:14:5] 	data/npc/lib/npcsystem/npchandler.lua:225: in function 'releaseFocus'
[10/9/2012 8:14:5] 	data/npc/lib/npcsystem/npchandler.lua:591: in function 'onWalkAway'
[10/9/2012 8:14:5] 	data/npc/lib/npcsystem/npchandler.lua:523: in function 'onThink'
[10/9/2012 8:14:5] 	data/npc/scripts/game/bless/bless4.lua:9: in function <data/npc/scripts/game/bless/bless4.lua:9>
[10/9/2012 9:11:4] > Saving server...
[10/9/2012 9:11:8] > SAVE: Complete in 3.97 seconds using binary-tilebased house storage.
[10/9/2012 10:0:9] > Paying houses...
[10/9/2012 10:0:9] Houses paid in 0.579 seconds.
[10/9/2012 10:0:9] > Saving server...
[10/9/2012 10:0:10] > SAVE: Complete in 0.539 seconds using binary-tilebased house storage.
[10/9/2012 10:0:10] Preparing to shutdown the server- done.
