[9/8/2012 10:9:2] > Using MD5 encryption
[9/8/2012 10:9:2] >> Loading RSA key
[9/8/2012 10:9:2] >> Starting SQL connection

[9/8/2012 10:9:2] > WARNING: Outdated MySQL server detected, consider upgrading to a newer version.
[9/8/2012 10:9:2] >> Running Database Manager
[9/8/2012 10:9:2] >> Loading items (OTB)
[9/8/2012 10:9:3] >> Loading items (XML)
[9/8/2012 10:9:3] [Warning - Items::loadFromXml] Unknown key value blocksolid
[9/8/2012 10:9:3] [Warning - Items::loadFromXml] Unknown key value blocksolid
[9/8/2012 10:9:3] >> Loading groups
[9/8/2012 10:9:3] >> Loading vocations
[9/8/2012 10:9:3] >> Loading outfits
[9/8/2012 10:9:3] >> Loading chat channels
[9/8/2012 10:9:3] >> Loading script systems
[9/8/2012 10:9:4] [Warning - Event::loadScript] Event onTime not found (data/globalevents/scripts/clean.lua)
[9/8/2012 10:9:4] >> Loading mods...
[9/8/2012 10:9:4] > 0 mods were loaded.
[9/8/2012 10:9:4] >> Loading experience stages
[9/8/2012 10:9:4] >> Loading monsters
[9/8/2012 10:9:5] [Warning - Monsters::deserializeSpell] Frost Dragon - Unknown areaEffect: smallice
[9/8/2012 10:9:6] >> Loading map and spawns...
[9/8/2012 10:9:10] > Map size: 5000x5000.
[9/8/2012 10:9:10] > Map descriptions: 
[9/8/2012 10:9:10] "Saved with Remere's Map Editor 2.2"
[9/8/2012 10:9:10] "SimOne MapEditor 0.5.5"
[9/8/2012 10:9:11] [Warning - IOMap::loadMap] Movable item in house: 517, item type: 2741, pos 1070/1121/6
[9/8/2012 10:9:11] [Warning - IOMap::loadMap] Movable item in house: 518, item type: 2741, pos 1070/1129/6
[9/8/2012 10:9:11] [Warning - IOMap::loadMap] Movable item in house: 517, item type: 2741, pos 1073/1121/6
[9/8/2012 10:9:11] [Warning - IOMap::loadMap] Movable item in house: 518, item type: 2741, pos 1073/1129/6
[9/8/2012 10:9:12] Duplicate uniqueId 6401
[9/8/2012 10:9:12] Duplicate uniqueId 6401
[9/8/2012 10:9:15] Duplicate uniqueId 6401
[9/8/2012 10:9:15] Duplicate uniqueId 6401
[9/8/2012 10:9:15] Duplicate uniqueId 6401
[9/8/2012 10:9:15] Duplicate uniqueId 6401
[9/8/2012 10:9:20] Duplicate uniqueId 6401
[9/8/2012 10:9:20] Duplicate uniqueId 6401
[9/8/2012 10:9:22] Duplicate uniqueId 2004
[9/8/2012 10:9:22] Duplicate uniqueId 2005
[9/8/2012 10:9:22] Duplicate uniqueId 2006
[9/8/2012 10:9:22] Duplicate uniqueId 2007
[9/8/2012 10:9:26] Duplicate uniqueId 6401
[9/8/2012 10:9:26] Duplicate uniqueId 6401
[9/8/2012 10:9:26] Duplicate uniqueId 6401
[9/8/2012 10:9:27] Duplicate uniqueId 6400
[9/8/2012 10:9:27] Duplicate uniqueId 6401
[9/8/2012 10:9:27] Duplicate uniqueId 2056
[9/8/2012 10:9:27] Duplicate uniqueId 2057
[9/8/2012 10:9:27] Duplicate uniqueId 2058
[9/8/2012 10:9:27] Duplicate uniqueId 2051
[9/8/2012 10:9:27] Duplicate uniqueId 2052
[9/8/2012 10:9:27] Duplicate uniqueId 2053
[9/8/2012 10:9:27] Duplicate uniqueId 2054
[9/8/2012 10:9:27] > Map loading time: 20.912 seconds.
[9/8/2012 10:9:28] [Spawn::addMonster] Cannot find "Butterfly"
[9/8/2012 10:9:28] [Spawn::addMonster] Cannot find "Butterfly"
[9/8/2012 10:9:29] > Data parsing time: 1.48 seconds.
[9/8/2012 10:9:45] > Houses synchronization time: 16.197 seconds.
[9/8/2012 10:9:45] > Content unserialization time: 0.121 seconds.
[9/8/2012 10:9:45] >> Checking world type... Open PvP
[9/8/2012 10:9:45] >> Initializing game state and binding services...
[9/8/2012 10:9:48] > Global IP address: 184.173.128.212
[9/8/2012 10:9:48] > Bound ports: 7577	7578	9215	
[9/8/2012 10:9:48] >> Everything smells good, server is starting up...
[9/8/2012 10:9:48] [DDOS EMERGENCY] Enabled
>> UltraX server Online!
[9/8/2012 10:9:48] [DDOS EMERGENCY] Enabled
>> UltraX server Online!


[9/8/2012 10:13:37] [Error - NpcScript Interface] 
[9/8/2012 10:13:37] (Unknown script file)
[9/8/2012 10:13:37] Description: 
[9/8/2012 10:13:37] attempt to call a nil value
[9/8/2012 10:13:37] stack traceback:
[9/8/2012 10:13:37] 	[C]: in function 'closeShopWindow'
[9/8/2012 10:13:37] 	data/npc/lib/npcsystem/npchandler.lua:225: in function 'releaseFocus'
[9/8/2012 10:13:37] 	data/npc/lib/npcsystem/npchandler.lua:591: in function 'onWalkAway'
[9/8/2012 10:13:37] 	data/npc/lib/npcsystem/npchandler.lua:523: in function 'onThink'
[9/8/2012 10:13:37] 	data/npc/scripts/game/default.lua:9: in function <data/npc/scripts/game/default.lua:9>

[9/8/2012 10:29:47] [Error - NpcScript Interface] 
[9/8/2012 10:29:47] (Unknown script file)
[9/8/2012 10:29:47] Description: 
[9/8/2012 10:29:47] attempt to call a nil value
[9/8/2012 10:29:47] stack traceback:
[9/8/2012 10:29:47] 	[C]: in function 'closeShopWindow'
[9/8/2012 10:29:47] 	data/npc/lib/npcsystem/npchandler.lua:225: in function 'releaseFocus'
[9/8/2012 10:29:47] 	data/npc/lib/npcsystem/npchandler.lua:591: in function 'onWalkAway'
[9/8/2012 10:29:47] 	data/npc/lib/npcsystem/npchandler.lua:523: in function 'onThink'
[9/8/2012 10:29:47] 	data/npc/scripts/game/default.lua:9: in function <data/npc/scripts/game/default.lua:9>

[9/8/2012 10:31:44] [Error - NpcScript Interface] 
[9/8/2012 10:31:44] (Unknown script file)
[9/8/2012 10:31:44] Description: 
[9/8/2012 10:31:44] attempt to call a nil value
[9/8/2012 10:31:44] stack traceback:
[9/8/2012 10:31:44] 	[C]: in function 'closeShopWindow'
[9/8/2012 10:31:44] 	data/npc/lib/npcsystem/npchandler.lua:225: in function 'releaseFocus'
[9/8/2012 10:31:44] 	data/npc/lib/npcsystem/npchandler.lua:591: in function 'onWalkAway'
[9/8/2012 10:31:44] 	data/npc/lib/npcsystem/npchandler.lua:523: in function 'onThink'
[9/8/2012 10:31:44] 	data/npc/scripts/game/blacksmith.lua:9: in function <data/npc/scripts/game/blacksmith.lua:9>

[9/8/2012 10:45:53] [Error - NpcScript Interface] 
[9/8/2012 10:45:53] (Unknown script file)
[9/8/2012 10:45:53] Description: 
[9/8/2012 10:45:53] attempt to call a nil value
[9/8/2012 10:45:53] stack traceback:
[9/8/2012 10:45:53] 	[C]: in function 'closeShopWindow'
[9/8/2012 10:45:53] 	data/npc/lib/npcsystem/npchandler.lua:225: in function 'releaseFocus'
[9/8/2012 10:45:53] 	data/npc/lib/npcsystem/npchandler.lua:591: in function 'onWalkAway'
[9/8/2012 10:45:53] 	data/npc/lib/npcsystem/npchandler.lua:523: in function 'onThink'
[9/8/2012 10:45:53] 	data/npc/scripts/game/default.lua:9: in function <data/npc/scripts/game/default.lua:9>

[9/8/2012 10:54:34] [Error - NpcScript Interface] 
[9/8/2012 10:54:34] (Unknown script file)
[9/8/2012 10:54:34] Description: 
[9/8/2012 10:54:34] attempt to call a nil value
[9/8/2012 10:54:34] stack traceback:

[9/8/2012 11:5:6] [Error - NpcScript Interface] 
[9/8/2012 11:5:6] (Unknown script file)
[9/8/2012 11:5:6] Description: 
[9/8/2012 11:5:6] attempt to call a nil value
[9/8/2012 11:5:6] stack traceback:
[9/8/2012 11:11:4] > Saving server...
[9/8/2012 11:11:9] > SAVE: Complete in 4.65 seconds using binary-tilebased house storage.

[9/8/2012 11:35:15] [Error - NpcScript Interface] 
[9/8/2012 11:35:15] (Unknown script file)
[9/8/2012 11:35:15] Description: 
[9/8/2012 11:35:15] attempt to call a nil value
[9/8/2012 11:35:15] stack traceback:

[9/8/2012 11:38:8] [Error - NpcScript Interface] 
[9/8/2012 11:38:8] (Unknown script file)
[9/8/2012 11:38:8] Description: 
[9/8/2012 11:38:8] attempt to call a nil value
[9/8/2012 11:38:8] stack traceback:
[9/8/2012 11:38:8] 	[C]: in function 'closeShopWindow'
[9/8/2012 11:38:8] 	data/npc/lib/npcsystem/npchandler.lua:225: in function 'releaseFocus'
[9/8/2012 11:38:8] 	data/npc/lib/npcsystem/npchandler.lua:591: in function 'onWalkAway'
[9/8/2012 11:38:8] 	data/npc/lib/npcsystem/npchandler.lua:523: in function 'onThink'
[9/8/2012 11:38:8] 	data/npc/scripts/game/bless/bless4.lua:9: in function <data/npc/scripts/game/bless/bless4.lua:9>

[9/8/2012 11:43:39] [Error - NpcScript Interface] 
[9/8/2012 11:43:39] (Unknown script file)
[9/8/2012 11:43:39] Description: 
[9/8/2012 11:43:39] attempt to call a nil value
[9/8/2012 11:43:39] stack traceback:
[9/8/2012 11:43:39] 	[C]: in function 'closeShopWindow'
[9/8/2012 11:43:39] 	data/npc/lib/npcsystem/npchandler.lua:225: in function 'releaseFocus'
[9/8/2012 11:43:39] 	data/npc/lib/npcsystem/npchandler.lua:591: in function 'onWalkAway'
[9/8/2012 11:43:39] 	data/npc/lib/npcsystem/npchandler.lua:523: in function 'onThink'
[9/8/2012 11:43:39] 	data/npc/scripts/game/default.lua:9: in function <data/npc/scripts/game/default.lua:9>

[9/8/2012 11:52:16] [Error - NpcScript Interface] 
[9/8/2012 11:52:16] (Unknown script file)
[9/8/2012 11:52:16] Description: 
[9/8/2012 11:52:16] attempt to call a nil value
[9/8/2012 11:52:16] stack traceback:
[9/8/2012 11:52:16] 	[C]: in function 'closeShopWindow'
[9/8/2012 11:52:16] 	data/npc/lib/npcsystem/npchandler.lua:225: in function 'releaseFocus'
[9/8/2012 11:52:16] 	data/npc/lib/npcsystem/npchandler.lua:591: in function 'onWalkAway'
[9/8/2012 11:52:16] 	data/npc/lib/npcsystem/npchandler.lua:523: in function 'onThink'
[9/8/2012 11:52:16] 	data/npc/scripts/game/default.lua:9: in function <data/npc/scripts/game/default.lua:9>
[9/8/2012 12:11:4] > Saving server...
[9/8/2012 12:11:10] > SAVE: Complete in 5.065 seconds using binary-tilebased house storage.

[9/8/2012 12:11:23] [Error - NpcScript Interface] 
[9/8/2012 12:11:23] (Unknown script file)
[9/8/2012 12:11:23] Description: 
[9/8/2012 12:11:23] attempt to call a nil value
[9/8/2012 12:11:23] stack traceback:
[9/8/2012 12:11:23] 	[C]: in function 'closeShopWindow'
[9/8/2012 12:11:23] 	data/npc/lib/npcsystem/npchandler.lua:225: in function 'releaseFocus'
[9/8/2012 12:11:23] 	data/npc/lib/npcsystem/npchandler.lua:591: in function 'onWalkAway'
[9/8/2012 12:11:23] 	data/npc/lib/npcsystem/npchandler.lua:523: in function 'onThink'
[9/8/2012 12:11:23] 	data/npc/scripts/game/default.lua:9: in function <data/npc/scripts/game/default.lua:9>

[9/8/2012 12:20:50] [Error - NpcScript Interface] 
[9/8/2012 12:20:50] (Unknown script file)
[9/8/2012 12:20:50] Description: 
[9/8/2012 12:20:50] attempt to call a nil value
[9/8/2012 12:20:50] stack traceback:
[9/8/2012 12:20:50] 	[C]: in function 'closeShopWindow'
[9/8/2012 12:20:50] 	data/npc/lib/npcsystem/npchandler.lua:225: in function 'releaseFocus'
[9/8/2012 12:20:50] 	data/npc/lib/npcsystem/npchandler.lua:591: in function 'onWalkAway'
[9/8/2012 12:20:50] 	data/npc/lib/npcsystem/npchandler.lua:523: in function 'onThink'
[9/8/2012 12:20:50] 	data/npc/scripts/game/bless/bless4.lua:9: in function <data/npc/scripts/game/bless/bless4.lua:9>

[9/8/2012 12:34:57] [Error - NpcScript Interface] 
[9/8/2012 12:34:57] (Unknown script file)
[9/8/2012 12:34:57] Description: 
[9/8/2012 12:34:57] attempt to call a nil value
[9/8/2012 12:34:57] stack traceback:

[9/8/2012 12:55:18] [Error - NpcScript Interface] 
[9/8/2012 12:55:18] (Unknown script file)
[9/8/2012 12:55:18] Description: 
[9/8/2012 12:55:18] attempt to call a nil value
[9/8/2012 12:55:18] stack traceback:
[9/8/2012 13:1:23] [Failure - Protocol::XTEA_decrypt] Not valid encrypted message size (IP: 201.67.175.67)
[9/8/2012 13:11:4] > Saving server...
[9/8/2012 13:11:10] > SAVE: Complete in 5.78 seconds using binary-tilebased house storage.
[9/8/2012 13:17:34] [Warning - Protocol::RSA_decrypt] Not valid packet size (IP: 189.72.69.205)
[9/8/2012 13:18:21] [Warning - Protocol::RSA_decrypt] Not valid packet size (IP: 189.72.69.205)

[9/8/2012 13:47:37] [Error - TalkAction Interface] 
[9/8/2012 13:47:37] data/talkactions/scripts/game/accept_teleport.lua:onSay
[9/8/2012 13:47:37] Description: 
[9/8/2012 13:47:37] data/talkactions/scripts/game/accept_teleport.lua:3: attempt to call global 'GetTpRequest' (a nil value)
[9/8/2012 13:47:37] stack traceback:
[9/8/2012 13:47:37] 	data/talkactions/scripts/game/accept_teleport.lua:3: in function <data/talkactions/scripts/game/accept_teleport.lua:1>

[9/8/2012 13:55:29] [Error - NpcScript Interface] 
[9/8/2012 13:55:29] (Unknown script file)
[9/8/2012 13:55:29] Description: 
[9/8/2012 13:55:29] attempt to call a nil value
[9/8/2012 13:55:29] stack traceback:

[9/8/2012 14:1:18] [Error - NpcScript Interface] 
[9/8/2012 14:1:18] (Unknown script file)
[9/8/2012 14:1:18] Description: 
[9/8/2012 14:1:18] attempt to call a nil value
[9/8/2012 14:1:18] stack traceback:
[9/8/2012 14:1:18] 	[C]: in function 'closeShopWindow'
[9/8/2012 14:1:18] 	data/npc/lib/npcsystem/npchandler.lua:225: in function 'releaseFocus'
[9/8/2012 14:1:18] 	data/npc/lib/npcsystem/npchandler.lua:591: in function 'onWalkAway'
[9/8/2012 14:1:18] 	data/npc/lib/npcsystem/npchandler.lua:523: in function 'onThink'
[9/8/2012 14:1:18] 	data/npc/scripts/game/default.lua:9: in function <data/npc/scripts/game/default.lua:9>

[9/8/2012 14:2:58] [Error - NpcScript Interface] 
[9/8/2012 14:2:58] (Unknown script file)
[9/8/2012 14:2:58] Description: 
[9/8/2012 14:2:58] attempt to call a nil value
[9/8/2012 14:2:58] stack traceback:
[9/8/2012 14:2:58] 	[C]: in function 'closeShopWindow'
[9/8/2012 14:2:58] 	data/npc/lib/npcsystem/npchandler.lua:225: in function 'releaseFocus'
[9/8/2012 14:2:58] 	data/npc/lib/npcsystem/npchandler.lua:591: in function 'onWalkAway'
[9/8/2012 14:2:58] 	data/npc/lib/npcsystem/npchandler.lua:523: in function 'onThink'
[9/8/2012 14:2:58] 	data/npc/scripts/game/default.lua:9: in function <data/npc/scripts/game/default.lua:9>
[9/8/2012 14:11:5] > Saving server...
[9/8/2012 14:11:11] > SAVE: Complete in 6.45 seconds using binary-tilebased house storage.

[9/8/2012 14:12:29] [Error - NpcScript Interface] 
[9/8/2012 14:12:29] (Unknown script file)
[9/8/2012 14:12:29] Description: 
[9/8/2012 14:12:29] attempt to call a nil value
[9/8/2012 14:12:29] stack traceback:
[9/8/2012 14:12:29] 	[C]: in function 'closeShopWindow'
[9/8/2012 14:12:29] 	data/npc/lib/npcsystem/npchandler.lua:225: in function 'releaseFocus'
[9/8/2012 14:12:29] 	data/npc/lib/npcsystem/npchandler.lua:591: in function 'onWalkAway'
[9/8/2012 14:12:29] 	data/npc/lib/npcsystem/npchandler.lua:523: in function 'onThink'
[9/8/2012 14:12:29] 	data/npc/scripts/game/blacksmith.lua:9: in function <data/npc/scripts/game/blacksmith.lua:9>
[9/8/2012 14:42:59] [Warning - Protocol::RSA_decrypt] Not valid packet size (IP: 201.62.51.2)

[9/8/2012 14:56:23] [Error - NpcScript Interface] 
[9/8/2012 14:56:23] (Unknown script file)
[9/8/2012 14:56:23] Description: 
[9/8/2012 14:56:23] attempt to call a nil value
[9/8/2012 14:56:23] stack traceback:

[9/8/2012 15:2:59] [Error - NpcScript Interface] 
[9/8/2012 15:2:59] (Unknown script file)
[9/8/2012 15:2:59] Description: 
[9/8/2012 15:2:59] attempt to call a nil value
[9/8/2012 15:2:59] stack traceback:

[9/8/2012 15:5:13] [Error - NpcScript Interface] 
[9/8/2012 15:5:13] (Unknown script file)
[9/8/2012 15:5:13] Description: 
[9/8/2012 15:5:13] attempt to call a nil value
[9/8/2012 15:5:13] stack traceback:
[9/8/2012 15:5:13] 	[C]: in function 'closeShopWindow'
[9/8/2012 15:5:13] 	data/npc/lib/npcsystem/npchandler.lua:225: in function 'releaseFocus'
[9/8/2012 15:5:13] 	data/npc/lib/npcsystem/npchandler.lua:591: in function 'onWalkAway'
[9/8/2012 15:5:13] 	data/npc/lib/npcsystem/npchandler.lua:523: in function 'onThink'
[9/8/2012 15:5:13] 	data/npc/scripts/game/default.lua:9: in function <data/npc/scripts/game/default.lua:9>

[9/8/2012 15:5:33] [Error - NpcScript Interface] 
[9/8/2012 15:5:33] (Unknown script file)
[9/8/2012 15:5:33] Description: 
[9/8/2012 15:5:33] attempt to call a nil value
[9/8/2012 15:5:33] stack traceback:
[9/8/2012 15:5:33] 	[C]: in function 'closeShopWindow'
[9/8/2012 15:5:33] 	data/npc/lib/npcsystem/npchandler.lua:225: in function 'releaseFocus'
[9/8/2012 15:5:33] 	data/npc/lib/npcsystem/npchandler.lua:591: in function 'onWalkAway'
[9/8/2012 15:5:33] 	data/npc/lib/npcsystem/npchandler.lua:523: in function 'onThink'
[9/8/2012 15:5:33] 	data/npc/scripts/game/default.lua:9: in function <data/npc/scripts/game/default.lua:9>
[9/8/2012 15:11:5] > Saving server...
[9/8/2012 15:11:11] > SAVE: Complete in 6.616 seconds using binary-tilebased house storage.

[9/8/2012 15:13:8] [Error - NpcScript Interface] 
[9/8/2012 15:13:8] (Unknown script file)
[9/8/2012 15:13:8] Description: 
[9/8/2012 15:13:8] attempt to call a nil value
[9/8/2012 15:13:8] stack traceback:

[9/8/2012 15:17:44] [Error - NpcScript Interface] 
[9/8/2012 15:17:44] (Unknown script file)
[9/8/2012 15:17:44] Description: 
[9/8/2012 15:17:44] attempt to call a nil value
[9/8/2012 15:17:44] stack traceback:

[9/8/2012 15:21:53] [Error - NpcScript Interface] 
[9/8/2012 15:21:53] (Unknown script file)
[9/8/2012 15:21:53] Description: 
[9/8/2012 15:21:53] attempt to call a nil value
[9/8/2012 15:21:53] stack traceback:
[9/8/2012 15:21:53] 	[C]: in function 'closeShopWindow'
[9/8/2012 15:21:53] 	data/npc/lib/npcsystem/npchandler.lua:225: in function 'releaseFocus'
[9/8/2012 15:21:53] 	data/npc/lib/npcsystem/npchandler.lua:591: in function 'onWalkAway'
[9/8/2012 15:21:53] 	data/npc/lib/npcsystem/npchandler.lua:523: in function 'onThink'
[9/8/2012 15:21:53] 	data/npc/scripts/game/default.lua:9: in function <data/npc/scripts/game/default.lua:9>

[9/8/2012 15:27:59] [Error - NpcScript Interface] 
[9/8/2012 15:27:59] (Unknown script file)
[9/8/2012 15:27:59] Description: 
[9/8/2012 15:27:59] attempt to call a nil value
[9/8/2012 15:27:59] stack traceback:

[9/8/2012 15:39:56] [Error - NpcScript Interface] 
[9/8/2012 15:39:56] (Unknown script file)
[9/8/2012 15:39:56] Description: 
[9/8/2012 15:39:56] attempt to call a nil value
[9/8/2012 15:39:56] stack traceback:
[9/8/2012 15:47:48] > Broadcasted message: "Uma escura e medonha fumaça negra começa a surgir em Quendor...".
[9/8/2012 15:48:48] > Broadcasted message: "Morte aos mortos vivos! Preparem-se para lutar contra a morte!".
[9/8/2012 15:49:28] > Broadcasted message: "Guerreiros saem do chão e fantasmas assombram os lares! Os mortos vivos atacam a cidade de Quendor!".

[9/8/2012 16:8:10] [Error - NpcScript Interface] 
[9/8/2012 16:8:10] (Unknown script file)
[9/8/2012 16:8:10] Description: 
[9/8/2012 16:8:10] attempt to call a nil value
[9/8/2012 16:8:10] stack traceback:
[9/8/2012 16:8:10] 	[C]: in function 'closeShopWindow'
[9/8/2012 16:8:10] 	data/npc/lib/npcsystem/npchandler.lua:225: in function 'releaseFocus'
[9/8/2012 16:8:10] 	data/npc/lib/npcsystem/npchandler.lua:591: in function 'onWalkAway'
[9/8/2012 16:8:10] 	data/npc/lib/npcsystem/npchandler.lua:523: in function 'onThink'
[9/8/2012 16:8:10] 	data/npc/scripts/game/default.lua:9: in function <data/npc/scripts/game/default.lua:9>
[9/8/2012 16:11:5] > Saving server...
[9/8/2012 16:11:11] > SAVE: Complete in 6.579 seconds using binary-tilebased house storage.

[9/8/2012 16:15:10] [Error - NpcScript Interface] 
[9/8/2012 16:15:10] (Unknown script file)
[9/8/2012 16:15:10] Description: 
[9/8/2012 16:15:10] attempt to call a nil value
[9/8/2012 16:15:10] stack traceback:
[9/8/2012 16:15:10] 	[C]: in function 'closeShopWindow'
[9/8/2012 16:15:10] 	data/npc/lib/npcsystem/npchandler.lua:225: in function 'releaseFocus'
[9/8/2012 16:15:10] 	data/npc/lib/npcsystem/npchandler.lua:591: in function 'onWalkAway'
[9/8/2012 16:15:10] 	data/npc/lib/npcsystem/npchandler.lua:523: in function 'onThink'
[9/8/2012 16:15:10] 	data/npc/scripts/game/default.lua:9: in function <data/npc/scripts/game/default.lua:9>

[9/8/2012 16:26:48] [Error - NpcScript Interface] 
[9/8/2012 16:26:48] (Unknown script file)
[9/8/2012 16:26:48] Description: 
[9/8/2012 16:26:48] attempt to call a nil value
[9/8/2012 16:26:48] stack traceback:

[9/8/2012 16:30:29] [Error - NpcScript Interface] 
[9/8/2012 16:30:29] (Unknown script file)
[9/8/2012 16:30:29] Description: 
[9/8/2012 16:30:29] attempt to call a nil value
[9/8/2012 16:30:29] stack traceback:
[9/8/2012 16:30:29] 	[C]: in function 'closeShopWindow'
[9/8/2012 16:30:29] 	data/npc/lib/npcsystem/npchandler.lua:225: in function 'releaseFocus'
[9/8/2012 16:30:29] 	data/npc/lib/npcsystem/npchandler.lua:591: in function 'onWalkAway'
[9/8/2012 16:30:29] 	data/npc/lib/npcsystem/npchandler.lua:523: in function 'onThink'
[9/8/2012 16:30:29] 	data/npc/scripts/game/default.lua:9: in function <data/npc/scripts/game/default.lua:9>

[9/8/2012 16:38:52] [Error - CreatureScript Interface] 
[9/8/2012 16:38:52] data/creaturescripts/scripts/game/inquisition.lua:onKill
[9/8/2012 16:38:52] Description: 
[9/8/2012 16:38:52] (luaAddEvent) Callback parameter should be a function.

[9/8/2012 16:38:52] [Error - CreatureScript Interface] 
[9/8/2012 16:38:52] data/creaturescripts/scripts/game/inquisition.lua:onKill
[9/8/2012 16:38:52] Description: 
[9/8/2012 16:38:52] (luaAddEvent) Callback parameter should be a function.

[9/8/2012 16:38:52] [Error - CreatureScript Interface] 
[9/8/2012 16:38:52] data/creaturescripts/scripts/game/inquisition.lua:onKill
[9/8/2012 16:38:52] Description: 
[9/8/2012 16:38:52] (luaAddEvent) Callback parameter should be a function.

[9/8/2012 16:38:52] [Error - CreatureScript Interface] 
[9/8/2012 16:38:52] data/creaturescripts/scripts/game/inquisition.lua:onKill
[9/8/2012 16:38:52] Description: 
[9/8/2012 16:38:52] (luaAddEvent) Callback parameter should be a function.

[9/8/2012 16:38:52] [Error - CreatureScript Interface] 
[9/8/2012 16:38:52] data/creaturescripts/scripts/game/inquisition.lua:onKill
[9/8/2012 16:38:52] Description: 
[9/8/2012 16:38:52] (luaAddEvent) Callback parameter should be a function.

[9/8/2012 16:38:52] [Error - CreatureScript Interface] 
[9/8/2012 16:38:52] data/creaturescripts/scripts/game/inquisition.lua:onKill
[9/8/2012 16:38:52] Description: 
[9/8/2012 16:38:52] (luaAddEvent) Callback parameter should be a function.

[9/8/2012 16:38:52] [Error - CreatureScript Interface] 
[9/8/2012 16:38:52] data/creaturescripts/scripts/game/inquisition.lua:onKill
[9/8/2012 16:38:52] Description: 
[9/8/2012 16:38:52] (luaAddEvent) Callback parameter should be a function.

[9/8/2012 16:38:52] [Error - CreatureScript Interface] 
[9/8/2012 16:38:52] data/creaturescripts/scripts/game/inquisition.lua:onKill
[9/8/2012 16:38:52] Description: 
[9/8/2012 16:38:52] (luaAddEvent) Callback parameter should be a function.

[9/8/2012 16:39:29] [Error - NpcScript Interface] 
[9/8/2012 16:39:29] (Unknown script file)
[9/8/2012 16:39:29] Description: 
[9/8/2012 16:39:29] attempt to call a nil value
[9/8/2012 16:39:29] stack traceback:
[9/8/2012 16:39:29] 	[C]: in function 'closeShopWindow'
[9/8/2012 16:39:29] 	data/npc/lib/npcsystem/npchandler.lua:225: in function 'releaseFocus'
[9/8/2012 16:39:29] 	data/npc/lib/npcsystem/npchandler.lua:591: in function 'onWalkAway'
[9/8/2012 16:39:29] 	data/npc/lib/npcsystem/npchandler.lua:523: in function 'onThink'
[9/8/2012 16:39:29] 	data/npc/scripts/game/default.lua:9: in function <data/npc/scripts/game/default.lua:9>

[9/8/2012 16:51:2] [Error - NpcScript Interface] 
[9/8/2012 16:51:2] (Unknown script file)
[9/8/2012 16:51:2] Description: 
[9/8/2012 16:51:2] attempt to call a nil value
[9/8/2012 16:51:2] stack traceback:

[9/8/2012 16:53:56] [Error - NpcScript Interface] 
[9/8/2012 16:53:56] (Unknown script file)
[9/8/2012 16:53:56] Description: 
[9/8/2012 16:53:56] attempt to call a nil value
[9/8/2012 16:53:56] stack traceback:
[9/8/2012 16:53:56] 	[C]: in function 'closeShopWindow'
[9/8/2012 16:53:56] 	data/npc/lib/npcsystem/npchandler.lua:225: in function 'releaseFocus'
[9/8/2012 16:53:56] 	data/npc/lib/npcsystem/npchandler.lua:591: in function 'onWalkAway'
[9/8/2012 16:53:56] 	data/npc/lib/npcsystem/npchandler.lua:523: in function 'onThink'
[9/8/2012 16:53:56] 	data/npc/scripts/game/default.lua:9: in function <data/npc/scripts/game/default.lua:9>

[9/8/2012 16:56:56] [Error - NpcScript Interface] 
[9/8/2012 16:56:56] (Unknown script file)
[9/8/2012 16:56:56] Description: 
[9/8/2012 16:56:56] attempt to call a nil value
[9/8/2012 16:56:56] stack traceback:
[9/8/2012 16:56:56] 	[C]: in function 'closeShopWindow'
[9/8/2012 16:56:56] 	data/npc/lib/npcsystem/npchandler.lua:225: in function 'releaseFocus'
[9/8/2012 16:56:56] 	data/npc/lib/npcsystem/npchandler.lua:591: in function 'onWalkAway'
[9/8/2012 16:56:56] 	data/npc/lib/npcsystem/npchandler.lua:523: in function 'onThink'
[9/8/2012 16:56:56] 	data/npc/scripts/game/default.lua:9: in function <data/npc/scripts/game/default.lua:9>
[9/8/2012 17:11:5] > Saving server...
[9/8/2012 17:11:12] > SAVE: Complete in 7.413 seconds using binary-tilebased house storage.

[9/8/2012 17:13:59] [Error - NpcScript Interface] 
[9/8/2012 17:13:59] (Unknown script file)
[9/8/2012 17:13:59] Description: 
[9/8/2012 17:13:59] attempt to call a nil value
[9/8/2012 17:13:59] stack traceback:
[9/8/2012 17:13:59] 	[C]: in function 'closeShopWindow'
[9/8/2012 17:13:59] 	data/npc/lib/npcsystem/npchandler.lua:225: in function 'releaseFocus'
[9/8/2012 17:13:59] 	data/npc/lib/npcsystem/npchandler.lua:591: in function 'onWalkAway'
[9/8/2012 17:13:59] 	data/npc/lib/npcsystem/npchandler.lua:523: in function 'onThink'
[9/8/2012 17:13:59] 	data/npc/scripts/game/default.lua:9: in function <data/npc/scripts/game/default.lua:9>

[9/8/2012 17:20:15] [Error - NpcScript Interface] 
[9/8/2012 17:20:15] (Unknown script file)
[9/8/2012 17:20:15] Description: 
[9/8/2012 17:20:15] attempt to call a nil value
[9/8/2012 17:20:15] stack traceback:
[9/8/2012 17:20:15] 	[C]: in function 'closeShopWindow'
[9/8/2012 17:20:15] 	data/npc/lib/npcsystem/npchandler.lua:225: in function 'releaseFocus'
[9/8/2012 17:20:15] 	data/npc/lib/npcsystem/npchandler.lua:591: in function 'onWalkAway'
[9/8/2012 17:20:15] 	data/npc/lib/npcsystem/npchandler.lua:523: in function 'onThink'
[9/8/2012 17:20:15] 	data/npc/scripts/game/default.lua:9: in function <data/npc/scripts/game/default.lua:9>

[9/8/2012 17:25:35] [Error - NpcScript Interface] 
[9/8/2012 17:25:35] (Unknown script file)
[9/8/2012 17:25:35] Description: 
[9/8/2012 17:25:35] attempt to call a nil value
[9/8/2012 17:25:35] stack traceback:

[9/8/2012 17:37:37] [Error - NpcScript Interface] 
[9/8/2012 17:37:37] (Unknown script file)
[9/8/2012 17:37:37] Description: 
[9/8/2012 17:37:37] attempt to call a nil value
[9/8/2012 17:37:37] stack traceback:
[9/8/2012 17:37:37] 	[C]: in function 'closeShopWindow'
[9/8/2012 17:37:37] 	data/npc/lib/npcsystem/npchandler.lua:225: in function 'releaseFocus'
[9/8/2012 17:37:37] 	data/npc/lib/npcsystem/npchandler.lua:591: in function 'onWalkAway'
[9/8/2012 17:37:37] 	data/npc/lib/npcsystem/npchandler.lua:523: in function 'onThink'
[9/8/2012 17:37:37] 	data/npc/scripts/game/default.lua:9: in function <data/npc/scripts/game/default.lua:9>

[9/8/2012 17:55:31] [Error - NpcScript Interface] 
[9/8/2012 17:55:31] (Unknown script file)
[9/8/2012 17:55:31] Description: 
[9/8/2012 17:55:31] attempt to call a nil value
[9/8/2012 17:55:31] stack traceback:
[9/8/2012 17:55:31] 	[C]: in function 'closeShopWindow'
[9/8/2012 17:55:31] 	data/npc/lib/npcsystem/npchandler.lua:225: in function 'releaseFocus'
[9/8/2012 17:55:31] 	data/npc/lib/npcsystem/npchandler.lua:591: in function 'onWalkAway'
[9/8/2012 17:55:31] 	data/npc/lib/npcsystem/npchandler.lua:523: in function 'onThink'
[9/8/2012 17:55:31] 	data/npc/scripts/game/default.lua:9: in function <data/npc/scripts/game/default.lua:9>

[9/8/2012 17:56:3] [Error - NpcScript Interface] 
[9/8/2012 17:56:3] (Unknown script file)
[9/8/2012 17:56:3] Description: 
[9/8/2012 17:56:3] attempt to call a nil value
[9/8/2012 17:56:3] stack traceback:
[9/8/2012 17:56:3] 	[C]: in function 'closeShopWindow'
[9/8/2012 17:56:3] 	data/npc/lib/npcsystem/npchandler.lua:225: in function 'releaseFocus'
[9/8/2012 17:56:3] 	data/npc/lib/npcsystem/npchandler.lua:591: in function 'onWalkAway'
[9/8/2012 17:56:3] 	data/npc/lib/npcsystem/npchandler.lua:523: in function 'onThink'
[9/8/2012 17:56:3] 	data/npc/scripts/game/default.lua:9: in function <data/npc/scripts/game/default.lua:9>

[9/8/2012 18:3:59] [Error - NpcScript Interface] 
[9/8/2012 18:3:59] (Unknown script file)
[9/8/2012 18:3:59] Description: 
[9/8/2012 18:3:59] attempt to call a nil value
[9/8/2012 18:3:59] stack traceback:
[9/8/2012 18:3:59] 	[C]: in function 'closeShopWindow'
[9/8/2012 18:3:59] 	data/npc/lib/npcsystem/npchandler.lua:225: in function 'releaseFocus'
[9/8/2012 18:3:59] 	data/npc/lib/npcsystem/npchandler.lua:591: in function 'onWalkAway'
[9/8/2012 18:3:59] 	data/npc/lib/npcsystem/npchandler.lua:523: in function 'onThink'
[9/8/2012 18:3:59] 	data/npc/scripts/game/default.lua:9: in function <data/npc/scripts/game/default.lua:9>
[9/8/2012 18:11:5] > Saving server...
[9/8/2012 18:11:12] > SAVE: Complete in 7.167 seconds using binary-tilebased house storage.

[9/8/2012 18:19:17] [Error - NpcScript Interface] 
[9/8/2012 18:19:17] (Unknown script file)
[9/8/2012 18:19:17] Description: 
[9/8/2012 18:19:17] attempt to call a nil value
[9/8/2012 18:19:17] stack traceback:
[9/8/2012 18:19:17] 	[C]: in function 'closeShopWindow'
[9/8/2012 18:19:17] 	data/npc/lib/npcsystem/npchandler.lua:225: in function 'releaseFocus'
[9/8/2012 18:19:17] 	data/npc/lib/npcsystem/npchandler.lua:591: in function 'onWalkAway'
[9/8/2012 18:19:17] 	data/npc/lib/npcsystem/npchandler.lua:523: in function 'onThink'
[9/8/2012 18:19:17] 	data/npc/scripts/game/default.lua:9: in function <data/npc/scripts/game/default.lua:9>

[9/8/2012 18:21:3] [Error - NpcScript Interface] 
[9/8/2012 18:21:3] (Unknown script file)
[9/8/2012 18:21:3] Description: 
[9/8/2012 18:21:3] attempt to call a nil value
[9/8/2012 18:21:3] stack traceback:
[9/8/2012 18:21:3] 	[C]: in function 'closeShopWindow'
[9/8/2012 18:21:3] 	data/npc/lib/npcsystem/npchandler.lua:225: in function 'releaseFocus'
[9/8/2012 18:21:3] 	data/npc/lib/npcsystem/npchandler.lua:591: in function 'onWalkAway'
[9/8/2012 18:21:3] 	data/npc/lib/npcsystem/npchandler.lua:523: in function 'onThink'
[9/8/2012 18:21:3] 	data/npc/scripts/game/default.lua:9: in function <data/npc/scripts/game/default.lua:9>

[9/8/2012 18:23:16] [Error - NpcScript Interface] 
[9/8/2012 18:23:16] (Unknown script file)
[9/8/2012 18:23:16] Description: 
[9/8/2012 18:23:16] attempt to call a nil value
[9/8/2012 18:23:16] stack traceback:
[9/8/2012 18:23:16] 	[C]: in function 'closeShopWindow'
[9/8/2012 18:23:16] 	data/npc/lib/npcsystem/npchandler.lua:225: in function 'releaseFocus'
[9/8/2012 18:23:16] 	data/npc/lib/npcsystem/npchandler.lua:591: in function 'onWalkAway'
[9/8/2012 18:23:16] 	data/npc/lib/npcsystem/npchandler.lua:523: in function 'onThink'
[9/8/2012 18:23:16] 	data/npc/scripts/game/bless/bless4.lua:9: in function <data/npc/scripts/game/bless/bless4.lua:9>

[9/8/2012 18:49:53] [Error - NpcScript Interface] 
[9/8/2012 18:49:53] (Unknown script file)
[9/8/2012 18:49:53] Description: 
[9/8/2012 18:49:53] attempt to call a nil value
[9/8/2012 18:49:53] stack traceback:
[9/8/2012 18:49:53] 	[C]: in function 'closeShopWindow'
[9/8/2012 18:49:53] 	data/npc/lib/npcsystem/npchandler.lua:225: in function 'releaseFocus'
[9/8/2012 18:49:53] 	data/npc/lib/npcsystem/npchandler.lua:591: in function 'onWalkAway'
[9/8/2012 18:49:53] 	data/npc/lib/npcsystem/npchandler.lua:523: in function 'onThink'
[9/8/2012 18:49:53] 	data/npc/scripts/game/default.lua:9: in function <data/npc/scripts/game/default.lua:9>

[9/8/2012 18:52:5] [Error - NpcScript Interface] 
[9/8/2012 18:52:5] (Unknown script file)
[9/8/2012 18:52:5] Description: 
[9/8/2012 18:52:5] attempt to call a nil value
[9/8/2012 18:52:5] stack traceback:

[9/8/2012 18:52:15] [Error - NpcScript Interface] 
[9/8/2012 18:52:15] (Unknown script file)
[9/8/2012 18:52:15] Description: 
[9/8/2012 18:52:15] attempt to call a nil value
[9/8/2012 18:52:15] stack traceback:

[9/8/2012 19:1:46] [Error - NpcScript Interface] 
[9/8/2012 19:1:46] (Unknown script file)
[9/8/2012 19:1:46] Description: 
[9/8/2012 19:1:46] attempt to call a nil value
[9/8/2012 19:1:46] stack traceback:
[9/8/2012 19:11:5] > Saving server...
[9/8/2012 19:11:11] > SAVE: Complete in 6.338 seconds using binary-tilebased house storage.

[9/8/2012 19:13:36] [Error - NpcScript Interface] 
[9/8/2012 19:13:36] (Unknown script file)
[9/8/2012 19:13:36] Description: 
[9/8/2012 19:13:36] attempt to call a nil value
[9/8/2012 19:13:36] stack traceback:
[9/8/2012 19:13:36] 	[C]: in function 'closeShopWindow'
[9/8/2012 19:13:36] 	data/npc/lib/npcsystem/npchandler.lua:225: in function 'releaseFocus'
[9/8/2012 19:13:36] 	data/npc/lib/npcsystem/npchandler.lua:591: in function 'onWalkAway'
[9/8/2012 19:13:36] 	data/npc/lib/npcsystem/npchandler.lua:523: in function 'onThink'
[9/8/2012 19:13:36] 	data/npc/scripts/game/default.lua:9: in function <data/npc/scripts/game/default.lua:9>

[9/8/2012 19:21:17] [Error - NpcScript Interface] 
[9/8/2012 19:21:17] (Unknown script file)
[9/8/2012 19:21:17] Description: 
[9/8/2012 19:21:17] attempt to call a nil value
[9/8/2012 19:21:17] stack traceback:
[9/8/2012 19:21:17] 	[C]: in function 'closeShopWindow'
[9/8/2012 19:21:17] 	data/npc/lib/npcsystem/npchandler.lua:225: in function 'releaseFocus'
[9/8/2012 19:21:17] 	data/npc/lib/npcsystem/npchandler.lua:591: in function 'onWalkAway'
[9/8/2012 19:21:17] 	data/npc/lib/npcsystem/npchandler.lua:523: in function 'onThink'
[9/8/2012 19:21:17] 	data/npc/scripts/game/default.lua:9: in function <data/npc/scripts/game/default.lua:9>

[9/8/2012 19:23:23] [Error - NpcScript Interface] 
[9/8/2012 19:23:23] (Unknown script file)
[9/8/2012 19:23:23] Description: 
[9/8/2012 19:23:23] attempt to call a nil value
[9/8/2012 19:23:23] stack traceback:
[9/8/2012 19:23:23] 	[C]: in function 'closeShopWindow'
[9/8/2012 19:23:23] 	data/npc/lib/npcsystem/npchandler.lua:225: in function 'releaseFocus'
[9/8/2012 19:23:23] 	data/npc/lib/npcsystem/npchandler.lua:591: in function 'onWalkAway'
[9/8/2012 19:23:23] 	data/npc/lib/npcsystem/npchandler.lua:523: in function 'onThink'
[9/8/2012 19:23:23] 	data/npc/scripts/game/default.lua:9: in function <data/npc/scripts/game/default.lua:9>

[9/8/2012 19:38:7] [Error - NpcScript Interface] 
[9/8/2012 19:38:7] (Unknown script file)
[9/8/2012 19:38:7] Description: 
[9/8/2012 19:38:7] attempt to call a nil value
[9/8/2012 19:38:7] stack traceback:
[9/8/2012 19:38:7] 	[C]: in function 'closeShopWindow'
[9/8/2012 19:38:7] 	data/npc/lib/npcsystem/npchandler.lua:225: in function 'releaseFocus'
[9/8/2012 19:38:7] 	data/npc/lib/npcsystem/npchandler.lua:591: in function 'onWalkAway'
[9/8/2012 19:38:7] 	data/npc/lib/npcsystem/npchandler.lua:523: in function 'onThink'
[9/8/2012 19:38:7] 	data/npc/scripts/game/default.lua:9: in function <data/npc/scripts/game/default.lua:9>

[9/8/2012 19:46:7] [Error - Spell Interface] 
[9/8/2012 19:46:7] data/spells/scripts/support/destroy_field_rune.lua:onCastSpell
[9/8/2012 19:46:7] Description: 
[9/8/2012 19:46:7] (luaDoRemoveItem) Item not found

[9/8/2012 19:53:56] [Error - Spell Interface] 
[9/8/2012 19:53:56] data/spells/scripts/support/destroy_field_rune.lua:onCastSpell
[9/8/2012 19:53:56] Description: 
[9/8/2012 19:53:56] (luaDoRemoveItem) Item not found

[9/8/2012 19:54:8] [Error - Spell Interface] 
[9/8/2012 19:54:8] data/spells/scripts/support/destroy_field_rune.lua:onCastSpell
[9/8/2012 19:54:8] Description: 
[9/8/2012 19:54:8] (luaDoRemoveItem) Item not found

[9/8/2012 19:57:41] [Error - NpcScript Interface] 
[9/8/2012 19:57:41] (Unknown script file)
[9/8/2012 19:57:41] Description: 
[9/8/2012 19:57:41] attempt to call a nil value
[9/8/2012 19:57:41] stack traceback:
[9/8/2012 19:57:41] 	[C]: in function 'closeShopWindow'
[9/8/2012 19:57:41] 	data/npc/lib/npcsystem/npchandler.lua:225: in function 'releaseFocus'
[9/8/2012 19:57:41] 	data/npc/lib/npcsystem/npchandler.lua:591: in function 'onWalkAway'
[9/8/2012 19:57:41] 	data/npc/lib/npcsystem/npchandler.lua:523: in function 'onThink'
[9/8/2012 19:57:41] 	data/npc/scripts/game/default.lua:9: in function <data/npc/scripts/game/default.lua:9>

[9/8/2012 20:1:33] [Error - NpcScript Interface] 
[9/8/2012 20:1:33] (Unknown script file)
[9/8/2012 20:1:33] Description: 
[9/8/2012 20:1:33] attempt to call a nil value
[9/8/2012 20:1:33] stack traceback:

[9/8/2012 20:10:26] [Error - NpcScript Interface] 
[9/8/2012 20:10:26] (Unknown script file)
[9/8/2012 20:10:26] Description: 
[9/8/2012 20:10:26] attempt to call a nil value
[9/8/2012 20:10:26] stack traceback:
[9/8/2012 20:10:26] 	[C]: in function 'closeShopWindow'
[9/8/2012 20:10:26] 	data/npc/lib/npcsystem/npchandler.lua:225: in function 'releaseFocus'
[9/8/2012 20:10:26] 	data/npc/lib/npcsystem/npchandler.lua:591: in function 'onWalkAway'
[9/8/2012 20:10:26] 	data/npc/lib/npcsystem/npchandler.lua:523: in function 'onThink'
[9/8/2012 20:10:26] 	data/npc/scripts/game/default.lua:9: in function <data/npc/scripts/game/default.lua:9>
[9/8/2012 20:11:5] > Saving server...
[9/8/2012 20:11:12] > SAVE: Complete in 7.497 seconds using binary-tilebased house storage.

[9/8/2012 20:16:56] [Error - NpcScript Interface] 
[9/8/2012 20:16:56] (Unknown script file)
[9/8/2012 20:16:56] Description: 
[9/8/2012 20:16:56] attempt to call a nil value
[9/8/2012 20:16:56] stack traceback:

[9/8/2012 20:19:53] [Error - NpcScript Interface] 
[9/8/2012 20:19:53] (Unknown script file)
[9/8/2012 20:19:53] Description: 
[9/8/2012 20:19:53] attempt to call a nil value
[9/8/2012 20:19:53] stack traceback:

[9/8/2012 20:25:37] [Error - NpcScript Interface] 
[9/8/2012 20:25:37] (Unknown script file)
[9/8/2012 20:25:37] Description: 
[9/8/2012 20:25:37] attempt to call a nil value
[9/8/2012 20:25:37] stack traceback:
[9/8/2012 20:25:37] 	[C]: in function 'closeShopWindow'
[9/8/2012 20:25:37] 	data/npc/lib/npcsystem/npchandler.lua:225: in function 'releaseFocus'
[9/8/2012 20:25:37] 	data/npc/lib/npcsystem/npchandler.lua:591: in function 'onWalkAway'
[9/8/2012 20:25:37] 	data/npc/lib/npcsystem/npchandler.lua:523: in function 'onThink'
[9/8/2012 20:25:37] 	data/npc/scripts/game/default.lua:9: in function <data/npc/scripts/game/default.lua:9>

[9/8/2012 20:26:46] [Error - NpcScript Interface] 
[9/8/2012 20:26:46] (Unknown script file)
[9/8/2012 20:26:46] Description: 
[9/8/2012 20:26:46] attempt to call a nil value
[9/8/2012 20:26:46] stack traceback:
[9/8/2012 20:26:46] 	[C]: in function 'closeShopWindow'
[9/8/2012 20:26:46] 	data/npc/lib/npcsystem/npchandler.lua:225: in function 'releaseFocus'
[9/8/2012 20:26:46] 	data/npc/lib/npcsystem/npchandler.lua:591: in function 'onWalkAway'
[9/8/2012 20:26:46] 	data/npc/lib/npcsystem/npchandler.lua:523: in function 'onThink'
[9/8/2012 20:26:46] 	data/npc/scripts/game/default.lua:9: in function <data/npc/scripts/game/default.lua:9>
[9/8/2012 20:34:27] [Warning - Protocol::RSA_decrypt] Not valid packet size (IP: 189.68.73.21)

[9/8/2012 20:43:24] [Error - NpcScript Interface] 
[9/8/2012 20:43:24] (Unknown script file)
[9/8/2012 20:43:24] Description: 
[9/8/2012 20:43:24] attempt to call a nil value
[9/8/2012 20:43:24] stack traceback:

[9/8/2012 20:48:37] [Error - NpcScript Interface] 
[9/8/2012 20:48:37] (Unknown script file)
[9/8/2012 20:48:37] Description: 
[9/8/2012 20:48:37] attempt to call a nil value
[9/8/2012 20:48:37] stack traceback:

[9/8/2012 21:10:53] [Error - NpcScript Interface] 
[9/8/2012 21:10:53] (Unknown script file)
[9/8/2012 21:10:53] Description: 
[9/8/2012 21:10:53] attempt to call a nil value
[9/8/2012 21:10:53] stack traceback:
[9/8/2012 21:11:5] > Saving server...
[9/8/2012 21:11:13] > SAVE: Complete in 7.862 seconds using binary-tilebased house storage.
[9/8/2012 21:14:11] [Warning - Protocol::RSA_decrypt] Not valid packet size (IP: 189.68.73.21)

[9/8/2012 21:19:59] [Error - NpcScript Interface] 
[9/8/2012 21:19:59] (Unknown script file)
[9/8/2012 21:19:59] Description: 
[9/8/2012 21:19:59] attempt to call a nil value
[9/8/2012 21:19:59] stack traceback:
[9/8/2012 21:19:59] 	[C]: in function 'closeShopWindow'
[9/8/2012 21:19:59] 	data/npc/lib/npcsystem/npchandler.lua:225: in function 'releaseFocus'
[9/8/2012 21:19:59] 	data/npc/lib/npcsystem/npchandler.lua:591: in function 'onWalkAway'
[9/8/2012 21:19:59] 	data/npc/lib/npcsystem/npchandler.lua:523: in function 'onThink'
[9/8/2012 21:19:59] 	data/npc/scripts/game/blacksmith.lua:9: in function <data/npc/scripts/game/blacksmith.lua:9>

[9/8/2012 21:35:16] [Error - NpcScript Interface] 
[9/8/2012 21:35:16] (Unknown script file)
[9/8/2012 21:35:16] Description: 
[9/8/2012 21:35:16] attempt to call a nil value
[9/8/2012 21:35:16] stack traceback:

[9/8/2012 21:47:19] [Error - NpcScript Interface] 
[9/8/2012 21:47:19] (Unknown script file)
[9/8/2012 21:47:19] Description: 
[9/8/2012 21:47:19] attempt to call a nil value
[9/8/2012 21:47:19] stack traceback:

[9/8/2012 21:56:17] [Error - NpcScript Interface] 
[9/8/2012 21:56:17] (Unknown script file)
[9/8/2012 21:56:17] Description: 
[9/8/2012 21:56:17] attempt to call a nil value
[9/8/2012 21:56:17] stack traceback:

[9/8/2012 22:4:45] [Error - NpcScript Interface] 
[9/8/2012 22:4:45] (Unknown script file)
[9/8/2012 22:4:45] Description: 
[9/8/2012 22:4:45] attempt to call a nil value
[9/8/2012 22:4:45] stack traceback:
[9/8/2012 22:4:45] 	[C]: in function 'closeShopWindow'
[9/8/2012 22:4:45] 	data/npc/lib/npcsystem/npchandler.lua:225: in function 'releaseFocus'
[9/8/2012 22:4:45] 	data/npc/lib/npcsystem/npchandler.lua:591: in function 'onWalkAway'
[9/8/2012 22:4:45] 	data/npc/lib/npcsystem/npchandler.lua:523: in function 'onThink'
[9/8/2012 22:4:45] 	data/npc/scripts/game/default.lua:9: in function <data/npc/scripts/game/default.lua:9>

[9/8/2012 22:6:40] [Error - NpcScript Interface] 
[9/8/2012 22:6:40] (Unknown script file)
[9/8/2012 22:6:40] Description: 
[9/8/2012 22:6:40] attempt to call a nil value
[9/8/2012 22:6:40] stack traceback:
[9/8/2012 22:6:40] 	[C]: in function 'closeShopWindow'
[9/8/2012 22:6:40] 	data/npc/lib/npcsystem/npchandler.lua:225: in function 'releaseFocus'
[9/8/2012 22:6:40] 	data/npc/lib/npcsystem/npchandler.lua:591: in function 'onWalkAway'
[9/8/2012 22:6:40] 	data/npc/lib/npcsystem/npchandler.lua:523: in function 'onThink'
[9/8/2012 22:6:40] 	data/npc/scripts/game/default.lua:9: in function <data/npc/scripts/game/default.lua:9>

[9/8/2012 22:7:14] [Error - NpcScript Interface] 
[9/8/2012 22:7:14] (Unknown script file)
[9/8/2012 22:7:14] Description: 
[9/8/2012 22:7:14] attempt to call a nil value
[9/8/2012 22:7:14] stack traceback:
[9/8/2012 22:7:14] 	[C]: in function 'closeShopWindow'
[9/8/2012 22:7:14] 	data/npc/lib/npcsystem/npchandler.lua:225: in function 'releaseFocus'
[9/8/2012 22:7:14] 	data/npc/lib/npcsystem/npchandler.lua:591: in function 'onWalkAway'
[9/8/2012 22:7:14] 	data/npc/lib/npcsystem/npchandler.lua:523: in function 'onThink'
[9/8/2012 22:7:14] 	data/npc/scripts/game/default.lua:9: in function <data/npc/scripts/game/default.lua:9>
[9/8/2012 22:11:5] > Saving server...
[9/8/2012 22:11:13] > SAVE: Complete in 7.901 seconds using binary-tilebased house storage.

[9/8/2012 22:16:32] [Error - Action Interface] 
[9/8/2012 22:16:32] data/actions/scripts/game/koshei.lua:onUse
[9/8/2012 22:16:32] Description: 
[9/8/2012 22:16:32] (luaGetItemAttribute) Item not found

[9/8/2012 22:16:47] [Error - Action Interface] 
[9/8/2012 22:16:47] data/actions/scripts/game/koshei.lua:onUse
[9/8/2012 22:16:47] Description: 
[9/8/2012 22:16:47] (luaGetItemAttribute) Item not found

[9/8/2012 22:16:48] [Error - Action Interface] 
[9/8/2012 22:16:48] data/actions/scripts/game/koshei.lua:onUse
[9/8/2012 22:16:48] Description: 
[9/8/2012 22:16:48] (luaGetItemAttribute) Item not found

[9/8/2012 22:18:47] [Error - Action Interface] 
[9/8/2012 22:18:47] data/actions/scripts/game/koshei.lua:onUse
[9/8/2012 22:18:47] Description: 
[9/8/2012 22:18:47] (luaGetItemAttribute) Item not found

[9/8/2012 22:22:55] [Error - MoveEvents Interface] 
[9/8/2012 22:22:55] In a timer event called from: 
[9/8/2012 22:22:55] data/movements/scripts/game/teleport.lua:onStepIn
[9/8/2012 22:22:55] Description: 
[9/8/2012 22:22:55] (luaDoPlayerSendTextMessage) Player not found

[9/8/2012 22:22:55] [Error - MoveEvents Interface] 
[9/8/2012 22:22:55] In a timer event called from: 
[9/8/2012 22:22:55] data/movements/scripts/game/teleport.lua:onStepIn
[9/8/2012 22:22:55] Description: 
[9/8/2012 22:22:55] (luaDoTeleportThing) Thing not found

[9/8/2012 22:22:55] [Error - MoveEvents Interface] 
[9/8/2012 22:22:55] In a timer event called from: 
[9/8/2012 22:22:55] data/movements/scripts/game/teleport.lua:onStepIn
[9/8/2012 22:22:55] Description: 
[9/8/2012 22:22:55] (luaGetThingPosition) Thing not found

[9/8/2012 22:22:55] [Error - MoveEvents Interface] 
[9/8/2012 22:22:55] In a timer event called from: 
[9/8/2012 22:22:55] data/movements/scripts/game/teleport.lua:onStepIn
[9/8/2012 22:22:55] Description: 
[9/8/2012 22:22:55] (luaGetCreatureStorage) Creature not found

[9/8/2012 22:22:55] [Error - MoveEvents Interface] 
[9/8/2012 22:22:55] In a timer event called from: 
[9/8/2012 22:22:55] data/movements/scripts/game/teleport.lua:onStepIn
[9/8/2012 22:22:55] Description: 
[9/8/2012 22:22:55] (luaGetCreatureStorage) Creature not found

[9/8/2012 22:22:55] [Error - MoveEvents Interface] 
[9/8/2012 22:22:55] In a timer event called from: 
[9/8/2012 22:22:55] data/movements/scripts/game/teleport.lua:onStepIn
[9/8/2012 22:22:55] Description: 
[9/8/2012 22:22:55] data/lib/darghos/arena.lua:138: attempt to index field '?' (a nil value)
[9/8/2012 22:22:55] stack traceback:
[9/8/2012 22:22:55] 	data/lib/darghos/arena.lua:138: in function 'onLeave'
[9/8/2012 22:22:55] 	data/lib/darghos/arena.lua:186: in function <data/lib/darghos/arena.lua:181>

[9/8/2012 22:26:33] [Error - NpcScript Interface] 
[9/8/2012 22:26:33] (Unknown script file)
[9/8/2012 22:26:33] Description: 
[9/8/2012 22:26:33] attempt to call a nil value
[9/8/2012 22:26:33] stack traceback:

[9/8/2012 22:28:55] [Error - NpcScript Interface] 
[9/8/2012 22:28:55] (Unknown script file)
[9/8/2012 22:28:55] Description: 
[9/8/2012 22:28:55] attempt to call a nil value
[9/8/2012 22:28:55] stack traceback:

[9/8/2012 22:31:51] [Error - NpcScript Interface] 
[9/8/2012 22:31:51] (Unknown script file)
[9/8/2012 22:31:51] Description: 
[9/8/2012 22:31:51] attempt to call a nil value
[9/8/2012 22:31:51] stack traceback:

[9/8/2012 22:46:58] [Error - NpcScript Interface] 
[9/8/2012 22:46:58] (Unknown script file)
[9/8/2012 22:46:58] Description: 
[9/8/2012 22:46:58] attempt to call a nil value
[9/8/2012 22:46:58] stack traceback:

[9/8/2012 22:57:15] [Error - NpcScript Interface] 
[9/8/2012 22:57:15] (Unknown script file)
[9/8/2012 22:57:15] Description: 
[9/8/2012 22:57:15] attempt to call a nil value
[9/8/2012 22:57:15] stack traceback:

[9/8/2012 23:1:6] [Error - Action Interface] 
[9/8/2012 23:1:6] data/actions/scripts/tools/pick.lua:onUse
[9/8/2012 23:1:6] Description: 
[9/8/2012 23:1:6] (luaGetThingFromPos) Tile not found

[9/8/2012 23:5:9] [Error - NpcScript Interface] 
[9/8/2012 23:5:9] (Unknown script file)
[9/8/2012 23:5:9] Description: 
[9/8/2012 23:5:9] attempt to call a nil value
[9/8/2012 23:5:9] stack traceback:
[9/8/2012 23:11:5] > Saving server...
[9/8/2012 23:11:13] > SAVE: Complete in 8.361 seconds using binary-tilebased house storage.

[9/8/2012 23:31:50] [Error - NpcScript Interface] 
[9/8/2012 23:31:50] (Unknown script file)
[9/8/2012 23:31:50] Description: 
[9/8/2012 23:31:50] attempt to call a nil value
[9/8/2012 23:31:50] stack traceback:

[9/8/2012 23:35:47] [Error - NpcScript Interface] 
[9/8/2012 23:35:47] (Unknown script file)
[9/8/2012 23:35:47] Description: 
[9/8/2012 23:35:47] attempt to call a nil value
[9/8/2012 23:35:47] stack traceback:
[9/8/2012 23:35:47] 	[C]: in function 'closeShopWindow'
[9/8/2012 23:35:47] 	data/npc/lib/npcsystem/npchandler.lua:225: in function 'releaseFocus'
[9/8/2012 23:35:47] 	data/npc/lib/npcsystem/npchandler.lua:591: in function 'onWalkAway'
[9/8/2012 23:35:47] 	data/npc/lib/npcsystem/npchandler.lua:523: in function 'onThink'
[9/8/2012 23:35:47] 	data/npc/scripts/game/default.lua:9: in function <data/npc/scripts/game/default.lua:9>

[9/8/2012 23:37:11] [Error - NpcScript Interface] 
[9/8/2012 23:37:11] (Unknown script file)
[9/8/2012 23:37:11] Description: 
[9/8/2012 23:37:11] attempt to call a nil value
[9/8/2012 23:37:11] stack traceback:
[9/8/2012 23:37:11] 	[C]: in function 'closeShopWindow'
[9/8/2012 23:37:11] 	data/npc/lib/npcsystem/npchandler.lua:225: in function 'releaseFocus'
[9/8/2012 23:37:11] 	data/npc/lib/npcsystem/npchandler.lua:591: in function 'onWalkAway'
[9/8/2012 23:37:11] 	data/npc/lib/npcsystem/npchandler.lua:523: in function 'onThink'
[9/8/2012 23:37:11] 	data/npc/scripts/game/default.lua:9: in function <data/npc/scripts/game/default.lua:9>

[9/8/2012 23:54:32] [Error - Action Interface] 
[9/8/2012 23:54:32] data/actions/scripts/tools/rope.lua:onUse
[9/8/2012 23:54:32] Description: 
[9/8/2012 23:54:32] (luaGetThingFromPos) Tile not found

[9/8/2012 23:54:34] [Error - Action Interface] 
[9/8/2012 23:54:34] data/actions/scripts/tools/rope.lua:onUse
[9/8/2012 23:54:34] Description: 
[9/8/2012 23:54:34] (luaGetThingFromPos) Tile not found

[9/8/2012 23:54:37] [Error - Action Interface] 
[9/8/2012 23:54:37] data/actions/scripts/tools/rope.lua:onUse
[9/8/2012 23:54:37] Description: 
[9/8/2012 23:54:37] (luaGetThingFromPos) Tile not found

[9/8/2012 23:57:42] [Error - NpcScript Interface] 
[9/8/2012 23:57:42] (Unknown script file)
[9/8/2012 23:57:42] Description: 
[9/8/2012 23:57:42] attempt to call a nil value
[9/8/2012 23:57:42] stack traceback:
[9/8/2012 23:57:42] 	[C]: in function 'closeShopWindow'
[9/8/2012 23:57:42] 	data/npc/lib/npcsystem/npchandler.lua:225: in function 'releaseFocus'
[9/8/2012 23:57:42] 	data/npc/lib/npcsystem/npchandler.lua:591: in function 'onWalkAway'
[9/8/2012 23:57:42] 	data/npc/lib/npcsystem/npchandler.lua:523: in function 'onThink'
[9/8/2012 23:57:42] 	data/npc/scripts/game/default.lua:9: in function <data/npc/scripts/game/default.lua:9>
[10/8/2012 0:11:5] > Saving server...
[10/8/2012 0:11:12] > SAVE: Complete in 6.936 seconds using binary-tilebased house storage.

[10/8/2012 0:11:13] [Error - Action Interface] 
[10/8/2012 0:11:13] data/actions/scripts/tools/rope.lua:onUse
[10/8/2012 0:11:13] Description: 
[10/8/2012 0:11:13] (luaGetThingFromPos) Tile not found

[10/8/2012 0:11:19] [Error - Action Interface] 
[10/8/2012 0:11:19] data/actions/scripts/tools/rope.lua:onUse
[10/8/2012 0:11:19] Description: 
[10/8/2012 0:11:19] (luaGetThingFromPos) Tile not found

[10/8/2012 0:11:32] [Error - Action Interface] 
[10/8/2012 0:11:32] data/actions/scripts/tools/rope.lua:onUse
[10/8/2012 0:11:32] Description: 
[10/8/2012 0:11:32] (luaGetThingFromPos) Tile not found

[10/8/2012 0:11:34] [Error - Action Interface] 
[10/8/2012 0:11:34] data/actions/scripts/tools/rope.lua:onUse
[10/8/2012 0:11:34] Description: 
[10/8/2012 0:11:34] (luaGetThingFromPos) Tile not found

[10/8/2012 0:11:39] [Error - Action Interface] 
[10/8/2012 0:11:39] data/actions/scripts/tools/rope.lua:onUse
[10/8/2012 0:11:39] Description: 
[10/8/2012 0:11:39] (luaGetThingFromPos) Tile not found

[10/8/2012 0:11:48] [Error - Action Interface] 
[10/8/2012 0:11:48] data/actions/scripts/tools/rope.lua:onUse
[10/8/2012 0:11:48] Description: 
[10/8/2012 0:11:48] (luaGetThingFromPos) Tile not found

[10/8/2012 0:11:49] [Error - Action Interface] 
[10/8/2012 0:11:49] data/actions/scripts/tools/rope.lua:onUse
[10/8/2012 0:11:49] Description: 
[10/8/2012 0:11:49] (luaGetThingFromPos) Tile not found

[10/8/2012 0:13:43] [Error - Action Interface] 
[10/8/2012 0:13:43] data/actions/scripts/tools/rope.lua:onUse
[10/8/2012 0:13:43] Description: 
[10/8/2012 0:13:43] (luaGetThingFromPos) Tile not found

[10/8/2012 0:13:45] [Error - Action Interface] 
[10/8/2012 0:13:45] data/actions/scripts/tools/rope.lua:onUse
[10/8/2012 0:13:45] Description: 
[10/8/2012 0:13:45] (luaGetThingFromPos) Tile not found

[10/8/2012 0:13:48] [Error - Action Interface] 
[10/8/2012 0:13:48] data/actions/scripts/tools/rope.lua:onUse
[10/8/2012 0:13:48] Description: 
[10/8/2012 0:13:48] (luaGetThingFromPos) Tile not found

[10/8/2012 0:13:51] [Error - Action Interface] 
[10/8/2012 0:13:51] data/actions/scripts/tools/rope.lua:onUse
[10/8/2012 0:13:51] Description: 
[10/8/2012 0:13:51] (luaGetThingFromPos) Tile not found

[10/8/2012 0:18:31] [Error - Action Interface] 
[10/8/2012 0:18:31] data/actions/scripts/tools/rope.lua:onUse
[10/8/2012 0:18:31] Description: 
[10/8/2012 0:18:31] (luaGetThingFromPos) Tile not found

[10/8/2012 0:18:33] [Error - Action Interface] 
[10/8/2012 0:18:33] data/actions/scripts/tools/rope.lua:onUse
[10/8/2012 0:18:33] Description: 
[10/8/2012 0:18:33] (luaGetThingFromPos) Tile not found

[10/8/2012 0:18:44] [Error - Action Interface] 
[10/8/2012 0:18:44] data/actions/scripts/tools/rope.lua:onUse
[10/8/2012 0:18:44] Description: 
[10/8/2012 0:18:44] (luaGetThingFromPos) Tile not found

[10/8/2012 0:18:49] [Error - Action Interface] 
[10/8/2012 0:18:49] data/actions/scripts/tools/rope.lua:onUse
[10/8/2012 0:18:49] Description: 
[10/8/2012 0:18:49] (luaGetThingFromPos) Tile not found

[10/8/2012 0:18:52] [Error - Action Interface] 
[10/8/2012 0:18:52] data/actions/scripts/tools/rope.lua:onUse
[10/8/2012 0:18:52] Description: 
[10/8/2012 0:18:52] (luaGetThingFromPos) Tile not found

[10/8/2012 0:21:17] [Error - NpcScript Interface] 
[10/8/2012 0:21:17] (Unknown script file)
[10/8/2012 0:21:17] Description: 
[10/8/2012 0:21:17] attempt to call a nil value
[10/8/2012 0:21:17] stack traceback:

[10/8/2012 0:25:58] [Error - Action Interface] 
[10/8/2012 0:25:58] data/actions/scripts/tools/rope.lua:onUse
[10/8/2012 0:25:58] Description: 
[10/8/2012 0:25:58] (luaGetThingFromPos) Tile not found

[10/8/2012 0:26:3] [Error - Action Interface] 
[10/8/2012 0:26:3] data/actions/scripts/tools/rope.lua:onUse
[10/8/2012 0:26:3] Description: 
[10/8/2012 0:26:3] (luaGetThingFromPos) Tile not found

[10/8/2012 0:26:6] [Error - Action Interface] 
[10/8/2012 0:26:6] data/actions/scripts/tools/rope.lua:onUse
[10/8/2012 0:26:6] Description: 
[10/8/2012 0:26:6] (luaGetThingFromPos) Tile not found

[10/8/2012 0:26:12] [Error - Action Interface] 
[10/8/2012 0:26:12] data/actions/scripts/tools/rope.lua:onUse
[10/8/2012 0:26:12] Description: 
[10/8/2012 0:26:12] (luaGetThingFromPos) Tile not found

[10/8/2012 0:26:15] [Error - Action Interface] 
[10/8/2012 0:26:15] data/actions/scripts/tools/rope.lua:onUse
[10/8/2012 0:26:15] Description: 
[10/8/2012 0:26:15] (luaGetThingFromPos) Tile not found

[10/8/2012 0:26:22] [Error - Action Interface] 
[10/8/2012 0:26:22] data/actions/scripts/tools/rope.lua:onUse
[10/8/2012 0:26:22] Description: 
[10/8/2012 0:26:22] (luaGetThingFromPos) Tile not found

[10/8/2012 0:26:34] [Error - Action Interface] 
[10/8/2012 0:26:34] data/actions/scripts/tools/rope.lua:onUse
[10/8/2012 0:26:34] Description: 
[10/8/2012 0:26:34] (luaGetThingFromPos) Tile not found

[10/8/2012 0:26:37] [Error - Action Interface] 
[10/8/2012 0:26:37] data/actions/scripts/tools/rope.lua:onUse
[10/8/2012 0:26:37] Description: 
[10/8/2012 0:26:37] (luaGetThingFromPos) Tile not found

[10/8/2012 0:26:39] [Error - Action Interface] 
[10/8/2012 0:26:39] data/actions/scripts/tools/rope.lua:onUse
[10/8/2012 0:26:39] Description: 
[10/8/2012 0:26:39] (luaGetThingFromPos) Tile not found

[10/8/2012 0:26:53] [Error - Action Interface] 
[10/8/2012 0:26:53] data/actions/scripts/tools/rope.lua:onUse
[10/8/2012 0:26:53] Description: 
[10/8/2012 0:26:53] (luaGetThingFromPos) Tile not found

[10/8/2012 0:27:5] [Error - Action Interface] 
[10/8/2012 0:27:5] data/actions/scripts/tools/rope.lua:onUse
[10/8/2012 0:27:5] Description: 
[10/8/2012 0:27:5] (luaGetThingFromPos) Tile not found

[10/8/2012 0:27:9] [Error - Action Interface] 
[10/8/2012 0:27:9] data/actions/scripts/tools/rope.lua:onUse
[10/8/2012 0:27:9] Description: 
[10/8/2012 0:27:9] (luaGetThingFromPos) Tile not found

[10/8/2012 0:27:17] [Error - Action Interface] 
[10/8/2012 0:27:17] data/actions/scripts/tools/rope.lua:onUse
[10/8/2012 0:27:17] Description: 
[10/8/2012 0:27:17] (luaGetThingFromPos) Tile not found

[10/8/2012 0:27:20] [Error - Action Interface] 
[10/8/2012 0:27:20] data/actions/scripts/tools/rope.lua:onUse
[10/8/2012 0:27:20] Description: 
[10/8/2012 0:27:20] (luaGetThingFromPos) Tile not found

[10/8/2012 0:27:22] [Error - NpcScript Interface] 
[10/8/2012 0:27:22] (Unknown script file)
[10/8/2012 0:27:22] Description: 
[10/8/2012 0:27:22] attempt to call a nil value
[10/8/2012 0:27:22] stack traceback:

[10/8/2012 0:27:34] [Error - Action Interface] 
[10/8/2012 0:27:34] data/actions/scripts/tools/rope.lua:onUse
[10/8/2012 0:27:34] Description: 
[10/8/2012 0:27:34] (luaGetThingFromPos) Tile not found

[10/8/2012 0:27:37] [Error - Action Interface] 
[10/8/2012 0:27:37] data/actions/scripts/tools/rope.lua:onUse
[10/8/2012 0:27:37] Description: 
[10/8/2012 0:27:37] (luaGetThingFromPos) Tile not found

[10/8/2012 0:33:47] [Error - Action Interface] 
[10/8/2012 0:33:47] data/actions/scripts/tools/rope.lua:onUse
[10/8/2012 0:33:47] Description: 
[10/8/2012 0:33:47] (luaGetThingFromPos) Tile not found

[10/8/2012 0:33:50] [Error - Action Interface] 
[10/8/2012 0:33:50] data/actions/scripts/tools/rope.lua:onUse
[10/8/2012 0:33:50] Description: 
[10/8/2012 0:33:50] (luaGetThingFromPos) Tile not found

[10/8/2012 0:33:52] [Error - Action Interface] 
[10/8/2012 0:33:52] data/actions/scripts/tools/rope.lua:onUse
[10/8/2012 0:33:52] Description: 
[10/8/2012 0:33:52] (luaGetThingFromPos) Tile not found

[10/8/2012 0:33:54] [Error - Action Interface] 
[10/8/2012 0:33:54] data/actions/scripts/tools/rope.lua:onUse
[10/8/2012 0:33:54] Description: 
[10/8/2012 0:33:54] (luaGetThingFromPos) Tile not found

[10/8/2012 0:34:22] [Error - Action Interface] 
[10/8/2012 0:34:22] data/actions/scripts/tools/rope.lua:onUse
[10/8/2012 0:34:22] Description: 
[10/8/2012 0:34:22] (luaGetThingFromPos) Tile not found

[10/8/2012 0:34:26] [Error - Action Interface] 
[10/8/2012 0:34:26] data/actions/scripts/tools/rope.lua:onUse
[10/8/2012 0:34:26] Description: 
[10/8/2012 0:34:26] (luaGetThingFromPos) Tile not found

[10/8/2012 0:34:28] [Error - Action Interface] 
[10/8/2012 0:34:28] data/actions/scripts/tools/rope.lua:onUse
[10/8/2012 0:34:28] Description: 
[10/8/2012 0:34:28] (luaGetThingFromPos) Tile not found

[10/8/2012 1:6:50] [Error - Spell Interface] 
[10/8/2012 1:6:50] data/spells/scripts/support/destroy_field_rune.lua:onCastSpell
[10/8/2012 1:6:50] Description: 
[10/8/2012 1:6:50] (luaDoRemoveItem) Item not found
[10/8/2012 1:11:5] > Saving server...
[10/8/2012 1:11:10] > SAVE: Complete in 5.249 seconds using binary-tilebased house storage.

[10/8/2012 2:4:44] [Error - Action Interface] 
[10/8/2012 2:4:44] data/actions/scripts/other/windows.lua:onUse
[10/8/2012 2:4:44] Description: 
[10/8/2012 2:4:44] (luaGetHouseFromPos) Tile not found
[10/8/2012 2:11:5] > Saving server...
[10/8/2012 2:11:10] > SAVE: Complete in 5.59 seconds using binary-tilebased house storage.

[10/8/2012 2:32:52] [Error - Action Interface] 
[10/8/2012 2:32:52] data/actions/scripts/other/windows.lua:onUse
[10/8/2012 2:32:52] Description: 
[10/8/2012 2:32:52] (luaGetHouseFromPos) Tile not found

[10/8/2012 2:41:2] [Error - NpcScript Interface] 
[10/8/2012 2:41:2] (Unknown script file)
[10/8/2012 2:41:2] Description: 
[10/8/2012 2:41:2] attempt to call a nil value
[10/8/2012 2:41:2] stack traceback:
[10/8/2012 3:11:5] > Saving server...
[10/8/2012 3:11:9] > SAVE: Complete in 4.489 seconds using binary-tilebased house storage.
[10/8/2012 4:11:5] > Saving server...
[10/8/2012 4:11:9] > SAVE: Complete in 4.533 seconds using binary-tilebased house storage.

[10/8/2012 4:21:56] [Error - NpcScript Interface] 
[10/8/2012 4:21:56] (Unknown script file)
[10/8/2012 4:21:56] Description: 
[10/8/2012 4:21:56] attempt to call a nil value
[10/8/2012 4:21:56] stack traceback:

[10/8/2012 4:22:17] [Error - NpcScript Interface] 
[10/8/2012 4:22:17] (Unknown script file)
[10/8/2012 4:22:17] Description: 
[10/8/2012 4:22:17] attempt to call a nil value
[10/8/2012 4:22:17] stack traceback:
[10/8/2012 4:43:50] > Broadcasted message: "A terra treme em Quendor. Alerta vermelho!".
[10/8/2012 4:44:49] > Broadcasted message: "Rotworms! Estas antigas criaturas estão subindo para a planicie novamente!".
[10/8/2012 4:45:29] > Broadcasted message: "Quendor está sob uma infestação de Rotworms!".
[10/8/2012 5:11:5] > Saving server...
[10/8/2012 5:11:8] > SAVE: Complete in 3.54 seconds using binary-tilebased house storage.

[10/8/2012 5:46:28] [Error - NpcScript Interface] 
[10/8/2012 5:46:28] (Unknown script file)
[10/8/2012 5:46:28] Description: 
[10/8/2012 5:46:28] attempt to call a nil value
[10/8/2012 5:46:28] stack traceback:

[10/8/2012 5:47:54] [Error - NpcScript Interface] 
[10/8/2012 5:47:54] (Unknown script file)
[10/8/2012 5:47:54] Description: 
[10/8/2012 5:47:54] attempt to call a nil value
[10/8/2012 5:47:54] stack traceback:
[10/8/2012 5:47:54] 	[C]: in function 'closeShopWindow'
[10/8/2012 5:47:54] 	data/npc/lib/npcsystem/npchandler.lua:225: in function 'releaseFocus'
[10/8/2012 5:47:54] 	data/npc/lib/npcsystem/npchandler.lua:591: in function 'onWalkAway'
[10/8/2012 5:47:54] 	data/npc/lib/npcsystem/npchandler.lua:523: in function 'onThink'
[10/8/2012 5:47:54] 	data/npc/scripts/game/default.lua:9: in function <data/npc/scripts/game/default.lua:9>
[10/8/2012 6:11:5] > Saving server...
[10/8/2012 6:11:8] > SAVE: Complete in 3.2 seconds using binary-tilebased house storage.
[10/8/2012 7:11:5] > Saving server...
[10/8/2012 7:11:9] > SAVE: Complete in 3.927 seconds using binary-tilebased house storage.

[10/8/2012 7:56:18] [Error - NpcScript Interface] 
[10/8/2012 7:56:18] (Unknown script file)
[10/8/2012 7:56:18] Description: 
[10/8/2012 7:56:18] attempt to call a nil value
[10/8/2012 7:56:18] stack traceback:
[10/8/2012 8:11:5] > Saving server...
[10/8/2012 8:11:9] > SAVE: Complete in 3.967 seconds using binary-tilebased house storage.

[10/8/2012 8:23:21] [Error - NpcScript Interface] 
[10/8/2012 8:23:21] (Unknown script file)
[10/8/2012 8:23:21] Description: 
[10/8/2012 8:23:21] attempt to call a nil value
[10/8/2012 8:23:21] stack traceback:
[10/8/2012 8:23:21] 	[C]: in function 'closeShopWindow'
[10/8/2012 8:23:21] 	data/npc/lib/npcsystem/npchandler.lua:225: in function 'releaseFocus'
[10/8/2012 8:23:21] 	data/npc/lib/npcsystem/npchandler.lua:591: in function 'onWalkAway'
[10/8/2012 8:23:21] 	data/npc/lib/npcsystem/npchandler.lua:523: in function 'onThink'
[10/8/2012 8:23:21] 	data/npc/scripts/game/default.lua:9: in function <data/npc/scripts/game/default.lua:9>

[10/8/2012 8:30:52] [Error - NpcScript Interface] 
[10/8/2012 8:30:52] (Unknown script file)
[10/8/2012 8:30:52] Description: 
[10/8/2012 8:30:52] attempt to call a nil value
[10/8/2012 8:30:52] stack traceback:

[10/8/2012 9:9:43] [Error - NpcScript Interface] 
[10/8/2012 9:9:43] (Unknown script file)
[10/8/2012 9:9:43] Description: 
[10/8/2012 9:9:43] attempt to call a nil value
[10/8/2012 9:9:43] stack traceback:
[10/8/2012 9:11:5] > Saving server...
[10/8/2012 9:11:10] > SAVE: Complete in 4.788 seconds using binary-tilebased house storage.

[10/8/2012 9:28:41] [Error - NpcScript Interface] 
[10/8/2012 9:28:41] (Unknown script file)
[10/8/2012 9:28:41] Description: 
[10/8/2012 9:28:41] attempt to call a nil value
[10/8/2012 9:28:41] stack traceback:
[10/8/2012 9:28:41] 	[C]: in function 'closeShopWindow'
[10/8/2012 9:28:41] 	data/npc/lib/npcsystem/npchandler.lua:225: in function 'releaseFocus'
[10/8/2012 9:28:41] 	data/npc/lib/npcsystem/npchandler.lua:591: in function 'onWalkAway'
[10/8/2012 9:28:41] 	data/npc/lib/npcsystem/npchandler.lua:523: in function 'onThink'
[10/8/2012 9:28:41] 	data/npc/scripts/game/default.lua:9: in function <data/npc/scripts/game/default.lua:9>

[10/8/2012 9:29:16] [Error - NpcScript Interface] 
[10/8/2012 9:29:16] (Unknown script file)
[10/8/2012 9:29:16] Description: 
[10/8/2012 9:29:16] attempt to call a nil value
[10/8/2012 9:29:16] stack traceback:
[10/8/2012 9:29:16] 	[C]: in function 'closeShopWindow'
[10/8/2012 9:29:16] 	data/npc/lib/npcsystem/npchandler.lua:225: in function 'releaseFocus'
[10/8/2012 9:29:16] 	data/npc/lib/npcsystem/npchandler.lua:591: in function 'onWalkAway'
[10/8/2012 9:29:16] 	data/npc/lib/npcsystem/npchandler.lua:523: in function 'onThink'
[10/8/2012 9:29:16] 	data/npc/scripts/game/default.lua:9: in function <data/npc/scripts/game/default.lua:9>

[10/8/2012 9:31:51] [Error - NpcScript Interface] 
[10/8/2012 9:31:51] (Unknown script file)
[10/8/2012 9:31:51] Description: 
[10/8/2012 9:31:51] attempt to call a nil value
[10/8/2012 9:31:51] stack traceback:
[10/8/2012 9:31:51] 	[C]: in function 'closeShopWindow'
[10/8/2012 9:31:51] 	data/npc/lib/npcsystem/npchandler.lua:225: in function 'releaseFocus'
[10/8/2012 9:31:51] 	data/npc/lib/npcsystem/npchandler.lua:591: in function 'onWalkAway'
[10/8/2012 9:31:51] 	data/npc/lib/npcsystem/npchandler.lua:523: in function 'onThink'
[10/8/2012 9:31:51] 	data/npc/scripts/game/default.lua:9: in function <data/npc/scripts/game/default.lua:9>
[10/8/2012 9:35:50] > Broadcasted message: "Por anos os Minotauros dominaram o mundo do Darghos. Agora eles querem nos mostrar a sua força novamente. Se preparem para algo!".
[10/8/2012 9:37:30] > Broadcasted message: "Um exercito de minotauros ataca o portão norte de Quendor!".

[10/8/2012 9:41:48] [Error - NpcScript Interface] 
[10/8/2012 9:41:48] (Unknown script file)
[10/8/2012 9:41:48] Description: 
[10/8/2012 9:41:48] attempt to call a nil value
[10/8/2012 9:41:48] stack traceback:

[10/8/2012 9:51:21] [Error - NpcScript Interface] 
[10/8/2012 9:51:21] (Unknown script file)
[10/8/2012 9:51:21] Description: 
[10/8/2012 9:51:21] attempt to call a nil value
[10/8/2012 9:51:21] stack traceback:

[10/8/2012 9:58:26] [Error - NpcScript Interface] 
[10/8/2012 9:58:26] (Unknown script file)
[10/8/2012 9:58:26] Description: 
[10/8/2012 9:58:26] attempt to call a nil value
[10/8/2012 9:58:26] stack traceback:
[10/8/2012 9:58:26] 	[C]: in function 'closeShopWindow'
[10/8/2012 9:58:26] 	data/npc/lib/npcsystem/npchandler.lua:225: in function 'releaseFocus'
[10/8/2012 9:58:26] 	data/npc/lib/npcsystem/npchandler.lua:591: in function 'onWalkAway'
[10/8/2012 9:58:26] 	data/npc/lib/npcsystem/npchandler.lua:523: in function 'onThink'
[10/8/2012 9:58:26] 	data/npc/scripts/game/default.lua:9: in function <data/npc/scripts/game/default.lua:9>
[10/8/2012 10:0:16] > Paying houses...
[10/8/2012 10:0:18] Houses paid in 1.406 seconds.
[10/8/2012 10:0:18] > Saving server...
[10/8/2012 10:0:18] > SAVE: Complete in 0.425 seconds using binary-tilebased house storage.
[10/8/2012 10:0:18] Preparing to shutdown the server- done.
