[10/8/2012 10:9:2] > Using MD5 encryption
[10/8/2012 10:9:2] >> Loading RSA key
[10/8/2012 10:9:2] >> Starting SQL connection

[10/8/2012 10:9:2] > WARNING: Outdated MySQL server detected, consider upgrading to a newer version.
[10/8/2012 10:9:2] >> Running Database Manager
[10/8/2012 10:9:2] >> Loading items (OTB)
[10/8/2012 10:9:2] >> Loading items (XML)
[10/8/2012 10:9:2] [Warning - Items::loadFromXml] Unknown key value blocksolid
[10/8/2012 10:9:2] [Warning - Items::loadFromXml] Unknown key value blocksolid
[10/8/2012 10:9:2] >> Loading groups
[10/8/2012 10:9:2] >> Loading vocations
[10/8/2012 10:9:2] >> Loading outfits
[10/8/2012 10:9:2] >> Loading chat channels
[10/8/2012 10:9:2] >> Loading script systems
[10/8/2012 10:9:4] [Warning - Event::loadScript] Event onTime not found (data/globalevents/scripts/clean.lua)
[10/8/2012 10:9:4] >> Loading mods...
[10/8/2012 10:9:4] > 0 mods were loaded.
[10/8/2012 10:9:4] >> Loading experience stages
[10/8/2012 10:9:4] >> Loading monsters
[10/8/2012 10:9:5] [Warning - Monsters::deserializeSpell] Frost Dragon - Unknown areaEffect: smallice
[10/8/2012 10:9:6] >> Loading map and spawns...
[10/8/2012 10:9:9] > Map size: 5000x5000.
[10/8/2012 10:9:9] > Map descriptions: 
[10/8/2012 10:9:9] "Saved with Remere's Map Editor 2.2"
[10/8/2012 10:9:9] "SimOne MapEditor 0.5.5"
[10/8/2012 10:9:10] [Warning - IOMap::loadMap] Movable item in house: 517, item type: 2741, pos 1070/1121/6
[10/8/2012 10:9:10] [Warning - IOMap::loadMap] Movable item in house: 518, item type: 2741, pos 1070/1129/6
[10/8/2012 10:9:10] [Warning - IOMap::loadMap] Movable item in house: 517, item type: 2741, pos 1073/1121/6
[10/8/2012 10:9:10] [Warning - IOMap::loadMap] Movable item in house: 518, item type: 2741, pos 1073/1129/6
[10/8/2012 10:9:12] Duplicate uniqueId 6401
[10/8/2012 10:9:12] Duplicate uniqueId 6401
[10/8/2012 10:9:14] Duplicate uniqueId 6401
[10/8/2012 10:9:14] Duplicate uniqueId 6401
[10/8/2012 10:9:14] Duplicate uniqueId 6401
[10/8/2012 10:9:14] Duplicate uniqueId 6401
[10/8/2012 10:9:19] Duplicate uniqueId 6401
[10/8/2012 10:9:19] Duplicate uniqueId 6401
[10/8/2012 10:9:21] Duplicate uniqueId 2004
[10/8/2012 10:9:21] Duplicate uniqueId 2005
[10/8/2012 10:9:21] Duplicate uniqueId 2006
[10/8/2012 10:9:21] Duplicate uniqueId 2007
[10/8/2012 10:9:25] Duplicate uniqueId 6401
[10/8/2012 10:9:25] Duplicate uniqueId 6401
[10/8/2012 10:9:25] Duplicate uniqueId 6401
[10/8/2012 10:9:26] Duplicate uniqueId 6400
[10/8/2012 10:9:26] Duplicate uniqueId 6401
[10/8/2012 10:9:26] Duplicate uniqueId 2056
[10/8/2012 10:9:26] Duplicate uniqueId 2057
[10/8/2012 10:9:26] Duplicate uniqueId 2058
[10/8/2012 10:9:26] Duplicate uniqueId 2051
[10/8/2012 10:9:26] Duplicate uniqueId 2052
[10/8/2012 10:9:26] Duplicate uniqueId 2053
[10/8/2012 10:9:26] Duplicate uniqueId 2054
[10/8/2012 10:9:27] > Map loading time: 20.897 seconds.
[10/8/2012 10:9:27] [Spawn::addMonster] Cannot find "Butterfly"
[10/8/2012 10:9:27] [Spawn::addMonster] Cannot find "Butterfly"
[10/8/2012 10:9:28] > Data parsing time: 1.225 seconds.
[10/8/2012 10:9:44] > Houses synchronization time: 15.791 seconds.
[10/8/2012 10:9:44] > Content unserialization time: 0.118 seconds.
[10/8/2012 10:9:44] >> Checking world type... Open PvP
[10/8/2012 10:9:44] >> Initializing game state and binding services...
[10/8/2012 10:9:46] > Global IP address: 184.173.128.212
[10/8/2012 10:9:46] > Bound ports: 7577	7578	9215	
[10/8/2012 10:9:46] >> Everything smells good, server is starting up...
[10/8/2012 10:9:46] [DDOS EMERGENCY] Enabled
>> UltraX server Online!
[10/8/2012 10:9:46] [DDOS EMERGENCY] Enabled
>> UltraX server Online!


[10/8/2012 10:15:41] [Error - NpcScript Interface] 
[10/8/2012 10:15:41] (Unknown script file)
[10/8/2012 10:15:41] Description: 
[10/8/2012 10:15:41] attempt to call a nil value
[10/8/2012 10:15:41] stack traceback:
[10/8/2012 10:15:41] 	[C]: in function 'closeShopWindow'
[10/8/2012 10:15:41] 	data/npc/lib/npcsystem/npchandler.lua:225: in function 'releaseFocus'
[10/8/2012 10:15:41] 	data/npc/lib/npcsystem/npchandler.lua:591: in function 'onWalkAway'
[10/8/2012 10:15:41] 	data/npc/lib/npcsystem/npchandler.lua:523: in function 'onThink'
[10/8/2012 10:15:41] 	data/npc/scripts/game/salazart.joia.lua:9: in function <data/npc/scripts/game/salazart.joia.lua:9>

[10/8/2012 10:37:55] [Error - NpcScript Interface] 
[10/8/2012 10:37:55] (Unknown script file)
[10/8/2012 10:37:55] Description: 
[10/8/2012 10:37:55] attempt to call a nil value
[10/8/2012 10:37:55] stack traceback:
[10/8/2012 10:37:55] 	[C]: in function 'closeShopWindow'
[10/8/2012 10:37:55] 	data/npc/lib/npcsystem/npchandler.lua:225: in function 'releaseFocus'
[10/8/2012 10:37:55] 	data/npc/lib/npcsystem/npchandler.lua:591: in function 'onWalkAway'
[10/8/2012 10:37:55] 	data/npc/lib/npcsystem/npchandler.lua:523: in function 'onThink'
[10/8/2012 10:37:55] 	data/npc/scripts/game/default.lua:9: in function <data/npc/scripts/game/default.lua:9>

[10/8/2012 10:49:45] [Error - NpcScript Interface] 
[10/8/2012 10:49:45] (Unknown script file)
[10/8/2012 10:49:45] Description: 
[10/8/2012 10:49:45] attempt to call a nil value
[10/8/2012 10:49:45] stack traceback:

[10/8/2012 10:57:45] [Error - NpcScript Interface] 
[10/8/2012 10:57:45] (Unknown script file)
[10/8/2012 10:57:45] Description: 
[10/8/2012 10:57:45] attempt to call a nil value
[10/8/2012 10:57:45] stack traceback:
[10/8/2012 10:57:45] 	[C]: in function 'closeShopWindow'
[10/8/2012 10:57:45] 	data/npc/lib/npcsystem/npchandler.lua:225: in function 'releaseFocus'
[10/8/2012 10:57:45] 	data/npc/lib/npcsystem/npchandler.lua:591: in function 'onWalkAway'
[10/8/2012 10:57:45] 	data/npc/lib/npcsystem/npchandler.lua:523: in function 'onThink'
[10/8/2012 10:57:45] 	data/npc/scripts/game/blacksmith.lua:9: in function <data/npc/scripts/game/blacksmith.lua:9>

[10/8/2012 11:5:55] [Error - NpcScript Interface] 
[10/8/2012 11:5:55] (Unknown script file)
[10/8/2012 11:5:55] Description: 
[10/8/2012 11:5:55] attempt to call a nil value
[10/8/2012 11:5:55] stack traceback:
[10/8/2012 11:5:55] 	[C]: in function 'closeShopWindow'
[10/8/2012 11:5:55] 	data/npc/lib/npcsystem/npchandler.lua:225: in function 'releaseFocus'
[10/8/2012 11:5:55] 	data/npc/lib/npcsystem/npchandler.lua:591: in function 'onWalkAway'
[10/8/2012 11:5:55] 	data/npc/lib/npcsystem/npchandler.lua:523: in function 'onThink'
[10/8/2012 11:5:55] 	data/npc/scripts/game/default.lua:9: in function <data/npc/scripts/game/default.lua:9>
[10/8/2012 11:11:4] > Saving server...
[10/8/2012 11:11:10] > SAVE: Complete in 6.011 seconds using binary-tilebased house storage.

[10/8/2012 11:19:38] [Error - NpcScript Interface] 
[10/8/2012 11:19:38] (Unknown script file)
[10/8/2012 11:19:38] Description: 
[10/8/2012 11:19:38] attempt to call a nil value
[10/8/2012 11:19:38] stack traceback:
[10/8/2012 11:19:38] 	[C]: in function 'closeShopWindow'
[10/8/2012 11:19:38] 	data/npc/lib/npcsystem/npchandler.lua:225: in function 'releaseFocus'
[10/8/2012 11:19:38] 	data/npc/lib/npcsystem/npchandler.lua:591: in function 'onWalkAway'
[10/8/2012 11:19:38] 	data/npc/lib/npcsystem/npchandler.lua:523: in function 'onThink'
[10/8/2012 11:19:38] 	data/npc/scripts/game/default.lua:9: in function <data/npc/scripts/game/default.lua:9>

[10/8/2012 11:20:59] [Error - NpcScript Interface] 
[10/8/2012 11:20:59] (Unknown script file)
[10/8/2012 11:20:59] Description: 
[10/8/2012 11:20:59] attempt to call a nil value
[10/8/2012 11:20:59] stack traceback:
[10/8/2012 11:20:59] 	[C]: in function 'closeShopWindow'
[10/8/2012 11:20:59] 	data/npc/lib/npcsystem/npchandler.lua:225: in function 'releaseFocus'
[10/8/2012 11:20:59] 	data/npc/lib/npcsystem/npchandler.lua:591: in function 'onWalkAway'
[10/8/2012 11:20:59] 	data/npc/lib/npcsystem/npchandler.lua:523: in function 'onThink'
[10/8/2012 11:20:59] 	data/npc/scripts/game/blacksmith.lua:9: in function <data/npc/scripts/game/blacksmith.lua:9>

[10/8/2012 11:42:5] [Error - NpcScript Interface] 
[10/8/2012 11:42:5] (Unknown script file)
[10/8/2012 11:42:5] Description: 
[10/8/2012 11:42:5] attempt to call a nil value
[10/8/2012 11:42:5] stack traceback:
[10/8/2012 11:42:5] 	[C]: in function 'closeShopWindow'
[10/8/2012 11:42:5] 	data/npc/lib/npcsystem/npchandler.lua:225: in function 'releaseFocus'
[10/8/2012 11:42:5] 	data/npc/lib/npcsystem/npchandler.lua:591: in function 'onWalkAway'
[10/8/2012 11:42:5] 	data/npc/lib/npcsystem/npchandler.lua:523: in function 'onThink'
[10/8/2012 11:42:5] 	data/npc/scripts/game/default.lua:9: in function <data/npc/scripts/game/default.lua:9>

[10/8/2012 11:54:52] [Error - NpcScript Interface] 
[10/8/2012 11:54:52] (Unknown script file)
[10/8/2012 11:54:52] Description: 
[10/8/2012 11:54:52] attempt to call a nil value
[10/8/2012 11:54:52] stack traceback:

[10/8/2012 12:10:51] [Error - NpcScript Interface] 
[10/8/2012 12:10:51] (Unknown script file)
[10/8/2012 12:10:51] Description: 
[10/8/2012 12:10:51] attempt to call a nil value
[10/8/2012 12:10:51] stack traceback:
[10/8/2012 12:10:51] 	[C]: in function 'closeShopWindow'
[10/8/2012 12:10:51] 	data/npc/lib/npcsystem/npchandler.lua:225: in function 'releaseFocus'
[10/8/2012 12:10:51] 	data/npc/lib/npcsystem/npchandler.lua:591: in function 'onWalkAway'
[10/8/2012 12:10:51] 	data/npc/lib/npcsystem/npchandler.lua:523: in function 'onThink'
[10/8/2012 12:10:51] 	data/npc/scripts/game/default.lua:9: in function <data/npc/scripts/game/default.lua:9>
[10/8/2012 12:11:4] > Saving server...
[10/8/2012 12:11:10] > SAVE: Complete in 5.87 seconds using binary-tilebased house storage.

[10/8/2012 12:12:3] [Error - NpcScript Interface] 
[10/8/2012 12:12:3] (Unknown script file)
[10/8/2012 12:12:3] Description: 
[10/8/2012 12:12:3] attempt to call a nil value
[10/8/2012 12:12:3] stack traceback:
[10/8/2012 12:12:3] 	[C]: in function 'closeShopWindow'
[10/8/2012 12:12:3] 	data/npc/lib/npcsystem/npchandler.lua:225: in function 'releaseFocus'
[10/8/2012 12:12:3] 	data/npc/lib/npcsystem/npchandler.lua:591: in function 'onWalkAway'
[10/8/2012 12:12:3] 	data/npc/lib/npcsystem/npchandler.lua:523: in function 'onThink'
[10/8/2012 12:12:3] 	data/npc/scripts/game/default.lua:9: in function <data/npc/scripts/game/default.lua:9>

[10/8/2012 12:32:3] [Error - NpcScript Interface] 
[10/8/2012 12:32:3] (Unknown script file)
[10/8/2012 12:32:3] Description: 
[10/8/2012 12:32:3] attempt to call a nil value
[10/8/2012 12:32:3] stack traceback:

[10/8/2012 12:36:24] [Error - NpcScript Interface] 
[10/8/2012 12:36:24] (Unknown script file)
[10/8/2012 12:36:24] Description: 
[10/8/2012 12:36:24] attempt to call a nil value
[10/8/2012 12:36:24] stack traceback:
[10/8/2012 12:36:24] 	[C]: in function 'closeShopWindow'
[10/8/2012 12:36:24] 	data/npc/lib/npcsystem/npchandler.lua:225: in function 'releaseFocus'
[10/8/2012 12:36:24] 	data/npc/lib/npcsystem/npchandler.lua:591: in function 'onWalkAway'
[10/8/2012 12:36:24] 	data/npc/lib/npcsystem/npchandler.lua:523: in function 'onThink'
[10/8/2012 12:36:24] 	data/npc/scripts/game/default.lua:9: in function <data/npc/scripts/game/default.lua:9>

[10/8/2012 12:46:8] [Error - NpcScript Interface] 
[10/8/2012 12:46:8] (Unknown script file)
[10/8/2012 12:46:8] Description: 
[10/8/2012 12:46:8] attempt to call a nil value
[10/8/2012 12:46:8] stack traceback:

[10/8/2012 12:49:33] [Error - NpcScript Interface] 
[10/8/2012 12:49:33] (Unknown script file)
[10/8/2012 12:49:33] Description: 
[10/8/2012 12:49:33] attempt to call a nil value
[10/8/2012 12:49:33] stack traceback:

[10/8/2012 12:50:31] [Error - NpcScript Interface] 
[10/8/2012 12:50:31] (Unknown script file)
[10/8/2012 12:50:31] Description: 
[10/8/2012 12:50:31] attempt to call a nil value
[10/8/2012 12:50:31] stack traceback:
[10/8/2012 12:50:31] 	[C]: in function 'closeShopWindow'
[10/8/2012 12:50:31] 	data/npc/lib/npcsystem/npchandler.lua:225: in function 'releaseFocus'
[10/8/2012 12:50:31] 	data/npc/lib/npcsystem/npchandler.lua:591: in function 'onWalkAway'
[10/8/2012 12:50:31] 	data/npc/lib/npcsystem/npchandler.lua:523: in function 'onThink'
[10/8/2012 12:50:31] 	data/npc/scripts/game/default.lua:9: in function <data/npc/scripts/game/default.lua:9>
[10/8/2012 13:11:4] > Saving server...
[10/8/2012 13:11:10] > SAVE: Complete in 5.74 seconds using binary-tilebased house storage.

[10/8/2012 13:14:46] [Error - NpcScript Interface] 
[10/8/2012 13:14:46] (Unknown script file)
[10/8/2012 13:14:46] Description: 
[10/8/2012 13:14:46] attempt to call a nil value
[10/8/2012 13:14:46] stack traceback:

[10/8/2012 13:28:35] [Error - NpcScript Interface] 
[10/8/2012 13:28:35] (Unknown script file)
[10/8/2012 13:28:35] Description: 
[10/8/2012 13:28:35] attempt to call a nil value
[10/8/2012 13:28:35] stack traceback:
[10/8/2012 13:28:35] 	[C]: in function 'closeShopWindow'
[10/8/2012 13:28:35] 	data/npc/lib/npcsystem/npchandler.lua:225: in function 'releaseFocus'
[10/8/2012 13:28:35] 	data/npc/lib/npcsystem/npchandler.lua:591: in function 'onWalkAway'
[10/8/2012 13:28:35] 	data/npc/lib/npcsystem/npchandler.lua:523: in function 'onThink'
[10/8/2012 13:28:35] 	data/npc/scripts/game/default.lua:9: in function <data/npc/scripts/game/default.lua:9>

[10/8/2012 13:30:31] [Error - MoveEvents Interface] 
[10/8/2012 13:30:31] In a timer event called from: 
[10/8/2012 13:30:31] data/movements/scripts/game/teleport.lua:onStepIn
[10/8/2012 13:30:31] Description: 
[10/8/2012 13:30:31] (luaDoPlayerSendTextMessage) Player not found

[10/8/2012 13:30:31] [Error - MoveEvents Interface] 
[10/8/2012 13:30:31] In a timer event called from: 
[10/8/2012 13:30:31] data/movements/scripts/game/teleport.lua:onStepIn
[10/8/2012 13:30:31] Description: 
[10/8/2012 13:30:31] (luaDoTeleportThing) Thing not found

[10/8/2012 13:30:31] [Error - MoveEvents Interface] 
[10/8/2012 13:30:31] In a timer event called from: 
[10/8/2012 13:30:31] data/movements/scripts/game/teleport.lua:onStepIn
[10/8/2012 13:30:31] Description: 
[10/8/2012 13:30:31] (luaGetThingPosition) Thing not found

[10/8/2012 13:30:31] [Error - MoveEvents Interface] 
[10/8/2012 13:30:31] In a timer event called from: 
[10/8/2012 13:30:31] data/movements/scripts/game/teleport.lua:onStepIn
[10/8/2012 13:30:31] Description: 
[10/8/2012 13:30:31] (luaGetCreatureStorage) Creature not found

[10/8/2012 13:30:31] [Error - MoveEvents Interface] 
[10/8/2012 13:30:31] In a timer event called from: 
[10/8/2012 13:30:31] data/movements/scripts/game/teleport.lua:onStepIn
[10/8/2012 13:30:31] Description: 
[10/8/2012 13:30:31] (luaGetCreatureStorage) Creature not found

[10/8/2012 13:30:31] [Error - MoveEvents Interface] 
[10/8/2012 13:30:31] In a timer event called from: 
[10/8/2012 13:30:31] data/movements/scripts/game/teleport.lua:onStepIn
[10/8/2012 13:30:31] Description: 
[10/8/2012 13:30:31] data/lib/darghos/arena.lua:138: attempt to index field '?' (a nil value)
[10/8/2012 13:30:31] stack traceback:
[10/8/2012 13:30:31] 	data/lib/darghos/arena.lua:138: in function 'onLeave'
[10/8/2012 13:30:31] 	data/lib/darghos/arena.lua:186: in function <data/lib/darghos/arena.lua:181>

[10/8/2012 13:37:26] [Error - NpcScript Interface] 
[10/8/2012 13:37:26] (Unknown script file)
[10/8/2012 13:37:26] Description: 
[10/8/2012 13:37:26] attempt to call a nil value
[10/8/2012 13:37:26] stack traceback:
[10/8/2012 13:37:26] 	[C]: in function 'closeShopWindow'
[10/8/2012 13:37:26] 	data/npc/lib/npcsystem/npchandler.lua:225: in function 'releaseFocus'
[10/8/2012 13:37:26] 	data/npc/lib/npcsystem/npchandler.lua:591: in function 'onWalkAway'
[10/8/2012 13:37:26] 	data/npc/lib/npcsystem/npchandler.lua:523: in function 'onThink'
[10/8/2012 13:37:26] 	data/npc/scripts/game/quendor.postman.lua:8: in function <data/npc/scripts/game/quendor.postman.lua:8>

[10/8/2012 13:43:46] [Error - NpcScript Interface] 
[10/8/2012 13:43:46] (Unknown script file)
[10/8/2012 13:43:46] Description: 
[10/8/2012 13:43:46] attempt to call a nil value
[10/8/2012 13:43:46] stack traceback:

[10/8/2012 13:44:24] [Error - Action Interface] 
[10/8/2012 13:44:24] data/actions/scripts/other/windows.lua:onUse
[10/8/2012 13:44:24] Description: 
[10/8/2012 13:44:24] (luaGetHouseFromPos) Tile not found

[10/8/2012 13:50:29] [Error - NpcScript Interface] 
[10/8/2012 13:50:29] (Unknown script file)
[10/8/2012 13:50:29] Description: 
[10/8/2012 13:50:29] attempt to call a nil value
[10/8/2012 13:50:29] stack traceback:

[10/8/2012 13:51:26] [Error - NpcScript Interface] 
[10/8/2012 13:51:26] (Unknown script file)
[10/8/2012 13:51:26] Description: 
[10/8/2012 13:51:26] attempt to call a nil value
[10/8/2012 13:51:26] stack traceback:

[10/8/2012 13:56:17] [Error - NpcScript Interface] 
[10/8/2012 13:56:17] (Unknown script file)
[10/8/2012 13:56:17] Description: 
[10/8/2012 13:56:17] attempt to call a nil value
[10/8/2012 13:56:17] stack traceback:
[10/8/2012 13:56:17] 	[C]: in function 'closeShopWindow'
[10/8/2012 13:56:17] 	data/npc/lib/npcsystem/npchandler.lua:225: in function 'releaseFocus'
[10/8/2012 13:56:17] 	data/npc/lib/npcsystem/npchandler.lua:591: in function 'onWalkAway'
[10/8/2012 13:56:17] 	data/npc/lib/npcsystem/npchandler.lua:523: in function 'onThink'
[10/8/2012 13:56:17] 	data/npc/scripts/game/oldrak.lua:8: in function <data/npc/scripts/game/oldrak.lua:8>

[10/8/2012 13:56:19] [Error - NpcScript Interface] 
[10/8/2012 13:56:19] (Unknown script file)
[10/8/2012 13:56:19] Description: 
[10/8/2012 13:56:19] attempt to call a nil value
[10/8/2012 13:56:19] stack traceback:

[10/8/2012 13:57:58] [Error - NpcScript Interface] 
[10/8/2012 13:57:58] (Unknown script file)
[10/8/2012 13:57:58] Description: 
[10/8/2012 13:57:58] attempt to call a nil value
[10/8/2012 13:57:58] stack traceback:
[10/8/2012 13:57:58] 	[C]: in function 'closeShopWindow'
[10/8/2012 13:57:58] 	data/npc/lib/npcsystem/npchandler.lua:225: in function 'releaseFocus'
[10/8/2012 13:57:58] 	data/npc/lib/npcsystem/npchandler.lua:591: in function 'onWalkAway'
[10/8/2012 13:57:58] 	data/npc/lib/npcsystem/npchandler.lua:523: in function 'onThink'
[10/8/2012 13:57:58] 	data/npc/scripts/game/default.lua:9: in function <data/npc/scripts/game/default.lua:9>

[10/8/2012 14:6:23] [Error - NpcScript Interface] 
[10/8/2012 14:6:23] (Unknown script file)
[10/8/2012 14:6:23] Description: 
[10/8/2012 14:6:23] attempt to call a nil value
[10/8/2012 14:6:23] stack traceback:
[10/8/2012 14:6:23] 	[C]: in function 'closeShopWindow'
[10/8/2012 14:6:23] 	data/npc/lib/npcsystem/npchandler.lua:225: in function 'releaseFocus'
[10/8/2012 14:6:23] 	data/npc/lib/npcsystem/npchandler.lua:591: in function 'onWalkAway'
[10/8/2012 14:6:23] 	data/npc/lib/npcsystem/npchandler.lua:523: in function 'onThink'
[10/8/2012 14:6:23] 	data/npc/scripts/game/default.lua:9: in function <data/npc/scripts/game/default.lua:9>

[10/8/2012 14:8:58] [Error - NpcScript Interface] 
[10/8/2012 14:8:58] (Unknown script file)
[10/8/2012 14:8:58] Description: 
[10/8/2012 14:8:58] attempt to call a nil value
[10/8/2012 14:8:58] stack traceback:
[10/8/2012 14:8:58] 	[C]: ?

[10/8/2012 14:8:58] [Error - NpcScript Interface] 
[10/8/2012 14:8:58] (Unknown script file)
[10/8/2012 14:8:58] Description: 
[10/8/2012 14:8:58] attempt to call a nil value
[10/8/2012 14:8:58] stack traceback:
[10/8/2012 14:8:58] 	[C]: in function 'closeShopWindow'
[10/8/2012 14:8:58] 	data/npc/lib/npcsystem/npchandler.lua:225: in function 'releaseFocus'
[10/8/2012 14:8:58] 	data/npc/lib/npcsystem/npchandler.lua:591: in function 'onWalkAway'
[10/8/2012 14:8:58] 	data/npc/lib/npcsystem/npchandler.lua:523: in function 'onThink'
[10/8/2012 14:8:58] 	data/npc/scripts/game/default.lua:9: in function <data/npc/scripts/game/default.lua:9>
[10/8/2012 14:11:4] > Saving server...
[10/8/2012 14:11:11] > SAVE: Complete in 6.709 seconds using binary-tilebased house storage.

[10/8/2012 14:11:44] [Error - NpcScript Interface] 
[10/8/2012 14:11:44] (Unknown script file)
[10/8/2012 14:11:44] Description: 
[10/8/2012 14:11:44] attempt to call a nil value
[10/8/2012 14:11:44] stack traceback:
[10/8/2012 14:11:44] 	[C]: in function 'closeShopWindow'
[10/8/2012 14:11:44] 	data/npc/lib/npcsystem/npchandler.lua:225: in function 'releaseFocus'
[10/8/2012 14:11:44] 	data/npc/lib/npcsystem/npchandler.lua:591: in function 'onWalkAway'
[10/8/2012 14:11:44] 	data/npc/lib/npcsystem/npchandler.lua:523: in function 'onThink'
[10/8/2012 14:11:44] 	data/npc/scripts/game/default.lua:9: in function <data/npc/scripts/game/default.lua:9>

[10/8/2012 14:13:14] [Error - NpcScript Interface] 
[10/8/2012 14:13:14] (Unknown script file)
[10/8/2012 14:13:14] Description: 
[10/8/2012 14:13:14] attempt to call a nil value
[10/8/2012 14:13:14] stack traceback:
[10/8/2012 14:13:14] 	[C]: in function 'closeShopWindow'
[10/8/2012 14:13:14] 	data/npc/lib/npcsystem/npchandler.lua:225: in function 'releaseFocus'
[10/8/2012 14:13:14] 	data/npc/lib/npcsystem/npchandler.lua:591: in function 'onWalkAway'
[10/8/2012 14:13:14] 	data/npc/lib/npcsystem/npchandler.lua:523: in function 'onThink'
[10/8/2012 14:13:14] 	data/npc/scripts/game/default.lua:9: in function <data/npc/scripts/game/default.lua:9>

[10/8/2012 14:17:1] [Error - NpcScript Interface] 
[10/8/2012 14:17:1] (Unknown script file)
[10/8/2012 14:17:1] Description: 
[10/8/2012 14:17:1] attempt to call a nil value
[10/8/2012 14:17:1] stack traceback:

[10/8/2012 14:17:56] [Error - NpcScript Interface] 
[10/8/2012 14:17:56] (Unknown script file)
[10/8/2012 14:17:56] Description: 
[10/8/2012 14:17:56] attempt to call a nil value
[10/8/2012 14:17:56] stack traceback:

[10/8/2012 14:18:7] [Error - NpcScript Interface] 
[10/8/2012 14:18:7] (Unknown script file)
[10/8/2012 14:18:7] Description: 
[10/8/2012 14:18:7] attempt to call a nil value
[10/8/2012 14:18:7] stack traceback:
[10/8/2012 14:18:7] 	[C]: in function 'closeShopWindow'
[10/8/2012 14:18:7] 	data/npc/lib/npcsystem/npchandler.lua:225: in function 'releaseFocus'
[10/8/2012 14:18:7] 	data/npc/lib/npcsystem/npchandler.lua:591: in function 'onWalkAway'
[10/8/2012 14:18:7] 	data/npc/lib/npcsystem/npchandler.lua:523: in function 'onThink'
[10/8/2012 14:18:7] 	data/npc/scripts/game/default.lua:9: in function <data/npc/scripts/game/default.lua:9>

[10/8/2012 14:19:18] [Error - NpcScript Interface] 
[10/8/2012 14:19:18] (Unknown script file)
[10/8/2012 14:19:18] Description: 
[10/8/2012 14:19:18] attempt to call a nil value
[10/8/2012 14:19:18] stack traceback:

[10/8/2012 14:26:54] [Error - NpcScript Interface] 
[10/8/2012 14:26:54] (Unknown script file)
[10/8/2012 14:26:54] Description: 
[10/8/2012 14:26:54] attempt to call a nil value
[10/8/2012 14:26:54] stack traceback:
[10/8/2012 14:26:54] 	[C]: in function 'closeShopWindow'
[10/8/2012 14:26:54] 	data/npc/lib/npcsystem/npchandler.lua:225: in function 'releaseFocus'
[10/8/2012 14:26:54] 	data/npc/lib/npcsystem/npchandler.lua:591: in function 'onWalkAway'
[10/8/2012 14:26:54] 	data/npc/lib/npcsystem/npchandler.lua:523: in function 'onThink'
[10/8/2012 14:26:54] 	data/npc/scripts/game/default.lua:9: in function <data/npc/scripts/game/default.lua:9>

[10/8/2012 14:32:52] [Error - NpcScript Interface] 
[10/8/2012 14:32:52] (Unknown script file)
[10/8/2012 14:32:52] Description: 
[10/8/2012 14:32:52] attempt to call a nil value
[10/8/2012 14:32:52] stack traceback:

[10/8/2012 14:34:20] [Error - NpcScript Interface] 
[10/8/2012 14:34:20] (Unknown script file)
[10/8/2012 14:34:20] Description: 
[10/8/2012 14:34:20] attempt to call a nil value
[10/8/2012 14:34:20] stack traceback:
[10/8/2012 14:34:20] 	[C]: in function 'closeShopWindow'
[10/8/2012 14:34:20] 	data/npc/lib/npcsystem/npchandler.lua:225: in function 'releaseFocus'
[10/8/2012 14:34:20] 	data/npc/lib/npcsystem/npchandler.lua:591: in function 'onWalkAway'
[10/8/2012 14:34:20] 	data/npc/lib/npcsystem/npchandler.lua:523: in function 'onThink'
[10/8/2012 14:34:20] 	data/npc/scripts/game/default.lua:9: in function <data/npc/scripts/game/default.lua:9>

[10/8/2012 14:36:0] [Error - NpcScript Interface] 
[10/8/2012 14:36:0] (Unknown script file)
[10/8/2012 14:36:0] Description: 
[10/8/2012 14:36:0] attempt to call a nil value
[10/8/2012 14:36:0] stack traceback:
[10/8/2012 14:36:0] 	[C]: in function 'closeShopWindow'
[10/8/2012 14:36:0] 	data/npc/lib/npcsystem/npchandler.lua:225: in function 'releaseFocus'
[10/8/2012 14:36:0] 	data/npc/lib/npcsystem/npchandler.lua:591: in function 'onWalkAway'
[10/8/2012 14:36:0] 	data/npc/lib/npcsystem/npchandler.lua:523: in function 'onThink'
[10/8/2012 14:36:0] 	data/npc/scripts/game/default.lua:9: in function <data/npc/scripts/game/default.lua:9>

[10/8/2012 14:53:36] [Error - NpcScript Interface] 
[10/8/2012 14:53:36] (Unknown script file)
[10/8/2012 14:53:36] Description: 
[10/8/2012 14:53:36] attempt to call a nil value
[10/8/2012 14:53:36] stack traceback:
[10/8/2012 14:53:36] 	[C]: in function 'closeShopWindow'
[10/8/2012 14:53:36] 	data/npc/lib/npcsystem/npchandler.lua:225: in function 'releaseFocus'
[10/8/2012 14:53:36] 	data/npc/lib/npcsystem/npchandler.lua:591: in function 'onWalkAway'
[10/8/2012 14:53:36] 	data/npc/lib/npcsystem/npchandler.lua:523: in function 'onThink'
[10/8/2012 14:53:36] 	data/npc/scripts/game/default.lua:9: in function <data/npc/scripts/game/default.lua:9>
[10/8/2012 14:55:47] > Broadcasted message: "A terra esta tremendo no cemiterio de Quendor!".
[10/8/2012 14:56:47] > Broadcasted message: "Exercitos de criaturas feitas de ossos marcham para Quendor!".
[10/8/2012 14:57:27] > Broadcasted message: "Quendor está sob ataques!".
[10/8/2012 15:11:4] > Saving server...
[10/8/2012 15:11:11] > SAVE: Complete in 6.945 seconds using binary-tilebased house storage.

[10/8/2012 15:21:9] [Error - NpcScript Interface] 
[10/8/2012 15:21:9] (Unknown script file)
[10/8/2012 15:21:9] Description: 
[10/8/2012 15:21:9] attempt to call a nil value
[10/8/2012 15:21:9] stack traceback:

[10/8/2012 15:55:54] [Error - NpcScript Interface] 
[10/8/2012 15:55:54] (Unknown script file)
[10/8/2012 15:55:54] Description: 
[10/8/2012 15:55:54] attempt to call a nil value
[10/8/2012 15:55:54] stack traceback:
[10/8/2012 15:55:54] 	[C]: in function 'closeShopWindow'
[10/8/2012 15:55:54] 	data/npc/lib/npcsystem/npchandler.lua:225: in function 'releaseFocus'
[10/8/2012 15:55:54] 	data/npc/lib/npcsystem/npchandler.lua:591: in function 'onWalkAway'
[10/8/2012 15:55:54] 	data/npc/lib/npcsystem/npchandler.lua:523: in function 'onThink'
[10/8/2012 15:55:54] 	data/npc/scripts/game/default.lua:9: in function <data/npc/scripts/game/default.lua:9>

[10/8/2012 16:5:39] [Error - NpcScript Interface] 
[10/8/2012 16:5:39] (Unknown script file)
[10/8/2012 16:5:39] Description: 
[10/8/2012 16:5:39] attempt to call a nil value
[10/8/2012 16:5:39] stack traceback:
[10/8/2012 16:5:39] 	[C]: in function 'closeShopWindow'
[10/8/2012 16:5:39] 	data/npc/lib/npcsystem/npchandler.lua:225: in function 'releaseFocus'
[10/8/2012 16:5:39] 	data/npc/lib/npcsystem/npchandler.lua:591: in function 'onWalkAway'
[10/8/2012 16:5:39] 	data/npc/lib/npcsystem/npchandler.lua:523: in function 'onThink'
[10/8/2012 16:5:39] 	data/npc/scripts/game/default.lua:9: in function <data/npc/scripts/game/default.lua:9>

[10/8/2012 16:6:22] [Error - NpcScript Interface] 
[10/8/2012 16:6:22] (Unknown script file)
[10/8/2012 16:6:22] Description: 
[10/8/2012 16:6:22] attempt to call a nil value
[10/8/2012 16:6:22] stack traceback:
[10/8/2012 16:6:22] 	[C]: in function 'closeShopWindow'
[10/8/2012 16:6:22] 	data/npc/lib/npcsystem/npchandler.lua:225: in function 'releaseFocus'
[10/8/2012 16:6:22] 	data/npc/lib/npcsystem/npchandler.lua:591: in function 'onWalkAway'
[10/8/2012 16:6:22] 	data/npc/lib/npcsystem/npchandler.lua:523: in function 'onThink'
[10/8/2012 16:6:22] 	data/npc/scripts/game/default.lua:9: in function <data/npc/scripts/game/default.lua:9>

[10/8/2012 16:8:44] [Error - NpcScript Interface] 
[10/8/2012 16:8:44] (Unknown script file)
[10/8/2012 16:8:44] Description: 
[10/8/2012 16:8:44] attempt to call a nil value
[10/8/2012 16:8:44] stack traceback:
[10/8/2012 16:8:44] 	[C]: in function 'closeShopWindow'
[10/8/2012 16:8:44] 	data/npc/lib/npcsystem/npchandler.lua:225: in function 'releaseFocus'
[10/8/2012 16:8:44] 	data/npc/lib/npcsystem/npchandler.lua:591: in function 'onWalkAway'
[10/8/2012 16:8:44] 	data/npc/lib/npcsystem/npchandler.lua:523: in function 'onThink'
[10/8/2012 16:8:44] 	data/npc/scripts/game/default.lua:9: in function <data/npc/scripts/game/default.lua:9>
[10/8/2012 16:11:4] > Saving server...
[10/8/2012 16:11:12] > SAVE: Complete in 8.249 seconds using binary-tilebased house storage.

[10/8/2012 16:41:30] [Error - NpcScript Interface] 
[10/8/2012 16:41:30] (Unknown script file)
[10/8/2012 16:41:30] Description: 
[10/8/2012 16:41:30] attempt to call a nil value
[10/8/2012 16:41:30] stack traceback:

[10/8/2012 16:53:33] [Error - NpcScript Interface] 
[10/8/2012 16:53:33] (Unknown script file)
[10/8/2012 16:53:33] Description: 
[10/8/2012 16:53:33] attempt to call a nil value
[10/8/2012 16:53:33] stack traceback:
[10/8/2012 16:53:33] 	[C]: in function 'closeShopWindow'
[10/8/2012 16:53:33] 	data/npc/lib/npcsystem/npchandler.lua:225: in function 'releaseFocus'
[10/8/2012 16:53:33] 	data/npc/lib/npcsystem/npchandler.lua:591: in function 'onWalkAway'
[10/8/2012 16:53:33] 	data/npc/lib/npcsystem/npchandler.lua:523: in function 'onThink'
[10/8/2012 16:53:33] 	data/npc/scripts/game/default.lua:9: in function <data/npc/scripts/game/default.lua:9>

[10/8/2012 17:1:33] [Error - NpcScript Interface] 
[10/8/2012 17:1:33] (Unknown script file)
[10/8/2012 17:1:33] Description: 
[10/8/2012 17:1:33] attempt to call a nil value
[10/8/2012 17:1:33] stack traceback:

[10/8/2012 17:2:27] [Error - NpcScript Interface] 
[10/8/2012 17:2:27] (Unknown script file)
[10/8/2012 17:2:27] Description: 
[10/8/2012 17:2:27] attempt to call a nil value
[10/8/2012 17:2:27] stack traceback:
[10/8/2012 17:11:4] > Saving server...
[10/8/2012 17:11:11] > SAVE: Complete in 7.063 seconds using binary-tilebased house storage.
[10/8/2012 17:37:6] [Warning - Protocol::RSA_decrypt] Not valid packet size (IP: 187.32.85.65)

[10/8/2012 17:55:10] [Error - NpcScript Interface] 
[10/8/2012 17:55:10] (Unknown script file)
[10/8/2012 17:55:10] Description: 
[10/8/2012 17:55:10] attempt to call a nil value
[10/8/2012 17:55:10] stack traceback:

[10/8/2012 17:55:37] [Error - NpcScript Interface] 
[10/8/2012 17:55:37] (Unknown script file)
[10/8/2012 17:55:37] Description: 
[10/8/2012 17:55:37] attempt to call a nil value
[10/8/2012 17:55:37] stack traceback:
[10/8/2012 18:11:4] > Saving server...
[10/8/2012 18:11:11] > SAVE: Complete in 6.887 seconds using binary-tilebased house storage.

[10/8/2012 18:18:0] [Error - NpcScript Interface] 
[10/8/2012 18:18:0] (Unknown script file)
[10/8/2012 18:18:0] Description: 
[10/8/2012 18:18:0] attempt to call a nil value
[10/8/2012 18:18:0] stack traceback:

[10/8/2012 18:23:3] [Error - NpcScript Interface] 
[10/8/2012 18:23:3] (Unknown script file)
[10/8/2012 18:23:3] Description: 
[10/8/2012 18:23:3] attempt to call a nil value
[10/8/2012 18:23:3] stack traceback:
[10/8/2012 18:23:3] 	[C]: in function 'closeShopWindow'
[10/8/2012 18:23:3] 	data/npc/lib/npcsystem/npchandler.lua:225: in function 'releaseFocus'
[10/8/2012 18:23:3] 	data/npc/lib/npcsystem/npchandler.lua:591: in function 'onWalkAway'
[10/8/2012 18:23:3] 	data/npc/lib/npcsystem/npchandler.lua:523: in function 'onThink'
[10/8/2012 18:23:3] 	data/npc/scripts/game/default.lua:9: in function <data/npc/scripts/game/default.lua:9>

[10/8/2012 18:27:27] [Error - NpcScript Interface] 
[10/8/2012 18:27:27] (Unknown script file)
[10/8/2012 18:27:27] Description: 
[10/8/2012 18:27:27] attempt to call a nil value
[10/8/2012 18:27:27] stack traceback:
[10/8/2012 18:27:27] 	[C]: in function 'closeShopWindow'
[10/8/2012 18:27:27] 	data/npc/lib/npcsystem/npchandler.lua:225: in function 'releaseFocus'
[10/8/2012 18:27:27] 	data/npc/lib/npcsystem/npchandler.lua:591: in function 'onWalkAway'
[10/8/2012 18:27:27] 	data/npc/lib/npcsystem/npchandler.lua:523: in function 'onThink'
[10/8/2012 18:27:27] 	data/npc/scripts/game/rashid.lua:9: in function <data/npc/scripts/game/rashid.lua:9>

[10/8/2012 18:35:48] [Error - NpcScript Interface] 
[10/8/2012 18:35:48] (Unknown script file)
[10/8/2012 18:35:48] Description: 
[10/8/2012 18:35:48] attempt to call a nil value
[10/8/2012 18:35:48] stack traceback:
[10/8/2012 18:35:48] 	[C]: in function 'closeShopWindow'
[10/8/2012 18:35:48] 	data/npc/lib/npcsystem/npchandler.lua:225: in function 'releaseFocus'
[10/8/2012 18:35:48] 	data/npc/lib/npcsystem/npchandler.lua:363: in function 'unGreet'
[10/8/2012 18:35:48] 	data/npc/lib/npcsystem/npchandler.lua:576: in function 'onFarewell'
[10/8/2012 18:35:48] 	data/npc/lib/npcsystem/modules.lua:251: in function 'callback'
[10/8/2012 18:35:48] 	data/npc/lib/npcsystem/keywordhandler.lua:41: in function 'processMessage'
[10/8/2012 18:35:48] 	data/npc/lib/npcsystem/keywordhandler.lua:181: in function 'processNodeMessage'
[10/8/2012 18:35:48] 	data/npc/lib/npcsystem/keywordhandler.lua:140: in function 'processMessage'
[10/8/2012 18:35:48] 	data/npc/lib/npcsystem/npchandler.lua:423: in function 'onCreatureSay'
[10/8/2012 18:35:48] 	data/npc/scripts/game/quendor.postman.lua:7: in function <data/npc/scripts/game/quendor.postman.lua:7>

[10/8/2012 18:46:17] [Error - NpcScript Interface] 
[10/8/2012 18:46:17] (Unknown script file)
[10/8/2012 18:46:17] Description: 
[10/8/2012 18:46:17] attempt to call a nil value
[10/8/2012 18:46:17] stack traceback:

[10/8/2012 18:46:41] [Error - NpcScript Interface] 
[10/8/2012 18:46:41] (Unknown script file)
[10/8/2012 18:46:41] Description: 
[10/8/2012 18:46:41] attempt to call a nil value
[10/8/2012 18:46:41] stack traceback:

[10/8/2012 18:58:43] [Error - NpcScript Interface] 
[10/8/2012 18:58:43] (Unknown script file)
[10/8/2012 18:58:43] Description: 
[10/8/2012 18:58:43] attempt to call a nil value
[10/8/2012 18:58:43] stack traceback:
[10/8/2012 18:58:43] 	[C]: in function 'closeShopWindow'
[10/8/2012 18:58:43] 	data/npc/lib/npcsystem/npchandler.lua:225: in function 'releaseFocus'
[10/8/2012 18:58:43] 	data/npc/lib/npcsystem/npchandler.lua:591: in function 'onWalkAway'
[10/8/2012 18:58:43] 	data/npc/lib/npcsystem/npchandler.lua:523: in function 'onThink'
[10/8/2012 18:58:43] 	data/npc/scripts/game/default.lua:9: in function <data/npc/scripts/game/default.lua:9>

[10/8/2012 19:2:24] [Error - NpcScript Interface] 
[10/8/2012 19:2:24] (Unknown script file)
[10/8/2012 19:2:24] Description: 
[10/8/2012 19:2:24] attempt to call a nil value
[10/8/2012 19:2:24] stack traceback:

[10/8/2012 19:9:58] [Error - NpcScript Interface] 
[10/8/2012 19:9:58] (Unknown script file)
[10/8/2012 19:9:58] Description: 
[10/8/2012 19:9:58] attempt to call a nil value
[10/8/2012 19:9:58] stack traceback:
[10/8/2012 19:9:58] 	[C]: in function 'closeShopWindow'
[10/8/2012 19:9:58] 	data/npc/lib/npcsystem/npchandler.lua:225: in function 'releaseFocus'
[10/8/2012 19:9:58] 	data/npc/lib/npcsystem/npchandler.lua:591: in function 'onWalkAway'
[10/8/2012 19:9:58] 	data/npc/lib/npcsystem/npchandler.lua:523: in function 'onThink'
[10/8/2012 19:9:58] 	data/npc/scripts/game/blacksmith.lua:9: in function <data/npc/scripts/game/blacksmith.lua:9>

[10/8/2012 19:10:44] [Error - NpcScript Interface] 
[10/8/2012 19:10:44] (Unknown script file)
[10/8/2012 19:10:44] Description: 
[10/8/2012 19:10:44] attempt to call a nil value
[10/8/2012 19:10:44] stack traceback:
[10/8/2012 19:11:4] > Saving server...
[10/8/2012 19:11:10] > SAVE: Complete in 6.401 seconds using binary-tilebased house storage.

[10/8/2012 19:11:53] [Error - NpcScript Interface] 
[10/8/2012 19:11:53] (Unknown script file)
[10/8/2012 19:11:53] Description: 
[10/8/2012 19:11:53] attempt to call a nil value
[10/8/2012 19:11:53] stack traceback:
[10/8/2012 19:11:53] 	[C]: in function 'closeShopWindow'
[10/8/2012 19:11:53] 	data/npc/lib/npcsystem/npchandler.lua:225: in function 'releaseFocus'
[10/8/2012 19:11:53] 	data/npc/lib/npcsystem/npchandler.lua:591: in function 'onWalkAway'
[10/8/2012 19:11:53] 	data/npc/lib/npcsystem/npchandler.lua:523: in function 'onThink'
[10/8/2012 19:11:53] 	data/npc/scripts/game/default.lua:9: in function <data/npc/scripts/game/default.lua:9>

[10/8/2012 19:19:38] [Error - NpcScript Interface] 
[10/8/2012 19:19:38] (Unknown script file)
[10/8/2012 19:19:38] Description: 
[10/8/2012 19:19:38] attempt to call a nil value
[10/8/2012 19:19:38] stack traceback:
[10/8/2012 19:19:38] 	[C]: in function 'closeShopWindow'
[10/8/2012 19:19:38] 	data/npc/lib/npcsystem/npchandler.lua:225: in function 'releaseFocus'
[10/8/2012 19:19:38] 	data/npc/lib/npcsystem/npchandler.lua:591: in function 'onWalkAway'
[10/8/2012 19:19:38] 	data/npc/lib/npcsystem/npchandler.lua:523: in function 'onThink'
[10/8/2012 19:19:38] 	data/npc/scripts/game/default.lua:9: in function <data/npc/scripts/game/default.lua:9>

[10/8/2012 19:21:34] [Error - NpcScript Interface] 
[10/8/2012 19:21:34] (Unknown script file)
[10/8/2012 19:21:34] Description: 
[10/8/2012 19:21:34] attempt to call a nil value
[10/8/2012 19:21:34] stack traceback:
[10/8/2012 19:21:34] 	[C]: in function 'closeShopWindow'
[10/8/2012 19:21:34] 	data/npc/lib/npcsystem/npchandler.lua:225: in function 'releaseFocus'
[10/8/2012 19:21:34] 	data/npc/lib/npcsystem/npchandler.lua:591: in function 'onWalkAway'
[10/8/2012 19:21:34] 	data/npc/lib/npcsystem/npchandler.lua:523: in function 'onThink'
[10/8/2012 19:21:34] 	data/npc/scripts/game/default.lua:9: in function <data/npc/scripts/game/default.lua:9>

[10/8/2012 19:21:46] [Error - NpcScript Interface] 
[10/8/2012 19:21:46] (Unknown script file)
[10/8/2012 19:21:46] Description: 
[10/8/2012 19:21:46] attempt to call a nil value
[10/8/2012 19:21:46] stack traceback:
[10/8/2012 19:21:46] 	[C]: in function 'closeShopWindow'
[10/8/2012 19:21:46] 	data/npc/lib/npcsystem/npchandler.lua:225: in function 'releaseFocus'
[10/8/2012 19:21:46] 	data/npc/lib/npcsystem/npchandler.lua:591: in function 'onWalkAway'
[10/8/2012 19:21:46] 	data/npc/lib/npcsystem/npchandler.lua:523: in function 'onThink'
[10/8/2012 19:21:46] 	data/npc/scripts/game/default.lua:9: in function <data/npc/scripts/game/default.lua:9>

[10/8/2012 19:22:45] [Error - MoveEvents Interface] 
[10/8/2012 19:22:45] In a timer event called from: 
[10/8/2012 19:22:45] data/movements/scripts/game/teleport.lua:onStepIn
[10/8/2012 19:22:45] Description: 
[10/8/2012 19:22:45] (luaDoPlayerSendTextMessage) Player not found

[10/8/2012 19:22:45] [Error - MoveEvents Interface] 
[10/8/2012 19:22:45] In a timer event called from: 
[10/8/2012 19:22:45] data/movements/scripts/game/teleport.lua:onStepIn
[10/8/2012 19:22:45] Description: 
[10/8/2012 19:22:45] (luaDoTeleportThing) Thing not found

[10/8/2012 19:22:45] [Error - MoveEvents Interface] 
[10/8/2012 19:22:45] In a timer event called from: 
[10/8/2012 19:22:45] data/movements/scripts/game/teleport.lua:onStepIn
[10/8/2012 19:22:45] Description: 
[10/8/2012 19:22:45] (luaGetThingPosition) Thing not found

[10/8/2012 19:22:45] [Error - MoveEvents Interface] 
[10/8/2012 19:22:45] In a timer event called from: 
[10/8/2012 19:22:45] data/movements/scripts/game/teleport.lua:onStepIn
[10/8/2012 19:22:45] Description: 
[10/8/2012 19:22:45] (luaGetCreatureStorage) Creature not found

[10/8/2012 19:22:45] [Error - MoveEvents Interface] 
[10/8/2012 19:22:45] In a timer event called from: 
[10/8/2012 19:22:45] data/movements/scripts/game/teleport.lua:onStepIn
[10/8/2012 19:22:45] Description: 
[10/8/2012 19:22:45] (luaGetCreatureStorage) Creature not found

[10/8/2012 19:22:45] [Error - MoveEvents Interface] 
[10/8/2012 19:22:45] In a timer event called from: 
[10/8/2012 19:22:45] data/movements/scripts/game/teleport.lua:onStepIn
[10/8/2012 19:22:45] Description: 
[10/8/2012 19:22:45] data/lib/darghos/arena.lua:138: attempt to index field '?' (a nil value)
[10/8/2012 19:22:45] stack traceback:
[10/8/2012 19:22:45] 	data/lib/darghos/arena.lua:138: in function 'onLeave'
[10/8/2012 19:22:45] 	data/lib/darghos/arena.lua:186: in function <data/lib/darghos/arena.lua:181>
[10/8/2012 19:30:9] [Warning - Protocol::RSA_decrypt] Not valid packet size (IP: 186.203.130.42)

[10/8/2012 19:52:43] [Error - NpcScript Interface] 
[10/8/2012 19:52:43] (Unknown script file)
[10/8/2012 19:52:43] Description: 
[10/8/2012 19:52:43] attempt to call a nil value
[10/8/2012 19:52:43] stack traceback:
[10/8/2012 19:52:43] 	[C]: in function 'closeShopWindow'
[10/8/2012 19:52:43] 	data/npc/lib/npcsystem/npchandler.lua:225: in function 'releaseFocus'
[10/8/2012 19:52:43] 	data/npc/lib/npcsystem/npchandler.lua:363: in function 'unGreet'
[10/8/2012 19:52:43] 	data/npc/lib/npcsystem/npchandler.lua:576: in function 'onFarewell'
[10/8/2012 19:52:43] 	data/npc/lib/npcsystem/modules.lua:251: in function 'callback'
[10/8/2012 19:52:43] 	data/npc/lib/npcsystem/keywordhandler.lua:41: in function 'processMessage'
[10/8/2012 19:52:43] 	data/npc/lib/npcsystem/keywordhandler.lua:181: in function 'processNodeMessage'
[10/8/2012 19:52:43] 	data/npc/lib/npcsystem/keywordhandler.lua:140: in function 'processMessage'
[10/8/2012 19:52:43] 	data/npc/lib/npcsystem/npchandler.lua:423: in function 'onCreatureSay'
[10/8/2012 19:52:43] 	data/npc/scripts/game/default.lua:8: in function <data/npc/scripts/game/default.lua:8>

[10/8/2012 19:55:23] [Error - NpcScript Interface] 
[10/8/2012 19:55:23] (Unknown script file)
[10/8/2012 19:55:23] Description: 
[10/8/2012 19:55:23] attempt to call a nil value
[10/8/2012 19:55:23] stack traceback:
[10/8/2012 20:11:4] > Saving server...
[10/8/2012 20:11:11] > SAVE: Complete in 6.771 seconds using binary-tilebased house storage.

[10/8/2012 20:39:12] [Error - NpcScript Interface] 
[10/8/2012 20:39:12] (Unknown script file)
[10/8/2012 20:39:12] Description: 
[10/8/2012 20:39:12] attempt to call a nil value
[10/8/2012 20:39:12] stack traceback:
[10/8/2012 20:39:12] 	[C]: in function 'closeShopWindow'
[10/8/2012 20:39:12] 	data/npc/lib/npcsystem/npchandler.lua:225: in function 'releaseFocus'
[10/8/2012 20:39:12] 	data/npc/lib/npcsystem/npchandler.lua:591: in function 'onWalkAway'
[10/8/2012 20:39:12] 	data/npc/lib/npcsystem/npchandler.lua:523: in function 'onThink'
[10/8/2012 20:39:12] 	data/npc/scripts/game/default.lua:9: in function <data/npc/scripts/game/default.lua:9>

[10/8/2012 20:40:40] [Error - NpcScript Interface] 
[10/8/2012 20:40:40] (Unknown script file)
[10/8/2012 20:40:40] Description: 
[10/8/2012 20:40:40] attempt to call a nil value
[10/8/2012 20:40:40] stack traceback:
[10/8/2012 20:40:40] 	[C]: in function 'closeShopWindow'
[10/8/2012 20:40:40] 	data/npc/lib/npcsystem/npchandler.lua:225: in function 'releaseFocus'
[10/8/2012 20:40:40] 	data/npc/lib/npcsystem/npchandler.lua:591: in function 'onWalkAway'
[10/8/2012 20:40:40] 	data/npc/lib/npcsystem/npchandler.lua:523: in function 'onThink'
[10/8/2012 20:40:40] 	data/npc/scripts/game/blacksmith.lua:9: in function <data/npc/scripts/game/blacksmith.lua:9>

[10/8/2012 20:42:43] [Error - NpcScript Interface] 
[10/8/2012 20:42:43] (Unknown script file)
[10/8/2012 20:42:43] Description: 
[10/8/2012 20:42:43] attempt to call a nil value
[10/8/2012 20:42:43] stack traceback:

[10/8/2012 20:55:35] [Error - NpcScript Interface] 
[10/8/2012 20:55:35] (Unknown script file)
[10/8/2012 20:55:35] Description: 
[10/8/2012 20:55:35] attempt to call a nil value
[10/8/2012 20:55:35] stack traceback:

[10/8/2012 20:59:43] [Error - Action Interface] 
[10/8/2012 20:59:43] data/actions/scripts/tools/rope.lua:onUse
[10/8/2012 20:59:43] Description: 
[10/8/2012 20:59:43] (luaGetThingFromPos) Tile not found

[10/8/2012 21:2:45] [Error - NpcScript Interface] 
[10/8/2012 21:2:45] (Unknown script file)
[10/8/2012 21:2:45] Description: 
[10/8/2012 21:2:45] attempt to call a nil value
[10/8/2012 21:2:45] stack traceback:

[10/8/2012 21:2:47] [Error - NpcScript Interface] 
[10/8/2012 21:2:47] (Unknown script file)
[10/8/2012 21:2:47] Description: 
[10/8/2012 21:2:47] attempt to call a nil value
[10/8/2012 21:2:47] stack traceback:
[10/8/2012 21:11:4] > Saving server...
[10/8/2012 21:11:11] > SAVE: Complete in 7.415 seconds using binary-tilebased house storage.

[10/8/2012 21:11:22] [Error - NpcScript Interface] 
[10/8/2012 21:11:22] (Unknown script file)
[10/8/2012 21:11:22] Description: 
[10/8/2012 21:11:22] attempt to call a nil value
[10/8/2012 21:11:22] stack traceback:
[10/8/2012 21:11:22] 	[C]: in function 'closeShopWindow'
[10/8/2012 21:11:22] 	data/npc/lib/npcsystem/npchandler.lua:225: in function 'releaseFocus'
[10/8/2012 21:11:22] 	data/npc/lib/npcsystem/npchandler.lua:591: in function 'onWalkAway'
[10/8/2012 21:11:22] 	data/npc/lib/npcsystem/npchandler.lua:523: in function 'onThink'
[10/8/2012 21:11:22] 	data/npc/scripts/game/default.lua:9: in function <data/npc/scripts/game/default.lua:9>

[10/8/2012 21:17:17] [Error - NpcScript Interface] 
[10/8/2012 21:17:17] (Unknown script file)
[10/8/2012 21:17:17] Description: 
[10/8/2012 21:17:17] attempt to call a nil value
[10/8/2012 21:17:17] stack traceback:
[10/8/2012 21:17:17] 	[C]: in function 'closeShopWindow'
[10/8/2012 21:17:17] 	data/npc/lib/npcsystem/npchandler.lua:225: in function 'releaseFocus'
[10/8/2012 21:17:17] 	data/npc/lib/npcsystem/npchandler.lua:591: in function 'onWalkAway'
[10/8/2012 21:17:17] 	data/npc/lib/npcsystem/npchandler.lua:523: in function 'onThink'
[10/8/2012 21:17:17] 	data/npc/scripts/game/default.lua:9: in function <data/npc/scripts/game/default.lua:9>

[10/8/2012 21:23:29] [Error - NpcScript Interface] 
[10/8/2012 21:23:29] (Unknown script file)
[10/8/2012 21:23:29] Description: 
[10/8/2012 21:23:29] attempt to call a nil value
[10/8/2012 21:23:29] stack traceback:
[10/8/2012 21:23:29] 	[C]: in function 'closeShopWindow'
[10/8/2012 21:23:29] 	data/npc/lib/npcsystem/npchandler.lua:225: in function 'releaseFocus'
[10/8/2012 21:23:29] 	data/npc/lib/npcsystem/npchandler.lua:591: in function 'onWalkAway'
[10/8/2012 21:23:29] 	data/npc/lib/npcsystem/npchandler.lua:523: in function 'onThink'
[10/8/2012 21:23:29] 	data/npc/scripts/game/rashid.lua:9: in function <data/npc/scripts/game/rashid.lua:9>
[10/8/2012 21:30:29] [Warning - Protocol::RSA_decrypt] Not valid packet size (IP: 177.147.75.96)

[10/8/2012 21:44:12] [Error - Action Interface] 
[10/8/2012 21:44:12] data/actions/scripts/tools/pick.lua:onUse
[10/8/2012 21:44:12] Description: 
[10/8/2012 21:44:12] (luaGetThingFromPos) Tile not found

[10/8/2012 21:59:43] [Error - NpcScript Interface] 
[10/8/2012 21:59:43] (Unknown script file)
[10/8/2012 21:59:43] Description: 
[10/8/2012 21:59:43] attempt to call a nil value
[10/8/2012 21:59:43] stack traceback:
[10/8/2012 22:11:4] > Saving server...
[10/8/2012 22:11:10] > SAVE: Complete in 5.86 seconds using binary-tilebased house storage.

[10/8/2012 22:19:10] [Error - NpcScript Interface] 
[10/8/2012 22:19:10] (Unknown script file)
[10/8/2012 22:19:10] Description: 
[10/8/2012 22:19:10] attempt to call a nil value
[10/8/2012 22:19:10] stack traceback:

[10/8/2012 22:19:19] [Error - NpcScript Interface] 
[10/8/2012 22:19:19] (Unknown script file)
[10/8/2012 22:19:19] Description: 
[10/8/2012 22:19:19] attempt to call a nil value
[10/8/2012 22:19:19] stack traceback:
[10/8/2012 22:19:19] 	[C]: in function 'closeShopWindow'
[10/8/2012 22:19:19] 	data/npc/lib/npcsystem/npchandler.lua:225: in function 'releaseFocus'
[10/8/2012 22:19:19] 	data/npc/lib/npcsystem/npchandler.lua:591: in function 'onWalkAway'
[10/8/2012 22:19:19] 	data/npc/lib/npcsystem/npchandler.lua:523: in function 'onThink'
[10/8/2012 22:19:19] 	data/npc/scripts/game/default.lua:9: in function <data/npc/scripts/game/default.lua:9>

[10/8/2012 22:22:37] [Error - NpcScript Interface] 
[10/8/2012 22:22:37] (Unknown script file)
[10/8/2012 22:22:37] Description: 
[10/8/2012 22:22:37] attempt to call a nil value
[10/8/2012 22:22:37] stack traceback:
[10/8/2012 22:22:37] 	[C]: in function 'closeShopWindow'
[10/8/2012 22:22:37] 	data/npc/lib/npcsystem/npchandler.lua:225: in function 'releaseFocus'
[10/8/2012 22:22:37] 	data/npc/lib/npcsystem/npchandler.lua:591: in function 'onWalkAway'
[10/8/2012 22:22:37] 	data/npc/lib/npcsystem/npchandler.lua:523: in function 'onThink'
[10/8/2012 22:22:37] 	data/npc/scripts/game/default.lua:9: in function <data/npc/scripts/game/default.lua:9>

[10/8/2012 22:31:46] [Error - NpcScript Interface] 
[10/8/2012 22:31:46] (Unknown script file)
[10/8/2012 22:31:46] Description: 
[10/8/2012 22:31:46] attempt to call a nil value
[10/8/2012 22:31:46] stack traceback:
[10/8/2012 22:31:46] 	[C]: in function 'closeShopWindow'
[10/8/2012 22:31:46] 	data/npc/lib/npcsystem/npchandler.lua:225: in function 'releaseFocus'
[10/8/2012 22:31:46] 	data/npc/lib/npcsystem/npchandler.lua:591: in function 'onWalkAway'
[10/8/2012 22:31:46] 	data/npc/lib/npcsystem/npchandler.lua:523: in function 'onThink'
[10/8/2012 22:31:46] 	data/npc/scripts/game/default.lua:9: in function <data/npc/scripts/game/default.lua:9>

[10/8/2012 22:35:30] [Error - NpcScript Interface] 
[10/8/2012 22:35:30] (Unknown script file)
[10/8/2012 22:35:30] Description: 
[10/8/2012 22:35:30] attempt to call a nil value
[10/8/2012 22:35:30] stack traceback:
[10/8/2012 22:35:30] 	[C]: in function 'closeShopWindow'
[10/8/2012 22:35:30] 	data/npc/lib/npcsystem/npchandler.lua:225: in function 'releaseFocus'
[10/8/2012 22:35:30] 	data/npc/lib/npcsystem/npchandler.lua:591: in function 'onWalkAway'
[10/8/2012 22:35:30] 	data/npc/lib/npcsystem/npchandler.lua:523: in function 'onThink'
[10/8/2012 22:35:30] 	data/npc/scripts/game/default.lua:9: in function <data/npc/scripts/game/default.lua:9>

[10/8/2012 22:57:14] [Error - NpcScript Interface] 
[10/8/2012 22:57:14] (Unknown script file)
[10/8/2012 22:57:14] Description: 
[10/8/2012 22:57:14] attempt to call a nil value
[10/8/2012 22:57:14] stack traceback:
[10/8/2012 22:57:14] 	[C]: in function 'closeShopWindow'
[10/8/2012 22:57:14] 	data/npc/lib/npcsystem/npchandler.lua:225: in function 'releaseFocus'
[10/8/2012 22:57:14] 	data/npc/lib/npcsystem/npchandler.lua:363: in function 'unGreet'
[10/8/2012 22:57:14] 	data/npc/lib/npcsystem/npchandler.lua:576: in function 'onFarewell'
[10/8/2012 22:57:14] 	data/npc/lib/npcsystem/modules.lua:251: in function 'callback'
[10/8/2012 22:57:14] 	data/npc/lib/npcsystem/keywordhandler.lua:41: in function 'processMessage'
[10/8/2012 22:57:14] 	data/npc/lib/npcsystem/keywordhandler.lua:181: in function 'processNodeMessage'
[10/8/2012 22:57:14] 	data/npc/lib/npcsystem/keywordhandler.lua:140: in function 'processMessage'
[10/8/2012 22:57:14] 	data/npc/lib/npcsystem/npchandler.lua:423: in function 'onCreatureSay'
[10/8/2012 22:57:14] 	data/npc/scripts/game/default.lua:8: in function <data/npc/scripts/game/default.lua:8>

[10/8/2012 22:58:28] [Error - NpcScript Interface] 
[10/8/2012 22:58:28] (Unknown script file)
[10/8/2012 22:58:28] Description: 
[10/8/2012 22:58:28] attempt to call a nil value
[10/8/2012 22:58:28] stack traceback:
[10/8/2012 22:58:28] 	[C]: in function 'closeShopWindow'
[10/8/2012 22:58:28] 	data/npc/lib/npcsystem/npchandler.lua:225: in function 'releaseFocus'
[10/8/2012 22:58:28] 	data/npc/lib/npcsystem/npchandler.lua:591: in function 'onWalkAway'
[10/8/2012 22:58:28] 	data/npc/lib/npcsystem/npchandler.lua:523: in function 'onThink'
[10/8/2012 22:58:28] 	data/npc/scripts/game/default.lua:9: in function <data/npc/scripts/game/default.lua:9>

[10/8/2012 22:59:36] [Error - NpcScript Interface] 
[10/8/2012 22:59:36] (Unknown script file)
[10/8/2012 22:59:36] Description: 
[10/8/2012 22:59:36] attempt to call a nil value
[10/8/2012 22:59:36] stack traceback:
[10/8/2012 22:59:36] 	[C]: in function 'closeShopWindow'
[10/8/2012 22:59:36] 	data/npc/lib/npcsystem/npchandler.lua:225: in function 'releaseFocus'
[10/8/2012 22:59:36] 	data/npc/lib/npcsystem/npchandler.lua:591: in function 'onWalkAway'
[10/8/2012 22:59:36] 	data/npc/lib/npcsystem/npchandler.lua:523: in function 'onThink'
[10/8/2012 22:59:36] 	data/npc/scripts/game/default.lua:9: in function <data/npc/scripts/game/default.lua:9>

[10/8/2012 23:5:0] [Error - NpcScript Interface] 
[10/8/2012 23:5:0] (Unknown script file)
[10/8/2012 23:5:0] Description: 
[10/8/2012 23:5:0] attempt to call a nil value
[10/8/2012 23:5:0] stack traceback:

[10/8/2012 23:5:41] [Error - NpcScript Interface] 
[10/8/2012 23:5:41] (Unknown script file)
[10/8/2012 23:5:41] Description: 
[10/8/2012 23:5:41] attempt to call a nil value
[10/8/2012 23:5:41] stack traceback:
[10/8/2012 23:5:41] 	[C]: in function 'closeShopWindow'
[10/8/2012 23:5:41] 	data/npc/lib/npcsystem/npchandler.lua:225: in function 'releaseFocus'
[10/8/2012 23:5:41] 	data/npc/lib/npcsystem/npchandler.lua:591: in function 'onWalkAway'
[10/8/2012 23:5:41] 	data/npc/lib/npcsystem/npchandler.lua:523: in function 'onThink'
[10/8/2012 23:5:41] 	data/npc/scripts/game/default.lua:9: in function <data/npc/scripts/game/default.lua:9>

[10/8/2012 23:5:42] [Error - NpcScript Interface] 
[10/8/2012 23:5:42] (Unknown script file)
[10/8/2012 23:5:42] Description: 
[10/8/2012 23:5:42] attempt to call a nil value
[10/8/2012 23:5:42] stack traceback:
[10/8/2012 23:5:42] 	[C]: in function 'closeShopWindow'
[10/8/2012 23:5:42] 	data/npc/lib/npcsystem/npchandler.lua:225: in function 'releaseFocus'
[10/8/2012 23:5:42] 	data/npc/lib/npcsystem/npchandler.lua:591: in function 'onWalkAway'
[10/8/2012 23:5:42] 	data/npc/lib/npcsystem/npchandler.lua:523: in function 'onThink'
[10/8/2012 23:5:42] 	data/npc/scripts/game/default.lua:9: in function <data/npc/scripts/game/default.lua:9>

[10/8/2012 23:8:2] [Error - NpcScript Interface] 
[10/8/2012 23:8:2] (Unknown script file)
[10/8/2012 23:8:2] Description: 
[10/8/2012 23:8:2] attempt to call a nil value
[10/8/2012 23:8:2] stack traceback:
[10/8/2012 23:8:2] 	[C]: in function 'closeShopWindow'
[10/8/2012 23:8:2] 	data/npc/lib/npcsystem/npchandler.lua:225: in function 'releaseFocus'
[10/8/2012 23:8:2] 	data/npc/lib/npcsystem/npchandler.lua:591: in function 'onWalkAway'
[10/8/2012 23:8:2] 	data/npc/lib/npcsystem/npchandler.lua:523: in function 'onThink'
[10/8/2012 23:8:2] 	data/npc/scripts/game/default.lua:9: in function <data/npc/scripts/game/default.lua:9>
[10/8/2012 23:11:4] > Saving server...
[10/8/2012 23:11:10] > SAVE: Complete in 6.355 seconds using binary-tilebased house storage.

[10/8/2012 23:19:23] [Error - NpcScript Interface] 
[10/8/2012 23:19:23] (Unknown script file)
[10/8/2012 23:19:23] Description: 
[10/8/2012 23:19:23] attempt to call a nil value
[10/8/2012 23:19:23] stack traceback:

[10/8/2012 23:31:49] [Error - NpcScript Interface] 
[10/8/2012 23:31:49] (Unknown script file)
[10/8/2012 23:31:49] Description: 
[10/8/2012 23:31:49] attempt to call a nil value
[10/8/2012 23:31:49] stack traceback:
[10/8/2012 23:31:49] 	[C]: in function 'closeShopWindow'
[10/8/2012 23:31:49] 	data/npc/lib/npcsystem/npchandler.lua:225: in function 'releaseFocus'
[10/8/2012 23:31:49] 	data/npc/lib/npcsystem/npchandler.lua:591: in function 'onWalkAway'
[10/8/2012 23:31:49] 	data/npc/lib/npcsystem/npchandler.lua:523: in function 'onThink'
[10/8/2012 23:31:49] 	data/npc/scripts/game/default.lua:9: in function <data/npc/scripts/game/default.lua:9>

[10/8/2012 23:36:25] [Error - NpcScript Interface] 
[10/8/2012 23:36:25] (Unknown script file)
[10/8/2012 23:36:25] Description: 
[10/8/2012 23:36:25] attempt to call a nil value
[10/8/2012 23:36:25] stack traceback:

[10/8/2012 23:49:51] [Error - Spell Interface] 
[10/8/2012 23:49:51] data/spells/scripts/support/destroy_field_rune.lua:onCastSpell
[10/8/2012 23:49:51] Description: 
[10/8/2012 23:49:51] (luaDoRemoveItem) Item not found

[11/8/2012 0:9:46] [Error - NpcScript Interface] 
[11/8/2012 0:9:46] (Unknown script file)
[11/8/2012 0:9:46] Description: 
[11/8/2012 0:9:46] attempt to call a nil value
[11/8/2012 0:9:46] stack traceback:
[11/8/2012 0:11:4] > Saving server...
[11/8/2012 0:11:11] > SAVE: Complete in 6.785 seconds using binary-tilebased house storage.

[11/8/2012 0:13:11] [Error - NpcScript Interface] 
[11/8/2012 0:13:11] (Unknown script file)
[11/8/2012 0:13:11] Description: 
[11/8/2012 0:13:11] attempt to call a nil value
[11/8/2012 0:13:11] stack traceback:
[11/8/2012 0:13:11] 	[C]: in function 'closeShopWindow'
[11/8/2012 0:13:11] 	data/npc/lib/npcsystem/npchandler.lua:225: in function 'releaseFocus'
[11/8/2012 0:13:11] 	data/npc/lib/npcsystem/npchandler.lua:591: in function 'onWalkAway'
[11/8/2012 0:13:11] 	data/npc/lib/npcsystem/npchandler.lua:523: in function 'onThink'
[11/8/2012 0:13:11] 	data/npc/scripts/game/rashid.lua:9: in function <data/npc/scripts/game/rashid.lua:9>

[11/8/2012 0:16:39] [Error - NpcScript Interface] 
[11/8/2012 0:16:39] (Unknown script file)
[11/8/2012 0:16:39] Description: 
[11/8/2012 0:16:39] attempt to call a nil value
[11/8/2012 0:16:39] stack traceback:

[11/8/2012 0:23:9] [Error - NpcScript Interface] 
[11/8/2012 0:23:9] In a timer event called from: 
[11/8/2012 0:23:9] data/npc/scripts/game/default.lua:onCreatureSay
[11/8/2012 0:23:9] Description: 
[11/8/2012 0:23:9] (luaOpenShopWindow) Creature not found

[11/8/2012 0:27:43] [Error - NpcScript Interface] 
[11/8/2012 0:27:43] (Unknown script file)
[11/8/2012 0:27:43] Description: 
[11/8/2012 0:27:43] attempt to call a nil value
[11/8/2012 0:27:43] stack traceback:

[11/8/2012 0:35:49] [Error - NpcScript Interface] 
[11/8/2012 0:35:49] (Unknown script file)
[11/8/2012 0:35:49] Description: 
[11/8/2012 0:35:49] attempt to call a nil value
[11/8/2012 0:35:49] stack traceback:
[11/8/2012 0:35:49] 	[C]: in function 'closeShopWindow'
[11/8/2012 0:35:49] 	data/npc/lib/npcsystem/npchandler.lua:225: in function 'releaseFocus'
[11/8/2012 0:35:49] 	data/npc/lib/npcsystem/npchandler.lua:591: in function 'onWalkAway'
[11/8/2012 0:35:49] 	data/npc/lib/npcsystem/npchandler.lua:523: in function 'onThink'
[11/8/2012 0:35:49] 	data/npc/scripts/game/default.lua:9: in function <data/npc/scripts/game/default.lua:9>

[11/8/2012 0:36:4] [Error - NpcScript Interface] 
[11/8/2012 0:36:4] (Unknown script file)
[11/8/2012 0:36:4] Description: 
[11/8/2012 0:36:4] attempt to call a nil value
[11/8/2012 0:36:4] stack traceback:
[11/8/2012 0:36:4] 	[C]: in function 'closeShopWindow'
[11/8/2012 0:36:4] 	data/npc/lib/npcsystem/npchandler.lua:225: in function 'releaseFocus'
[11/8/2012 0:36:4] 	data/npc/lib/npcsystem/npchandler.lua:591: in function 'onWalkAway'
[11/8/2012 0:36:4] 	data/npc/lib/npcsystem/npchandler.lua:523: in function 'onThink'
[11/8/2012 0:36:4] 	data/npc/scripts/game/default.lua:9: in function <data/npc/scripts/game/default.lua:9>

[11/8/2012 0:36:14] [Error - NpcScript Interface] 
[11/8/2012 0:36:14] (Unknown script file)
[11/8/2012 0:36:14] Description: 
[11/8/2012 0:36:14] attempt to call a nil value
[11/8/2012 0:36:14] stack traceback:
[11/8/2012 0:36:14] 	[C]: in function 'closeShopWindow'
[11/8/2012 0:36:14] 	data/npc/lib/npcsystem/npchandler.lua:225: in function 'releaseFocus'
[11/8/2012 0:36:14] 	data/npc/lib/npcsystem/npchandler.lua:591: in function 'onWalkAway'
[11/8/2012 0:36:14] 	data/npc/lib/npcsystem/npchandler.lua:523: in function 'onThink'
[11/8/2012 0:36:14] 	data/npc/scripts/game/default.lua:9: in function <data/npc/scripts/game/default.lua:9>

[11/8/2012 0:41:52] [Error - NpcScript Interface] 
[11/8/2012 0:41:52] (Unknown script file)
[11/8/2012 0:41:52] Description: 
[11/8/2012 0:41:52] attempt to call a nil value
[11/8/2012 0:41:52] stack traceback:
[11/8/2012 0:41:52] 	[C]: in function 'closeShopWindow'
[11/8/2012 0:41:52] 	data/npc/lib/npcsystem/npchandler.lua:225: in function 'releaseFocus'
[11/8/2012 0:41:52] 	data/npc/lib/npcsystem/npchandler.lua:591: in function 'onWalkAway'
[11/8/2012 0:41:52] 	data/npc/lib/npcsystem/npchandler.lua:523: in function 'onThink'
[11/8/2012 0:41:52] 	data/npc/scripts/game/default.lua:9: in function <data/npc/scripts/game/default.lua:9>

[11/8/2012 0:57:46] [Error - NpcScript Interface] 
[11/8/2012 0:57:46] (Unknown script file)
[11/8/2012 0:57:46] Description: 
[11/8/2012 0:57:46] attempt to call a nil value
[11/8/2012 0:57:46] stack traceback:
[11/8/2012 0:57:46] 	[C]: in function 'closeShopWindow'
[11/8/2012 0:57:46] 	data/npc/lib/npcsystem/npchandler.lua:225: in function 'releaseFocus'
[11/8/2012 0:57:46] 	data/npc/lib/npcsystem/npchandler.lua:591: in function 'onWalkAway'
[11/8/2012 0:57:46] 	data/npc/lib/npcsystem/npchandler.lua:523: in function 'onThink'
[11/8/2012 0:57:46] 	data/npc/scripts/game/rashid.lua:9: in function <data/npc/scripts/game/rashid.lua:9>

[11/8/2012 0:59:2] [Error - NpcScript Interface] 
[11/8/2012 0:59:2] (Unknown script file)
[11/8/2012 0:59:2] Description: 
[11/8/2012 0:59:2] attempt to call a nil value
[11/8/2012 0:59:2] stack traceback:
[11/8/2012 0:59:2] 	[C]: in function 'closeShopWindow'
[11/8/2012 0:59:2] 	data/npc/lib/npcsystem/npchandler.lua:225: in function 'releaseFocus'
[11/8/2012 0:59:2] 	data/npc/lib/npcsystem/npchandler.lua:591: in function 'onWalkAway'
[11/8/2012 0:59:2] 	data/npc/lib/npcsystem/npchandler.lua:523: in function 'onThink'
[11/8/2012 0:59:2] 	data/npc/scripts/game/default.lua:9: in function <data/npc/scripts/game/default.lua:9>

[11/8/2012 0:59:21] [Error - NpcScript Interface] 
[11/8/2012 0:59:21] (Unknown script file)
[11/8/2012 0:59:21] Description: 
[11/8/2012 0:59:21] attempt to call a nil value
[11/8/2012 0:59:21] stack traceback:

[11/8/2012 1:3:2] [Error - NpcScript Interface] 
[11/8/2012 1:3:2] (Unknown script file)
[11/8/2012 1:3:2] Description: 
[11/8/2012 1:3:2] attempt to call a nil value
[11/8/2012 1:3:2] stack traceback:
[11/8/2012 1:3:2] 	[C]: in function 'closeShopWindow'
[11/8/2012 1:3:2] 	data/npc/lib/npcsystem/npchandler.lua:225: in function 'releaseFocus'
[11/8/2012 1:3:2] 	data/npc/lib/npcsystem/npchandler.lua:591: in function 'onWalkAway'
[11/8/2012 1:3:2] 	data/npc/lib/npcsystem/npchandler.lua:523: in function 'onThink'
[11/8/2012 1:3:2] 	data/npc/scripts/game/rashid.lua:9: in function <data/npc/scripts/game/rashid.lua:9>

[11/8/2012 1:5:16] [Error - NpcScript Interface] 
[11/8/2012 1:5:16] (Unknown script file)
[11/8/2012 1:5:16] Description: 
[11/8/2012 1:5:16] attempt to call a nil value
[11/8/2012 1:5:16] stack traceback:

[11/8/2012 1:7:43] [Error - NpcScript Interface] 
[11/8/2012 1:7:43] (Unknown script file)
[11/8/2012 1:7:43] Description: 
[11/8/2012 1:7:43] attempt to call a nil value
[11/8/2012 1:7:43] stack traceback:

[11/8/2012 1:10:26] [Error - NpcScript Interface] 
[11/8/2012 1:10:26] (Unknown script file)
[11/8/2012 1:10:26] Description: 
[11/8/2012 1:10:26] attempt to call a nil value
[11/8/2012 1:10:26] stack traceback:
[11/8/2012 1:10:26] 	[C]: in function 'closeShopWindow'
[11/8/2012 1:10:26] 	data/npc/lib/npcsystem/npchandler.lua:225: in function 'releaseFocus'
[11/8/2012 1:10:26] 	data/npc/lib/npcsystem/npchandler.lua:591: in function 'onWalkAway'
[11/8/2012 1:10:26] 	data/npc/lib/npcsystem/npchandler.lua:523: in function 'onThink'
[11/8/2012 1:10:26] 	data/npc/scripts/game/default.lua:9: in function <data/npc/scripts/game/default.lua:9>
[11/8/2012 1:11:4] > Saving server...
[11/8/2012 1:11:11] > SAVE: Complete in 6.973 seconds using binary-tilebased house storage.

[11/8/2012 1:18:20] [Error - NpcScript Interface] 
[11/8/2012 1:18:20] (Unknown script file)
[11/8/2012 1:18:20] Description: 
[11/8/2012 1:18:20] attempt to call a nil value
[11/8/2012 1:18:20] stack traceback:
[11/8/2012 1:18:20] 	[C]: in function 'closeShopWindow'
[11/8/2012 1:18:20] 	data/npc/lib/npcsystem/npchandler.lua:225: in function 'releaseFocus'
[11/8/2012 1:18:20] 	data/npc/lib/npcsystem/npchandler.lua:591: in function 'onWalkAway'
[11/8/2012 1:18:20] 	data/npc/lib/npcsystem/npchandler.lua:523: in function 'onThink'
[11/8/2012 1:18:20] 	data/npc/scripts/game/default.lua:9: in function <data/npc/scripts/game/default.lua:9>

[11/8/2012 1:18:25] [Error - NpcScript Interface] 
[11/8/2012 1:18:25] (Unknown script file)
[11/8/2012 1:18:25] Description: 
[11/8/2012 1:18:25] attempt to call a nil value
[11/8/2012 1:18:25] stack traceback:
[11/8/2012 1:18:25] 	[C]: in function 'closeShopWindow'
[11/8/2012 1:18:25] 	data/npc/lib/npcsystem/npchandler.lua:225: in function 'releaseFocus'
[11/8/2012 1:18:25] 	data/npc/lib/npcsystem/npchandler.lua:591: in function 'onWalkAway'
[11/8/2012 1:18:25] 	data/npc/lib/npcsystem/npchandler.lua:523: in function 'onThink'
[11/8/2012 1:18:25] 	data/npc/scripts/game/default.lua:9: in function <data/npc/scripts/game/default.lua:9>

[11/8/2012 1:27:4] [Error - NpcScript Interface] 
[11/8/2012 1:27:4] (Unknown script file)
[11/8/2012 1:27:4] Description: 
[11/8/2012 1:27:4] attempt to call a nil value
[11/8/2012 1:27:4] stack traceback:
[11/8/2012 1:27:4] 	[C]: in function 'closeShopWindow'
[11/8/2012 1:27:4] 	data/npc/lib/npcsystem/npchandler.lua:225: in function 'releaseFocus'
[11/8/2012 1:27:4] 	data/npc/lib/npcsystem/npchandler.lua:591: in function 'onWalkAway'
[11/8/2012 1:27:4] 	data/npc/lib/npcsystem/npchandler.lua:523: in function 'onThink'
[11/8/2012 1:27:4] 	data/npc/scripts/game/default.lua:9: in function <data/npc/scripts/game/default.lua:9>

[11/8/2012 1:30:51] [Error - NpcScript Interface] 
[11/8/2012 1:30:51] (Unknown script file)
[11/8/2012 1:30:51] Description: 
[11/8/2012 1:30:51] attempt to call a nil value
[11/8/2012 1:30:51] stack traceback:
[11/8/2012 1:30:51] 	[C]: in function 'closeShopWindow'
[11/8/2012 1:30:51] 	data/npc/lib/npcsystem/npchandler.lua:225: in function 'releaseFocus'
[11/8/2012 1:30:51] 	data/npc/lib/npcsystem/npchandler.lua:591: in function 'onWalkAway'
[11/8/2012 1:30:51] 	data/npc/lib/npcsystem/npchandler.lua:523: in function 'onThink'
[11/8/2012 1:30:51] 	data/npc/scripts/game/rashid.lua:9: in function <data/npc/scripts/game/rashid.lua:9>

[11/8/2012 2:9:10] [Error - NpcScript Interface] 
[11/8/2012 2:9:10] (Unknown script file)
[11/8/2012 2:9:10] Description: 
[11/8/2012 2:9:10] attempt to call a nil value
[11/8/2012 2:9:10] stack traceback:
[11/8/2012 2:11:4] > Saving server...
[11/8/2012 2:11:9] > SAVE: Complete in 5.105 seconds using binary-tilebased house storage.

[11/8/2012 2:19:51] [Error - NpcScript Interface] 
[11/8/2012 2:19:51] (Unknown script file)
[11/8/2012 2:19:51] Description: 
[11/8/2012 2:19:51] attempt to call a nil value
[11/8/2012 2:19:51] stack traceback:

[11/8/2012 2:27:4] [Error - NpcScript Interface] 
[11/8/2012 2:27:4] (Unknown script file)
[11/8/2012 2:27:4] Description: 
[11/8/2012 2:27:4] attempt to call a nil value
[11/8/2012 2:27:4] stack traceback:

[11/8/2012 2:28:46] [Error - NpcScript Interface] 
[11/8/2012 2:28:46] (Unknown script file)
[11/8/2012 2:28:46] Description: 
[11/8/2012 2:28:46] attempt to call a nil value
[11/8/2012 2:28:46] stack traceback:
[11/8/2012 2:28:46] 	[C]: in function 'closeShopWindow'
[11/8/2012 2:28:46] 	data/npc/lib/npcsystem/npchandler.lua:225: in function 'releaseFocus'
[11/8/2012 2:28:46] 	data/npc/lib/npcsystem/npchandler.lua:591: in function 'onWalkAway'
[11/8/2012 2:28:46] 	data/npc/lib/npcsystem/npchandler.lua:523: in function 'onThink'
[11/8/2012 2:28:46] 	data/npc/scripts/game/default.lua:9: in function <data/npc/scripts/game/default.lua:9>

[11/8/2012 2:37:46] [Error - Action Interface] 
[11/8/2012 2:37:46] data/actions/scripts/tools/pick.lua:onUse
[11/8/2012 2:37:46] Description: 
[11/8/2012 2:37:46] (luaGetThingFromPos) Tile not found

[11/8/2012 2:51:18] [Error - NpcScript Interface] 
[11/8/2012 2:51:18] (Unknown script file)
[11/8/2012 2:51:18] Description: 
[11/8/2012 2:51:18] attempt to call a nil value
[11/8/2012 2:51:18] stack traceback:
[11/8/2012 2:51:18] 	[C]: in function 'closeShopWindow'
[11/8/2012 2:51:18] 	data/npc/lib/npcsystem/npchandler.lua:225: in function 'releaseFocus'
[11/8/2012 2:51:18] 	data/npc/lib/npcsystem/npchandler.lua:591: in function 'onWalkAway'
[11/8/2012 2:51:18] 	data/npc/lib/npcsystem/npchandler.lua:523: in function 'onThink'
[11/8/2012 2:51:18] 	data/npc/scripts/game/default.lua:9: in function <data/npc/scripts/game/default.lua:9>
[11/8/2012 3:11:4] > Saving server...
[11/8/2012 3:11:10] > SAVE: Complete in 5.427 seconds using binary-tilebased house storage.

[11/8/2012 3:11:36] [Error - NpcScript Interface] 
[11/8/2012 3:11:36] (Unknown script file)
[11/8/2012 3:11:36] Description: 
[11/8/2012 3:11:36] attempt to call a nil value
[11/8/2012 3:11:36] stack traceback:

[11/8/2012 3:22:52] [Error - NpcScript Interface] 
[11/8/2012 3:22:52] (Unknown script file)
[11/8/2012 3:22:52] Description: 
[11/8/2012 3:22:52] attempt to call a nil value
[11/8/2012 3:22:52] stack traceback:
[11/8/2012 3:22:52] 	[C]: in function 'closeShopWindow'
[11/8/2012 3:22:52] 	data/npc/lib/npcsystem/npchandler.lua:225: in function 'releaseFocus'
[11/8/2012 3:22:52] 	data/npc/lib/npcsystem/npchandler.lua:591: in function 'onWalkAway'
[11/8/2012 3:22:52] 	data/npc/lib/npcsystem/npchandler.lua:523: in function 'onThink'
[11/8/2012 3:22:52] 	data/npc/scripts/game/default.lua:9: in function <data/npc/scripts/game/default.lua:9>
[11/8/2012 4:11:4] > Saving server...
[11/8/2012 4:11:9] > SAVE: Complete in 4.449 seconds using binary-tilebased house storage.

[11/8/2012 4:51:23] [Error - MoveEvents Interface] 
[11/8/2012 4:51:23] In a timer event called from: 
[11/8/2012 4:51:23] data/movements/scripts/game/teleport.lua:onStepIn
[11/8/2012 4:51:23] Description: 
[11/8/2012 4:51:23] (luaDoPlayerSendTextMessage) Player not found

[11/8/2012 4:51:23] [Error - MoveEvents Interface] 
[11/8/2012 4:51:23] In a timer event called from: 
[11/8/2012 4:51:23] data/movements/scripts/game/teleport.lua:onStepIn
[11/8/2012 4:51:23] Description: 
[11/8/2012 4:51:23] (luaDoTeleportThing) Thing not found

[11/8/2012 4:51:23] [Error - MoveEvents Interface] 
[11/8/2012 4:51:23] In a timer event called from: 
[11/8/2012 4:51:24] data/movements/scripts/game/teleport.lua:onStepIn
[11/8/2012 4:51:24] Description: 
[11/8/2012 4:51:24] (luaGetThingPosition) Thing not found

[11/8/2012 4:51:24] [Error - MoveEvents Interface] 
[11/8/2012 4:51:24] In a timer event called from: 
[11/8/2012 4:51:24] data/movements/scripts/game/teleport.lua:onStepIn
[11/8/2012 4:51:24] Description: 
[11/8/2012 4:51:24] (luaGetCreatureStorage) Creature not found

[11/8/2012 4:51:24] [Error - MoveEvents Interface] 
[11/8/2012 4:51:24] In a timer event called from: 
[11/8/2012 4:51:24] data/movements/scripts/game/teleport.lua:onStepIn
[11/8/2012 4:51:24] Description: 
[11/8/2012 4:51:24] (luaGetCreatureStorage) Creature not found

[11/8/2012 4:51:24] [Error - MoveEvents Interface] 
[11/8/2012 4:51:24] In a timer event called from: 
[11/8/2012 4:51:24] data/movements/scripts/game/teleport.lua:onStepIn
[11/8/2012 4:51:24] Description: 
[11/8/2012 4:51:24] data/lib/darghos/arena.lua:138: attempt to index field '?' (a nil value)
[11/8/2012 4:51:24] stack traceback:
[11/8/2012 4:51:24] 	data/lib/darghos/arena.lua:138: in function 'onLeave'
[11/8/2012 4:51:24] 	data/lib/darghos/arena.lua:186: in function <data/lib/darghos/arena.lua:181>

[11/8/2012 4:53:59] [Error - NpcScript Interface] 
[11/8/2012 4:53:59] (Unknown script file)
[11/8/2012 4:53:59] Description: 
[11/8/2012 4:53:59] attempt to call a nil value
[11/8/2012 4:53:59] stack traceback:

[11/8/2012 5:0:53] [Error - NpcScript Interface] 
[11/8/2012 5:0:53] (Unknown script file)
[11/8/2012 5:0:53] Description: 
[11/8/2012 5:0:53] attempt to call a nil value
[11/8/2012 5:0:53] stack traceback:
[11/8/2012 5:11:4] > Saving server...
[11/8/2012 5:11:8] > SAVE: Complete in 3.616 seconds using binary-tilebased house storage.

[11/8/2012 5:27:33] [Error - NpcScript Interface] 
[11/8/2012 5:27:33] (Unknown script file)
[11/8/2012 5:27:33] Description: 
[11/8/2012 5:27:33] attempt to call a nil value
[11/8/2012 5:27:33] stack traceback:
[11/8/2012 6:11:4] > Saving server...
[11/8/2012 6:11:8] > SAVE: Complete in 3.42 seconds using binary-tilebased house storage.

[11/8/2012 6:39:59] [Error - NpcScript Interface] 
[11/8/2012 6:39:59] (Unknown script file)
[11/8/2012 6:39:59] Description: 
[11/8/2012 6:39:59] attempt to call a nil value
[11/8/2012 6:39:59] stack traceback:
[11/8/2012 7:11:4] > Saving server...
[11/8/2012 7:11:9] > SAVE: Complete in 5.111 seconds using binary-tilebased house storage.

[11/8/2012 7:16:37] [Error - NpcScript Interface] 
[11/8/2012 7:16:37] (Unknown script file)
[11/8/2012 7:16:37] Description: 
[11/8/2012 7:16:37] attempt to call a nil value
[11/8/2012 7:16:37] stack traceback:

[11/8/2012 7:23:27] [Error - NpcScript Interface] 
[11/8/2012 7:23:27] (Unknown script file)
[11/8/2012 7:23:27] Description: 
[11/8/2012 7:23:27] attempt to call a nil value
[11/8/2012 7:23:27] stack traceback:
[11/8/2012 7:23:27] 	[C]: in function 'closeShopWindow'
[11/8/2012 7:23:27] 	data/npc/lib/npcsystem/npchandler.lua:225: in function 'releaseFocus'
[11/8/2012 7:23:27] 	data/npc/lib/npcsystem/npchandler.lua:591: in function 'onWalkAway'
[11/8/2012 7:23:27] 	data/npc/lib/npcsystem/npchandler.lua:523: in function 'onThink'
[11/8/2012 7:23:27] 	data/npc/scripts/game/blacksmith.lua:9: in function <data/npc/scripts/game/blacksmith.lua:9>

[11/8/2012 7:49:24] [Error - NpcScript Interface] 
[11/8/2012 7:49:24] (Unknown script file)
[11/8/2012 7:49:24] Description: 
[11/8/2012 7:49:24] attempt to call a nil value
[11/8/2012 7:49:24] stack traceback:
[11/8/2012 7:49:24] 	[C]: in function 'closeShopWindow'
[11/8/2012 7:49:24] 	data/npc/lib/npcsystem/npchandler.lua:225: in function 'releaseFocus'
[11/8/2012 7:49:24] 	data/npc/lib/npcsystem/npchandler.lua:591: in function 'onWalkAway'
[11/8/2012 7:49:24] 	data/npc/lib/npcsystem/npchandler.lua:523: in function 'onThink'
[11/8/2012 7:49:24] 	data/npc/scripts/game/rashid.lua:9: in function <data/npc/scripts/game/rashid.lua:9>

[11/8/2012 7:54:26] [Error - NpcScript Interface] 
[11/8/2012 7:54:26] (Unknown script file)
[11/8/2012 7:54:26] Description: 
[11/8/2012 7:54:26] attempt to call a nil value
[11/8/2012 7:54:26] stack traceback:
[11/8/2012 7:54:26] 	[C]: in function 'closeShopWindow'
[11/8/2012 7:54:26] 	data/npc/lib/npcsystem/npchandler.lua:225: in function 'releaseFocus'
[11/8/2012 7:54:26] 	data/npc/lib/npcsystem/npchandler.lua:591: in function 'onWalkAway'
[11/8/2012 7:54:26] 	data/npc/lib/npcsystem/npchandler.lua:523: in function 'onThink'
[11/8/2012 7:54:26] 	data/npc/scripts/game/default.lua:9: in function <data/npc/scripts/game/default.lua:9>
[11/8/2012 8:11:4] > Saving server...
[11/8/2012 8:11:10] > SAVE: Complete in 5.213 seconds using binary-tilebased house storage.

[11/8/2012 8:12:24] [Error - NpcScript Interface] 
[11/8/2012 8:12:24] (Unknown script file)
[11/8/2012 8:12:24] Description: 
[11/8/2012 8:12:24] attempt to call a nil value
[11/8/2012 8:12:24] stack traceback:
[11/8/2012 8:12:24] 	[C]: in function 'closeShopWindow'
[11/8/2012 8:12:24] 	data/npc/lib/npcsystem/npchandler.lua:225: in function 'releaseFocus'
[11/8/2012 8:12:24] 	data/npc/lib/npcsystem/npchandler.lua:591: in function 'onWalkAway'
[11/8/2012 8:12:24] 	data/npc/lib/npcsystem/npchandler.lua:523: in function 'onThink'
[11/8/2012 8:12:24] 	data/npc/scripts/game/default.lua:9: in function <data/npc/scripts/game/default.lua:9>

[11/8/2012 8:19:21] [Error - NpcScript Interface] 
[11/8/2012 8:19:21] (Unknown script file)
[11/8/2012 8:19:21] Description: 
[11/8/2012 8:19:21] attempt to call a nil value
[11/8/2012 8:19:21] stack traceback:

[11/8/2012 8:31:45] [Error - NpcScript Interface] 
[11/8/2012 8:31:45] (Unknown script file)
[11/8/2012 8:31:45] Description: 
[11/8/2012 8:31:45] attempt to call a nil value
[11/8/2012 8:31:45] stack traceback:

[11/8/2012 8:41:4] [Error - NpcScript Interface] 
[11/8/2012 8:41:4] (Unknown script file)
[11/8/2012 8:41:4] Description: 
[11/8/2012 8:41:4] attempt to call a nil value
[11/8/2012 8:41:4] stack traceback:

[11/8/2012 9:1:2] [Error - NpcScript Interface] 
[11/8/2012 9:1:2] (Unknown script file)
[11/8/2012 9:1:2] Description: 
[11/8/2012 9:1:2] attempt to call a nil value
[11/8/2012 9:1:2] stack traceback:
[11/8/2012 9:1:2] 	[C]: in function 'closeShopWindow'
[11/8/2012 9:1:2] 	data/npc/lib/npcsystem/npchandler.lua:225: in function 'releaseFocus'
[11/8/2012 9:1:2] 	data/npc/lib/npcsystem/npchandler.lua:591: in function 'onWalkAway'
[11/8/2012 9:1:2] 	data/npc/lib/npcsystem/npchandler.lua:523: in function 'onThink'
[11/8/2012 9:1:2] 	data/npc/scripts/game/default.lua:9: in function <data/npc/scripts/game/default.lua:9>
[11/8/2012 9:11:4] > Saving server...
[11/8/2012 9:11:10] > SAVE: Complete in 6.025 seconds using binary-tilebased house storage.

[11/8/2012 9:30:27] [Error - NpcScript Interface] 
[11/8/2012 9:30:27] (Unknown script file)
[11/8/2012 9:30:27] Description: 
[11/8/2012 9:30:27] attempt to call a nil value
[11/8/2012 9:30:27] stack traceback:

[11/8/2012 9:35:19] [Error - NpcScript Interface] 
[11/8/2012 9:35:19] (Unknown script file)
[11/8/2012 9:35:19] Description: 
[11/8/2012 9:35:19] attempt to call a nil value
[11/8/2012 9:35:19] stack traceback:

[11/8/2012 9:59:44] [Error - NpcScript Interface] 
[11/8/2012 9:59:44] (Unknown script file)
[11/8/2012 9:59:44] Description: 
[11/8/2012 9:59:44] attempt to call a nil value
[11/8/2012 9:59:44] stack traceback:
[11/8/2012 9:59:44] 	[C]: in function 'closeShopWindow'
[11/8/2012 9:59:44] 	data/npc/lib/npcsystem/npchandler.lua:225: in function 'releaseFocus'
[11/8/2012 9:59:44] 	data/npc/lib/npcsystem/npchandler.lua:591: in function 'onWalkAway'
[11/8/2012 9:59:44] 	data/npc/lib/npcsystem/npchandler.lua:523: in function 'onThink'
[11/8/2012 9:59:44] 	data/npc/scripts/game/default.lua:9: in function <data/npc/scripts/game/default.lua:9>
[11/8/2012 10:0:21] > Paying houses...
[11/8/2012 10:0:22] Houses paid in 1.345 seconds.
[11/8/2012 10:0:22] > Saving server...
[11/8/2012 10:0:22] > SAVE: Complete in 0.393 seconds using binary-tilebased house storage.
[11/8/2012 10:0:23] Preparing to shutdown the server- done.
