[10/7/2012 10:9:2] > Using MD5 encryption
[10/7/2012 10:9:2] >> Loading RSA key
[10/7/2012 10:9:2] >> Starting SQL connection

[10/7/2012 10:9:2] > WARNING: Outdated MySQL server detected, consider upgrading to a newer version.
[10/7/2012 10:9:2] >> Running Database Manager
[10/7/2012 10:9:2] >> Loading items (OTB)
[10/7/2012 10:9:2] >> Loading items (XML)
[10/7/2012 10:9:3] [Warning - Items::loadFromXml] Unknown key value blocksolid
[10/7/2012 10:9:3] [Warning - Items::loadFromXml] Unknown key value blocksolid
[10/7/2012 10:9:3] >> Loading groups
[10/7/2012 10:9:3] >> Loading vocations
[10/7/2012 10:9:3] >> Loading outfits
[10/7/2012 10:9:3] >> Loading chat channels
[10/7/2012 10:9:3] >> Loading script systems
[10/7/2012 10:9:4] [Warning - Event::loadScript] Event onTime not found (data/globalevents/scripts/clean.lua)
[10/7/2012 10:9:4] >> Loading mods...
[10/7/2012 10:9:4] > 0 mods were loaded.
[10/7/2012 10:9:4] >> Loading experience stages
[10/7/2012 10:9:4] >> Loading monsters
[10/7/2012 10:9:5] >> Loading map and spawns...
[10/7/2012 10:9:7] > Map size: 5000x5000.
[10/7/2012 10:9:7] > Map descriptions: 
[10/7/2012 10:9:7] "Saved with Remere's Map Editor 2.1"
[10/7/2012 10:9:7] "SimOne MapEditor 0.5.5"
[10/7/2012 10:9:7] [Warning - IOMap::loadMap] Movable item in house: 517, item type: 2741, pos 1070/1121/6
[10/7/2012 10:9:7] [Warning - IOMap::loadMap] Movable item in house: 518, item type: 2741, pos 1070/1129/6
[10/7/2012 10:9:7] [Warning - IOMap::loadMap] Movable item in house: 517, item type: 2741, pos 1073/1121/6
[10/7/2012 10:9:7] [Warning - IOMap::loadMap] Movable item in house: 518, item type: 2741, pos 1073/1129/6
[10/7/2012 10:9:8] Duplicate uniqueId 6401
[10/7/2012 10:9:8] Duplicate uniqueId 6401
[10/7/2012 10:9:9] Duplicate uniqueId 6401
[10/7/2012 10:9:9] Duplicate uniqueId 6401
[10/7/2012 10:9:9] Duplicate uniqueId 6401
[10/7/2012 10:9:9] Duplicate uniqueId 6401
[10/7/2012 10:9:10] Duplicate uniqueId 6401
[10/7/2012 10:9:10] Duplicate uniqueId 6401
[10/7/2012 10:9:11] Duplicate uniqueId 2004
[10/7/2012 10:9:11] Duplicate uniqueId 2005
[10/7/2012 10:9:11] Duplicate uniqueId 2006
[10/7/2012 10:9:11] Duplicate uniqueId 2007
[10/7/2012 10:9:13] Duplicate uniqueId 6401
[10/7/2012 10:9:13] Duplicate uniqueId 6401
[10/7/2012 10:9:13] Duplicate uniqueId 6401
[10/7/2012 10:9:13] Duplicate uniqueId 6400
[10/7/2012 10:9:13] Duplicate uniqueId 6401
[10/7/2012 10:9:13] Duplicate uniqueId 2056
[10/7/2012 10:9:13] Duplicate uniqueId 2057
[10/7/2012 10:9:13] Duplicate uniqueId 2058
[10/7/2012 10:9:13] Duplicate uniqueId 2051
[10/7/2012 10:9:13] Duplicate uniqueId 2052
[10/7/2012 10:9:13] Duplicate uniqueId 2053
[10/7/2012 10:9:13] Duplicate uniqueId 2054
[10/7/2012 10:9:14] > Map loading time: 8.538 seconds.
[10/7/2012 10:9:14] [Spawn::addMonster] Cannot find "Butterfly"
[10/7/2012 10:9:14] [Spawn::addMonster] Cannot find "Butterfly"
[10/7/2012 10:9:15] > Data parsing time: 0.845 seconds.
[10/7/2012 10:9:30] > Houses synchronization time: 15.055 seconds.
[10/7/2012 10:9:30] > Content unserialization time: 0.036 seconds.
[10/7/2012 10:9:30] >> Checking world type... Open PvP
[10/7/2012 10:9:30] >> Initializing game state and binding services...
[10/7/2012 10:9:31] > Global IP address: 184.173.128.212
[10/7/2012 10:9:31] > Bound ports: 7577	7578	
[10/7/2012 10:9:31] >> Everything smells good, server is starting up...
[10/7/2012 10:9:31] [ DOS EMERGENCY] UltraX[10/7/2012 10:9:31] [ DOS EMERGENCY] UltraX

[10/7/2012 10:39:23] [Error - NpcScript Interface] 
[10/7/2012 10:39:23] (Unknown script file)
[10/7/2012 10:39:23] Description: 
[10/7/2012 10:39:23] attempt to call a nil value
[10/7/2012 10:39:23] stack traceback:

[10/7/2012 10:58:17] [Error - NpcScript Interface] 
[10/7/2012 10:58:17] (Unknown script file)
[10/7/2012 10:58:17] Description: 
[10/7/2012 10:58:17] attempt to call a nil value
[10/7/2012 10:58:17] stack traceback:

[10/7/2012 11:7:35] [Error - NpcScript Interface] 
[10/7/2012 11:7:35] (Unknown script file)
[10/7/2012 11:7:35] Description: 
[10/7/2012 11:7:35] attempt to call a nil value
[10/7/2012 11:7:35] stack traceback:
[10/7/2012 11:7:35] 	[C]: in function 'closeShopWindow'
[10/7/2012 11:7:35] 	data/npc/lib/npcsystem/npchandler.lua:225: in function 'releaseFocus'
[10/7/2012 11:7:35] 	data/npc/lib/npcsystem/npchandler.lua:591: in function 'onWalkAway'
[10/7/2012 11:7:35] 	data/npc/lib/npcsystem/npchandler.lua:523: in function 'onThink'
[10/7/2012 11:7:35] 	data/npc/scripts/game/default.lua:9: in function <data/npc/scripts/game/default.lua:9>
[10/7/2012 11:11:4] > Saving server...
[10/7/2012 11:11:8] > SAVE: Complete in 4.371 seconds using binary-tilebased house storage.

[10/7/2012 11:22:54] [Error - NpcScript Interface] 
[10/7/2012 11:22:54] (Unknown script file)
[10/7/2012 11:22:54] Description: 
[10/7/2012 11:22:54] attempt to call a nil value
[10/7/2012 11:22:54] stack traceback:

[10/7/2012 11:26:47] [Error - NpcScript Interface] 
[10/7/2012 11:26:47] (Unknown script file)
[10/7/2012 11:26:47] Description: 
[10/7/2012 11:26:47] attempt to call a nil value
[10/7/2012 11:26:47] stack traceback:
[10/7/2012 11:26:47] 	[C]: in function 'closeShopWindow'
[10/7/2012 11:26:47] 	data/npc/lib/npcsystem/npchandler.lua:225: in function 'releaseFocus'
[10/7/2012 11:26:47] 	data/npc/lib/npcsystem/npchandler.lua:591: in function 'onWalkAway'
[10/7/2012 11:26:47] 	data/npc/lib/npcsystem/npchandler.lua:523: in function 'onThink'
[10/7/2012 11:26:47] 	data/npc/scripts/game/default.lua:9: in function <data/npc/scripts/game/default.lua:9>

[10/7/2012 11:31:10] [Error - NpcScript Interface] 
[10/7/2012 11:31:10] (Unknown script file)
[10/7/2012 11:31:10] Description: 
[10/7/2012 11:31:10] attempt to call a nil value
[10/7/2012 11:31:10] stack traceback:
[10/7/2012 11:31:10] 	[C]: in function 'closeShopWindow'
[10/7/2012 11:31:10] 	data/npc/lib/npcsystem/npchandler.lua:225: in function 'releaseFocus'
[10/7/2012 11:31:10] 	data/npc/lib/npcsystem/npchandler.lua:591: in function 'onWalkAway'
[10/7/2012 11:31:10] 	data/npc/lib/npcsystem/npchandler.lua:523: in function 'onThink'
[10/7/2012 11:31:10] 	data/npc/scripts/game/default.lua:9: in function <data/npc/scripts/game/default.lua:9>

[10/7/2012 11:51:45] [Error - NpcScript Interface] 
[10/7/2012 11:51:45] (Unknown script file)
[10/7/2012 11:51:45] Description: 
[10/7/2012 11:51:45] attempt to call a nil value
[10/7/2012 11:51:45] stack traceback:
[10/7/2012 11:51:45] 	[C]: in function 'closeShopWindow'
[10/7/2012 11:51:45] 	data/npc/lib/npcsystem/npchandler.lua:225: in function 'releaseFocus'
[10/7/2012 11:51:45] 	data/npc/lib/npcsystem/npchandler.lua:591: in function 'onWalkAway'
[10/7/2012 11:51:45] 	data/npc/lib/npcsystem/npchandler.lua:523: in function 'onThink'
[10/7/2012 11:51:45] 	data/npc/scripts/game/blacksmith.lua:9: in function <data/npc/scripts/game/blacksmith.lua:9>
[10/7/2012 12:8:4] [Warning - Protocol::RSA_decrypt] First byte != 0 (IP: 82.160.42.106)
[10/7/2012 12:8:16] [Warning - Protocol::RSA_decrypt] First byte != 0 (IP: 82.160.42.106)
[10/7/2012 12:8:26] [Warning - Protocol::RSA_decrypt] First byte != 0 (IP: 82.160.42.106)
[10/7/2012 12:8:38] [Warning - Protocol::RSA_decrypt] First byte != 0 (IP: 82.160.42.106)
[10/7/2012 12:8:46] [Warning - Protocol::RSA_decrypt] First byte != 0 (IP: 82.160.42.106)
[10/7/2012 12:11:4] > Saving server...
[10/7/2012 12:11:9] > SAVE: Complete in 5.574 seconds using binary-tilebased house storage.

[10/7/2012 12:23:34] [Error - NpcScript Interface] 
[10/7/2012 12:23:34] (Unknown script file)
[10/7/2012 12:23:34] Description: 
[10/7/2012 12:23:34] attempt to call a nil value
[10/7/2012 12:23:34] stack traceback:
[10/7/2012 12:23:34] 	[C]: in function 'closeShopWindow'
[10/7/2012 12:23:34] 	data/npc/lib/npcsystem/npchandler.lua:225: in function 'releaseFocus'
[10/7/2012 12:23:34] 	data/npc/lib/npcsystem/npchandler.lua:591: in function 'onWalkAway'
[10/7/2012 12:23:34] 	data/npc/lib/npcsystem/npchandler.lua:523: in function 'onThink'
[10/7/2012 12:23:34] 	data/npc/scripts/game/default.lua:9: in function <data/npc/scripts/game/default.lua:9>

[10/7/2012 12:24:37] [Error - NpcScript Interface] 
[10/7/2012 12:24:37] (Unknown script file)
[10/7/2012 12:24:37] Description: 
[10/7/2012 12:24:37] attempt to call a nil value
[10/7/2012 12:24:37] stack traceback:
[10/7/2012 12:24:37] 	[C]: in function 'closeShopWindow'
[10/7/2012 12:24:37] 	data/npc/lib/npcsystem/npchandler.lua:225: in function 'releaseFocus'
[10/7/2012 12:24:37] 	data/npc/lib/npcsystem/npchandler.lua:591: in function 'onWalkAway'
[10/7/2012 12:24:37] 	data/npc/lib/npcsystem/npchandler.lua:523: in function 'onThink'
[10/7/2012 12:24:37] 	data/npc/scripts/game/default.lua:9: in function <data/npc/scripts/game/default.lua:9>

[10/7/2012 12:25:33] [Error - NpcScript Interface] 
[10/7/2012 12:25:33] (Unknown script file)
[10/7/2012 12:25:33] Description: 
[10/7/2012 12:25:33] attempt to call a nil value
[10/7/2012 12:25:33] stack traceback:

[10/7/2012 12:32:6] [Error - NpcScript Interface] 
[10/7/2012 12:32:6] (Unknown script file)
[10/7/2012 12:32:6] Description: 
[10/7/2012 12:32:6] attempt to call a nil value
[10/7/2012 12:32:6] stack traceback:
[10/7/2012 12:32:6] 	[C]: in function 'closeShopWindow'
[10/7/2012 12:32:6] 	data/npc/lib/npcsystem/npchandler.lua:225: in function 'releaseFocus'
[10/7/2012 12:32:6] 	data/npc/lib/npcsystem/npchandler.lua:591: in function 'onWalkAway'
[10/7/2012 12:32:6] 	data/npc/lib/npcsystem/npchandler.lua:523: in function 'onThink'
[10/7/2012 12:32:6] 	data/npc/scripts/game/blacksmith.lua:9: in function <data/npc/scripts/game/blacksmith.lua:9>

[10/7/2012 12:35:54] [Error - NpcScript Interface] 
[10/7/2012 12:35:54] (Unknown script file)
[10/7/2012 12:35:54] Description: 
[10/7/2012 12:35:54] attempt to call a nil value
[10/7/2012 12:35:54] stack traceback:
[10/7/2012 12:35:54] 	[C]: in function 'closeShopWindow'
[10/7/2012 12:35:54] 	data/npc/lib/npcsystem/npchandler.lua:225: in function 'releaseFocus'
[10/7/2012 12:35:54] 	data/npc/lib/npcsystem/npchandler.lua:591: in function 'onWalkAway'
[10/7/2012 12:35:54] 	data/npc/lib/npcsystem/npchandler.lua:523: in function 'onThink'
[10/7/2012 12:35:54] 	data/npc/scripts/game/blacksmith.lua:9: in function <data/npc/scripts/game/blacksmith.lua:9>

[10/7/2012 12:38:50] [Error - NpcScript Interface] 
[10/7/2012 12:38:50] (Unknown script file)
[10/7/2012 12:38:50] Description: 
[10/7/2012 12:38:50] attempt to call a nil value
[10/7/2012 12:38:50] stack traceback:
[10/7/2012 12:38:50] 	[C]: in function 'closeShopWindow'
[10/7/2012 12:38:50] 	data/npc/lib/npcsystem/npchandler.lua:225: in function 'releaseFocus'
[10/7/2012 12:38:50] 	data/npc/lib/npcsystem/npchandler.lua:591: in function 'onWalkAway'
[10/7/2012 12:38:50] 	data/npc/lib/npcsystem/npchandler.lua:523: in function 'onThink'
[10/7/2012 12:38:50] 	data/npc/scripts/game/blacksmith.lua:9: in function <data/npc/scripts/game/blacksmith.lua:9>
[10/7/2012 12:52:5] [Warning - Protocol::RSA_decrypt] First byte != 0 (IP: 82.160.42.106)
[10/7/2012 12:52:6] [Warning - Protocol::RSA_decrypt] First byte != 0 (IP: 82.160.42.106)
[10/7/2012 12:52:8] [Warning - Protocol::RSA_decrypt] First byte != 0 (IP: 82.160.42.106)
[10/7/2012 12:52:9] [Warning - Protocol::RSA_decrypt] First byte != 0 (IP: 82.160.42.106)
[10/7/2012 12:52:17] [Warning - Protocol::RSA_decrypt] First byte != 0 (IP: 82.160.42.106)
[10/7/2012 12:52:18] [Warning - Protocol::RSA_decrypt] First byte != 0 (IP: 82.160.42.106)
[10/7/2012 12:52:20] [Warning - Protocol::RSA_decrypt] First byte != 0 (IP: 82.160.42.106)
[10/7/2012 12:52:24] [Warning - Protocol::RSA_decrypt] First byte != 0 (IP: 82.160.42.106)

[10/7/2012 12:57:25] [Error - NpcScript Interface] 
[10/7/2012 12:57:25] (Unknown script file)
[10/7/2012 12:57:25] Description: 
[10/7/2012 12:57:25] attempt to call a nil value
[10/7/2012 12:57:25] stack traceback:
[10/7/2012 12:57:25] 	[C]: in function 'closeShopWindow'
[10/7/2012 12:57:25] 	data/npc/lib/npcsystem/npchandler.lua:225: in function 'releaseFocus'
[10/7/2012 12:57:25] 	data/npc/lib/npcsystem/npchandler.lua:591: in function 'onWalkAway'
[10/7/2012 12:57:25] 	data/npc/lib/npcsystem/npchandler.lua:523: in function 'onThink'
[10/7/2012 12:57:25] 	data/npc/scripts/game/quendor.postman.lua:8: in function <data/npc/scripts/game/quendor.postman.lua:8>

[10/7/2012 12:59:21] [Error - NpcScript Interface] 
[10/7/2012 12:59:21] (Unknown script file)
[10/7/2012 12:59:21] Description: 
[10/7/2012 12:59:21] attempt to call a nil value
[10/7/2012 12:59:21] stack traceback:

[10/7/2012 13:1:47] [Error - NpcScript Interface] 
[10/7/2012 13:1:47] (Unknown script file)
[10/7/2012 13:1:47] Description: 
[10/7/2012 13:1:47] attempt to call a nil value
[10/7/2012 13:1:47] stack traceback:
[10/7/2012 13:11:4] > Saving server...
[10/7/2012 13:11:9] > SAVE: Complete in 5.228 seconds using binary-tilebased house storage.

[10/7/2012 13:15:9] [Error - NpcScript Interface] 
[10/7/2012 13:15:9] (Unknown script file)
[10/7/2012 13:15:9] Description: 
[10/7/2012 13:15:9] attempt to call a nil value
[10/7/2012 13:15:9] stack traceback:

[10/7/2012 13:25:33] [Error - NpcScript Interface] 
[10/7/2012 13:25:33] (Unknown script file)
[10/7/2012 13:25:33] Description: 
[10/7/2012 13:25:33] attempt to call a nil value
[10/7/2012 13:25:33] stack traceback:
[10/7/2012 13:25:33] 	[C]: in function 'closeShopWindow'
[10/7/2012 13:25:33] 	data/npc/lib/npcsystem/npchandler.lua:225: in function 'releaseFocus'
[10/7/2012 13:25:33] 	data/npc/lib/npcsystem/npchandler.lua:591: in function 'onWalkAway'
[10/7/2012 13:25:33] 	data/npc/lib/npcsystem/npchandler.lua:523: in function 'onThink'
[10/7/2012 13:25:33] 	data/npc/scripts/game/default.lua:9: in function <data/npc/scripts/game/default.lua:9>

[10/7/2012 13:45:6] [Error - NpcScript Interface] 
[10/7/2012 13:45:6] (Unknown script file)
[10/7/2012 13:45:6] Description: 
[10/7/2012 13:45:6] attempt to call a nil value
[10/7/2012 13:45:6] stack traceback:
[10/7/2012 13:45:6] 	[C]: in function 'closeShopWindow'
[10/7/2012 13:45:6] 	data/npc/lib/npcsystem/npchandler.lua:225: in function 'releaseFocus'
[10/7/2012 13:45:6] 	data/npc/lib/npcsystem/npchandler.lua:591: in function 'onWalkAway'
[10/7/2012 13:45:6] 	data/npc/lib/npcsystem/npchandler.lua:523: in function 'onThink'
[10/7/2012 13:45:6] 	data/npc/scripts/game/salazart.joia.lua:9: in function <data/npc/scripts/game/salazart.joia.lua:9>

[10/7/2012 13:52:25] [Error - NpcScript Interface] 
[10/7/2012 13:52:25] (Unknown script file)
[10/7/2012 13:52:25] Description: 
[10/7/2012 13:52:25] attempt to call a nil value
[10/7/2012 13:52:25] stack traceback:
[10/7/2012 13:52:25] 	[C]: in function 'closeShopWindow'
[10/7/2012 13:52:25] 	data/npc/lib/npcsystem/npchandler.lua:225: in function 'releaseFocus'
[10/7/2012 13:52:25] 	data/npc/lib/npcsystem/npchandler.lua:591: in function 'onWalkAway'
[10/7/2012 13:52:25] 	data/npc/lib/npcsystem/npchandler.lua:523: in function 'onThink'
[10/7/2012 13:52:25] 	data/npc/scripts/game/default.lua:9: in function <data/npc/scripts/game/default.lua:9>

[10/7/2012 13:54:35] [Error - NpcScript Interface] 
[10/7/2012 13:54:35] (Unknown script file)
[10/7/2012 13:54:35] Description: 
[10/7/2012 13:54:35] attempt to call a nil value
[10/7/2012 13:54:35] stack traceback:

[10/7/2012 13:58:47] [Error - NpcScript Interface] 
[10/7/2012 13:58:47] (Unknown script file)
[10/7/2012 13:58:47] Description: 
[10/7/2012 13:58:47] attempt to call a nil value
[10/7/2012 13:58:47] stack traceback:
[10/7/2012 14:11:4] > Saving server...
[10/7/2012 14:11:9] > SAVE: Complete in 4.953 seconds using binary-tilebased house storage.
[10/7/2012 14:20:31] > Broadcasted message: "Um estranho exercito de Goblins está a fazer baderna no portão ao Oeste de Quendor! Mostrem a nossa força a estas pateticas criaturas!".

[10/7/2012 14:38:24] [Error - NpcScript Interface] 
[10/7/2012 14:38:24] (Unknown script file)
[10/7/2012 14:38:24] Description: 
[10/7/2012 14:38:24] attempt to call a nil value
[10/7/2012 14:38:24] stack traceback:

[10/7/2012 14:41:10] [Error - NpcScript Interface] 
[10/7/2012 14:41:10] (Unknown script file)
[10/7/2012 14:41:10] Description: 
[10/7/2012 14:41:10] attempt to call a nil value
[10/7/2012 14:41:10] stack traceback:
[10/7/2012 14:41:10] 	[C]: in function 'closeShopWindow'
[10/7/2012 14:41:10] 	data/npc/lib/npcsystem/npchandler.lua:225: in function 'releaseFocus'
[10/7/2012 14:41:10] 	data/npc/lib/npcsystem/npchandler.lua:591: in function 'onWalkAway'
[10/7/2012 14:41:10] 	data/npc/lib/npcsystem/npchandler.lua:523: in function 'onThink'
[10/7/2012 14:41:10] 	data/npc/scripts/game/bless/bless4.lua:9: in function <data/npc/scripts/game/bless/bless4.lua:9>

[10/7/2012 14:48:37] [Error - NpcScript Interface] 
[10/7/2012 14:48:37] (Unknown script file)
[10/7/2012 14:48:37] Description: 
[10/7/2012 14:48:37] attempt to call a nil value
[10/7/2012 14:48:37] stack traceback:
[10/7/2012 14:48:37] 	[C]: in function 'closeShopWindow'
[10/7/2012 14:48:37] 	data/npc/lib/npcsystem/npchandler.lua:225: in function 'releaseFocus'
[10/7/2012 14:48:37] 	data/npc/lib/npcsystem/npchandler.lua:591: in function 'onWalkAway'
[10/7/2012 14:48:37] 	data/npc/lib/npcsystem/npchandler.lua:523: in function 'onThink'
[10/7/2012 14:48:37] 	data/npc/scripts/game/default.lua:9: in function <data/npc/scripts/game/default.lua:9>
[10/7/2012 15:11:4] > Saving server...
[10/7/2012 15:11:10] > SAVE: Complete in 6.326 seconds using binary-tilebased house storage.

[10/7/2012 15:17:3] [Error - NpcScript Interface] 
[10/7/2012 15:17:3] (Unknown script file)
[10/7/2012 15:17:3] Description: 
[10/7/2012 15:17:3] attempt to call a nil value
[10/7/2012 15:17:3] stack traceback:

[10/7/2012 15:23:53] [Error - NpcScript Interface] 
[10/7/2012 15:23:53] (Unknown script file)
[10/7/2012 15:23:53] Description: 
[10/7/2012 15:23:53] attempt to call a nil value
[10/7/2012 15:23:53] stack traceback:
[10/7/2012 15:23:53] 	[C]: in function 'closeShopWindow'
[10/7/2012 15:23:53] 	data/npc/lib/npcsystem/npchandler.lua:225: in function 'releaseFocus'
[10/7/2012 15:23:53] 	data/npc/lib/npcsystem/npchandler.lua:591: in function 'onWalkAway'
[10/7/2012 15:23:53] 	data/npc/lib/npcsystem/npchandler.lua:523: in function 'onThink'
[10/7/2012 15:23:53] 	data/npc/scripts/game/default.lua:9: in function <data/npc/scripts/game/default.lua:9>

[10/7/2012 15:28:1] [Error - NpcScript Interface] 
[10/7/2012 15:28:1] (Unknown script file)
[10/7/2012 15:28:1] Description: 
[10/7/2012 15:28:1] attempt to call a nil value
[10/7/2012 15:28:1] stack traceback:

[10/7/2012 15:30:55] [Error - NpcScript Interface] 
[10/7/2012 15:30:55] (Unknown script file)
[10/7/2012 15:30:55] Description: 
[10/7/2012 15:30:55] attempt to call a nil value
[10/7/2012 15:30:55] stack traceback:
[10/7/2012 15:30:55] 	[C]: in function 'closeShopWindow'
[10/7/2012 15:30:55] 	data/npc/lib/npcsystem/npchandler.lua:225: in function 'releaseFocus'
[10/7/2012 15:30:55] 	data/npc/lib/npcsystem/npchandler.lua:591: in function 'onWalkAway'
[10/7/2012 15:30:55] 	data/npc/lib/npcsystem/npchandler.lua:523: in function 'onThink'
[10/7/2012 15:30:55] 	data/npc/scripts/game/default.lua:9: in function <data/npc/scripts/game/default.lua:9>

[10/7/2012 15:51:10] [Error - Action Interface] 
[10/7/2012 15:51:10] data/actions/scripts/tools/rope.lua:onUse
[10/7/2012 15:51:10] Description: 
[10/7/2012 15:51:10] (luaGetThingFromPos) Tile not found

[10/7/2012 15:51:20] [Error - NpcScript Interface] 
[10/7/2012 15:51:20] (Unknown script file)
[10/7/2012 15:51:20] Description: 
[10/7/2012 15:51:20] attempt to call a nil value
[10/7/2012 15:51:20] stack traceback:
[10/7/2012 15:51:20] 	[C]: in function 'closeShopWindow'
[10/7/2012 15:51:20] 	data/npc/lib/npcsystem/npchandler.lua:225: in function 'releaseFocus'
[10/7/2012 15:51:20] 	data/npc/lib/npcsystem/npchandler.lua:591: in function 'onWalkAway'
[10/7/2012 15:51:20] 	data/npc/lib/npcsystem/npchandler.lua:523: in function 'onThink'
[10/7/2012 15:51:20] 	data/npc/scripts/game/default.lua:9: in function <data/npc/scripts/game/default.lua:9>

[10/7/2012 15:55:51] [Error - Action Interface] 
[10/7/2012 15:55:51] data/actions/scripts/tools/rope.lua:onUse
[10/7/2012 15:55:51] Description: 
[10/7/2012 15:55:51] (luaGetThingFromPos) Tile not found

[10/7/2012 15:55:54] [Error - Action Interface] 
[10/7/2012 15:55:54] data/actions/scripts/tools/rope.lua:onUse
[10/7/2012 15:55:54] Description: 
[10/7/2012 15:55:54] (luaGetThingFromPos) Tile not found

[10/7/2012 15:55:56] [Error - Action Interface] 
[10/7/2012 15:55:56] data/actions/scripts/tools/rope.lua:onUse
[10/7/2012 15:55:56] Description: 
[10/7/2012 15:55:56] (luaGetThingFromPos) Tile not found

[10/7/2012 15:56:4] [Error - Action Interface] 
[10/7/2012 15:56:4] data/actions/scripts/tools/rope.lua:onUse
[10/7/2012 15:56:4] Description: 
[10/7/2012 15:56:4] (luaGetThingFromPos) Tile not found

[10/7/2012 15:56:7] [Error - Action Interface] 
[10/7/2012 15:56:7] data/actions/scripts/tools/rope.lua:onUse
[10/7/2012 15:56:7] Description: 
[10/7/2012 15:56:7] (luaGetThingFromPos) Tile not found

[10/7/2012 15:56:10] [Error - Action Interface] 
[10/7/2012 15:56:10] data/actions/scripts/tools/rope.lua:onUse
[10/7/2012 15:56:10] Description: 
[10/7/2012 15:56:10] (luaGetThingFromPos) Tile not found

[10/7/2012 15:56:24] [Error - Action Interface] 
[10/7/2012 15:56:24] data/actions/scripts/tools/rope.lua:onUse
[10/7/2012 15:56:24] Description: 
[10/7/2012 15:56:24] (luaGetThingFromPos) Tile not found

[10/7/2012 15:56:27] [Error - Action Interface] 
[10/7/2012 15:56:27] data/actions/scripts/tools/rope.lua:onUse
[10/7/2012 15:56:27] Description: 
[10/7/2012 15:56:27] (luaGetThingFromPos) Tile not found

[10/7/2012 15:56:29] [Error - Action Interface] 
[10/7/2012 15:56:29] data/actions/scripts/tools/rope.lua:onUse
[10/7/2012 15:56:29] Description: 
[10/7/2012 15:56:29] (luaGetThingFromPos) Tile not found

[10/7/2012 15:56:33] [Error - Action Interface] 
[10/7/2012 15:56:33] data/actions/scripts/tools/rope.lua:onUse
[10/7/2012 15:56:33] Description: 
[10/7/2012 15:56:33] (luaGetThingFromPos) Tile not found

[10/7/2012 15:56:36] [Error - Action Interface] 
[10/7/2012 15:56:36] data/actions/scripts/tools/rope.lua:onUse
[10/7/2012 15:56:36] Description: 
[10/7/2012 15:56:36] (luaGetThingFromPos) Tile not found

[10/7/2012 15:56:38] [Error - NpcScript Interface] 
[10/7/2012 15:56:38] (Unknown script file)
[10/7/2012 15:56:38] Description: 
[10/7/2012 15:56:38] attempt to call a nil value
[10/7/2012 15:56:38] stack traceback:
[10/7/2012 15:56:38] 	[C]: in function 'closeShopWindow'
[10/7/2012 15:56:38] 	data/npc/lib/npcsystem/npchandler.lua:225: in function 'releaseFocus'
[10/7/2012 15:56:38] 	data/npc/lib/npcsystem/npchandler.lua:591: in function 'onWalkAway'
[10/7/2012 15:56:38] 	data/npc/lib/npcsystem/npchandler.lua:523: in function 'onThink'
[10/7/2012 15:56:38] 	data/npc/scripts/game/default.lua:9: in function <data/npc/scripts/game/default.lua:9>

[10/7/2012 15:56:39] [Error - Action Interface] 
[10/7/2012 15:56:39] data/actions/scripts/tools/rope.lua:onUse
[10/7/2012 15:56:39] Description: 
[10/7/2012 15:56:39] (luaGetThingFromPos) Tile not found

[10/7/2012 15:56:42] [Error - Action Interface] 
[10/7/2012 15:56:42] data/actions/scripts/tools/rope.lua:onUse
[10/7/2012 15:56:42] Description: 
[10/7/2012 15:56:42] (luaGetThingFromPos) Tile not found
[10/7/2012 15:59:1] [Warning - Protocol::RSA_decrypt] Not valid packet size (IP: 187.61.153.178)
[10/7/2012 16:11:4] > Saving server...
[10/7/2012 16:11:9] > SAVE: Complete in 4.885 seconds using binary-tilebased house storage.

[10/7/2012 16:12:29] [Error - NpcScript Interface] 
[10/7/2012 16:12:29] (Unknown script file)
[10/7/2012 16:12:29] Description: 
[10/7/2012 16:12:29] attempt to call a nil value
[10/7/2012 16:12:29] stack traceback:
[10/7/2012 16:12:29] 	[C]: in function 'closeShopWindow'
[10/7/2012 16:12:29] 	data/npc/lib/npcsystem/npchandler.lua:225: in function 'releaseFocus'
[10/7/2012 16:12:29] 	data/npc/lib/npcsystem/npchandler.lua:591: in function 'onWalkAway'
[10/7/2012 16:12:29] 	data/npc/lib/npcsystem/npchandler.lua:523: in function 'onThink'
[10/7/2012 16:12:29] 	data/npc/scripts/game/blacksmith.lua:9: in function <data/npc/scripts/game/blacksmith.lua:9>

[10/7/2012 16:13:35] [Error - NpcScript Interface] 
[10/7/2012 16:13:35] (Unknown script file)
[10/7/2012 16:13:35] Description: 
[10/7/2012 16:13:35] attempt to call a nil value
[10/7/2012 16:13:35] stack traceback:

[10/7/2012 16:23:40] [Error - NpcScript Interface] 
[10/7/2012 16:23:40] (Unknown script file)
[10/7/2012 16:23:40] Description: 
[10/7/2012 16:23:40] attempt to call a nil value
[10/7/2012 16:23:40] stack traceback:

[10/7/2012 16:28:10] [Error - NpcScript Interface] 
[10/7/2012 16:28:10] (Unknown script file)
[10/7/2012 16:28:10] Description: 
[10/7/2012 16:28:10] attempt to call a nil value
[10/7/2012 16:28:10] stack traceback:
[10/7/2012 16:28:10] 	[C]: in function 'closeShopWindow'
[10/7/2012 16:28:10] 	data/npc/lib/npcsystem/npchandler.lua:225: in function 'releaseFocus'
[10/7/2012 16:28:10] 	data/npc/lib/npcsystem/npchandler.lua:591: in function 'onWalkAway'
[10/7/2012 16:28:10] 	data/npc/lib/npcsystem/npchandler.lua:523: in function 'onThink'
[10/7/2012 16:28:10] 	data/npc/scripts/game/default.lua:9: in function <data/npc/scripts/game/default.lua:9>

[10/7/2012 16:30:52] [Error - NpcScript Interface] 
[10/7/2012 16:30:52] (Unknown script file)
[10/7/2012 16:30:52] Description: 
[10/7/2012 16:30:52] attempt to call a nil value
[10/7/2012 16:30:52] stack traceback:

[10/7/2012 16:31:28] [Error - NpcScript Interface] 
[10/7/2012 16:31:28] (Unknown script file)
[10/7/2012 16:31:28] Description: 
[10/7/2012 16:31:28] attempt to call a nil value
[10/7/2012 16:31:28] stack traceback:
[10/7/2012 16:31:28] 	[C]: in function 'closeShopWindow'
[10/7/2012 16:31:28] 	data/npc/lib/npcsystem/npchandler.lua:225: in function 'releaseFocus'
[10/7/2012 16:31:28] 	data/npc/lib/npcsystem/npchandler.lua:591: in function 'onWalkAway'
[10/7/2012 16:31:28] 	data/npc/lib/npcsystem/npchandler.lua:523: in function 'onThink'
[10/7/2012 16:31:28] 	data/npc/scripts/game/default.lua:9: in function <data/npc/scripts/game/default.lua:9>

[10/7/2012 16:32:48] [Error - NpcScript Interface] 
[10/7/2012 16:32:48] (Unknown script file)
[10/7/2012 16:32:48] Description: 
[10/7/2012 16:32:48] attempt to call a nil value
[10/7/2012 16:32:48] stack traceback:
[10/7/2012 16:32:48] 	[C]: in function 'closeShopWindow'
[10/7/2012 16:32:48] 	data/npc/lib/npcsystem/npchandler.lua:225: in function 'releaseFocus'
[10/7/2012 16:32:48] 	data/npc/lib/npcsystem/npchandler.lua:591: in function 'onWalkAway'
[10/7/2012 16:32:48] 	data/npc/lib/npcsystem/npchandler.lua:523: in function 'onThink'
[10/7/2012 16:32:48] 	data/npc/scripts/game/default.lua:9: in function <data/npc/scripts/game/default.lua:9>

[10/7/2012 17:10:17] [Error - NpcScript Interface] 
[10/7/2012 17:10:17] (Unknown script file)
[10/7/2012 17:10:17] Description: 
[10/7/2012 17:10:17] attempt to call a nil value
[10/7/2012 17:10:17] stack traceback:
[10/7/2012 17:10:17] 	[C]: in function 'closeShopWindow'
[10/7/2012 17:10:17] 	data/npc/lib/npcsystem/npchandler.lua:225: in function 'releaseFocus'
[10/7/2012 17:10:17] 	data/npc/lib/npcsystem/npchandler.lua:591: in function 'onWalkAway'
[10/7/2012 17:10:17] 	data/npc/lib/npcsystem/npchandler.lua:523: in function 'onThink'
[10/7/2012 17:10:17] 	data/npc/scripts/game/default.lua:9: in function <data/npc/scripts/game/default.lua:9>
[10/7/2012 17:11:4] > Saving server...
[10/7/2012 17:11:10] > SAVE: Complete in 6.145 seconds using binary-tilebased house storage.

[10/7/2012 17:14:0] [Error - NpcScript Interface] 
[10/7/2012 17:14:0] (Unknown script file)
[10/7/2012 17:14:0] Description: 
[10/7/2012 17:14:0] attempt to call a nil value
[10/7/2012 17:14:0] stack traceback:
[10/7/2012 17:14:0] 	[C]: in function 'closeShopWindow'
[10/7/2012 17:14:0] 	data/npc/lib/npcsystem/npchandler.lua:225: in function 'releaseFocus'
[10/7/2012 17:14:0] 	data/npc/lib/npcsystem/npchandler.lua:363: in function 'unGreet'
[10/7/2012 17:14:0] 	data/npc/lib/npcsystem/npchandler.lua:406: in function 'onCreatureDisappear'
[10/7/2012 17:14:0] 	data/npc/scripts/game/bless/bless4.lua:7: in function <data/npc/scripts/game/bless/bless4.lua:7>

[10/7/2012 17:53:18] [Error - NpcScript Interface] 
[10/7/2012 17:53:18] (Unknown script file)
[10/7/2012 17:53:18] Description: 
[10/7/2012 17:53:18] attempt to call a nil value
[10/7/2012 17:53:18] stack traceback:
[10/7/2012 17:53:18] 	[C]: in function 'closeShopWindow'
[10/7/2012 17:53:18] 	data/npc/lib/npcsystem/npchandler.lua:225: in function 'releaseFocus'
[10/7/2012 17:53:18] 	data/npc/lib/npcsystem/npchandler.lua:591: in function 'onWalkAway'
[10/7/2012 17:53:18] 	data/npc/lib/npcsystem/npchandler.lua:523: in function 'onThink'
[10/7/2012 17:53:18] 	data/npc/scripts/game/default.lua:9: in function <data/npc/scripts/game/default.lua:9>
[10/7/2012 17:54:8] [Warning - Protocol::RSA_decrypt] Not valid packet size (IP: 177.175.9.219)
[10/7/2012 17:55:47] [Warning - Protocol::RSA_decrypt] Not valid packet size (IP: 177.175.9.219)
[10/7/2012 17:56:38] [Warning - Protocol::RSA_decrypt] Not valid packet size (IP: 177.175.9.219)
[10/7/2012 17:56:57] [Warning - Protocol::RSA_decrypt] Not valid packet size (IP: 177.175.9.219)

[10/7/2012 18:0:19] [Error - NpcScript Interface] 
[10/7/2012 18:0:19] (Unknown script file)
[10/7/2012 18:0:19] Description: 
[10/7/2012 18:0:19] attempt to call a nil value
[10/7/2012 18:0:19] stack traceback:

[10/7/2012 18:7:1] [Error - NpcScript Interface] 
[10/7/2012 18:7:1] (Unknown script file)
[10/7/2012 18:7:1] Description: 
[10/7/2012 18:7:1] attempt to call a nil value
[10/7/2012 18:7:1] stack traceback:
[10/7/2012 18:7:1] 	[C]: in function 'closeShopWindow'
[10/7/2012 18:7:1] 	data/npc/lib/npcsystem/npchandler.lua:225: in function 'releaseFocus'
[10/7/2012 18:7:1] 	data/npc/lib/npcsystem/npchandler.lua:591: in function 'onWalkAway'
[10/7/2012 18:7:1] 	data/npc/lib/npcsystem/npchandler.lua:523: in function 'onThink'
[10/7/2012 18:7:1] 	data/npc/scripts/game/default.lua:9: in function <data/npc/scripts/game/default.lua:9>
[10/7/2012 18:11:4] > Saving server...
[10/7/2012 18:11:9] > SAVE: Complete in 4.622 seconds using binary-tilebased house storage.

[10/7/2012 18:26:1] [Error - NpcScript Interface] 
[10/7/2012 18:26:1] (Unknown script file)
[10/7/2012 18:26:1] Description: 
[10/7/2012 18:26:1] attempt to call a nil value
[10/7/2012 18:26:1] stack traceback:
[10/7/2012 18:26:1] 	[C]: in function 'closeShopWindow'
[10/7/2012 18:26:1] 	data/npc/lib/npcsystem/npchandler.lua:225: in function 'releaseFocus'
[10/7/2012 18:26:1] 	data/npc/lib/npcsystem/npchandler.lua:591: in function 'onWalkAway'
[10/7/2012 18:26:1] 	data/npc/lib/npcsystem/npchandler.lua:523: in function 'onThink'
[10/7/2012 18:26:1] 	data/npc/scripts/game/default.lua:9: in function <data/npc/scripts/game/default.lua:9>

[10/7/2012 18:34:45] [Error - NpcScript Interface] 
[10/7/2012 18:34:45] (Unknown script file)
[10/7/2012 18:34:45] Description: 
[10/7/2012 18:34:45] attempt to call a nil value
[10/7/2012 18:34:45] stack traceback:

[10/7/2012 18:42:44] [Error - NpcScript Interface] 
[10/7/2012 18:42:44] (Unknown script file)
[10/7/2012 18:42:44] Description: 
[10/7/2012 18:42:44] attempt to call a nil value
[10/7/2012 18:42:44] stack traceback:
[10/7/2012 18:42:44] 	[C]: in function 'closeShopWindow'
[10/7/2012 18:42:44] 	data/npc/lib/npcsystem/npchandler.lua:225: in function 'releaseFocus'
[10/7/2012 18:42:44] 	data/npc/lib/npcsystem/npchandler.lua:591: in function 'onWalkAway'
[10/7/2012 18:42:44] 	data/npc/lib/npcsystem/npchandler.lua:523: in function 'onThink'
[10/7/2012 18:42:44] 	data/npc/scripts/game/blacksmith.lua:9: in function <data/npc/scripts/game/blacksmith.lua:9>

[10/7/2012 18:48:37] [Error - NpcScript Interface] 
[10/7/2012 18:48:37] (Unknown script file)
[10/7/2012 18:48:37] Description: 
[10/7/2012 18:48:37] attempt to call a nil value
[10/7/2012 18:48:37] stack traceback:

[10/7/2012 18:55:27] [Error - NpcScript Interface] 
[10/7/2012 18:55:27] (Unknown script file)
[10/7/2012 18:55:27] Description: 
[10/7/2012 18:55:27] attempt to call a nil value
[10/7/2012 18:55:27] stack traceback:

[10/7/2012 19:9:29] [Error - NpcScript Interface] 
[10/7/2012 19:9:29] (Unknown script file)
[10/7/2012 19:9:29] Description: 
[10/7/2012 19:9:29] attempt to call a nil value
[10/7/2012 19:9:29] stack traceback:
[10/7/2012 19:9:29] 	[C]: in function 'closeShopWindow'
[10/7/2012 19:9:29] 	data/npc/lib/npcsystem/npchandler.lua:225: in function 'releaseFocus'
[10/7/2012 19:9:29] 	data/npc/lib/npcsystem/npchandler.lua:591: in function 'onWalkAway'
[10/7/2012 19:9:29] 	data/npc/lib/npcsystem/npchandler.lua:523: in function 'onThink'
[10/7/2012 19:9:29] 	data/npc/scripts/game/default.lua:9: in function <data/npc/scripts/game/default.lua:9>

[10/7/2012 19:9:30] [Error - NpcScript Interface] 
[10/7/2012 19:9:30] (Unknown script file)
[10/7/2012 19:9:30] Description: 
[10/7/2012 19:9:30] attempt to call a nil value
[10/7/2012 19:9:30] stack traceback:
[10/7/2012 19:11:4] > Saving server...
[10/7/2012 19:11:10] > SAVE: Complete in 5.572 seconds using binary-tilebased house storage.

[10/7/2012 19:12:28] [Error - NpcScript Interface] 
[10/7/2012 19:12:28] (Unknown script file)
[10/7/2012 19:12:28] Description: 
[10/7/2012 19:12:28] attempt to call a nil value
[10/7/2012 19:12:28] stack traceback:
[10/7/2012 19:12:28] 	[C]: in function 'closeShopWindow'
[10/7/2012 19:12:28] 	data/npc/lib/npcsystem/npchandler.lua:225: in function 'releaseFocus'
[10/7/2012 19:12:28] 	data/npc/lib/npcsystem/npchandler.lua:591: in function 'onWalkAway'
[10/7/2012 19:12:28] 	data/npc/lib/npcsystem/npchandler.lua:523: in function 'onThink'
[10/7/2012 19:12:28] 	data/npc/scripts/game/default.lua:9: in function <data/npc/scripts/game/default.lua:9>

[10/7/2012 19:34:50] [Error - NpcScript Interface] 
[10/7/2012 19:34:50] (Unknown script file)
[10/7/2012 19:34:50] Description: 
[10/7/2012 19:34:50] attempt to call a nil value
[10/7/2012 19:34:50] stack traceback:
[10/7/2012 19:34:50] 	[C]: in function 'closeShopWindow'
[10/7/2012 19:34:50] 	data/npc/lib/npcsystem/npchandler.lua:225: in function 'releaseFocus'
[10/7/2012 19:34:50] 	data/npc/lib/npcsystem/npchandler.lua:591: in function 'onWalkAway'
[10/7/2012 19:34:50] 	data/npc/lib/npcsystem/npchandler.lua:523: in function 'onThink'
[10/7/2012 19:34:50] 	data/npc/scripts/game/default.lua:9: in function <data/npc/scripts/game/default.lua:9>
[10/7/2012 19:39:24] [Warning - Protocol::RSA_decrypt] Not valid packet size (IP: 200.138.213.205)

[10/7/2012 19:39:30] [Error - NpcScript Interface] 
[10/7/2012 19:39:30] (Unknown script file)
[10/7/2012 19:39:30] Description: 
[10/7/2012 19:39:30] attempt to call a nil value
[10/7/2012 19:39:30] stack traceback:
[10/7/2012 19:39:30] 	[C]: in function 'closeShopWindow'
[10/7/2012 19:39:30] 	data/npc/lib/npcsystem/npchandler.lua:225: in function 'releaseFocus'
[10/7/2012 19:39:30] 	data/npc/lib/npcsystem/npchandler.lua:591: in function 'onWalkAway'
[10/7/2012 19:39:30] 	data/npc/lib/npcsystem/npchandler.lua:523: in function 'onThink'
[10/7/2012 19:39:30] 	data/npc/scripts/game/rashid.lua:9: in function <data/npc/scripts/game/rashid.lua:9>

[10/7/2012 19:44:3] [Error - NpcScript Interface] 
[10/7/2012 19:44:3] (Unknown script file)
[10/7/2012 19:44:3] Description: 
[10/7/2012 19:44:3] attempt to call a nil value
[10/7/2012 19:44:3] stack traceback:
[10/7/2012 19:44:3] 	[C]: in function 'closeShopWindow'
[10/7/2012 19:44:3] 	data/npc/lib/npcsystem/npchandler.lua:225: in function 'releaseFocus'
[10/7/2012 19:44:3] 	data/npc/lib/npcsystem/npchandler.lua:591: in function 'onWalkAway'
[10/7/2012 19:44:3] 	data/npc/lib/npcsystem/npchandler.lua:523: in function 'onThink'
[10/7/2012 19:44:3] 	data/npc/scripts/game/default.lua:9: in function <data/npc/scripts/game/default.lua:9>

[10/7/2012 19:49:51] [Error - NpcScript Interface] 
[10/7/2012 19:49:51] (Unknown script file)
[10/7/2012 19:49:51] Description: 
[10/7/2012 19:49:51] attempt to call a nil value
[10/7/2012 19:49:51] stack traceback:

[10/7/2012 19:51:16] [Error - NpcScript Interface] 
[10/7/2012 19:51:16] (Unknown script file)
[10/7/2012 19:51:16] Description: 
[10/7/2012 19:51:16] attempt to call a nil value
[10/7/2012 19:51:16] stack traceback:

[10/7/2012 20:1:29] [Error - NpcScript Interface] 
[10/7/2012 20:1:29] (Unknown script file)
[10/7/2012 20:1:29] Description: 
[10/7/2012 20:1:29] attempt to call a nil value
[10/7/2012 20:1:29] stack traceback:
[10/7/2012 20:1:29] 	[C]: in function 'closeShopWindow'
[10/7/2012 20:1:29] 	data/npc/lib/npcsystem/npchandler.lua:225: in function 'releaseFocus'
[10/7/2012 20:1:29] 	data/npc/lib/npcsystem/npchandler.lua:591: in function 'onWalkAway'
[10/7/2012 20:1:29] 	data/npc/lib/npcsystem/npchandler.lua:523: in function 'onThink'
[10/7/2012 20:1:29] 	data/npc/scripts/game/default.lua:9: in function <data/npc/scripts/game/default.lua:9>

[10/7/2012 20:2:42] [Error - NpcScript Interface] 
[10/7/2012 20:2:42] (Unknown script file)
[10/7/2012 20:2:42] Description: 
[10/7/2012 20:2:42] attempt to call a nil value
[10/7/2012 20:2:42] stack traceback:
[10/7/2012 20:2:42] 	[C]: in function 'closeShopWindow'
[10/7/2012 20:2:42] 	data/npc/lib/npcsystem/npchandler.lua:225: in function 'releaseFocus'
[10/7/2012 20:2:42] 	data/npc/lib/npcsystem/npchandler.lua:591: in function 'onWalkAway'
[10/7/2012 20:2:42] 	data/npc/lib/npcsystem/npchandler.lua:523: in function 'onThink'
[10/7/2012 20:2:42] 	data/npc/scripts/game/default.lua:9: in function <data/npc/scripts/game/default.lua:9>
[10/7/2012 20:11:4] > Saving server...
[10/7/2012 20:11:11] > SAVE: Complete in 6.843 seconds using binary-tilebased house storage.

[10/7/2012 20:17:38] [Error - NpcScript Interface] 
[10/7/2012 20:17:38] (Unknown script file)
[10/7/2012 20:17:38] Description: 
[10/7/2012 20:17:38] attempt to call a nil value
[10/7/2012 20:17:38] stack traceback:
[10/7/2012 20:17:38] 	[C]: in function 'closeShopWindow'
[10/7/2012 20:17:38] 	data/npc/lib/npcsystem/npchandler.lua:225: in function 'releaseFocus'
[10/7/2012 20:17:38] 	data/npc/lib/npcsystem/npchandler.lua:591: in function 'onWalkAway'
[10/7/2012 20:17:38] 	data/npc/lib/npcsystem/npchandler.lua:523: in function 'onThink'
[10/7/2012 20:17:38] 	data/npc/scripts/game/default.lua:9: in function <data/npc/scripts/game/default.lua:9>
[10/7/2012 20:18:9] [Warning - Protocol::RSA_decrypt] Not valid packet size (IP: 189.83.214.1)

[10/7/2012 20:18:32] [Error - NpcScript Interface] 
[10/7/2012 20:18:32] (Unknown script file)
[10/7/2012 20:18:32] Description: 
[10/7/2012 20:18:32] attempt to call a nil value
[10/7/2012 20:18:32] stack traceback:
[10/7/2012 20:18:32] 	[C]: in function 'closeShopWindow'
[10/7/2012 20:18:32] 	data/npc/lib/npcsystem/npchandler.lua:225: in function 'releaseFocus'
[10/7/2012 20:18:32] 	data/npc/lib/npcsystem/npchandler.lua:591: in function 'onWalkAway'
[10/7/2012 20:18:32] 	data/npc/lib/npcsystem/npchandler.lua:523: in function 'onThink'
[10/7/2012 20:18:32] 	data/npc/scripts/game/default.lua:9: in function <data/npc/scripts/game/default.lua:9>

[10/7/2012 20:21:6] [Error - NpcScript Interface] 
[10/7/2012 20:21:6] (Unknown script file)
[10/7/2012 20:21:6] Description: 
[10/7/2012 20:21:6] attempt to call a nil value
[10/7/2012 20:21:6] stack traceback:
[10/7/2012 20:21:6] 	[C]: in function 'closeShopWindow'
[10/7/2012 20:21:6] 	data/npc/lib/npcsystem/npchandler.lua:225: in function 'releaseFocus'
[10/7/2012 20:21:6] 	data/npc/lib/npcsystem/npchandler.lua:591: in function 'onWalkAway'
[10/7/2012 20:21:6] 	data/npc/lib/npcsystem/npchandler.lua:523: in function 'onThink'
[10/7/2012 20:21:6] 	data/npc/scripts/game/default.lua:9: in function <data/npc/scripts/game/default.lua:9>

[10/7/2012 20:29:36] [Error - NpcScript Interface] 
[10/7/2012 20:29:36] (Unknown script file)
[10/7/2012 20:29:36] Description: 
[10/7/2012 20:29:36] attempt to call a nil value
[10/7/2012 20:29:36] stack traceback:

[10/7/2012 20:34:56] [Error - NpcScript Interface] 
[10/7/2012 20:34:56] (Unknown script file)
[10/7/2012 20:34:56] Description: 
[10/7/2012 20:34:56] attempt to call a nil value
[10/7/2012 20:34:56] stack traceback:
[10/7/2012 20:34:56] 	[C]: in function 'closeShopWindow'
[10/7/2012 20:34:56] 	data/npc/lib/npcsystem/npchandler.lua:225: in function 'releaseFocus'
[10/7/2012 20:34:56] 	data/npc/lib/npcsystem/npchandler.lua:591: in function 'onWalkAway'
[10/7/2012 20:34:56] 	data/npc/lib/npcsystem/npchandler.lua:523: in function 'onThink'
[10/7/2012 20:34:56] 	data/npc/scripts/game/default.lua:9: in function <data/npc/scripts/game/default.lua:9>

[10/7/2012 20:36:50] [Error - NpcScript Interface] 
[10/7/2012 20:36:50] (Unknown script file)
[10/7/2012 20:36:50] Description: 
[10/7/2012 20:36:50] attempt to call a nil value
[10/7/2012 20:36:50] stack traceback:

[10/7/2012 20:37:46] [Error - NpcScript Interface] 
[10/7/2012 20:37:46] (Unknown script file)
[10/7/2012 20:37:46] Description: 
[10/7/2012 20:37:46] attempt to call a nil value
[10/7/2012 20:37:46] stack traceback:
[10/7/2012 20:37:46] 	[C]: in function 'closeShopWindow'
[10/7/2012 20:37:46] 	data/npc/lib/npcsystem/npchandler.lua:225: in function 'releaseFocus'
[10/7/2012 20:37:46] 	data/npc/lib/npcsystem/npchandler.lua:591: in function 'onWalkAway'
[10/7/2012 20:37:46] 	data/npc/lib/npcsystem/npchandler.lua:523: in function 'onThink'
[10/7/2012 20:37:46] 	data/npc/scripts/game/default.lua:9: in function <data/npc/scripts/game/default.lua:9>

[10/7/2012 20:38:28] [Error - NpcScript Interface] 
[10/7/2012 20:38:28] (Unknown script file)
[10/7/2012 20:38:28] Description: 
[10/7/2012 20:38:28] attempt to call a nil value
[10/7/2012 20:38:28] stack traceback:
[10/7/2012 20:38:28] 	[C]: in function 'closeShopWindow'
[10/7/2012 20:38:28] 	data/npc/lib/npcsystem/npchandler.lua:225: in function 'releaseFocus'
[10/7/2012 20:38:28] 	data/npc/lib/npcsystem/npchandler.lua:591: in function 'onWalkAway'
[10/7/2012 20:38:28] 	data/npc/lib/npcsystem/npchandler.lua:523: in function 'onThink'
[10/7/2012 20:38:28] 	data/npc/scripts/game/default.lua:9: in function <data/npc/scripts/game/default.lua:9>

[10/7/2012 20:41:22] [Error - NpcScript Interface] 
[10/7/2012 20:41:22] (Unknown script file)
[10/7/2012 20:41:22] Description: 
[10/7/2012 20:41:22] attempt to call a nil value
[10/7/2012 20:41:22] stack traceback:
[10/7/2012 21:11:4] > Saving server...
[10/7/2012 21:11:9] > SAVE: Complete in 5.346 seconds using binary-tilebased house storage.

[10/7/2012 21:35:15] [Error - NpcScript Interface] 
[10/7/2012 21:35:15] (Unknown script file)
[10/7/2012 21:35:15] Description: 
[10/7/2012 21:35:15] attempt to call a nil value
[10/7/2012 21:35:15] stack traceback:
[10/7/2012 21:35:15] 	[C]: in function 'closeShopWindow'
[10/7/2012 21:35:15] 	data/npc/lib/npcsystem/npchandler.lua:225: in function 'releaseFocus'
[10/7/2012 21:35:15] 	data/npc/lib/npcsystem/npchandler.lua:591: in function 'onWalkAway'
[10/7/2012 21:35:15] 	data/npc/lib/npcsystem/npchandler.lua:523: in function 'onThink'
[10/7/2012 21:35:15] 	data/npc/scripts/game/default.lua:9: in function <data/npc/scripts/game/default.lua:9>

[10/7/2012 22:10:27] [Error - NpcScript Interface] 
[10/7/2012 22:10:27] (Unknown script file)
[10/7/2012 22:10:27] Description: 
[10/7/2012 22:10:27] attempt to call a nil value
[10/7/2012 22:10:27] stack traceback:
[10/7/2012 22:11:4] > Saving server...
[10/7/2012 22:11:10] > SAVE: Complete in 5.529 seconds using binary-tilebased house storage.

[10/7/2012 22:31:28] [Error - NpcScript Interface] 
[10/7/2012 22:31:28] (Unknown script file)
[10/7/2012 22:31:28] Description: 
[10/7/2012 22:31:28] attempt to call a nil value
[10/7/2012 22:31:28] stack traceback:
[10/7/2012 22:31:28] 	[C]: in function 'closeShopWindow'
[10/7/2012 22:31:28] 	data/npc/lib/npcsystem/npchandler.lua:225: in function 'releaseFocus'
[10/7/2012 22:31:28] 	data/npc/lib/npcsystem/npchandler.lua:591: in function 'onWalkAway'
[10/7/2012 22:31:28] 	data/npc/lib/npcsystem/npchandler.lua:523: in function 'onThink'
[10/7/2012 22:31:28] 	data/npc/scripts/game/default.lua:9: in function <data/npc/scripts/game/default.lua:9>

[10/7/2012 22:32:27] [Error - NpcScript Interface] 
[10/7/2012 22:32:27] (Unknown script file)
[10/7/2012 22:32:27] Description: 
[10/7/2012 22:32:27] attempt to call a nil value
[10/7/2012 22:32:27] stack traceback:
[10/7/2012 22:32:27] 	[C]: in function 'closeShopWindow'
[10/7/2012 22:32:27] 	data/npc/lib/npcsystem/npchandler.lua:225: in function 'releaseFocus'
[10/7/2012 22:32:27] 	data/npc/lib/npcsystem/npchandler.lua:591: in function 'onWalkAway'
[10/7/2012 22:32:27] 	data/npc/lib/npcsystem/npchandler.lua:523: in function 'onThink'
[10/7/2012 22:32:27] 	data/npc/scripts/game/default.lua:9: in function <data/npc/scripts/game/default.lua:9>

[10/7/2012 22:32:50] [Error - NpcScript Interface] 
[10/7/2012 22:32:50] (Unknown script file)
[10/7/2012 22:32:50] Description: 
[10/7/2012 22:32:50] attempt to call a nil value
[10/7/2012 22:32:50] stack traceback:
[10/7/2012 22:32:50] 	[C]: in function 'closeShopWindow'
[10/7/2012 22:32:50] 	data/npc/lib/npcsystem/npchandler.lua:225: in function 'releaseFocus'
[10/7/2012 22:32:50] 	data/npc/lib/npcsystem/npchandler.lua:591: in function 'onWalkAway'
[10/7/2012 22:32:50] 	data/npc/lib/npcsystem/npchandler.lua:523: in function 'onThink'
[10/7/2012 22:32:50] 	data/npc/scripts/game/default.lua:9: in function <data/npc/scripts/game/default.lua:9>

[10/7/2012 22:37:32] [Error - NpcScript Interface] 
[10/7/2012 22:37:32] (Unknown script file)
[10/7/2012 22:37:32] Description: 
[10/7/2012 22:37:32] attempt to call a nil value
[10/7/2012 22:37:32] stack traceback:
[10/7/2012 22:37:32] 	[C]: in function 'closeShopWindow'
[10/7/2012 22:37:32] 	data/npc/lib/npcsystem/npchandler.lua:225: in function 'releaseFocus'
[10/7/2012 22:37:32] 	data/npc/lib/npcsystem/npchandler.lua:591: in function 'onWalkAway'
[10/7/2012 22:37:32] 	data/npc/lib/npcsystem/npchandler.lua:523: in function 'onThink'
[10/7/2012 22:37:32] 	data/npc/scripts/game/default.lua:9: in function <data/npc/scripts/game/default.lua:9>

[10/7/2012 22:43:14] [Error - NpcScript Interface] 
[10/7/2012 22:43:14] (Unknown script file)
[10/7/2012 22:43:14] Description: 
[10/7/2012 22:43:14] attempt to call a nil value
[10/7/2012 22:43:14] stack traceback:
[10/7/2012 22:43:14] 	[C]: in function 'closeShopWindow'
[10/7/2012 22:43:14] 	data/npc/lib/npcsystem/npchandler.lua:225: in function 'releaseFocus'
[10/7/2012 22:43:14] 	data/npc/lib/npcsystem/npchandler.lua:591: in function 'onWalkAway'
[10/7/2012 22:43:14] 	data/npc/lib/npcsystem/npchandler.lua:523: in function 'onThink'
[10/7/2012 22:43:14] 	data/npc/scripts/game/default.lua:9: in function <data/npc/scripts/game/default.lua:9>

[10/7/2012 22:43:37] [Error - NpcScript Interface] 
[10/7/2012 22:43:37] (Unknown script file)
[10/7/2012 22:43:37] Description: 
[10/7/2012 22:43:37] attempt to call a nil value
[10/7/2012 22:43:37] stack traceback:
[10/7/2012 22:43:37] 	[C]: in function 'closeShopWindow'
[10/7/2012 22:43:37] 	data/npc/lib/npcsystem/npchandler.lua:225: in function 'releaseFocus'
[10/7/2012 22:43:37] 	data/npc/lib/npcsystem/npchandler.lua:591: in function 'onWalkAway'
[10/7/2012 22:43:37] 	data/npc/lib/npcsystem/npchandler.lua:523: in function 'onThink'
[10/7/2012 22:43:37] 	data/npc/scripts/game/blacksmith.lua:9: in function <data/npc/scripts/game/blacksmith.lua:9>

[10/7/2012 22:44:1] [Error - NpcScript Interface] 
[10/7/2012 22:44:1] (Unknown script file)
[10/7/2012 22:44:1] Description: 
[10/7/2012 22:44:1] attempt to call a nil value
[10/7/2012 22:44:1] stack traceback:
[10/7/2012 22:44:1] 	[C]: in function 'closeShopWindow'
[10/7/2012 22:44:1] 	data/npc/lib/npcsystem/npchandler.lua:225: in function 'releaseFocus'
[10/7/2012 22:44:1] 	data/npc/lib/npcsystem/npchandler.lua:591: in function 'onWalkAway'
[10/7/2012 22:44:1] 	data/npc/lib/npcsystem/npchandler.lua:523: in function 'onThink'
[10/7/2012 22:44:1] 	data/npc/scripts/game/blacksmith.lua:9: in function <data/npc/scripts/game/blacksmith.lua:9>

[10/7/2012 22:55:41] [Error - NpcScript Interface] 
[10/7/2012 22:55:41] (Unknown script file)
[10/7/2012 22:55:41] Description: 
[10/7/2012 22:55:41] attempt to call a nil value
[10/7/2012 22:55:41] stack traceback:
[10/7/2012 22:55:41] 	[C]: in function 'closeShopWindow'
[10/7/2012 22:55:41] 	data/npc/lib/npcsystem/npchandler.lua:225: in function 'releaseFocus'
[10/7/2012 22:55:41] 	data/npc/lib/npcsystem/npchandler.lua:591: in function 'onWalkAway'
[10/7/2012 22:55:41] 	data/npc/lib/npcsystem/npchandler.lua:523: in function 'onThink'
[10/7/2012 22:55:41] 	data/npc/scripts/game/bless/bless4.lua:9: in function <data/npc/scripts/game/bless/bless4.lua:9>

[10/7/2012 23:10:9] [Error - NpcScript Interface] 
[10/7/2012 23:10:9] (Unknown script file)
[10/7/2012 23:10:9] Description: 
[10/7/2012 23:10:9] attempt to call a nil value
[10/7/2012 23:10:9] stack traceback:
[10/7/2012 23:11:4] > Saving server...
[10/7/2012 23:11:10] > SAVE: Complete in 5.786 seconds using binary-tilebased house storage.

[10/7/2012 23:24:17] [Error - NpcScript Interface] 
[10/7/2012 23:24:17] (Unknown script file)
[10/7/2012 23:24:17] Description: 
[10/7/2012 23:24:17] attempt to call a nil value
[10/7/2012 23:24:17] stack traceback:

[10/7/2012 23:52:23] [Error - NpcScript Interface] 
[10/7/2012 23:52:23] (Unknown script file)
[10/7/2012 23:52:23] Description: 
[10/7/2012 23:52:23] attempt to call a nil value
[10/7/2012 23:52:23] stack traceback:

[11/7/2012 0:5:0] [Error - NpcScript Interface] 
[11/7/2012 0:5:0] (Unknown script file)
[11/7/2012 0:5:0] Description: 
[11/7/2012 0:5:0] attempt to call a nil value
[11/7/2012 0:5:0] stack traceback:
[11/7/2012 0:5:0] 	[C]: in function 'closeShopWindow'
[11/7/2012 0:5:0] 	data/npc/lib/npcsystem/npchandler.lua:225: in function 'releaseFocus'
[11/7/2012 0:5:0] 	data/npc/lib/npcsystem/npchandler.lua:591: in function 'onWalkAway'
[11/7/2012 0:5:0] 	data/npc/lib/npcsystem/npchandler.lua:523: in function 'onThink'
[11/7/2012 0:5:0] 	data/npc/scripts/game/default.lua:9: in function <data/npc/scripts/game/default.lua:9>

[11/7/2012 0:10:29] [Error - NpcScript Interface] 
[11/7/2012 0:10:29] (Unknown script file)
[11/7/2012 0:10:29] Description: 
[11/7/2012 0:10:29] attempt to call a nil value
[11/7/2012 0:10:29] stack traceback:
[11/7/2012 0:10:29] 	[C]: in function 'closeShopWindow'
[11/7/2012 0:10:29] 	data/npc/lib/npcsystem/npchandler.lua:225: in function 'releaseFocus'
[11/7/2012 0:10:29] 	data/npc/lib/npcsystem/npchandler.lua:591: in function 'onWalkAway'
[11/7/2012 0:10:29] 	data/npc/lib/npcsystem/npchandler.lua:523: in function 'onThink'
[11/7/2012 0:10:29] 	data/npc/scripts/game/default.lua:9: in function <data/npc/scripts/game/default.lua:9>
[11/7/2012 0:11:4] > Saving server...
[11/7/2012 0:11:10] > SAVE: Complete in 5.636 seconds using binary-tilebased house storage.
[11/7/2012 0:44:52] [Warning - Protocol::RSA_decrypt] Not valid packet size (IP: 201.92.241.251)

[11/7/2012 0:45:31] [Error - NpcScript Interface] 
[11/7/2012 0:45:31] (Unknown script file)
[11/7/2012 0:45:31] Description: 
[11/7/2012 0:45:31] attempt to call a nil value
[11/7/2012 0:45:31] stack traceback:
[11/7/2012 0:45:31] 	[C]: in function 'closeShopWindow'
[11/7/2012 0:45:31] 	data/npc/lib/npcsystem/npchandler.lua:225: in function 'releaseFocus'
[11/7/2012 0:45:31] 	data/npc/lib/npcsystem/npchandler.lua:591: in function 'onWalkAway'
[11/7/2012 0:45:31] 	data/npc/lib/npcsystem/npchandler.lua:523: in function 'onThink'
[11/7/2012 0:45:31] 	data/npc/scripts/game/default.lua:9: in function <data/npc/scripts/game/default.lua:9>

[11/7/2012 0:48:53] [Error - NpcScript Interface] 
[11/7/2012 0:48:53] (Unknown script file)
[11/7/2012 0:48:53] Description: 
[11/7/2012 0:48:53] attempt to call a nil value
[11/7/2012 0:48:53] stack traceback:
[11/7/2012 0:48:53] 	[C]: in function 'closeShopWindow'
[11/7/2012 0:48:53] 	data/npc/lib/npcsystem/npchandler.lua:225: in function 'releaseFocus'
[11/7/2012 0:48:53] 	data/npc/lib/npcsystem/npchandler.lua:591: in function 'onWalkAway'
[11/7/2012 0:48:53] 	data/npc/lib/npcsystem/npchandler.lua:523: in function 'onThink'
[11/7/2012 0:48:53] 	data/npc/scripts/game/default.lua:9: in function <data/npc/scripts/game/default.lua:9>
[11/7/2012 1:11:4] > Saving server...
[11/7/2012 1:11:10] > SAVE: Complete in 6.033 seconds using binary-tilebased house storage.

[11/7/2012 1:15:8] [Error - NpcScript Interface] 
[11/7/2012 1:15:8] (Unknown script file)
[11/7/2012 1:15:8] Description: 
[11/7/2012 1:15:8] attempt to call a nil value
[11/7/2012 1:15:8] stack traceback:

[11/7/2012 1:23:12] [Error - NpcScript Interface] 
[11/7/2012 1:23:12] (Unknown script file)
[11/7/2012 1:23:12] Description: 
[11/7/2012 1:23:12] attempt to call a nil value
[11/7/2012 1:23:12] stack traceback:
[11/7/2012 1:23:12] 	[C]: in function 'closeShopWindow'
[11/7/2012 1:23:12] 	data/npc/lib/npcsystem/npchandler.lua:225: in function 'releaseFocus'
[11/7/2012 1:23:12] 	data/npc/lib/npcsystem/npchandler.lua:591: in function 'onWalkAway'
[11/7/2012 1:23:12] 	data/npc/lib/npcsystem/npchandler.lua:523: in function 'onThink'
[11/7/2012 1:23:12] 	data/npc/scripts/game/default.lua:9: in function <data/npc/scripts/game/default.lua:9>

[11/7/2012 1:37:3] [Error - NpcScript Interface] 
[11/7/2012 1:37:3] (Unknown script file)
[11/7/2012 1:37:3] Description: 
[11/7/2012 1:37:3] attempt to call a nil value
[11/7/2012 1:37:3] stack traceback:

[11/7/2012 1:41:26] [Error - NpcScript Interface] 
[11/7/2012 1:41:26] (Unknown script file)
[11/7/2012 1:41:26] Description: 
[11/7/2012 1:41:26] attempt to call a nil value
[11/7/2012 1:41:26] stack traceback:

[11/7/2012 1:46:26] [Error - NpcScript Interface] 
[11/7/2012 1:46:26] (Unknown script file)
[11/7/2012 1:46:26] Description: 
[11/7/2012 1:46:26] attempt to call a nil value
[11/7/2012 1:46:26] stack traceback:
[11/7/2012 1:46:26] 	[C]: in function 'closeShopWindow'
[11/7/2012 1:46:26] 	data/npc/lib/npcsystem/npchandler.lua:225: in function 'releaseFocus'
[11/7/2012 1:46:26] 	data/npc/lib/npcsystem/npchandler.lua:591: in function 'onWalkAway'
[11/7/2012 1:46:26] 	data/npc/lib/npcsystem/npchandler.lua:523: in function 'onThink'
[11/7/2012 1:46:26] 	data/npc/scripts/game/blacksmith.lua:9: in function <data/npc/scripts/game/blacksmith.lua:9>

[11/7/2012 1:46:57] [Error - NpcScript Interface] 
[11/7/2012 1:46:57] (Unknown script file)
[11/7/2012 1:46:57] Description: 
[11/7/2012 1:46:57] attempt to call a nil value
[11/7/2012 1:46:57] stack traceback:
[11/7/2012 1:46:57] 	[C]: in function 'closeShopWindow'
[11/7/2012 1:46:57] 	data/npc/lib/npcsystem/npchandler.lua:225: in function 'releaseFocus'
[11/7/2012 1:46:57] 	data/npc/lib/npcsystem/npchandler.lua:591: in function 'onWalkAway'
[11/7/2012 1:46:57] 	data/npc/lib/npcsystem/npchandler.lua:523: in function 'onThink'
[11/7/2012 1:46:57] 	data/npc/scripts/game/default.lua:9: in function <data/npc/scripts/game/default.lua:9>

[11/7/2012 2:4:7] [Error - NpcScript Interface] 
[11/7/2012 2:4:7] (Unknown script file)
[11/7/2012 2:4:7] Description: 
[11/7/2012 2:4:7] attempt to call a nil value
[11/7/2012 2:4:7] stack traceback:
[11/7/2012 2:11:4] > Saving server...
[11/7/2012 2:11:9] > SAVE: Complete in 4.877 seconds using binary-tilebased house storage.

[11/7/2012 2:28:28] [Error - Action Interface] 
[11/7/2012 2:28:28] data/actions/scripts/tools/rope.lua:onUse
[11/7/2012 2:28:28] Description: 
[11/7/2012 2:28:28] (luaGetThingFromPos) Tile not found

[11/7/2012 2:28:33] [Error - Action Interface] 
[11/7/2012 2:28:33] data/actions/scripts/tools/rope.lua:onUse
[11/7/2012 2:28:33] Description: 
[11/7/2012 2:28:33] (luaGetThingFromPos) Tile not found

[11/7/2012 2:28:37] [Error - Action Interface] 
[11/7/2012 2:28:37] data/actions/scripts/tools/rope.lua:onUse
[11/7/2012 2:28:37] Description: 
[11/7/2012 2:28:37] (luaGetThingFromPos) Tile not found

[11/7/2012 2:28:54] [Error - Action Interface] 
[11/7/2012 2:28:54] data/actions/scripts/tools/rope.lua:onUse
[11/7/2012 2:28:54] Description: 
[11/7/2012 2:28:54] (luaGetThingFromPos) Tile not found

[11/7/2012 2:28:59] [Error - Action Interface] 
[11/7/2012 2:28:59] data/actions/scripts/tools/rope.lua:onUse
[11/7/2012 2:28:59] Description: 
[11/7/2012 2:28:59] (luaGetThingFromPos) Tile not found

[11/7/2012 2:29:3] [Error - Action Interface] 
[11/7/2012 2:29:3] data/actions/scripts/tools/rope.lua:onUse
[11/7/2012 2:29:3] Description: 
[11/7/2012 2:29:3] (luaGetThingFromPos) Tile not found

[11/7/2012 2:29:8] [Error - Action Interface] 
[11/7/2012 2:29:8] data/actions/scripts/tools/rope.lua:onUse
[11/7/2012 2:29:8] Description: 
[11/7/2012 2:29:8] (luaGetThingFromPos) Tile not found

[11/7/2012 2:29:12] [Error - Action Interface] 
[11/7/2012 2:29:12] data/actions/scripts/tools/rope.lua:onUse
[11/7/2012 2:29:12] Description: 
[11/7/2012 2:29:12] (luaGetThingFromPos) Tile not found

[11/7/2012 2:37:14] [Error - NpcScript Interface] 
[11/7/2012 2:37:14] (Unknown script file)
[11/7/2012 2:37:14] Description: 
[11/7/2012 2:37:14] attempt to call a nil value
[11/7/2012 2:37:14] stack traceback:

[11/7/2012 2:41:18] [Error - NpcScript Interface] 
[11/7/2012 2:41:18] (Unknown script file)
[11/7/2012 2:41:18] Description: 
[11/7/2012 2:41:18] attempt to call a nil value
[11/7/2012 2:41:18] stack traceback:

[11/7/2012 2:55:18] [Error - NpcScript Interface] 
[11/7/2012 2:55:18] (Unknown script file)
[11/7/2012 2:55:18] Description: 
[11/7/2012 2:55:18] attempt to call a nil value
[11/7/2012 2:55:18] stack traceback:

[11/7/2012 3:10:4] [Error - Action Interface] 
[11/7/2012 3:10:4] data/actions/scripts/tools/shovel.lua:onUse
[11/7/2012 3:10:4] Description: 
[11/7/2012 3:10:4] (luaDoCreateMonster) Cannot create monster: Scarab

[11/7/2012 3:10:9] [Error - Action Interface] 
[11/7/2012 3:10:9] data/actions/scripts/tools/shovel.lua:onUse
[11/7/2012 3:10:9] Description: 
[11/7/2012 3:10:9] (luaDoCreateMonster) Cannot create monster: Scarab

[11/7/2012 3:10:17] [Error - Action Interface] 
[11/7/2012 3:10:17] data/actions/scripts/tools/shovel.lua:onUse
[11/7/2012 3:10:17] Description: 
[11/7/2012 3:10:17] (luaDoCreateMonster) Cannot create monster: Scarab

[11/7/2012 3:10:29] [Error - Action Interface] 
[11/7/2012 3:10:29] data/actions/scripts/tools/shovel.lua:onUse
[11/7/2012 3:10:29] Description: 
[11/7/2012 3:10:29] (luaDoCreateMonster) Cannot create monster: Scarab

[11/7/2012 3:10:29] [Error - Action Interface] 
[11/7/2012 3:10:29] data/actions/scripts/tools/shovel.lua:onUse
[11/7/2012 3:10:29] Description: 
[11/7/2012 3:10:29] (luaDoCreateMonster) Cannot create monster: Scarab

[11/7/2012 3:10:37] [Error - Action Interface] 
[11/7/2012 3:10:37] data/actions/scripts/tools/shovel.lua:onUse
[11/7/2012 3:10:37] Description: 
[11/7/2012 3:10:37] (luaDoCreateMonster) Cannot create monster: Scarab
[11/7/2012 3:11:4] > Saving server...
[11/7/2012 3:11:7] > SAVE: Complete in 3.26 seconds using binary-tilebased house storage.
[11/7/2012 4:11:4] > Saving server...
[11/7/2012 4:11:7] > SAVE: Complete in 2.795 seconds using binary-tilebased house storage.
[11/7/2012 4:28:33] > Broadcasted message: "A terra esta tremendo no cemiterio de Quendor!".
[11/7/2012 4:29:33] > Broadcasted message: "Exercitos de criaturas feitas de ossos marcham para Quendor!".
[11/7/2012 4:30:13] > Broadcasted message: "Quendor está sob ataques!".
[11/7/2012 5:11:4] > Saving server...
[11/7/2012 5:11:7] > SAVE: Complete in 2.522 seconds using binary-tilebased house storage.
[11/7/2012 6:11:4] > Saving server...
[11/7/2012 6:11:7] > SAVE: Complete in 2.596 seconds using binary-tilebased house storage.

[11/7/2012 6:35:52] [Error - NpcScript Interface] 
[11/7/2012 6:35:52] (Unknown script file)
[11/7/2012 6:35:52] Description: 
[11/7/2012 6:35:52] attempt to call a nil value
[11/7/2012 6:35:52] stack traceback:
[11/7/2012 6:35:52] 	[C]: in function 'closeShopWindow'
[11/7/2012 6:35:52] 	data/npc/lib/npcsystem/npchandler.lua:225: in function 'releaseFocus'
[11/7/2012 6:35:52] 	data/npc/lib/npcsystem/npchandler.lua:591: in function 'onWalkAway'
[11/7/2012 6:35:52] 	data/npc/lib/npcsystem/npchandler.lua:523: in function 'onThink'
[11/7/2012 6:35:52] 	data/npc/scripts/game/blacksmith.lua:9: in function <data/npc/scripts/game/blacksmith.lua:9>
[11/7/2012 7:11:4] > Saving server...
[11/7/2012 7:11:7] > SAVE: Complete in 3.146 seconds using binary-tilebased house storage.
[11/7/2012 7:13:12] [Warning - Protocol::RSA_decrypt] Not valid packet size (IP: 200.138.213.205)
[11/7/2012 8:11:4] > Saving server...
[11/7/2012 8:11:7] > SAVE: Complete in 2.661 seconds using binary-tilebased house storage.

[11/7/2012 8:37:16] [Error - NpcScript Interface] 
[11/7/2012 8:37:16] (Unknown script file)
[11/7/2012 8:37:16] Description: 
[11/7/2012 8:37:16] attempt to call a nil value
[11/7/2012 8:37:16] stack traceback:
[11/7/2012 8:37:16] 	[C]: in function 'closeShopWindow'
[11/7/2012 8:37:16] 	data/npc/lib/npcsystem/npchandler.lua:225: in function 'releaseFocus'
[11/7/2012 8:37:16] 	data/npc/lib/npcsystem/npchandler.lua:591: in function 'onWalkAway'
[11/7/2012 8:37:16] 	data/npc/lib/npcsystem/npchandler.lua:523: in function 'onThink'
[11/7/2012 8:37:16] 	data/npc/scripts/game/default.lua:9: in function <data/npc/scripts/game/default.lua:9>

[11/7/2012 8:42:12] [Error - NpcScript Interface] 
[11/7/2012 8:42:12] (Unknown script file)
[11/7/2012 8:42:12] Description: 
[11/7/2012 8:42:12] attempt to call a nil value
[11/7/2012 8:42:12] stack traceback:
[11/7/2012 8:42:12] 	[C]: in function 'closeShopWindow'
[11/7/2012 8:42:12] 	data/npc/lib/npcsystem/npchandler.lua:225: in function 'releaseFocus'
[11/7/2012 8:42:12] 	data/npc/lib/npcsystem/npchandler.lua:591: in function 'onWalkAway'
[11/7/2012 8:42:12] 	data/npc/lib/npcsystem/npchandler.lua:523: in function 'onThink'
[11/7/2012 8:42:12] 	data/npc/scripts/game/default.lua:9: in function <data/npc/scripts/game/default.lua:9>
[11/7/2012 8:46:33] > Broadcasted message: "A terra esta tremendo no cemiterio de Quendor!".
[11/7/2012 8:47:33] > Broadcasted message: "Exercitos de criaturas feitas de ossos marcham para Quendor!".
[11/7/2012 8:48:13] > Broadcasted message: "Quendor está sob ataques!".

[11/7/2012 9:3:8] [Error - NpcScript Interface] 
[11/7/2012 9:3:8] (Unknown script file)
[11/7/2012 9:3:8] Description: 
[11/7/2012 9:3:8] attempt to call a nil value
[11/7/2012 9:3:8] stack traceback:
[11/7/2012 9:3:8] 	[C]: in function 'closeShopWindow'
[11/7/2012 9:3:8] 	data/npc/lib/npcsystem/npchandler.lua:225: in function 'releaseFocus'
[11/7/2012 9:3:8] 	data/npc/lib/npcsystem/npchandler.lua:591: in function 'onWalkAway'
[11/7/2012 9:3:8] 	data/npc/lib/npcsystem/npchandler.lua:523: in function 'onThink'
[11/7/2012 9:3:8] 	data/npc/scripts/game/default.lua:9: in function <data/npc/scripts/game/default.lua:9>
[11/7/2012 9:11:4] > Saving server...
[11/7/2012 9:11:8] > SAVE: Complete in 3.69 seconds using binary-tilebased house storage.

[11/7/2012 9:46:22] [Error - NpcScript Interface] 
[11/7/2012 9:46:22] (Unknown script file)
[11/7/2012 9:46:22] Description: 
[11/7/2012 9:46:22] attempt to call a nil value
[11/7/2012 9:46:22] stack traceback:
[11/7/2012 9:46:22] 	[C]: in function 'closeShopWindow'
[11/7/2012 9:46:22] 	data/npc/lib/npcsystem/npchandler.lua:225: in function 'releaseFocus'
[11/7/2012 9:46:22] 	data/npc/lib/npcsystem/npchandler.lua:591: in function 'onWalkAway'
[11/7/2012 9:46:22] 	data/npc/lib/npcsystem/npchandler.lua:523: in function 'onThink'
[11/7/2012 9:46:22] 	data/npc/scripts/game/blacksmith.lua:9: in function <data/npc/scripts/game/blacksmith.lua:9>

[11/7/2012 9:57:2] [Error - NpcScript Interface] 
[11/7/2012 9:57:2] (Unknown script file)
[11/7/2012 9:57:2] Description: 
[11/7/2012 9:57:2] attempt to call a nil value
[11/7/2012 9:57:2] stack traceback:

[11/7/2012 9:58:43] [Error - NpcScript Interface] 
[11/7/2012 9:58:43] (Unknown script file)
[11/7/2012 9:58:43] Description: 
[11/7/2012 9:58:43] attempt to call a nil value
[11/7/2012 9:58:43] stack traceback:
[11/7/2012 9:58:43] 	[C]: in function 'closeShopWindow'
[11/7/2012 9:58:43] 	data/npc/lib/npcsystem/npchandler.lua:225: in function 'releaseFocus'
[11/7/2012 9:58:43] 	data/npc/lib/npcsystem/npchandler.lua:591: in function 'onWalkAway'
[11/7/2012 9:58:43] 	data/npc/lib/npcsystem/npchandler.lua:523: in function 'onThink'
[11/7/2012 9:58:43] 	data/npc/scripts/game/default.lua:9: in function <data/npc/scripts/game/default.lua:9>
[11/7/2012 10:0:11] > Paying houses...
[11/7/2012 10:0:12] Houses paid in 0.635 seconds.
[11/7/2012 10:0:12] > Saving server...
[11/7/2012 10:0:12] > SAVE: Complete in 0.335 seconds using binary-tilebased house storage.
[11/7/2012 10:0:12] Preparing to shutdown the server- done.
