[11/8/2012 10:9:2] > Using MD5 encryption
[11/8/2012 10:9:2] >> Loading RSA key
[11/8/2012 10:9:2] >> Starting SQL connection

[11/8/2012 10:9:2] > WARNING: Outdated MySQL server detected, consider upgrading to a newer version.
[11/8/2012 10:9:2] >> Running Database Manager
[11/8/2012 10:9:3] >> Loading items (OTB)
[11/8/2012 10:9:3] >> Loading items (XML)
[11/8/2012 10:9:3] [Warning - Items::loadFromXml] Unknown key value blocksolid
[11/8/2012 10:9:3] [Warning - Items::loadFromXml] Unknown key value blocksolid
[11/8/2012 10:9:3] >> Loading groups
[11/8/2012 10:9:3] >> Loading vocations
[11/8/2012 10:9:3] >> Loading outfits
[11/8/2012 10:9:3] >> Loading chat channels
[11/8/2012 10:9:3] >> Loading script systems
[11/8/2012 10:9:5] [Warning - Event::loadScript] Event onTime not found (data/globalevents/scripts/clean.lua)
[11/8/2012 10:9:5] >> Loading mods...
[11/8/2012 10:9:5] > 0 mods were loaded.
[11/8/2012 10:9:5] >> Loading experience stages
[11/8/2012 10:9:5] >> Loading monsters
[11/8/2012 10:9:6] [Warning - Monsters::deserializeSpell] Frost Dragon - Unknown areaEffect: smallice
[11/8/2012 10:9:7] >> Loading map and spawns...
[11/8/2012 10:9:10] > Map size: 5000x5000.
[11/8/2012 10:9:10] > Map descriptions: 
[11/8/2012 10:9:10] "Saved with Remere's Map Editor 2.2"
[11/8/2012 10:9:10] "SimOne MapEditor 0.5.5"
[11/8/2012 10:9:11] [Warning - IOMap::loadMap] Movable item in house: 517, item type: 2741, pos 1070/1121/6
[11/8/2012 10:9:11] [Warning - IOMap::loadMap] Movable item in house: 518, item type: 2741, pos 1070/1129/6
[11/8/2012 10:9:11] [Warning - IOMap::loadMap] Movable item in house: 517, item type: 2741, pos 1073/1121/6
[11/8/2012 10:9:11] [Warning - IOMap::loadMap] Movable item in house: 518, item type: 2741, pos 1073/1129/6
[11/8/2012 10:9:13] Duplicate uniqueId 6401
[11/8/2012 10:9:13] Duplicate uniqueId 6401
[11/8/2012 10:9:15] Duplicate uniqueId 6401
[11/8/2012 10:9:15] Duplicate uniqueId 6401
[11/8/2012 10:9:15] Duplicate uniqueId 6401
[11/8/2012 10:9:15] Duplicate uniqueId 6401
[11/8/2012 10:9:20] Duplicate uniqueId 6401
[11/8/2012 10:9:20] Duplicate uniqueId 6401
[11/8/2012 10:9:22] Duplicate uniqueId 2004
[11/8/2012 10:9:22] Duplicate uniqueId 2005
[11/8/2012 10:9:22] Duplicate uniqueId 2006
[11/8/2012 10:9:22] Duplicate uniqueId 2007
[11/8/2012 10:9:26] Duplicate uniqueId 6401
[11/8/2012 10:9:26] Duplicate uniqueId 6401
[11/8/2012 10:9:26] Duplicate uniqueId 6401
[11/8/2012 10:9:27] Duplicate uniqueId 6400
[11/8/2012 10:9:27] Duplicate uniqueId 6401
[11/8/2012 10:9:27] Duplicate uniqueId 2056
[11/8/2012 10:9:27] Duplicate uniqueId 2057
[11/8/2012 10:9:27] Duplicate uniqueId 2058
[11/8/2012 10:9:27] Duplicate uniqueId 2051
[11/8/2012 10:9:27] Duplicate uniqueId 2052
[11/8/2012 10:9:27] Duplicate uniqueId 2053
[11/8/2012 10:9:27] Duplicate uniqueId 2054
[11/8/2012 10:9:27] > Map loading time: 20.271 seconds.
[11/8/2012 10:9:28] [Spawn::addMonster] Cannot find "Butterfly"
[11/8/2012 10:9:28] [Spawn::addMonster] Cannot find "Butterfly"
[11/8/2012 10:9:29] > Data parsing time: 1.191 seconds.
[11/8/2012 10:9:45] > Houses synchronization time: 16.203 seconds.
[11/8/2012 10:9:45] > Content unserialization time: 0.184 seconds.
[11/8/2012 10:9:45] >> Checking world type... Open PvP
[11/8/2012 10:9:45] >> Initializing game state and binding services...
[11/8/2012 10:9:47] > Global IP address: 184.173.128.212
[11/8/2012 10:9:47] > Bound ports: 7577	7578	9215	
[11/8/2012 10:9:47] >> Everything smells good, server is starting up...
[11/8/2012 10:9:47] [DDOS EMERGENCY] Enabled>> 
UltraX server Online!
[11/8/2012 10:9:47] [DDOS EMERGENCY] Enabled>> 
UltraX server Online!

[11/8/2012 11:11:5] > Saving server...
[11/8/2012 11:11:11] > SAVE: Complete in 5.7 seconds using binary-tilebased house storage.
[11/8/2012 12:11:5] > Saving server...
[11/8/2012 12:11:11] > SAVE: Complete in 5.736 seconds using binary-tilebased house storage.
[11/8/2012 13:11:5] > Saving server...
[11/8/2012 13:11:14] > SAVE: Complete in 9.076 seconds using binary-tilebased house storage.
[11/8/2012 14:11:5] > Saving server...
[11/8/2012 14:11:13] > SAVE: Complete in 7.473 seconds using binary-tilebased house storage.

[11/8/2012 14:46:5] [Error - Action Interface] 
[11/8/2012 14:46:5] data/actions/scripts/tools/rope.lua:onUse
[11/8/2012 14:46:5] Description: 
[11/8/2012 14:46:5] (luaGetThingFromPos) Tile not found

[11/8/2012 14:46:23] [Error - Action Interface] 
[11/8/2012 14:46:23] data/actions/scripts/tools/rope.lua:onUse
[11/8/2012 14:46:23] Description: 
[11/8/2012 14:46:23] (luaGetThingFromPos) Tile not found

[11/8/2012 14:52:19] [Error - Action Interface] 
[11/8/2012 14:52:19] data/actions/scripts/tools/rope.lua:onUse
[11/8/2012 14:52:19] Description: 
[11/8/2012 14:52:19] (luaGetThingFromPos) Tile not found
[11/8/2012 15:11:5] > Saving server...
[11/8/2012 15:11:13] > SAVE: Complete in 7.473 seconds using binary-tilebased house storage.

[11/8/2012 15:46:36] [Error - Action Interface] 
[11/8/2012 15:46:36] data/actions/scripts/tools/pick.lua:onUse
[11/8/2012 15:46:36] Description: 
[11/8/2012 15:46:36] (luaGetThingFromPos) Tile not found
[11/8/2012 16:11:5] > Saving server...
[11/8/2012 16:11:13] > SAVE: Complete in 7.335 seconds using binary-tilebased house storage.
[11/8/2012 16:11:24] [Warning - Protocol::RSA_decrypt] Not valid packet size (IP: 187.32.85.65)

[11/8/2012 17:8:40] [Error - CreatureScript Interface] 
[11/8/2012 17:8:40] data/creaturescripts/scripts/game/inquisition.lua:onKill
[11/8/2012 17:8:40] Description: 
[11/8/2012 17:8:40] (luaAddEvent) Callback parameter should be a function.

[11/8/2012 17:8:40] [Error - CreatureScript Interface] 
[11/8/2012 17:8:40] data/creaturescripts/scripts/game/inquisition.lua:onKill
[11/8/2012 17:8:40] Description: 
[11/8/2012 17:8:40] (luaAddEvent) Callback parameter should be a function.

[11/8/2012 17:8:40] [Error - CreatureScript Interface] 
[11/8/2012 17:8:40] data/creaturescripts/scripts/game/inquisition.lua:onKill
[11/8/2012 17:8:40] Description: 
[11/8/2012 17:8:40] (luaAddEvent) Callback parameter should be a function.

[11/8/2012 17:8:40] [Error - CreatureScript Interface] 
[11/8/2012 17:8:40] data/creaturescripts/scripts/game/inquisition.lua:onKill
[11/8/2012 17:8:40] Description: 
[11/8/2012 17:8:40] (luaAddEvent) Callback parameter should be a function.

[11/8/2012 17:8:40] [Error - CreatureScript Interface] 
[11/8/2012 17:8:40] data/creaturescripts/scripts/game/inquisition.lua:onKill
[11/8/2012 17:8:40] Description: 
[11/8/2012 17:8:40] (luaAddEvent) Callback parameter should be a function.

[11/8/2012 17:8:40] [Error - CreatureScript Interface] 
[11/8/2012 17:8:40] data/creaturescripts/scripts/game/inquisition.lua:onKill
[11/8/2012 17:8:40] Description: 
[11/8/2012 17:8:40] (luaAddEvent) Callback parameter should be a function.

[11/8/2012 17:8:40] [Error - CreatureScript Interface] 
[11/8/2012 17:8:40] data/creaturescripts/scripts/game/inquisition.lua:onKill
[11/8/2012 17:8:40] Description: 
[11/8/2012 17:8:40] (luaAddEvent) Callback parameter should be a function.

[11/8/2012 17:8:40] [Error - CreatureScript Interface] 
[11/8/2012 17:8:40] data/creaturescripts/scripts/game/inquisition.lua:onKill
[11/8/2012 17:8:40] Description: 
[11/8/2012 17:8:40] (luaAddEvent) Callback parameter should be a function.

[11/8/2012 17:8:40] [Error - CreatureScript Interface] 
[11/8/2012 17:8:40] data/creaturescripts/scripts/game/inquisition.lua:onKill
[11/8/2012 17:8:40] Description: 
[11/8/2012 17:8:40] (luaAddEvent) Callback parameter should be a function.

[11/8/2012 17:8:40] [Error - CreatureScript Interface] 
[11/8/2012 17:8:40] data/creaturescripts/scripts/game/inquisition.lua:onKill
[11/8/2012 17:8:40] Description: 
[11/8/2012 17:8:40] (luaAddEvent) Callback parameter should be a function.
[11/8/2012 17:11:5] > Saving server...
[11/8/2012 17:11:13] > SAVE: Complete in 7.496 seconds using binary-tilebased house storage.
[11/8/2012 18:11:5] > Saving server...
[11/8/2012 18:11:12] > SAVE: Complete in 6.729 seconds using binary-tilebased house storage.

[11/8/2012 19:10:50] [Error - Action Interface] 
[11/8/2012 19:10:50] data/actions/scripts/tools/rope.lua:onUse
[11/8/2012 19:10:50] Description: 
[11/8/2012 19:10:50] (luaGetThingFromPos) Tile not found
[11/8/2012 19:11:5] > Saving server...
[11/8/2012 19:11:13] > SAVE: Complete in 7.977 seconds using binary-tilebased house storage.

[11/8/2012 19:17:17] [Error - Action Interface] 
[11/8/2012 19:17:17] data/actions/scripts/tools/rope.lua:onUse
[11/8/2012 19:17:17] Description: 
[11/8/2012 19:17:17] (luaGetThingFromPos) Tile not found

[11/8/2012 19:23:14] [Error - Action Interface] 
[11/8/2012 19:23:14] data/actions/scripts/tools/rope.lua:onUse
[11/8/2012 19:23:14] Description: 
[11/8/2012 19:23:14] (luaGetThingFromPos) Tile not found

[11/8/2012 19:29:18] [Error - Action Interface] 
[11/8/2012 19:29:18] data/actions/scripts/tools/rope.lua:onUse
[11/8/2012 19:29:18] Description: 
[11/8/2012 19:29:18] (luaGetThingFromPos) Tile not found
[11/8/2012 20:11:5] > Saving server...
[11/8/2012 20:11:13] > SAVE: Complete in 7.584 seconds using binary-tilebased house storage.
[11/8/2012 21:4:49] > Broadcasted message: "Um estranho exercito de Goblins está a fazer baderna no portão ao Oeste de Quendor! Mostrem a nossa força a estas pateticas criaturas!".
[11/8/2012 21:11:5] > Saving server...
[11/8/2012 21:11:12] > SAVE: Complete in 6.727 seconds using binary-tilebased house storage.

[11/8/2012 21:23:21] [Error - Spell Interface] 
[11/8/2012 21:23:21] data/spells/scripts/support/desintegrate_rune.lua:onCastSpell
[11/8/2012 21:23:21] Description: 
[11/8/2012 21:23:21] data/spells/scripts/support/desintegrate_rune.lua:13: attempt to call global 'doCleanTileItemsByPos' (a nil value)
[11/8/2012 21:23:21] stack traceback:
[11/8/2012 21:23:21] 	data/spells/scripts/support/desintegrate_rune.lua:13: in function <data/spells/scripts/support/desintegrate_rune.lua:5>

[11/8/2012 21:23:30] [Error - Spell Interface] 
[11/8/2012 21:23:30] data/spells/scripts/support/desintegrate_rune.lua:onCastSpell
[11/8/2012 21:23:30] Description: 
[11/8/2012 21:23:30] data/spells/scripts/support/desintegrate_rune.lua:13: attempt to call global 'doCleanTileItemsByPos' (a nil value)
[11/8/2012 21:23:30] stack traceback:
[11/8/2012 21:23:30] 	data/spells/scripts/support/desintegrate_rune.lua:13: in function <data/spells/scripts/support/desintegrate_rune.lua:5>

[11/8/2012 21:27:2] [Error - Spell Interface] 
[11/8/2012 21:27:2] data/spells/scripts/support/destroy_field_rune.lua:onCastSpell
[11/8/2012 21:27:2] Description: 
[11/8/2012 21:27:2] (luaDoRemoveItem) Item not found
[11/8/2012 22:11:5] > Saving server...
[11/8/2012 22:11:11] > SAVE: Complete in 5.869 seconds using binary-tilebased house storage.
[11/8/2012 23:11:5] > Saving server...
[11/8/2012 23:11:11] > SAVE: Complete in 5.762 seconds using binary-tilebased house storage.

[11/8/2012 23:58:46] [Error - CreatureScript Interface] 
[11/8/2012 23:58:46] data/creaturescripts/scripts/game/inquisition.lua:onKill
[11/8/2012 23:58:46] Description: 
[11/8/2012 23:58:46] (luaAddEvent) Callback parameter should be a function.

[11/8/2012 23:58:46] [Error - CreatureScript Interface] 
[11/8/2012 23:58:46] data/creaturescripts/scripts/game/inquisition.lua:onKill
[11/8/2012 23:58:46] Description: 
[11/8/2012 23:58:46] (luaAddEvent) Callback parameter should be a function.

[11/8/2012 23:58:46] [Error - CreatureScript Interface] 
[11/8/2012 23:58:46] data/creaturescripts/scripts/game/inquisition.lua:onKill
[11/8/2012 23:58:46] Description: 
[11/8/2012 23:58:46] (luaAddEvent) Callback parameter should be a function.

[11/8/2012 23:58:46] [Error - CreatureScript Interface] 
[11/8/2012 23:58:46] data/creaturescripts/scripts/game/inquisition.lua:onKill
[11/8/2012 23:58:46] Description: 
[11/8/2012 23:58:46] (luaAddEvent) Callback parameter should be a function.

[11/8/2012 23:58:46] [Error - CreatureScript Interface] 
[11/8/2012 23:58:46] data/creaturescripts/scripts/game/inquisition.lua:onKill
[11/8/2012 23:58:46] Description: 
[11/8/2012 23:58:46] (luaAddEvent) Callback parameter should be a function.

[11/8/2012 23:58:46] [Error - CreatureScript Interface] 
[11/8/2012 23:58:46] data/creaturescripts/scripts/game/inquisition.lua:onKill
[11/8/2012 23:58:46] Description: 
[11/8/2012 23:58:46] (luaAddEvent) Callback parameter should be a function.

[11/8/2012 23:58:46] [Error - CreatureScript Interface] 
[11/8/2012 23:58:46] data/creaturescripts/scripts/game/inquisition.lua:onKill
[11/8/2012 23:58:46] Description: 
[11/8/2012 23:58:46] (luaAddEvent) Callback parameter should be a function.

[11/8/2012 23:58:46] [Error - CreatureScript Interface] 
[11/8/2012 23:58:46] data/creaturescripts/scripts/game/inquisition.lua:onKill
[11/8/2012 23:58:46] Description: 
[11/8/2012 23:58:46] (luaAddEvent) Callback parameter should be a function.

[12/8/2012 0:1:32] [Error - MoveEvents Interface] 
[12/8/2012 0:1:32] In a timer event called from: 
[12/8/2012 0:1:32] data/movements/scripts/game/teleport.lua:onStepIn
[12/8/2012 0:1:32] Description: 
[12/8/2012 0:1:32] (luaDoPlayerSendTextMessage) Player not found

[12/8/2012 0:1:32] [Error - MoveEvents Interface] 
[12/8/2012 0:1:32] In a timer event called from: 
[12/8/2012 0:1:32] data/movements/scripts/game/teleport.lua:onStepIn
[12/8/2012 0:1:32] Description: 
[12/8/2012 0:1:32] (luaDoTeleportThing) Thing not found

[12/8/2012 0:1:32] [Error - MoveEvents Interface] 
[12/8/2012 0:1:32] In a timer event called from: 
[12/8/2012 0:1:32] data/movements/scripts/game/teleport.lua:onStepIn
[12/8/2012 0:1:32] Description: 
[12/8/2012 0:1:32] (luaGetThingPosition) Thing not found

[12/8/2012 0:1:32] [Error - MoveEvents Interface] 
[12/8/2012 0:1:32] In a timer event called from: 
[12/8/2012 0:1:32] data/movements/scripts/game/teleport.lua:onStepIn
[12/8/2012 0:1:32] Description: 
[12/8/2012 0:1:32] (luaGetCreatureStorage) Creature not found

[12/8/2012 0:1:32] [Error - MoveEvents Interface] 
[12/8/2012 0:1:32] In a timer event called from: 
[12/8/2012 0:1:32] data/movements/scripts/game/teleport.lua:onStepIn
[12/8/2012 0:1:32] Description: 
[12/8/2012 0:1:32] (luaGetCreatureStorage) Creature not found

[12/8/2012 0:1:32] [Error - MoveEvents Interface] 
[12/8/2012 0:1:32] In a timer event called from: 
[12/8/2012 0:1:32] data/movements/scripts/game/teleport.lua:onStepIn
[12/8/2012 0:1:32] Description: 
[12/8/2012 0:1:32] data/lib/darghos/arena.lua:138: attempt to index field '?' (a nil value)
[12/8/2012 0:1:32] stack traceback:
[12/8/2012 0:1:32] 	data/lib/darghos/arena.lua:138: in function 'onLeave'
[12/8/2012 0:1:32] 	data/lib/darghos/arena.lua:186: in function <data/lib/darghos/arena.lua:181>
[12/8/2012 0:11:5] > Saving server...
[12/8/2012 0:11:13] > SAVE: Complete in 7.239 seconds using binary-tilebased house storage.
[12/8/2012 1:11:5] > Saving server...
[12/8/2012 1:11:12] > SAVE: Complete in 6.578 seconds using binary-tilebased house storage.
[12/8/2012 2:11:5] > Saving server...
[12/8/2012 2:11:13] > SAVE: Complete in 7.304 seconds using binary-tilebased house storage.

[12/8/2012 2:30:9] [Error - Action Interface] 
[12/8/2012 2:30:9] data/actions/scripts/tools/rope.lua:onUse
[12/8/2012 2:30:9] Description: 
[12/8/2012 2:30:9] (luaGetThingFromPos) Tile not found
[12/8/2012 3:11:5] > Saving server...
[12/8/2012 3:11:12] > SAVE: Complete in 6.621 seconds using binary-tilebased house storage.
[12/8/2012 4:11:6] > Saving server...
[12/8/2012 4:11:11] > SAVE: Complete in 5.553 seconds using binary-tilebased house storage.
[12/8/2012 4:36:32] [Warning - Protocol::RSA_decrypt] Not valid packet size (IP: 187.32.85.65)

[12/8/2012 5:4:41] [Error - Action Interface] 
[12/8/2012 5:4:41] data/actions/scripts/tools/rope.lua:onUse
[12/8/2012 5:4:41] Description: 
[12/8/2012 5:4:41] (luaGetThingFromPos) Tile not found
[12/8/2012 5:11:6] > Saving server...
[12/8/2012 5:11:10] > SAVE: Complete in 4.246 seconds using binary-tilebased house storage.
[12/8/2012 6:11:6] > Saving server...
[12/8/2012 6:11:10] > SAVE: Complete in 4.278 seconds using binary-tilebased house storage.
[12/8/2012 6:30:50] > Broadcasted message: "The Mastersmiths Cyclops are too close from our Capital Thorn. Stay alert.".
[12/8/2012 6:34:11] > Broadcasted message: "Help in the Thorn Western Gate! Cyclops are taking the city!".
[12/8/2012 7:11:6] > Saving server...
[12/8/2012 7:11:11] > SAVE: Complete in 5.002 seconds using binary-tilebased house storage.
[12/8/2012 8:11:6] > Saving server...
[12/8/2012 8:11:10] > SAVE: Complete in 4.079 seconds using binary-tilebased house storage.

[12/8/2012 8:18:36] [Error - Action Interface] 
[12/8/2012 8:18:36] data/actions/scripts/tools/pick.lua:onUse
[12/8/2012 8:18:36] Description: 
[12/8/2012 8:18:36] (luaGetThingFromPos) Tile not found

[12/8/2012 8:18:36] [Error - Action Interface] 
[12/8/2012 8:18:36] data/actions/scripts/tools/pick.lua:onUse
[12/8/2012 8:18:36] Description: 
[12/8/2012 8:18:36] (luaGetThingFromPos) Tile not found

[12/8/2012 8:18:36] [Error - Action Interface] 
[12/8/2012 8:18:36] data/actions/scripts/tools/pick.lua:onUse
[12/8/2012 8:18:36] Description: 
[12/8/2012 8:18:36] (luaGetThingFromPos) Tile not found
[12/8/2012 8:46:57] [Warning - Protocol::RSA_decrypt] Not valid packet size (IP: 187.32.85.65)
[12/8/2012 9:11:6] > Saving server...
[12/8/2012 9:11:11] > SAVE: Complete in 5.141 seconds using binary-tilebased house storage.
[12/8/2012 9:52:6] [Failure - Protocol::XTEA_decrypt] Not valid unencrypted message size (IP: 189.31.79.83)
[12/8/2012 10:0:19] > Paying houses...
[12/8/2012 10:0:20] Houses paid in 0.71 seconds.
[12/8/2012 10:0:20] > Saving server...
[12/8/2012 10:0:21] > SAVE: Complete in 0.962 seconds using binary-tilebased house storage.
[12/8/2012 10:0:21] Preparing to shutdown the server- done.
