[12/9/2012 10:9:1] > Using MD5 encryption
[12/9/2012 10:9:1] >> Loading RSA key
[12/9/2012 10:9:1] >> Starting SQL connection

[12/9/2012 10:9:1] > WARNING: Outdated MySQL server detected, consider upgrading to a newer version.
[12/9/2012 10:9:1] >> Running Database Manager
[12/9/2012 10:9:2] >> Loading items (OTB)
[12/9/2012 10:9:2] >> Loading items (XML)
[12/9/2012 10:9:2] [Warning - Items::loadFromXml] Unknown key value blocksolid
[12/9/2012 10:9:2] [Warning - Items::loadFromXml] Unknown key value blocksolid
[12/9/2012 10:9:2] >> Loading groups
[12/9/2012 10:9:2] >> Loading vocations
[12/9/2012 10:9:2] >> Loading outfits
[12/9/2012 10:9:2] >> Loading chat channels
[12/9/2012 10:9:2] >> Loading script systems
[12/9/2012 10:9:3] [Warning - Event::loadScript] Event onTime not found (data/globalevents/scripts/clean.lua)
[12/9/2012 10:9:3] >> Loading mods...
[12/9/2012 10:9:3] > 0 mods were loaded.
[12/9/2012 10:9:3] >> Loading experience stages
[12/9/2012 10:9:3] >> Loading monsters
[12/9/2012 10:9:3] [Warning - Monsters::deserializeSpell] Frost Dragon - Unknown areaEffect: smallice
[12/9/2012 10:9:4] >> Loading map and spawns...
[12/9/2012 10:9:6] > Map size: 5000x5000.
[12/9/2012 10:9:6] > Map descriptions: 
[12/9/2012 10:9:6] "Saved with Remere's Map Editor 2.2"
[12/9/2012 10:9:6] "SimOne MapEditor 0.5.5"
[12/9/2012 10:9:7] [Warning - IOMap::loadMap] Movable item in house: 517, item type: 2741, pos 1070/1121/6
[12/9/2012 10:9:7] [Warning - IOMap::loadMap] Movable item in house: 518, item type: 2741, pos 1070/1129/6
[12/9/2012 10:9:7] [Warning - IOMap::loadMap] Movable item in house: 517, item type: 2741, pos 1073/1121/6
[12/9/2012 10:9:7] [Warning - IOMap::loadMap] Movable item in house: 518, item type: 2741, pos 1073/1129/6
[12/9/2012 10:9:8] Duplicate uniqueId 6401
[12/9/2012 10:9:8] Duplicate uniqueId 6401
[12/9/2012 10:9:11] Duplicate uniqueId 6401
[12/9/2012 10:9:11] Duplicate uniqueId 6401
[12/9/2012 10:9:11] Duplicate uniqueId 6401
[12/9/2012 10:9:11] Duplicate uniqueId 6401
[12/9/2012 10:9:16] Duplicate uniqueId 6401
[12/9/2012 10:9:16] Duplicate uniqueId 6401
[12/9/2012 10:9:18] Duplicate uniqueId 2004
[12/9/2012 10:9:18] Duplicate uniqueId 2005
[12/9/2012 10:9:18] Duplicate uniqueId 2006
[12/9/2012 10:9:18] Duplicate uniqueId 2007
[12/9/2012 10:9:22] Duplicate uniqueId 6401
[12/9/2012 10:9:22] Duplicate uniqueId 6401
[12/9/2012 10:9:22] Duplicate uniqueId 6401
[12/9/2012 10:9:23] Duplicate uniqueId 6400
[12/9/2012 10:9:23] Duplicate uniqueId 6401
[12/9/2012 10:9:23] Duplicate uniqueId 2056
[12/9/2012 10:9:23] Duplicate uniqueId 2057
[12/9/2012 10:9:23] Duplicate uniqueId 2058
[12/9/2012 10:9:23] Duplicate uniqueId 2051
[12/9/2012 10:9:23] Duplicate uniqueId 2052
[12/9/2012 10:9:23] Duplicate uniqueId 2053
[12/9/2012 10:9:23] Duplicate uniqueId 2054
[12/9/2012 10:9:23] > Map loading time: 19.036 seconds.
[12/9/2012 10:9:24] [Spawn::addMonster] Cannot find "Butterfly"
[12/9/2012 10:9:24] [Spawn::addMonster] Cannot find "Butterfly"
[12/9/2012 10:9:25] > Data parsing time: 1.263 seconds.
[12/9/2012 10:9:40] > Houses synchronization time: 15.921 seconds.
[12/9/2012 10:9:41] > Content unserialization time: 0.117 seconds.
[12/9/2012 10:9:41] >> Checking world type... Open PvP
[12/9/2012 10:9:41] >> Initializing game state and binding services...
[12/9/2012 10:9:43] > Global IP address: 184.173.128.212
[12/9/2012 10:9:43] > Bound ports: 7577	7578	9215	
[12/9/2012 10:9:43] >> Everything smells good, server is starting up...
[12/9/2012 10:9:43] [DDOS EMERGENCY] EnabledUltraX
erver Online!
[12/9/2012 10:9:43] [DDOS EMERGENCY] EnabledUltraX
erver Online!


[12/9/2012 10:15:13] [Error - Spell Interface] 
[12/9/2012 10:15:13] data/spells/scripts/support/destroy_field_rune.lua:onCastSpell
[12/9/2012 10:15:13] Description: 
[12/9/2012 10:15:13] (luaDoRemoveItem) Item not found

[12/9/2012 10:19:43] [Error - Action Interface] 
[12/9/2012 10:19:43] data/actions/scripts/tools/pick.lua:onUse
[12/9/2012 10:19:43] Description: 
[12/9/2012 10:19:43] (luaGetThingFromPos) Tile not found

[12/9/2012 10:19:45] [Error - Action Interface] 
[12/9/2012 10:19:45] data/actions/scripts/tools/pick.lua:onUse
[12/9/2012 10:19:45] Description: 
[12/9/2012 10:19:45] (luaGetThingFromPos) Tile not found

[12/9/2012 10:28:31] [Error - NpcScript Interface] 
[12/9/2012 10:28:31] (Unknown script file)
[12/9/2012 10:28:31] Description: 
[12/9/2012 10:28:31] attempt to call a nil value
[12/9/2012 10:28:31] stack traceback:
[12/9/2012 10:28:31] 	[C]: in function 'closeShopWindow'
[12/9/2012 10:28:31] 	data/npc/lib/npcsystem/npchandler.lua:225: in function 'releaseFocus'
[12/9/2012 10:28:31] 	data/npc/lib/npcsystem/npchandler.lua:591: in function 'onWalkAway'
[12/9/2012 10:28:31] 	data/npc/lib/npcsystem/npchandler.lua:523: in function 'onThink'
[12/9/2012 10:28:31] 	data/npc/scripts/game/default.lua:9: in function <data/npc/scripts/game/default.lua:9>

[12/9/2012 10:58:27] [Error - NpcScript Interface] 
[12/9/2012 10:58:27] (Unknown script file)
[12/9/2012 10:58:27] Description: 
[12/9/2012 10:58:27] attempt to call a nil value
[12/9/2012 10:58:27] stack traceback:
[12/9/2012 10:58:27] 	[C]: in function 'closeShopWindow'
[12/9/2012 10:58:27] 	data/npc/lib/npcsystem/npchandler.lua:225: in function 'releaseFocus'
[12/9/2012 10:58:27] 	data/npc/lib/npcsystem/npchandler.lua:591: in function 'onWalkAway'
[12/9/2012 10:58:27] 	data/npc/lib/npcsystem/npchandler.lua:523: in function 'onThink'
[12/9/2012 10:58:27] 	data/npc/scripts/game/default.lua:9: in function <data/npc/scripts/game/default.lua:9>
[12/9/2012 11:11:3] > Saving server...
[12/9/2012 11:11:5] > SAVE: Complete in 2.363 seconds using binary-tilebased house storage.

[12/9/2012 11:34:40] [Error - NpcScript Interface] 
[12/9/2012 11:34:40] (Unknown script file)
[12/9/2012 11:34:40] Description: 
[12/9/2012 11:34:40] attempt to call a nil value
[12/9/2012 11:34:40] stack traceback:
[12/9/2012 11:34:40] 	[C]: in function 'closeShopWindow'
[12/9/2012 11:34:40] 	data/npc/lib/npcsystem/npchandler.lua:225: in function 'releaseFocus'
[12/9/2012 11:34:40] 	data/npc/lib/npcsystem/npchandler.lua:591: in function 'onWalkAway'
[12/9/2012 11:34:40] 	data/npc/lib/npcsystem/npchandler.lua:523: in function 'onThink'
[12/9/2012 11:34:40] 	data/npc/scripts/game/default.lua:9: in function <data/npc/scripts/game/default.lua:9>
[12/9/2012 12:11:3] > Saving server...
[12/9/2012 12:11:7] > SAVE: Complete in 4.184 seconds using binary-tilebased house storage.

[12/9/2012 12:11:27] [Error - NpcScript Interface] 
[12/9/2012 12:11:27] (Unknown script file)
[12/9/2012 12:11:27] Description: 
[12/9/2012 12:11:27] attempt to call a nil value
[12/9/2012 12:11:27] stack traceback:

[12/9/2012 12:16:1] [Error - MoveEvents Interface] 
[12/9/2012 12:16:1] data/movements/scripts/game/poi.quest/entrance_fields.lua:onStepIn
[12/9/2012 12:16:1] Description: 
[12/9/2012 12:16:1] (internalGetPlayerInfo) Player not found when requesting player info #6

[12/9/2012 12:16:1] [Error - MoveEvents Interface] 
[12/9/2012 12:16:1] data/movements/scripts/game/poi.quest/entrance_fields.lua:onStepIn
[12/9/2012 12:16:1] Description: 
[12/9/2012 12:16:1] (internalGetPlayerInfo) Player not found when requesting player info #6

[12/9/2012 12:16:1] [Error - MoveEvents Interface] 
[12/9/2012 12:16:1] data/movements/scripts/game/poi.quest/entrance_fields.lua:onStepIn
[12/9/2012 12:16:1] Description: 
[12/9/2012 12:16:1] (internalGetPlayerInfo) Player not found when requesting player info #6

[12/9/2012 12:16:1] [Error - MoveEvents Interface] 
[12/9/2012 12:16:1] data/movements/scripts/game/poi.quest/entrance_fields.lua:onStepIn
[12/9/2012 12:16:1] Description: 
[12/9/2012 12:16:1] (internalGetPlayerInfo) Player not found when requesting player info #6

[12/9/2012 12:16:1] [Error - MoveEvents Interface] 
[12/9/2012 12:16:1] data/movements/scripts/game/poi.quest/entrance_fields.lua:onStepIn
[12/9/2012 12:16:1] Description: 
[12/9/2012 12:16:1] (luaDoPlayerSendCancel) Player not found

[12/9/2012 12:28:16] [Error - NpcScript Interface] 
[12/9/2012 12:28:16] (Unknown script file)
[12/9/2012 12:28:16] Description: 
[12/9/2012 12:28:16] attempt to call a nil value
[12/9/2012 12:28:16] stack traceback:
[12/9/2012 12:28:16] 	[C]: in function 'closeShopWindow'
[12/9/2012 12:28:16] 	data/npc/lib/npcsystem/npchandler.lua:225: in function 'releaseFocus'
[12/9/2012 12:28:16] 	data/npc/lib/npcsystem/npchandler.lua:591: in function 'onWalkAway'
[12/9/2012 12:28:16] 	data/npc/lib/npcsystem/npchandler.lua:523: in function 'onThink'
[12/9/2012 12:28:16] 	data/npc/scripts/game/default.lua:9: in function <data/npc/scripts/game/default.lua:9>

[12/9/2012 12:44:41] [Error - NpcScript Interface] 
[12/9/2012 12:44:41] (Unknown script file)
[12/9/2012 12:44:41] Description: 
[12/9/2012 12:44:41] attempt to call a nil value
[12/9/2012 12:44:41] stack traceback:

[12/9/2012 12:51:29] [Error - NpcScript Interface] 
[12/9/2012 12:51:29] (Unknown script file)
[12/9/2012 12:51:29] Description: 
[12/9/2012 12:51:29] attempt to call a nil value
[12/9/2012 12:51:29] stack traceback:

[12/9/2012 12:51:33] [Error - NpcScript Interface] 
[12/9/2012 12:51:33] (Unknown script file)
[12/9/2012 12:51:33] Description: 
[12/9/2012 12:51:33] attempt to call a nil value
[12/9/2012 12:51:33] stack traceback:
[12/9/2012 12:51:33] 	[C]: in function 'closeShopWindow'
[12/9/2012 12:51:33] 	data/npc/lib/npcsystem/npchandler.lua:225: in function 'releaseFocus'
[12/9/2012 12:51:33] 	data/npc/lib/npcsystem/npchandler.lua:591: in function 'onWalkAway'
[12/9/2012 12:51:33] 	data/npc/lib/npcsystem/npchandler.lua:523: in function 'onThink'
[12/9/2012 12:51:33] 	data/npc/scripts/game/default.lua:9: in function <data/npc/scripts/game/default.lua:9>

[12/9/2012 13:9:37] [Error - NpcScript Interface] 
[12/9/2012 13:9:37] (Unknown script file)
[12/9/2012 13:9:37] Description: 
[12/9/2012 13:9:37] attempt to call a nil value
[12/9/2012 13:9:37] stack traceback:
[12/9/2012 13:9:37] 	[C]: in function 'closeShopWindow'
[12/9/2012 13:9:37] 	data/npc/lib/npcsystem/npchandler.lua:225: in function 'releaseFocus'
[12/9/2012 13:9:37] 	data/npc/lib/npcsystem/npchandler.lua:591: in function 'onWalkAway'
[12/9/2012 13:9:37] 	data/npc/lib/npcsystem/npchandler.lua:523: in function 'onThink'
[12/9/2012 13:9:37] 	data/npc/scripts/game/default.lua:9: in function <data/npc/scripts/game/default.lua:9>
[12/9/2012 13:11:3] > Saving server...
[12/9/2012 13:11:7] > SAVE: Complete in 4.258 seconds using binary-tilebased house storage.

[12/9/2012 13:11:29] [Error - NpcScript Interface] 
[12/9/2012 13:11:29] (Unknown script file)
[12/9/2012 13:11:29] Description: 
[12/9/2012 13:11:29] attempt to call a nil value
[12/9/2012 13:11:29] stack traceback:

[12/9/2012 13:15:40] [Error - NpcScript Interface] 
[12/9/2012 13:15:40] (Unknown script file)
[12/9/2012 13:15:40] Description: 
[12/9/2012 13:15:40] attempt to call a nil value
[12/9/2012 13:15:40] stack traceback:

[12/9/2012 13:15:47] [Error - NpcScript Interface] 
[12/9/2012 13:15:47] (Unknown script file)
[12/9/2012 13:15:47] Description: 
[12/9/2012 13:15:47] attempt to call a nil value
[12/9/2012 13:15:47] stack traceback:

[12/9/2012 13:15:52] [Error - NpcScript Interface] 
[12/9/2012 13:15:52] (Unknown script file)
[12/9/2012 13:15:52] Description: 
[12/9/2012 13:15:52] attempt to call a nil value
[12/9/2012 13:15:52] stack traceback:
[12/9/2012 13:15:52] 	[C]: in function 'closeShopWindow'
[12/9/2012 13:15:52] 	data/npc/lib/npcsystem/npchandler.lua:225: in function 'releaseFocus'
[12/9/2012 13:15:52] 	data/npc/lib/npcsystem/npchandler.lua:591: in function 'onWalkAway'
[12/9/2012 13:15:52] 	data/npc/lib/npcsystem/npchandler.lua:523: in function 'onThink'
[12/9/2012 13:15:52] 	data/npc/scripts/game/default.lua:9: in function <data/npc/scripts/game/default.lua:9>

[12/9/2012 13:25:24] [Error - NpcScript Interface] 
[12/9/2012 13:25:24] (Unknown script file)
[12/9/2012 13:25:24] Description: 
[12/9/2012 13:25:24] attempt to call a nil value
[12/9/2012 13:25:24] stack traceback:
[12/9/2012 13:25:24] 	[C]: in function 'closeShopWindow'
[12/9/2012 13:25:24] 	data/npc/lib/npcsystem/npchandler.lua:225: in function 'releaseFocus'
[12/9/2012 13:25:24] 	data/npc/lib/npcsystem/npchandler.lua:591: in function 'onWalkAway'
[12/9/2012 13:25:24] 	data/npc/lib/npcsystem/npchandler.lua:523: in function 'onThink'
[12/9/2012 13:25:24] 	data/npc/scripts/game/default.lua:9: in function <data/npc/scripts/game/default.lua:9>

[12/9/2012 13:25:28] [Error - NpcScript Interface] 
[12/9/2012 13:25:28] (Unknown script file)
[12/9/2012 13:25:28] Description: 
[12/9/2012 13:25:28] attempt to call a nil value
[12/9/2012 13:25:28] stack traceback:
[12/9/2012 13:25:28] 	[C]: in function 'closeShopWindow'
[12/9/2012 13:25:28] 	data/npc/lib/npcsystem/npchandler.lua:225: in function 'releaseFocus'
[12/9/2012 13:25:28] 	data/npc/lib/npcsystem/npchandler.lua:591: in function 'onWalkAway'
[12/9/2012 13:25:28] 	data/npc/lib/npcsystem/npchandler.lua:523: in function 'onThink'
[12/9/2012 13:25:28] 	data/npc/scripts/game/default.lua:9: in function <data/npc/scripts/game/default.lua:9>

[12/9/2012 13:29:14] [Error - NpcScript Interface] 
[12/9/2012 13:29:14] (Unknown script file)
[12/9/2012 13:29:14] Description: 
[12/9/2012 13:29:14] attempt to call a nil value
[12/9/2012 13:29:14] stack traceback:

[12/9/2012 13:36:12] [Error - NpcScript Interface] 
[12/9/2012 13:36:12] (Unknown script file)
[12/9/2012 13:36:12] Description: 
[12/9/2012 13:36:12] attempt to call a nil value
[12/9/2012 13:36:12] stack traceback:

[12/9/2012 13:42:31] [Error - NpcScript Interface] 
[12/9/2012 13:42:31] (Unknown script file)
[12/9/2012 13:42:31] Description: 
[12/9/2012 13:42:31] attempt to call a nil value
[12/9/2012 13:42:31] stack traceback:
[12/9/2012 13:42:31] 	[C]: in function 'closeShopWindow'
[12/9/2012 13:42:31] 	data/npc/lib/npcsystem/npchandler.lua:225: in function 'releaseFocus'
[12/9/2012 13:42:31] 	data/npc/lib/npcsystem/npchandler.lua:591: in function 'onWalkAway'
[12/9/2012 13:42:31] 	data/npc/lib/npcsystem/npchandler.lua:523: in function 'onThink'
[12/9/2012 13:42:31] 	data/npc/scripts/game/default.lua:9: in function <data/npc/scripts/game/default.lua:9>

[12/9/2012 13:53:26] [Error - NpcScript Interface] 
[12/9/2012 13:53:26] (Unknown script file)
[12/9/2012 13:53:26] Description: 
[12/9/2012 13:53:26] attempt to call a nil value
[12/9/2012 13:53:26] stack traceback:
[12/9/2012 13:53:26] 	[C]: in function 'closeShopWindow'
[12/9/2012 13:53:26] 	data/npc/lib/npcsystem/npchandler.lua:225: in function 'releaseFocus'
[12/9/2012 13:53:26] 	data/npc/lib/npcsystem/npchandler.lua:591: in function 'onWalkAway'
[12/9/2012 13:53:26] 	data/npc/lib/npcsystem/npchandler.lua:523: in function 'onThink'
[12/9/2012 13:53:26] 	data/npc/scripts/game/default.lua:9: in function <data/npc/scripts/game/default.lua:9>

[12/9/2012 14:2:22] [Error - NpcScript Interface] 
[12/9/2012 14:2:22] (Unknown script file)
[12/9/2012 14:2:22] Description: 
[12/9/2012 14:2:22] attempt to call a nil value
[12/9/2012 14:2:22] stack traceback:
[12/9/2012 14:2:22] 	[C]: in function 'closeShopWindow'
[12/9/2012 14:2:22] 	data/npc/lib/npcsystem/npchandler.lua:225: in function 'releaseFocus'
[12/9/2012 14:2:22] 	data/npc/lib/npcsystem/npchandler.lua:591: in function 'onWalkAway'
[12/9/2012 14:2:22] 	data/npc/lib/npcsystem/npchandler.lua:523: in function 'onThink'
[12/9/2012 14:2:22] 	data/npc/scripts/game/default.lua:9: in function <data/npc/scripts/game/default.lua:9>

[12/9/2012 14:5:18] [Error - Action Interface] 
[12/9/2012 14:5:18] data/actions/scripts/tools/pick.lua:onUse
[12/9/2012 14:5:18] Description: 
[12/9/2012 14:5:18] (luaGetThingFromPos) Tile not found

[12/9/2012 14:8:59] [Error - NpcScript Interface] 
[12/9/2012 14:8:59] (Unknown script file)
[12/9/2012 14:8:59] Description: 
[12/9/2012 14:8:59] attempt to call a nil value
[12/9/2012 14:8:59] stack traceback:
[12/9/2012 14:11:3] > Saving server...
[12/9/2012 14:11:8] > SAVE: Complete in 4.549 seconds using binary-tilebased house storage.

[12/9/2012 14:11:21] [Error - NpcScript Interface] 
[12/9/2012 14:11:21] (Unknown script file)
[12/9/2012 14:11:21] Description: 
[12/9/2012 14:11:21] attempt to call a nil value
[12/9/2012 14:11:21] stack traceback:
[12/9/2012 14:11:21] 	[C]: in function 'closeShopWindow'
[12/9/2012 14:11:21] 	data/npc/lib/npcsystem/npchandler.lua:225: in function 'releaseFocus'
[12/9/2012 14:11:21] 	data/npc/lib/npcsystem/npchandler.lua:591: in function 'onWalkAway'
[12/9/2012 14:11:21] 	data/npc/lib/npcsystem/npchandler.lua:523: in function 'onThink'
[12/9/2012 14:11:21] 	data/npc/scripts/game/default.lua:9: in function <data/npc/scripts/game/default.lua:9>

[12/9/2012 14:19:2] [Error - NpcScript Interface] 
[12/9/2012 14:19:2] (Unknown script file)
[12/9/2012 14:19:2] Description: 
[12/9/2012 14:19:2] attempt to call a nil value
[12/9/2012 14:19:2] stack traceback:
[12/9/2012 14:19:2] 	[C]: in function 'closeShopWindow'
[12/9/2012 14:19:2] 	data/npc/lib/npcsystem/npchandler.lua:225: in function 'releaseFocus'
[12/9/2012 14:19:2] 	data/npc/lib/npcsystem/npchandler.lua:591: in function 'onWalkAway'
[12/9/2012 14:19:2] 	data/npc/lib/npcsystem/npchandler.lua:523: in function 'onThink'
[12/9/2012 14:19:2] 	data/npc/scripts/game/default.lua:9: in function <data/npc/scripts/game/default.lua:9>

[12/9/2012 14:19:50] [Error - NpcScript Interface] 
[12/9/2012 14:19:50] (Unknown script file)
[12/9/2012 14:19:50] Description: 
[12/9/2012 14:19:50] attempt to call a nil value
[12/9/2012 14:19:50] stack traceback:

[12/9/2012 14:27:14] [Error - NpcScript Interface] 
[12/9/2012 14:27:14] (Unknown script file)
[12/9/2012 14:27:14] Description: 
[12/9/2012 14:27:14] attempt to call a nil value
[12/9/2012 14:27:14] stack traceback:
[12/9/2012 14:27:14] 	[C]: in function 'closeShopWindow'
[12/9/2012 14:27:14] 	data/npc/lib/npcsystem/npchandler.lua:225: in function 'releaseFocus'
[12/9/2012 14:27:14] 	data/npc/lib/npcsystem/npchandler.lua:363: in function 'unGreet'
[12/9/2012 14:27:14] 	data/npc/lib/npcsystem/npchandler.lua:576: in function 'onFarewell'
[12/9/2012 14:27:14] 	data/npc/lib/npcsystem/modules.lua:251: in function 'callback'
[12/9/2012 14:27:14] 	data/npc/lib/npcsystem/keywordhandler.lua:41: in function 'processMessage'
[12/9/2012 14:27:14] 	data/npc/lib/npcsystem/keywordhandler.lua:181: in function 'processNodeMessage'
[12/9/2012 14:27:14] 	data/npc/lib/npcsystem/keywordhandler.lua:140: in function 'processMessage'
[12/9/2012 14:27:14] 	data/npc/lib/npcsystem/npchandler.lua:423: in function 'onCreatureSay'
[12/9/2012 14:27:14] 	data/npc/scripts/game/default.lua:8: in function <data/npc/scripts/game/default.lua:8>
[12/9/2012 14:30:42] > Broadcasted message: "A terra treme em Quendor. Alerta vermelho!".
[12/9/2012 14:31:42] > Broadcasted message: "Rotworms! Estas antigas criaturas estão subindo para a planicie novamente!".
[12/9/2012 14:32:22] > Broadcasted message: "Quendor está sob uma infestação de Rotworms!".

[12/9/2012 14:33:0] [Error - CreatureScript Interface] 
[12/9/2012 14:33:0] data/creaturescripts/scripts/game/inquisition.lua:onKill
[12/9/2012 14:33:0] Description: 
[12/9/2012 14:33:0] (luaAddEvent) Callback parameter should be a function.

[12/9/2012 14:33:0] [Error - CreatureScript Interface] 
[12/9/2012 14:33:0] data/creaturescripts/scripts/game/inquisition.lua:onKill
[12/9/2012 14:33:0] Description: 
[12/9/2012 14:33:0] (luaAddEvent) Callback parameter should be a function.

[12/9/2012 14:33:0] [Error - CreatureScript Interface] 
[12/9/2012 14:33:0] data/creaturescripts/scripts/game/inquisition.lua:onKill
[12/9/2012 14:33:0] Description: 
[12/9/2012 14:33:0] (luaAddEvent) Callback parameter should be a function.

[12/9/2012 14:33:0] [Error - CreatureScript Interface] 
[12/9/2012 14:33:0] data/creaturescripts/scripts/game/inquisition.lua:onKill
[12/9/2012 14:33:0] Description: 
[12/9/2012 14:33:0] (luaAddEvent) Callback parameter should be a function.

[12/9/2012 14:33:0] [Error - CreatureScript Interface] 
[12/9/2012 14:33:0] data/creaturescripts/scripts/game/inquisition.lua:onKill
[12/9/2012 14:33:0] Description: 
[12/9/2012 14:33:0] (luaAddEvent) Callback parameter should be a function.

[12/9/2012 14:33:0] [Error - CreatureScript Interface] 
[12/9/2012 14:33:0] data/creaturescripts/scripts/game/inquisition.lua:onKill
[12/9/2012 14:33:0] Description: 
[12/9/2012 14:33:0] (luaAddEvent) Callback parameter should be a function.

[12/9/2012 14:33:0] [Error - CreatureScript Interface] 
[12/9/2012 14:33:0] data/creaturescripts/scripts/game/inquisition.lua:onKill
[12/9/2012 14:33:0] Description: 
[12/9/2012 14:33:0] (luaAddEvent) Callback parameter should be a function.

[12/9/2012 15:7:27] [Error - NpcScript Interface] 
[12/9/2012 15:7:27] (Unknown script file)
[12/9/2012 15:7:27] Description: 
[12/9/2012 15:7:27] attempt to call a nil value
[12/9/2012 15:7:27] stack traceback:
[12/9/2012 15:11:3] > Saving server...
[12/9/2012 15:11:8] > SAVE: Complete in 4.759 seconds using binary-tilebased house storage.

[12/9/2012 15:11:17] [Error - NpcScript Interface] 
[12/9/2012 15:11:17] (Unknown script file)
[12/9/2012 15:11:17] Description: 
[12/9/2012 15:11:17] attempt to call a nil value
[12/9/2012 15:11:17] stack traceback:

[12/9/2012 15:17:27] [Error - NpcScript Interface] 
[12/9/2012 15:17:27] (Unknown script file)
[12/9/2012 15:17:27] Description: 
[12/9/2012 15:17:27] attempt to call a nil value
[12/9/2012 15:17:27] stack traceback:
[12/9/2012 15:17:27] 	[C]: in function 'closeShopWindow'
[12/9/2012 15:17:27] 	data/npc/lib/npcsystem/npchandler.lua:225: in function 'releaseFocus'
[12/9/2012 15:17:27] 	data/npc/lib/npcsystem/npchandler.lua:591: in function 'onWalkAway'
[12/9/2012 15:17:27] 	data/npc/lib/npcsystem/npchandler.lua:523: in function 'onThink'
[12/9/2012 15:17:27] 	data/npc/scripts/game/blacksmith.lua:9: in function <data/npc/scripts/game/blacksmith.lua:9>
[12/9/2012 16:11:3] > Saving server...
[12/9/2012 16:11:8] > SAVE: Complete in 4.591 seconds using binary-tilebased house storage.

[12/9/2012 16:15:1] [Error - NpcScript Interface] 
[12/9/2012 16:15:1] (Unknown script file)
[12/9/2012 16:15:1] Description: 
[12/9/2012 16:15:1] attempt to call a nil value
[12/9/2012 16:15:1] stack traceback:
[12/9/2012 16:15:1] 	[C]: in function 'closeShopWindow'
[12/9/2012 16:15:1] 	data/npc/lib/npcsystem/npchandler.lua:225: in function 'releaseFocus'
[12/9/2012 16:15:1] 	data/npc/lib/npcsystem/npchandler.lua:591: in function 'onWalkAway'
[12/9/2012 16:15:1] 	data/npc/lib/npcsystem/npchandler.lua:523: in function 'onThink'
[12/9/2012 16:15:1] 	data/npc/scripts/game/quendor.postman.lua:8: in function <data/npc/scripts/game/quendor.postman.lua:8>

[12/9/2012 16:56:45] [Error - NpcScript Interface] 
[12/9/2012 16:56:45] (Unknown script file)
[12/9/2012 16:56:45] Description: 
[12/9/2012 16:56:45] attempt to call a nil value
[12/9/2012 16:56:45] stack traceback:
[12/9/2012 16:56:45] 	[C]: in function 'closeShopWindow'
[12/9/2012 16:56:45] 	data/npc/lib/npcsystem/npchandler.lua:225: in function 'releaseFocus'
[12/9/2012 16:56:45] 	data/npc/lib/npcsystem/npchandler.lua:591: in function 'onWalkAway'
[12/9/2012 16:56:45] 	data/npc/lib/npcsystem/npchandler.lua:523: in function 'onThink'
[12/9/2012 16:56:45] 	data/npc/scripts/game/default.lua:9: in function <data/npc/scripts/game/default.lua:9>

[12/9/2012 17:2:59] [Error - NpcScript Interface] 
[12/9/2012 17:2:59] (Unknown script file)
[12/9/2012 17:2:59] Description: 
[12/9/2012 17:2:59] attempt to call a nil value
[12/9/2012 17:2:59] stack traceback:
[12/9/2012 17:2:59] 	[C]: in function 'closeShopWindow'
[12/9/2012 17:2:59] 	data/npc/lib/npcsystem/npchandler.lua:225: in function 'releaseFocus'
[12/9/2012 17:2:59] 	data/npc/lib/npcsystem/npchandler.lua:591: in function 'onWalkAway'
[12/9/2012 17:2:59] 	data/npc/lib/npcsystem/npchandler.lua:523: in function 'onThink'
[12/9/2012 17:2:59] 	data/npc/scripts/game/default.lua:9: in function <data/npc/scripts/game/default.lua:9>

[12/9/2012 17:3:29] [Error - NpcScript Interface] 
[12/9/2012 17:3:29] (Unknown script file)
[12/9/2012 17:3:29] Description: 
[12/9/2012 17:3:29] attempt to call a nil value
[12/9/2012 17:3:29] stack traceback:
[12/9/2012 17:3:29] 	[C]: in function 'closeShopWindow'
[12/9/2012 17:3:29] 	data/npc/lib/npcsystem/npchandler.lua:225: in function 'releaseFocus'
[12/9/2012 17:3:29] 	data/npc/lib/npcsystem/npchandler.lua:591: in function 'onWalkAway'
[12/9/2012 17:3:29] 	data/npc/lib/npcsystem/npchandler.lua:523: in function 'onThink'
[12/9/2012 17:3:29] 	data/npc/scripts/game/default.lua:9: in function <data/npc/scripts/game/default.lua:9>

[12/9/2012 17:7:54] [Error - NpcScript Interface] 
[12/9/2012 17:7:54] (Unknown script file)
[12/9/2012 17:7:54] Description: 
[12/9/2012 17:7:54] attempt to call a nil value
[12/9/2012 17:7:54] stack traceback:
[12/9/2012 17:7:54] 	[C]: in function 'closeShopWindow'
[12/9/2012 17:7:54] 	data/npc/lib/npcsystem/npchandler.lua:225: in function 'releaseFocus'
[12/9/2012 17:7:54] 	data/npc/lib/npcsystem/npchandler.lua:591: in function 'onWalkAway'
[12/9/2012 17:7:54] 	data/npc/lib/npcsystem/npchandler.lua:523: in function 'onThink'
[12/9/2012 17:7:54] 	data/npc/scripts/game/default.lua:9: in function <data/npc/scripts/game/default.lua:9>
[12/9/2012 17:11:3] > Saving server...
[12/9/2012 17:11:7] > SAVE: Complete in 4.323 seconds using binary-tilebased house storage.

[12/9/2012 17:16:54] [Error - NpcScript Interface] 
[12/9/2012 17:16:54] (Unknown script file)
[12/9/2012 17:16:54] Description: 
[12/9/2012 17:16:54] attempt to call a nil value
[12/9/2012 17:16:54] stack traceback:

[12/9/2012 17:21:26] [Error - NpcScript Interface] 
[12/9/2012 17:21:26] (Unknown script file)
[12/9/2012 17:21:26] Description: 
[12/9/2012 17:21:26] attempt to call a nil value
[12/9/2012 17:21:26] stack traceback:

[12/9/2012 17:32:11] [Error - NpcScript Interface] 
[12/9/2012 17:32:11] (Unknown script file)
[12/9/2012 17:32:11] Description: 
[12/9/2012 17:32:11] attempt to call a nil value
[12/9/2012 17:32:11] stack traceback:

[12/9/2012 17:52:9] [Error - NpcScript Interface] 
[12/9/2012 17:52:9] (Unknown script file)
[12/9/2012 17:52:9] Description: 
[12/9/2012 17:52:9] attempt to call a nil value
[12/9/2012 17:52:9] stack traceback:
[12/9/2012 18:11:3] > Saving server...
[12/9/2012 18:11:8] > SAVE: Complete in 5.117 seconds using binary-tilebased house storage.

[12/9/2012 18:11:10] [Error - NpcScript Interface] 
[12/9/2012 18:11:10] (Unknown script file)
[12/9/2012 18:11:10] Description: 
[12/9/2012 18:11:10] attempt to call a nil value
[12/9/2012 18:11:10] stack traceback:

[12/9/2012 18:19:40] [Error - NpcScript Interface] 
[12/9/2012 18:19:40] (Unknown script file)
[12/9/2012 18:19:40] Description: 
[12/9/2012 18:19:40] attempt to call a nil value
[12/9/2012 18:19:40] stack traceback:
[12/9/2012 18:19:40] 	[C]: in function 'closeShopWindow'
[12/9/2012 18:19:40] 	data/npc/lib/npcsystem/npchandler.lua:225: in function 'releaseFocus'
[12/9/2012 18:19:40] 	data/npc/lib/npcsystem/npchandler.lua:591: in function 'onWalkAway'
[12/9/2012 18:19:40] 	data/npc/lib/npcsystem/npchandler.lua:523: in function 'onThink'
[12/9/2012 18:19:40] 	data/npc/scripts/game/default.lua:9: in function <data/npc/scripts/game/default.lua:9>

[12/9/2012 18:24:7] [Error - NpcScript Interface] 
[12/9/2012 18:24:7] (Unknown script file)
[12/9/2012 18:24:7] Description: 
[12/9/2012 18:24:7] attempt to call a nil value
[12/9/2012 18:24:7] stack traceback:
[12/9/2012 18:24:7] 	[C]: in function 'closeShopWindow'
[12/9/2012 18:24:7] 	data/npc/lib/npcsystem/npchandler.lua:225: in function 'releaseFocus'
[12/9/2012 18:24:7] 	data/npc/lib/npcsystem/npchandler.lua:591: in function 'onWalkAway'
[12/9/2012 18:24:7] 	data/npc/lib/npcsystem/npchandler.lua:523: in function 'onThink'
[12/9/2012 18:24:7] 	data/npc/scripts/game/default.lua:9: in function <data/npc/scripts/game/default.lua:9>

[12/9/2012 19:7:41] [Error - NpcScript Interface] 
[12/9/2012 19:7:41] (Unknown script file)
[12/9/2012 19:7:41] Description: 
[12/9/2012 19:7:41] attempt to call a nil value
[12/9/2012 19:7:41] stack traceback:

[12/9/2012 19:7:43] [Error - NpcScript Interface] 
[12/9/2012 19:7:43] (Unknown script file)
[12/9/2012 19:7:43] Description: 
[12/9/2012 19:7:43] attempt to call a nil value
[12/9/2012 19:7:43] stack traceback:

[12/9/2012 19:7:59] [Error - NpcScript Interface] 
[12/9/2012 19:7:59] (Unknown script file)
[12/9/2012 19:7:59] Description: 
[12/9/2012 19:7:59] attempt to call a nil value
[12/9/2012 19:7:59] stack traceback:
[12/9/2012 19:11:3] > Saving server...
[12/9/2012 19:11:6] > SAVE: Complete in 3.318 seconds using binary-tilebased house storage.

[12/9/2012 19:23:35] [Error - NpcScript Interface] 
[12/9/2012 19:23:35] (Unknown script file)
[12/9/2012 19:23:35] Description: 
[12/9/2012 19:23:35] attempt to call a nil value
[12/9/2012 19:23:35] stack traceback:
[12/9/2012 19:23:35] 	[C]: in function 'closeShopWindow'
[12/9/2012 19:23:35] 	data/npc/lib/npcsystem/npchandler.lua:225: in function 'releaseFocus'
[12/9/2012 19:23:35] 	data/npc/lib/npcsystem/npchandler.lua:591: in function 'onWalkAway'
[12/9/2012 19:23:35] 	data/npc/lib/npcsystem/npchandler.lua:523: in function 'onThink'
[12/9/2012 19:23:35] 	data/npc/scripts/game/blacksmith.lua:9: in function <data/npc/scripts/game/blacksmith.lua:9>

[12/9/2012 19:35:51] [Error - Action Interface] 
[12/9/2012 19:35:51] data/actions/scripts/tools/rope.lua:onUse
[12/9/2012 19:35:51] Description: 
[12/9/2012 19:35:51] (luaGetThingFromPos) Tile not found

[12/9/2012 19:46:57] [Error - NpcScript Interface] 
[12/9/2012 19:46:57] (Unknown script file)
[12/9/2012 19:46:57] Description: 
[12/9/2012 19:46:57] attempt to call a nil value
[12/9/2012 19:46:57] stack traceback:
[12/9/2012 19:46:57] 	[C]: in function 'closeShopWindow'
[12/9/2012 19:46:57] 	data/npc/lib/npcsystem/npchandler.lua:225: in function 'releaseFocus'
[12/9/2012 19:46:57] 	data/npc/lib/npcsystem/npchandler.lua:591: in function 'onWalkAway'
[12/9/2012 19:46:57] 	data/npc/lib/npcsystem/npchandler.lua:523: in function 'onThink'
[12/9/2012 19:46:57] 	data/npc/scripts/game/default.lua:9: in function <data/npc/scripts/game/default.lua:9>

[12/9/2012 19:54:33] [Error - NpcScript Interface] 
[12/9/2012 19:54:33] (Unknown script file)
[12/9/2012 19:54:33] Description: 
[12/9/2012 19:54:33] attempt to call a nil value
[12/9/2012 19:54:33] stack traceback:
[12/9/2012 19:54:33] 	[C]: in function 'closeShopWindow'
[12/9/2012 19:54:33] 	data/npc/lib/npcsystem/npchandler.lua:225: in function 'releaseFocus'
[12/9/2012 19:54:33] 	data/npc/lib/npcsystem/npchandler.lua:591: in function 'onWalkAway'
[12/9/2012 19:54:33] 	data/npc/lib/npcsystem/npchandler.lua:523: in function 'onThink'
[12/9/2012 19:54:33] 	data/npc/scripts/game/default.lua:9: in function <data/npc/scripts/game/default.lua:9>

[12/9/2012 20:0:39] [Error - NpcScript Interface] 
[12/9/2012 20:0:39] (Unknown script file)
[12/9/2012 20:0:39] Description: 
[12/9/2012 20:0:39] attempt to call a nil value
[12/9/2012 20:0:39] stack traceback:

[12/9/2012 20:2:9] [Error - NpcScript Interface] 
[12/9/2012 20:2:9] (Unknown script file)
[12/9/2012 20:2:9] Description: 
[12/9/2012 20:2:9] attempt to call a nil value
[12/9/2012 20:2:9] stack traceback:
[12/9/2012 20:2:9] 	[C]: in function 'closeShopWindow'
[12/9/2012 20:2:9] 	data/npc/lib/npcsystem/npchandler.lua:225: in function 'releaseFocus'
[12/9/2012 20:2:9] 	data/npc/lib/npcsystem/npchandler.lua:591: in function 'onWalkAway'
[12/9/2012 20:2:9] 	data/npc/lib/npcsystem/npchandler.lua:523: in function 'onThink'
[12/9/2012 20:2:9] 	data/npc/scripts/game/default.lua:9: in function <data/npc/scripts/game/default.lua:9>
[12/9/2012 20:11:3] > Saving server...
[12/9/2012 20:11:7] > SAVE: Complete in 4.121 seconds using binary-tilebased house storage.

[12/9/2012 20:18:45] [Error - NpcScript Interface] 
[12/9/2012 20:18:45] (Unknown script file)
[12/9/2012 20:18:45] Description: 
[12/9/2012 20:18:45] attempt to call a nil value
[12/9/2012 20:18:45] stack traceback:
[12/9/2012 20:23:42] > Broadcasted message: "The Mastersmiths Cyclops are too close from our Capital Thorn. Stay alert.".
[12/9/2012 20:27:2] > Broadcasted message: "Help in the Thorn Western Gate! Cyclops are taking the city!".

[12/9/2012 20:37:23] [Error - NpcScript Interface] 
[12/9/2012 20:37:23] (Unknown script file)
[12/9/2012 20:37:23] Description: 
[12/9/2012 20:37:23] attempt to call a nil value
[12/9/2012 20:37:23] stack traceback:
[12/9/2012 20:37:23] 	[C]: in function 'closeShopWindow'
[12/9/2012 20:37:23] 	data/npc/lib/npcsystem/npchandler.lua:225: in function 'releaseFocus'
[12/9/2012 20:37:23] 	data/npc/lib/npcsystem/npchandler.lua:591: in function 'onWalkAway'
[12/9/2012 20:37:23] 	data/npc/lib/npcsystem/npchandler.lua:523: in function 'onThink'
[12/9/2012 20:37:24] 	data/npc/scripts/game/rashid.lua:9: in function <data/npc/scripts/game/rashid.lua:9>

[12/9/2012 20:43:16] [Error - NpcScript Interface] 
[12/9/2012 20:43:16] (Unknown script file)
[12/9/2012 20:43:16] Description: 
[12/9/2012 20:43:16] attempt to call a nil value
[12/9/2012 20:43:16] stack traceback:

[12/9/2012 20:52:55] [Error - NpcScript Interface] 
[12/9/2012 20:52:55] (Unknown script file)
[12/9/2012 20:52:55] Description: 
[12/9/2012 20:52:55] attempt to call a nil value
[12/9/2012 20:52:55] stack traceback:
[12/9/2012 21:8:30] [DDOS EMERGENCY] Current avarage RX packet per second 70664 is greater then limit 70000. Emergency ENABLED.
[12/9/2012 21:8:30] > Broadcasted message: "Estamos tendo problemas de conexï¿½o. Para evitar prejuizos, nenhuma morte receberï¿½ qualquer tipo de penalidade atï¿½ que nossa conexï¿½o se normalize.".
[12/9/2012 21:11:3] > Saving server...
[12/9/2012 21:11:8] > SAVE: Complete in 4.559 seconds using binary-tilebased house storage.
[12/9/2012 21:57:39] [DDOS EMERGENCY] Current avarage RX packet per second 59476 is fine. Emergency disabled.
[12/9/2012 21:57:39] > Broadcasted message: "Conexï¿½o normalizada. Penalidades nas mortes agora estï¿½o novamente validas. Obrigado pela sua compreensï¿½o e bom jogo.".
[12/9/2012 22:2:28] [DDOS EMERGENCY] Current avarage RX packet per second 83618 is greater then limit 70000. Emergency ENABLED.
[12/9/2012 22:2:28] > Broadcasted message: "Estamos tendo problemas de conexï¿½o. Para evitar prejuizos, nenhuma morte receberï¿½ qualquer tipo de penalidade atï¿½ que nossa conexï¿½o se normalize.".
[12/9/2012 22:2:58] [DDOS EMERGENCY] Current avarage RX packet per second 46834 is fine. Emergency disabled.
[12/9/2012 22:2:58] > Broadcasted message: "Conexï¿½o normalizada. Penalidades nas mortes agora estï¿½o novamente validas. Obrigado pela sua compreensï¿½o e bom jogo.".
[12/9/2012 22:9:16] [DDOS EMERGENCY] Current avarage RX packet per second 70025 is greater then limit 70000. Emergency ENABLED.
[12/9/2012 22:9:16] > Broadcasted message: "Estamos tendo problemas de conexï¿½o. Para evitar prejuizos, nenhuma morte receberï¿½ qualquer tipo de penalidade atï¿½ que nossa conexï¿½o se normalize.".
[12/9/2012 22:9:46] [DDOS EMERGENCY] Current avarage RX packet per second 45969 is fine. Emergency disabled.
[12/9/2012 22:9:46] > Broadcasted message: "Conexï¿½o normalizada. Penalidades nas mortes agora estï¿½o novamente validas. Obrigado pela sua compreensï¿½o e bom jogo.".
[12/9/2012 22:10:57] [DDOS EMERGENCY] Current avarage RX packet per second 72098 is greater then limit 70000. Emergency ENABLED.
[12/9/2012 22:10:57] > Broadcasted message: "Estamos tendo problemas de conexï¿½o. Para evitar prejuizos, nenhuma morte receberï¿½ qualquer tipo de penalidade atï¿½ que nossa conexï¿½o se normalize.".
[12/9/2012 22:11:3] > Saving server...
[12/9/2012 22:11:5] > SAVE: Complete in 2.304 seconds using binary-tilebased house storage.
[12/9/2012 22:11:27] [DDOS EMERGENCY] Current avarage RX packet per second 47538 is fine. Emergency disabled.
[12/9/2012 22:11:27] > Broadcasted message: "Conexï¿½o normalizada. Penalidades nas mortes agora estï¿½o novamente validas. Obrigado pela sua compreensï¿½o e bom jogo.".

[12/9/2012 22:26:4] [Error - NpcScript Interface] 
[12/9/2012 22:26:4] (Unknown script file)
[12/9/2012 22:26:4] Description: 
[12/9/2012 22:26:4] attempt to call a nil value
[12/9/2012 22:26:4] stack traceback:

[12/9/2012 22:37:38] [Error - NpcScript Interface] 
[12/9/2012 22:37:38] (Unknown script file)
[12/9/2012 22:37:38] Description: 
[12/9/2012 22:37:38] attempt to call a nil value
[12/9/2012 22:37:38] stack traceback:

[12/9/2012 22:39:39] [Error - NpcScript Interface] 
[12/9/2012 22:39:39] (Unknown script file)
[12/9/2012 22:39:39] Description: 
[12/9/2012 22:39:39] attempt to call a nil value
[12/9/2012 22:39:39] stack traceback:

[12/9/2012 23:4:11] [Error - NpcScript Interface] 
[12/9/2012 23:4:11] (Unknown script file)
[12/9/2012 23:4:11] Description: 
[12/9/2012 23:4:11] attempt to call a nil value
[12/9/2012 23:4:11] stack traceback:
[12/9/2012 23:11:3] > Saving server...
[12/9/2012 23:11:6] > SAVE: Complete in 3.279 seconds using binary-tilebased house storage.

[12/9/2012 23:14:25] [Error - NpcScript Interface] 
[12/9/2012 23:14:25] (Unknown script file)
[12/9/2012 23:14:25] Description: 
[12/9/2012 23:14:25] attempt to call a nil value
[12/9/2012 23:14:25] stack traceback:
[12/9/2012 23:14:25] 	[C]: in function 'closeShopWindow'
[12/9/2012 23:14:25] 	data/npc/lib/npcsystem/npchandler.lua:225: in function 'releaseFocus'
[12/9/2012 23:14:25] 	data/npc/lib/npcsystem/npchandler.lua:591: in function 'onWalkAway'
[12/9/2012 23:14:25] 	data/npc/lib/npcsystem/npchandler.lua:523: in function 'onThink'
[12/9/2012 23:14:25] 	data/npc/scripts/game/blacksmith.lua:9: in function <data/npc/scripts/game/blacksmith.lua:9>

[12/9/2012 23:28:45] [Error - NpcScript Interface] 
[12/9/2012 23:28:45] (Unknown script file)
[12/9/2012 23:28:45] Description: 
[12/9/2012 23:28:45] attempt to call a nil value
[12/9/2012 23:28:45] stack traceback:
[12/9/2012 23:28:45] 	[C]: in function 'closeShopWindow'
[12/9/2012 23:28:45] 	data/npc/lib/npcsystem/npchandler.lua:225: in function 'releaseFocus'
[12/9/2012 23:28:45] 	data/npc/lib/npcsystem/npchandler.lua:591: in function 'onWalkAway'
[12/9/2012 23:28:45] 	data/npc/lib/npcsystem/npchandler.lua:523: in function 'onThink'
[12/9/2012 23:28:45] 	data/npc/scripts/game/default.lua:9: in function <data/npc/scripts/game/default.lua:9>

[12/9/2012 23:52:10] [Error - NpcScript Interface] 
[12/9/2012 23:52:10] (Unknown script file)
[12/9/2012 23:52:10] Description: 
[12/9/2012 23:52:10] attempt to call a nil value
[12/9/2012 23:52:10] stack traceback:
[12/9/2012 23:52:10] 	[C]: in function 'closeShopWindow'
[12/9/2012 23:52:10] 	data/npc/lib/npcsystem/npchandler.lua:225: in function 'releaseFocus'
[12/9/2012 23:52:10] 	data/npc/lib/npcsystem/npchandler.lua:591: in function 'onWalkAway'
[12/9/2012 23:52:10] 	data/npc/lib/npcsystem/npchandler.lua:523: in function 'onThink'
[12/9/2012 23:52:10] 	data/npc/scripts/game/default.lua:9: in function <data/npc/scripts/game/default.lua:9>

[12/9/2012 23:54:9] [Error - NpcScript Interface] 
[12/9/2012 23:54:9] (Unknown script file)
[12/9/2012 23:54:9] Description: 
[12/9/2012 23:54:9] attempt to call a nil value
[12/9/2012 23:54:9] stack traceback:

[12/9/2012 23:55:40] [Error - NpcScript Interface] 
[12/9/2012 23:55:40] (Unknown script file)
[12/9/2012 23:55:40] Description: 
[12/9/2012 23:55:40] attempt to call a nil value
[12/9/2012 23:55:40] stack traceback:
[12/9/2012 23:55:40] 	[C]: in function 'closeShopWindow'
[12/9/2012 23:55:40] 	data/npc/lib/npcsystem/npchandler.lua:225: in function 'releaseFocus'
[12/9/2012 23:55:40] 	data/npc/lib/npcsystem/npchandler.lua:591: in function 'onWalkAway'
[12/9/2012 23:55:40] 	data/npc/lib/npcsystem/npchandler.lua:523: in function 'onThink'
[12/9/2012 23:55:40] 	data/npc/scripts/game/default.lua:9: in function <data/npc/scripts/game/default.lua:9>
[12/9/2012 23:57:23] [DDOS EMERGENCY] Current avarage RX packet per second 70290 is greater then limit 70000. Emergency ENABLED.
[12/9/2012 23:57:23] > Broadcasted message: "Estamos tendo problemas de conexï¿½o. Para evitar prejuizos, nenhuma morte receberï¿½ qualquer tipo de penalidade atï¿½ que nossa conexï¿½o se normalize.".
[12/9/2012 23:57:53] [DDOS EMERGENCY] Current avarage RX packet per second 51505 is fine. Emergency disabled.
[12/9/2012 23:57:53] > Broadcasted message: "Conexï¿½o normalizada. Penalidades nas mortes agora estï¿½o novamente validas. Obrigado pela sua compreensï¿½o e bom jogo.".
[13/9/2012 0:11:3] > Saving server...
[13/9/2012 0:11:7] > SAVE: Complete in 3.984 seconds using binary-tilebased house storage.

[13/9/2012 0:17:53] [Error - NpcScript Interface] 
[13/9/2012 0:17:53] (Unknown script file)
[13/9/2012 0:17:53] Description: 
[13/9/2012 0:17:53] attempt to call a nil value
[13/9/2012 0:17:53] stack traceback:
[13/9/2012 0:17:53] 	[C]: in function 'closeShopWindow'
[13/9/2012 0:17:53] 	data/npc/lib/npcsystem/npchandler.lua:225: in function 'releaseFocus'
[13/9/2012 0:17:53] 	data/npc/lib/npcsystem/npchandler.lua:591: in function 'onWalkAway'
[13/9/2012 0:17:53] 	data/npc/lib/npcsystem/npchandler.lua:523: in function 'onThink'
[13/9/2012 0:17:53] 	data/npc/scripts/game/default.lua:9: in function <data/npc/scripts/game/default.lua:9>

[13/9/2012 0:18:46] [Error - NpcScript Interface] 
[13/9/2012 0:18:46] (Unknown script file)
[13/9/2012 0:18:46] Description: 
[13/9/2012 0:18:46] attempt to call a nil value
[13/9/2012 0:18:46] stack traceback:
[13/9/2012 0:18:46] 	[C]: ?

[13/9/2012 0:36:23] [Error - NpcScript Interface] 
[13/9/2012 0:36:23] (Unknown script file)
[13/9/2012 0:36:23] Description: 
[13/9/2012 0:36:23] attempt to call a nil value
[13/9/2012 0:36:23] stack traceback:
[13/9/2012 0:36:23] 	[C]: in function 'closeShopWindow'
[13/9/2012 0:36:23] 	data/npc/lib/npcsystem/npchandler.lua:225: in function 'releaseFocus'
[13/9/2012 0:36:23] 	data/npc/lib/npcsystem/npchandler.lua:591: in function 'onWalkAway'
[13/9/2012 0:36:23] 	data/npc/lib/npcsystem/npchandler.lua:523: in function 'onThink'
[13/9/2012 0:36:23] 	data/npc/scripts/game/default.lua:9: in function <data/npc/scripts/game/default.lua:9>
[13/9/2012 0:43:28] [DDOS EMERGENCY] Current avarage RX packet per second 71571 is greater then limit 70000. Emergency ENABLED.
[13/9/2012 0:43:28] > Broadcasted message: "Estamos tendo problemas de conexï¿½o. Para evitar prejuizos, nenhuma morte receberï¿½ qualquer tipo de penalidade atï¿½ que nossa conexï¿½o se normalize.".
[13/9/2012 0:43:58] [DDOS EMERGENCY] Current avarage RX packet per second 39812 is fine. Emergency disabled.
[13/9/2012 0:43:58] > Broadcasted message: "Conexï¿½o normalizada. Penalidades nas mortes agora estï¿½o novamente validas. Obrigado pela sua compreensï¿½o e bom jogo.".

[13/9/2012 0:53:45] [Error - NpcScript Interface] 
[13/9/2012 0:53:45] (Unknown script file)
[13/9/2012 0:53:45] Description: 
[13/9/2012 0:53:45] attempt to call a nil value
[13/9/2012 0:53:45] stack traceback:

[13/9/2012 0:57:15] [Error - NpcScript Interface] 
[13/9/2012 0:57:15] (Unknown script file)
[13/9/2012 0:57:15] Description: 
[13/9/2012 0:57:15] attempt to call a nil value
[13/9/2012 0:57:15] stack traceback:
[13/9/2012 1:11:3] > Saving server...
[13/9/2012 1:11:6] > SAVE: Complete in 2.545 seconds using binary-tilebased house storage.

[13/9/2012 1:21:57] [Error - NpcScript Interface] 
[13/9/2012 1:21:57] (Unknown script file)
[13/9/2012 1:21:57] Description: 
[13/9/2012 1:21:57] attempt to call a nil value
[13/9/2012 1:21:57] stack traceback:
[13/9/2012 1:21:57] 	[C]: in function 'closeShopWindow'
[13/9/2012 1:21:57] 	data/npc/lib/npcsystem/npchandler.lua:225: in function 'releaseFocus'
[13/9/2012 1:21:57] 	data/npc/lib/npcsystem/npchandler.lua:591: in function 'onWalkAway'
[13/9/2012 1:21:57] 	data/npc/lib/npcsystem/npchandler.lua:523: in function 'onThink'
[13/9/2012 1:21:57] 	data/npc/scripts/game/default.lua:9: in function <data/npc/scripts/game/default.lua:9>
[13/9/2012 2:11:3] > Saving server...
[13/9/2012 2:11:6] > SAVE: Complete in 2.741 seconds using binary-tilebased house storage.
[13/9/2012 2:57:43] > Broadcasted message: "A terra esta tremendo no cemiterio de Quendor!".
[13/9/2012 2:58:43] > Broadcasted message: "Exercitos de criaturas feitas de ossos marcham para Quendor!".
[13/9/2012 2:59:23] > Broadcasted message: "Quendor está sob ataques!".
[13/9/2012 3:11:3] > Saving server...
[13/9/2012 3:11:6] > SAVE: Complete in 3.132 seconds using binary-tilebased house storage.

[13/9/2012 3:28:34] [Error - NpcScript Interface] 
[13/9/2012 3:28:34] (Unknown script file)
[13/9/2012 3:28:34] Description: 
[13/9/2012 3:28:34] attempt to call a nil value
[13/9/2012 3:28:34] stack traceback:
[13/9/2012 3:28:34] 	[C]: in function 'closeShopWindow'
[13/9/2012 3:28:34] 	data/npc/lib/npcsystem/npchandler.lua:225: in function 'releaseFocus'
[13/9/2012 3:28:34] 	data/npc/lib/npcsystem/npchandler.lua:591: in function 'onWalkAway'
[13/9/2012 3:28:34] 	data/npc/lib/npcsystem/npchandler.lua:523: in function 'onThink'
[13/9/2012 3:28:34] 	data/npc/scripts/game/default.lua:9: in function <data/npc/scripts/game/default.lua:9>
[13/9/2012 3:37:3] [DDOS EMERGENCY] Current avarage RX packet per second 76634 is greater then limit 70000. Emergency ENABLED.
[13/9/2012 3:37:3] > Broadcasted message: "Estamos tendo problemas de conexï¿½o. Para evitar prejuizos, nenhuma morte receberï¿½ qualquer tipo de penalidade atï¿½ que nossa conexï¿½o se normalize.".
[13/9/2012 3:37:33] [DDOS EMERGENCY] Current avarage RX packet per second 51976 is fine. Emergency disabled.
[13/9/2012 3:37:33] > Broadcasted message: "Conexï¿½o normalizada. Penalidades nas mortes agora estï¿½o novamente validas. Obrigado pela sua compreensï¿½o e bom jogo.".
[13/9/2012 3:59:43] > Broadcasted message: "The seals on Ferumbras old cidatel are glowing. Prepare for HIS return mortals.".
[13/9/2012 4:2:43] > Broadcasted message: "Ferumbras return is at hand. The Aracura Academy calls for Heroes to fight that evil.".
[13/9/2012 4:4:43] > Broadcasted message: "Ferumbras has returned to his citadel once more. Stop him before its too late.".
[13/9/2012 4:11:3] > Saving server...
[13/9/2012 4:11:6] > SAVE: Complete in 3 seconds using binary-tilebased house storage.
[13/9/2012 4:11:7] [DDOS EMERGENCY] Current avarage RX packet per second 71114 is greater then limit 70000. Emergency ENABLED.
[13/9/2012 4:11:7] > Broadcasted message: "Estamos tendo problemas de conexï¿½o. Para evitar prejuizos, nenhuma morte receberï¿½ qualquer tipo de penalidade atï¿½ que nossa conexï¿½o se normalize.".
[13/9/2012 4:11:37] [DDOS EMERGENCY] Current avarage RX packet per second 50199 is fine. Emergency disabled.
[13/9/2012 4:11:37] > Broadcasted message: "Conexï¿½o normalizada. Penalidades nas mortes agora estï¿½o novamente validas. Obrigado pela sua compreensï¿½o e bom jogo.".

[13/9/2012 4:56:46] [Error - NpcScript Interface] 
[13/9/2012 4:56:46] (Unknown script file)
[13/9/2012 4:56:46] Description: 
[13/9/2012 4:56:46] attempt to call a nil value
[13/9/2012 4:56:46] stack traceback:
[13/9/2012 4:56:46] 	[C]: in function 'closeShopWindow'
[13/9/2012 4:56:46] 	data/npc/lib/npcsystem/npchandler.lua:225: in function 'releaseFocus'
[13/9/2012 4:56:46] 	data/npc/lib/npcsystem/npchandler.lua:591: in function 'onWalkAway'
[13/9/2012 4:56:46] 	data/npc/lib/npcsystem/npchandler.lua:523: in function 'onThink'
[13/9/2012 4:56:46] 	data/npc/scripts/game/default.lua:9: in function <data/npc/scripts/game/default.lua:9>
[13/9/2012 5:11:3] > Saving server...
[13/9/2012 5:11:6] > SAVE: Complete in 2.229 seconds using binary-tilebased house storage.

[13/9/2012 5:15:53] [Error - NpcScript Interface] 
[13/9/2012 5:15:53] (Unknown script file)
[13/9/2012 5:15:53] Description: 
[13/9/2012 5:15:53] attempt to call a nil value
[13/9/2012 5:15:53] stack traceback:
[13/9/2012 5:15:53] 	[C]: in function 'closeShopWindow'
[13/9/2012 5:15:53] 	data/npc/lib/npcsystem/npchandler.lua:225: in function 'releaseFocus'
[13/9/2012 5:15:53] 	data/npc/lib/npcsystem/npchandler.lua:363: in function 'unGreet'
[13/9/2012 5:15:53] 	data/npc/lib/npcsystem/npchandler.lua:576: in function 'onFarewell'
[13/9/2012 5:15:53] 	data/npc/lib/npcsystem/modules.lua:251: in function 'callback'
[13/9/2012 5:15:53] 	data/npc/lib/npcsystem/keywordhandler.lua:41: in function 'processMessage'
[13/9/2012 5:15:53] 	data/npc/lib/npcsystem/keywordhandler.lua:181: in function 'processNodeMessage'
[13/9/2012 5:15:53] 	data/npc/lib/npcsystem/keywordhandler.lua:140: in function 'processMessage'
[13/9/2012 5:15:53] 	data/npc/lib/npcsystem/npchandler.lua:423: in function 'onCreatureSay'
[13/9/2012 5:15:53] 	data/npc/scripts/game/default.lua:8: in function <data/npc/scripts/game/default.lua:8>

[13/9/2012 5:19:21] [Error - NpcScript Interface] 
[13/9/2012 5:19:21] (Unknown script file)
[13/9/2012 5:19:21] Description: 
[13/9/2012 5:19:21] attempt to call a nil value
[13/9/2012 5:19:21] stack traceback:
[13/9/2012 5:19:21] 	[C]: in function 'closeShopWindow'
[13/9/2012 5:19:21] 	data/npc/lib/npcsystem/npchandler.lua:225: in function 'releaseFocus'
[13/9/2012 5:19:21] 	data/npc/lib/npcsystem/npchandler.lua:591: in function 'onWalkAway'
[13/9/2012 5:19:21] 	data/npc/lib/npcsystem/npchandler.lua:523: in function 'onThink'
[13/9/2012 5:19:21] 	data/npc/scripts/game/default.lua:9: in function <data/npc/scripts/game/default.lua:9>

[13/9/2012 5:24:33] [Error - NpcScript Interface] 
[13/9/2012 5:24:33] (Unknown script file)
[13/9/2012 5:24:33] Description: 
[13/9/2012 5:24:33] attempt to call a nil value
[13/9/2012 5:24:33] stack traceback:
[13/9/2012 5:47:23] [DDOS EMERGENCY] Current avarage RX packet per second 71157 is greater then limit 70000. Emergency ENABLED.
[13/9/2012 5:47:23] > Broadcasted message: "Estamos tendo problemas de conexï¿½o. Para evitar prejuizos, nenhuma morte receberï¿½ qualquer tipo de penalidade atï¿½ que nossa conexï¿½o se normalize.".
[13/9/2012 5:47:53] [DDOS EMERGENCY] Current avarage RX packet per second 49105 is fine. Emergency disabled.
[13/9/2012 5:47:53] > Broadcasted message: "Conexï¿½o normalizada. Penalidades nas mortes agora estï¿½o novamente validas. Obrigado pela sua compreensï¿½o e bom jogo.".
[13/9/2012 6:3:1] [DDOS EMERGENCY] Current avarage RX packet per second 70580 is greater then limit 70000. Emergency ENABLED.
[13/9/2012 6:3:1] > Broadcasted message: "Estamos tendo problemas de conexï¿½o. Para evitar prejuizos, nenhuma morte receberï¿½ qualquer tipo de penalidade atï¿½ que nossa conexï¿½o se normalize.".
[13/9/2012 6:3:31] [DDOS EMERGENCY] Current avarage RX packet per second 42154 is fine. Emergency disabled.
[13/9/2012 6:3:31] > Broadcasted message: "Conexï¿½o normalizada. Penalidades nas mortes agora estï¿½o novamente validas. Obrigado pela sua compreensï¿½o e bom jogo.".

[13/9/2012 6:5:46] [Error - NpcScript Interface] 
[13/9/2012 6:5:46] (Unknown script file)
[13/9/2012 6:5:46] Description: 
[13/9/2012 6:5:46] attempt to call a nil value
[13/9/2012 6:5:46] stack traceback:
[13/9/2012 6:5:46] 	[C]: in function 'closeShopWindow'
[13/9/2012 6:5:46] 	data/npc/lib/npcsystem/npchandler.lua:225: in function 'releaseFocus'
[13/9/2012 6:5:46] 	data/npc/lib/npcsystem/npchandler.lua:591: in function 'onWalkAway'
[13/9/2012 6:5:46] 	data/npc/lib/npcsystem/npchandler.lua:523: in function 'onThink'
[13/9/2012 6:5:46] 	data/npc/scripts/game/rashid.lua:9: in function <data/npc/scripts/game/rashid.lua:9>

[13/9/2012 6:7:24] [Error - NpcScript Interface] 
[13/9/2012 6:7:24] (Unknown script file)
[13/9/2012 6:7:24] Description: 
[13/9/2012 6:7:24] attempt to call a nil value
[13/9/2012 6:7:24] stack traceback:

[13/9/2012 6:7:37] [Error - NpcScript Interface] 
[13/9/2012 6:7:37] (Unknown script file)
[13/9/2012 6:7:37] Description: 
[13/9/2012 6:7:37] attempt to call a nil value
[13/9/2012 6:7:37] stack traceback:

[13/9/2012 6:8:8] [Error - NpcScript Interface] 
[13/9/2012 6:8:8] (Unknown script file)
[13/9/2012 6:8:8] Description: 
[13/9/2012 6:8:8] attempt to call a nil value
[13/9/2012 6:8:8] stack traceback:
[13/9/2012 6:8:8] 	[C]: in function 'closeShopWindow'
[13/9/2012 6:8:8] 	data/npc/lib/npcsystem/npchandler.lua:225: in function 'releaseFocus'
[13/9/2012 6:8:8] 	data/npc/lib/npcsystem/npchandler.lua:591: in function 'onWalkAway'
[13/9/2012 6:8:8] 	data/npc/lib/npcsystem/npchandler.lua:523: in function 'onThink'
[13/9/2012 6:8:8] 	data/npc/scripts/game/default.lua:9: in function <data/npc/scripts/game/default.lua:9>
[13/9/2012 6:11:3] > Saving server...
[13/9/2012 6:11:6] > SAVE: Complete in 2.857 seconds using binary-tilebased house storage.

[13/9/2012 6:29:9] [Error - NpcScript Interface] 
[13/9/2012 6:29:9] (Unknown script file)
[13/9/2012 6:29:9] Description: 
[13/9/2012 6:29:9] attempt to call a nil value
[13/9/2012 6:29:9] stack traceback:
[13/9/2012 6:29:9] 	[C]: in function 'closeShopWindow'
[13/9/2012 6:29:9] 	data/npc/lib/npcsystem/npchandler.lua:225: in function 'releaseFocus'
[13/9/2012 6:29:9] 	data/npc/lib/npcsystem/npchandler.lua:591: in function 'onWalkAway'
[13/9/2012 6:29:9] 	data/npc/lib/npcsystem/npchandler.lua:523: in function 'onThink'
[13/9/2012 6:29:9] 	data/npc/scripts/game/default.lua:9: in function <data/npc/scripts/game/default.lua:9>
[13/9/2012 7:11:3] > Saving server...
[13/9/2012 7:11:7] > SAVE: Complete in 3.169 seconds using binary-tilebased house storage.
[13/9/2012 7:52:24] [DDOS EMERGENCY] Current avarage RX packet per second 77440 is greater then limit 70000. Emergency ENABLED.
[13/9/2012 7:52:24] > Broadcasted message: "Estamos tendo problemas de conexï¿½o. Para evitar prejuizos, nenhuma morte receberï¿½ qualquer tipo de penalidade atï¿½ que nossa conexï¿½o se normalize.".
[13/9/2012 7:52:54] [DDOS EMERGENCY] Current avarage RX packet per second 47022 is fine. Emergency disabled.
[13/9/2012 7:52:54] > Broadcasted message: "Conexï¿½o normalizada. Penalidades nas mortes agora estï¿½o novamente validas. Obrigado pela sua compreensï¿½o e bom jogo.".

[13/9/2012 7:56:54] [Error - NpcScript Interface] 
[13/9/2012 7:56:54] (Unknown script file)
[13/9/2012 7:56:54] Description: 
[13/9/2012 7:56:54] attempt to call a nil value
[13/9/2012 7:56:54] stack traceback:
[13/9/2012 7:56:54] 	[C]: in function 'closeShopWindow'
[13/9/2012 7:56:54] 	data/npc/lib/npcsystem/npchandler.lua:225: in function 'releaseFocus'
[13/9/2012 7:56:54] 	data/npc/lib/npcsystem/npchandler.lua:591: in function 'onWalkAway'
[13/9/2012 7:56:54] 	data/npc/lib/npcsystem/npchandler.lua:523: in function 'onThink'
[13/9/2012 7:56:54] 	data/npc/scripts/game/bless/bless4.lua:9: in function <data/npc/scripts/game/bless/bless4.lua:9>
[13/9/2012 8:11:3] > Saving server...
[13/9/2012 8:11:6] > SAVE: Complete in 2.821 seconds using binary-tilebased house storage.
[13/9/2012 8:16:10] [DDOS EMERGENCY] Current avarage RX packet per second 71591 is greater then limit 70000. Emergency ENABLED.
[13/9/2012 8:16:10] > Broadcasted message: "Estamos tendo problemas de conexï¿½o. Para evitar prejuizos, nenhuma morte receberï¿½ qualquer tipo de penalidade atï¿½ que nossa conexï¿½o se normalize.".
[13/9/2012 8:16:40] [DDOS EMERGENCY] Current avarage RX packet per second 48952 is fine. Emergency disabled.
[13/9/2012 8:16:40] > Broadcasted message: "Conexï¿½o normalizada. Penalidades nas mortes agora estï¿½o novamente validas. Obrigado pela sua compreensï¿½o e bom jogo.".
[13/9/2012 8:24:43] > Broadcasted message: "Uma escura e medonha fumaça negra começa a surgir em Quendor...".
[13/9/2012 8:25:43] > Broadcasted message: "Morte aos mortos vivos! Preparem-se para lutar contra a morte!".
[13/9/2012 8:26:23] > Broadcasted message: "Guerreiros saem do chão e fantasmas assombram os lares! Os mortos vivos atacam a cidade de Quendor!".
[13/9/2012 9:2:47] [DDOS EMERGENCY] Current avarage RX packet per second 78031 is greater then limit 70000. Emergency ENABLED.
[13/9/2012 9:2:47] > Broadcasted message: "Estamos tendo problemas de conexï¿½o. Para evitar prejuizos, nenhuma morte receberï¿½ qualquer tipo de penalidade atï¿½ que nossa conexï¿½o se normalize.".
[13/9/2012 9:3:17] [DDOS EMERGENCY] Current avarage RX packet per second 49172 is fine. Emergency disabled.
[13/9/2012 9:3:17] > Broadcasted message: "Conexï¿½o normalizada. Penalidades nas mortes agora estï¿½o novamente validas. Obrigado pela sua compreensï¿½o e bom jogo.".
[13/9/2012 9:11:3] > Saving server...
[13/9/2012 9:11:6] > SAVE: Complete in 2.668 seconds using binary-tilebased house storage.

[13/9/2012 9:16:46] [Error - NpcScript Interface] 
[13/9/2012 9:16:46] (Unknown script file)
[13/9/2012 9:16:46] Description: 
[13/9/2012 9:16:46] attempt to call a nil value
[13/9/2012 9:16:46] stack traceback:
[13/9/2012 9:16:46] 	[C]: in function 'closeShopWindow'
[13/9/2012 9:16:46] 	data/npc/lib/npcsystem/npchandler.lua:225: in function 'releaseFocus'
[13/9/2012 9:16:46] 	data/npc/lib/npcsystem/npchandler.lua:591: in function 'onWalkAway'
[13/9/2012 9:16:46] 	data/npc/lib/npcsystem/npchandler.lua:523: in function 'onThink'
[13/9/2012 9:16:46] 	data/npc/scripts/game/default.lua:9: in function <data/npc/scripts/game/default.lua:9>
[13/9/2012 9:40:35] [DDOS EMERGENCY] Current avarage RX packet per second 73168 is greater then limit 70000. Emergency ENABLED.
[13/9/2012 9:40:35] > Broadcasted message: "Estamos tendo problemas de conexï¿½o. Para evitar prejuizos, nenhuma morte receberï¿½ qualquer tipo de penalidade atï¿½ que nossa conexï¿½o se normalize.".
[13/9/2012 9:41:5] [DDOS EMERGENCY] Current avarage RX packet per second 51248 is fine. Emergency disabled.
[13/9/2012 9:41:5] > Broadcasted message: "Conexï¿½o normalizada. Penalidades nas mortes agora estï¿½o novamente validas. Obrigado pela sua compreensï¿½o e bom jogo.".
[13/9/2012 9:57:41] [DDOS EMERGENCY] Current avarage RX packet per second 70479 is greater then limit 70000. Emergency ENABLED.
[13/9/2012 9:57:41] > Broadcasted message: "Estamos tendo problemas de conexï¿½o. Para evitar prejuizos, nenhuma morte receberï¿½ qualquer tipo de penalidade atï¿½ que nossa conexï¿½o se normalize.".
[13/9/2012 9:58:11] [DDOS EMERGENCY] Current avarage RX packet per second 49961 is fine. Emergency disabled.
[13/9/2012 9:58:11] > Broadcasted message: "Conexï¿½o normalizada. Penalidades nas mortes agora estï¿½o novamente validas. Obrigado pela sua compreensï¿½o e bom jogo.".
[13/9/2012 10:0:7] > Paying houses...
[13/9/2012 10:0:7] Houses paid in 0.174 seconds.
[13/9/2012 10:0:7] > Saving server...
[13/9/2012 10:0:8] > SAVE: Complete in 0.418 seconds using binary-tilebased house storage.
[13/9/2012 10:0:8] Preparing to shutdown the server- done.
