[13/9/2012 10:9:2] > Using MD5 encryption
[13/9/2012 10:9:2] >> Loading RSA key
[13/9/2012 10:9:2] >> Starting SQL connection

[13/9/2012 10:9:2] > WARNING: Outdated MySQL server detected, consider upgrading to a newer version.
[13/9/2012 10:9:2] >> Running Database Manager
[13/9/2012 10:9:2] >> Loading items (OTB)
[13/9/2012 10:9:2] >> Loading items (XML)
[13/9/2012 10:9:2] [Warning - Items::loadFromXml] Unknown key value blocksolid
[13/9/2012 10:9:2] [Warning - Items::loadFromXml] Unknown key value blocksolid
[13/9/2012 10:9:2] >> Loading groups
[13/9/2012 10:9:2] >> Loading vocations
[13/9/2012 10:9:2] >> Loading outfits
[13/9/2012 10:9:2] >> Loading chat channels
[13/9/2012 10:9:2] >> Loading script systems
[13/9/2012 10:9:3] [Warning - Event::loadScript] Event onTime not found (data/globalevents/scripts/clean.lua)
[13/9/2012 10:9:3] >> Loading mods...
[13/9/2012 10:9:3] > 0 mods were loaded.
[13/9/2012 10:9:3] >> Loading experience stages
[13/9/2012 10:9:3] >> Loading monsters
[13/9/2012 10:9:4] [Warning - Monsters::deserializeSpell] Frost Dragon - Unknown areaEffect: smallice
[13/9/2012 10:9:4] >> Loading map and spawns...
[13/9/2012 10:9:6] > Map size: 5000x5000.
[13/9/2012 10:9:6] > Map descriptions: 
[13/9/2012 10:9:6] "Saved with Remere's Map Editor 2.2"
[13/9/2012 10:9:6] "SimOne MapEditor 0.5.5"
[13/9/2012 10:9:7] [Warning - IOMap::loadMap] Movable item in house: 517, item type: 2741, pos 1070/1121/6
[13/9/2012 10:9:7] [Warning - IOMap::loadMap] Movable item in house: 518, item type: 2741, pos 1070/1129/6
[13/9/2012 10:9:7] [Warning - IOMap::loadMap] Movable item in house: 517, item type: 2741, pos 1073/1121/6
[13/9/2012 10:9:7] [Warning - IOMap::loadMap] Movable item in house: 518, item type: 2741, pos 1073/1129/6
[13/9/2012 10:9:8] Duplicate uniqueId 6401
[13/9/2012 10:9:8] Duplicate uniqueId 6401
[13/9/2012 10:9:11] Duplicate uniqueId 6401
[13/9/2012 10:9:11] Duplicate uniqueId 6401
[13/9/2012 10:9:11] Duplicate uniqueId 6401
[13/9/2012 10:9:11] Duplicate uniqueId 6401
[13/9/2012 10:9:16] Duplicate uniqueId 6401
[13/9/2012 10:9:16] Duplicate uniqueId 6401
[13/9/2012 10:9:18] Duplicate uniqueId 2004
[13/9/2012 10:9:18] Duplicate uniqueId 2005
[13/9/2012 10:9:18] Duplicate uniqueId 2006
[13/9/2012 10:9:18] Duplicate uniqueId 2007
[13/9/2012 10:9:22] Duplicate uniqueId 6401
[13/9/2012 10:9:22] Duplicate uniqueId 6401
[13/9/2012 10:9:22] Duplicate uniqueId 6401
[13/9/2012 10:9:23] Duplicate uniqueId 6400
[13/9/2012 10:9:23] Duplicate uniqueId 6401
[13/9/2012 10:9:23] Duplicate uniqueId 2056
[13/9/2012 10:9:23] Duplicate uniqueId 2057
[13/9/2012 10:9:23] Duplicate uniqueId 2058
[13/9/2012 10:9:23] Duplicate uniqueId 2051
[13/9/2012 10:9:23] Duplicate uniqueId 2052
[13/9/2012 10:9:23] Duplicate uniqueId 2053
[13/9/2012 10:9:23] Duplicate uniqueId 2054
[13/9/2012 10:9:23] > Map loading time: 19.106 seconds.
[13/9/2012 10:9:24] [Spawn::addMonster] Cannot find "Butterfly"
[13/9/2012 10:9:24] [Spawn::addMonster] Cannot find "Butterfly"
[13/9/2012 10:9:24] > Data parsing time: 1.15 seconds.
[13/9/2012 10:9:40] > Houses synchronization time: 15.855 seconds.
[13/9/2012 10:9:40] > Content unserialization time: 0.071 seconds.
[13/9/2012 10:9:40] >> Checking world type... Open PvP
[13/9/2012 10:9:40] >> Initializing game state and binding services...
[13/9/2012 10:9:42] > Global IP address: 184.173.128.212
[13/9/2012 10:9:42] > Bound ports: 7577	7578	9215	
[13/9/2012 10:9:42] >> Everything smells good, server is starting up...
[13/9/2012 10:9:42] [DDOS EMERGENCY] Enabled
>> UltraX server Online!
[13/9/2012 10:9:42] [DDOS EMERGENCY] Enabled
>> UltraX server Online!


[13/9/2012 10:40:42] [Error - NpcScript Interface] 
[13/9/2012 10:40:42] (Unknown script file)
[13/9/2012 10:40:42] Description: 
[13/9/2012 10:40:42] attempt to call a nil value
[13/9/2012 10:40:42] stack traceback:

[13/9/2012 10:45:37] [Error - NpcScript Interface] 
[13/9/2012 10:45:37] (Unknown script file)
[13/9/2012 10:45:37] Description: 
[13/9/2012 10:45:37] attempt to call a nil value
[13/9/2012 10:45:37] stack traceback:

[13/9/2012 10:50:18] [Error - NpcScript Interface] 
[13/9/2012 10:50:18] (Unknown script file)
[13/9/2012 10:50:18] Description: 
[13/9/2012 10:50:18] attempt to call a nil value
[13/9/2012 10:50:18] stack traceback:
[13/9/2012 10:51:0] [Warning - Protocol::RSA_decrypt] Not valid packet size (IP: 187.32.225.121)

[13/9/2012 11:5:56] [Error - Action Interface] 
[13/9/2012 11:5:56] data/actions/scripts/game/koshei.lua:onUse
[13/9/2012 11:5:56] Description: 
[13/9/2012 11:5:56] (luaGetItemAttribute) Item not found

[13/9/2012 11:5:58] [Error - Action Interface] 
[13/9/2012 11:5:58] data/actions/scripts/game/koshei.lua:onUse
[13/9/2012 11:5:58] Description: 
[13/9/2012 11:5:58] (luaGetItemAttribute) Item not found
[13/9/2012 11:11:3] > Saving server...
[13/9/2012 11:11:5] > SAVE: Complete in 1.818 seconds using binary-tilebased house storage.

[13/9/2012 11:25:50] [Error - NpcScript Interface] 
[13/9/2012 11:25:50] (Unknown script file)
[13/9/2012 11:25:50] Description: 
[13/9/2012 11:25:50] attempt to call a nil value
[13/9/2012 11:25:50] stack traceback:

[13/9/2012 11:36:7] [Error - NpcScript Interface] 
[13/9/2012 11:36:7] (Unknown script file)
[13/9/2012 11:36:7] Description: 
[13/9/2012 11:36:7] attempt to call a nil value
[13/9/2012 11:36:7] stack traceback:
[13/9/2012 11:50:6] [DDOS EMERGENCY] Current avarage RX packet per second 71216 is greater then limit 70000. Emergency ENABLED.
[13/9/2012 11:50:6] > Broadcasted message: "Estamos tendo problemas de conexï¿½o. Para evitar prejuizos, nenhuma morte receberï¿½ qualquer tipo de penalidade atï¿½ que nossa conexï¿½o se normalize.".
[13/9/2012 11:50:36] [DDOS EMERGENCY] Current avarage RX packet per second 62011 is fine. Emergency disabled.
[13/9/2012 11:50:36] > Broadcasted message: "Conexï¿½o normalizada. Penalidades nas mortes agora estï¿½o novamente validas. Obrigado pela sua compreensï¿½o e bom jogo.".
[13/9/2012 11:51:30] [DDOS EMERGENCY] Current avarage RX packet per second 70010 is greater then limit 70000. Emergency ENABLED.
[13/9/2012 11:51:30] > Broadcasted message: "Estamos tendo problemas de conexï¿½o. Para evitar prejuizos, nenhuma morte receberï¿½ qualquer tipo de penalidade atï¿½ que nossa conexï¿½o se normalize.".
[13/9/2012 11:52:0] [DDOS EMERGENCY] Current avarage RX packet per second 49608 is fine. Emergency disabled.
[13/9/2012 11:52:0] > Broadcasted message: "Conexï¿½o normalizada. Penalidades nas mortes agora estï¿½o novamente validas. Obrigado pela sua compreensï¿½o e bom jogo.".

[13/9/2012 11:53:44] [Error - NpcScript Interface] 
[13/9/2012 11:53:44] (Unknown script file)
[13/9/2012 11:53:44] Description: 
[13/9/2012 11:53:44] attempt to call a nil value
[13/9/2012 11:53:44] stack traceback:

[13/9/2012 11:54:42] [Error - NpcScript Interface] 
[13/9/2012 11:54:42] (Unknown script file)
[13/9/2012 11:54:42] Description: 
[13/9/2012 11:54:42] attempt to call a nil value
[13/9/2012 11:54:42] stack traceback:
[13/9/2012 11:54:42] 	[C]: in function 'closeShopWindow'
[13/9/2012 11:54:42] 	data/npc/lib/npcsystem/npchandler.lua:225: in function 'releaseFocus'
[13/9/2012 11:54:42] 	data/npc/lib/npcsystem/npchandler.lua:591: in function 'onWalkAway'
[13/9/2012 11:54:42] 	data/npc/lib/npcsystem/npchandler.lua:523: in function 'onThink'
[13/9/2012 11:54:42] 	data/npc/scripts/game/default.lua:9: in function <data/npc/scripts/game/default.lua:9>

[13/9/2012 12:9:10] [Error - NpcScript Interface] 
[13/9/2012 12:9:10] (Unknown script file)
[13/9/2012 12:9:10] Description: 
[13/9/2012 12:9:10] attempt to call a nil value
[13/9/2012 12:9:10] stack traceback:
[13/9/2012 12:9:10] 	[C]: in function 'closeShopWindow'
[13/9/2012 12:9:10] 	data/npc/lib/npcsystem/npchandler.lua:225: in function 'releaseFocus'
[13/9/2012 12:9:10] 	data/npc/lib/npcsystem/npchandler.lua:591: in function 'onWalkAway'
[13/9/2012 12:9:10] 	data/npc/lib/npcsystem/npchandler.lua:523: in function 'onThink'
[13/9/2012 12:9:10] 	data/npc/scripts/game/rashid.lua:9: in function <data/npc/scripts/game/rashid.lua:9>

[13/9/2012 12:9:27] [Error - NpcScript Interface] 
[13/9/2012 12:9:27] (Unknown script file)
[13/9/2012 12:9:27] Description: 
[13/9/2012 12:9:27] attempt to call a nil value
[13/9/2012 12:9:27] stack traceback:
[13/9/2012 12:9:27] 	[C]: in function 'closeShopWindow'
[13/9/2012 12:9:27] 	data/npc/lib/npcsystem/npchandler.lua:225: in function 'releaseFocus'
[13/9/2012 12:9:27] 	data/npc/lib/npcsystem/npchandler.lua:591: in function 'onWalkAway'
[13/9/2012 12:9:27] 	data/npc/lib/npcsystem/npchandler.lua:523: in function 'onThink'
[13/9/2012 12:9:27] 	data/npc/scripts/game/default.lua:9: in function <data/npc/scripts/game/default.lua:9>

[13/9/2012 12:9:58] [Error - NpcScript Interface] 
[13/9/2012 12:9:58] (Unknown script file)
[13/9/2012 12:9:58] Description: 
[13/9/2012 12:9:58] attempt to call a nil value
[13/9/2012 12:9:58] stack traceback:
[13/9/2012 12:9:58] 	[C]: in function 'closeShopWindow'
[13/9/2012 12:9:58] 	data/npc/lib/npcsystem/npchandler.lua:225: in function 'releaseFocus'
[13/9/2012 12:9:58] 	data/npc/lib/npcsystem/npchandler.lua:591: in function 'onWalkAway'
[13/9/2012 12:9:58] 	data/npc/lib/npcsystem/npchandler.lua:523: in function 'onThink'
[13/9/2012 12:9:58] 	data/npc/scripts/game/default.lua:9: in function <data/npc/scripts/game/default.lua:9>
[13/9/2012 12:11:3] > Saving server...
[13/9/2012 12:11:6] > SAVE: Complete in 2.703 seconds using binary-tilebased house storage.

[13/9/2012 12:13:19] [Error - NpcScript Interface] 
[13/9/2012 12:13:19] (Unknown script file)
[13/9/2012 12:13:19] Description: 
[13/9/2012 12:13:19] attempt to call a nil value
[13/9/2012 12:13:19] stack traceback:
[13/9/2012 12:13:19] 	[C]: in function 'closeShopWindow'
[13/9/2012 12:13:19] 	data/npc/lib/npcsystem/npchandler.lua:225: in function 'releaseFocus'
[13/9/2012 12:13:19] 	data/npc/lib/npcsystem/npchandler.lua:363: in function 'unGreet'
[13/9/2012 12:13:19] 	data/npc/lib/npcsystem/npchandler.lua:576: in function 'onFarewell'
[13/9/2012 12:13:19] 	data/npc/lib/npcsystem/modules.lua:251: in function 'callback'
[13/9/2012 12:13:19] 	data/npc/lib/npcsystem/keywordhandler.lua:41: in function 'processMessage'
[13/9/2012 12:13:19] 	data/npc/lib/npcsystem/keywordhandler.lua:181: in function 'processNodeMessage'
[13/9/2012 12:13:19] 	data/npc/lib/npcsystem/keywordhandler.lua:140: in function 'processMessage'
[13/9/2012 12:13:19] 	data/npc/lib/npcsystem/npchandler.lua:423: in function 'onCreatureSay'
[13/9/2012 12:13:19] 	data/npc/scripts/game/blacksmith.lua:8: in function <data/npc/scripts/game/blacksmith.lua:8>

[13/9/2012 12:16:38] [Error - NpcScript Interface] 
[13/9/2012 12:16:38] (Unknown script file)
[13/9/2012 12:16:38] Description: 
[13/9/2012 12:16:38] attempt to call a nil value
[13/9/2012 12:16:38] stack traceback:
[13/9/2012 12:16:38] 	[C]: ?

[13/9/2012 12:17:23] [Error - NpcScript Interface] 
[13/9/2012 12:17:23] (Unknown script file)
[13/9/2012 12:17:23] Description: 
[13/9/2012 12:17:23] attempt to call a nil value
[13/9/2012 12:17:23] stack traceback:

[13/9/2012 12:26:59] [Error - NpcScript Interface] 
[13/9/2012 12:26:59] (Unknown script file)
[13/9/2012 12:26:59] Description: 
[13/9/2012 12:26:59] attempt to call a nil value
[13/9/2012 12:26:59] stack traceback:

[13/9/2012 12:27:39] [Error - NpcScript Interface] 
[13/9/2012 12:27:39] (Unknown script file)
[13/9/2012 12:27:39] Description: 
[13/9/2012 12:27:39] attempt to call a nil value
[13/9/2012 12:27:39] stack traceback:
[13/9/2012 12:27:39] 	[C]: in function 'closeShopWindow'
[13/9/2012 12:27:39] 	data/npc/lib/npcsystem/npchandler.lua:225: in function 'releaseFocus'
[13/9/2012 12:27:39] 	data/npc/lib/npcsystem/npchandler.lua:591: in function 'onWalkAway'
[13/9/2012 12:27:39] 	data/npc/lib/npcsystem/npchandler.lua:523: in function 'onThink'
[13/9/2012 12:27:39] 	data/npc/scripts/game/default.lua:9: in function <data/npc/scripts/game/default.lua:9>

[13/9/2012 12:31:22] [Error - NpcScript Interface] 
[13/9/2012 12:31:22] (Unknown script file)
[13/9/2012 12:31:22] Description: 
[13/9/2012 12:31:22] attempt to call a nil value
[13/9/2012 12:31:22] stack traceback:
[13/9/2012 12:31:22] 	[C]: in function 'closeShopWindow'
[13/9/2012 12:31:22] 	data/npc/lib/npcsystem/npchandler.lua:225: in function 'releaseFocus'
[13/9/2012 12:31:22] 	data/npc/lib/npcsystem/npchandler.lua:591: in function 'onWalkAway'
[13/9/2012 12:31:22] 	data/npc/lib/npcsystem/npchandler.lua:523: in function 'onThink'
[13/9/2012 12:31:22] 	data/npc/scripts/game/quendor.postman.lua:8: in function <data/npc/scripts/game/quendor.postman.lua:8>

[13/9/2012 12:49:45] [Error - NpcScript Interface] 
[13/9/2012 12:49:45] (Unknown script file)
[13/9/2012 12:49:45] Description: 
[13/9/2012 12:49:45] attempt to call a nil value
[13/9/2012 12:49:45] stack traceback:
[13/9/2012 12:49:45] 	[C]: in function 'closeShopWindow'
[13/9/2012 12:49:45] 	data/npc/lib/npcsystem/npchandler.lua:225: in function 'releaseFocus'
[13/9/2012 12:49:45] 	data/npc/lib/npcsystem/npchandler.lua:591: in function 'onWalkAway'
[13/9/2012 12:49:45] 	data/npc/lib/npcsystem/npchandler.lua:523: in function 'onThink'
[13/9/2012 12:49:45] 	data/npc/scripts/game/default.lua:9: in function <data/npc/scripts/game/default.lua:9>

[13/9/2012 12:50:35] [Error - NpcScript Interface] 
[13/9/2012 12:50:35] (Unknown script file)
[13/9/2012 12:50:35] Description: 
[13/9/2012 12:50:35] attempt to call a nil value
[13/9/2012 12:50:35] stack traceback:
[13/9/2012 12:50:35] 	[C]: in function 'closeShopWindow'
[13/9/2012 12:50:35] 	data/npc/lib/npcsystem/npchandler.lua:225: in function 'releaseFocus'
[13/9/2012 12:50:35] 	data/npc/lib/npcsystem/npchandler.lua:591: in function 'onWalkAway'
[13/9/2012 12:50:35] 	data/npc/lib/npcsystem/npchandler.lua:523: in function 'onThink'
[13/9/2012 12:50:35] 	data/npc/scripts/game/blacksmith.lua:9: in function <data/npc/scripts/game/blacksmith.lua:9>

[13/9/2012 13:0:44] [Error - NpcScript Interface] 
[13/9/2012 13:0:44] (Unknown script file)
[13/9/2012 13:0:44] Description: 
[13/9/2012 13:0:44] attempt to call a nil value
[13/9/2012 13:0:44] stack traceback:
[13/9/2012 13:0:44] 	[C]: in function 'closeShopWindow'
[13/9/2012 13:0:44] 	data/npc/lib/npcsystem/npchandler.lua:225: in function 'releaseFocus'
[13/9/2012 13:0:44] 	data/npc/lib/npcsystem/npchandler.lua:591: in function 'onWalkAway'
[13/9/2012 13:0:44] 	data/npc/lib/npcsystem/npchandler.lua:523: in function 'onThink'
[13/9/2012 13:0:44] 	data/npc/scripts/game/quendor.postman.lua:8: in function <data/npc/scripts/game/quendor.postman.lua:8>

[13/9/2012 13:1:8] [Error - NpcScript Interface] 
[13/9/2012 13:1:8] (Unknown script file)
[13/9/2012 13:1:8] Description: 
[13/9/2012 13:1:8] attempt to call a nil value
[13/9/2012 13:1:8] stack traceback:
[13/9/2012 13:1:8] 	[C]: in function 'closeShopWindow'
[13/9/2012 13:1:8] 	data/npc/lib/npcsystem/npchandler.lua:225: in function 'releaseFocus'
[13/9/2012 13:1:8] 	data/npc/lib/npcsystem/npchandler.lua:363: in function 'unGreet'
[13/9/2012 13:1:8] 	data/npc/lib/npcsystem/npchandler.lua:576: in function 'onFarewell'
[13/9/2012 13:1:8] 	data/npc/lib/npcsystem/modules.lua:251: in function 'callback'
[13/9/2012 13:1:8] 	data/npc/lib/npcsystem/keywordhandler.lua:41: in function 'processMessage'
[13/9/2012 13:1:8] 	data/npc/lib/npcsystem/keywordhandler.lua:181: in function 'processNodeMessage'
[13/9/2012 13:1:8] 	data/npc/lib/npcsystem/keywordhandler.lua:140: in function 'processMessage'
[13/9/2012 13:1:8] 	data/npc/lib/npcsystem/npchandler.lua:423: in function 'onCreatureSay'
[13/9/2012 13:1:8] 	data/npc/scripts/game/default.lua:8: in function <data/npc/scripts/game/default.lua:8>

[13/9/2012 13:2:16] [Error - NpcScript Interface] 
[13/9/2012 13:2:16] (Unknown script file)
[13/9/2012 13:2:16] Description: 
[13/9/2012 13:2:16] attempt to call a nil value
[13/9/2012 13:2:16] stack traceback:
[13/9/2012 13:2:16] 	[C]: in function 'closeShopWindow'
[13/9/2012 13:2:16] 	data/npc/lib/npcsystem/npchandler.lua:225: in function 'releaseFocus'
[13/9/2012 13:2:16] 	data/npc/lib/npcsystem/npchandler.lua:591: in function 'onWalkAway'
[13/9/2012 13:2:16] 	data/npc/lib/npcsystem/npchandler.lua:523: in function 'onThink'
[13/9/2012 13:2:16] 	data/npc/scripts/game/blacksmith.lua:9: in function <data/npc/scripts/game/blacksmith.lua:9>
[13/9/2012 13:11:3] > Saving server...
[13/9/2012 13:11:5] > SAVE: Complete in 1.861 seconds using binary-tilebased house storage.

[13/9/2012 13:36:44] [Error - NpcScript Interface] 
[13/9/2012 13:36:44] (Unknown script file)
[13/9/2012 13:36:44] Description: 
[13/9/2012 13:36:44] attempt to call a nil value
[13/9/2012 13:36:44] stack traceback:

[13/9/2012 13:37:19] [Error - NpcScript Interface] 
[13/9/2012 13:37:19] (Unknown script file)
[13/9/2012 13:37:19] Description: 
[13/9/2012 13:37:19] attempt to call a nil value
[13/9/2012 13:37:19] stack traceback:
[13/9/2012 13:37:19] 	[C]: in function 'closeShopWindow'
[13/9/2012 13:37:19] 	data/npc/lib/npcsystem/npchandler.lua:225: in function 'releaseFocus'
[13/9/2012 13:37:19] 	data/npc/lib/npcsystem/npchandler.lua:591: in function 'onWalkAway'
[13/9/2012 13:37:19] 	data/npc/lib/npcsystem/npchandler.lua:523: in function 'onThink'
[13/9/2012 13:37:19] 	data/npc/scripts/game/default.lua:9: in function <data/npc/scripts/game/default.lua:9>

[13/9/2012 13:39:22] [Error - NpcScript Interface] 
[13/9/2012 13:39:22] (Unknown script file)
[13/9/2012 13:39:22] Description: 
[13/9/2012 13:39:22] attempt to call a nil value
[13/9/2012 13:39:22] stack traceback:

[13/9/2012 13:59:22] [Error - NpcScript Interface] 
[13/9/2012 13:59:22] (Unknown script file)
[13/9/2012 13:59:22] Description: 
[13/9/2012 13:59:22] attempt to call a nil value
[13/9/2012 13:59:22] stack traceback:

[13/9/2012 14:4:16] [Error - NpcScript Interface] 
[13/9/2012 14:4:16] (Unknown script file)
[13/9/2012 14:4:16] Description: 
[13/9/2012 14:4:16] attempt to call a nil value
[13/9/2012 14:4:16] stack traceback:

[13/9/2012 14:9:52] [Error - NpcScript Interface] 
[13/9/2012 14:9:52] (Unknown script file)
[13/9/2012 14:9:52] Description: 
[13/9/2012 14:9:52] attempt to call a nil value
[13/9/2012 14:9:52] stack traceback:
[13/9/2012 14:9:52] 	[C]: in function 'closeShopWindow'
[13/9/2012 14:9:52] 	data/npc/lib/npcsystem/npchandler.lua:225: in function 'releaseFocus'
[13/9/2012 14:9:52] 	data/npc/lib/npcsystem/npchandler.lua:591: in function 'onWalkAway'
[13/9/2012 14:9:52] 	data/npc/lib/npcsystem/npchandler.lua:523: in function 'onThink'
[13/9/2012 14:9:52] 	data/npc/scripts/game/default.lua:9: in function <data/npc/scripts/game/default.lua:9>
[13/9/2012 14:11:3] > Saving server...
[13/9/2012 14:11:6] > SAVE: Complete in 2.728 seconds using binary-tilebased house storage.

[13/9/2012 14:52:19] [Error - NpcScript Interface] 
[13/9/2012 14:52:19] (Unknown script file)
[13/9/2012 14:52:19] Description: 
[13/9/2012 14:52:19] attempt to call a nil value
[13/9/2012 14:52:19] stack traceback:
[13/9/2012 14:52:19] 	[C]: in function 'closeShopWindow'
[13/9/2012 14:52:19] 	data/npc/lib/npcsystem/npchandler.lua:225: in function 'releaseFocus'
[13/9/2012 14:52:19] 	data/npc/lib/npcsystem/npchandler.lua:591: in function 'onWalkAway'
[13/9/2012 14:52:19] 	data/npc/lib/npcsystem/npchandler.lua:523: in function 'onThink'
[13/9/2012 14:52:19] 	data/npc/scripts/game/default.lua:9: in function <data/npc/scripts/game/default.lua:9>

[13/9/2012 15:3:26] [Error - NpcScript Interface] 
[13/9/2012 15:3:26] (Unknown script file)
[13/9/2012 15:3:26] Description: 
[13/9/2012 15:3:26] attempt to call a nil value
[13/9/2012 15:3:26] stack traceback:
[13/9/2012 15:3:26] 	[C]: in function 'closeShopWindow'
[13/9/2012 15:3:26] 	data/npc/lib/npcsystem/npchandler.lua:225: in function 'releaseFocus'
[13/9/2012 15:3:26] 	data/npc/lib/npcsystem/npchandler.lua:591: in function 'onWalkAway'
[13/9/2012 15:3:26] 	data/npc/lib/npcsystem/npchandler.lua:523: in function 'onThink'
[13/9/2012 15:3:26] 	data/npc/scripts/game/blacksmith.lua:9: in function <data/npc/scripts/game/blacksmith.lua:9>

[13/9/2012 15:4:31] [Error - NpcScript Interface] 
[13/9/2012 15:4:31] (Unknown script file)
[13/9/2012 15:4:31] Description: 
[13/9/2012 15:4:31] attempt to call a nil value
[13/9/2012 15:4:31] stack traceback:
[13/9/2012 15:4:31] 	[C]: in function 'closeShopWindow'
[13/9/2012 15:4:31] 	data/npc/lib/npcsystem/npchandler.lua:225: in function 'releaseFocus'
[13/9/2012 15:4:31] 	data/npc/lib/npcsystem/npchandler.lua:591: in function 'onWalkAway'
[13/9/2012 15:4:31] 	data/npc/lib/npcsystem/npchandler.lua:523: in function 'onThink'
[13/9/2012 15:4:31] 	data/npc/scripts/game/default.lua:9: in function <data/npc/scripts/game/default.lua:9>

[13/9/2012 15:5:14] [Error - NpcScript Interface] 
[13/9/2012 15:5:14] (Unknown script file)
[13/9/2012 15:5:14] Description: 
[13/9/2012 15:5:14] attempt to call a nil value
[13/9/2012 15:5:14] stack traceback:

[13/9/2012 15:9:33] [Error - NpcScript Interface] 
[13/9/2012 15:9:33] (Unknown script file)
[13/9/2012 15:9:33] Description: 
[13/9/2012 15:9:33] attempt to call a nil value
[13/9/2012 15:9:33] stack traceback:
[13/9/2012 15:10:42] > Broadcasted message: "As senhoritas rebeldes planejam um ataque a quendor...".
[13/9/2012 15:11:4] > Saving server...
[13/9/2012 15:11:7] > SAVE: Complete in 2.904 seconds using binary-tilebased house storage.
[13/9/2012 15:11:42] > Broadcasted message: "As amazonas estão atacando Quendor!".

[13/9/2012 15:35:20] [Error - NpcScript Interface] 
[13/9/2012 15:35:20] (Unknown script file)
[13/9/2012 15:35:20] Description: 
[13/9/2012 15:35:20] attempt to call a nil value
[13/9/2012 15:35:20] stack traceback:
[13/9/2012 15:35:20] 	[C]: in function 'closeShopWindow'
[13/9/2012 15:35:20] 	data/npc/lib/npcsystem/npchandler.lua:225: in function 'releaseFocus'
[13/9/2012 15:35:20] 	data/npc/lib/npcsystem/npchandler.lua:591: in function 'onWalkAway'
[13/9/2012 15:35:20] 	data/npc/lib/npcsystem/npchandler.lua:523: in function 'onThink'
[13/9/2012 15:35:20] 	data/npc/scripts/game/default.lua:9: in function <data/npc/scripts/game/default.lua:9>

[13/9/2012 15:38:11] [Error - NpcScript Interface] 
[13/9/2012 15:38:11] (Unknown script file)
[13/9/2012 15:38:11] Description: 
[13/9/2012 15:38:11] attempt to call a nil value
[13/9/2012 15:38:11] stack traceback:
[13/9/2012 16:11:4] > Saving server...
[13/9/2012 16:11:6] > SAVE: Complete in 2.658 seconds using binary-tilebased house storage.

[13/9/2012 16:24:2] [Error - NpcScript Interface] 
[13/9/2012 16:24:2] (Unknown script file)
[13/9/2012 16:24:2] Description: 
[13/9/2012 16:24:2] attempt to call a nil value
[13/9/2012 16:24:2] stack traceback:
[13/9/2012 16:24:2] 	[C]: in function 'closeShopWindow'
[13/9/2012 16:24:2] 	data/npc/lib/npcsystem/npchandler.lua:225: in function 'releaseFocus'
[13/9/2012 16:24:2] 	data/npc/lib/npcsystem/npchandler.lua:591: in function 'onWalkAway'
[13/9/2012 16:24:2] 	data/npc/lib/npcsystem/npchandler.lua:523: in function 'onThink'
[13/9/2012 16:24:2] 	data/npc/scripts/game/default.lua:9: in function <data/npc/scripts/game/default.lua:9>

[13/9/2012 16:36:2] [Error - NpcScript Interface] 
[13/9/2012 16:36:2] (Unknown script file)
[13/9/2012 16:36:2] Description: 
[13/9/2012 16:36:2] attempt to call a nil value
[13/9/2012 16:36:2] stack traceback:
[13/9/2012 16:36:2] 	[C]: in function 'closeShopWindow'
[13/9/2012 16:36:2] 	data/npc/lib/npcsystem/npchandler.lua:225: in function 'releaseFocus'
[13/9/2012 16:36:2] 	data/npc/lib/npcsystem/npchandler.lua:591: in function 'onWalkAway'
[13/9/2012 16:36:2] 	data/npc/lib/npcsystem/npchandler.lua:523: in function 'onThink'
[13/9/2012 16:36:2] 	data/npc/scripts/game/bless/bless4.lua:9: in function <data/npc/scripts/game/bless/bless4.lua:9>

[13/9/2012 16:40:35] [Error - NpcScript Interface] 
[13/9/2012 16:40:35] (Unknown script file)
[13/9/2012 16:40:35] Description: 
[13/9/2012 16:40:35] attempt to call a nil value
[13/9/2012 16:40:35] stack traceback:
[13/9/2012 16:40:35] 	[C]: in function 'closeShopWindow'
[13/9/2012 16:40:35] 	data/npc/lib/npcsystem/npchandler.lua:225: in function 'releaseFocus'
[13/9/2012 16:40:35] 	data/npc/lib/npcsystem/npchandler.lua:591: in function 'onWalkAway'
[13/9/2012 16:40:35] 	data/npc/lib/npcsystem/npchandler.lua:523: in function 'onThink'
[13/9/2012 16:40:35] 	data/npc/scripts/game/default.lua:9: in function <data/npc/scripts/game/default.lua:9>

[13/9/2012 16:53:36] [Error - NpcScript Interface] 
[13/9/2012 16:53:36] (Unknown script file)
[13/9/2012 16:53:36] Description: 
[13/9/2012 16:53:36] attempt to call a nil value
[13/9/2012 16:53:36] stack traceback:

[13/9/2012 16:54:6] [Error - NpcScript Interface] 
[13/9/2012 16:54:6] (Unknown script file)
[13/9/2012 16:54:6] Description: 
[13/9/2012 16:54:6] attempt to call a nil value
[13/9/2012 16:54:6] stack traceback:
[13/9/2012 17:11:4] > Saving server...
[13/9/2012 17:11:6] > SAVE: Complete in 2.148 seconds using binary-tilebased house storage.

[13/9/2012 18:2:35] [Error - NpcScript Interface] 
[13/9/2012 18:2:35] (Unknown script file)
[13/9/2012 18:2:35] Description: 
[13/9/2012 18:2:35] attempt to call a nil value
[13/9/2012 18:2:35] stack traceback:
[13/9/2012 18:2:35] 	[C]: in function 'closeShopWindow'
[13/9/2012 18:2:35] 	data/npc/lib/npcsystem/npchandler.lua:225: in function 'releaseFocus'
[13/9/2012 18:2:35] 	data/npc/lib/npcsystem/npchandler.lua:363: in function 'unGreet'
[13/9/2012 18:2:35] 	data/npc/lib/npcsystem/npchandler.lua:576: in function 'onFarewell'
[13/9/2012 18:2:35] 	data/npc/lib/npcsystem/modules.lua:251: in function 'callback'
[13/9/2012 18:2:35] 	data/npc/lib/npcsystem/keywordhandler.lua:41: in function 'processMessage'
[13/9/2012 18:2:35] 	data/npc/lib/npcsystem/keywordhandler.lua:181: in function 'processNodeMessage'
[13/9/2012 18:2:35] 	data/npc/lib/npcsystem/keywordhandler.lua:140: in function 'processMessage'
[13/9/2012 18:2:35] 	data/npc/lib/npcsystem/npchandler.lua:423: in function 'onCreatureSay'
[13/9/2012 18:2:35] 	data/npc/scripts/game/blacksmith.lua:8: in function <data/npc/scripts/game/blacksmith.lua:8>
[13/9/2012 18:11:4] > Saving server...
[13/9/2012 18:11:5] > SAVE: Complete in 1.656 seconds using binary-tilebased house storage.

[13/9/2012 18:45:6] [Error - NpcScript Interface] 
[13/9/2012 18:45:6] (Unknown script file)
[13/9/2012 18:45:6] Description: 
[13/9/2012 18:45:6] attempt to call a nil value
[13/9/2012 18:45:6] stack traceback:
[13/9/2012 18:45:6] 	[C]: in function 'closeShopWindow'
[13/9/2012 18:45:6] 	data/npc/lib/npcsystem/npchandler.lua:225: in function 'releaseFocus'
[13/9/2012 18:45:6] 	data/npc/lib/npcsystem/npchandler.lua:591: in function 'onWalkAway'
[13/9/2012 18:45:6] 	data/npc/lib/npcsystem/npchandler.lua:523: in function 'onThink'
[13/9/2012 18:45:6] 	data/npc/scripts/game/default.lua:9: in function <data/npc/scripts/game/default.lua:9>

[13/9/2012 19:9:4] [Error - NpcScript Interface] 
[13/9/2012 19:9:4] (Unknown script file)
[13/9/2012 19:9:4] Description: 
[13/9/2012 19:9:4] attempt to call a nil value
[13/9/2012 19:9:4] stack traceback:
[13/9/2012 19:11:4] > Saving server...
[13/9/2012 19:11:6] > SAVE: Complete in 2.259 seconds using binary-tilebased house storage.

[13/9/2012 19:36:29] [Error - NpcScript Interface] 
[13/9/2012 19:36:29] (Unknown script file)
[13/9/2012 19:36:29] Description: 
[13/9/2012 19:36:29] attempt to call a nil value
[13/9/2012 19:36:29] stack traceback:
[13/9/2012 20:1:10] [DDOS EMERGENCY] Current avarage RX packet per second 73361 is greater then limit 70000. Emergency ENABLED.
[13/9/2012 20:1:10] > Broadcasted message: "Estamos tendo problemas de conexï¿½o. Para evitar prejuizos, nenhuma morte receberï¿½ qualquer tipo de penalidade atï¿½ que nossa conexï¿½o se normalize.".
[13/9/2012 20:1:51] [DDOS EMERGENCY] Current avarage RX packet per second 67326 is fine. Emergency disabled.
[13/9/2012 20:1:51] > Broadcasted message: "Conexï¿½o normalizada. Penalidades nas mortes agora estï¿½o novamente validas. Obrigado pela sua compreensï¿½o e bom jogo.".
[13/9/2012 20:1:55] [DDOS EMERGENCY] Current avarage RX packet per second 72934 is greater then limit 70000. Emergency ENABLED.
[13/9/2012 20:1:55] > Broadcasted message: "Estamos tendo problemas de conexï¿½o. Para evitar prejuizos, nenhuma morte receberï¿½ qualquer tipo de penalidade atï¿½ que nossa conexï¿½o se normalize.".
[13/9/2012 20:2:25] [DDOS EMERGENCY] Current avarage RX packet per second 2647 is fine. Emergency disabled.
[13/9/2012 20:2:25] > Broadcasted message: "Conexï¿½o normalizada. Penalidades nas mortes agora estï¿½o novamente validas. Obrigado pela sua compreensï¿½o e bom jogo.".

[13/9/2012 20:2:42] [Error - NpcScript Interface] 
[13/9/2012 20:2:42] (Unknown script file)
[13/9/2012 20:2:42] Description: 
[13/9/2012 20:2:42] attempt to call a nil value
[13/9/2012 20:2:42] stack traceback:
[13/9/2012 20:3:5] [DDOS EMERGENCY] Current avarage RX packet per second 81001 is greater then limit 70000. Emergency ENABLED.
[13/9/2012 20:3:5] > Broadcasted message: "Estamos tendo problemas de conexï¿½o. Para evitar prejuizos, nenhuma morte receberï¿½ qualquer tipo de penalidade atï¿½ que nossa conexï¿½o se normalize.".
[13/9/2012 20:3:45] [DDOS EMERGENCY] Current avarage RX packet per second 59804 is fine. Emergency disabled.
[13/9/2012 20:3:45] > Broadcasted message: "Conexï¿½o normalizada. Penalidades nas mortes agora estï¿½o novamente validas. Obrigado pela sua compreensï¿½o e bom jogo.".
[13/9/2012 20:3:54] [DDOS EMERGENCY] Current avarage RX packet per second 81311 is greater then limit 70000. Emergency ENABLED.
[13/9/2012 20:3:54] > Broadcasted message: "Estamos tendo problemas de conexï¿½o. Para evitar prejuizos, nenhuma morte receberï¿½ qualquer tipo de penalidade atï¿½ que nossa conexï¿½o se normalize.".
[13/9/2012 20:4:24] [DDOS EMERGENCY] Current avarage RX packet per second 2844 is fine. Emergency disabled.
[13/9/2012 20:4:24] > Broadcasted message: "Conexï¿½o normalizada. Penalidades nas mortes agora estï¿½o novamente validas. Obrigado pela sua compreensï¿½o e bom jogo.".
[13/9/2012 20:5:2] [DDOS EMERGENCY] Current avarage RX packet per second 72171 is greater then limit 70000. Emergency ENABLED.
[13/9/2012 20:5:2] > Broadcasted message: "Estamos tendo problemas de conexï¿½o. Para evitar prejuizos, nenhuma morte receberï¿½ qualquer tipo de penalidade atï¿½ que nossa conexï¿½o se normalize.".
[13/9/2012 20:5:46] [DDOS EMERGENCY] Current avarage RX packet per second 54752 is fine. Emergency disabled.
[13/9/2012 20:5:46] > Broadcasted message: "Conexï¿½o normalizada. Penalidades nas mortes agora estï¿½o novamente validas. Obrigado pela sua compreensï¿½o e bom jogo.".
[13/9/2012 20:5:54] [DDOS EMERGENCY] Current avarage RX packet per second 73621 is greater then limit 70000. Emergency ENABLED.
[13/9/2012 20:5:54] > Broadcasted message: "Estamos tendo problemas de conexï¿½o. Para evitar prejuizos, nenhuma morte receberï¿½ qualquer tipo de penalidade atï¿½ que nossa conexï¿½o se normalize.".
[13/9/2012 20:6:24] [DDOS EMERGENCY] Current avarage RX packet per second 1937 is fine. Emergency disabled.
[13/9/2012 20:6:24] > Broadcasted message: "Conexï¿½o normalizada. Penalidades nas mortes agora estï¿½o novamente validas. Obrigado pela sua compreensï¿½o e bom jogo.".
[13/9/2012 20:11:4] > Saving server...
[13/9/2012 20:11:6] > SAVE: Complete in 2.107 seconds using binary-tilebased house storage.

[13/9/2012 20:19:30] [Error - NpcScript Interface] 
[13/9/2012 20:19:30] (Unknown script file)
[13/9/2012 20:19:30] Description: 
[13/9/2012 20:19:30] attempt to call a nil value
[13/9/2012 20:19:30] stack traceback:
[13/9/2012 20:19:30] 	[C]: in function 'closeShopWindow'
[13/9/2012 20:19:30] 	data/npc/lib/npcsystem/npchandler.lua:225: in function 'releaseFocus'
[13/9/2012 20:19:30] 	data/npc/lib/npcsystem/npchandler.lua:591: in function 'onWalkAway'
[13/9/2012 20:19:30] 	data/npc/lib/npcsystem/npchandler.lua:523: in function 'onThink'
[13/9/2012 20:19:30] 	data/npc/scripts/game/default.lua:9: in function <data/npc/scripts/game/default.lua:9>

[13/9/2012 20:38:56] [Error - TalkAction Interface] 
[13/9/2012 20:38:56] data/talkactions/scripts/game/accept_teleport.lua:onSay
[13/9/2012 20:38:56] Description: 
[13/9/2012 20:38:56] data/talkactions/scripts/game/accept_teleport.lua:3: attempt to call global 'GetTpRequest' (a nil value)
[13/9/2012 20:38:56] stack traceback:
[13/9/2012 20:38:56] 	data/talkactions/scripts/game/accept_teleport.lua:3: in function <data/talkactions/scripts/game/accept_teleport.lua:1>

[13/9/2012 20:57:25] [Error - NpcScript Interface] 
[13/9/2012 20:57:25] (Unknown script file)
[13/9/2012 20:57:25] Description: 
[13/9/2012 20:57:25] attempt to call a nil value
[13/9/2012 20:57:25] stack traceback:

[13/9/2012 21:2:27] [Error - NpcScript Interface] 
[13/9/2012 21:2:27] (Unknown script file)
[13/9/2012 21:2:27] Description: 
[13/9/2012 21:2:27] attempt to call a nil value
[13/9/2012 21:2:27] stack traceback:
[13/9/2012 21:2:27] 	[C]: in function 'closeShopWindow'
[13/9/2012 21:2:27] 	data/npc/lib/npcsystem/npchandler.lua:225: in function 'releaseFocus'
[13/9/2012 21:2:27] 	data/npc/lib/npcsystem/npchandler.lua:591: in function 'onWalkAway'
[13/9/2012 21:2:27] 	data/npc/lib/npcsystem/npchandler.lua:523: in function 'onThink'
[13/9/2012 21:2:27] 	data/npc/scripts/game/default.lua:9: in function <data/npc/scripts/game/default.lua:9>

[13/9/2012 21:5:7] [Error - NpcScript Interface] 
[13/9/2012 21:5:7] (Unknown script file)
[13/9/2012 21:5:7] Description: 
[13/9/2012 21:5:7] attempt to call a nil value
[13/9/2012 21:5:7] stack traceback:
[13/9/2012 21:11:4] > Saving server...
[13/9/2012 21:11:5] > SAVE: Complete in 1.743 seconds using binary-tilebased house storage.

[13/9/2012 21:22:15] [Error - NpcScript Interface] 
[13/9/2012 21:22:15] (Unknown script file)
[13/9/2012 21:22:15] Description: 
[13/9/2012 21:22:15] attempt to call a nil value
[13/9/2012 21:22:15] stack traceback:
[13/9/2012 21:22:15] 	[C]: in function 'closeShopWindow'
[13/9/2012 21:22:15] 	data/npc/lib/npcsystem/npchandler.lua:225: in function 'releaseFocus'
[13/9/2012 21:22:15] 	data/npc/lib/npcsystem/npchandler.lua:591: in function 'onWalkAway'
[13/9/2012 21:22:15] 	data/npc/lib/npcsystem/npchandler.lua:523: in function 'onThink'
[13/9/2012 21:22:15] 	data/npc/scripts/game/default.lua:9: in function <data/npc/scripts/game/default.lua:9>

[13/9/2012 21:22:28] [Error - NpcScript Interface] 
[13/9/2012 21:22:28] (Unknown script file)
[13/9/2012 21:22:28] Description: 
[13/9/2012 21:22:28] attempt to call a nil value
[13/9/2012 21:22:28] stack traceback:
[13/9/2012 21:22:28] 	[C]: in function 'closeShopWindow'
[13/9/2012 21:22:28] 	data/npc/lib/npcsystem/npchandler.lua:225: in function 'releaseFocus'
[13/9/2012 21:22:28] 	data/npc/lib/npcsystem/npchandler.lua:591: in function 'onWalkAway'
[13/9/2012 21:22:28] 	data/npc/lib/npcsystem/npchandler.lua:523: in function 'onThink'
[13/9/2012 21:22:28] 	data/npc/scripts/game/blacksmith.lua:9: in function <data/npc/scripts/game/blacksmith.lua:9>

[13/9/2012 21:38:52] [Error - NpcScript Interface] 
[13/9/2012 21:38:52] (Unknown script file)
[13/9/2012 21:38:52] Description: 
[13/9/2012 21:38:52] attempt to call a nil value
[13/9/2012 21:38:52] stack traceback:
[13/9/2012 21:38:52] 	[C]: in function 'closeShopWindow'
[13/9/2012 21:38:52] 	data/npc/lib/npcsystem/npchandler.lua:225: in function 'releaseFocus'
[13/9/2012 21:38:52] 	data/npc/lib/npcsystem/npchandler.lua:591: in function 'onWalkAway'
[13/9/2012 21:38:52] 	data/npc/lib/npcsystem/npchandler.lua:523: in function 'onThink'
[13/9/2012 21:38:52] 	data/npc/scripts/game/default.lua:9: in function <data/npc/scripts/game/default.lua:9>

[13/9/2012 21:41:19] [Error - NpcScript Interface] 
[13/9/2012 21:41:19] (Unknown script file)
[13/9/2012 21:41:19] Description: 
[13/9/2012 21:41:19] attempt to call a nil value
[13/9/2012 21:41:19] stack traceback:
[13/9/2012 21:41:19] 	[C]: in function 'closeShopWindow'
[13/9/2012 21:41:19] 	data/npc/lib/npcsystem/npchandler.lua:225: in function 'releaseFocus'
[13/9/2012 21:41:19] 	data/npc/lib/npcsystem/npchandler.lua:363: in function 'unGreet'
[13/9/2012 21:41:19] 	data/npc/lib/npcsystem/npchandler.lua:576: in function 'onFarewell'
[13/9/2012 21:41:19] 	data/npc/lib/npcsystem/modules.lua:251: in function 'callback'
[13/9/2012 21:41:19] 	data/npc/lib/npcsystem/keywordhandler.lua:41: in function 'processMessage'
[13/9/2012 21:41:19] 	data/npc/lib/npcsystem/keywordhandler.lua:181: in function 'processNodeMessage'
[13/9/2012 21:41:19] 	data/npc/lib/npcsystem/keywordhandler.lua:140: in function 'processMessage'
[13/9/2012 21:41:19] 	data/npc/lib/npcsystem/npchandler.lua:423: in function 'onCreatureSay'
[13/9/2012 21:41:19] 	data/npc/scripts/game/default.lua:8: in function <data/npc/scripts/game/default.lua:8>
[13/9/2012 22:11:4] > Saving server...
[13/9/2012 22:11:6] > SAVE: Complete in 2.467 seconds using binary-tilebased house storage.
[13/9/2012 22:12:40] [Warning - Protocol::RSA_decrypt] Not valid packet size (IP: 187.32.225.121)
[13/9/2012 22:13:8] [Warning - Protocol::RSA_decrypt] Not valid packet size (IP: 187.32.225.121)
[13/9/2012 22:18:31] [Warning - Protocol::RSA_decrypt] Not valid packet size (IP: 187.32.225.121)
[13/9/2012 22:19:10] [Warning - Protocol::RSA_decrypt] Not valid packet size (IP: 187.32.225.121)
[13/9/2012 22:19:26] [Warning - Protocol::RSA_decrypt] Not valid packet size (IP: 187.32.225.121)

[13/9/2012 22:22:21] [Error - NpcScript Interface] 
[13/9/2012 22:22:21] (Unknown script file)
[13/9/2012 22:22:21] Description: 
[13/9/2012 22:22:21] attempt to call a nil value
[13/9/2012 22:22:21] stack traceback:

[13/9/2012 22:22:43] [Error - NpcScript Interface] 
[13/9/2012 22:22:43] (Unknown script file)
[13/9/2012 22:22:43] Description: 
[13/9/2012 22:22:43] attempt to call a nil value
[13/9/2012 22:22:43] stack traceback:
[13/9/2012 22:22:43] 	[C]: in function 'closeShopWindow'
[13/9/2012 22:22:43] 	data/npc/lib/npcsystem/npchandler.lua:225: in function 'releaseFocus'
[13/9/2012 22:22:43] 	data/npc/lib/npcsystem/npchandler.lua:591: in function 'onWalkAway'
[13/9/2012 22:22:43] 	data/npc/lib/npcsystem/npchandler.lua:523: in function 'onThink'
[13/9/2012 22:22:43] 	data/npc/scripts/game/default.lua:9: in function <data/npc/scripts/game/default.lua:9>
[13/9/2012 22:32:17] [Warning - Protocol::RSA_decrypt] Not valid packet size (IP: 187.32.225.121)
[13/9/2012 22:33:51] [Warning - Protocol::RSA_decrypt] Not valid packet size (IP: 187.32.225.121)

[13/9/2012 22:34:8] [Error - NpcScript Interface] 
[13/9/2012 22:34:8] (Unknown script file)
[13/9/2012 22:34:8] Description: 
[13/9/2012 22:34:8] attempt to call a nil value
[13/9/2012 22:34:8] stack traceback:
[13/9/2012 22:34:8] 	[C]: ?
[13/9/2012 22:34:51] [Warning - Protocol::RSA_decrypt] Not valid packet size (IP: 187.32.225.121)

[13/9/2012 22:38:58] [Error - NpcScript Interface] 
[13/9/2012 22:38:58] (Unknown script file)
[13/9/2012 22:38:58] Description: 
[13/9/2012 22:38:58] attempt to call a nil value
[13/9/2012 22:38:58] stack traceback:
[13/9/2012 22:38:58] 	[C]: in function 'closeShopWindow'
[13/9/2012 22:38:58] 	data/npc/lib/npcsystem/npchandler.lua:225: in function 'releaseFocus'
[13/9/2012 22:38:58] 	data/npc/lib/npcsystem/npchandler.lua:363: in function 'unGreet'
[13/9/2012 22:38:58] 	data/npc/lib/npcsystem/npchandler.lua:576: in function 'onFarewell'
[13/9/2012 22:38:58] 	data/npc/lib/npcsystem/modules.lua:251: in function 'callback'
[13/9/2012 22:38:58] 	data/npc/lib/npcsystem/keywordhandler.lua:41: in function 'processMessage'
[13/9/2012 22:38:58] 	data/npc/lib/npcsystem/keywordhandler.lua:181: in function 'processNodeMessage'
[13/9/2012 22:38:58] 	data/npc/lib/npcsystem/keywordhandler.lua:140: in function 'processMessage'
[13/9/2012 22:38:58] 	data/npc/lib/npcsystem/npchandler.lua:423: in function 'onCreatureSay'
[13/9/2012 22:38:58] 	data/npc/scripts/game/blacksmith.lua:8: in function <data/npc/scripts/game/blacksmith.lua:8>

[13/9/2012 22:46:32] [Error - NpcScript Interface] 
[13/9/2012 22:46:32] (Unknown script file)
[13/9/2012 22:46:32] Description: 
[13/9/2012 22:46:32] attempt to call a nil value
[13/9/2012 22:46:32] stack traceback:
[13/9/2012 22:46:32] 	[C]: in function 'closeShopWindow'
[13/9/2012 22:46:32] 	data/npc/lib/npcsystem/npchandler.lua:225: in function 'releaseFocus'
[13/9/2012 22:46:32] 	data/npc/lib/npcsystem/npchandler.lua:591: in function 'onWalkAway'
[13/9/2012 22:46:32] 	data/npc/lib/npcsystem/npchandler.lua:523: in function 'onThink'
[13/9/2012 22:46:32] 	data/npc/scripts/game/default.lua:9: in function <data/npc/scripts/game/default.lua:9>

[13/9/2012 23:4:46] [Error - NpcScript Interface] 
[13/9/2012 23:4:46] (Unknown script file)
[13/9/2012 23:4:46] Description: 
[13/9/2012 23:4:46] attempt to call a nil value
[13/9/2012 23:4:46] stack traceback:

[13/9/2012 23:6:32] [Error - NpcScript Interface] 
[13/9/2012 23:6:32] (Unknown script file)
[13/9/2012 23:6:32] Description: 
[13/9/2012 23:6:32] attempt to call a nil value
[13/9/2012 23:6:32] stack traceback:
[13/9/2012 23:6:32] 	[C]: in function 'closeShopWindow'
[13/9/2012 23:6:32] 	data/npc/lib/npcsystem/npchandler.lua:225: in function 'releaseFocus'
[13/9/2012 23:6:32] 	data/npc/lib/npcsystem/npchandler.lua:591: in function 'onWalkAway'
[13/9/2012 23:6:32] 	data/npc/lib/npcsystem/npchandler.lua:523: in function 'onThink'
[13/9/2012 23:6:32] 	data/npc/scripts/game/default.lua:9: in function <data/npc/scripts/game/default.lua:9>
[13/9/2012 23:11:4] > Saving server...
[13/9/2012 23:11:5] > SAVE: Complete in 1.339 seconds using binary-tilebased house storage.

[13/9/2012 23:27:40] [Error - NpcScript Interface] 
[13/9/2012 23:27:40] (Unknown script file)
[13/9/2012 23:27:40] Description: 
[13/9/2012 23:27:40] attempt to call a nil value
[13/9/2012 23:27:40] stack traceback:
[13/9/2012 23:27:40] 	[C]: in function 'closeShopWindow'
[13/9/2012 23:27:40] 	data/npc/lib/npcsystem/npchandler.lua:225: in function 'releaseFocus'
[13/9/2012 23:27:40] 	data/npc/lib/npcsystem/npchandler.lua:591: in function 'onWalkAway'
[13/9/2012 23:27:40] 	data/npc/lib/npcsystem/npchandler.lua:523: in function 'onThink'
[13/9/2012 23:27:40] 	data/npc/scripts/game/default.lua:9: in function <data/npc/scripts/game/default.lua:9>

[13/9/2012 23:44:1] [Error - NpcScript Interface] 
[13/9/2012 23:44:1] (Unknown script file)
[13/9/2012 23:44:1] Description: 
[13/9/2012 23:44:1] attempt to call a nil value
[13/9/2012 23:44:1] stack traceback:
[13/9/2012 23:44:1] 	[C]: in function 'closeShopWindow'
[13/9/2012 23:44:1] 	data/npc/lib/npcsystem/npchandler.lua:225: in function 'releaseFocus'
[13/9/2012 23:44:1] 	data/npc/lib/npcsystem/npchandler.lua:591: in function 'onWalkAway'
[13/9/2012 23:44:1] 	data/npc/lib/npcsystem/npchandler.lua:523: in function 'onThink'
[13/9/2012 23:44:1] 	data/npc/scripts/game/rashid.lua:9: in function <data/npc/scripts/game/rashid.lua:9>

[13/9/2012 23:49:29] [Error - NpcScript Interface] 
[13/9/2012 23:49:29] (Unknown script file)
[13/9/2012 23:49:29] Description: 
[13/9/2012 23:49:29] attempt to call a nil value
[13/9/2012 23:49:29] stack traceback:

[13/9/2012 23:51:33] [Error - NpcScript Interface] 
[13/9/2012 23:51:33] (Unknown script file)
[13/9/2012 23:51:33] Description: 
[13/9/2012 23:51:33] attempt to call a nil value
[13/9/2012 23:51:33] stack traceback:
[13/9/2012 23:51:33] 	[C]: in function 'closeShopWindow'
[13/9/2012 23:51:33] 	data/npc/lib/npcsystem/npchandler.lua:225: in function 'releaseFocus'
[13/9/2012 23:51:33] 	data/npc/lib/npcsystem/npchandler.lua:591: in function 'onWalkAway'
[13/9/2012 23:51:33] 	data/npc/lib/npcsystem/npchandler.lua:523: in function 'onThink'
[13/9/2012 23:51:33] 	data/npc/scripts/game/default.lua:9: in function <data/npc/scripts/game/default.lua:9>

[13/9/2012 23:54:46] [Error - NpcScript Interface] 
[13/9/2012 23:54:46] (Unknown script file)
[13/9/2012 23:54:46] Description: 
[13/9/2012 23:54:46] attempt to call a nil value
[13/9/2012 23:54:46] stack traceback:
[13/9/2012 23:54:46] 	[C]: in function 'closeShopWindow'
[13/9/2012 23:54:46] 	data/npc/lib/npcsystem/npchandler.lua:225: in function 'releaseFocus'
[13/9/2012 23:54:46] 	data/npc/lib/npcsystem/npchandler.lua:591: in function 'onWalkAway'
[13/9/2012 23:54:46] 	data/npc/lib/npcsystem/npchandler.lua:523: in function 'onThink'
[13/9/2012 23:54:46] 	data/npc/scripts/game/rashid.lua:9: in function <data/npc/scripts/game/rashid.lua:9>

[13/9/2012 23:59:24] [Error - NpcScript Interface] 
[13/9/2012 23:59:24] (Unknown script file)
[13/9/2012 23:59:24] Description: 
[13/9/2012 23:59:24] attempt to call a nil value
[13/9/2012 23:59:24] stack traceback:
[13/9/2012 23:59:24] 	[C]: in function 'closeShopWindow'
[13/9/2012 23:59:24] 	data/npc/lib/npcsystem/npchandler.lua:225: in function 'releaseFocus'
[13/9/2012 23:59:24] 	data/npc/lib/npcsystem/npchandler.lua:591: in function 'onWalkAway'
[13/9/2012 23:59:24] 	data/npc/lib/npcsystem/npchandler.lua:523: in function 'onThink'
[13/9/2012 23:59:24] 	data/npc/scripts/game/default.lua:9: in function <data/npc/scripts/game/default.lua:9>
[14/9/2012 0:11:4] > Saving server...
[14/9/2012 0:11:6] > SAVE: Complete in 1.713 seconds using binary-tilebased house storage.

[14/9/2012 0:16:4] [Error - NpcScript Interface] 
[14/9/2012 0:16:4] (Unknown script file)
[14/9/2012 0:16:4] Description: 
[14/9/2012 0:16:4] attempt to call a nil value
[14/9/2012 0:16:4] stack traceback:

[14/9/2012 0:29:13] [Error - NpcScript Interface] 
[14/9/2012 0:29:13] (Unknown script file)
[14/9/2012 0:29:13] Description: 
[14/9/2012 0:29:13] attempt to call a nil value
[14/9/2012 0:29:13] stack traceback:
[14/9/2012 1:11:4] > Saving server...
[14/9/2012 1:11:5] > SAVE: Complete in 1.568 seconds using binary-tilebased house storage.

[14/9/2012 1:34:5] [Error - NpcScript Interface] 
[14/9/2012 1:34:5] (Unknown script file)
[14/9/2012 1:34:5] Description: 
[14/9/2012 1:34:5] attempt to call a nil value
[14/9/2012 1:34:5] stack traceback:
[14/9/2012 1:34:5] 	[C]: in function 'closeShopWindow'
[14/9/2012 1:34:5] 	data/npc/lib/npcsystem/npchandler.lua:225: in function 'releaseFocus'
[14/9/2012 1:34:5] 	data/npc/lib/npcsystem/npchandler.lua:591: in function 'onWalkAway'
[14/9/2012 1:34:5] 	data/npc/lib/npcsystem/npchandler.lua:523: in function 'onThink'
[14/9/2012 1:34:5] 	data/npc/scripts/game/blacksmith.lua:9: in function <data/npc/scripts/game/blacksmith.lua:9>

[14/9/2012 1:37:4] [Error - NpcScript Interface] 
[14/9/2012 1:37:4] (Unknown script file)
[14/9/2012 1:37:4] Description: 
[14/9/2012 1:37:4] attempt to call a nil value
[14/9/2012 1:37:4] stack traceback:
[14/9/2012 1:37:4] 	[C]: in function 'closeShopWindow'
[14/9/2012 1:37:4] 	data/npc/lib/npcsystem/npchandler.lua:225: in function 'releaseFocus'
[14/9/2012 1:37:4] 	data/npc/lib/npcsystem/npchandler.lua:591: in function 'onWalkAway'
[14/9/2012 1:37:4] 	data/npc/lib/npcsystem/npchandler.lua:523: in function 'onThink'
[14/9/2012 1:37:4] 	data/npc/scripts/game/blacksmith.lua:9: in function <data/npc/scripts/game/blacksmith.lua:9>

[14/9/2012 1:37:26] [Error - NpcScript Interface] 
[14/9/2012 1:37:26] (Unknown script file)
[14/9/2012 1:37:26] Description: 
[14/9/2012 1:37:26] attempt to call a nil value
[14/9/2012 1:37:26] stack traceback:
[14/9/2012 1:37:26] 	[C]: in function 'closeShopWindow'
[14/9/2012 1:37:26] 	data/npc/lib/npcsystem/npchandler.lua:225: in function 'releaseFocus'
[14/9/2012 1:37:26] 	data/npc/lib/npcsystem/npchandler.lua:591: in function 'onWalkAway'
[14/9/2012 1:37:26] 	data/npc/lib/npcsystem/npchandler.lua:523: in function 'onThink'
[14/9/2012 1:37:26] 	data/npc/scripts/game/blacksmith.lua:9: in function <data/npc/scripts/game/blacksmith.lua:9>

[14/9/2012 1:55:33] [Error - NpcScript Interface] 
[14/9/2012 1:55:33] (Unknown script file)
[14/9/2012 1:55:33] Description: 
[14/9/2012 1:55:33] attempt to call a nil value
[14/9/2012 1:55:33] stack traceback:

[14/9/2012 1:56:54] [Error - NpcScript Interface] 
[14/9/2012 1:56:54] (Unknown script file)
[14/9/2012 1:56:54] Description: 
[14/9/2012 1:56:54] attempt to call a nil value
[14/9/2012 1:56:54] stack traceback:

[14/9/2012 2:1:10] [Error - NpcScript Interface] 
[14/9/2012 2:1:10] (Unknown script file)
[14/9/2012 2:1:10] Description: 
[14/9/2012 2:1:10] attempt to call a nil value
[14/9/2012 2:1:10] stack traceback:
[14/9/2012 2:11:4] > Saving server...
[14/9/2012 2:11:5] > SAVE: Complete in 1.564 seconds using binary-tilebased house storage.

[14/9/2012 2:13:38] [Error - NpcScript Interface] 
[14/9/2012 2:13:38] (Unknown script file)
[14/9/2012 2:13:38] Description: 
[14/9/2012 2:13:38] attempt to call a nil value
[14/9/2012 2:13:38] stack traceback:
[14/9/2012 2:13:38] 	[C]: in function 'closeShopWindow'
[14/9/2012 2:13:38] 	data/npc/lib/npcsystem/npchandler.lua:225: in function 'releaseFocus'
[14/9/2012 2:13:38] 	data/npc/lib/npcsystem/npchandler.lua:591: in function 'onWalkAway'
[14/9/2012 2:13:38] 	data/npc/lib/npcsystem/npchandler.lua:523: in function 'onThink'
[14/9/2012 2:13:38] 	data/npc/scripts/game/default.lua:9: in function <data/npc/scripts/game/default.lua:9>

[14/9/2012 2:27:34] [Error - NpcScript Interface] 
[14/9/2012 2:27:34] (Unknown script file)
[14/9/2012 2:27:34] Description: 
[14/9/2012 2:27:34] attempt to call a nil value
[14/9/2012 2:27:34] stack traceback:
[14/9/2012 2:27:34] 	[C]: in function 'closeShopWindow'
[14/9/2012 2:27:34] 	data/npc/lib/npcsystem/npchandler.lua:225: in function 'releaseFocus'
[14/9/2012 2:27:34] 	data/npc/lib/npcsystem/npchandler.lua:591: in function 'onWalkAway'
[14/9/2012 2:27:34] 	data/npc/lib/npcsystem/npchandler.lua:523: in function 'onThink'
[14/9/2012 2:27:34] 	data/npc/scripts/game/default.lua:9: in function <data/npc/scripts/game/default.lua:9>

[14/9/2012 3:3:18] [Error - NpcScript Interface] 
[14/9/2012 3:3:18] (Unknown script file)
[14/9/2012 3:3:18] Description: 
[14/9/2012 3:3:18] attempt to call a nil value
[14/9/2012 3:3:18] stack traceback:
[14/9/2012 3:3:18] 	[C]: in function 'closeShopWindow'
[14/9/2012 3:3:18] 	data/npc/lib/npcsystem/npchandler.lua:225: in function 'releaseFocus'
[14/9/2012 3:3:18] 	data/npc/lib/npcsystem/npchandler.lua:591: in function 'onWalkAway'
[14/9/2012 3:3:18] 	data/npc/lib/npcsystem/npchandler.lua:523: in function 'onThink'
[14/9/2012 3:3:18] 	data/npc/scripts/game/default.lua:9: in function <data/npc/scripts/game/default.lua:9>

[14/9/2012 3:9:22] [Error - NpcScript Interface] 
[14/9/2012 3:9:22] (Unknown script file)
[14/9/2012 3:9:22] Description: 
[14/9/2012 3:9:22] attempt to call a nil value
[14/9/2012 3:9:22] stack traceback:
[14/9/2012 3:9:22] 	[C]: in function 'closeShopWindow'
[14/9/2012 3:9:22] 	data/npc/lib/npcsystem/npchandler.lua:225: in function 'releaseFocus'
[14/9/2012 3:9:22] 	data/npc/lib/npcsystem/npchandler.lua:591: in function 'onWalkAway'
[14/9/2012 3:9:22] 	data/npc/lib/npcsystem/npchandler.lua:523: in function 'onThink'
[14/9/2012 3:9:22] 	data/npc/scripts/game/default.lua:9: in function <data/npc/scripts/game/default.lua:9>
[14/9/2012 3:11:4] > Saving server...
[14/9/2012 3:11:5] > SAVE: Complete in 1.021 seconds using binary-tilebased house storage.
[14/9/2012 4:11:4] > Saving server...
[14/9/2012 4:11:5] > SAVE: Complete in 0.853 seconds using binary-tilebased house storage.

[14/9/2012 4:26:23] [Error - NpcScript Interface] 
[14/9/2012 4:26:23] (Unknown script file)
[14/9/2012 4:26:23] Description: 
[14/9/2012 4:26:23] attempt to call a nil value
[14/9/2012 4:26:23] stack traceback:
[14/9/2012 4:26:23] 	[C]: in function 'closeShopWindow'
[14/9/2012 4:26:23] 	data/npc/lib/npcsystem/npchandler.lua:225: in function 'releaseFocus'
[14/9/2012 4:26:23] 	data/npc/lib/npcsystem/npchandler.lua:591: in function 'onWalkAway'
[14/9/2012 4:26:23] 	data/npc/lib/npcsystem/npchandler.lua:523: in function 'onThink'
[14/9/2012 4:26:23] 	data/npc/scripts/game/default.lua:9: in function <data/npc/scripts/game/default.lua:9>

[14/9/2012 4:29:39] [Error - NpcScript Interface] 
[14/9/2012 4:29:39] (Unknown script file)
[14/9/2012 4:29:39] Description: 
[14/9/2012 4:29:39] attempt to call a nil value
[14/9/2012 4:29:39] stack traceback:
[14/9/2012 4:40:43] > Broadcasted message: "Uma escura e medonha fumaça negra começa a surgir em Quendor...".
[14/9/2012 4:41:43] > Broadcasted message: "Morte aos mortos vivos! Preparem-se para lutar contra a morte!".
[14/9/2012 4:42:23] > Broadcasted message: "Guerreiros saem do chão e fantasmas assombram os lares! Os mortos vivos atacam a cidade de Quendor!".
[14/9/2012 5:11:4] > Saving server...
[14/9/2012 5:11:5] > SAVE: Complete in 0.792 seconds using binary-tilebased house storage.
[14/9/2012 6:11:4] > Saving server...
[14/9/2012 6:11:5] > SAVE: Complete in 0.966 seconds using binary-tilebased house storage.

[14/9/2012 6:21:28] [Error - NpcScript Interface] 
[14/9/2012 6:21:28] (Unknown script file)
[14/9/2012 6:21:28] Description: 
[14/9/2012 6:21:28] attempt to call a nil value
[14/9/2012 6:21:28] stack traceback:

[14/9/2012 6:21:50] [Error - NpcScript Interface] 
[14/9/2012 6:21:50] (Unknown script file)
[14/9/2012 6:21:50] Description: 
[14/9/2012 6:21:50] attempt to call a nil value
[14/9/2012 6:21:50] stack traceback:
[14/9/2012 6:21:50] 	[C]: in function 'closeShopWindow'
[14/9/2012 6:21:50] 	data/npc/lib/npcsystem/npchandler.lua:225: in function 'releaseFocus'
[14/9/2012 6:21:50] 	data/npc/lib/npcsystem/npchandler.lua:591: in function 'onWalkAway'
[14/9/2012 6:21:50] 	data/npc/lib/npcsystem/npchandler.lua:523: in function 'onThink'
[14/9/2012 6:21:50] 	data/npc/scripts/game/rashid.lua:9: in function <data/npc/scripts/game/rashid.lua:9>

[14/9/2012 6:29:36] [Error - NpcScript Interface] 
[14/9/2012 6:29:36] (Unknown script file)
[14/9/2012 6:29:36] Description: 
[14/9/2012 6:29:36] attempt to call a nil value
[14/9/2012 6:29:36] stack traceback:
[14/9/2012 7:11:4] > Saving server...
[14/9/2012 7:11:5] > SAVE: Complete in 0.82 seconds using binary-tilebased house storage.

[14/9/2012 7:25:45] [Error - NpcScript Interface] 
[14/9/2012 7:25:45] (Unknown script file)
[14/9/2012 7:25:45] Description: 
[14/9/2012 7:25:45] attempt to call a nil value
[14/9/2012 7:25:45] stack traceback:
[14/9/2012 7:25:45] 	[C]: in function 'closeShopWindow'
[14/9/2012 7:25:45] 	data/npc/lib/npcsystem/npchandler.lua:225: in function 'releaseFocus'
[14/9/2012 7:25:45] 	data/npc/lib/npcsystem/npchandler.lua:591: in function 'onWalkAway'
[14/9/2012 7:25:45] 	data/npc/lib/npcsystem/npchandler.lua:523: in function 'onThink'
[14/9/2012 7:25:45] 	data/npc/scripts/game/default.lua:9: in function <data/npc/scripts/game/default.lua:9>
[14/9/2012 8:11:4] > Saving server...
[14/9/2012 8:11:5] > SAVE: Complete in 1.37 seconds using binary-tilebased house storage.

[14/9/2012 8:19:6] [Error - NpcScript Interface] 
[14/9/2012 8:19:6] (Unknown script file)
[14/9/2012 8:19:6] Description: 
[14/9/2012 8:19:6] attempt to call a nil value
[14/9/2012 8:19:6] stack traceback:
[14/9/2012 8:19:6] 	[C]: in function 'closeShopWindow'
[14/9/2012 8:19:6] 	data/npc/lib/npcsystem/npchandler.lua:225: in function 'releaseFocus'
[14/9/2012 8:19:6] 	data/npc/lib/npcsystem/npchandler.lua:591: in function 'onWalkAway'
[14/9/2012 8:19:6] 	data/npc/lib/npcsystem/npchandler.lua:523: in function 'onThink'
[14/9/2012 8:19:6] 	data/npc/scripts/game/default.lua:9: in function <data/npc/scripts/game/default.lua:9>
[14/9/2012 9:4:43] > Broadcasted message: "Por anos os Minotauros dominaram o mundo do Darghos. Agora eles querem nos mostrar a sua força novamente. Se preparem para algo!".
[14/9/2012 9:6:23] > Broadcasted message: "Um exercito de minotauros ataca o portão norte de Quendor!".
[14/9/2012 9:11:4] > Saving server...
[14/9/2012 9:11:5] > SAVE: Complete in 1.265 seconds using binary-tilebased house storage.

[14/9/2012 9:50:5] [Error - NpcScript Interface] 
[14/9/2012 9:50:5] (Unknown script file)
[14/9/2012 9:50:5] Description: 
[14/9/2012 9:50:5] attempt to call a nil value
[14/9/2012 9:50:5] stack traceback:

[14/9/2012 9:50:41] [Error - NpcScript Interface] 
[14/9/2012 9:50:41] (Unknown script file)
[14/9/2012 9:50:41] Description: 
[14/9/2012 9:50:41] attempt to call a nil value
[14/9/2012 9:50:41] stack traceback:
[14/9/2012 10:0:3] > Paying houses...
[14/9/2012 10:0:4] Houses paid in 0.68 seconds.
[14/9/2012 10:0:4] > Saving server...
[14/9/2012 10:0:4] > SAVE: Complete in 0.506 seconds using binary-tilebased house storage.
[14/9/2012 10:0:4] Preparing to shutdown the server- done.
