[14/8/2012 10:9:1] > Using MD5 encryption
[14/8/2012 10:9:1] >> Loading RSA key
[14/8/2012 10:9:1] >> Starting SQL connection

[14/8/2012 10:9:1] > WARNING: Outdated MySQL server detected, consider upgrading to a newer version.
[14/8/2012 10:9:1] >> Running Database Manager
[14/8/2012 10:9:2] >> Loading items (OTB)
[14/8/2012 10:9:3] >> Loading items (XML)
[14/8/2012 10:9:3] [Warning - Items::loadFromXml] Unknown key value blocksolid
[14/8/2012 10:9:3] [Warning - Items::loadFromXml] Unknown key value blocksolid
[14/8/2012 10:9:3] >> Loading groups
[14/8/2012 10:9:3] >> Loading vocations
[14/8/2012 10:9:3] >> Loading outfits
[14/8/2012 10:9:3] >> Loading chat channels
[14/8/2012 10:9:3] >> Loading script systems
[14/8/2012 10:9:5] [Warning - Event::loadScript] Event onTime not found (data/globalevents/scripts/clean.lua)
[14/8/2012 10:9:5] >> Loading mods...
[14/8/2012 10:9:5] > 0 mods were loaded.
[14/8/2012 10:9:5] >> Loading experience stages
[14/8/2012 10:9:5] >> Loading monsters
[14/8/2012 10:9:6] [Warning - Monsters::deserializeSpell] Frost Dragon - Unknown areaEffect: smallice
[14/8/2012 10:9:7] >> Loading map and spawns...
[14/8/2012 10:9:10] > Map size: 5000x5000.
[14/8/2012 10:9:10] > Map descriptions: 
[14/8/2012 10:9:10] "Saved with Remere's Map Editor 2.2"
[14/8/2012 10:9:10] "SimOne MapEditor 0.5.5"
[14/8/2012 10:9:11] [Warning - IOMap::loadMap] Movable item in house: 517, item type: 2741, pos 1070/1121/6
[14/8/2012 10:9:11] [Warning - IOMap::loadMap] Movable item in house: 518, item type: 2741, pos 1070/1129/6
[14/8/2012 10:9:11] [Warning - IOMap::loadMap] Movable item in house: 517, item type: 2741, pos 1073/1121/6
[14/8/2012 10:9:11] [Warning - IOMap::loadMap] Movable item in house: 518, item type: 2741, pos 1073/1129/6
[14/8/2012 10:9:12] Duplicate uniqueId 6401
[14/8/2012 10:9:12] Duplicate uniqueId 6401
[14/8/2012 10:9:15] Duplicate uniqueId 6401
[14/8/2012 10:9:15] Duplicate uniqueId 6401
[14/8/2012 10:9:15] Duplicate uniqueId 6401
[14/8/2012 10:9:15] Duplicate uniqueId 6401
[14/8/2012 10:9:19] Duplicate uniqueId 6401
[14/8/2012 10:9:19] Duplicate uniqueId 6401
[14/8/2012 10:9:22] Duplicate uniqueId 2004
[14/8/2012 10:9:22] Duplicate uniqueId 2005
[14/8/2012 10:9:22] Duplicate uniqueId 2006
[14/8/2012 10:9:22] Duplicate uniqueId 2007
[14/8/2012 10:9:26] Duplicate uniqueId 6401
[14/8/2012 10:9:26] Duplicate uniqueId 6401
[14/8/2012 10:9:26] Duplicate uniqueId 6401
[14/8/2012 10:9:27] Duplicate uniqueId 6400
[14/8/2012 10:9:27] Duplicate uniqueId 6401
[14/8/2012 10:9:27] Duplicate uniqueId 2056
[14/8/2012 10:9:27] Duplicate uniqueId 2057
[14/8/2012 10:9:27] Duplicate uniqueId 2058
[14/8/2012 10:9:27] Duplicate uniqueId 2051
[14/8/2012 10:9:27] Duplicate uniqueId 2052
[14/8/2012 10:9:27] Duplicate uniqueId 2053
[14/8/2012 10:9:27] Duplicate uniqueId 2054
[14/8/2012 10:9:27] > Map loading time: 20.411 seconds.
[14/8/2012 10:9:28] [Spawn::addMonster] Cannot find "Butterfly"
[14/8/2012 10:9:28] [Spawn::addMonster] Cannot find "Butterfly"
[14/8/2012 10:9:29] > Data parsing time: 1.215 seconds.
[14/8/2012 10:9:45] > Houses synchronization time: 16.722 seconds.
[14/8/2012 10:9:46] > Content unserialization time: 0.206 seconds.
[14/8/2012 10:9:46] >> Checking world type... Open PvP
[14/8/2012 10:9:46] >> Initializing game state and binding services...
[14/8/2012 10:9:48] > Global IP address: 184.173.128.212
[14/8/2012 10:9:48] > Bound ports: 7577	7578	9215	
[14/8/2012 10:9:48] >> Everything smells good, server is starting up...
[14/8/2012 10:9:48] [DDOS EMERGENCY] Enabled
>> UltraX server Online!
[14/8/2012 10:9:48] [DDOS EMERGENCY] Enabled
>> UltraX server Online!


[14/8/2012 10:36:13] [Error - NpcScript Interface] 
[14/8/2012 10:36:13] (Unknown script file)
[14/8/2012 10:36:13] Description: 
[14/8/2012 10:36:13] attempt to call a nil value
[14/8/2012 10:36:13] stack traceback:
[14/8/2012 10:57:56] [Warning - Protocol::RSA_decrypt] Not valid packet size (IP: 189.10.135.140)
[14/8/2012 11:7:29] [Warning - Protocol::RSA_decrypt] Not valid packet size (IP: 189.10.135.140)
[14/8/2012 11:11:5] > Saving server...
[14/8/2012 11:11:8] > SAVE: Complete in 3.229 seconds using binary-tilebased house storage.

[14/8/2012 11:15:17] [Error - NpcScript Interface] 
[14/8/2012 11:15:17] (Unknown script file)
[14/8/2012 11:15:17] Description: 
[14/8/2012 11:15:17] attempt to call a nil value
[14/8/2012 11:15:17] stack traceback:
[14/8/2012 11:15:17] 	[C]: in function 'closeShopWindow'
[14/8/2012 11:15:17] 	data/npc/lib/npcsystem/npchandler.lua:225: in function 'releaseFocus'
[14/8/2012 11:15:17] 	data/npc/lib/npcsystem/npchandler.lua:591: in function 'onWalkAway'
[14/8/2012 11:15:17] 	data/npc/lib/npcsystem/npchandler.lua:523: in function 'onThink'
[14/8/2012 11:15:17] 	data/npc/scripts/game/default.lua:9: in function <data/npc/scripts/game/default.lua:9>

[14/8/2012 11:28:8] [Error - NpcScript Interface] 
[14/8/2012 11:28:8] (Unknown script file)
[14/8/2012 11:28:8] Description: 
[14/8/2012 11:28:8] attempt to call a nil value
[14/8/2012 11:28:8] stack traceback:

[14/8/2012 11:53:6] [Error - NpcScript Interface] 
[14/8/2012 11:53:6] (Unknown script file)
[14/8/2012 11:53:6] Description: 
[14/8/2012 11:53:6] attempt to call a nil value
[14/8/2012 11:53:6] stack traceback:
[14/8/2012 12:11:5] > Saving server...
[14/8/2012 12:11:9] > SAVE: Complete in 4.553 seconds using binary-tilebased house storage.

[14/8/2012 12:15:26] [Error - Spell Interface] 
[14/8/2012 12:15:26] data/spells/scripts/support/destroy_field_rune.lua:onCastSpell
[14/8/2012 12:15:26] Description: 
[14/8/2012 12:15:26] (luaDoRemoveItem) Item not found

[14/8/2012 12:15:43] [Error - Spell Interface] 
[14/8/2012 12:15:43] data/spells/scripts/support/destroy_field_rune.lua:onCastSpell
[14/8/2012 12:15:43] Description: 
[14/8/2012 12:15:43] (luaDoRemoveItem) Item not found

[14/8/2012 12:15:46] [Error - Spell Interface] 
[14/8/2012 12:15:46] data/spells/scripts/support/destroy_field_rune.lua:onCastSpell
[14/8/2012 12:15:46] Description: 
[14/8/2012 12:15:46] (luaDoRemoveItem) Item not found

[14/8/2012 12:15:57] [Error - Spell Interface] 
[14/8/2012 12:15:57] data/spells/scripts/support/destroy_field_rune.lua:onCastSpell
[14/8/2012 12:15:57] Description: 
[14/8/2012 12:15:57] (luaDoRemoveItem) Item not found

[14/8/2012 12:16:2] [Error - Spell Interface] 
[14/8/2012 12:16:2] data/spells/scripts/support/destroy_field_rune.lua:onCastSpell
[14/8/2012 12:16:2] Description: 
[14/8/2012 12:16:2] (luaDoRemoveItem) Item not found

[14/8/2012 12:16:15] [Error - Spell Interface] 
[14/8/2012 12:16:15] data/spells/scripts/support/destroy_field_rune.lua:onCastSpell
[14/8/2012 12:16:15] Description: 
[14/8/2012 12:16:15] (luaDoRemoveItem) Item not found

[14/8/2012 12:19:7] [Error - NpcScript Interface] 
[14/8/2012 12:19:7] (Unknown script file)
[14/8/2012 12:19:7] Description: 
[14/8/2012 12:19:7] attempt to call a nil value
[14/8/2012 12:19:7] stack traceback:

[14/8/2012 12:27:13] [Error - Action Interface] 
[14/8/2012 12:27:13] data/actions/scripts/tools/pick.lua:onUse
[14/8/2012 12:27:13] Description: 
[14/8/2012 12:27:13] (luaGetThingFromPos) Tile not found

[14/8/2012 12:33:51] [Error - NpcScript Interface] 
[14/8/2012 12:33:51] (Unknown script file)
[14/8/2012 12:33:51] Description: 
[14/8/2012 12:33:51] attempt to call a nil value
[14/8/2012 12:33:51] stack traceback:

[14/8/2012 12:40:9] [Error - NpcScript Interface] 
[14/8/2012 12:40:9] (Unknown script file)
[14/8/2012 12:40:9] Description: 
[14/8/2012 12:40:9] attempt to call a nil value
[14/8/2012 12:40:9] stack traceback:
[14/8/2012 12:40:9] 	[C]: ?

[14/8/2012 12:40:12] [Error - NpcScript Interface] 
[14/8/2012 12:40:12] (Unknown script file)
[14/8/2012 12:40:12] Description: 
[14/8/2012 12:40:12] attempt to call a nil value
[14/8/2012 12:40:12] stack traceback:
[14/8/2012 12:40:12] 	[C]: in function 'closeShopWindow'
[14/8/2012 12:40:12] 	data/npc/lib/npcsystem/npchandler.lua:225: in function 'releaseFocus'
[14/8/2012 12:40:12] 	data/npc/lib/npcsystem/npchandler.lua:591: in function 'onWalkAway'
[14/8/2012 12:40:12] 	data/npc/lib/npcsystem/npchandler.lua:523: in function 'onThink'
[14/8/2012 12:40:12] 	data/npc/scripts/game/default.lua:9: in function <data/npc/scripts/game/default.lua:9>

[14/8/2012 12:55:37] [Error - NpcScript Interface] 
[14/8/2012 12:55:37] (Unknown script file)
[14/8/2012 12:55:37] Description: 
[14/8/2012 12:55:37] attempt to call a nil value
[14/8/2012 12:55:37] stack traceback:
[14/8/2012 12:55:37] 	[C]: in function 'closeShopWindow'
[14/8/2012 12:55:37] 	data/npc/lib/npcsystem/npchandler.lua:225: in function 'releaseFocus'
[14/8/2012 12:55:37] 	data/npc/lib/npcsystem/npchandler.lua:591: in function 'onWalkAway'
[14/8/2012 12:55:37] 	data/npc/lib/npcsystem/npchandler.lua:523: in function 'onThink'
[14/8/2012 12:55:37] 	data/npc/scripts/game/bless/bless4.lua:9: in function <data/npc/scripts/game/bless/bless4.lua:9>

[14/8/2012 12:59:6] [Error - NpcScript Interface] 
[14/8/2012 12:59:6] (Unknown script file)
[14/8/2012 12:59:6] Description: 
[14/8/2012 12:59:6] attempt to call a nil value
[14/8/2012 12:59:6] stack traceback:

[14/8/2012 13:0:2] [Error - NpcScript Interface] 
[14/8/2012 13:0:2] (Unknown script file)
[14/8/2012 13:0:2] Description: 
[14/8/2012 13:0:2] attempt to call a nil value
[14/8/2012 13:0:2] stack traceback:
[14/8/2012 13:0:2] 	[C]: in function 'closeShopWindow'
[14/8/2012 13:0:2] 	data/npc/lib/npcsystem/npchandler.lua:225: in function 'releaseFocus'
[14/8/2012 13:0:2] 	data/npc/lib/npcsystem/npchandler.lua:591: in function 'onWalkAway'
[14/8/2012 13:0:2] 	data/npc/lib/npcsystem/npchandler.lua:523: in function 'onThink'
[14/8/2012 13:0:2] 	data/npc/scripts/game/blacksmith.lua:9: in function <data/npc/scripts/game/blacksmith.lua:9>

[14/8/2012 13:0:21] [Error - NpcScript Interface] 
[14/8/2012 13:0:21] (Unknown script file)
[14/8/2012 13:0:21] Description: 
[14/8/2012 13:0:21] attempt to call a nil value
[14/8/2012 13:0:21] stack traceback:
[14/8/2012 13:0:21] 	[C]: in function 'closeShopWindow'
[14/8/2012 13:0:21] 	data/npc/lib/npcsystem/npchandler.lua:225: in function 'releaseFocus'
[14/8/2012 13:0:21] 	data/npc/lib/npcsystem/npchandler.lua:591: in function 'onWalkAway'
[14/8/2012 13:0:21] 	data/npc/lib/npcsystem/npchandler.lua:523: in function 'onThink'
[14/8/2012 13:0:21] 	data/npc/scripts/game/default.lua:9: in function <data/npc/scripts/game/default.lua:9>
[14/8/2012 13:11:5] > Saving server...
[14/8/2012 13:11:11] > SAVE: Complete in 6.009 seconds using binary-tilebased house storage.

[14/8/2012 13:12:1] [Error - NpcScript Interface] 
[14/8/2012 13:12:1] (Unknown script file)
[14/8/2012 13:12:1] Description: 
[14/8/2012 13:12:1] attempt to call a nil value
[14/8/2012 13:12:1] stack traceback:

[14/8/2012 13:15:54] [Error - NpcScript Interface] 
[14/8/2012 13:15:54] (Unknown script file)
[14/8/2012 13:15:54] Description: 
[14/8/2012 13:15:54] attempt to call a nil value
[14/8/2012 13:15:54] stack traceback:

[14/8/2012 13:16:32] [Error - NpcScript Interface] 
[14/8/2012 13:16:32] (Unknown script file)
[14/8/2012 13:16:32] Description: 
[14/8/2012 13:16:32] attempt to call a nil value
[14/8/2012 13:16:32] stack traceback:
[14/8/2012 13:16:32] 	[C]: in function 'closeShopWindow'
[14/8/2012 13:16:32] 	data/npc/lib/npcsystem/npchandler.lua:225: in function 'releaseFocus'
[14/8/2012 13:16:32] 	data/npc/lib/npcsystem/npchandler.lua:591: in function 'onWalkAway'
[14/8/2012 13:16:32] 	data/npc/lib/npcsystem/npchandler.lua:523: in function 'onThink'
[14/8/2012 13:16:32] 	data/npc/scripts/game/rashid.lua:9: in function <data/npc/scripts/game/rashid.lua:9>

[14/8/2012 13:24:2] [Error - NpcScript Interface] 
[14/8/2012 13:24:2] (Unknown script file)
[14/8/2012 13:24:2] Description: 
[14/8/2012 13:24:2] attempt to call a nil value
[14/8/2012 13:24:2] stack traceback:
[14/8/2012 13:24:2] 	[C]: in function 'closeShopWindow'
[14/8/2012 13:24:2] 	data/npc/lib/npcsystem/npchandler.lua:225: in function 'releaseFocus'
[14/8/2012 13:24:2] 	data/npc/lib/npcsystem/npchandler.lua:591: in function 'onWalkAway'
[14/8/2012 13:24:2] 	data/npc/lib/npcsystem/npchandler.lua:523: in function 'onThink'
[14/8/2012 13:24:2] 	data/npc/scripts/game/default.lua:9: in function <data/npc/scripts/game/default.lua:9>

[14/8/2012 13:26:59] [Error - NpcScript Interface] 
[14/8/2012 13:26:59] (Unknown script file)
[14/8/2012 13:26:59] Description: 
[14/8/2012 13:26:59] attempt to call a nil value
[14/8/2012 13:26:59] stack traceback:
[14/8/2012 13:26:59] 	[C]: in function 'closeShopWindow'
[14/8/2012 13:26:59] 	data/npc/lib/npcsystem/npchandler.lua:225: in function 'releaseFocus'
[14/8/2012 13:26:59] 	data/npc/lib/npcsystem/npchandler.lua:591: in function 'onWalkAway'
[14/8/2012 13:26:59] 	data/npc/lib/npcsystem/npchandler.lua:523: in function 'onThink'
[14/8/2012 13:26:59] 	data/npc/scripts/game/quendor.postman.lua:8: in function <data/npc/scripts/game/quendor.postman.lua:8>

[14/8/2012 13:32:48] [Error - NpcScript Interface] 
[14/8/2012 13:32:48] (Unknown script file)
[14/8/2012 13:32:48] Description: 
[14/8/2012 13:32:48] attempt to call a nil value
[14/8/2012 13:32:48] stack traceback:
[14/8/2012 13:32:48] 	[C]: in function 'closeShopWindow'
[14/8/2012 13:32:48] 	data/npc/lib/npcsystem/npchandler.lua:225: in function 'releaseFocus'
[14/8/2012 13:32:48] 	data/npc/lib/npcsystem/npchandler.lua:591: in function 'onWalkAway'
[14/8/2012 13:32:48] 	data/npc/lib/npcsystem/npchandler.lua:523: in function 'onThink'
[14/8/2012 13:32:48] 	data/npc/scripts/game/default.lua:9: in function <data/npc/scripts/game/default.lua:9>

[14/8/2012 13:32:48] [Error - Raid Interface] 
[14/8/2012 13:32:48] 	startRaid("demodras")
[14/8/2012 13:32:48] 	
[14/8/2012 13:32:48] Description: 
[14/8/2012 13:32:48] (luaDoCreateMonster) Cannot create monster: Dragon Lord

[14/8/2012 13:38:27] [Error - NpcScript Interface] 
[14/8/2012 13:38:27] (Unknown script file)
[14/8/2012 13:38:27] Description: 
[14/8/2012 13:38:27] attempt to call a nil value
[14/8/2012 13:38:27] stack traceback:
[14/8/2012 13:38:27] 	[C]: in function 'closeShopWindow'
[14/8/2012 13:38:27] 	data/npc/lib/npcsystem/npchandler.lua:225: in function 'releaseFocus'
[14/8/2012 13:38:27] 	data/npc/lib/npcsystem/npchandler.lua:591: in function 'onWalkAway'
[14/8/2012 13:38:27] 	data/npc/lib/npcsystem/npchandler.lua:523: in function 'onThink'
[14/8/2012 13:38:27] 	data/npc/scripts/game/default.lua:9: in function <data/npc/scripts/game/default.lua:9>

[14/8/2012 13:42:29] [Error - NpcScript Interface] 
[14/8/2012 13:42:29] (Unknown script file)
[14/8/2012 13:42:29] Description: 
[14/8/2012 13:42:29] attempt to call a nil value
[14/8/2012 13:42:29] stack traceback:
[14/8/2012 13:42:29] 	[C]: in function 'closeShopWindow'
[14/8/2012 13:42:29] 	data/npc/lib/npcsystem/npchandler.lua:225: in function 'releaseFocus'
[14/8/2012 13:42:29] 	data/npc/lib/npcsystem/npchandler.lua:591: in function 'onWalkAway'
[14/8/2012 13:42:29] 	data/npc/lib/npcsystem/npchandler.lua:523: in function 'onThink'
[14/8/2012 13:42:29] 	data/npc/scripts/game/blacksmith.lua:9: in function <data/npc/scripts/game/blacksmith.lua:9>

[14/8/2012 13:44:7] [Error - Spell Interface] 
[14/8/2012 13:44:7] data/spells/scripts/support/destroy_field_rune.lua:onCastSpell
[14/8/2012 13:44:7] Description: 
[14/8/2012 13:44:7] (luaDoRemoveItem) Item not found

[14/8/2012 13:44:49] [Error - NpcScript Interface] 
[14/8/2012 13:44:49] (Unknown script file)
[14/8/2012 13:44:49] Description: 
[14/8/2012 13:44:49] attempt to call a nil value
[14/8/2012 13:44:49] stack traceback:

[14/8/2012 13:46:2] [Error - NpcScript Interface] 
[14/8/2012 13:46:2] (Unknown script file)
[14/8/2012 13:46:2] Description: 
[14/8/2012 13:46:2] attempt to call a nil value
[14/8/2012 13:46:2] stack traceback:
[14/8/2012 13:46:2] 	[C]: in function 'closeShopWindow'
[14/8/2012 13:46:2] 	data/npc/lib/npcsystem/npchandler.lua:225: in function 'releaseFocus'
[14/8/2012 13:46:2] 	data/npc/lib/npcsystem/npchandler.lua:591: in function 'onWalkAway'
[14/8/2012 13:46:2] 	data/npc/lib/npcsystem/npchandler.lua:523: in function 'onThink'
[14/8/2012 13:46:2] 	data/npc/scripts/game/default.lua:9: in function <data/npc/scripts/game/default.lua:9>
[14/8/2012 14:11:5] > Saving server...
[14/8/2012 14:11:13] > SAVE: Complete in 7.873 seconds using binary-tilebased house storage.

[14/8/2012 14:17:38] [Error - NpcScript Interface] 
[14/8/2012 14:17:38] (Unknown script file)
[14/8/2012 14:17:38] Description: 
[14/8/2012 14:17:38] attempt to call a nil value
[14/8/2012 14:17:38] stack traceback:
[14/8/2012 14:17:38] 	[C]: in function 'closeShopWindow'
[14/8/2012 14:17:38] 	data/npc/lib/npcsystem/npchandler.lua:225: in function 'releaseFocus'
[14/8/2012 14:17:38] 	data/npc/lib/npcsystem/npchandler.lua:591: in function 'onWalkAway'
[14/8/2012 14:17:38] 	data/npc/lib/npcsystem/npchandler.lua:523: in function 'onThink'
[14/8/2012 14:17:38] 	data/npc/scripts/game/default.lua:9: in function <data/npc/scripts/game/default.lua:9>

[14/8/2012 14:23:50] [Error - NpcScript Interface] 
[14/8/2012 14:23:50] (Unknown script file)
[14/8/2012 14:23:50] Description: 
[14/8/2012 14:23:50] attempt to call a nil value
[14/8/2012 14:23:50] stack traceback:

[14/8/2012 14:25:45] [Error - NpcScript Interface] 
[14/8/2012 14:25:45] (Unknown script file)
[14/8/2012 14:25:45] Description: 
[14/8/2012 14:25:45] attempt to call a nil value
[14/8/2012 14:25:45] stack traceback:
[14/8/2012 14:25:45] 	[C]: ?

[14/8/2012 14:42:12] [Error - NpcScript Interface] 
[14/8/2012 14:42:12] (Unknown script file)
[14/8/2012 14:42:12] Description: 
[14/8/2012 14:42:12] attempt to call a nil value
[14/8/2012 14:42:12] stack traceback:
[14/8/2012 14:42:12] 	[C]: in function 'closeShopWindow'
[14/8/2012 14:42:12] 	data/npc/lib/npcsystem/npchandler.lua:225: in function 'releaseFocus'
[14/8/2012 14:42:12] 	data/npc/lib/npcsystem/npchandler.lua:591: in function 'onWalkAway'
[14/8/2012 14:42:12] 	data/npc/lib/npcsystem/npchandler.lua:523: in function 'onThink'
[14/8/2012 14:42:12] 	data/npc/scripts/game/default.lua:9: in function <data/npc/scripts/game/default.lua:9>

[14/8/2012 14:49:37] [Error - NpcScript Interface] 
[14/8/2012 14:49:37] (Unknown script file)
[14/8/2012 14:49:37] Description: 
[14/8/2012 14:49:37] attempt to call a nil value
[14/8/2012 14:49:37] stack traceback:
[14/8/2012 14:49:37] 	[C]: in function 'closeShopWindow'
[14/8/2012 14:49:37] 	data/npc/lib/npcsystem/npchandler.lua:225: in function 'releaseFocus'
[14/8/2012 14:49:37] 	data/npc/lib/npcsystem/npchandler.lua:591: in function 'onWalkAway'
[14/8/2012 14:49:37] 	data/npc/lib/npcsystem/npchandler.lua:523: in function 'onThink'
[14/8/2012 14:49:37] 	data/npc/scripts/game/default.lua:9: in function <data/npc/scripts/game/default.lua:9>

[14/8/2012 15:3:48] [Error - NpcScript Interface] 
[14/8/2012 15:3:48] (Unknown script file)
[14/8/2012 15:3:48] Description: 
[14/8/2012 15:3:48] attempt to call a nil value
[14/8/2012 15:3:48] stack traceback:
[14/8/2012 15:3:48] 	[C]: in function 'closeShopWindow'
[14/8/2012 15:3:48] 	data/npc/lib/npcsystem/npchandler.lua:225: in function 'releaseFocus'
[14/8/2012 15:3:48] 	data/npc/lib/npcsystem/npchandler.lua:591: in function 'onWalkAway'
[14/8/2012 15:3:48] 	data/npc/lib/npcsystem/npchandler.lua:523: in function 'onThink'
[14/8/2012 15:3:48] 	data/npc/scripts/game/default.lua:9: in function <data/npc/scripts/game/default.lua:9>

[14/8/2012 15:5:47] [Error - NpcScript Interface] 
[14/8/2012 15:5:47] (Unknown script file)
[14/8/2012 15:5:47] Description: 
[14/8/2012 15:5:47] attempt to call a nil value
[14/8/2012 15:5:47] stack traceback:
[14/8/2012 15:5:47] 	[C]: in function 'closeShopWindow'
[14/8/2012 15:5:47] 	data/npc/lib/npcsystem/npchandler.lua:225: in function 'releaseFocus'
[14/8/2012 15:5:47] 	data/npc/lib/npcsystem/npchandler.lua:591: in function 'onWalkAway'
[14/8/2012 15:5:47] 	data/npc/lib/npcsystem/npchandler.lua:523: in function 'onThink'
[14/8/2012 15:5:47] 	data/npc/scripts/game/default.lua:9: in function <data/npc/scripts/game/default.lua:9>
[14/8/2012 15:11:5] > Saving server...
[14/8/2012 15:11:12] > SAVE: Complete in 7.518 seconds using binary-tilebased house storage.

[14/8/2012 15:11:13] [Error - NpcScript Interface] 
[14/8/2012 15:11:13] (Unknown script file)
[14/8/2012 15:11:13] Description: 
[14/8/2012 15:11:13] attempt to call a nil value
[14/8/2012 15:11:13] stack traceback:

[14/8/2012 15:15:16] [Error - NpcScript Interface] 
[14/8/2012 15:15:16] (Unknown script file)
[14/8/2012 15:15:16] Description: 
[14/8/2012 15:15:16] attempt to call a nil value
[14/8/2012 15:15:16] stack traceback:
[14/8/2012 15:15:16] 	[C]: in function 'closeShopWindow'
[14/8/2012 15:15:16] 	data/npc/lib/npcsystem/npchandler.lua:225: in function 'releaseFocus'
[14/8/2012 15:15:16] 	data/npc/lib/npcsystem/npchandler.lua:591: in function 'onWalkAway'
[14/8/2012 15:15:16] 	data/npc/lib/npcsystem/npchandler.lua:523: in function 'onThink'
[14/8/2012 15:15:16] 	data/npc/scripts/game/default.lua:9: in function <data/npc/scripts/game/default.lua:9>

[14/8/2012 15:16:43] [Error - NpcScript Interface] 
[14/8/2012 15:16:43] (Unknown script file)
[14/8/2012 15:16:43] Description: 
[14/8/2012 15:16:43] attempt to call a nil value
[14/8/2012 15:16:43] stack traceback:

[14/8/2012 16:3:29] [Error - NpcScript Interface] 
[14/8/2012 16:3:29] (Unknown script file)
[14/8/2012 16:3:29] Description: 
[14/8/2012 16:3:29] attempt to call a nil value
[14/8/2012 16:3:29] stack traceback:
[14/8/2012 16:3:29] 	[C]: in function 'closeShopWindow'
[14/8/2012 16:3:29] 	data/npc/lib/npcsystem/npchandler.lua:225: in function 'releaseFocus'
[14/8/2012 16:3:29] 	data/npc/lib/npcsystem/npchandler.lua:591: in function 'onWalkAway'
[14/8/2012 16:3:29] 	data/npc/lib/npcsystem/npchandler.lua:523: in function 'onThink'
[14/8/2012 16:3:29] 	data/npc/scripts/game/blacksmith.lua:9: in function <data/npc/scripts/game/blacksmith.lua:9>
[14/8/2012 16:11:5] > Saving server...
[14/8/2012 16:11:12] > SAVE: Complete in 6.973 seconds using binary-tilebased house storage.

[14/8/2012 16:11:47] [Error - NpcScript Interface] 
[14/8/2012 16:11:47] (Unknown script file)
[14/8/2012 16:11:47] Description: 
[14/8/2012 16:11:47] attempt to call a nil value
[14/8/2012 16:11:47] stack traceback:
[14/8/2012 16:11:47] 	[C]: in function 'closeShopWindow'
[14/8/2012 16:11:47] 	data/npc/lib/npcsystem/npchandler.lua:225: in function 'releaseFocus'
[14/8/2012 16:11:47] 	data/npc/lib/npcsystem/npchandler.lua:591: in function 'onWalkAway'
[14/8/2012 16:11:47] 	data/npc/lib/npcsystem/npchandler.lua:523: in function 'onThink'
[14/8/2012 16:11:47] 	data/npc/scripts/game/default.lua:9: in function <data/npc/scripts/game/default.lua:9>

[14/8/2012 16:14:55] [Error - NpcScript Interface] 
[14/8/2012 16:14:55] (Unknown script file)
[14/8/2012 16:14:55] Description: 
[14/8/2012 16:14:55] attempt to call a nil value
[14/8/2012 16:14:55] stack traceback:

[14/8/2012 16:22:19] [Error - NpcScript Interface] 
[14/8/2012 16:22:19] (Unknown script file)
[14/8/2012 16:22:19] Description: 
[14/8/2012 16:22:19] attempt to call a nil value
[14/8/2012 16:22:19] stack traceback:
[14/8/2012 16:22:19] 	[C]: in function 'closeShopWindow'
[14/8/2012 16:22:19] 	data/npc/lib/npcsystem/npchandler.lua:225: in function 'releaseFocus'
[14/8/2012 16:22:19] 	data/npc/lib/npcsystem/npchandler.lua:591: in function 'onWalkAway'
[14/8/2012 16:22:19] 	data/npc/lib/npcsystem/npchandler.lua:523: in function 'onThink'
[14/8/2012 16:22:19] 	data/npc/scripts/game/default.lua:9: in function <data/npc/scripts/game/default.lua:9>

[14/8/2012 16:25:10] [Error - NpcScript Interface] 
[14/8/2012 16:25:10] (Unknown script file)
[14/8/2012 16:25:10] Description: 
[14/8/2012 16:25:10] attempt to call a nil value
[14/8/2012 16:25:10] stack traceback:

[14/8/2012 16:25:11] [Error - NpcScript Interface] 
[14/8/2012 16:25:11] (Unknown script file)
[14/8/2012 16:25:11] Description: 
[14/8/2012 16:25:11] attempt to call a nil value
[14/8/2012 16:25:11] stack traceback:

[14/8/2012 16:43:5] [Error - NpcScript Interface] 
[14/8/2012 16:43:5] (Unknown script file)
[14/8/2012 16:43:5] Description: 
[14/8/2012 16:43:5] attempt to call a nil value
[14/8/2012 16:43:5] stack traceback:
[14/8/2012 16:43:5] 	[C]: in function 'closeShopWindow'
[14/8/2012 16:43:5] 	data/npc/lib/npcsystem/npchandler.lua:225: in function 'releaseFocus'
[14/8/2012 16:43:5] 	data/npc/lib/npcsystem/npchandler.lua:591: in function 'onWalkAway'
[14/8/2012 16:43:5] 	data/npc/lib/npcsystem/npchandler.lua:523: in function 'onThink'
[14/8/2012 16:43:5] 	data/npc/scripts/game/rashid.lua:9: in function <data/npc/scripts/game/rashid.lua:9>

[14/8/2012 16:49:37] [Error - NpcScript Interface] 
[14/8/2012 16:49:37] (Unknown script file)
[14/8/2012 16:49:37] Description: 
[14/8/2012 16:49:37] attempt to call a nil value
[14/8/2012 16:49:37] stack traceback:
[14/8/2012 16:49:37] 	[C]: in function 'closeShopWindow'
[14/8/2012 16:49:37] 	data/npc/lib/npcsystem/npchandler.lua:225: in function 'releaseFocus'
[14/8/2012 16:49:37] 	data/npc/lib/npcsystem/npchandler.lua:591: in function 'onWalkAway'
[14/8/2012 16:49:37] 	data/npc/lib/npcsystem/npchandler.lua:523: in function 'onThink'
[14/8/2012 16:49:37] 	data/npc/scripts/game/rashid.lua:9: in function <data/npc/scripts/game/rashid.lua:9>

[14/8/2012 16:50:21] [Error - NpcScript Interface] 
[14/8/2012 16:50:21] (Unknown script file)
[14/8/2012 16:50:21] Description: 
[14/8/2012 16:50:21] attempt to call a nil value
[14/8/2012 16:50:21] stack traceback:
[14/8/2012 16:50:21] 	[C]: ?

[14/8/2012 16:50:29] [Error - NpcScript Interface] 
[14/8/2012 16:50:29] (Unknown script file)
[14/8/2012 16:50:29] Description: 
[14/8/2012 16:50:29] attempt to call a nil value
[14/8/2012 16:50:29] stack traceback:
[14/8/2012 16:50:29] 	[C]: ?

[14/8/2012 16:52:10] [Error - NpcScript Interface] 
[14/8/2012 16:52:10] (Unknown script file)
[14/8/2012 16:52:10] Description: 
[14/8/2012 16:52:10] attempt to call a nil value
[14/8/2012 16:52:10] stack traceback:
[14/8/2012 16:52:10] 	[C]: in function 'closeShopWindow'
[14/8/2012 16:52:10] 	data/npc/lib/npcsystem/npchandler.lua:225: in function 'releaseFocus'
[14/8/2012 16:52:10] 	data/npc/lib/npcsystem/npchandler.lua:591: in function 'onWalkAway'
[14/8/2012 16:52:10] 	data/npc/lib/npcsystem/npchandler.lua:523: in function 'onThink'
[14/8/2012 16:52:10] 	data/npc/scripts/game/default.lua:9: in function <data/npc/scripts/game/default.lua:9>

[14/8/2012 17:4:28] [Error - NpcScript Interface] 
[14/8/2012 17:4:28] (Unknown script file)
[14/8/2012 17:4:28] Description: 
[14/8/2012 17:4:28] attempt to call a nil value
[14/8/2012 17:4:28] stack traceback:
[14/8/2012 17:11:5] > Saving server...
[14/8/2012 17:11:12] > SAVE: Complete in 7.141 seconds using binary-tilebased house storage.

[14/8/2012 17:15:11] [Error - NpcScript Interface] 
[14/8/2012 17:15:11] (Unknown script file)
[14/8/2012 17:15:11] Description: 
[14/8/2012 17:15:11] attempt to call a nil value
[14/8/2012 17:15:11] stack traceback:
[14/8/2012 17:15:11] 	[C]: in function 'closeShopWindow'
[14/8/2012 17:15:11] 	data/npc/lib/npcsystem/npchandler.lua:225: in function 'releaseFocus'
[14/8/2012 17:15:11] 	data/npc/lib/npcsystem/npchandler.lua:591: in function 'onWalkAway'
[14/8/2012 17:15:11] 	data/npc/lib/npcsystem/npchandler.lua:523: in function 'onThink'
[14/8/2012 17:15:11] 	data/npc/scripts/game/default.lua:9: in function <data/npc/scripts/game/default.lua:9>

[14/8/2012 17:19:33] [Error - NpcScript Interface] 
[14/8/2012 17:19:33] (Unknown script file)
[14/8/2012 17:19:33] Description: 
[14/8/2012 17:19:33] attempt to call a nil value
[14/8/2012 17:19:33] stack traceback:

[14/8/2012 17:27:25] [Error - NpcScript Interface] 
[14/8/2012 17:27:25] (Unknown script file)
[14/8/2012 17:27:25] Description: 
[14/8/2012 17:27:25] attempt to call a nil value
[14/8/2012 17:27:25] stack traceback:
[14/8/2012 17:27:25] 	[C]: in function 'closeShopWindow'
[14/8/2012 17:27:25] 	data/npc/lib/npcsystem/npchandler.lua:225: in function 'releaseFocus'
[14/8/2012 17:27:25] 	data/npc/lib/npcsystem/npchandler.lua:591: in function 'onWalkAway'
[14/8/2012 17:27:25] 	data/npc/lib/npcsystem/npchandler.lua:523: in function 'onThink'
[14/8/2012 17:27:25] 	data/npc/scripts/game/bless/bless4.lua:9: in function <data/npc/scripts/game/bless/bless4.lua:9>

[14/8/2012 17:29:8] [Error - NpcScript Interface] 
[14/8/2012 17:29:8] (Unknown script file)
[14/8/2012 17:29:8] Description: 
[14/8/2012 17:29:8] attempt to call a nil value
[14/8/2012 17:29:8] stack traceback:
[14/8/2012 17:29:8] 	[C]: in function 'closeShopWindow'
[14/8/2012 17:29:8] 	data/npc/lib/npcsystem/npchandler.lua:225: in function 'releaseFocus'
[14/8/2012 17:29:8] 	data/npc/lib/npcsystem/npchandler.lua:591: in function 'onWalkAway'
[14/8/2012 17:29:8] 	data/npc/lib/npcsystem/npchandler.lua:523: in function 'onThink'
[14/8/2012 17:29:8] 	data/npc/scripts/game/default.lua:9: in function <data/npc/scripts/game/default.lua:9>

[14/8/2012 17:32:41] [Error - NpcScript Interface] 
[14/8/2012 17:32:41] (Unknown script file)
[14/8/2012 17:32:41] Description: 
[14/8/2012 17:32:41] attempt to call a nil value
[14/8/2012 17:32:41] stack traceback:
[14/8/2012 17:32:41] 	[C]: in function 'closeShopWindow'
[14/8/2012 17:32:41] 	data/npc/lib/npcsystem/npchandler.lua:225: in function 'releaseFocus'
[14/8/2012 17:32:41] 	data/npc/lib/npcsystem/npchandler.lua:591: in function 'onWalkAway'
[14/8/2012 17:32:41] 	data/npc/lib/npcsystem/npchandler.lua:523: in function 'onThink'
[14/8/2012 17:32:41] 	data/npc/scripts/game/default.lua:9: in function <data/npc/scripts/game/default.lua:9>

[14/8/2012 17:36:1] [Error - NpcScript Interface] 
[14/8/2012 17:36:1] (Unknown script file)
[14/8/2012 17:36:1] Description: 
[14/8/2012 17:36:1] attempt to call a nil value
[14/8/2012 17:36:1] stack traceback:

[14/8/2012 17:36:27] [Error - NpcScript Interface] 
[14/8/2012 17:36:27] (Unknown script file)
[14/8/2012 17:36:27] Description: 
[14/8/2012 17:36:27] attempt to call a nil value
[14/8/2012 17:36:27] stack traceback:

[14/8/2012 17:39:1] [Error - NpcScript Interface] 
[14/8/2012 17:39:1] (Unknown script file)
[14/8/2012 17:39:1] Description: 
[14/8/2012 17:39:1] attempt to call a nil value
[14/8/2012 17:39:1] stack traceback:
[14/8/2012 17:39:1] 	[C]: in function 'closeShopWindow'
[14/8/2012 17:39:1] 	data/npc/lib/npcsystem/npchandler.lua:225: in function 'releaseFocus'
[14/8/2012 17:39:1] 	data/npc/lib/npcsystem/npchandler.lua:363: in function 'unGreet'
[14/8/2012 17:39:1] 	data/npc/lib/npcsystem/npchandler.lua:576: in function 'onFarewell'
[14/8/2012 17:39:1] 	data/npc/lib/npcsystem/modules.lua:251: in function 'callback'
[14/8/2012 17:39:1] 	data/npc/lib/npcsystem/keywordhandler.lua:41: in function 'processMessage'
[14/8/2012 17:39:1] 	data/npc/lib/npcsystem/keywordhandler.lua:181: in function 'processNodeMessage'
[14/8/2012 17:39:1] 	data/npc/lib/npcsystem/keywordhandler.lua:140: in function 'processMessage'
[14/8/2012 17:39:1] 	data/npc/lib/npcsystem/npchandler.lua:423: in function 'onCreatureSay'
[14/8/2012 17:39:1] 	data/npc/scripts/game/default.lua:8: in function <data/npc/scripts/game/default.lua:8>

[14/8/2012 17:40:5] [Error - NpcScript Interface] 
[14/8/2012 17:40:5] (Unknown script file)
[14/8/2012 17:40:5] Description: 
[14/8/2012 17:40:5] attempt to call a nil value
[14/8/2012 17:40:5] stack traceback:

[14/8/2012 17:42:49] [Error - NpcScript Interface] 
[14/8/2012 17:42:49] (Unknown script file)
[14/8/2012 17:42:49] Description: 
[14/8/2012 17:42:49] attempt to call a nil value
[14/8/2012 17:42:49] stack traceback:
[14/8/2012 17:42:49] 	[C]: in function 'closeShopWindow'
[14/8/2012 17:42:49] 	data/npc/lib/npcsystem/npchandler.lua:225: in function 'releaseFocus'
[14/8/2012 17:42:49] 	data/npc/lib/npcsystem/npchandler.lua:591: in function 'onWalkAway'
[14/8/2012 17:42:49] 	data/npc/lib/npcsystem/npchandler.lua:523: in function 'onThink'
[14/8/2012 17:42:49] 	data/npc/scripts/game/default.lua:9: in function <data/npc/scripts/game/default.lua:9>

[14/8/2012 17:43:15] [Error - NpcScript Interface] 
[14/8/2012 17:43:15] (Unknown script file)
[14/8/2012 17:43:15] Description: 
[14/8/2012 17:43:15] attempt to call a nil value
[14/8/2012 17:43:15] stack traceback:

[14/8/2012 17:50:24] [Error - Action Interface] 
[14/8/2012 17:50:24] data/actions/scripts/tools/rope.lua:onUse
[14/8/2012 17:50:24] Description: 
[14/8/2012 17:50:24] (luaGetThingFromPos) Tile not found

[14/8/2012 18:4:59] [Error - NpcScript Interface] 
[14/8/2012 18:4:59] (Unknown script file)
[14/8/2012 18:4:59] Description: 
[14/8/2012 18:4:59] attempt to call a nil value
[14/8/2012 18:4:59] stack traceback:
[14/8/2012 18:4:59] 	[C]: in function 'closeShopWindow'
[14/8/2012 18:4:59] 	data/npc/lib/npcsystem/npchandler.lua:225: in function 'releaseFocus'
[14/8/2012 18:4:59] 	data/npc/lib/npcsystem/npchandler.lua:591: in function 'onWalkAway'
[14/8/2012 18:4:59] 	data/npc/lib/npcsystem/npchandler.lua:523: in function 'onThink'
[14/8/2012 18:4:59] 	data/npc/scripts/game/default.lua:9: in function <data/npc/scripts/game/default.lua:9>
[14/8/2012 18:11:6] > Saving server...
[14/8/2012 18:11:14] > SAVE: Complete in 8.074 seconds using binary-tilebased house storage.

[14/8/2012 18:30:20] [Error - NpcScript Interface] 
[14/8/2012 18:30:20] (Unknown script file)
[14/8/2012 18:30:20] Description: 
[14/8/2012 18:30:20] attempt to call a nil value
[14/8/2012 18:30:20] stack traceback:

[14/8/2012 18:31:57] [Error - NpcScript Interface] 
[14/8/2012 18:31:57] (Unknown script file)
[14/8/2012 18:31:57] Description: 
[14/8/2012 18:31:57] attempt to call a nil value
[14/8/2012 18:31:57] stack traceback:

[14/8/2012 18:32:6] [Error - NpcScript Interface] 
[14/8/2012 18:32:6] (Unknown script file)
[14/8/2012 18:32:6] Description: 
[14/8/2012 18:32:6] attempt to call a nil value
[14/8/2012 18:32:6] stack traceback:
[14/8/2012 18:32:6] 	[C]: in function 'closeShopWindow'
[14/8/2012 18:32:6] 	data/npc/lib/npcsystem/npchandler.lua:225: in function 'releaseFocus'
[14/8/2012 18:32:6] 	data/npc/lib/npcsystem/npchandler.lua:591: in function 'onWalkAway'
[14/8/2012 18:32:6] 	data/npc/lib/npcsystem/npchandler.lua:523: in function 'onThink'
[14/8/2012 18:32:6] 	data/npc/scripts/game/default.lua:9: in function <data/npc/scripts/game/default.lua:9>

[14/8/2012 18:34:40] [Error - NpcScript Interface] 
[14/8/2012 18:34:40] (Unknown script file)
[14/8/2012 18:34:40] Description: 
[14/8/2012 18:34:40] attempt to call a nil value
[14/8/2012 18:34:40] stack traceback:
[14/8/2012 18:34:40] 	[C]: in function 'closeShopWindow'
[14/8/2012 18:34:40] 	data/npc/lib/npcsystem/npchandler.lua:225: in function 'releaseFocus'
[14/8/2012 18:34:40] 	data/npc/lib/npcsystem/npchandler.lua:591: in function 'onWalkAway'
[14/8/2012 18:34:40] 	data/npc/lib/npcsystem/npchandler.lua:523: in function 'onThink'
[14/8/2012 18:34:40] 	data/npc/scripts/game/default.lua:9: in function <data/npc/scripts/game/default.lua:9>

[14/8/2012 18:35:42] [Error - NpcScript Interface] 
[14/8/2012 18:35:42] (Unknown script file)
[14/8/2012 18:35:42] Description: 
[14/8/2012 18:35:42] attempt to call a nil value
[14/8/2012 18:35:42] stack traceback:
[14/8/2012 18:35:42] 	[C]: in function 'closeShopWindow'
[14/8/2012 18:35:42] 	data/npc/lib/npcsystem/npchandler.lua:225: in function 'releaseFocus'
[14/8/2012 18:35:42] 	data/npc/lib/npcsystem/npchandler.lua:591: in function 'onWalkAway'
[14/8/2012 18:35:42] 	data/npc/lib/npcsystem/npchandler.lua:523: in function 'onThink'
[14/8/2012 18:35:42] 	data/npc/scripts/game/default.lua:9: in function <data/npc/scripts/game/default.lua:9>

[14/8/2012 19:3:42] [Error - Action Interface] 
[14/8/2012 19:3:42] data/actions/scripts/tools/shovel.lua:onUse
[14/8/2012 19:3:42] Description: 
[14/8/2012 19:3:42] (luaDoCreateMonster) Cannot create monster: Scarab

[14/8/2012 19:4:17] [Error - Action Interface] 
[14/8/2012 19:4:17] data/actions/scripts/tools/shovel.lua:onUse
[14/8/2012 19:4:17] Description: 
[14/8/2012 19:4:17] (luaDoCreateMonster) Cannot create monster: Scarab

[14/8/2012 19:5:18] [Error - NpcScript Interface] 
[14/8/2012 19:5:18] (Unknown script file)
[14/8/2012 19:5:18] Description: 
[14/8/2012 19:5:18] attempt to call a nil value
[14/8/2012 19:5:18] stack traceback:
[14/8/2012 19:9:50] > Broadcasted message: "Uma escura e medonha fumaça negra começa a surgir em Quendor...".
[14/8/2012 19:10:49] > Broadcasted message: "Morte aos mortos vivos! Preparem-se para lutar contra a morte!".
[14/8/2012 19:11:5] > Saving server...
[14/8/2012 19:11:14] > SAVE: Complete in 9.176 seconds using binary-tilebased house storage.
[14/8/2012 19:11:29] > Broadcasted message: "Guerreiros saem do chão e fantasmas assombram os lares! Os mortos vivos atacam a cidade de Quendor!".

[14/8/2012 19:11:59] [Error - NpcScript Interface] 
[14/8/2012 19:11:59] (Unknown script file)
[14/8/2012 19:11:59] Description: 
[14/8/2012 19:11:59] attempt to call a nil value
[14/8/2012 19:11:59] stack traceback:
[14/8/2012 19:11:59] 	[C]: ?

[14/8/2012 19:12:19] [Error - NpcScript Interface] 
[14/8/2012 19:12:19] (Unknown script file)
[14/8/2012 19:12:19] Description: 
[14/8/2012 19:12:19] attempt to call a nil value
[14/8/2012 19:12:19] stack traceback:
[14/8/2012 19:12:19] 	[C]: ?

[14/8/2012 19:13:18] [Error - NpcScript Interface] 
[14/8/2012 19:13:18] (Unknown script file)
[14/8/2012 19:13:18] Description: 
[14/8/2012 19:13:18] attempt to call a nil value
[14/8/2012 19:13:18] stack traceback:
[14/8/2012 19:13:18] 	[C]: in function 'closeShopWindow'
[14/8/2012 19:13:18] 	data/npc/lib/npcsystem/npchandler.lua:225: in function 'releaseFocus'
[14/8/2012 19:13:18] 	data/npc/lib/npcsystem/npchandler.lua:591: in function 'onWalkAway'
[14/8/2012 19:13:18] 	data/npc/lib/npcsystem/npchandler.lua:523: in function 'onThink'
[14/8/2012 19:13:18] 	data/npc/scripts/game/blacksmith.lua:9: in function <data/npc/scripts/game/blacksmith.lua:9>

[14/8/2012 19:20:59] [Error - NpcScript Interface] 
[14/8/2012 19:20:59] (Unknown script file)
[14/8/2012 19:20:59] Description: 
[14/8/2012 19:20:59] attempt to call a nil value
[14/8/2012 19:20:59] stack traceback:
[14/8/2012 19:20:59] 	[C]: in function 'closeShopWindow'
[14/8/2012 19:20:59] 	data/npc/lib/npcsystem/npchandler.lua:225: in function 'releaseFocus'
[14/8/2012 19:20:59] 	data/npc/lib/npcsystem/npchandler.lua:591: in function 'onWalkAway'
[14/8/2012 19:20:59] 	data/npc/lib/npcsystem/npchandler.lua:523: in function 'onThink'
[14/8/2012 19:20:59] 	data/npc/scripts/game/quendor.postman.lua:8: in function <data/npc/scripts/game/quendor.postman.lua:8>

[14/8/2012 19:23:46] [Error - NpcScript Interface] 
[14/8/2012 19:23:46] (Unknown script file)
[14/8/2012 19:23:46] Description: 
[14/8/2012 19:23:46] attempt to call a nil value
[14/8/2012 19:23:46] stack traceback:

[14/8/2012 19:24:15] [Error - NpcScript Interface] 
[14/8/2012 19:24:15] (Unknown script file)
[14/8/2012 19:24:15] Description: 
[14/8/2012 19:24:15] attempt to call a nil value
[14/8/2012 19:24:15] stack traceback:
[14/8/2012 19:24:15] 	[C]: in function 'closeShopWindow'
[14/8/2012 19:24:15] 	data/npc/lib/npcsystem/npchandler.lua:225: in function 'releaseFocus'
[14/8/2012 19:24:15] 	data/npc/lib/npcsystem/npchandler.lua:591: in function 'onWalkAway'
[14/8/2012 19:24:15] 	data/npc/lib/npcsystem/npchandler.lua:523: in function 'onThink'
[14/8/2012 19:24:15] 	data/npc/scripts/game/default.lua:9: in function <data/npc/scripts/game/default.lua:9>

[14/8/2012 19:27:56] [Error - NpcScript Interface] 
[14/8/2012 19:27:56] (Unknown script file)
[14/8/2012 19:27:56] Description: 
[14/8/2012 19:27:56] attempt to call a nil value
[14/8/2012 19:27:56] stack traceback:
[14/8/2012 19:27:56] 	[C]: in function 'closeShopWindow'
[14/8/2012 19:27:56] 	data/npc/lib/npcsystem/npchandler.lua:225: in function 'releaseFocus'
[14/8/2012 19:27:56] 	data/npc/lib/npcsystem/npchandler.lua:591: in function 'onWalkAway'
[14/8/2012 19:27:56] 	data/npc/lib/npcsystem/npchandler.lua:523: in function 'onThink'
[14/8/2012 19:27:56] 	data/npc/scripts/game/default.lua:9: in function <data/npc/scripts/game/default.lua:9>

[14/8/2012 19:28:36] [Error - NpcScript Interface] 
[14/8/2012 19:28:36] (Unknown script file)
[14/8/2012 19:28:36] Description: 
[14/8/2012 19:28:36] attempt to call a nil value
[14/8/2012 19:28:36] stack traceback:
[14/8/2012 19:28:36] 	[C]: in function 'closeShopWindow'
[14/8/2012 19:28:36] 	data/npc/lib/npcsystem/npchandler.lua:225: in function 'releaseFocus'
[14/8/2012 19:28:36] 	data/npc/lib/npcsystem/npchandler.lua:591: in function 'onWalkAway'
[14/8/2012 19:28:36] 	data/npc/lib/npcsystem/npchandler.lua:523: in function 'onThink'
[14/8/2012 19:28:36] 	data/npc/scripts/game/default.lua:9: in function <data/npc/scripts/game/default.lua:9>

[14/8/2012 19:29:22] [Error - NpcScript Interface] 
[14/8/2012 19:29:22] (Unknown script file)
[14/8/2012 19:29:22] Description: 
[14/8/2012 19:29:22] attempt to call a nil value
[14/8/2012 19:29:22] stack traceback:
[14/8/2012 19:29:22] 	[C]: in function 'closeShopWindow'
[14/8/2012 19:29:22] 	data/npc/lib/npcsystem/npchandler.lua:225: in function 'releaseFocus'
[14/8/2012 19:29:22] 	data/npc/lib/npcsystem/npchandler.lua:591: in function 'onWalkAway'
[14/8/2012 19:29:22] 	data/npc/lib/npcsystem/npchandler.lua:523: in function 'onThink'
[14/8/2012 19:29:22] 	data/npc/scripts/game/default.lua:9: in function <data/npc/scripts/game/default.lua:9>

[14/8/2012 19:31:50] [Error - NpcScript Interface] 
[14/8/2012 19:31:50] (Unknown script file)
[14/8/2012 19:31:50] Description: 
[14/8/2012 19:31:50] attempt to call a nil value
[14/8/2012 19:31:50] stack traceback:

[14/8/2012 19:32:26] [Error - NpcScript Interface] 
[14/8/2012 19:32:26] (Unknown script file)
[14/8/2012 19:32:26] Description: 
[14/8/2012 19:32:26] attempt to call a nil value
[14/8/2012 19:32:26] stack traceback:

[14/8/2012 19:33:49] [Error - NpcScript Interface] 
[14/8/2012 19:33:49] (Unknown script file)
[14/8/2012 19:33:49] Description: 
[14/8/2012 19:33:49] attempt to call a nil value
[14/8/2012 19:33:49] stack traceback:
[14/8/2012 19:33:49] 	[C]: in function 'closeShopWindow'
[14/8/2012 19:33:49] 	data/npc/lib/npcsystem/npchandler.lua:225: in function 'releaseFocus'
[14/8/2012 19:33:49] 	data/npc/lib/npcsystem/npchandler.lua:591: in function 'onWalkAway'
[14/8/2012 19:33:49] 	data/npc/lib/npcsystem/npchandler.lua:523: in function 'onThink'
[14/8/2012 19:33:49] 	data/npc/scripts/game/default.lua:9: in function <data/npc/scripts/game/default.lua:9>

[14/8/2012 19:35:25] [Error - NpcScript Interface] 
[14/8/2012 19:35:25] (Unknown script file)
[14/8/2012 19:35:25] Description: 
[14/8/2012 19:35:25] attempt to call a nil value
[14/8/2012 19:35:25] stack traceback:
[14/8/2012 19:35:25] 	[C]: in function 'closeShopWindow'
[14/8/2012 19:35:25] 	data/npc/lib/npcsystem/npchandler.lua:225: in function 'releaseFocus'
[14/8/2012 19:35:25] 	data/npc/lib/npcsystem/npchandler.lua:591: in function 'onWalkAway'
[14/8/2012 19:35:25] 	data/npc/lib/npcsystem/npchandler.lua:523: in function 'onThink'
[14/8/2012 19:35:25] 	data/npc/scripts/game/default.lua:9: in function <data/npc/scripts/game/default.lua:9>

[14/8/2012 19:42:11] [Error - NpcScript Interface] 
[14/8/2012 19:42:11] (Unknown script file)
[14/8/2012 19:42:11] Description: 
[14/8/2012 19:42:11] attempt to call a nil value
[14/8/2012 19:42:11] stack traceback:
[14/8/2012 19:42:11] 	[C]: in function 'closeShopWindow'
[14/8/2012 19:42:11] 	data/npc/lib/npcsystem/npchandler.lua:225: in function 'releaseFocus'
[14/8/2012 19:42:11] 	data/npc/lib/npcsystem/npchandler.lua:591: in function 'onWalkAway'
[14/8/2012 19:42:11] 	data/npc/lib/npcsystem/npchandler.lua:523: in function 'onThink'
[14/8/2012 19:42:11] 	data/npc/scripts/game/default.lua:9: in function <data/npc/scripts/game/default.lua:9>

[14/8/2012 20:8:38] [Error - NpcScript Interface] 
[14/8/2012 20:8:38] (Unknown script file)
[14/8/2012 20:8:38] Description: 
[14/8/2012 20:8:38] attempt to call a nil value
[14/8/2012 20:8:38] stack traceback:
[14/8/2012 20:8:38] 	[C]: in function 'closeShopWindow'
[14/8/2012 20:8:38] 	data/npc/lib/npcsystem/npchandler.lua:225: in function 'releaseFocus'
[14/8/2012 20:8:38] 	data/npc/lib/npcsystem/npchandler.lua:591: in function 'onWalkAway'
[14/8/2012 20:8:38] 	data/npc/lib/npcsystem/npchandler.lua:523: in function 'onThink'
[14/8/2012 20:8:38] 	data/npc/scripts/game/default.lua:9: in function <data/npc/scripts/game/default.lua:9>
[14/8/2012 20:11:5] > Saving server...
[14/8/2012 20:11:13] > SAVE: Complete in 8.19 seconds using binary-tilebased house storage.

[14/8/2012 20:14:13] [Error - NpcScript Interface] 
[14/8/2012 20:14:13] (Unknown script file)
[14/8/2012 20:14:13] Description: 
[14/8/2012 20:14:13] attempt to call a nil value
[14/8/2012 20:14:13] stack traceback:
[14/8/2012 20:14:13] 	[C]: in function 'closeShopWindow'
[14/8/2012 20:14:13] 	data/npc/lib/npcsystem/npchandler.lua:225: in function 'releaseFocus'
[14/8/2012 20:14:13] 	data/npc/lib/npcsystem/npchandler.lua:591: in function 'onWalkAway'
[14/8/2012 20:14:13] 	data/npc/lib/npcsystem/npchandler.lua:523: in function 'onThink'
[14/8/2012 20:14:13] 	data/npc/scripts/game/rashid.lua:9: in function <data/npc/scripts/game/rashid.lua:9>

[14/8/2012 20:23:28] [Error - NpcScript Interface] 
[14/8/2012 20:23:28] (Unknown script file)
[14/8/2012 20:23:28] Description: 
[14/8/2012 20:23:28] attempt to call a nil value
[14/8/2012 20:23:28] stack traceback:

[14/8/2012 20:38:2] [Error - Spell Interface] 
[14/8/2012 20:38:2] data/spells/scripts/support/destroy_field_rune.lua:onCastSpell
[14/8/2012 20:38:2] Description: 
[14/8/2012 20:38:2] (luaDoRemoveItem) Item not found
[14/8/2012 20:54:32] [Warning - Protocol::RSA_decrypt] Not valid packet size (IP: 187.32.85.65)
[14/8/2012 20:55:35] [Warning - Protocol::RSA_decrypt] Not valid packet size (IP: 187.32.85.65)
[14/8/2012 20:56:15] [Warning - Protocol::RSA_decrypt] Not valid packet size (IP: 187.32.85.65)
[14/8/2012 20:56:51] [Warning - Protocol::RSA_decrypt] Not valid packet size (IP: 187.32.85.65)
[14/8/2012 20:57:52] [Warning - Protocol::RSA_decrypt] Not valid packet size (IP: 187.32.85.65)
[14/8/2012 20:58:42] [Warning - Protocol::RSA_decrypt] Not valid packet size (IP: 187.32.85.65)
[14/8/2012 20:59:21] [Warning - Protocol::RSA_decrypt] Not valid packet size (IP: 187.32.85.65)

[14/8/2012 21:5:16] [Error - NpcScript Interface] 
[14/8/2012 21:5:16] (Unknown script file)
[14/8/2012 21:5:16] Description: 
[14/8/2012 21:5:16] attempt to call a nil value
[14/8/2012 21:5:16] stack traceback:

[14/8/2012 21:8:24] [Error - NpcScript Interface] 
[14/8/2012 21:8:24] (Unknown script file)
[14/8/2012 21:8:24] Description: 
[14/8/2012 21:8:24] attempt to call a nil value
[14/8/2012 21:8:24] stack traceback:
[14/8/2012 21:11:5] > Saving server...
[14/8/2012 21:11:15] > SAVE: Complete in 9.829 seconds using binary-tilebased house storage.

[14/8/2012 21:11:55] [Error - NpcScript Interface] 
[14/8/2012 21:11:55] (Unknown script file)
[14/8/2012 21:11:55] Description: 
[14/8/2012 21:11:55] attempt to call a nil value
[14/8/2012 21:11:55] stack traceback:

[14/8/2012 21:17:21] [Error - NpcScript Interface] 
[14/8/2012 21:17:21] (Unknown script file)
[14/8/2012 21:17:21] Description: 
[14/8/2012 21:17:21] attempt to call a nil value
[14/8/2012 21:17:21] stack traceback:
[14/8/2012 21:17:21] 	[C]: in function 'closeShopWindow'
[14/8/2012 21:17:21] 	data/npc/lib/npcsystem/npchandler.lua:225: in function 'releaseFocus'
[14/8/2012 21:17:21] 	data/npc/lib/npcsystem/npchandler.lua:591: in function 'onWalkAway'
[14/8/2012 21:17:21] 	data/npc/lib/npcsystem/npchandler.lua:523: in function 'onThink'
[14/8/2012 21:17:21] 	data/npc/scripts/game/default.lua:9: in function <data/npc/scripts/game/default.lua:9>

[14/8/2012 21:21:21] [Error - Action Interface] 
[14/8/2012 21:21:21] data/actions/scripts/other/windows.lua:onUse
[14/8/2012 21:21:21] Description: 
[14/8/2012 21:21:21] (luaGetHouseFromPos) Tile not found

[14/8/2012 21:22:31] [Error - NpcScript Interface] 
[14/8/2012 21:22:31] (Unknown script file)
[14/8/2012 21:22:31] Description: 
[14/8/2012 21:22:31] attempt to call a nil value
[14/8/2012 21:22:31] stack traceback:
[14/8/2012 21:22:31] 	[C]: in function 'closeShopWindow'
[14/8/2012 21:22:31] 	data/npc/lib/npcsystem/npchandler.lua:225: in function 'releaseFocus'
[14/8/2012 21:22:31] 	data/npc/lib/npcsystem/npchandler.lua:591: in function 'onWalkAway'
[14/8/2012 21:22:31] 	data/npc/lib/npcsystem/npchandler.lua:523: in function 'onThink'
[14/8/2012 21:22:31] 	data/npc/scripts/game/default.lua:9: in function <data/npc/scripts/game/default.lua:9>

[14/8/2012 21:24:20] [Error - Action Interface] 
[14/8/2012 21:24:20] data/actions/scripts/other/windows.lua:onUse
[14/8/2012 21:24:20] Description: 
[14/8/2012 21:24:20] (luaGetHouseFromPos) Tile not found

[14/8/2012 21:29:15] [Error - NpcScript Interface] 
[14/8/2012 21:29:15] (Unknown script file)
[14/8/2012 21:29:15] Description: 
[14/8/2012 21:29:15] attempt to call a nil value
[14/8/2012 21:29:15] stack traceback:
[14/8/2012 21:29:15] 	[C]: in function 'closeShopWindow'
[14/8/2012 21:29:15] 	data/npc/lib/npcsystem/npchandler.lua:225: in function 'releaseFocus'
[14/8/2012 21:29:15] 	data/npc/lib/npcsystem/npchandler.lua:591: in function 'onWalkAway'
[14/8/2012 21:29:15] 	data/npc/lib/npcsystem/npchandler.lua:523: in function 'onThink'
[14/8/2012 21:29:15] 	data/npc/scripts/game/default.lua:9: in function <data/npc/scripts/game/default.lua:9>
[14/8/2012 21:30:50] [Warning - Protocol::RSA_decrypt] Not valid packet size (IP: 187.32.85.65)

[14/8/2012 21:48:59] [Error - NpcScript Interface] 
[14/8/2012 21:48:59] (Unknown script file)
[14/8/2012 21:48:59] Description: 
[14/8/2012 21:48:59] attempt to call a nil value
[14/8/2012 21:48:59] stack traceback:
[14/8/2012 21:48:59] 	[C]: in function 'closeShopWindow'
[14/8/2012 21:48:59] 	data/npc/lib/npcsystem/npchandler.lua:225: in function 'releaseFocus'
[14/8/2012 21:48:59] 	data/npc/lib/npcsystem/npchandler.lua:591: in function 'onWalkAway'
[14/8/2012 21:48:59] 	data/npc/lib/npcsystem/npchandler.lua:523: in function 'onThink'
[14/8/2012 21:48:59] 	data/npc/scripts/game/default.lua:9: in function <data/npc/scripts/game/default.lua:9>

[14/8/2012 22:7:12] [Error - NpcScript Interface] 
[14/8/2012 22:7:12] (Unknown script file)
[14/8/2012 22:7:12] Description: 
[14/8/2012 22:7:12] attempt to call a nil value
[14/8/2012 22:7:12] stack traceback:
[14/8/2012 22:11:5] > Saving server...
[14/8/2012 22:11:12] > SAVE: Complete in 7.029 seconds using binary-tilebased house storage.

[14/8/2012 22:15:48] [Error - NpcScript Interface] 
[14/8/2012 22:15:48] (Unknown script file)
[14/8/2012 22:15:48] Description: 
[14/8/2012 22:15:48] attempt to call a nil value
[14/8/2012 22:15:48] stack traceback:

[14/8/2012 22:26:31] [Error - NpcScript Interface] 
[14/8/2012 22:26:31] (Unknown script file)
[14/8/2012 22:26:31] Description: 
[14/8/2012 22:26:31] attempt to call a nil value
[14/8/2012 22:26:31] stack traceback:
[14/8/2012 22:26:31] 	[C]: in function 'closeShopWindow'
[14/8/2012 22:26:31] 	data/npc/lib/npcsystem/npchandler.lua:225: in function 'releaseFocus'
[14/8/2012 22:26:31] 	data/npc/lib/npcsystem/npchandler.lua:591: in function 'onWalkAway'
[14/8/2012 22:26:31] 	data/npc/lib/npcsystem/npchandler.lua:523: in function 'onThink'
[14/8/2012 22:26:31] 	data/npc/scripts/game/default.lua:9: in function <data/npc/scripts/game/default.lua:9>

[14/8/2012 22:27:36] [Error - NpcScript Interface] 
[14/8/2012 22:27:36] (Unknown script file)
[14/8/2012 22:27:36] Description: 
[14/8/2012 22:27:36] attempt to call a nil value
[14/8/2012 22:27:36] stack traceback:

[14/8/2012 22:27:40] [Error - NpcScript Interface] 
[14/8/2012 22:27:40] (Unknown script file)
[14/8/2012 22:27:40] Description: 
[14/8/2012 22:27:40] attempt to call a nil value
[14/8/2012 22:27:40] stack traceback:

[14/8/2012 22:36:49] [Error - Action Interface] 
[14/8/2012 22:36:49] data/actions/scripts/tools/shovel.lua:onUse
[14/8/2012 22:36:49] Description: 
[14/8/2012 22:36:49] (luaDoCreateMonster) Cannot create monster: Scarab

[14/8/2012 22:37:11] [Error - NpcScript Interface] 
[14/8/2012 22:37:11] (Unknown script file)
[14/8/2012 22:37:11] Description: 
[14/8/2012 22:37:11] attempt to call a nil value
[14/8/2012 22:37:11] stack traceback:
[14/8/2012 22:37:11] 	[C]: in function 'closeShopWindow'
[14/8/2012 22:37:11] 	data/npc/lib/npcsystem/npchandler.lua:225: in function 'releaseFocus'
[14/8/2012 22:37:11] 	data/npc/lib/npcsystem/npchandler.lua:591: in function 'onWalkAway'
[14/8/2012 22:37:11] 	data/npc/lib/npcsystem/npchandler.lua:523: in function 'onThink'
[14/8/2012 22:37:11] 	data/npc/scripts/game/default.lua:9: in function <data/npc/scripts/game/default.lua:9>

[14/8/2012 22:39:41] [Error - NpcScript Interface] 
[14/8/2012 22:39:41] (Unknown script file)
[14/8/2012 22:39:41] Description: 
[14/8/2012 22:39:41] attempt to call a nil value
[14/8/2012 22:39:41] stack traceback:
[14/8/2012 22:39:41] 	[C]: in function 'closeShopWindow'
[14/8/2012 22:39:41] 	data/npc/lib/npcsystem/npchandler.lua:225: in function 'releaseFocus'
[14/8/2012 22:39:41] 	data/npc/lib/npcsystem/npchandler.lua:591: in function 'onWalkAway'
[14/8/2012 22:39:41] 	data/npc/lib/npcsystem/npchandler.lua:523: in function 'onThink'
[14/8/2012 22:39:41] 	data/npc/scripts/game/default.lua:9: in function <data/npc/scripts/game/default.lua:9>

[14/8/2012 22:44:32] [Error - Spell Interface] 
[14/8/2012 22:44:32] data/spells/scripts/support/destroy_field_rune.lua:onCastSpell
[14/8/2012 22:44:32] Description: 
[14/8/2012 22:44:32] (luaDoRemoveItem) Item not found

[14/8/2012 22:44:36] [Error - Spell Interface] 
[14/8/2012 22:44:36] data/spells/scripts/support/destroy_field_rune.lua:onCastSpell
[14/8/2012 22:44:36] Description: 
[14/8/2012 22:44:36] (luaDoRemoveItem) Item not found

[14/8/2012 22:44:42] [Error - Spell Interface] 
[14/8/2012 22:44:42] data/spells/scripts/support/destroy_field_rune.lua:onCastSpell
[14/8/2012 22:44:42] Description: 
[14/8/2012 22:44:42] (luaDoRemoveItem) Item not found

[14/8/2012 22:44:45] [Error - Spell Interface] 
[14/8/2012 22:44:45] data/spells/scripts/support/destroy_field_rune.lua:onCastSpell
[14/8/2012 22:44:45] Description: 
[14/8/2012 22:44:45] (luaDoRemoveItem) Item not found

[14/8/2012 22:44:48] [Error - Spell Interface] 
[14/8/2012 22:44:48] data/spells/scripts/support/destroy_field_rune.lua:onCastSpell
[14/8/2012 22:44:48] Description: 
[14/8/2012 22:44:48] (luaDoRemoveItem) Item not found

[14/8/2012 22:45:30] [Error - NpcScript Interface] 
[14/8/2012 22:45:30] (Unknown script file)
[14/8/2012 22:45:30] Description: 
[14/8/2012 22:45:30] attempt to call a nil value
[14/8/2012 22:45:30] stack traceback:
[14/8/2012 22:45:30] 	[C]: in function 'closeShopWindow'
[14/8/2012 22:45:30] 	data/npc/lib/npcsystem/npchandler.lua:225: in function 'releaseFocus'
[14/8/2012 22:45:30] 	data/npc/lib/npcsystem/npchandler.lua:591: in function 'onWalkAway'
[14/8/2012 22:45:30] 	data/npc/lib/npcsystem/npchandler.lua:523: in function 'onThink'
[14/8/2012 22:45:30] 	data/npc/scripts/game/default.lua:9: in function <data/npc/scripts/game/default.lua:9>

[14/8/2012 23:2:16] [Error - Spell Interface] 
[14/8/2012 23:2:16] data/spells/scripts/support/destroy_field_rune.lua:onCastSpell
[14/8/2012 23:2:16] Description: 
[14/8/2012 23:2:16] (luaDoRemoveItem) Item not found

[14/8/2012 23:2:18] [Error - Spell Interface] 
[14/8/2012 23:2:18] data/spells/scripts/support/destroy_field_rune.lua:onCastSpell
[14/8/2012 23:2:18] Description: 
[14/8/2012 23:2:18] (luaDoRemoveItem) Item not found

[14/8/2012 23:6:10] [Error - Spell Interface] 
[14/8/2012 23:6:10] data/spells/scripts/support/destroy_field_rune.lua:onCastSpell
[14/8/2012 23:6:10] Description: 
[14/8/2012 23:6:10] (luaDoRemoveItem) Item not found

[14/8/2012 23:6:14] [Error - Spell Interface] 
[14/8/2012 23:6:14] data/spells/scripts/support/destroy_field_rune.lua:onCastSpell
[14/8/2012 23:6:14] Description: 
[14/8/2012 23:6:14] (luaDoRemoveItem) Item not found
[14/8/2012 23:11:5] > Saving server...
[14/8/2012 23:11:14] > SAVE: Complete in 8.654 seconds using binary-tilebased house storage.

[14/8/2012 23:11:42] [Error - Spell Interface] 
[14/8/2012 23:11:42] data/spells/scripts/support/destroy_field_rune.lua:onCastSpell
[14/8/2012 23:11:42] Description: 
[14/8/2012 23:11:42] (luaDoRemoveItem) Item not found

[14/8/2012 23:11:44] [Error - Spell Interface] 
[14/8/2012 23:11:44] data/spells/scripts/support/destroy_field_rune.lua:onCastSpell
[14/8/2012 23:11:44] Description: 
[14/8/2012 23:11:44] (luaDoRemoveItem) Item not found

[14/8/2012 23:14:4] [Error - Spell Interface] 
[14/8/2012 23:14:4] data/spells/scripts/support/destroy_field_rune.lua:onCastSpell
[14/8/2012 23:14:4] Description: 
[14/8/2012 23:14:4] (luaDoRemoveItem) Item not found

[14/8/2012 23:27:29] [Error - NpcScript Interface] 
[14/8/2012 23:27:29] (Unknown script file)
[14/8/2012 23:27:29] Description: 
[14/8/2012 23:27:29] attempt to call a nil value
[14/8/2012 23:27:29] stack traceback:
[14/8/2012 23:27:29] 	[C]: in function 'closeShopWindow'
[14/8/2012 23:27:29] 	data/npc/lib/npcsystem/npchandler.lua:225: in function 'releaseFocus'
[14/8/2012 23:27:29] 	data/npc/lib/npcsystem/npchandler.lua:591: in function 'onWalkAway'
[14/8/2012 23:27:29] 	data/npc/lib/npcsystem/npchandler.lua:523: in function 'onThink'
[14/8/2012 23:27:29] 	data/npc/scripts/game/default.lua:9: in function <data/npc/scripts/game/default.lua:9>

[14/8/2012 23:33:22] [Error - NpcScript Interface] 
[14/8/2012 23:33:22] (Unknown script file)
[14/8/2012 23:33:22] Description: 
[14/8/2012 23:33:22] attempt to call a nil value
[14/8/2012 23:33:22] stack traceback:
[14/8/2012 23:33:22] 	[C]: in function 'closeShopWindow'
[14/8/2012 23:33:22] 	data/npc/lib/npcsystem/npchandler.lua:225: in function 'releaseFocus'
[14/8/2012 23:33:22] 	data/npc/lib/npcsystem/npchandler.lua:591: in function 'onWalkAway'
[14/8/2012 23:33:22] 	data/npc/lib/npcsystem/npchandler.lua:523: in function 'onThink'
[14/8/2012 23:33:22] 	data/npc/scripts/game/default.lua:9: in function <data/npc/scripts/game/default.lua:9>

[14/8/2012 23:35:20] [Error - NpcScript Interface] 
[14/8/2012 23:35:20] (Unknown script file)
[14/8/2012 23:35:20] Description: 
[14/8/2012 23:35:20] attempt to call a nil value
[14/8/2012 23:35:20] stack traceback:
[14/8/2012 23:35:20] 	[C]: ?

[14/8/2012 23:37:1] [Error - NpcScript Interface] 
[14/8/2012 23:37:1] (Unknown script file)
[14/8/2012 23:37:1] Description: 
[14/8/2012 23:37:1] attempt to call a nil value
[14/8/2012 23:37:1] stack traceback:
[14/8/2012 23:37:1] 	[C]: in function 'closeShopWindow'
[14/8/2012 23:37:1] 	data/npc/lib/npcsystem/npchandler.lua:225: in function 'releaseFocus'
[14/8/2012 23:37:1] 	data/npc/lib/npcsystem/npchandler.lua:591: in function 'onWalkAway'
[14/8/2012 23:37:1] 	data/npc/lib/npcsystem/npchandler.lua:523: in function 'onThink'
[14/8/2012 23:37:1] 	data/npc/scripts/game/default.lua:9: in function <data/npc/scripts/game/default.lua:9>

[14/8/2012 23:56:12] [Error - NpcScript Interface] 
[14/8/2012 23:56:12] (Unknown script file)
[14/8/2012 23:56:12] Description: 
[14/8/2012 23:56:12] attempt to call a nil value
[14/8/2012 23:56:12] stack traceback:
[14/8/2012 23:56:12] 	[C]: in function 'closeShopWindow'
[14/8/2012 23:56:12] 	data/npc/lib/npcsystem/npchandler.lua:225: in function 'releaseFocus'
[14/8/2012 23:56:12] 	data/npc/lib/npcsystem/npchandler.lua:591: in function 'onWalkAway'
[14/8/2012 23:56:12] 	data/npc/lib/npcsystem/npchandler.lua:523: in function 'onThink'
[14/8/2012 23:56:12] 	data/npc/scripts/game/default.lua:9: in function <data/npc/scripts/game/default.lua:9>

[14/8/2012 23:58:7] [Error - NpcScript Interface] 
[14/8/2012 23:58:7] (Unknown script file)
[14/8/2012 23:58:7] Description: 
[14/8/2012 23:58:7] attempt to call a nil value
[14/8/2012 23:58:7] stack traceback:
[14/8/2012 23:58:7] 	[C]: in function 'closeShopWindow'
[14/8/2012 23:58:7] 	data/npc/lib/npcsystem/npchandler.lua:225: in function 'releaseFocus'
[14/8/2012 23:58:7] 	data/npc/lib/npcsystem/npchandler.lua:591: in function 'onWalkAway'
[14/8/2012 23:58:7] 	data/npc/lib/npcsystem/npchandler.lua:523: in function 'onThink'
[14/8/2012 23:58:7] 	data/npc/scripts/game/default.lua:9: in function <data/npc/scripts/game/default.lua:9>

[15/8/2012 0:3:24] [Error - NpcScript Interface] 
[15/8/2012 0:3:24] (Unknown script file)
[15/8/2012 0:3:24] Description: 
[15/8/2012 0:3:24] attempt to call a nil value
[15/8/2012 0:3:24] stack traceback:
[15/8/2012 0:3:24] 	[C]: in function 'closeShopWindow'
[15/8/2012 0:3:24] 	data/npc/lib/npcsystem/npchandler.lua:225: in function 'releaseFocus'
[15/8/2012 0:3:24] 	data/npc/lib/npcsystem/npchandler.lua:591: in function 'onWalkAway'
[15/8/2012 0:3:24] 	data/npc/lib/npcsystem/npchandler.lua:523: in function 'onThink'
[15/8/2012 0:3:24] 	data/npc/scripts/game/default.lua:9: in function <data/npc/scripts/game/default.lua:9>

[15/8/2012 0:3:50] [Error - NpcScript Interface] 
[15/8/2012 0:3:50] (Unknown script file)
[15/8/2012 0:3:50] Description: 
[15/8/2012 0:3:50] attempt to call a nil value
[15/8/2012 0:3:50] stack traceback:
[15/8/2012 0:3:50] 	[C]: in function 'closeShopWindow'
[15/8/2012 0:3:50] 	data/npc/lib/npcsystem/npchandler.lua:225: in function 'releaseFocus'
[15/8/2012 0:3:50] 	data/npc/lib/npcsystem/npchandler.lua:591: in function 'onWalkAway'
[15/8/2012 0:3:50] 	data/npc/lib/npcsystem/npchandler.lua:523: in function 'onThink'
[15/8/2012 0:3:50] 	data/npc/scripts/game/default.lua:9: in function <data/npc/scripts/game/default.lua:9>

[15/8/2012 0:9:0] [Error - NpcScript Interface] 
[15/8/2012 0:9:0] (Unknown script file)
[15/8/2012 0:9:0] Description: 
[15/8/2012 0:9:0] attempt to call a nil value
[15/8/2012 0:9:0] stack traceback:
[15/8/2012 0:9:0] 	[C]: in function 'closeShopWindow'
[15/8/2012 0:9:0] 	data/npc/lib/npcsystem/npchandler.lua:225: in function 'releaseFocus'
[15/8/2012 0:9:0] 	data/npc/lib/npcsystem/npchandler.lua:591: in function 'onWalkAway'
[15/8/2012 0:9:0] 	data/npc/lib/npcsystem/npchandler.lua:523: in function 'onThink'
[15/8/2012 0:9:0] 	data/npc/scripts/game/bless/bless4.lua:9: in function <data/npc/scripts/game/bless/bless4.lua:9>
[15/8/2012 0:11:5] > Saving server...
[15/8/2012 0:11:15] > SAVE: Complete in 9.71 seconds using binary-tilebased house storage.

[15/8/2012 0:45:42] [Error - NpcScript Interface] 
[15/8/2012 0:45:42] (Unknown script file)
[15/8/2012 0:45:42] Description: 
[15/8/2012 0:45:42] attempt to call a nil value
[15/8/2012 0:45:42] stack traceback:

[15/8/2012 0:49:26] [Error - NpcScript Interface] 
[15/8/2012 0:49:26] (Unknown script file)
[15/8/2012 0:49:26] Description: 
[15/8/2012 0:49:26] attempt to call a nil value
[15/8/2012 0:49:26] stack traceback:
[15/8/2012 0:49:26] 	[C]: in function 'closeShopWindow'
[15/8/2012 0:49:26] 	data/npc/lib/npcsystem/npchandler.lua:225: in function 'releaseFocus'
[15/8/2012 0:49:26] 	data/npc/lib/npcsystem/npchandler.lua:591: in function 'onWalkAway'
[15/8/2012 0:49:26] 	data/npc/lib/npcsystem/npchandler.lua:523: in function 'onThink'
[15/8/2012 0:49:26] 	data/npc/scripts/game/default.lua:9: in function <data/npc/scripts/game/default.lua:9>

[15/8/2012 0:51:39] [Error - NpcScript Interface] 
[15/8/2012 0:51:39] (Unknown script file)
[15/8/2012 0:51:39] Description: 
[15/8/2012 0:51:39] attempt to call a nil value
[15/8/2012 0:51:39] stack traceback:
[15/8/2012 0:51:39] 	[C]: in function 'closeShopWindow'
[15/8/2012 0:51:39] 	data/npc/lib/npcsystem/npchandler.lua:225: in function 'releaseFocus'
[15/8/2012 0:51:39] 	data/npc/lib/npcsystem/npchandler.lua:591: in function 'onWalkAway'
[15/8/2012 0:51:39] 	data/npc/lib/npcsystem/npchandler.lua:523: in function 'onThink'
[15/8/2012 0:51:39] 	data/npc/scripts/game/default.lua:9: in function <data/npc/scripts/game/default.lua:9>

[15/8/2012 0:51:51] [Error - Action Interface] 
[15/8/2012 0:51:51] data/actions/scripts/tools/pick.lua:onUse
[15/8/2012 0:51:51] Description: 
[15/8/2012 0:51:51] (luaGetThingFromPos) Tile not found

[15/8/2012 0:51:53] [Error - NpcScript Interface] 
[15/8/2012 0:51:53] (Unknown script file)
[15/8/2012 0:51:53] Description: 
[15/8/2012 0:51:53] attempt to call a nil value
[15/8/2012 0:51:53] stack traceback:
[15/8/2012 0:51:53] 	[C]: in function 'closeShopWindow'
[15/8/2012 0:51:53] 	data/npc/lib/npcsystem/npchandler.lua:225: in function 'releaseFocus'
[15/8/2012 0:51:53] 	data/npc/lib/npcsystem/npchandler.lua:591: in function 'onWalkAway'
[15/8/2012 0:51:53] 	data/npc/lib/npcsystem/npchandler.lua:523: in function 'onThink'
[15/8/2012 0:51:53] 	data/npc/scripts/game/default.lua:9: in function <data/npc/scripts/game/default.lua:9>

[15/8/2012 0:55:20] [Error - Action Interface] 
[15/8/2012 0:55:20] data/actions/scripts/other/windows.lua:onUse
[15/8/2012 0:55:20] Description: 
[15/8/2012 0:55:20] (luaGetHouseFromPos) Tile not found

[15/8/2012 0:58:52] [Error - NpcScript Interface] 
[15/8/2012 0:58:52] (Unknown script file)
[15/8/2012 0:58:52] Description: 
[15/8/2012 0:58:52] attempt to call a nil value
[15/8/2012 0:58:52] stack traceback:
[15/8/2012 0:58:52] 	[C]: ?

[15/8/2012 0:59:12] [Error - NpcScript Interface] 
[15/8/2012 0:59:12] (Unknown script file)
[15/8/2012 0:59:12] Description: 
[15/8/2012 0:59:12] attempt to call a nil value
[15/8/2012 0:59:12] stack traceback:
[15/8/2012 0:59:12] 	[C]: ?

[15/8/2012 0:59:16] [Error - NpcScript Interface] 
[15/8/2012 0:59:16] (Unknown script file)
[15/8/2012 0:59:16] Description: 
[15/8/2012 0:59:16] attempt to call a nil value
[15/8/2012 0:59:16] stack traceback:
[15/8/2012 0:59:16] 	[C]: ?
[15/8/2012 1:11:5] > Saving server...
[15/8/2012 1:11:11] > SAVE: Complete in 5.968 seconds using binary-tilebased house storage.

[15/8/2012 1:14:37] [Error - NpcScript Interface] 
[15/8/2012 1:14:37] (Unknown script file)
[15/8/2012 1:14:37] Description: 
[15/8/2012 1:14:37] attempt to call a nil value
[15/8/2012 1:14:37] stack traceback:
[15/8/2012 1:14:37] 	[C]: in function 'closeShopWindow'
[15/8/2012 1:14:37] 	data/npc/lib/npcsystem/npchandler.lua:225: in function 'releaseFocus'
[15/8/2012 1:14:37] 	data/npc/lib/npcsystem/npchandler.lua:591: in function 'onWalkAway'
[15/8/2012 1:14:37] 	data/npc/lib/npcsystem/npchandler.lua:523: in function 'onThink'
[15/8/2012 1:14:37] 	data/npc/scripts/game/rashid.lua:9: in function <data/npc/scripts/game/rashid.lua:9>

[15/8/2012 1:16:35] [Error - NpcScript Interface] 
[15/8/2012 1:16:35] (Unknown script file)
[15/8/2012 1:16:35] Description: 
[15/8/2012 1:16:35] attempt to call a nil value
[15/8/2012 1:16:35] stack traceback:
[15/8/2012 1:16:35] 	[C]: in function 'closeShopWindow'
[15/8/2012 1:16:35] 	data/npc/lib/npcsystem/npchandler.lua:225: in function 'releaseFocus'
[15/8/2012 1:16:35] 	data/npc/lib/npcsystem/npchandler.lua:591: in function 'onWalkAway'
[15/8/2012 1:16:35] 	data/npc/lib/npcsystem/npchandler.lua:523: in function 'onThink'
[15/8/2012 1:16:35] 	data/npc/scripts/game/default.lua:9: in function <data/npc/scripts/game/default.lua:9>

[15/8/2012 1:26:52] [Error - NpcScript Interface] 
[15/8/2012 1:26:52] (Unknown script file)
[15/8/2012 1:26:52] Description: 
[15/8/2012 1:26:52] attempt to call a nil value
[15/8/2012 1:26:52] stack traceback:

[15/8/2012 1:59:40] [Error - NpcScript Interface] 
[15/8/2012 1:59:40] (Unknown script file)
[15/8/2012 1:59:40] Description: 
[15/8/2012 1:59:40] attempt to call a nil value
[15/8/2012 1:59:40] stack traceback:
[15/8/2012 2:11:5] > Saving server...
[15/8/2012 2:11:10] > SAVE: Complete in 5.282 seconds using binary-tilebased house storage.

[15/8/2012 2:15:45] [Error - NpcScript Interface] 
[15/8/2012 2:15:45] (Unknown script file)
[15/8/2012 2:15:45] Description: 
[15/8/2012 2:15:45] attempt to call a nil value
[15/8/2012 2:15:45] stack traceback:
[15/8/2012 2:15:45] 	[C]: ?

[15/8/2012 2:16:17] [Error - NpcScript Interface] 
[15/8/2012 2:16:17] (Unknown script file)
[15/8/2012 2:16:17] Description: 
[15/8/2012 2:16:17] attempt to call a nil value
[15/8/2012 2:16:17] stack traceback:
[15/8/2012 2:16:17] 	[C]: ?

[15/8/2012 2:32:23] [Error - NpcScript Interface] 
[15/8/2012 2:32:23] (Unknown script file)
[15/8/2012 2:32:23] Description: 
[15/8/2012 2:32:23] attempt to call a nil value
[15/8/2012 2:32:23] stack traceback:
[15/8/2012 2:32:23] 	[C]: in function 'closeShopWindow'
[15/8/2012 2:32:23] 	data/npc/lib/npcsystem/npchandler.lua:225: in function 'releaseFocus'
[15/8/2012 2:32:23] 	data/npc/lib/npcsystem/npchandler.lua:591: in function 'onWalkAway'
[15/8/2012 2:32:23] 	data/npc/lib/npcsystem/npchandler.lua:523: in function 'onThink'
[15/8/2012 2:32:23] 	data/npc/scripts/game/default.lua:9: in function <data/npc/scripts/game/default.lua:9>
[15/8/2012 3:11:5] > Saving server...
[15/8/2012 3:11:10] > SAVE: Complete in 4.47 seconds using binary-tilebased house storage.

[15/8/2012 3:31:58] [Error - NpcScript Interface] 
[15/8/2012 3:31:58] (Unknown script file)
[15/8/2012 3:31:58] Description: 
[15/8/2012 3:31:58] attempt to call a nil value
[15/8/2012 3:31:58] stack traceback:
[15/8/2012 3:31:58] 	[C]: in function 'closeShopWindow'
[15/8/2012 3:31:58] 	data/npc/lib/npcsystem/npchandler.lua:225: in function 'releaseFocus'
[15/8/2012 3:31:58] 	data/npc/lib/npcsystem/npchandler.lua:591: in function 'onWalkAway'
[15/8/2012 3:31:58] 	data/npc/lib/npcsystem/npchandler.lua:523: in function 'onThink'
[15/8/2012 3:31:58] 	data/npc/scripts/game/default.lua:9: in function <data/npc/scripts/game/default.lua:9>

[15/8/2012 3:50:23] [Error - Action Interface] 
[15/8/2012 3:50:23] data/actions/scripts/game/koshei.lua:onUse
[15/8/2012 3:50:23] Description: 
[15/8/2012 3:50:23] (luaGetItemAttribute) Item not found

[15/8/2012 3:51:33] [Error - Action Interface] 
[15/8/2012 3:51:33] data/actions/scripts/game/koshei.lua:onUse
[15/8/2012 3:51:33] Description: 
[15/8/2012 3:51:33] (luaGetItemAttribute) Item not found
[15/8/2012 4:11:5] > Saving server...
[15/8/2012 4:11:9] > SAVE: Complete in 4.041 seconds using binary-tilebased house storage.
[15/8/2012 4:19:51] > Broadcasted message: "É possivel ouvir fortes rugidos vindos de Quendor...".
[15/8/2012 4:20:51] > Broadcasted message: "Dragões de fogo estão sobrevoando Quendor!".
[15/8/2012 4:21:31] > Broadcasted message: "Dragoes poem Quendor em chamas!".

[15/8/2012 4:30:54] [Error - NpcScript Interface] 
[15/8/2012 4:30:54] (Unknown script file)
[15/8/2012 4:30:54] Description: 
[15/8/2012 4:30:54] attempt to call a nil value
[15/8/2012 4:30:54] stack traceback:
[15/8/2012 4:30:54] 	[C]: ?

[15/8/2012 4:41:45] [Error - NpcScript Interface] 
[15/8/2012 4:41:45] (Unknown script file)
[15/8/2012 4:41:45] Description: 
[15/8/2012 4:41:45] attempt to call a nil value
[15/8/2012 4:41:45] stack traceback:
[15/8/2012 5:11:5] > Saving server...
[15/8/2012 5:11:8] > SAVE: Complete in 3.064 seconds using binary-tilebased house storage.

[15/8/2012 5:49:11] [Error - NpcScript Interface] 
[15/8/2012 5:49:11] (Unknown script file)
[15/8/2012 5:49:11] Description: 
[15/8/2012 5:49:11] attempt to call a nil value
[15/8/2012 5:49:11] stack traceback:
[15/8/2012 5:49:11] 	[C]: in function 'closeShopWindow'
[15/8/2012 5:49:11] 	data/npc/lib/npcsystem/npchandler.lua:225: in function 'releaseFocus'
[15/8/2012 5:49:11] 	data/npc/lib/npcsystem/npchandler.lua:591: in function 'onWalkAway'
[15/8/2012 5:49:11] 	data/npc/lib/npcsystem/npchandler.lua:523: in function 'onThink'
[15/8/2012 5:49:11] 	data/npc/scripts/game/default.lua:9: in function <data/npc/scripts/game/default.lua:9>

[15/8/2012 5:55:4] [Error - NpcScript Interface] 
[15/8/2012 5:55:4] (Unknown script file)
[15/8/2012 5:55:4] Description: 
[15/8/2012 5:55:4] attempt to call a nil value
[15/8/2012 5:55:4] stack traceback:
[15/8/2012 5:55:4] 	[C]: in function 'closeShopWindow'
[15/8/2012 5:55:4] 	data/npc/lib/npcsystem/npchandler.lua:225: in function 'releaseFocus'
[15/8/2012 5:55:4] 	data/npc/lib/npcsystem/npchandler.lua:591: in function 'onWalkAway'
[15/8/2012 5:55:4] 	data/npc/lib/npcsystem/npchandler.lua:523: in function 'onThink'
[15/8/2012 5:55:4] 	data/npc/scripts/game/default.lua:9: in function <data/npc/scripts/game/default.lua:9>
[15/8/2012 6:11:5] > Saving server...
[15/8/2012 6:11:8] > SAVE: Complete in 2.823 seconds using binary-tilebased house storage.
[15/8/2012 7:11:5] > Saving server...
[15/8/2012 7:11:9] > SAVE: Complete in 3.843 seconds using binary-tilebased house storage.

[15/8/2012 8:5:37] [Error - NpcScript Interface] 
[15/8/2012 8:5:37] (Unknown script file)
[15/8/2012 8:5:37] Description: 
[15/8/2012 8:5:37] attempt to call a nil value
[15/8/2012 8:5:37] stack traceback:
[15/8/2012 8:11:5] > Saving server...
[15/8/2012 8:11:10] > SAVE: Complete in 4.535 seconds using binary-tilebased house storage.

[15/8/2012 8:16:2] [Error - NpcScript Interface] 
[15/8/2012 8:16:2] (Unknown script file)
[15/8/2012 8:16:2] Description: 
[15/8/2012 8:16:2] attempt to call a nil value
[15/8/2012 8:16:2] stack traceback:
[15/8/2012 8:16:2] 	[C]: in function 'closeShopWindow'
[15/8/2012 8:16:2] 	data/npc/lib/npcsystem/npchandler.lua:225: in function 'releaseFocus'
[15/8/2012 8:16:2] 	data/npc/lib/npcsystem/npchandler.lua:591: in function 'onWalkAway'
[15/8/2012 8:16:2] 	data/npc/lib/npcsystem/npchandler.lua:523: in function 'onThink'
[15/8/2012 8:16:2] 	data/npc/scripts/game/default.lua:9: in function <data/npc/scripts/game/default.lua:9>
[15/8/2012 8:21:18] [Warning - Protocol::RSA_decrypt] Not valid packet size (IP: 186.198.65.177)

[15/8/2012 8:26:39] [Error - NpcScript Interface] 
[15/8/2012 8:26:39] (Unknown script file)
[15/8/2012 8:26:39] Description: 
[15/8/2012 8:26:39] attempt to call a nil value
[15/8/2012 8:26:39] stack traceback:

[15/8/2012 8:27:1] [Error - NpcScript Interface] 
[15/8/2012 8:27:1] (Unknown script file)
[15/8/2012 8:27:1] Description: 
[15/8/2012 8:27:1] attempt to call a nil value
[15/8/2012 8:27:1] stack traceback:
[15/8/2012 8:27:1] 	[C]: in function 'closeShopWindow'
[15/8/2012 8:27:1] 	data/npc/lib/npcsystem/npchandler.lua:225: in function 'releaseFocus'
[15/8/2012 8:27:1] 	data/npc/lib/npcsystem/npchandler.lua:591: in function 'onWalkAway'
[15/8/2012 8:27:1] 	data/npc/lib/npcsystem/npchandler.lua:523: in function 'onThink'
[15/8/2012 8:27:1] 	data/npc/scripts/game/blacksmith.lua:9: in function <data/npc/scripts/game/blacksmith.lua:9>
[15/8/2012 9:11:5] > Saving server...
[15/8/2012 9:11:10] > SAVE: Complete in 4.863 seconds using binary-tilebased house storage.

[15/8/2012 9:29:47] [Error - NpcScript Interface] 
[15/8/2012 9:29:47] (Unknown script file)
[15/8/2012 9:29:47] Description: 
[15/8/2012 9:29:47] attempt to call a nil value
[15/8/2012 9:29:47] stack traceback:
[15/8/2012 9:29:47] 	[C]: in function 'closeShopWindow'
[15/8/2012 9:29:47] 	data/npc/lib/npcsystem/npchandler.lua:225: in function 'releaseFocus'
[15/8/2012 9:29:47] 	data/npc/lib/npcsystem/npchandler.lua:591: in function 'onWalkAway'
[15/8/2012 9:29:47] 	data/npc/lib/npcsystem/npchandler.lua:523: in function 'onThink'
[15/8/2012 9:29:47] 	data/npc/scripts/game/default.lua:9: in function <data/npc/scripts/game/default.lua:9>

[15/8/2012 9:30:59] [Error - NpcScript Interface] 
[15/8/2012 9:30:59] (Unknown script file)
[15/8/2012 9:30:59] Description: 
[15/8/2012 9:30:59] attempt to call a nil value
[15/8/2012 9:30:59] stack traceback:
[15/8/2012 9:30:59] 	[C]: in function 'closeShopWindow'
[15/8/2012 9:30:59] 	data/npc/lib/npcsystem/npchandler.lua:225: in function 'releaseFocus'
[15/8/2012 9:30:59] 	data/npc/lib/npcsystem/npchandler.lua:591: in function 'onWalkAway'
[15/8/2012 9:30:59] 	data/npc/lib/npcsystem/npchandler.lua:523: in function 'onThink'
[15/8/2012 9:30:59] 	data/npc/scripts/game/default.lua:9: in function <data/npc/scripts/game/default.lua:9>

[15/8/2012 9:37:48] [Error - NpcScript Interface] 
[15/8/2012 9:37:48] (Unknown script file)
[15/8/2012 9:37:48] Description: 
[15/8/2012 9:37:48] attempt to call a nil value
[15/8/2012 9:37:48] stack traceback:
[15/8/2012 9:37:48] 	[C]: in function 'closeShopWindow'
[15/8/2012 9:37:48] 	data/npc/lib/npcsystem/npchandler.lua:225: in function 'releaseFocus'
[15/8/2012 9:37:48] 	data/npc/lib/npcsystem/npchandler.lua:591: in function 'onWalkAway'
[15/8/2012 9:37:48] 	data/npc/lib/npcsystem/npchandler.lua:523: in function 'onThink'
[15/8/2012 9:37:48] 	data/npc/scripts/game/default.lua:9: in function <data/npc/scripts/game/default.lua:9>
[15/8/2012 10:0:16] > Paying houses...
[15/8/2012 10:0:17] Houses paid in 0.917 seconds.
[15/8/2012 10:0:17] > Saving server...
[15/8/2012 10:0:18] > SAVE: Complete in 0.56 seconds using binary-tilebased house storage.
[15/8/2012 10:0:18] Preparing to shutdown the server- done.
