[15/7/2012 19:59:42] > Using MD5 encryption
[15/7/2012 19:59:42] >> Loading RSA key
[15/7/2012 19:59:42] >> Starting SQL connection

[15/7/2012 19:59:42] > WARNING: Outdated MySQL server detected, consider upgrading to a newer version.
[15/7/2012 19:59:42] >> Running Database Manager
[15/7/2012 19:59:42] >> Loading items (OTB)
[15/7/2012 19:59:42] >> Loading items (XML)
[15/7/2012 19:59:42] [Warning - Items::loadFromXml] Unknown key value blocksolid
[15/7/2012 19:59:42] [Warning - Items::loadFromXml] Unknown key value blocksolid
[15/7/2012 19:59:43] >> Loading groups
[15/7/2012 19:59:43] >> Loading vocations
[15/7/2012 19:59:43] >> Loading outfits
[15/7/2012 19:59:43] >> Loading chat channels
[15/7/2012 19:59:43] >> Loading script systems
[15/7/2012 19:59:44] [Warning - Event::loadScript] Event onTime not found (data/globalevents/scripts/clean.lua)
[15/7/2012 19:59:44] >> Loading mods...
[15/7/2012 19:59:44] > 0 mods were loaded.
[15/7/2012 19:59:44] >> Loading experience stages
[15/7/2012 19:59:44] >> Loading monsters
[15/7/2012 19:59:45] >> Loading map and spawns...
[15/7/2012 19:59:46] > Map size: 5000x5000.
[15/7/2012 19:59:46] > Map descriptions: 
[15/7/2012 19:59:46] "Saved with Remere's Map Editor 2.1"
[15/7/2012 19:59:46] "SimOne MapEditor 0.5.5"
[15/7/2012 19:59:46] [Warning - IOMap::loadMap] Movable item in house: 517, item type: 2741, pos 1070/1121/6
[15/7/2012 19:59:46] [Warning - IOMap::loadMap] Movable item in house: 518, item type: 2741, pos 1070/1129/6
[15/7/2012 19:59:46] [Warning - IOMap::loadMap] Movable item in house: 517, item type: 2741, pos 1073/1121/6
[15/7/2012 19:59:46] [Warning - IOMap::loadMap] Movable item in house: 518, item type: 2741, pos 1073/1129/6
[15/7/2012 19:59:47] Duplicate uniqueId 6401
[15/7/2012 19:59:47] Duplicate uniqueId 6401
[15/7/2012 19:59:48] Duplicate uniqueId 6401
[15/7/2012 19:59:48] Duplicate uniqueId 6401
[15/7/2012 19:59:48] Duplicate uniqueId 6401
[15/7/2012 19:59:48] Duplicate uniqueId 6401
[15/7/2012 19:59:49] Duplicate uniqueId 6401
[15/7/2012 19:59:49] Duplicate uniqueId 6401
[15/7/2012 19:59:50] Duplicate uniqueId 2004
[15/7/2012 19:59:50] Duplicate uniqueId 2005
[15/7/2012 19:59:50] Duplicate uniqueId 2006
[15/7/2012 19:59:50] Duplicate uniqueId 2007
[15/7/2012 19:59:52] Duplicate uniqueId 6401
[15/7/2012 19:59:52] Duplicate uniqueId 6401
[15/7/2012 19:59:52] Duplicate uniqueId 6401
[15/7/2012 19:59:52] Duplicate uniqueId 6400
[15/7/2012 19:59:52] Duplicate uniqueId 6401
[15/7/2012 19:59:52] Duplicate uniqueId 2056
[15/7/2012 19:59:52] Duplicate uniqueId 2057
[15/7/2012 19:59:52] Duplicate uniqueId 2058
[15/7/2012 19:59:52] Duplicate uniqueId 2051
[15/7/2012 19:59:52] Duplicate uniqueId 2052
[15/7/2012 19:59:52] Duplicate uniqueId 2053
[15/7/2012 19:59:52] Duplicate uniqueId 2054
[15/7/2012 19:59:53] > Map loading time: 7.806 seconds.
[15/7/2012 19:59:53] [Spawn::addMonster] Cannot find "Butterfly"
[15/7/2012 19:59:53] [Spawn::addMonster] Cannot find "Butterfly"
[15/7/2012 19:59:54] > Data parsing time: 0.969 seconds.
[15/7/2012 20:0:17] > Houses synchronization time: 23.928 seconds.
[15/7/2012 20:0:18] > Content unserialization time: 0.268 seconds.
[15/7/2012 20:0:18] >> Checking world type... Open PvP
[15/7/2012 20:0:18] >> Initializing game state and binding services...
[15/7/2012 20:0:21] > Global IP address: 184.173.128.212
[15/7/2012 20:0:21] > Bound ports: 7577	7578	
[15/7/2012 20:0:21] >> Everything smells good, server is starting up...
[15/7/2012 20:0:21] [DDOS EMERGENCY] Enabled
>> UltraX server Online!
[15/7/2012 20:0:21] [DDOS EMERGENCY] Enabled
>> UltraX server Online!

[15/7/2012 20:20:38] [Error - NpcScript Interface] 
[15/7/2012 20:20:38] (Unknown script file)
[15/7/2012 20:20:38] Description: 
[15/7/2012 20:20:38] attempt to call a nil value
[15/7/2012 20:20:38] stack traceback:
[15/7/2012 20:20:38] 	[C]: in function 'closeShopWindow'
[15/7/2012 20:20:38] 	data/npc/lib/npcsystem/npchandler.lua:225: in function 'releaseFocus'
[15/7/2012 20:20:38] 	data/npc/lib/npcsystem/npchandler.lua:591: in function 'onWalkAway'
[15/7/2012 20:20:38] 	data/npc/lib/npcsystem/npchandler.lua:523: in function 'onThink'
[15/7/2012 20:20:38] 	data/npc/scripts/game/default.lua:9: in function <data/npc/scripts/game/default.lua:9>

[15/7/2012 20:22:24] [Error - NpcScript Interface] 
[15/7/2012 20:22:24] (Unknown script file)
[15/7/2012 20:22:24] Description: 
[15/7/2012 20:22:24] attempt to call a nil value
[15/7/2012 20:22:24] stack traceback:
[15/7/2012 20:22:24] 	[C]: in function 'closeShopWindow'
[15/7/2012 20:22:24] 	data/npc/lib/npcsystem/npchandler.lua:225: in function 'releaseFocus'
[15/7/2012 20:22:24] 	data/npc/lib/npcsystem/npchandler.lua:591: in function 'onWalkAway'
[15/7/2012 20:22:24] 	data/npc/lib/npcsystem/npchandler.lua:523: in function 'onThink'
[15/7/2012 20:22:24] 	data/npc/scripts/game/default.lua:9: in function <data/npc/scripts/game/default.lua:9>

[15/7/2012 20:23:12] [Error - NpcScript Interface] 
[15/7/2012 20:23:12] (Unknown script file)
[15/7/2012 20:23:12] Description: 
[15/7/2012 20:23:12] attempt to call a nil value
[15/7/2012 20:23:12] stack traceback:
