[17/8/2012 10:9:2] > Using MD5 encryption
[17/8/2012 10:9:2] >> Loading RSA key
[17/8/2012 10:9:2] >> Starting SQL connection

[17/8/2012 10:9:2] > WARNING: Outdated MySQL server detected, consider upgrading to a newer version.
[17/8/2012 10:9:2] >> Running Database Manager
[17/8/2012 10:9:2] >> Loading items (OTB)
[17/8/2012 10:9:2] >> Loading items (XML)
[17/8/2012 10:9:2] [Warning - Items::loadFromXml] Unknown key value blocksolid
[17/8/2012 10:9:2] [Warning - Items::loadFromXml] Unknown key value blocksolid
[17/8/2012 10:9:2] >> Loading groups
[17/8/2012 10:9:2] >> Loading vocations
[17/8/2012 10:9:2] >> Loading outfits
[17/8/2012 10:9:2] >> Loading chat channels
[17/8/2012 10:9:2] >> Loading script systems
[17/8/2012 10:9:4] [Warning - Event::loadScript] Event onTime not found (data/globalevents/scripts/clean.lua)
[17/8/2012 10:9:4] >> Loading mods...
[17/8/2012 10:9:4] > 0 mods were loaded.
[17/8/2012 10:9:4] >> Loading experience stages
[17/8/2012 10:9:4] >> Loading monsters
[17/8/2012 10:9:5] [Warning - Monsters::deserializeSpell] Frost Dragon - Unknown areaEffect: smallice
[17/8/2012 10:9:6] >> Loading map and spawns...
[17/8/2012 10:9:10] > Map size: 5000x5000.
[17/8/2012 10:9:10] > Map descriptions: 
[17/8/2012 10:9:10] "Saved with Remere's Map Editor 2.2"
[17/8/2012 10:9:10] "SimOne MapEditor 0.5.5"
[17/8/2012 10:9:11] [Warning - IOMap::loadMap] Movable item in house: 517, item type: 2741, pos 1070/1121/6
[17/8/2012 10:9:11] [Warning - IOMap::loadMap] Movable item in house: 518, item type: 2741, pos 1070/1129/6
[17/8/2012 10:9:11] [Warning - IOMap::loadMap] Movable item in house: 517, item type: 2741, pos 1073/1121/6
[17/8/2012 10:9:11] [Warning - IOMap::loadMap] Movable item in house: 518, item type: 2741, pos 1073/1129/6
[17/8/2012 10:9:12] Duplicate uniqueId 6401
[17/8/2012 10:9:12] Duplicate uniqueId 6401
[17/8/2012 10:9:15] Duplicate uniqueId 6401
[17/8/2012 10:9:15] Duplicate uniqueId 6401
[17/8/2012 10:9:15] Duplicate uniqueId 6401
[17/8/2012 10:9:15] Duplicate uniqueId 6401
[17/8/2012 10:9:20] Duplicate uniqueId 6401
[17/8/2012 10:9:20] Duplicate uniqueId 6401
[17/8/2012 10:9:22] Duplicate uniqueId 2004
[17/8/2012 10:9:22] Duplicate uniqueId 2005
[17/8/2012 10:9:22] Duplicate uniqueId 2006
[17/8/2012 10:9:22] Duplicate uniqueId 2007
[17/8/2012 10:9:26] Duplicate uniqueId 6401
[17/8/2012 10:9:26] Duplicate uniqueId 6401
[17/8/2012 10:9:26] Duplicate uniqueId 6401
[17/8/2012 10:9:27] Duplicate uniqueId 6400
[17/8/2012 10:9:27] Duplicate uniqueId 6401
[17/8/2012 10:9:27] Duplicate uniqueId 2056
[17/8/2012 10:9:27] Duplicate uniqueId 2057
[17/8/2012 10:9:27] Duplicate uniqueId 2058
[17/8/2012 10:9:27] Duplicate uniqueId 2051
[17/8/2012 10:9:27] Duplicate uniqueId 2052
[17/8/2012 10:9:27] Duplicate uniqueId 2053
[17/8/2012 10:9:27] Duplicate uniqueId 2054
[17/8/2012 10:9:27] > Map loading time: 21.241 seconds.
[17/8/2012 10:9:28] [Spawn::addMonster] Cannot find "Butterfly"
[17/8/2012 10:9:28] [Spawn::addMonster] Cannot find "Butterfly"
[17/8/2012 10:9:29] > Data parsing time: 1.314 seconds.
[17/8/2012 10:9:45] > Houses synchronization time: 16.017 seconds.
[17/8/2012 10:9:45] > Content unserialization time: 0.147 seconds.
[17/8/2012 10:9:45] >> Checking world type... Open PvP
[17/8/2012 10:9:45] >> Initializing game state and binding services...
[17/8/2012 10:9:47] > Global IP address: 184.173.128.212
[17/8/2012 10:9:47] > Bound ports: 7577	7578	9215	
[17/8/2012 10:9:47] >> Everything smells good, server is starting up...
[17/8/2012 10:9:47] [DDOS EMERGENCY] Enabled
[17/8/2012 10:9:47] [DDOS EMERGENCY] Enabled


[17/8/2012 10:35:47] [Error - Action Interface] 
[17/8/2012 10:35:47] data/actions/scripts/other/windows.lua:onUse
[17/8/2012 10:35:47] Description: 
[17/8/2012 10:35:47] (luaGetHouseFromPos) Tile not found

[17/8/2012 10:35:48] [Error - Action Interface] 
[17/8/2012 10:35:48] data/actions/scripts/other/windows.lua:onUse
[17/8/2012 10:35:48] Description: 
[17/8/2012 10:35:48] (luaGetHouseFromPos) Tile not found

[17/8/2012 10:35:54] [Error - Action Interface] 
[17/8/2012 10:35:54] data/actions/scripts/other/windows.lua:onUse
[17/8/2012 10:35:54] Description: 
[17/8/2012 10:35:54] (luaGetHouseFromPos) Tile not found

[17/8/2012 10:39:27] [Error - NpcScript Interface] 
[17/8/2012 10:39:27] (Unknown script file)
[17/8/2012 10:39:27] Description: 
[17/8/2012 10:39:27] attempt to call a nil value
[17/8/2012 10:39:27] stack traceback:
[17/8/2012 10:39:27] 	[C]: ?

[17/8/2012 11:3:54] [Error - Action Interface] 
[17/8/2012 11:3:54] data/actions/scripts/tools/rope.lua:onUse
[17/8/2012 11:3:54] Description: 
[17/8/2012 11:3:54] (luaGetThingFromPos) Tile not found

[17/8/2012 11:3:58] [Error - Action Interface] 
[17/8/2012 11:3:58] data/actions/scripts/tools/rope.lua:onUse
[17/8/2012 11:3:58] Description: 
[17/8/2012 11:3:58] (luaGetThingFromPos) Tile not found

[17/8/2012 11:4:3] [Error - Action Interface] 
[17/8/2012 11:4:3] data/actions/scripts/tools/rope.lua:onUse
[17/8/2012 11:4:3] Description: 
[17/8/2012 11:4:3] (luaGetThingFromPos) Tile not found

[17/8/2012 11:4:7] [Error - Action Interface] 
[17/8/2012 11:4:7] data/actions/scripts/tools/rope.lua:onUse
[17/8/2012 11:4:7] Description: 
[17/8/2012 11:4:7] (luaGetThingFromPos) Tile not found

[17/8/2012 11:4:20] [Error - Action Interface] 
[17/8/2012 11:4:20] data/actions/scripts/tools/rope.lua:onUse
[17/8/2012 11:4:20] Description: 
[17/8/2012 11:4:20] (luaGetThingFromPos) Tile not found

[17/8/2012 11:4:25] [Error - Action Interface] 
[17/8/2012 11:4:25] data/actions/scripts/tools/rope.lua:onUse
[17/8/2012 11:4:25] Description: 
[17/8/2012 11:4:25] (luaGetThingFromPos) Tile not found

[17/8/2012 11:4:55] [Error - Action Interface] 
[17/8/2012 11:4:55] data/actions/scripts/tools/rope.lua:onUse
[17/8/2012 11:4:55] Description: 
[17/8/2012 11:4:55] (luaGetThingFromPos) Tile not found

[17/8/2012 11:4:58] [Error - Action Interface] 
[17/8/2012 11:4:58] data/actions/scripts/tools/rope.lua:onUse
[17/8/2012 11:4:58] Description: 
[17/8/2012 11:4:58] (luaGetThingFromPos) Tile not found

[17/8/2012 11:5:2] [Error - Action Interface] 
[17/8/2012 11:5:2] data/actions/scripts/tools/rope.lua:onUse
[17/8/2012 11:5:2] Description: 
[17/8/2012 11:5:2] (luaGetThingFromPos) Tile not found

[17/8/2012 11:5:5] [Error - Action Interface] 
[17/8/2012 11:5:5] data/actions/scripts/tools/rope.lua:onUse
[17/8/2012 11:5:5] Description: 
[17/8/2012 11:5:5] (luaGetThingFromPos) Tile not found

[17/8/2012 11:5:6] [Error - NpcScript Interface] 
[17/8/2012 11:5:6] (Unknown script file)
[17/8/2012 11:5:6] Description: 
[17/8/2012 11:5:6] attempt to call a nil value
[17/8/2012 11:5:6] stack traceback:
[17/8/2012 11:5:6] 	[C]: in function 'closeShopWindow'
[17/8/2012 11:5:6] 	data/npc/lib/npcsystem/npchandler.lua:225: in function 'releaseFocus'
[17/8/2012 11:5:6] 	data/npc/lib/npcsystem/npchandler.lua:363: in function 'unGreet'
[17/8/2012 11:5:6] 	data/npc/lib/npcsystem/npchandler.lua:576: in function 'onFarewell'
[17/8/2012 11:5:6] 	data/npc/lib/npcsystem/modules.lua:251: in function 'callback'
[17/8/2012 11:5:6] 	data/npc/lib/npcsystem/keywordhandler.lua:41: in function 'processMessage'
[17/8/2012 11:5:6] 	data/npc/lib/npcsystem/keywordhandler.lua:181: in function 'processNodeMessage'
[17/8/2012 11:5:6] 	data/npc/lib/npcsystem/keywordhandler.lua:140: in function 'processMessage'
[17/8/2012 11:5:6] 	data/npc/lib/npcsystem/npchandler.lua:423: in function 'onCreatureSay'
[17/8/2012 11:5:6] 	data/npc/scripts/game/default.lua:8: in function <data/npc/scripts/game/default.lua:8>

[17/8/2012 11:5:9] [Error - Action Interface] 
[17/8/2012 11:5:9] data/actions/scripts/tools/rope.lua:onUse
[17/8/2012 11:5:9] Description: 
[17/8/2012 11:5:9] (luaGetThingFromPos) Tile not found

[17/8/2012 11:8:17] [Error - NpcScript Interface] 
[17/8/2012 11:8:17] (Unknown script file)
[17/8/2012 11:8:17] Description: 
[17/8/2012 11:8:17] attempt to call a nil value
[17/8/2012 11:8:17] stack traceback:
[17/8/2012 11:8:17] 	[C]: in function 'closeShopWindow'
[17/8/2012 11:8:17] 	data/npc/lib/npcsystem/npchandler.lua:225: in function 'releaseFocus'
[17/8/2012 11:8:17] 	data/npc/lib/npcsystem/npchandler.lua:591: in function 'onWalkAway'
[17/8/2012 11:8:17] 	data/npc/lib/npcsystem/npchandler.lua:523: in function 'onThink'
[17/8/2012 11:8:17] 	data/npc/scripts/game/default.lua:9: in function <data/npc/scripts/game/default.lua:9>
[17/8/2012 11:11:4] > Saving server...
[17/8/2012 11:11:8] > SAVE: Complete in 3.861 seconds using binary-tilebased house storage.

[17/8/2012 11:47:45] [Error - NpcScript Interface] 
[17/8/2012 11:47:45] (Unknown script file)
[17/8/2012 11:47:45] Description: 
[17/8/2012 11:47:45] attempt to call a nil value
[17/8/2012 11:47:45] stack traceback:

[17/8/2012 11:53:24] [Error - NpcScript Interface] 
[17/8/2012 11:53:24] (Unknown script file)
[17/8/2012 11:53:24] Description: 
[17/8/2012 11:53:24] attempt to call a nil value
[17/8/2012 11:53:24] stack traceback:

[17/8/2012 11:54:57] [Error - NpcScript Interface] 
[17/8/2012 11:54:57] (Unknown script file)
[17/8/2012 11:54:57] Description: 
[17/8/2012 11:54:57] attempt to call a nil value
[17/8/2012 11:54:57] stack traceback:

[17/8/2012 11:59:3] [Error - NpcScript Interface] 
[17/8/2012 11:59:3] (Unknown script file)
[17/8/2012 11:59:3] Description: 
[17/8/2012 11:59:3] attempt to call a nil value
[17/8/2012 11:59:3] stack traceback:
[17/8/2012 11:59:3] 	[C]: in function 'closeShopWindow'
[17/8/2012 11:59:3] 	data/npc/lib/npcsystem/npchandler.lua:225: in function 'releaseFocus'
[17/8/2012 11:59:3] 	data/npc/lib/npcsystem/npchandler.lua:591: in function 'onWalkAway'
[17/8/2012 11:59:3] 	data/npc/lib/npcsystem/npchandler.lua:523: in function 'onThink'
[17/8/2012 11:59:3] 	data/npc/scripts/game/rashid.lua:9: in function <data/npc/scripts/game/rashid.lua:9>

[17/8/2012 12:0:28] [Error - NpcScript Interface] 
[17/8/2012 12:0:28] (Unknown script file)
[17/8/2012 12:0:28] Description: 
[17/8/2012 12:0:28] attempt to call a nil value
[17/8/2012 12:0:28] stack traceback:
[17/8/2012 12:0:28] 	[C]: in function 'closeShopWindow'
[17/8/2012 12:0:28] 	data/npc/lib/npcsystem/npchandler.lua:225: in function 'releaseFocus'
[17/8/2012 12:0:28] 	data/npc/lib/npcsystem/npchandler.lua:591: in function 'onWalkAway'
[17/8/2012 12:0:28] 	data/npc/lib/npcsystem/npchandler.lua:523: in function 'onThink'
[17/8/2012 12:0:28] 	data/npc/scripts/game/default.lua:9: in function <data/npc/scripts/game/default.lua:9>

[17/8/2012 12:5:28] [Error - NpcScript Interface] 
[17/8/2012 12:5:28] (Unknown script file)
[17/8/2012 12:5:28] Description: 
[17/8/2012 12:5:28] attempt to call a nil value
[17/8/2012 12:5:28] stack traceback:
[17/8/2012 12:5:28] 	[C]: in function 'closeShopWindow'
[17/8/2012 12:5:28] 	data/npc/lib/npcsystem/npchandler.lua:225: in function 'releaseFocus'
[17/8/2012 12:5:28] 	data/npc/lib/npcsystem/npchandler.lua:591: in function 'onWalkAway'
[17/8/2012 12:5:28] 	data/npc/lib/npcsystem/npchandler.lua:523: in function 'onThink'
[17/8/2012 12:5:28] 	data/npc/scripts/game/default.lua:9: in function <data/npc/scripts/game/default.lua:9>
[17/8/2012 12:11:4] > Saving server...
[17/8/2012 12:11:9] > SAVE: Complete in 5.185 seconds using binary-tilebased house storage.

[17/8/2012 12:11:45] [Error - MoveEvents Interface] 
[17/8/2012 12:11:45] In a timer event called from: 
[17/8/2012 12:11:45] data/movements/scripts/game/teleport.lua:onStepIn
[17/8/2012 12:11:45] Description: 
[17/8/2012 12:11:45] (luaDoPlayerSendTextMessage) Player not found

[17/8/2012 12:11:45] [Error - MoveEvents Interface] 
[17/8/2012 12:11:45] In a timer event called from: 
[17/8/2012 12:11:45] data/movements/scripts/game/teleport.lua:onStepIn
[17/8/2012 12:11:45] Description: 
[17/8/2012 12:11:45] (luaDoTeleportThing) Thing not found

[17/8/2012 12:11:45] [Error - MoveEvents Interface] 
[17/8/2012 12:11:45] In a timer event called from: 
[17/8/2012 12:11:45] data/movements/scripts/game/teleport.lua:onStepIn
[17/8/2012 12:11:45] Description: 
[17/8/2012 12:11:45] (luaGetThingPosition) Thing not found

[17/8/2012 12:11:45] [Error - MoveEvents Interface] 
[17/8/2012 12:11:45] In a timer event called from: 
[17/8/2012 12:11:45] data/movements/scripts/game/teleport.lua:onStepIn
[17/8/2012 12:11:45] Description: 
[17/8/2012 12:11:45] (luaGetCreatureStorage) Creature not found

[17/8/2012 12:11:45] [Error - MoveEvents Interface] 
[17/8/2012 12:11:45] In a timer event called from: 
[17/8/2012 12:11:45] data/movements/scripts/game/teleport.lua:onStepIn
[17/8/2012 12:11:45] Description: 
[17/8/2012 12:11:45] (luaGetCreatureStorage) Creature not found

[17/8/2012 12:11:45] [Error - MoveEvents Interface] 
[17/8/2012 12:11:45] In a timer event called from: 
[17/8/2012 12:11:45] data/movements/scripts/game/teleport.lua:onStepIn
[17/8/2012 12:11:45] Description: 
[17/8/2012 12:11:45] data/lib/darghos/arena.lua:138: attempt to index field '?' (a nil value)
[17/8/2012 12:11:45] stack traceback:
[17/8/2012 12:11:45] 	data/lib/darghos/arena.lua:138: in function 'onLeave'
[17/8/2012 12:11:45] 	data/lib/darghos/arena.lua:186: in function <data/lib/darghos/arena.lua:181>

[17/8/2012 12:11:51] [Error - NpcScript Interface] 
[17/8/2012 12:11:51] (Unknown script file)
[17/8/2012 12:11:51] Description: 
[17/8/2012 12:11:51] attempt to call a nil value
[17/8/2012 12:11:51] stack traceback:

[17/8/2012 12:16:43] [Error - NpcScript Interface] 
[17/8/2012 12:16:43] (Unknown script file)
[17/8/2012 12:16:43] Description: 
[17/8/2012 12:16:43] attempt to call a nil value
[17/8/2012 12:16:43] stack traceback:
[17/8/2012 12:16:43] 	[C]: ?

[17/8/2012 12:25:38] [Error - NpcScript Interface] 
[17/8/2012 12:25:38] (Unknown script file)
[17/8/2012 12:25:38] Description: 
[17/8/2012 12:25:38] attempt to call a nil value
[17/8/2012 12:25:38] stack traceback:
[17/8/2012 12:25:38] 	[C]: in function 'closeShopWindow'
[17/8/2012 12:25:38] 	data/npc/lib/npcsystem/npchandler.lua:225: in function 'releaseFocus'
[17/8/2012 12:25:38] 	data/npc/lib/npcsystem/npchandler.lua:591: in function 'onWalkAway'
[17/8/2012 12:25:38] 	data/npc/lib/npcsystem/npchandler.lua:523: in function 'onThink'
[17/8/2012 12:25:38] 	data/npc/scripts/game/bless/bless4.lua:9: in function <data/npc/scripts/game/bless/bless4.lua:9>

[17/8/2012 12:28:55] [Error - NpcScript Interface] 
[17/8/2012 12:28:55] (Unknown script file)
[17/8/2012 12:28:55] Description: 
[17/8/2012 12:28:55] attempt to call a nil value
[17/8/2012 12:28:55] stack traceback:
[17/8/2012 12:28:55] 	[C]: in function 'closeShopWindow'
[17/8/2012 12:28:55] 	data/npc/lib/npcsystem/npchandler.lua:225: in function 'releaseFocus'
[17/8/2012 12:28:55] 	data/npc/lib/npcsystem/npchandler.lua:591: in function 'onWalkAway'
[17/8/2012 12:28:55] 	data/npc/lib/npcsystem/npchandler.lua:523: in function 'onThink'
[17/8/2012 12:28:55] 	data/npc/scripts/game/default.lua:9: in function <data/npc/scripts/game/default.lua:9>

[17/8/2012 12:36:29] [Error - NpcScript Interface] 
[17/8/2012 12:36:29] (Unknown script file)
[17/8/2012 12:36:29] Description: 
[17/8/2012 12:36:29] attempt to call a nil value
[17/8/2012 12:36:29] stack traceback:
[17/8/2012 12:36:29] 	[C]: in function 'closeShopWindow'
[17/8/2012 12:36:29] 	data/npc/lib/npcsystem/npchandler.lua:225: in function 'releaseFocus'
[17/8/2012 12:36:29] 	data/npc/lib/npcsystem/npchandler.lua:591: in function 'onWalkAway'
[17/8/2012 12:36:29] 	data/npc/lib/npcsystem/npchandler.lua:523: in function 'onThink'
[17/8/2012 12:36:29] 	data/npc/scripts/game/default.lua:9: in function <data/npc/scripts/game/default.lua:9>
[17/8/2012 12:49:0] [Warning - Protocol::RSA_decrypt] Not valid packet size (IP: 186.251.115.114)

[17/8/2012 12:56:40] [Error - NpcScript Interface] 
[17/8/2012 12:56:40] (Unknown script file)
[17/8/2012 12:56:40] Description: 
[17/8/2012 12:56:40] attempt to call a nil value
[17/8/2012 12:56:40] stack traceback:
[17/8/2012 12:56:40] 	[C]: in function 'closeShopWindow'
[17/8/2012 12:56:40] 	data/npc/lib/npcsystem/npchandler.lua:225: in function 'releaseFocus'
[17/8/2012 12:56:40] 	data/npc/lib/npcsystem/npchandler.lua:591: in function 'onWalkAway'
[17/8/2012 12:56:40] 	data/npc/lib/npcsystem/npchandler.lua:523: in function 'onThink'
[17/8/2012 12:56:40] 	data/npc/scripts/game/default.lua:9: in function <data/npc/scripts/game/default.lua:9>

[17/8/2012 13:0:42] [Error - NpcScript Interface] 
[17/8/2012 13:0:42] (Unknown script file)
[17/8/2012 13:0:42] Description: 
[17/8/2012 13:0:42] attempt to call a nil value
[17/8/2012 13:0:42] stack traceback:
[17/8/2012 13:11:4] > Saving server...
[17/8/2012 13:11:12] > SAVE: Complete in 7.8 seconds using binary-tilebased house storage.

[17/8/2012 13:23:53] [Error - NpcScript Interface] 
[17/8/2012 13:23:53] (Unknown script file)
[17/8/2012 13:23:53] Description: 
[17/8/2012 13:23:53] attempt to call a nil value
[17/8/2012 13:23:53] stack traceback:
[17/8/2012 13:23:53] 	[C]: in function 'closeShopWindow'
[17/8/2012 13:23:53] 	data/npc/lib/npcsystem/npchandler.lua:225: in function 'releaseFocus'
[17/8/2012 13:23:53] 	data/npc/lib/npcsystem/npchandler.lua:591: in function 'onWalkAway'
[17/8/2012 13:23:53] 	data/npc/lib/npcsystem/npchandler.lua:523: in function 'onThink'
[17/8/2012 13:23:53] 	data/npc/scripts/game/default.lua:9: in function <data/npc/scripts/game/default.lua:9>

[17/8/2012 13:29:15] [Error - NpcScript Interface] 
[17/8/2012 13:29:15] (Unknown script file)
[17/8/2012 13:29:15] Description: 
[17/8/2012 13:29:15] attempt to call a nil value
[17/8/2012 13:29:15] stack traceback:

[17/8/2012 13:34:31] [Error - NpcScript Interface] 
[17/8/2012 13:34:31] (Unknown script file)
[17/8/2012 13:34:31] Description: 
[17/8/2012 13:34:31] attempt to call a nil value
[17/8/2012 13:34:31] stack traceback:

[17/8/2012 13:48:33] [Error - NpcScript Interface] 
[17/8/2012 13:48:33] (Unknown script file)
[17/8/2012 13:48:33] Description: 
[17/8/2012 13:48:33] attempt to call a nil value
[17/8/2012 13:48:33] stack traceback:
[17/8/2012 13:48:33] 	[C]: in function 'closeShopWindow'
[17/8/2012 13:48:33] 	data/npc/lib/npcsystem/npchandler.lua:225: in function 'releaseFocus'
[17/8/2012 13:48:33] 	data/npc/lib/npcsystem/npchandler.lua:591: in function 'onWalkAway'
[17/8/2012 13:48:33] 	data/npc/lib/npcsystem/npchandler.lua:523: in function 'onThink'
[17/8/2012 13:48:33] 	data/npc/scripts/game/default.lua:9: in function <data/npc/scripts/game/default.lua:9>

[17/8/2012 13:54:47] [Error - NpcScript Interface] 
[17/8/2012 13:54:47] (Unknown script file)
[17/8/2012 13:54:47] Description: 
[17/8/2012 13:54:47] attempt to call a nil value
[17/8/2012 13:54:47] stack traceback:
[17/8/2012 13:54:47] 	[C]: in function 'closeShopWindow'
[17/8/2012 13:54:47] 	data/npc/lib/npcsystem/npchandler.lua:225: in function 'releaseFocus'
[17/8/2012 13:54:47] 	data/npc/lib/npcsystem/npchandler.lua:363: in function 'unGreet'
[17/8/2012 13:54:47] 	data/npc/lib/npcsystem/npchandler.lua:576: in function 'onFarewell'
[17/8/2012 13:54:47] 	data/npc/lib/npcsystem/modules.lua:251: in function 'callback'
[17/8/2012 13:54:47] 	data/npc/lib/npcsystem/keywordhandler.lua:41: in function 'processMessage'
[17/8/2012 13:54:47] 	data/npc/lib/npcsystem/keywordhandler.lua:181: in function 'processNodeMessage'
[17/8/2012 13:54:47] 	data/npc/lib/npcsystem/keywordhandler.lua:140: in function 'processMessage'
[17/8/2012 13:54:47] 	data/npc/lib/npcsystem/npchandler.lua:423: in function 'onCreatureSay'
[17/8/2012 13:54:47] 	data/npc/scripts/game/default.lua:8: in function <data/npc/scripts/game/default.lua:8>

[17/8/2012 13:58:18] [Error - NpcScript Interface] 
[17/8/2012 13:58:18] (Unknown script file)
[17/8/2012 13:58:18] Description: 
[17/8/2012 13:58:18] attempt to call a nil value
[17/8/2012 13:58:18] stack traceback:
[17/8/2012 13:58:18] 	[C]: in function 'closeShopWindow'
[17/8/2012 13:58:18] 	data/npc/lib/npcsystem/npchandler.lua:225: in function 'releaseFocus'
[17/8/2012 13:58:18] 	data/npc/lib/npcsystem/npchandler.lua:591: in function 'onWalkAway'
[17/8/2012 13:58:18] 	data/npc/lib/npcsystem/npchandler.lua:523: in function 'onThink'
[17/8/2012 13:58:18] 	data/npc/scripts/game/default.lua:9: in function <data/npc/scripts/game/default.lua:9>

[17/8/2012 14:0:14] [Error - NpcScript Interface] 
[17/8/2012 14:0:14] (Unknown script file)
[17/8/2012 14:0:14] Description: 
[17/8/2012 14:0:14] attempt to call a nil value
[17/8/2012 14:0:14] stack traceback:

[17/8/2012 14:0:27] [Error - NpcScript Interface] 
[17/8/2012 14:0:27] (Unknown script file)
[17/8/2012 14:0:27] Description: 
[17/8/2012 14:0:27] attempt to call a nil value
[17/8/2012 14:0:27] stack traceback:
[17/8/2012 14:11:4] > Saving server...
[17/8/2012 14:11:12] > SAVE: Complete in 7.901 seconds using binary-tilebased house storage.
[17/8/2012 14:13:22] [Warning - Protocol::RSA_decrypt] Not valid packet size (IP: 186.251.115.114)
[17/8/2012 14:19:47] > Broadcasted message: "Disturbios foram detectados aos redores de Quendor...".

[17/8/2012 14:21:39] [Error - NpcScript Interface] 
[17/8/2012 14:21:39] (Unknown script file)
[17/8/2012 14:21:39] Description: 
[17/8/2012 14:21:39] attempt to call a nil value
[17/8/2012 14:21:39] stack traceback:
[17/8/2012 14:23:7] > Broadcasted message: "Os Trolls estão planejando algum ataque a Quendor!".
[17/8/2012 14:26:27] > Broadcasted message: "Os Trolls estão atacando Quendor! Esmaguem estas ridiculas criaturas!".

[17/8/2012 14:29:22] [Error - NpcScript Interface] 
[17/8/2012 14:29:22] (Unknown script file)
[17/8/2012 14:29:22] Description: 
[17/8/2012 14:29:22] attempt to call a nil value
[17/8/2012 14:29:22] stack traceback:
[17/8/2012 14:29:22] 	[C]: in function 'closeShopWindow'
[17/8/2012 14:29:22] 	data/npc/lib/npcsystem/npchandler.lua:225: in function 'releaseFocus'
[17/8/2012 14:29:22] 	data/npc/lib/npcsystem/npchandler.lua:591: in function 'onWalkAway'
[17/8/2012 14:29:22] 	data/npc/lib/npcsystem/npchandler.lua:523: in function 'onThink'
[17/8/2012 14:29:22] 	data/npc/scripts/game/default.lua:9: in function <data/npc/scripts/game/default.lua:9>

[17/8/2012 14:31:12] [Error - NpcScript Interface] 
[17/8/2012 14:31:12] (Unknown script file)
[17/8/2012 14:31:12] Description: 
[17/8/2012 14:31:12] attempt to call a nil value
[17/8/2012 14:31:12] stack traceback:
[17/8/2012 14:31:12] 	[C]: in function 'closeShopWindow'
[17/8/2012 14:31:12] 	data/npc/lib/npcsystem/npchandler.lua:225: in function 'releaseFocus'
[17/8/2012 14:31:12] 	data/npc/lib/npcsystem/npchandler.lua:591: in function 'onWalkAway'
[17/8/2012 14:31:12] 	data/npc/lib/npcsystem/npchandler.lua:523: in function 'onThink'
[17/8/2012 14:31:12] 	data/npc/scripts/game/default.lua:9: in function <data/npc/scripts/game/default.lua:9>

[17/8/2012 14:43:25] [Error - NpcScript Interface] 
[17/8/2012 14:43:25] (Unknown script file)
[17/8/2012 14:43:25] Description: 
[17/8/2012 14:43:25] attempt to call a nil value
[17/8/2012 14:43:25] stack traceback:
[17/8/2012 14:43:25] 	[C]: in function 'closeShopWindow'
[17/8/2012 14:43:25] 	data/npc/lib/npcsystem/npchandler.lua:225: in function 'releaseFocus'
[17/8/2012 14:43:25] 	data/npc/lib/npcsystem/npchandler.lua:591: in function 'onWalkAway'
[17/8/2012 14:43:25] 	data/npc/lib/npcsystem/npchandler.lua:523: in function 'onThink'
[17/8/2012 14:43:25] 	data/npc/scripts/game/bless/bless4.lua:9: in function <data/npc/scripts/game/bless/bless4.lua:9>
[17/8/2012 14:53:47] [Failure - Protocol::XTEA_decrypt] Not valid unencrypted message size (IP: 189.72.115.121)
[17/8/2012 14:53:58] [Failure - Protocol::XTEA_decrypt] Not valid unencrypted message size (IP: 189.72.115.121)
[17/8/2012 14:53:59] [Failure - Protocol::XTEA_decrypt] Not valid encrypted message size (IP: 189.72.115.121)
[17/8/2012 15:11:4] > Saving server...
[17/8/2012 15:11:11] > SAVE: Complete in 7.052 seconds using binary-tilebased house storage.

[17/8/2012 15:11:49] [Error - NpcScript Interface] 
[17/8/2012 15:11:49] (Unknown script file)
[17/8/2012 15:11:49] Description: 
[17/8/2012 15:11:49] attempt to call a nil value
[17/8/2012 15:11:49] stack traceback:
[17/8/2012 15:11:49] 	[C]: in function 'closeShopWindow'
[17/8/2012 15:11:49] 	data/npc/lib/npcsystem/npchandler.lua:225: in function 'releaseFocus'
[17/8/2012 15:11:49] 	data/npc/lib/npcsystem/npchandler.lua:591: in function 'onWalkAway'
[17/8/2012 15:11:49] 	data/npc/lib/npcsystem/npchandler.lua:523: in function 'onThink'
[17/8/2012 15:11:49] 	data/npc/scripts/game/default.lua:9: in function <data/npc/scripts/game/default.lua:9>

[17/8/2012 15:19:45] [Error - NpcScript Interface] 
[17/8/2012 15:19:45] (Unknown script file)
[17/8/2012 15:19:45] Description: 
[17/8/2012 15:19:45] attempt to call a nil value
[17/8/2012 15:19:45] stack traceback:
[17/8/2012 15:19:45] 	[C]: in function 'closeShopWindow'
[17/8/2012 15:19:45] 	data/npc/lib/npcsystem/npchandler.lua:225: in function 'releaseFocus'
[17/8/2012 15:19:45] 	data/npc/lib/npcsystem/npchandler.lua:591: in function 'onWalkAway'
[17/8/2012 15:19:45] 	data/npc/lib/npcsystem/npchandler.lua:523: in function 'onThink'
[17/8/2012 15:19:45] 	data/npc/scripts/game/default.lua:9: in function <data/npc/scripts/game/default.lua:9>

[17/8/2012 16:3:23] [Error - NpcScript Interface] 
[17/8/2012 16:3:23] (Unknown script file)
[17/8/2012 16:3:23] Description: 
[17/8/2012 16:3:23] attempt to call a nil value
[17/8/2012 16:3:23] stack traceback:

[17/8/2012 16:10:33] [Error - NpcScript Interface] 
[17/8/2012 16:10:33] (Unknown script file)
[17/8/2012 16:10:33] Description: 
[17/8/2012 16:10:33] attempt to call a nil value
[17/8/2012 16:10:33] stack traceback:
[17/8/2012 16:11:4] > Saving server...
[17/8/2012 16:11:12] > SAVE: Complete in 7.567 seconds using binary-tilebased house storage.

[17/8/2012 16:19:12] [Error - NpcScript Interface] 
[17/8/2012 16:19:12] (Unknown script file)
[17/8/2012 16:19:12] Description: 
[17/8/2012 16:19:12] attempt to call a nil value
[17/8/2012 16:19:12] stack traceback:
[17/8/2012 16:19:12] 	[C]: ?

[17/8/2012 16:20:18] [Error - NpcScript Interface] 
[17/8/2012 16:20:18] (Unknown script file)
[17/8/2012 16:20:18] Description: 
[17/8/2012 16:20:18] attempt to call a nil value
[17/8/2012 16:20:18] stack traceback:
[17/8/2012 16:20:18] 	[C]: in function 'closeShopWindow'
[17/8/2012 16:20:18] 	data/npc/lib/npcsystem/npchandler.lua:225: in function 'releaseFocus'
[17/8/2012 16:20:18] 	data/npc/lib/npcsystem/npchandler.lua:591: in function 'onWalkAway'
[17/8/2012 16:20:18] 	data/npc/lib/npcsystem/npchandler.lua:523: in function 'onThink'
[17/8/2012 16:20:18] 	data/npc/scripts/game/default.lua:9: in function <data/npc/scripts/game/default.lua:9>

[17/8/2012 16:22:13] [Error - NpcScript Interface] 
[17/8/2012 16:22:13] (Unknown script file)
[17/8/2012 16:22:13] Description: 
[17/8/2012 16:22:13] attempt to call a nil value
[17/8/2012 16:22:13] stack traceback:
[17/8/2012 16:22:13] 	[C]: in function 'closeShopWindow'
[17/8/2012 16:22:13] 	data/npc/lib/npcsystem/npchandler.lua:225: in function 'releaseFocus'
[17/8/2012 16:22:13] 	data/npc/lib/npcsystem/npchandler.lua:591: in function 'onWalkAway'
[17/8/2012 16:22:13] 	data/npc/lib/npcsystem/npchandler.lua:523: in function 'onThink'
[17/8/2012 16:22:13] 	data/npc/scripts/game/default.lua:9: in function <data/npc/scripts/game/default.lua:9>

[17/8/2012 16:28:3] [Error - NpcScript Interface] 
[17/8/2012 16:28:3] (Unknown script file)
[17/8/2012 16:28:3] Description: 
[17/8/2012 16:28:3] attempt to call a nil value
[17/8/2012 16:28:3] stack traceback:
[17/8/2012 16:28:3] 	[C]: in function 'closeShopWindow'
[17/8/2012 16:28:3] 	data/npc/lib/npcsystem/npchandler.lua:225: in function 'releaseFocus'
[17/8/2012 16:28:3] 	data/npc/lib/npcsystem/npchandler.lua:591: in function 'onWalkAway'
[17/8/2012 16:28:3] 	data/npc/lib/npcsystem/npchandler.lua:523: in function 'onThink'
[17/8/2012 16:28:3] 	data/npc/scripts/game/rashid.lua:9: in function <data/npc/scripts/game/rashid.lua:9>

[17/8/2012 16:35:4] [Error - NpcScript Interface] 
[17/8/2012 16:35:4] (Unknown script file)
[17/8/2012 16:35:4] Description: 
[17/8/2012 16:35:4] attempt to call a nil value
[17/8/2012 16:35:4] stack traceback:

[17/8/2012 16:55:28] [Error - NpcScript Interface] 
[17/8/2012 16:55:28] (Unknown script file)
[17/8/2012 16:55:28] Description: 
[17/8/2012 16:55:28] attempt to call a nil value
[17/8/2012 16:55:28] stack traceback:

[17/8/2012 17:9:19] [Error - NpcScript Interface] 
[17/8/2012 17:9:19] (Unknown script file)
[17/8/2012 17:9:19] Description: 
[17/8/2012 17:9:19] attempt to call a nil value
[17/8/2012 17:9:19] stack traceback:
[17/8/2012 17:9:19] 	[C]: in function 'closeShopWindow'
[17/8/2012 17:9:19] 	data/npc/lib/npcsystem/npchandler.lua:225: in function 'releaseFocus'
[17/8/2012 17:9:19] 	data/npc/lib/npcsystem/npchandler.lua:591: in function 'onWalkAway'
[17/8/2012 17:9:19] 	data/npc/lib/npcsystem/npchandler.lua:523: in function 'onThink'
[17/8/2012 17:9:19] 	data/npc/scripts/game/default.lua:9: in function <data/npc/scripts/game/default.lua:9>
[17/8/2012 17:11:4] > Saving server...
[17/8/2012 17:11:11] > SAVE: Complete in 6.545 seconds using binary-tilebased house storage.

[17/8/2012 17:16:39] [Error - NpcScript Interface] 
[17/8/2012 17:16:39] (Unknown script file)
[17/8/2012 17:16:39] Description: 
[17/8/2012 17:16:39] attempt to call a nil value
[17/8/2012 17:16:39] stack traceback:
[17/8/2012 17:16:39] 	[C]: in function 'closeShopWindow'
[17/8/2012 17:16:39] 	data/npc/lib/npcsystem/npchandler.lua:225: in function 'releaseFocus'
[17/8/2012 17:16:39] 	data/npc/lib/npcsystem/npchandler.lua:591: in function 'onWalkAway'
[17/8/2012 17:16:39] 	data/npc/lib/npcsystem/npchandler.lua:523: in function 'onThink'
[17/8/2012 17:16:39] 	data/npc/scripts/game/default.lua:9: in function <data/npc/scripts/game/default.lua:9>

[17/8/2012 17:19:35] [Error - NpcScript Interface] 
[17/8/2012 17:19:35] (Unknown script file)
[17/8/2012 17:19:35] Description: 
[17/8/2012 17:19:35] attempt to call a nil value
[17/8/2012 17:19:35] stack traceback:
[17/8/2012 17:19:35] 	[C]: in function 'closeShopWindow'
[17/8/2012 17:19:35] 	data/npc/lib/npcsystem/npchandler.lua:225: in function 'releaseFocus'
[17/8/2012 17:19:35] 	data/npc/lib/npcsystem/npchandler.lua:591: in function 'onWalkAway'
[17/8/2012 17:19:35] 	data/npc/lib/npcsystem/npchandler.lua:523: in function 'onThink'
[17/8/2012 17:19:35] 	data/npc/scripts/game/blacksmith.lua:9: in function <data/npc/scripts/game/blacksmith.lua:9>

[17/8/2012 17:20:6] [Error - NpcScript Interface] 
[17/8/2012 17:20:6] (Unknown script file)
[17/8/2012 17:20:6] Description: 
[17/8/2012 17:20:6] attempt to call a nil value
[17/8/2012 17:20:6] stack traceback:
[17/8/2012 17:20:6] 	[C]: in function 'closeShopWindow'
[17/8/2012 17:20:6] 	data/npc/lib/npcsystem/npchandler.lua:225: in function 'releaseFocus'
[17/8/2012 17:20:6] 	data/npc/lib/npcsystem/npchandler.lua:591: in function 'onWalkAway'
[17/8/2012 17:20:6] 	data/npc/lib/npcsystem/npchandler.lua:523: in function 'onThink'
[17/8/2012 17:20:6] 	data/npc/scripts/game/default.lua:9: in function <data/npc/scripts/game/default.lua:9>

[17/8/2012 17:23:10] [Error - NpcScript Interface] 
[17/8/2012 17:23:10] (Unknown script file)
[17/8/2012 17:23:10] Description: 
[17/8/2012 17:23:10] attempt to call a nil value
[17/8/2012 17:23:10] stack traceback:

[17/8/2012 17:38:0] [Error - NpcScript Interface] 
[17/8/2012 17:38:0] (Unknown script file)
[17/8/2012 17:38:0] Description: 
[17/8/2012 17:38:0] attempt to call a nil value
[17/8/2012 17:38:0] stack traceback:
[17/8/2012 17:38:48] > Broadcasted message: "Orshabaal's minions are working on his return to the World. LEAVE Quendor at once, mortals.".

[17/8/2012 17:40:6] [Error - NpcScript Interface] 
[17/8/2012 17:40:6] (Unknown script file)
[17/8/2012 17:40:6] Description: 
[17/8/2012 17:40:6] attempt to call a nil value
[17/8/2012 17:40:6] stack traceback:
[17/8/2012 17:40:6] 	[C]: in function 'closeShopWindow'
[17/8/2012 17:40:6] 	data/npc/lib/npcsystem/npchandler.lua:225: in function 'releaseFocus'
[17/8/2012 17:40:6] 	data/npc/lib/npcsystem/npchandler.lua:591: in function 'onWalkAway'
[17/8/2012 17:40:6] 	data/npc/lib/npcsystem/npchandler.lua:523: in function 'onThink'
[17/8/2012 17:40:6] 	data/npc/scripts/game/rashid.lua:9: in function <data/npc/scripts/game/rashid.lua:9>
[17/8/2012 17:42:28] > Broadcasted message: "Orshabaal is about to make his way into the mortal realm. Run for your lives!".
[17/8/2012 17:45:8] > Broadcasted message: "Orshabaal has been summoned from hell to plague the lands of mortals again.".

[17/8/2012 18:6:53] [Error - NpcScript Interface] 
[17/8/2012 18:6:53] (Unknown script file)
[17/8/2012 18:6:53] Description: 
[17/8/2012 18:6:53] attempt to call a nil value
[17/8/2012 18:6:53] stack traceback:
[17/8/2012 18:11:4] > Saving server...
[17/8/2012 18:11:11] > SAVE: Complete in 6.426 seconds using binary-tilebased house storage.

[17/8/2012 18:13:10] [Error - NpcScript Interface] 
[17/8/2012 18:13:10] (Unknown script file)
[17/8/2012 18:13:10] Description: 
[17/8/2012 18:13:10] attempt to call a nil value
[17/8/2012 18:13:10] stack traceback:
[17/8/2012 18:13:10] 	[C]: in function 'closeShopWindow'
[17/8/2012 18:13:10] 	data/npc/lib/npcsystem/npchandler.lua:225: in function 'releaseFocus'
[17/8/2012 18:13:10] 	data/npc/lib/npcsystem/npchandler.lua:591: in function 'onWalkAway'
[17/8/2012 18:13:10] 	data/npc/lib/npcsystem/npchandler.lua:523: in function 'onThink'
[17/8/2012 18:13:10] 	data/npc/scripts/game/default.lua:9: in function <data/npc/scripts/game/default.lua:9>

[17/8/2012 18:13:58] [Error - NpcScript Interface] 
[17/8/2012 18:13:58] (Unknown script file)
[17/8/2012 18:13:58] Description: 
[17/8/2012 18:13:58] attempt to call a nil value
[17/8/2012 18:13:58] stack traceback:
[17/8/2012 18:13:58] 	[C]: ?

[17/8/2012 18:15:6] [Error - NpcScript Interface] 
[17/8/2012 18:15:6] (Unknown script file)
[17/8/2012 18:15:6] Description: 
[17/8/2012 18:15:6] attempt to call a nil value
[17/8/2012 18:15:6] stack traceback:
[17/8/2012 18:15:6] 	[C]: ?

[17/8/2012 18:22:1] [Error - NpcScript Interface] 
[17/8/2012 18:22:1] (Unknown script file)
[17/8/2012 18:22:1] Description: 
[17/8/2012 18:22:1] attempt to call a nil value
[17/8/2012 18:22:1] stack traceback:
[17/8/2012 18:22:1] 	[C]: in function 'closeShopWindow'
[17/8/2012 18:22:1] 	data/npc/lib/npcsystem/npchandler.lua:225: in function 'releaseFocus'
[17/8/2012 18:22:1] 	data/npc/lib/npcsystem/npchandler.lua:591: in function 'onWalkAway'
[17/8/2012 18:22:1] 	data/npc/lib/npcsystem/npchandler.lua:523: in function 'onThink'
[17/8/2012 18:22:1] 	data/npc/scripts/game/default.lua:9: in function <data/npc/scripts/game/default.lua:9>

[17/8/2012 18:45:57] [Error - NpcScript Interface] 
[17/8/2012 18:45:57] (Unknown script file)
[17/8/2012 18:45:57] Description: 
[17/8/2012 18:45:57] attempt to call a nil value
[17/8/2012 18:45:57] stack traceback:

[17/8/2012 18:46:8] [Error - NpcScript Interface] 
[17/8/2012 18:46:8] (Unknown script file)
[17/8/2012 18:46:8] Description: 
[17/8/2012 18:46:8] attempt to call a nil value
[17/8/2012 18:46:8] stack traceback:
[17/8/2012 18:46:8] 	[C]: in function 'closeShopWindow'
[17/8/2012 18:46:8] 	data/npc/lib/npcsystem/npchandler.lua:225: in function 'releaseFocus'
[17/8/2012 18:46:8] 	data/npc/lib/npcsystem/npchandler.lua:591: in function 'onWalkAway'
[17/8/2012 18:46:8] 	data/npc/lib/npcsystem/npchandler.lua:523: in function 'onThink'
[17/8/2012 18:46:8] 	data/npc/scripts/game/default.lua:9: in function <data/npc/scripts/game/default.lua:9>

[17/8/2012 18:56:42] [Error - NpcScript Interface] 
[17/8/2012 18:56:42] (Unknown script file)
[17/8/2012 18:56:42] Description: 
[17/8/2012 18:56:42] attempt to call a nil value
[17/8/2012 18:56:42] stack traceback:
[17/8/2012 18:56:42] 	[C]: in function 'closeShopWindow'
[17/8/2012 18:56:42] 	data/npc/lib/npcsystem/npchandler.lua:225: in function 'releaseFocus'
[17/8/2012 18:56:42] 	data/npc/lib/npcsystem/npchandler.lua:591: in function 'onWalkAway'
[17/8/2012 18:56:42] 	data/npc/lib/npcsystem/npchandler.lua:523: in function 'onThink'
[17/8/2012 18:56:42] 	data/npc/scripts/game/default.lua:9: in function <data/npc/scripts/game/default.lua:9>

[17/8/2012 18:57:4] [Error - NpcScript Interface] 
[17/8/2012 18:57:4] (Unknown script file)
[17/8/2012 18:57:4] Description: 
[17/8/2012 18:57:4] attempt to call a nil value
[17/8/2012 18:57:4] stack traceback:
[17/8/2012 18:57:4] 	[C]: in function 'closeShopWindow'
[17/8/2012 18:57:4] 	data/npc/lib/npcsystem/npchandler.lua:225: in function 'releaseFocus'
[17/8/2012 18:57:4] 	data/npc/lib/npcsystem/npchandler.lua:591: in function 'onWalkAway'
[17/8/2012 18:57:4] 	data/npc/lib/npcsystem/npchandler.lua:523: in function 'onThink'
[17/8/2012 18:57:4] 	data/npc/scripts/game/default.lua:9: in function <data/npc/scripts/game/default.lua:9>
[17/8/2012 19:11:4] > Saving server...
[17/8/2012 19:11:12] > SAVE: Complete in 7.82 seconds using binary-tilebased house storage.

[17/8/2012 19:11:18] [Error - NpcScript Interface] 
[17/8/2012 19:11:18] (Unknown script file)
[17/8/2012 19:11:18] Description: 
[17/8/2012 19:11:18] attempt to call a nil value
[17/8/2012 19:11:18] stack traceback:
[17/8/2012 19:11:18] 	[C]: in function 'closeShopWindow'
[17/8/2012 19:11:18] 	data/npc/lib/npcsystem/npchandler.lua:225: in function 'releaseFocus'
[17/8/2012 19:11:18] 	data/npc/lib/npcsystem/npchandler.lua:591: in function 'onWalkAway'
[17/8/2012 19:11:18] 	data/npc/lib/npcsystem/npchandler.lua:523: in function 'onThink'
[17/8/2012 19:11:18] 	data/npc/scripts/game/default.lua:9: in function <data/npc/scripts/game/default.lua:9>

[17/8/2012 19:29:26] [Error - NpcScript Interface] 
[17/8/2012 19:29:26] (Unknown script file)
[17/8/2012 19:29:26] Description: 
[17/8/2012 19:29:26] attempt to call a nil value
[17/8/2012 19:29:26] stack traceback:
[17/8/2012 19:29:26] 	[C]: in function 'closeShopWindow'
[17/8/2012 19:29:26] 	data/npc/lib/npcsystem/npchandler.lua:225: in function 'releaseFocus'
[17/8/2012 19:29:26] 	data/npc/lib/npcsystem/npchandler.lua:591: in function 'onWalkAway'
[17/8/2012 19:29:26] 	data/npc/lib/npcsystem/npchandler.lua:523: in function 'onThink'
[17/8/2012 19:29:26] 	data/npc/scripts/game/default.lua:9: in function <data/npc/scripts/game/default.lua:9>

[17/8/2012 19:29:39] [Error - NpcScript Interface] 
[17/8/2012 19:29:39] (Unknown script file)
[17/8/2012 19:29:39] Description: 
[17/8/2012 19:29:39] attempt to call a nil value
[17/8/2012 19:29:39] stack traceback:
[17/8/2012 19:29:39] 	[C]: in function 'closeShopWindow'
[17/8/2012 19:29:39] 	data/npc/lib/npcsystem/npchandler.lua:225: in function 'releaseFocus'
[17/8/2012 19:29:39] 	data/npc/lib/npcsystem/npchandler.lua:591: in function 'onWalkAway'
[17/8/2012 19:29:39] 	data/npc/lib/npcsystem/npchandler.lua:523: in function 'onThink'
[17/8/2012 19:29:39] 	data/npc/scripts/game/default.lua:9: in function <data/npc/scripts/game/default.lua:9>

[17/8/2012 19:30:2] [Error - NpcScript Interface] 
[17/8/2012 19:30:2] (Unknown script file)
[17/8/2012 19:30:2] Description: 
[17/8/2012 19:30:2] attempt to call a nil value
[17/8/2012 19:30:2] stack traceback:
[17/8/2012 19:30:2] 	[C]: in function 'closeShopWindow'
[17/8/2012 19:30:2] 	data/npc/lib/npcsystem/npchandler.lua:225: in function 'releaseFocus'
[17/8/2012 19:30:2] 	data/npc/lib/npcsystem/npchandler.lua:591: in function 'onWalkAway'
[17/8/2012 19:30:2] 	data/npc/lib/npcsystem/npchandler.lua:523: in function 'onThink'
[17/8/2012 19:30:2] 	data/npc/scripts/game/default.lua:9: in function <data/npc/scripts/game/default.lua:9>
[17/8/2012 19:33:15] [Warning - Protocol::RSA_decrypt] Not valid packet size (IP: 201.55.136.227)

[17/8/2012 19:53:8] [Error - NpcScript Interface] 
[17/8/2012 19:53:8] (Unknown script file)
[17/8/2012 19:53:8] Description: 
[17/8/2012 19:53:8] attempt to call a nil value
[17/8/2012 19:53:8] stack traceback:
[17/8/2012 19:53:8] 	[C]: in function 'closeShopWindow'
[17/8/2012 19:53:8] 	data/npc/lib/npcsystem/npchandler.lua:225: in function 'releaseFocus'
[17/8/2012 19:53:8] 	data/npc/lib/npcsystem/npchandler.lua:591: in function 'onWalkAway'
[17/8/2012 19:53:8] 	data/npc/lib/npcsystem/npchandler.lua:523: in function 'onThink'
[17/8/2012 19:53:8] 	data/npc/scripts/game/default.lua:9: in function <data/npc/scripts/game/default.lua:9>

[17/8/2012 19:53:24] [Error - NpcScript Interface] 
[17/8/2012 19:53:24] (Unknown script file)
[17/8/2012 19:53:24] Description: 
[17/8/2012 19:53:24] attempt to call a nil value
[17/8/2012 19:53:24] stack traceback:
[17/8/2012 19:53:24] 	[C]: in function 'closeShopWindow'
[17/8/2012 19:53:24] 	data/npc/lib/npcsystem/npchandler.lua:225: in function 'releaseFocus'
[17/8/2012 19:53:24] 	data/npc/lib/npcsystem/npchandler.lua:591: in function 'onWalkAway'
[17/8/2012 19:53:24] 	data/npc/lib/npcsystem/npchandler.lua:523: in function 'onThink'
[17/8/2012 19:53:24] 	data/npc/scripts/game/default.lua:9: in function <data/npc/scripts/game/default.lua:9>

[17/8/2012 19:53:46] [Error - NpcScript Interface] 
[17/8/2012 19:53:46] (Unknown script file)
[17/8/2012 19:53:46] Description: 
[17/8/2012 19:53:46] attempt to call a nil value
[17/8/2012 19:53:46] stack traceback:
[17/8/2012 19:53:46] 	[C]: in function 'closeShopWindow'
[17/8/2012 19:53:46] 	data/npc/lib/npcsystem/npchandler.lua:225: in function 'releaseFocus'
[17/8/2012 19:53:46] 	data/npc/lib/npcsystem/npchandler.lua:591: in function 'onWalkAway'
[17/8/2012 19:53:46] 	data/npc/lib/npcsystem/npchandler.lua:523: in function 'onThink'
[17/8/2012 19:53:46] 	data/npc/scripts/game/default.lua:9: in function <data/npc/scripts/game/default.lua:9>

[17/8/2012 19:59:5] [Error - NpcScript Interface] 
[17/8/2012 19:59:5] (Unknown script file)
[17/8/2012 19:59:5] Description: 
[17/8/2012 19:59:5] attempt to call a nil value
[17/8/2012 19:59:5] stack traceback:
[17/8/2012 19:59:5] 	[C]: in function 'closeShopWindow'
[17/8/2012 19:59:5] 	data/npc/lib/npcsystem/npchandler.lua:225: in function 'releaseFocus'
[17/8/2012 19:59:5] 	data/npc/lib/npcsystem/npchandler.lua:591: in function 'onWalkAway'
[17/8/2012 19:59:5] 	data/npc/lib/npcsystem/npchandler.lua:523: in function 'onThink'
[17/8/2012 19:59:5] 	data/npc/scripts/game/default.lua:9: in function <data/npc/scripts/game/default.lua:9>

[17/8/2012 19:59:6] [Error - NpcScript Interface] 
[17/8/2012 19:59:6] (Unknown script file)
[17/8/2012 19:59:6] Description: 
[17/8/2012 19:59:6] attempt to call a nil value
[17/8/2012 19:59:6] stack traceback:

[17/8/2012 20:6:55] [Error - NpcScript Interface] 
[17/8/2012 20:6:55] (Unknown script file)
[17/8/2012 20:6:55] Description: 
[17/8/2012 20:6:55] attempt to call a nil value
[17/8/2012 20:6:55] stack traceback:
[17/8/2012 20:6:55] 	[C]: in function 'closeShopWindow'
[17/8/2012 20:6:55] 	data/npc/lib/npcsystem/npchandler.lua:225: in function 'releaseFocus'
[17/8/2012 20:6:55] 	data/npc/lib/npcsystem/npchandler.lua:591: in function 'onWalkAway'
[17/8/2012 20:6:55] 	data/npc/lib/npcsystem/npchandler.lua:523: in function 'onThink'
[17/8/2012 20:6:55] 	data/npc/scripts/game/default.lua:9: in function <data/npc/scripts/game/default.lua:9>
[17/8/2012 20:11:4] > Saving server...
[17/8/2012 20:11:13] > SAVE: Complete in 8.732 seconds using binary-tilebased house storage.

[17/8/2012 20:20:48] [Error - NpcScript Interface] 
[17/8/2012 20:20:48] (Unknown script file)
[17/8/2012 20:20:48] Description: 
[17/8/2012 20:20:48] attempt to call a nil value
[17/8/2012 20:20:48] stack traceback:

[17/8/2012 20:44:29] [Error - NpcScript Interface] 
[17/8/2012 20:44:29] (Unknown script file)
[17/8/2012 20:44:29] Description: 
[17/8/2012 20:44:29] attempt to call a nil value
[17/8/2012 20:44:29] stack traceback:
[17/8/2012 20:44:29] 	[C]: in function 'closeShopWindow'
[17/8/2012 20:44:29] 	data/npc/lib/npcsystem/npchandler.lua:225: in function 'releaseFocus'
[17/8/2012 20:44:29] 	data/npc/lib/npcsystem/npchandler.lua:591: in function 'onWalkAway'
[17/8/2012 20:44:29] 	data/npc/lib/npcsystem/npchandler.lua:523: in function 'onThink'
[17/8/2012 20:44:29] 	data/npc/scripts/game/default.lua:9: in function <data/npc/scripts/game/default.lua:9>

[17/8/2012 20:45:40] [Error - NpcScript Interface] 
[17/8/2012 20:45:40] (Unknown script file)
[17/8/2012 20:45:40] Description: 
[17/8/2012 20:45:40] attempt to call a nil value
[17/8/2012 20:45:40] stack traceback:
[17/8/2012 20:45:40] 	[C]: in function 'closeShopWindow'
[17/8/2012 20:45:40] 	data/npc/lib/npcsystem/npchandler.lua:225: in function 'releaseFocus'
[17/8/2012 20:45:40] 	data/npc/lib/npcsystem/npchandler.lua:591: in function 'onWalkAway'
[17/8/2012 20:45:40] 	data/npc/lib/npcsystem/npchandler.lua:523: in function 'onThink'
[17/8/2012 20:45:40] 	data/npc/scripts/game/bless/bless4.lua:9: in function <data/npc/scripts/game/bless/bless4.lua:9>

[17/8/2012 20:55:43] [Error - NpcScript Interface] 
[17/8/2012 20:55:43] (Unknown script file)
[17/8/2012 20:55:43] Description: 
[17/8/2012 20:55:43] attempt to call a nil value
[17/8/2012 20:55:43] stack traceback:
[17/8/2012 20:55:43] 	[C]: in function 'closeShopWindow'
[17/8/2012 20:55:43] 	data/npc/lib/npcsystem/npchandler.lua:225: in function 'releaseFocus'
[17/8/2012 20:55:43] 	data/npc/lib/npcsystem/npchandler.lua:591: in function 'onWalkAway'
[17/8/2012 20:55:43] 	data/npc/lib/npcsystem/npchandler.lua:523: in function 'onThink'
[17/8/2012 20:55:43] 	data/npc/scripts/game/default.lua:9: in function <data/npc/scripts/game/default.lua:9>
[17/8/2012 21:11:4] > Saving server...
[17/8/2012 21:11:13] > SAVE: Complete in 8.868 seconds using binary-tilebased house storage.

[17/8/2012 21:21:45] [Error - NpcScript Interface] 
[17/8/2012 21:21:45] (Unknown script file)
[17/8/2012 21:21:45] Description: 
[17/8/2012 21:21:45] attempt to call a nil value
[17/8/2012 21:21:45] stack traceback:
[17/8/2012 21:21:45] 	[C]: in function 'closeShopWindow'
[17/8/2012 21:21:45] 	data/npc/lib/npcsystem/npchandler.lua:225: in function 'releaseFocus'
[17/8/2012 21:21:45] 	data/npc/lib/npcsystem/npchandler.lua:591: in function 'onWalkAway'
[17/8/2012 21:21:45] 	data/npc/lib/npcsystem/npchandler.lua:523: in function 'onThink'
[17/8/2012 21:21:45] 	data/npc/scripts/game/default.lua:9: in function <data/npc/scripts/game/default.lua:9>

[17/8/2012 21:27:22] [Error - NpcScript Interface] 
[17/8/2012 21:27:22] (Unknown script file)
[17/8/2012 21:27:22] Description: 
[17/8/2012 21:27:22] attempt to call a nil value
[17/8/2012 21:27:22] stack traceback:
[17/8/2012 21:45:59] [DDOS EMERGENCY] Current avarage RX packet per second 70788 is greater then limit 70000. Emergency ENABLED.
[17/8/2012 21:45:59] > Broadcasted message: "Estamos tendo problemas de conexï¿½o. Para evitar prejuizos, nenhuma morte receberï¿½ qualquer tipo de penalidade atï¿½ que nossa conexï¿½o se normalize.".
[17/8/2012 21:46:29] [DDOS EMERGENCY] Current avarage RX packet per second 62378 is fine. Emergency disabled.
[17/8/2012 21:46:29] > Broadcasted message: "Conexï¿½o normalizada. Penalidades nas mortes agora estï¿½o novamente validas. Obrigado pela sua compreensï¿½o e bom jogo.".
[17/8/2012 21:50:57] [Warning - Protocol::RSA_decrypt] Not valid packet size (IP: 177.18.67.101)

[17/8/2012 21:54:18] [Error - Spell Interface] 
[17/8/2012 21:54:18] data/spells/scripts/support/destroy_field_rune.lua:onCastSpell
[17/8/2012 21:54:18] Description: 
[17/8/2012 21:54:18] (luaDoRemoveItem) Item not found
[17/8/2012 22:2:33] [Warning - Protocol::RSA_decrypt] Not valid packet size (IP: 177.18.67.101)

[17/8/2012 22:10:59] [Error - NpcScript Interface] 
[17/8/2012 22:10:59] (Unknown script file)
[17/8/2012 22:10:59] Description: 
[17/8/2012 22:10:59] attempt to call a nil value
[17/8/2012 22:10:59] stack traceback:
[17/8/2012 22:10:59] 	[C]: in function 'closeShopWindow'
[17/8/2012 22:10:59] 	data/npc/lib/npcsystem/npchandler.lua:225: in function 'releaseFocus'
[17/8/2012 22:10:59] 	data/npc/lib/npcsystem/npchandler.lua:363: in function 'unGreet'
[17/8/2012 22:10:59] 	data/npc/lib/npcsystem/npchandler.lua:406: in function 'onCreatureDisappear'
[17/8/2012 22:10:59] 	data/npc/scripts/game/default.lua:7: in function <data/npc/scripts/game/default.lua:7>
[17/8/2012 22:11:4] > Saving server...
[17/8/2012 22:11:11] > SAVE: Complete in 7.209 seconds using binary-tilebased house storage.

[17/8/2012 22:21:49] [Error - NpcScript Interface] 
[17/8/2012 22:21:49] (Unknown script file)
[17/8/2012 22:21:49] Description: 
[17/8/2012 22:21:49] attempt to call a nil value
[17/8/2012 22:21:49] stack traceback:
[17/8/2012 22:21:49] 	[C]: in function 'closeShopWindow'
[17/8/2012 22:21:49] 	data/npc/lib/npcsystem/npchandler.lua:225: in function 'releaseFocus'
[17/8/2012 22:21:49] 	data/npc/lib/npcsystem/npchandler.lua:591: in function 'onWalkAway'
[17/8/2012 22:21:49] 	data/npc/lib/npcsystem/npchandler.lua:523: in function 'onThink'
[17/8/2012 22:21:49] 	data/npc/scripts/game/bless/bless4.lua:9: in function <data/npc/scripts/game/bless/bless4.lua:9>
[17/8/2012 22:56:54] [Warning - Protocol::RSA_decrypt] Not valid packet size (IP: 177.54.172.16)

[17/8/2012 23:4:27] [Error - NpcScript Interface] 
[17/8/2012 23:4:27] (Unknown script file)
[17/8/2012 23:4:27] Description: 
[17/8/2012 23:4:27] attempt to call a nil value
[17/8/2012 23:4:27] stack traceback:

[17/8/2012 23:7:4] [Error - NpcScript Interface] 
[17/8/2012 23:7:4] (Unknown script file)
[17/8/2012 23:7:4] Description: 
[17/8/2012 23:7:4] attempt to call a nil value
[17/8/2012 23:7:4] stack traceback:

[17/8/2012 23:8:50] [Error - NpcScript Interface] 
[17/8/2012 23:8:50] (Unknown script file)
[17/8/2012 23:8:50] Description: 
[17/8/2012 23:8:50] attempt to call a nil value
[17/8/2012 23:8:50] stack traceback:
[17/8/2012 23:8:50] 	[C]: in function 'closeShopWindow'
[17/8/2012 23:8:50] 	data/npc/lib/npcsystem/npchandler.lua:225: in function 'releaseFocus'
[17/8/2012 23:8:50] 	data/npc/lib/npcsystem/npchandler.lua:591: in function 'onWalkAway'
[17/8/2012 23:8:50] 	data/npc/lib/npcsystem/npchandler.lua:523: in function 'onThink'
[17/8/2012 23:8:50] 	data/npc/scripts/game/default.lua:9: in function <data/npc/scripts/game/default.lua:9>

[17/8/2012 23:8:54] [Error - NpcScript Interface] 
[17/8/2012 23:8:54] (Unknown script file)
[17/8/2012 23:8:54] Description: 
[17/8/2012 23:8:54] attempt to call a nil value
[17/8/2012 23:8:54] stack traceback:
[17/8/2012 23:8:54] 	[C]: in function 'closeShopWindow'
[17/8/2012 23:8:54] 	data/npc/lib/npcsystem/npchandler.lua:225: in function 'releaseFocus'
[17/8/2012 23:8:54] 	data/npc/lib/npcsystem/npchandler.lua:591: in function 'onWalkAway'
[17/8/2012 23:8:54] 	data/npc/lib/npcsystem/npchandler.lua:523: in function 'onThink'
[17/8/2012 23:8:54] 	data/npc/scripts/game/default.lua:9: in function <data/npc/scripts/game/default.lua:9>
[17/8/2012 23:11:4] > Saving server...
[17/8/2012 23:11:10] > SAVE: Complete in 6.017 seconds using binary-tilebased house storage.

[17/8/2012 23:15:1] [Error - NpcScript Interface] 
[17/8/2012 23:15:1] (Unknown script file)
[17/8/2012 23:15:1] Description: 
[17/8/2012 23:15:1] attempt to call a nil value
[17/8/2012 23:15:1] stack traceback:
[17/8/2012 23:15:1] 	[C]: in function 'closeShopWindow'
[17/8/2012 23:15:1] 	data/npc/lib/npcsystem/npchandler.lua:225: in function 'releaseFocus'
[17/8/2012 23:15:1] 	data/npc/lib/npcsystem/npchandler.lua:591: in function 'onWalkAway'
[17/8/2012 23:15:1] 	data/npc/lib/npcsystem/npchandler.lua:523: in function 'onThink'
[17/8/2012 23:15:1] 	data/npc/scripts/game/default.lua:9: in function <data/npc/scripts/game/default.lua:9>

[17/8/2012 23:31:21] [Error - NpcScript Interface] 
[17/8/2012 23:31:21] (Unknown script file)
[17/8/2012 23:31:21] Description: 
[17/8/2012 23:31:21] attempt to call a nil value
[17/8/2012 23:31:21] stack traceback:

[17/8/2012 23:32:23] [Error - NpcScript Interface] 
[17/8/2012 23:32:23] (Unknown script file)
[17/8/2012 23:32:23] Description: 
[17/8/2012 23:32:23] attempt to call a nil value
[17/8/2012 23:32:23] stack traceback:

[17/8/2012 23:36:52] [Error - NpcScript Interface] 
[17/8/2012 23:36:52] (Unknown script file)
[17/8/2012 23:36:52] Description: 
[17/8/2012 23:36:52] attempt to call a nil value
[17/8/2012 23:36:52] stack traceback:
[17/8/2012 23:36:52] 	[C]: in function 'closeShopWindow'
[17/8/2012 23:36:52] 	data/npc/lib/npcsystem/npchandler.lua:225: in function 'releaseFocus'
[17/8/2012 23:36:52] 	data/npc/lib/npcsystem/npchandler.lua:591: in function 'onWalkAway'
[17/8/2012 23:36:52] 	data/npc/lib/npcsystem/npchandler.lua:523: in function 'onThink'
[17/8/2012 23:36:52] 	data/npc/scripts/game/default.lua:9: in function <data/npc/scripts/game/default.lua:9>
[18/8/2012 0:11:4] > Saving server...
[18/8/2012 0:11:12] > SAVE: Complete in 7.423 seconds using binary-tilebased house storage.

[18/8/2012 0:27:39] [Error - NpcScript Interface] 
[18/8/2012 0:27:39] (Unknown script file)
[18/8/2012 0:27:39] Description: 
[18/8/2012 0:27:39] attempt to call a nil value
[18/8/2012 0:27:39] stack traceback:
[18/8/2012 0:27:39] 	[C]: in function 'closeShopWindow'
[18/8/2012 0:27:39] 	data/npc/lib/npcsystem/npchandler.lua:225: in function 'releaseFocus'
[18/8/2012 0:27:39] 	data/npc/lib/npcsystem/npchandler.lua:591: in function 'onWalkAway'
[18/8/2012 0:27:39] 	data/npc/lib/npcsystem/npchandler.lua:523: in function 'onThink'
[18/8/2012 0:27:39] 	data/npc/scripts/game/default.lua:9: in function <data/npc/scripts/game/default.lua:9>

[18/8/2012 0:39:31] [Error - NpcScript Interface] 
[18/8/2012 0:39:31] (Unknown script file)
[18/8/2012 0:39:31] Description: 
[18/8/2012 0:39:31] attempt to call a nil value
[18/8/2012 0:39:31] stack traceback:
[18/8/2012 0:53:47] [Warning - Protocol::RSA_decrypt] Not valid packet size (IP: 187.56.98.129)
[18/8/2012 0:53:56] [Warning - Protocol::RSA_decrypt] Not valid packet size (IP: 187.56.98.129)

[18/8/2012 1:8:56] [Error - NpcScript Interface] 
[18/8/2012 1:8:56] (Unknown script file)
[18/8/2012 1:8:56] Description: 
[18/8/2012 1:8:56] attempt to call a nil value
[18/8/2012 1:8:56] stack traceback:
[18/8/2012 1:11:4] > Saving server...
[18/8/2012 1:11:12] > SAVE: Complete in 7.634 seconds using binary-tilebased house storage.

[18/8/2012 1:12:21] [Error - NpcScript Interface] 
[18/8/2012 1:12:21] (Unknown script file)
[18/8/2012 1:12:21] Description: 
[18/8/2012 1:12:21] attempt to call a nil value
[18/8/2012 1:12:21] stack traceback:

[18/8/2012 1:13:23] [Error - NpcScript Interface] 
[18/8/2012 1:13:23] (Unknown script file)
[18/8/2012 1:13:23] Description: 
[18/8/2012 1:13:23] attempt to call a nil value
[18/8/2012 1:13:23] stack traceback:
[18/8/2012 1:13:23] 	[C]: in function 'closeShopWindow'
[18/8/2012 1:13:23] 	data/npc/lib/npcsystem/npchandler.lua:225: in function 'releaseFocus'
[18/8/2012 1:13:23] 	data/npc/lib/npcsystem/npchandler.lua:591: in function 'onWalkAway'
[18/8/2012 1:13:23] 	data/npc/lib/npcsystem/npchandler.lua:523: in function 'onThink'
[18/8/2012 1:13:23] 	data/npc/scripts/game/default.lua:9: in function <data/npc/scripts/game/default.lua:9>

[18/8/2012 1:39:44] [Error - NpcScript Interface] 
[18/8/2012 1:39:44] (Unknown script file)
[18/8/2012 1:39:44] Description: 
[18/8/2012 1:39:44] attempt to call a nil value
[18/8/2012 1:39:44] stack traceback:
[18/8/2012 1:39:44] 	[C]: in function 'closeShopWindow'
[18/8/2012 1:39:44] 	data/npc/lib/npcsystem/npchandler.lua:225: in function 'releaseFocus'
[18/8/2012 1:39:44] 	data/npc/lib/npcsystem/npchandler.lua:591: in function 'onWalkAway'
[18/8/2012 1:39:44] 	data/npc/lib/npcsystem/npchandler.lua:523: in function 'onThink'
[18/8/2012 1:39:44] 	data/npc/scripts/game/blacksmith.lua:9: in function <data/npc/scripts/game/blacksmith.lua:9>

[18/8/2012 1:44:41] [Error - NpcScript Interface] 
[18/8/2012 1:44:41] (Unknown script file)
[18/8/2012 1:44:41] Description: 
[18/8/2012 1:44:41] attempt to call a nil value
[18/8/2012 1:44:41] stack traceback:
[18/8/2012 1:44:41] 	[C]: in function 'closeShopWindow'
[18/8/2012 1:44:41] 	data/npc/lib/npcsystem/npchandler.lua:225: in function 'releaseFocus'
[18/8/2012 1:44:41] 	data/npc/lib/npcsystem/npchandler.lua:591: in function 'onWalkAway'
[18/8/2012 1:44:41] 	data/npc/lib/npcsystem/npchandler.lua:523: in function 'onThink'
[18/8/2012 1:44:41] 	data/npc/scripts/game/blacksmith.lua:9: in function <data/npc/scripts/game/blacksmith.lua:9>

[18/8/2012 1:46:41] [Error - NpcScript Interface] 
[18/8/2012 1:46:41] (Unknown script file)
[18/8/2012 1:46:41] Description: 
[18/8/2012 1:46:41] attempt to call a nil value
[18/8/2012 1:46:41] stack traceback:
[18/8/2012 1:46:41] 	[C]: in function 'closeShopWindow'
[18/8/2012 1:46:41] 	data/npc/lib/npcsystem/npchandler.lua:225: in function 'releaseFocus'
[18/8/2012 1:46:41] 	data/npc/lib/npcsystem/npchandler.lua:591: in function 'onWalkAway'
[18/8/2012 1:46:41] 	data/npc/lib/npcsystem/npchandler.lua:523: in function 'onThink'
[18/8/2012 1:46:41] 	data/npc/scripts/game/default.lua:9: in function <data/npc/scripts/game/default.lua:9>

[18/8/2012 1:53:30] [Error - NpcScript Interface] 
[18/8/2012 1:53:30] (Unknown script file)
[18/8/2012 1:53:30] Description: 
[18/8/2012 1:53:30] attempt to call a nil value
[18/8/2012 1:53:30] stack traceback:
[18/8/2012 1:53:30] 	[C]: in function 'closeShopWindow'
[18/8/2012 1:53:30] 	data/npc/lib/npcsystem/npchandler.lua:225: in function 'releaseFocus'
[18/8/2012 1:53:30] 	data/npc/lib/npcsystem/npchandler.lua:591: in function 'onWalkAway'
[18/8/2012 1:53:30] 	data/npc/lib/npcsystem/npchandler.lua:523: in function 'onThink'
[18/8/2012 1:53:30] 	data/npc/scripts/game/blacksmith.lua:9: in function <data/npc/scripts/game/blacksmith.lua:9>
[18/8/2012 2:11:5] > Saving server...
[18/8/2012 2:11:11] > SAVE: Complete in 6.822 seconds using binary-tilebased house storage.

[18/8/2012 2:16:32] [Error - NpcScript Interface] 
[18/8/2012 2:16:32] (Unknown script file)
[18/8/2012 2:16:32] Description: 
[18/8/2012 2:16:32] attempt to call a nil value
[18/8/2012 2:16:32] stack traceback:
[18/8/2012 2:16:32] 	[C]: in function 'closeShopWindow'
[18/8/2012 2:16:32] 	data/npc/lib/npcsystem/npchandler.lua:225: in function 'releaseFocus'
[18/8/2012 2:16:32] 	data/npc/lib/npcsystem/npchandler.lua:591: in function 'onWalkAway'
[18/8/2012 2:16:32] 	data/npc/lib/npcsystem/npchandler.lua:523: in function 'onThink'
[18/8/2012 2:16:32] 	data/npc/scripts/game/blacksmith.lua:9: in function <data/npc/scripts/game/blacksmith.lua:9>

[18/8/2012 2:28:55] [Error - NpcScript Interface] 
[18/8/2012 2:28:55] (Unknown script file)
[18/8/2012 2:28:55] Description: 
[18/8/2012 2:28:55] attempt to call a nil value
[18/8/2012 2:28:55] stack traceback:
[18/8/2012 2:28:55] 	[C]: in function 'closeShopWindow'
[18/8/2012 2:28:55] 	data/npc/lib/npcsystem/npchandler.lua:225: in function 'releaseFocus'
[18/8/2012 2:28:55] 	data/npc/lib/npcsystem/npchandler.lua:591: in function 'onWalkAway'
[18/8/2012 2:28:55] 	data/npc/lib/npcsystem/npchandler.lua:523: in function 'onThink'
[18/8/2012 2:28:55] 	data/npc/scripts/game/rashid.lua:9: in function <data/npc/scripts/game/rashid.lua:9>

[18/8/2012 2:29:50] [Error - NpcScript Interface] 
[18/8/2012 2:29:50] (Unknown script file)
[18/8/2012 2:29:50] Description: 
[18/8/2012 2:29:50] attempt to call a nil value
[18/8/2012 2:29:50] stack traceback:
[18/8/2012 2:53:52] > Broadcasted message: "As senhoritas rebeldes planejam um ataque a quendor...".
[18/8/2012 2:54:52] > Broadcasted message: "As amazonas estão atacando Quendor!".

[18/8/2012 2:58:53] [Error - NpcScript Interface] 
[18/8/2012 2:58:53] (Unknown script file)
[18/8/2012 2:58:53] Description: 
[18/8/2012 2:58:53] attempt to call a nil value
[18/8/2012 2:58:53] stack traceback:
[18/8/2012 2:58:53] 	[C]: in function 'closeShopWindow'
[18/8/2012 2:58:53] 	data/npc/lib/npcsystem/npchandler.lua:225: in function 'releaseFocus'
[18/8/2012 2:58:53] 	data/npc/lib/npcsystem/npchandler.lua:591: in function 'onWalkAway'
[18/8/2012 2:58:53] 	data/npc/lib/npcsystem/npchandler.lua:523: in function 'onThink'
[18/8/2012 2:58:53] 	data/npc/scripts/game/default.lua:9: in function <data/npc/scripts/game/default.lua:9>

[18/8/2012 3:8:51] [Error - NpcScript Interface] 
[18/8/2012 3:8:51] (Unknown script file)
[18/8/2012 3:8:51] Description: 
[18/8/2012 3:8:51] attempt to call a nil value
[18/8/2012 3:8:51] stack traceback:
[18/8/2012 3:8:51] 	[C]: in function 'closeShopWindow'
[18/8/2012 3:8:51] 	data/npc/lib/npcsystem/npchandler.lua:225: in function 'releaseFocus'
[18/8/2012 3:8:51] 	data/npc/lib/npcsystem/npchandler.lua:591: in function 'onWalkAway'
[18/8/2012 3:8:51] 	data/npc/lib/npcsystem/npchandler.lua:523: in function 'onThink'
[18/8/2012 3:8:51] 	data/npc/scripts/game/default.lua:9: in function <data/npc/scripts/game/default.lua:9>

[18/8/2012 3:10:30] [Error - NpcScript Interface] 
[18/8/2012 3:10:30] (Unknown script file)
[18/8/2012 3:10:30] Description: 
[18/8/2012 3:10:30] attempt to call a nil value
[18/8/2012 3:10:30] stack traceback:
[18/8/2012 3:11:5] > Saving server...
[18/8/2012 3:11:10] > SAVE: Complete in 5.732 seconds using binary-tilebased house storage.

[18/8/2012 3:55:3] [Error - Spell Interface] 
[18/8/2012 3:55:3] data/spells/scripts/support/destroy_field_rune.lua:onCastSpell
[18/8/2012 3:55:3] Description: 
[18/8/2012 3:55:3] (luaDoRemoveItem) Item not found

[18/8/2012 3:58:41] [Error - Spell Interface] 
[18/8/2012 3:58:41] data/spells/scripts/support/destroy_field_rune.lua:onCastSpell
[18/8/2012 3:58:41] Description: 
[18/8/2012 3:58:41] (luaDoRemoveItem) Item not found

[18/8/2012 3:58:43] [Error - Spell Interface] 
[18/8/2012 3:58:43] data/spells/scripts/support/destroy_field_rune.lua:onCastSpell
[18/8/2012 3:58:44] Description: 
[18/8/2012 3:58:44] (luaDoRemoveItem) Item not found

[18/8/2012 3:58:47] [Error - Spell Interface] 
[18/8/2012 3:58:47] data/spells/scripts/support/destroy_field_rune.lua:onCastSpell
[18/8/2012 3:58:47] Description: 
[18/8/2012 3:58:47] (luaDoRemoveItem) Item not found

[18/8/2012 3:58:50] [Error - Spell Interface] 
[18/8/2012 3:58:50] data/spells/scripts/support/destroy_field_rune.lua:onCastSpell
[18/8/2012 3:58:50] Description: 
[18/8/2012 3:58:50] (luaDoRemoveItem) Item not found
[18/8/2012 4:11:5] > Saving server...
[18/8/2012 4:11:12] > SAVE: Complete in 6.862 seconds using binary-tilebased house storage.

[18/8/2012 4:17:34] [Error - NpcScript Interface] 
[18/8/2012 4:17:34] (Unknown script file)
[18/8/2012 4:17:34] Description: 
[18/8/2012 4:17:34] attempt to call a nil value
[18/8/2012 4:17:34] stack traceback:
[18/8/2012 4:17:34] 	[C]: in function 'closeShopWindow'
[18/8/2012 4:17:34] 	data/npc/lib/npcsystem/npchandler.lua:225: in function 'releaseFocus'
[18/8/2012 4:17:34] 	data/npc/lib/npcsystem/npchandler.lua:591: in function 'onWalkAway'
[18/8/2012 4:17:34] 	data/npc/lib/npcsystem/npchandler.lua:523: in function 'onThink'
[18/8/2012 4:17:34] 	data/npc/scripts/game/default.lua:9: in function <data/npc/scripts/game/default.lua:9>

[18/8/2012 4:19:3] [Error - Spell Interface] 
[18/8/2012 4:19:3] data/spells/scripts/support/destroy_field_rune.lua:onCastSpell
[18/8/2012 4:19:3] Description: 
[18/8/2012 4:19:3] (luaDoRemoveItem) Item not found

[18/8/2012 4:19:6] [Error - Spell Interface] 
[18/8/2012 4:19:6] data/spells/scripts/support/destroy_field_rune.lua:onCastSpell
[18/8/2012 4:19:6] Description: 
[18/8/2012 4:19:6] (luaDoRemoveItem) Item not found

[18/8/2012 4:19:8] [Error - Spell Interface] 
[18/8/2012 4:19:8] data/spells/scripts/support/destroy_field_rune.lua:onCastSpell
[18/8/2012 4:19:8] Description: 
[18/8/2012 4:19:8] (luaDoRemoveItem) Item not found

[18/8/2012 4:19:11] [Error - Spell Interface] 
[18/8/2012 4:19:11] data/spells/scripts/support/destroy_field_rune.lua:onCastSpell
[18/8/2012 4:19:11] Description: 
[18/8/2012 4:19:11] (luaDoRemoveItem) Item not found

[18/8/2012 4:19:13] [Error - Spell Interface] 
[18/8/2012 4:19:13] data/spells/scripts/support/destroy_field_rune.lua:onCastSpell
[18/8/2012 4:19:13] Description: 
[18/8/2012 4:19:13] (luaDoRemoveItem) Item not found

[18/8/2012 4:33:17] [Error - NpcScript Interface] 
[18/8/2012 4:33:17] (Unknown script file)
[18/8/2012 4:33:17] Description: 
[18/8/2012 4:33:17] attempt to call a nil value
[18/8/2012 4:33:17] stack traceback:
[18/8/2012 5:11:5] > Saving server...
[18/8/2012 5:11:10] > SAVE: Complete in 5.281 seconds using binary-tilebased house storage.

[18/8/2012 5:39:41] [Error - NpcScript Interface] 
[18/8/2012 5:39:41] (Unknown script file)
[18/8/2012 5:39:41] Description: 
[18/8/2012 5:39:41] attempt to call a nil value
[18/8/2012 5:39:41] stack traceback:
[18/8/2012 5:39:41] 	[C]: in function 'closeShopWindow'
[18/8/2012 5:39:41] 	data/npc/lib/npcsystem/npchandler.lua:225: in function 'releaseFocus'
[18/8/2012 5:39:41] 	data/npc/lib/npcsystem/npchandler.lua:591: in function 'onWalkAway'
[18/8/2012 5:39:41] 	data/npc/lib/npcsystem/npchandler.lua:523: in function 'onThink'
[18/8/2012 5:39:41] 	data/npc/scripts/game/default.lua:9: in function <data/npc/scripts/game/default.lua:9>
[18/8/2012 6:11:5] > Saving server...
[18/8/2012 6:11:9] > SAVE: Complete in 4.311 seconds using binary-tilebased house storage.
[18/8/2012 7:11:5] > Saving server...
[18/8/2012 7:11:11] > SAVE: Complete in 6.198 seconds using binary-tilebased house storage.

[18/8/2012 7:29:34] [Error - NpcScript Interface] 
[18/8/2012 7:29:34] (Unknown script file)
[18/8/2012 7:29:34] Description: 
[18/8/2012 7:29:34] attempt to call a nil value
[18/8/2012 7:29:34] stack traceback:
[18/8/2012 7:29:34] 	[C]: in function 'closeShopWindow'
[18/8/2012 7:29:34] 	data/npc/lib/npcsystem/npchandler.lua:225: in function 'releaseFocus'
[18/8/2012 7:29:34] 	data/npc/lib/npcsystem/npchandler.lua:591: in function 'onWalkAway'
[18/8/2012 7:29:34] 	data/npc/lib/npcsystem/npchandler.lua:523: in function 'onThink'
[18/8/2012 7:29:34] 	data/npc/scripts/game/blacksmith.lua:9: in function <data/npc/scripts/game/blacksmith.lua:9>

[18/8/2012 7:56:22] [Error - NpcScript Interface] 
[18/8/2012 7:56:22] (Unknown script file)
[18/8/2012 7:56:22] Description: 
[18/8/2012 7:56:22] attempt to call a nil value
[18/8/2012 7:56:22] stack traceback:
[18/8/2012 7:56:22] 	[C]: in function 'closeShopWindow'
[18/8/2012 7:56:22] 	data/npc/lib/npcsystem/npchandler.lua:225: in function 'releaseFocus'
[18/8/2012 7:56:22] 	data/npc/lib/npcsystem/npchandler.lua:591: in function 'onWalkAway'
[18/8/2012 7:56:22] 	data/npc/lib/npcsystem/npchandler.lua:523: in function 'onThink'
[18/8/2012 7:56:22] 	data/npc/scripts/game/default.lua:9: in function <data/npc/scripts/game/default.lua:9>

[18/8/2012 7:56:57] [Error - NpcScript Interface] 
[18/8/2012 7:56:57] (Unknown script file)
[18/8/2012 7:56:57] Description: 
[18/8/2012 7:56:57] attempt to call a nil value
[18/8/2012 7:56:57] stack traceback:
[18/8/2012 7:56:57] 	[C]: in function 'closeShopWindow'
[18/8/2012 7:56:57] 	data/npc/lib/npcsystem/npchandler.lua:225: in function 'releaseFocus'
[18/8/2012 7:56:57] 	data/npc/lib/npcsystem/npchandler.lua:591: in function 'onWalkAway'
[18/8/2012 7:56:57] 	data/npc/lib/npcsystem/npchandler.lua:523: in function 'onThink'
[18/8/2012 7:56:57] 	data/npc/scripts/game/default.lua:9: in function <data/npc/scripts/game/default.lua:9>

[18/8/2012 8:5:18] [Error - NpcScript Interface] 
[18/8/2012 8:5:18] (Unknown script file)
[18/8/2012 8:5:18] Description: 
[18/8/2012 8:5:18] attempt to call a nil value
[18/8/2012 8:5:18] stack traceback:
[18/8/2012 8:5:18] 	[C]: in function 'closeShopWindow'
[18/8/2012 8:5:18] 	data/npc/lib/npcsystem/npchandler.lua:225: in function 'releaseFocus'
[18/8/2012 8:5:18] 	data/npc/lib/npcsystem/npchandler.lua:591: in function 'onWalkAway'
[18/8/2012 8:5:18] 	data/npc/lib/npcsystem/npchandler.lua:523: in function 'onThink'
[18/8/2012 8:5:18] 	data/npc/scripts/game/blacksmith.lua:9: in function <data/npc/scripts/game/blacksmith.lua:9>
[18/8/2012 8:7:53] > Broadcasted message: "Elf Scouts have been sighted near Thorn!".
[18/8/2012 8:10:53] > Broadcasted message: "The elves are comming to Thorn, seams to be a huge attack!".
[18/8/2012 8:11:5] > Saving server...
[18/8/2012 8:11:12] > SAVE: Complete in 7.065 seconds using binary-tilebased house storage.
[18/8/2012 8:12:53] > Broadcasted message: "Thorn is under attack!".

[18/8/2012 8:19:32] [Error - NpcScript Interface] 
[18/8/2012 8:19:32] (Unknown script file)
[18/8/2012 8:19:32] Description: 
[18/8/2012 8:19:32] attempt to call a nil value
[18/8/2012 8:19:32] stack traceback:
[18/8/2012 8:19:32] 	[C]: in function 'closeShopWindow'
[18/8/2012 8:19:32] 	data/npc/lib/npcsystem/npchandler.lua:225: in function 'releaseFocus'
[18/8/2012 8:19:32] 	data/npc/lib/npcsystem/npchandler.lua:591: in function 'onWalkAway'
[18/8/2012 8:19:32] 	data/npc/lib/npcsystem/npchandler.lua:523: in function 'onThink'
[18/8/2012 8:19:32] 	data/npc/scripts/game/oldrak.lua:8: in function <data/npc/scripts/game/oldrak.lua:8>

[18/8/2012 8:47:3] [Error - NpcScript Interface] 
[18/8/2012 8:47:3] (Unknown script file)
[18/8/2012 8:47:3] Description: 
[18/8/2012 8:47:3] attempt to call a nil value
[18/8/2012 8:47:3] stack traceback:
[18/8/2012 8:47:3] 	[C]: in function 'closeShopWindow'
[18/8/2012 8:47:3] 	data/npc/lib/npcsystem/npchandler.lua:225: in function 'releaseFocus'
[18/8/2012 8:47:3] 	data/npc/lib/npcsystem/npchandler.lua:591: in function 'onWalkAway'
[18/8/2012 8:47:3] 	data/npc/lib/npcsystem/npchandler.lua:523: in function 'onThink'
[18/8/2012 8:47:3] 	data/npc/scripts/game/rashid.lua:9: in function <data/npc/scripts/game/rashid.lua:9>

[18/8/2012 8:55:43] [Error - NpcScript Interface] 
[18/8/2012 8:55:43] (Unknown script file)
[18/8/2012 8:55:43] Description: 
[18/8/2012 8:55:43] attempt to call a nil value
[18/8/2012 8:55:43] stack traceback:
[18/8/2012 8:55:43] 	[C]: in function 'closeShopWindow'
[18/8/2012 8:55:43] 	data/npc/lib/npcsystem/npchandler.lua:225: in function 'releaseFocus'
[18/8/2012 8:55:43] 	data/npc/lib/npcsystem/npchandler.lua:591: in function 'onWalkAway'
[18/8/2012 8:55:43] 	data/npc/lib/npcsystem/npchandler.lua:523: in function 'onThink'
[18/8/2012 8:55:43] 	data/npc/scripts/game/default.lua:9: in function <data/npc/scripts/game/default.lua:9>

[18/8/2012 9:2:25] [Error - NpcScript Interface] 
[18/8/2012 9:2:25] (Unknown script file)
[18/8/2012 9:2:25] Description: 
[18/8/2012 9:2:25] attempt to call a nil value
[18/8/2012 9:2:25] stack traceback:
[18/8/2012 9:2:25] 	[C]: in function 'closeShopWindow'
[18/8/2012 9:2:25] 	data/npc/lib/npcsystem/npchandler.lua:225: in function 'releaseFocus'
[18/8/2012 9:2:25] 	data/npc/lib/npcsystem/npchandler.lua:591: in function 'onWalkAway'
[18/8/2012 9:2:25] 	data/npc/lib/npcsystem/npchandler.lua:523: in function 'onThink'
[18/8/2012 9:2:25] 	data/npc/scripts/game/default.lua:9: in function <data/npc/scripts/game/default.lua:9>

[18/8/2012 9:2:27] [Error - Spell Interface] 
[18/8/2012 9:2:27] data/spells/scripts/support/destroy_field_rune.lua:onCastSpell
[18/8/2012 9:2:27] Description: 
[18/8/2012 9:2:27] (luaDoRemoveItem) Item not found

[18/8/2012 9:2:37] [Error - Spell Interface] 
[18/8/2012 9:2:37] data/spells/scripts/support/destroy_field_rune.lua:onCastSpell
[18/8/2012 9:2:37] Description: 
[18/8/2012 9:2:37] (luaDoRemoveItem) Item not found

[18/8/2012 9:3:2] [Error - NpcScript Interface] 
[18/8/2012 9:3:2] (Unknown script file)
[18/8/2012 9:3:2] Description: 
[18/8/2012 9:3:2] attempt to call a nil value
[18/8/2012 9:3:2] stack traceback:
[18/8/2012 9:3:2] 	[C]: in function 'closeShopWindow'
[18/8/2012 9:3:2] 	data/npc/lib/npcsystem/npchandler.lua:225: in function 'releaseFocus'
[18/8/2012 9:3:2] 	data/npc/lib/npcsystem/npchandler.lua:591: in function 'onWalkAway'
[18/8/2012 9:3:2] 	data/npc/lib/npcsystem/npchandler.lua:523: in function 'onThink'
[18/8/2012 9:3:2] 	data/npc/scripts/game/default.lua:9: in function <data/npc/scripts/game/default.lua:9>

[18/8/2012 9:8:35] [Error - NpcScript Interface] 
[18/8/2012 9:8:35] (Unknown script file)
[18/8/2012 9:8:35] Description: 
[18/8/2012 9:8:35] attempt to call a nil value
[18/8/2012 9:8:35] stack traceback:
[18/8/2012 9:8:35] 	[C]: in function 'closeShopWindow'
[18/8/2012 9:8:35] 	data/npc/lib/npcsystem/npchandler.lua:225: in function 'releaseFocus'
[18/8/2012 9:8:35] 	data/npc/lib/npcsystem/npchandler.lua:591: in function 'onWalkAway'
[18/8/2012 9:8:35] 	data/npc/lib/npcsystem/npchandler.lua:523: in function 'onThink'
[18/8/2012 9:8:35] 	data/npc/scripts/game/default.lua:9: in function <data/npc/scripts/game/default.lua:9>
[18/8/2012 9:11:5] > Saving server...
[18/8/2012 9:11:12] > SAVE: Complete in 7.488 seconds using binary-tilebased house storage.

[18/8/2012 9:36:14] [Error - NpcScript Interface] 
[18/8/2012 9:36:14] (Unknown script file)
[18/8/2012 9:36:14] Description: 
[18/8/2012 9:36:14] attempt to call a nil value
[18/8/2012 9:36:14] stack traceback:
[18/8/2012 9:36:14] 	[C]: in function 'closeShopWindow'
[18/8/2012 9:36:14] 	data/npc/lib/npcsystem/npchandler.lua:225: in function 'releaseFocus'
[18/8/2012 9:36:14] 	data/npc/lib/npcsystem/npchandler.lua:591: in function 'onWalkAway'
[18/8/2012 9:36:14] 	data/npc/lib/npcsystem/npchandler.lua:523: in function 'onThink'
[18/8/2012 9:36:14] 	data/npc/scripts/game/default.lua:9: in function <data/npc/scripts/game/default.lua:9>
[18/8/2012 9:59:47] [Failure - Protocol::XTEA_decrypt] Not valid unencrypted message size (IP: 177.66.56.196)
[18/8/2012 9:59:47] [Failure - Protocol::XTEA_decrypt] Not valid unencrypted message size (IP: 177.66.56.196)
[18/8/2012 9:59:47] [Failure - Protocol::XTEA_decrypt] Not valid unencrypted message size (IP: 177.66.56.196)
[18/8/2012 9:59:47] [Failure - Protocol::XTEA_decrypt] Not valid unencrypted message size (IP: 177.66.56.196)
[18/8/2012 9:59:50] [Failure - Protocol::XTEA_decrypt] Not valid unencrypted message size (IP: 177.66.56.196)
[18/8/2012 9:59:50] [Failure - Protocol::XTEA_decrypt] Not valid unencrypted message size (IP: 177.66.56.196)
[18/8/2012 9:59:51] [Failure - Protocol::XTEA_decrypt] Not valid unencrypted message size (IP: 177.66.56.196)
[18/8/2012 9:59:51] [Failure - Protocol::XTEA_decrypt] Not valid unencrypted message size (IP: 177.66.56.196)
[18/8/2012 9:59:52] [Failure - Protocol::XTEA_decrypt] Not valid unencrypted message size (IP: 177.66.56.196)
[18/8/2012 9:59:52] [Failure - Protocol::XTEA_decrypt] Not valid unencrypted message size (IP: 177.66.56.196)
[18/8/2012 9:59:53] [Failure - Protocol::XTEA_decrypt] Not valid unencrypted message size (IP: 177.66.56.196)
[18/8/2012 9:59:53] [Failure - Protocol::XTEA_decrypt] Not valid unencrypted message size (IP: 177.66.56.196)
[18/8/2012 9:59:53] [Failure - Protocol::XTEA_decrypt] Not valid unencrypted message size (IP: 177.66.56.196)
[18/8/2012 9:59:53] [Failure - Protocol::XTEA_decrypt] Not valid unencrypted message size (IP: 177.66.56.196)
[18/8/2012 9:59:53] [Failure - Protocol::XTEA_decrypt] Not valid unencrypted message size (IP: 177.66.56.196)
[18/8/2012 9:59:53] [Failure - Protocol::XTEA_decrypt] Not valid unencrypted message size (IP: 177.66.56.196)
[18/8/2012 9:59:55] [Failure - Protocol::XTEA_decrypt] Not valid unencrypted message size (IP: 177.66.56.196)
[18/8/2012 9:59:55] [Failure - Protocol::XTEA_decrypt] Not valid unencrypted message size (IP: 177.66.56.196)
[18/8/2012 10:0:24] > Paying houses...
[18/8/2012 10:0:26] Houses paid in 1.894 seconds.
[18/8/2012 10:0:26] > Saving server...
[18/8/2012 10:0:26] > SAVE: Complete in 0.496 seconds using binary-tilebased house storage.
[18/8/2012 10:0:27] Preparing to shutdown the server- done.
