[19/9/2012 15:4:11] > Using MD5 encryption
[19/9/2012 15:4:11] >> Loading RSA key
[19/9/2012 15:4:11] >> Starting SQL connection

[19/9/2012 15:4:11] > WARNING: Outdated MySQL server detected, consider upgrading to a newer version.
[19/9/2012 15:4:11] >> Running Database Manager
[19/9/2012 15:4:11] >> Loading items (OTB)
[19/9/2012 15:4:11] >> Loading items (XML)
[19/9/2012 15:4:11] [Warning - Items::loadFromXml] Unknown key value blocksolid
[19/9/2012 15:4:11] [Warning - Items::loadFromXml] Unknown key value blocksolid
[19/9/2012 15:4:11] >> Loading groups
[19/9/2012 15:4:11] >> Loading vocations
[19/9/2012 15:4:11] >> Loading outfits
[19/9/2012 15:4:11] >> Loading chat channels
[19/9/2012 15:4:11] >> Loading script systems
[19/9/2012 15:4:12] [Error - LuaInterface::loadFile] data/globalevents/scripts/game/announcements.lua:9: unexpected symbol near ','
[19/9/2012 15:4:12] [Warning - Event::loadScript] Cannot load script (data/globalevents/scripts/game/announcements.lua)
[19/9/2012 15:4:12] data/globalevents/scripts/game/announcements.lua:9: unexpected symbol near ','
[19/9/2012 15:4:12] [Warning - Event::loadScript] Event onTime not found (data/globalevents/scripts/clean.lua)
[19/9/2012 15:4:12] >> Loading mods...
[19/9/2012 15:4:12] > 0 mods were loaded.
[19/9/2012 15:4:12] >> Loading experience stages
[19/9/2012 15:4:12] >> Loading monsters
[19/9/2012 15:4:13] [Warning - Monsters::deserializeSpell] Frost Dragon - Unknown areaEffect: smallice
[19/9/2012 15:4:13] >> Loading map and spawns...
[19/9/2012 15:4:15] > Map size: 5000x5000.
[19/9/2012 15:4:15] > Map descriptions: 
[19/9/2012 15:4:15] "Saved with Remere's Map Editor 2.2"
[19/9/2012 15:4:15] "SimOne MapEditor 0.5.5"
[19/9/2012 15:4:17] [Warning - IOMap::loadMap] Movable item in house: 517, item type: 2741, pos 1070/1121/6
[19/9/2012 15:4:17] [Warning - IOMap::loadMap] Movable item in house: 518, item type: 2741, pos 1070/1129/6
[19/9/2012 15:4:17] [Warning - IOMap::loadMap] Movable item in house: 517, item type: 2741, pos 1073/1121/6
[19/9/2012 15:4:17] [Warning - IOMap::loadMap] Movable item in house: 518, item type: 2741, pos 1073/1129/6
[19/9/2012 15:4:18] Duplicate uniqueId 6401
[19/9/2012 15:4:18] Duplicate uniqueId 6401
[19/9/2012 15:4:21] Duplicate uniqueId 6401
[19/9/2012 15:4:21] Duplicate uniqueId 6401
[19/9/2012 15:4:21] Duplicate uniqueId 6401
[19/9/2012 15:4:21] Duplicate uniqueId 6401
[19/9/2012 15:4:25] Duplicate uniqueId 6401
[19/9/2012 15:4:25] Duplicate uniqueId 6401
[19/9/2012 15:4:27] Duplicate uniqueId 2004
[19/9/2012 15:4:27] Duplicate uniqueId 2005
[19/9/2012 15:4:27] Duplicate uniqueId 2006
[19/9/2012 15:4:27] Duplicate uniqueId 2007
[19/9/2012 15:4:31] Duplicate uniqueId 6401
[19/9/2012 15:4:31] Duplicate uniqueId 6401
[19/9/2012 15:4:31] Duplicate uniqueId 6401
[19/9/2012 15:4:32] Duplicate uniqueId 6400
[19/9/2012 15:4:32] Duplicate uniqueId 6401
[19/9/2012 15:4:32] Duplicate uniqueId 2056
[19/9/2012 15:4:32] Duplicate uniqueId 2057
[19/9/2012 15:4:32] Duplicate uniqueId 2058
[19/9/2012 15:4:32] Duplicate uniqueId 2051
[19/9/2012 15:4:32] Duplicate uniqueId 2052
[19/9/2012 15:4:32] Duplicate uniqueId 2053
[19/9/2012 15:4:32] Duplicate uniqueId 2054
[19/9/2012 15:4:33] > Map loading time: 19.384 seconds.
[19/9/2012 15:4:34] [Spawn::addMonster] Cannot find "Butterfly"
[19/9/2012 15:4:34] [Spawn::addMonster] Cannot find "Butterfly"
[19/9/2012 15:4:36] > Data parsing time: 2.975 seconds.
[19/9/2012 15:4:53] > Houses synchronization time: 17.014 seconds.
[19/9/2012 15:4:53] > Content unserialization time: 0.075 seconds.
[19/9/2012 15:4:53] >> Checking world type... Open PvP
[19/9/2012 15:4:53] >> Initializing game state and binding services...
[19/9/2012 15:4:56] > Global IP address: 184.173.128.212
[19/9/2012 15:4:56] > Bound ports: 7577	7578	9215	
[19/9/2012 15:4:56] >> Everything smells good, server is starting up...
[19/9/2012 15:4:56] [DDOS EMERGENCY] Enabled
>> UltraX server Online!
[19/9/2012 15:4:56] [DDOS EMERGENCY] Enabled
>> UltraX server Online!

[19/9/2012 15:6:36] > 0 mods were loaded.
[19/9/2012 15:6:38] > Saving server...
[19/9/2012 15:6:39] > SAVE: Complete in 1.226 seconds using relational house storage.
[19/9/2012 15:6:52] > Paying houses...
[19/9/2012 15:6:53] Houses paid in 1.082 seconds.
[19/9/2012 15:6:53] > Saving server...
[19/9/2012 15:6:56] > SAVE: Complete in 2.348 seconds using relational house storage.
[19/9/2012 15:6:56] Preparing to shutdown the server- done.
