[20/7/2012 10:9:2] > Using MD5 encryption
[20/7/2012 10:9:2] >> Loading RSA key
[20/7/2012 10:9:2] >> Starting SQL connection

[20/7/2012 10:9:2] > WARNING: Outdated MySQL server detected, consider upgrading to a newer version.
[20/7/2012 10:9:2] >> Running Database Manager
[20/7/2012 10:9:2] >> Loading items (OTB)
[20/7/2012 10:9:3] >> Loading items (XML)
[20/7/2012 10:9:3] [Warning - Items::loadFromXml] Unknown key value blocksolid
[20/7/2012 10:9:3] [Warning - Items::loadFromXml] Unknown key value blocksolid
[20/7/2012 10:9:3] >> Loading groups
[20/7/2012 10:9:3] >> Loading vocations
[20/7/2012 10:9:3] >> Loading outfits
[20/7/2012 10:9:3] >> Loading chat channels
[20/7/2012 10:9:3] >> Loading script systems
[20/7/2012 10:9:4] [Warning - Event::loadScript] Event onTime not found (data/globalevents/scripts/clean.lua)
[20/7/2012 10:9:4] >> Loading mods...
[20/7/2012 10:9:4] > 0 mods were loaded.
[20/7/2012 10:9:4] >> Loading experience stages
[20/7/2012 10:9:4] >> Loading monsters
[20/7/2012 10:9:6] >> Loading map and spawns...
[20/7/2012 10:9:8] > Map size: 5000x5000.
[20/7/2012 10:9:8] > Map descriptions: 
[20/7/2012 10:9:8] "Saved with Remere's Map Editor 2.1"
[20/7/2012 10:9:8] "SimOne MapEditor 0.5.5"
[20/7/2012 10:9:8] [Warning - IOMap::loadMap] Movable item in house: 517, item type: 2741, pos 1070/1121/6
[20/7/2012 10:9:8] [Warning - IOMap::loadMap] Movable item in house: 518, item type: 2741, pos 1070/1129/6
[20/7/2012 10:9:8] [Warning - IOMap::loadMap] Movable item in house: 517, item type: 2741, pos 1073/1121/6
[20/7/2012 10:9:8] [Warning - IOMap::loadMap] Movable item in house: 518, item type: 2741, pos 1073/1129/6
[20/7/2012 10:9:9] Duplicate uniqueId 6401
[20/7/2012 10:9:9] Duplicate uniqueId 6401
[20/7/2012 10:9:10] Duplicate uniqueId 6401
[20/7/2012 10:9:10] Duplicate uniqueId 6401
[20/7/2012 10:9:10] Duplicate uniqueId 6401
[20/7/2012 10:9:10] Duplicate uniqueId 6401
[20/7/2012 10:9:11] Duplicate uniqueId 6401
[20/7/2012 10:9:11] Duplicate uniqueId 6401
[20/7/2012 10:9:12] Duplicate uniqueId 2004
[20/7/2012 10:9:12] Duplicate uniqueId 2005
[20/7/2012 10:9:12] Duplicate uniqueId 2006
[20/7/2012 10:9:12] Duplicate uniqueId 2007
[20/7/2012 10:9:14] Duplicate uniqueId 6401
[20/7/2012 10:9:14] Duplicate uniqueId 6401
[20/7/2012 10:9:14] Duplicate uniqueId 6401
[20/7/2012 10:9:14] Duplicate uniqueId 6400
[20/7/2012 10:9:14] Duplicate uniqueId 6401
[20/7/2012 10:9:14] Duplicate uniqueId 2056
[20/7/2012 10:9:14] Duplicate uniqueId 2057
[20/7/2012 10:9:14] Duplicate uniqueId 2058
[20/7/2012 10:9:14] Duplicate uniqueId 2051
[20/7/2012 10:9:14] Duplicate uniqueId 2052
[20/7/2012 10:9:14] Duplicate uniqueId 2053
[20/7/2012 10:9:14] Duplicate uniqueId 2054
[20/7/2012 10:9:15] > Map loading time: 8.748 seconds.
[20/7/2012 10:9:15] [Spawn::addMonster] Cannot find "Butterfly"
[20/7/2012 10:9:15] [Spawn::addMonster] Cannot find "Butterfly"
[20/7/2012 10:9:16] > Data parsing time: 1.07 seconds.
[20/7/2012 10:9:32] > Houses synchronization time: 15.787 seconds.
[20/7/2012 10:9:32] > Content unserialization time: 0.095 seconds.
[20/7/2012 10:9:32] >> Checking world type... Open PvP
[20/7/2012 10:9:32] >> Initializing game state and binding services...
[20/7/2012 10:9:33] > Global IP address: 184.173.128.212
[20/7/2012 10:9:33] > Bound ports: 7577	7578	9215	
[20/7/2012 10:9:33] >> Everything smells good, server is starting up...
[20/7/2012 10:9:33] [DDOS EMERGENCY] Enabled
>> UltraX server Online!
[20/7/2012 10:9:33] [DDOS EMERGENCY] Enabled
>> UltraX server Online!

[20/7/2012 10:13:6] [Warning - Protocol::RSA_decrypt] Not valid packet size (IP: 201.13.158.32)

[20/7/2012 10:31:37] [Error - NpcScript Interface] 
[20/7/2012 10:31:37] (Unknown script file)
[20/7/2012 10:31:37] Description: 
[20/7/2012 10:31:37] attempt to call a nil value
[20/7/2012 10:31:37] stack traceback:
[20/7/2012 10:31:37] 	[C]: in function 'closeShopWindow'
[20/7/2012 10:31:37] 	data/npc/lib/npcsystem/npchandler.lua:225: in function 'releaseFocus'
[20/7/2012 10:31:37] 	data/npc/lib/npcsystem/npchandler.lua:591: in function 'onWalkAway'
[20/7/2012 10:31:37] 	data/npc/lib/npcsystem/npchandler.lua:523: in function 'onThink'
[20/7/2012 10:31:37] 	data/npc/scripts/game/bless/bless4.lua:9: in function <data/npc/scripts/game/bless/bless4.lua:9>

[20/7/2012 10:39:20] [Error - NpcScript Interface] 
[20/7/2012 10:39:20] (Unknown script file)
[20/7/2012 10:39:20] Description: 
[20/7/2012 10:39:20] attempt to call a nil value
[20/7/2012 10:39:20] stack traceback:
[20/7/2012 10:39:20] 	[C]: in function 'closeShopWindow'
[20/7/2012 10:39:20] 	data/npc/lib/npcsystem/npchandler.lua:225: in function 'releaseFocus'
[20/7/2012 10:39:20] 	data/npc/lib/npcsystem/npchandler.lua:591: in function 'onWalkAway'
[20/7/2012 10:39:20] 	data/npc/lib/npcsystem/npchandler.lua:523: in function 'onThink'
[20/7/2012 10:39:20] 	data/npc/scripts/game/default.lua:9: in function <data/npc/scripts/game/default.lua:9>

[20/7/2012 10:39:41] [Error - NpcScript Interface] 
[20/7/2012 10:39:41] (Unknown script file)
[20/7/2012 10:39:41] Description: 
[20/7/2012 10:39:41] attempt to call a nil value
[20/7/2012 10:39:41] stack traceback:
[20/7/2012 10:39:41] 	[C]: in function 'closeShopWindow'
[20/7/2012 10:39:41] 	data/npc/lib/npcsystem/npchandler.lua:225: in function 'releaseFocus'
[20/7/2012 10:39:41] 	data/npc/lib/npcsystem/npchandler.lua:591: in function 'onWalkAway'
[20/7/2012 10:39:41] 	data/npc/lib/npcsystem/npchandler.lua:523: in function 'onThink'
[20/7/2012 10:39:41] 	data/npc/scripts/game/default.lua:9: in function <data/npc/scripts/game/default.lua:9>

[20/7/2012 10:45:30] [Error - NpcScript Interface] 
[20/7/2012 10:45:30] (Unknown script file)
[20/7/2012 10:45:30] Description: 
[20/7/2012 10:45:30] attempt to call a nil value
[20/7/2012 10:45:30] stack traceback:

[20/7/2012 10:59:55] [Error - NpcScript Interface] 
[20/7/2012 10:59:55] (Unknown script file)
[20/7/2012 10:59:55] Description: 
[20/7/2012 10:59:55] attempt to call a nil value
[20/7/2012 10:59:55] stack traceback:
[20/7/2012 11:11:4] > Saving server...
[20/7/2012 11:11:9] > SAVE: Complete in 4.773 seconds using binary-tilebased house storage.

[20/7/2012 11:19:34] [Error - NpcScript Interface] 
[20/7/2012 11:19:34] (Unknown script file)
[20/7/2012 11:19:34] Description: 
[20/7/2012 11:19:34] attempt to call a nil value
[20/7/2012 11:19:34] stack traceback:

[20/7/2012 11:42:7] [Error - NpcScript Interface] 
[20/7/2012 11:42:7] (Unknown script file)
[20/7/2012 11:42:7] Description: 
[20/7/2012 11:42:7] attempt to call a nil value
[20/7/2012 11:42:7] stack traceback:
[20/7/2012 11:42:7] 	[C]: in function 'closeShopWindow'
[20/7/2012 11:42:7] 	data/npc/lib/npcsystem/npchandler.lua:225: in function 'releaseFocus'
[20/7/2012 11:42:7] 	data/npc/lib/npcsystem/npchandler.lua:363: in function 'unGreet'
[20/7/2012 11:42:7] 	data/npc/lib/npcsystem/npchandler.lua:576: in function 'onFarewell'
[20/7/2012 11:42:7] 	data/npc/lib/npcsystem/modules.lua:251: in function 'callback'
[20/7/2012 11:42:7] 	data/npc/lib/npcsystem/keywordhandler.lua:41: in function 'processMessage'
[20/7/2012 11:42:7] 	data/npc/lib/npcsystem/keywordhandler.lua:181: in function 'processNodeMessage'
[20/7/2012 11:42:7] 	data/npc/lib/npcsystem/keywordhandler.lua:140: in function 'processMessage'
[20/7/2012 11:42:7] 	data/npc/lib/npcsystem/npchandler.lua:423: in function 'onCreatureSay'
[20/7/2012 11:42:7] 	data/npc/scripts/game/default.lua:8: in function <data/npc/scripts/game/default.lua:8>

[20/7/2012 11:49:34] [Error - NpcScript Interface] 
[20/7/2012 11:49:34] (Unknown script file)
[20/7/2012 11:49:34] Description: 
[20/7/2012 11:49:34] attempt to call a nil value
[20/7/2012 11:49:34] stack traceback:

[20/7/2012 11:49:56] [Error - NpcScript Interface] 
[20/7/2012 11:49:56] (Unknown script file)
[20/7/2012 11:49:56] Description: 
[20/7/2012 11:49:56] attempt to call a nil value
[20/7/2012 11:49:56] stack traceback:

[20/7/2012 11:53:46] [Error - NpcScript Interface] 
[20/7/2012 11:53:46] (Unknown script file)
[20/7/2012 11:53:46] Description: 
[20/7/2012 11:53:46] attempt to call a nil value
[20/7/2012 11:53:46] stack traceback:
[20/7/2012 11:53:46] 	[C]: in function 'closeShopWindow'
[20/7/2012 11:53:46] 	data/npc/lib/npcsystem/npchandler.lua:225: in function 'releaseFocus'
[20/7/2012 11:53:46] 	data/npc/lib/npcsystem/npchandler.lua:591: in function 'onWalkAway'
[20/7/2012 11:53:46] 	data/npc/lib/npcsystem/npchandler.lua:523: in function 'onThink'
[20/7/2012 11:53:46] 	data/npc/scripts/game/default.lua:9: in function <data/npc/scripts/game/default.lua:9>

[20/7/2012 11:59:39] [Error - NpcScript Interface] 
[20/7/2012 11:59:39] (Unknown script file)
[20/7/2012 11:59:39] Description: 
[20/7/2012 11:59:39] attempt to call a nil value
[20/7/2012 11:59:39] stack traceback:
[20/7/2012 11:59:39] 	[C]: in function 'closeShopWindow'
[20/7/2012 11:59:39] 	data/npc/lib/npcsystem/npchandler.lua:225: in function 'releaseFocus'
[20/7/2012 11:59:39] 	data/npc/lib/npcsystem/npchandler.lua:591: in function 'onWalkAway'
[20/7/2012 11:59:39] 	data/npc/lib/npcsystem/npchandler.lua:523: in function 'onThink'
[20/7/2012 11:59:39] 	data/npc/scripts/game/default.lua:9: in function <data/npc/scripts/game/default.lua:9>

[20/7/2012 12:6:26] [Error - NpcScript Interface] 
[20/7/2012 12:6:26] (Unknown script file)
[20/7/2012 12:6:26] Description: 
[20/7/2012 12:6:26] attempt to call a nil value
[20/7/2012 12:6:26] stack traceback:
[20/7/2012 12:11:4] > Saving server...
[20/7/2012 12:11:10] > SAVE: Complete in 5.804 seconds using binary-tilebased house storage.

[20/7/2012 12:13:9] [Error - NpcScript Interface] 
[20/7/2012 12:13:9] (Unknown script file)
[20/7/2012 12:13:9] Description: 
[20/7/2012 12:13:9] attempt to call a nil value
[20/7/2012 12:13:9] stack traceback:

[20/7/2012 12:16:13] [Error - Action Interface] 
[20/7/2012 12:16:13] data/actions/scripts/tools/rope.lua:onUse
[20/7/2012 12:16:13] Description: 
[20/7/2012 12:16:13] (luaGetThingFromPos) Tile not found

[20/7/2012 12:16:17] [Error - Action Interface] 
[20/7/2012 12:16:17] data/actions/scripts/tools/rope.lua:onUse
[20/7/2012 12:16:17] Description: 
[20/7/2012 12:16:17] (luaGetThingFromPos) Tile not found

[20/7/2012 12:16:21] [Error - Action Interface] 
[20/7/2012 12:16:21] data/actions/scripts/tools/rope.lua:onUse
[20/7/2012 12:16:21] Description: 
[20/7/2012 12:16:21] (luaGetThingFromPos) Tile not found

[20/7/2012 12:16:24] [Error - Action Interface] 
[20/7/2012 12:16:24] data/actions/scripts/tools/rope.lua:onUse
[20/7/2012 12:16:24] Description: 
[20/7/2012 12:16:24] (luaGetThingFromPos) Tile not found

[20/7/2012 12:16:28] [Error - Action Interface] 
[20/7/2012 12:16:28] data/actions/scripts/tools/rope.lua:onUse
[20/7/2012 12:16:28] Description: 
[20/7/2012 12:16:28] (luaGetThingFromPos) Tile not found

[20/7/2012 12:16:31] [Error - Action Interface] 
[20/7/2012 12:16:31] data/actions/scripts/tools/rope.lua:onUse
[20/7/2012 12:16:31] Description: 
[20/7/2012 12:16:31] (luaGetThingFromPos) Tile not found

[20/7/2012 12:16:35] [Error - Action Interface] 
[20/7/2012 12:16:35] data/actions/scripts/tools/rope.lua:onUse
[20/7/2012 12:16:35] Description: 
[20/7/2012 12:16:35] (luaGetThingFromPos) Tile not found

[20/7/2012 12:16:38] [Error - Action Interface] 
[20/7/2012 12:16:38] data/actions/scripts/tools/rope.lua:onUse
[20/7/2012 12:16:38] Description: 
[20/7/2012 12:16:38] (luaGetThingFromPos) Tile not found

[20/7/2012 12:16:42] [Error - Action Interface] 
[20/7/2012 12:16:42] data/actions/scripts/tools/rope.lua:onUse
[20/7/2012 12:16:42] Description: 
[20/7/2012 12:16:42] (luaGetThingFromPos) Tile not found

[20/7/2012 12:16:45] [Error - Action Interface] 
[20/7/2012 12:16:45] data/actions/scripts/tools/rope.lua:onUse
[20/7/2012 12:16:45] Description: 
[20/7/2012 12:16:45] (luaGetThingFromPos) Tile not found

[20/7/2012 12:16:48] [Error - Action Interface] 
[20/7/2012 12:16:48] data/actions/scripts/tools/rope.lua:onUse
[20/7/2012 12:16:48] Description: 
[20/7/2012 12:16:48] (luaGetThingFromPos) Tile not found

[20/7/2012 12:16:52] [Error - Action Interface] 
[20/7/2012 12:16:52] data/actions/scripts/tools/rope.lua:onUse
[20/7/2012 12:16:52] Description: 
[20/7/2012 12:16:52] (luaGetThingFromPos) Tile not found

[20/7/2012 12:16:55] [Error - Action Interface] 
[20/7/2012 12:16:55] data/actions/scripts/tools/rope.lua:onUse
[20/7/2012 12:16:55] Description: 
[20/7/2012 12:16:55] (luaGetThingFromPos) Tile not found

[20/7/2012 12:17:16] [Error - Action Interface] 
[20/7/2012 12:17:16] data/actions/scripts/tools/rope.lua:onUse
[20/7/2012 12:17:16] Description: 
[20/7/2012 12:17:16] (luaGetThingFromPos) Tile not found

[20/7/2012 12:17:19] [Error - Action Interface] 
[20/7/2012 12:17:19] data/actions/scripts/tools/rope.lua:onUse
[20/7/2012 12:17:19] Description: 
[20/7/2012 12:17:19] (luaGetThingFromPos) Tile not found

[20/7/2012 12:17:22] [Error - Action Interface] 
[20/7/2012 12:17:22] data/actions/scripts/tools/rope.lua:onUse
[20/7/2012 12:17:22] Description: 
[20/7/2012 12:17:22] (luaGetThingFromPos) Tile not found

[20/7/2012 12:17:28] [Error - Action Interface] 
[20/7/2012 12:17:28] data/actions/scripts/tools/rope.lua:onUse
[20/7/2012 12:17:28] Description: 
[20/7/2012 12:17:28] (luaGetThingFromPos) Tile not found

[20/7/2012 12:17:31] [Error - Action Interface] 
[20/7/2012 12:17:31] data/actions/scripts/tools/rope.lua:onUse
[20/7/2012 12:17:31] Description: 
[20/7/2012 12:17:31] (luaGetThingFromPos) Tile not found

[20/7/2012 12:27:22] [Error - NpcScript Interface] 
[20/7/2012 12:27:22] (Unknown script file)
[20/7/2012 12:27:22] Description: 
[20/7/2012 12:27:22] attempt to call a nil value
[20/7/2012 12:27:22] stack traceback:
[20/7/2012 12:27:22] 	[C]: in function 'closeShopWindow'
[20/7/2012 12:27:22] 	data/npc/lib/npcsystem/npchandler.lua:225: in function 'releaseFocus'
[20/7/2012 12:27:22] 	data/npc/lib/npcsystem/npchandler.lua:591: in function 'onWalkAway'
[20/7/2012 12:27:22] 	data/npc/lib/npcsystem/npchandler.lua:523: in function 'onThink'
[20/7/2012 12:27:22] 	data/npc/scripts/game/default.lua:9: in function <data/npc/scripts/game/default.lua:9>

[20/7/2012 12:30:58] [Error - NpcScript Interface] 
[20/7/2012 12:30:58] (Unknown script file)
[20/7/2012 12:30:58] Description: 
[20/7/2012 12:30:58] attempt to call a nil value
[20/7/2012 12:30:58] stack traceback:
[20/7/2012 12:30:58] 	[C]: in function 'closeShopWindow'
[20/7/2012 12:30:58] 	data/npc/lib/npcsystem/npchandler.lua:225: in function 'releaseFocus'
[20/7/2012 12:30:58] 	data/npc/lib/npcsystem/npchandler.lua:591: in function 'onWalkAway'
[20/7/2012 12:30:58] 	data/npc/lib/npcsystem/npchandler.lua:523: in function 'onThink'
[20/7/2012 12:30:58] 	data/npc/scripts/game/default.lua:9: in function <data/npc/scripts/game/default.lua:9>

[20/7/2012 13:4:18] [Error - NpcScript Interface] 
[20/7/2012 13:4:18] (Unknown script file)
[20/7/2012 13:4:18] Description: 
[20/7/2012 13:4:18] attempt to call a nil value
[20/7/2012 13:4:18] stack traceback:

[20/7/2012 13:4:26] [Error - NpcScript Interface] 
[20/7/2012 13:4:26] (Unknown script file)
[20/7/2012 13:4:26] Description: 
[20/7/2012 13:4:26] attempt to call a nil value
[20/7/2012 13:4:26] stack traceback:
[20/7/2012 13:11:4] > Saving server...
[20/7/2012 13:11:12] > SAVE: Complete in 7.73 seconds using binary-tilebased house storage.

[20/7/2012 13:14:37] [Error - NpcScript Interface] 
[20/7/2012 13:14:37] (Unknown script file)
[20/7/2012 13:14:37] Description: 
[20/7/2012 13:14:37] attempt to call a nil value
[20/7/2012 13:14:37] stack traceback:

[20/7/2012 13:25:52] [Error - NpcScript Interface] 
[20/7/2012 13:25:52] (Unknown script file)
[20/7/2012 13:25:52] Description: 
[20/7/2012 13:25:52] attempt to call a nil value
[20/7/2012 13:25:52] stack traceback:

[20/7/2012 13:34:16] [Error - NpcScript Interface] 
[20/7/2012 13:34:16] (Unknown script file)
[20/7/2012 13:34:16] Description: 
[20/7/2012 13:34:16] attempt to call a nil value
[20/7/2012 13:34:16] stack traceback:
[20/7/2012 13:34:16] 	[C]: in function 'closeShopWindow'
[20/7/2012 13:34:16] 	data/npc/lib/npcsystem/npchandler.lua:225: in function 'releaseFocus'
[20/7/2012 13:34:16] 	data/npc/lib/npcsystem/npchandler.lua:591: in function 'onWalkAway'
[20/7/2012 13:34:16] 	data/npc/lib/npcsystem/npchandler.lua:523: in function 'onThink'
[20/7/2012 13:34:16] 	data/npc/scripts/game/default.lua:9: in function <data/npc/scripts/game/default.lua:9>

[20/7/2012 13:42:16] [Error - NpcScript Interface] 
[20/7/2012 13:42:16] (Unknown script file)
[20/7/2012 13:42:16] Description: 
[20/7/2012 13:42:16] attempt to call a nil value
[20/7/2012 13:42:16] stack traceback:
[20/7/2012 13:42:16] 	[C]: in function 'closeShopWindow'
[20/7/2012 13:42:16] 	data/npc/lib/npcsystem/npchandler.lua:225: in function 'releaseFocus'
[20/7/2012 13:42:16] 	data/npc/lib/npcsystem/npchandler.lua:363: in function 'unGreet'
[20/7/2012 13:42:16] 	data/npc/lib/npcsystem/npchandler.lua:525: in function 'onThink'
[20/7/2012 13:42:16] 	data/npc/scripts/game/default.lua:9: in function <data/npc/scripts/game/default.lua:9>

[20/7/2012 13:53:20] [Error - NpcScript Interface] 
[20/7/2012 13:53:20] (Unknown script file)
[20/7/2012 13:53:20] Description: 
[20/7/2012 13:53:20] attempt to call a nil value
[20/7/2012 13:53:20] stack traceback:
[20/7/2012 13:53:20] 	[C]: in function 'closeShopWindow'
[20/7/2012 13:53:20] 	data/npc/lib/npcsystem/npchandler.lua:225: in function 'releaseFocus'
[20/7/2012 13:53:20] 	data/npc/lib/npcsystem/npchandler.lua:591: in function 'onWalkAway'
[20/7/2012 13:53:20] 	data/npc/lib/npcsystem/npchandler.lua:523: in function 'onThink'
[20/7/2012 13:53:20] 	data/npc/scripts/game/default.lua:9: in function <data/npc/scripts/game/default.lua:9>

[20/7/2012 13:54:53] [Error - Action Interface] 
[20/7/2012 13:54:53] data/actions/scripts/tools/rope.lua:onUse
[20/7/2012 13:54:53] Description: 
[20/7/2012 13:54:53] (luaGetThingFromPos) Tile not found

[20/7/2012 14:10:16] [Error - NpcScript Interface] 
[20/7/2012 14:10:16] (Unknown script file)
[20/7/2012 14:10:16] Description: 
[20/7/2012 14:10:16] attempt to call a nil value
[20/7/2012 14:10:16] stack traceback:
[20/7/2012 14:10:16] 	[C]: in function 'closeShopWindow'
[20/7/2012 14:10:16] 	data/npc/lib/npcsystem/npchandler.lua:225: in function 'releaseFocus'
[20/7/2012 14:10:16] 	data/npc/lib/npcsystem/npchandler.lua:591: in function 'onWalkAway'
[20/7/2012 14:10:16] 	data/npc/lib/npcsystem/npchandler.lua:523: in function 'onThink'
[20/7/2012 14:10:16] 	data/npc/scripts/game/default.lua:9: in function <data/npc/scripts/game/default.lua:9>
[20/7/2012 14:11:4] > Saving server...
[20/7/2012 14:11:12] > SAVE: Complete in 7.875 seconds using binary-tilebased house storage.

[20/7/2012 14:19:53] [Error - NpcScript Interface] 
[20/7/2012 14:19:53] (Unknown script file)
[20/7/2012 14:19:53] Description: 
[20/7/2012 14:19:53] attempt to call a nil value
[20/7/2012 14:19:53] stack traceback:

[20/7/2012 14:21:22] [Error - NpcScript Interface] 
[20/7/2012 14:21:22] (Unknown script file)
[20/7/2012 14:21:22] Description: 
[20/7/2012 14:21:22] attempt to call a nil value
[20/7/2012 14:21:22] stack traceback:
[20/7/2012 14:21:22] 	[C]: in function 'closeShopWindow'
[20/7/2012 14:21:22] 	data/npc/lib/npcsystem/npchandler.lua:225: in function 'releaseFocus'
[20/7/2012 14:21:22] 	data/npc/lib/npcsystem/npchandler.lua:591: in function 'onWalkAway'
[20/7/2012 14:21:22] 	data/npc/lib/npcsystem/npchandler.lua:523: in function 'onThink'
[20/7/2012 14:21:22] 	data/npc/scripts/game/default.lua:9: in function <data/npc/scripts/game/default.lua:9>

[20/7/2012 14:21:26] [Error - NpcScript Interface] 
[20/7/2012 14:21:26] (Unknown script file)
[20/7/2012 14:21:26] Description: 
[20/7/2012 14:21:26] attempt to call a nil value
[20/7/2012 14:21:26] stack traceback:

[20/7/2012 14:29:40] [Error - NpcScript Interface] 
[20/7/2012 14:29:40] (Unknown script file)
[20/7/2012 14:29:40] Description: 
[20/7/2012 14:29:40] attempt to call a nil value
[20/7/2012 14:29:40] stack traceback:

[20/7/2012 14:33:4] [Error - NpcScript Interface] 
[20/7/2012 14:33:4] (Unknown script file)
[20/7/2012 14:33:4] Description: 
[20/7/2012 14:33:4] attempt to call a nil value
[20/7/2012 14:33:4] stack traceback:

[20/7/2012 14:43:22] [Error - NpcScript Interface] 
[20/7/2012 14:43:22] (Unknown script file)
[20/7/2012 14:43:22] Description: 
[20/7/2012 14:43:22] attempt to call a nil value
[20/7/2012 14:43:22] stack traceback:

[20/7/2012 15:5:45] [Error - NpcScript Interface] 
[20/7/2012 15:5:45] (Unknown script file)
[20/7/2012 15:5:45] Description: 
[20/7/2012 15:5:45] attempt to call a nil value
[20/7/2012 15:5:45] stack traceback:
[20/7/2012 15:5:45] 	[C]: in function 'closeShopWindow'
[20/7/2012 15:5:45] 	data/npc/lib/npcsystem/npchandler.lua:225: in function 'releaseFocus'
[20/7/2012 15:5:45] 	data/npc/lib/npcsystem/npchandler.lua:591: in function 'onWalkAway'
[20/7/2012 15:5:45] 	data/npc/lib/npcsystem/npchandler.lua:523: in function 'onThink'
[20/7/2012 15:5:45] 	data/npc/scripts/game/rashid.lua:9: in function <data/npc/scripts/game/rashid.lua:9>

[20/7/2012 15:6:50] [Error - NpcScript Interface] 
[20/7/2012 15:6:50] (Unknown script file)
[20/7/2012 15:6:50] Description: 
[20/7/2012 15:6:50] attempt to call a nil value
[20/7/2012 15:6:50] stack traceback:

[20/7/2012 15:9:59] [Error - NpcScript Interface] 
[20/7/2012 15:9:59] (Unknown script file)
[20/7/2012 15:9:59] Description: 
[20/7/2012 15:9:59] attempt to call a nil value
[20/7/2012 15:9:59] stack traceback:
[20/7/2012 15:9:59] 	[C]: in function 'closeShopWindow'
[20/7/2012 15:9:59] 	data/npc/lib/npcsystem/npchandler.lua:225: in function 'releaseFocus'
[20/7/2012 15:9:59] 	data/npc/lib/npcsystem/npchandler.lua:591: in function 'onWalkAway'
[20/7/2012 15:9:59] 	data/npc/lib/npcsystem/npchandler.lua:523: in function 'onThink'
[20/7/2012 15:9:59] 	data/npc/scripts/game/default.lua:9: in function <data/npc/scripts/game/default.lua:9>
[20/7/2012 15:11:4] > Saving server...
[20/7/2012 15:11:12] > SAVE: Complete in 7.163 seconds using binary-tilebased house storage.
[20/7/2012 15:12:34] > Broadcasted message: "A terra esta tremendo no cemiterio de Quendor!".
[20/7/2012 15:13:34] > Broadcasted message: "Exercitos de criaturas feitas de ossos marcham para Quendor!".
[20/7/2012 15:14:14] > Broadcasted message: "Quendor está sob ataques!".

[20/7/2012 15:17:24] [Error - NpcScript Interface] 
[20/7/2012 15:17:24] (Unknown script file)
[20/7/2012 15:17:24] Description: 
[20/7/2012 15:17:24] attempt to call a nil value
[20/7/2012 15:17:24] stack traceback:
[20/7/2012 15:17:24] 	[C]: in function 'closeShopWindow'
[20/7/2012 15:17:24] 	data/npc/lib/npcsystem/npchandler.lua:225: in function 'releaseFocus'
[20/7/2012 15:17:24] 	data/npc/lib/npcsystem/npchandler.lua:591: in function 'onWalkAway'
[20/7/2012 15:17:24] 	data/npc/lib/npcsystem/npchandler.lua:523: in function 'onThink'
[20/7/2012 15:17:24] 	data/npc/scripts/game/default.lua:9: in function <data/npc/scripts/game/default.lua:9>

[20/7/2012 15:18:10] [Error - NpcScript Interface] 
[20/7/2012 15:18:10] (Unknown script file)
[20/7/2012 15:18:10] Description: 
[20/7/2012 15:18:10] attempt to call a nil value
[20/7/2012 15:18:10] stack traceback:

[20/7/2012 15:31:26] [Error - Action Interface] 
[20/7/2012 15:31:26] data/actions/scripts/other/windows.lua:onUse
[20/7/2012 15:31:26] Description: 
[20/7/2012 15:31:26] (luaGetHouseFromPos) Tile not found

[20/7/2012 15:31:27] [Error - Action Interface] 
[20/7/2012 15:31:27] data/actions/scripts/other/windows.lua:onUse
[20/7/2012 15:31:27] Description: 
[20/7/2012 15:31:27] (luaGetHouseFromPos) Tile not found

[20/7/2012 15:31:28] [Error - Action Interface] 
[20/7/2012 15:31:28] data/actions/scripts/other/windows.lua:onUse
[20/7/2012 15:31:28] Description: 
[20/7/2012 15:31:28] (luaGetHouseFromPos) Tile not found

[20/7/2012 15:50:4] [Error - NpcScript Interface] 
[20/7/2012 15:50:4] (Unknown script file)
[20/7/2012 15:50:4] Description: 
[20/7/2012 15:50:4] attempt to call a nil value
[20/7/2012 15:50:4] stack traceback:
[20/7/2012 15:50:4] 	[C]: in function 'closeShopWindow'
[20/7/2012 15:50:4] 	data/npc/lib/npcsystem/npchandler.lua:225: in function 'releaseFocus'
[20/7/2012 15:50:4] 	data/npc/lib/npcsystem/npchandler.lua:591: in function 'onWalkAway'
[20/7/2012 15:50:4] 	data/npc/lib/npcsystem/npchandler.lua:523: in function 'onThink'
[20/7/2012 15:50:4] 	data/npc/scripts/game/default.lua:9: in function <data/npc/scripts/game/default.lua:9>

[20/7/2012 15:55:36] [Error - NpcScript Interface] 
[20/7/2012 15:55:36] (Unknown script file)
[20/7/2012 15:55:36] Description: 
[20/7/2012 15:55:36] attempt to call a nil value
[20/7/2012 15:55:36] stack traceback:
[20/7/2012 15:55:36] 	[C]: in function 'closeShopWindow'
[20/7/2012 15:55:36] 	data/npc/lib/npcsystem/npchandler.lua:225: in function 'releaseFocus'
[20/7/2012 15:55:36] 	data/npc/lib/npcsystem/npchandler.lua:591: in function 'onWalkAway'
[20/7/2012 15:55:36] 	data/npc/lib/npcsystem/npchandler.lua:523: in function 'onThink'
[20/7/2012 15:55:36] 	data/npc/scripts/game/default.lua:9: in function <data/npc/scripts/game/default.lua:9>

[20/7/2012 15:58:28] [Error - NpcScript Interface] 
[20/7/2012 15:58:28] (Unknown script file)
[20/7/2012 15:58:28] Description: 
[20/7/2012 15:58:28] attempt to call a nil value
[20/7/2012 15:58:28] stack traceback:
[20/7/2012 15:58:28] 	[C]: in function 'closeShopWindow'
[20/7/2012 15:58:28] 	data/npc/lib/npcsystem/npchandler.lua:225: in function 'releaseFocus'
[20/7/2012 15:58:28] 	data/npc/lib/npcsystem/npchandler.lua:591: in function 'onWalkAway'
[20/7/2012 15:58:28] 	data/npc/lib/npcsystem/npchandler.lua:523: in function 'onThink'
[20/7/2012 15:58:28] 	data/npc/scripts/game/default.lua:9: in function <data/npc/scripts/game/default.lua:9>

[20/7/2012 16:0:16] [Error - NpcScript Interface] 
[20/7/2012 16:0:16] (Unknown script file)
[20/7/2012 16:0:16] Description: 
[20/7/2012 16:0:16] attempt to call a nil value
[20/7/2012 16:0:16] stack traceback:
[20/7/2012 16:0:16] 	[C]: in function 'closeShopWindow'
[20/7/2012 16:0:16] 	data/npc/lib/npcsystem/npchandler.lua:225: in function 'releaseFocus'
[20/7/2012 16:0:16] 	data/npc/lib/npcsystem/npchandler.lua:591: in function 'onWalkAway'
[20/7/2012 16:0:16] 	data/npc/lib/npcsystem/npchandler.lua:523: in function 'onThink'
[20/7/2012 16:0:16] 	data/npc/scripts/game/default.lua:9: in function <data/npc/scripts/game/default.lua:9>

[20/7/2012 16:1:48] [Error - NpcScript Interface] 
[20/7/2012 16:1:48] (Unknown script file)
[20/7/2012 16:1:48] Description: 
[20/7/2012 16:1:48] attempt to call a nil value
[20/7/2012 16:1:48] stack traceback:
[20/7/2012 16:1:48] 	[C]: in function 'closeShopWindow'
[20/7/2012 16:1:48] 	data/npc/lib/npcsystem/npchandler.lua:225: in function 'releaseFocus'
[20/7/2012 16:1:48] 	data/npc/lib/npcsystem/npchandler.lua:591: in function 'onWalkAway'
[20/7/2012 16:1:48] 	data/npc/lib/npcsystem/npchandler.lua:523: in function 'onThink'
[20/7/2012 16:1:48] 	data/npc/scripts/game/default.lua:9: in function <data/npc/scripts/game/default.lua:9>

[20/7/2012 16:6:51] [Error - NpcScript Interface] 
[20/7/2012 16:6:51] (Unknown script file)
[20/7/2012 16:6:51] Description: 
[20/7/2012 16:6:51] attempt to call a nil value
[20/7/2012 16:6:51] stack traceback:

[20/7/2012 16:10:13] [Error - NpcScript Interface] 
[20/7/2012 16:10:13] (Unknown script file)
[20/7/2012 16:10:13] Description: 
[20/7/2012 16:10:13] attempt to call a nil value
[20/7/2012 16:10:13] stack traceback:
[20/7/2012 16:10:47] [Warning - Protocol::RSA_decrypt] Not valid packet size (IP: 201.94.163.171)
[20/7/2012 16:11:4] > Saving server...
[20/7/2012 16:11:12] > SAVE: Complete in 7.661 seconds using binary-tilebased house storage.

[20/7/2012 16:14:28] [Error - NpcScript Interface] 
[20/7/2012 16:14:28] (Unknown script file)
[20/7/2012 16:14:28] Description: 
[20/7/2012 16:14:28] attempt to call a nil value
[20/7/2012 16:14:28] stack traceback:
[20/7/2012 16:14:28] 	[C]: in function 'closeShopWindow'
[20/7/2012 16:14:28] 	data/npc/lib/npcsystem/npchandler.lua:225: in function 'releaseFocus'
[20/7/2012 16:14:28] 	data/npc/lib/npcsystem/npchandler.lua:591: in function 'onWalkAway'
[20/7/2012 16:14:28] 	data/npc/lib/npcsystem/npchandler.lua:523: in function 'onThink'
[20/7/2012 16:14:28] 	data/npc/scripts/game/default.lua:9: in function <data/npc/scripts/game/default.lua:9>

[20/7/2012 16:15:18] [Error - NpcScript Interface] 
[20/7/2012 16:15:18] (Unknown script file)
[20/7/2012 16:15:18] Description: 
[20/7/2012 16:15:18] attempt to call a nil value
[20/7/2012 16:15:18] stack traceback:

[20/7/2012 16:18:53] [Error - NpcScript Interface] 
[20/7/2012 16:18:53] (Unknown script file)
[20/7/2012 16:18:53] Description: 
[20/7/2012 16:18:53] attempt to call a nil value
[20/7/2012 16:18:53] stack traceback:
[20/7/2012 16:18:53] 	[C]: in function 'closeShopWindow'
[20/7/2012 16:18:53] 	data/npc/lib/npcsystem/npchandler.lua:225: in function 'releaseFocus'
[20/7/2012 16:18:53] 	data/npc/lib/npcsystem/npchandler.lua:591: in function 'onWalkAway'
[20/7/2012 16:18:53] 	data/npc/lib/npcsystem/npchandler.lua:523: in function 'onThink'
[20/7/2012 16:18:53] 	data/npc/scripts/game/default.lua:9: in function <data/npc/scripts/game/default.lua:9>

[20/7/2012 16:23:45] [Error - NpcScript Interface] 
[20/7/2012 16:23:45] (Unknown script file)
[20/7/2012 16:23:45] Description: 
[20/7/2012 16:23:45] attempt to call a nil value
[20/7/2012 16:23:45] stack traceback:
[20/7/2012 16:23:45] 	[C]: in function 'closeShopWindow'
[20/7/2012 16:23:45] 	data/npc/lib/npcsystem/npchandler.lua:225: in function 'releaseFocus'
[20/7/2012 16:23:45] 	data/npc/lib/npcsystem/npchandler.lua:591: in function 'onWalkAway'
[20/7/2012 16:23:45] 	data/npc/lib/npcsystem/npchandler.lua:523: in function 'onThink'
[20/7/2012 16:23:45] 	data/npc/scripts/game/default.lua:9: in function <data/npc/scripts/game/default.lua:9>

[20/7/2012 16:32:36] [Error - NpcScript Interface] 
[20/7/2012 16:32:36] (Unknown script file)
[20/7/2012 16:32:36] Description: 
[20/7/2012 16:32:36] attempt to call a nil value
[20/7/2012 16:32:36] stack traceback:
[20/7/2012 16:32:36] 	[C]: in function 'closeShopWindow'
[20/7/2012 16:32:36] 	data/npc/lib/npcsystem/npchandler.lua:225: in function 'releaseFocus'
[20/7/2012 16:32:36] 	data/npc/lib/npcsystem/npchandler.lua:591: in function 'onWalkAway'
[20/7/2012 16:32:36] 	data/npc/lib/npcsystem/npchandler.lua:523: in function 'onThink'
[20/7/2012 16:32:36] 	data/npc/scripts/game/default.lua:9: in function <data/npc/scripts/game/default.lua:9>

[20/7/2012 16:36:34] [Error - NpcScript Interface] 
[20/7/2012 16:36:34] (Unknown script file)
[20/7/2012 16:36:34] Description: 
[20/7/2012 16:36:34] attempt to call a nil value
[20/7/2012 16:36:34] stack traceback:

[20/7/2012 16:41:20] [Error - MoveEvents Interface] 
[20/7/2012 16:41:20] In a timer event called from: 
[20/7/2012 16:41:20] data/movements/scripts/game/teleport.lua:onStepIn
[20/7/2012 16:41:20] Description: 
[20/7/2012 16:41:20] (luaDoPlayerSendTextMessage) Player not found

[20/7/2012 16:41:20] [Error - MoveEvents Interface] 
[20/7/2012 16:41:20] In a timer event called from: 
[20/7/2012 16:41:20] data/movements/scripts/game/teleport.lua:onStepIn
[20/7/2012 16:41:20] Description: 
[20/7/2012 16:41:20] (luaDoTeleportThing) Thing not found

[20/7/2012 16:41:20] [Error - MoveEvents Interface] 
[20/7/2012 16:41:20] In a timer event called from: 
[20/7/2012 16:41:20] data/movements/scripts/game/teleport.lua:onStepIn
[20/7/2012 16:41:20] Description: 
[20/7/2012 16:41:20] (luaGetThingPosition) Thing not found

[20/7/2012 16:41:20] [Error - MoveEvents Interface] 
[20/7/2012 16:41:20] In a timer event called from: 
[20/7/2012 16:41:20] data/movements/scripts/game/teleport.lua:onStepIn
[20/7/2012 16:41:20] Description: 
[20/7/2012 16:41:20] (luaGetCreatureStorage) Creature not found

[20/7/2012 16:41:20] [Error - MoveEvents Interface] 
[20/7/2012 16:41:20] In a timer event called from: 
[20/7/2012 16:41:20] data/movements/scripts/game/teleport.lua:onStepIn
[20/7/2012 16:41:20] Description: 
[20/7/2012 16:41:20] (luaGetCreatureStorage) Creature not found

[20/7/2012 16:41:20] [Error - MoveEvents Interface] 
[20/7/2012 16:41:20] In a timer event called from: 
[20/7/2012 16:41:20] data/movements/scripts/game/teleport.lua:onStepIn
[20/7/2012 16:41:20] Description: 
[20/7/2012 16:41:20] data/lib/darghos/arena.lua:138: attempt to index field '?' (a nil value)
[20/7/2012 16:41:20] stack traceback:
[20/7/2012 16:41:20] 	data/lib/darghos/arena.lua:138: in function 'onLeave'
[20/7/2012 16:41:20] 	data/lib/darghos/arena.lua:186: in function <data/lib/darghos/arena.lua:181>

[20/7/2012 16:42:18] [Error - Spell Interface] 
[20/7/2012 16:42:18] In a callback: data/spells/scripts/summon/undead_legion.lua:onTargetCorpse
[20/7/2012 16:42:18] (Unknown script file)
[20/7/2012 16:42:18] Description: 
[20/7/2012 16:42:18] data/spells/scripts/summon/undead_legion.lua:13: attempt to call global 'doPlayerSummonCreature' (a nil value)
[20/7/2012 16:42:18] stack traceback:
[20/7/2012 16:42:18] 	data/spells/scripts/summon/undead_legion.lua:13: in function <data/spells/scripts/summon/undead_legion.lua:7>
[20/7/2012 16:42:18] 	[C]: in function 'doCombat'
[20/7/2012 16:42:18] 	data/spells/scripts/summon/undead_legion.lua:19: in function <data/spells/scripts/summon/undead_legion.lua:18>

[20/7/2012 16:42:18] [Error - Spell Interface] 
[20/7/2012 16:42:18] In a callback: data/spells/scripts/summon/undead_legion.lua:onTargetCorpse
[20/7/2012 16:42:18] (Unknown script file)
[20/7/2012 16:42:18] Description: 
[20/7/2012 16:42:18] data/spells/scripts/summon/undead_legion.lua:13: attempt to call global 'doPlayerSummonCreature' (a nil value)
[20/7/2012 16:42:18] stack traceback:
[20/7/2012 16:42:18] 	data/spells/scripts/summon/undead_legion.lua:13: in function <data/spells/scripts/summon/undead_legion.lua:7>
[20/7/2012 16:42:18] 	[C]: in function 'doCombat'
[20/7/2012 16:42:18] 	data/spells/scripts/summon/undead_legion.lua:19: in function <data/spells/scripts/summon/undead_legion.lua:18>

[20/7/2012 16:55:45] [Error - Spell Interface] 
[20/7/2012 16:55:45] data/spells/scripts/support/destroy_field_rune.lua:onCastSpell
[20/7/2012 16:55:45] Description: 
[20/7/2012 16:55:45] (luaDoRemoveItem) Item not found

[20/7/2012 17:3:44] [Error - NpcScript Interface] 
[20/7/2012 17:3:44] (Unknown script file)
[20/7/2012 17:3:44] Description: 
[20/7/2012 17:3:44] attempt to call a nil value
[20/7/2012 17:3:44] stack traceback:
[20/7/2012 17:3:44] 	[C]: in function 'closeShopWindow'
[20/7/2012 17:3:44] 	data/npc/lib/npcsystem/npchandler.lua:225: in function 'releaseFocus'
[20/7/2012 17:3:44] 	data/npc/lib/npcsystem/npchandler.lua:591: in function 'onWalkAway'
[20/7/2012 17:3:44] 	data/npc/lib/npcsystem/npchandler.lua:523: in function 'onThink'
[20/7/2012 17:3:44] 	data/npc/scripts/game/default.lua:9: in function <data/npc/scripts/game/default.lua:9>

[20/7/2012 17:4:38] [Error - NpcScript Interface] 
[20/7/2012 17:4:38] (Unknown script file)
[20/7/2012 17:4:38] Description: 
[20/7/2012 17:4:38] attempt to call a nil value
[20/7/2012 17:4:38] stack traceback:
[20/7/2012 17:11:5] > Saving server...
[20/7/2012 17:11:13] > SAVE: Complete in 8.362 seconds using binary-tilebased house storage.

[20/7/2012 17:13:16] [Error - NpcScript Interface] 
[20/7/2012 17:13:16] (Unknown script file)
[20/7/2012 17:13:16] Description: 
[20/7/2012 17:13:16] attempt to call a nil value
[20/7/2012 17:13:16] stack traceback:
[20/7/2012 17:13:16] 	[C]: in function 'closeShopWindow'
[20/7/2012 17:13:16] 	data/npc/lib/npcsystem/npchandler.lua:225: in function 'releaseFocus'
[20/7/2012 17:13:16] 	data/npc/lib/npcsystem/npchandler.lua:591: in function 'onWalkAway'
[20/7/2012 17:13:16] 	data/npc/lib/npcsystem/npchandler.lua:523: in function 'onThink'
[20/7/2012 17:13:16] 	data/npc/scripts/game/default.lua:9: in function <data/npc/scripts/game/default.lua:9>

[20/7/2012 17:30:41] [Error - NpcScript Interface] 
[20/7/2012 17:30:41] (Unknown script file)
[20/7/2012 17:30:41] Description: 
[20/7/2012 17:30:41] attempt to call a nil value
[20/7/2012 17:30:41] stack traceback:

[20/7/2012 17:31:19] [Error - NpcScript Interface] 
[20/7/2012 17:31:19] (Unknown script file)
[20/7/2012 17:31:19] Description: 
[20/7/2012 17:31:19] attempt to call a nil value
[20/7/2012 17:31:19] stack traceback:

[20/7/2012 17:50:43] [Error - NpcScript Interface] 
[20/7/2012 17:50:43] (Unknown script file)
[20/7/2012 17:50:43] Description: 
[20/7/2012 17:50:43] attempt to call a nil value
[20/7/2012 17:50:43] stack traceback:
[20/7/2012 17:50:43] 	[C]: in function 'closeShopWindow'
[20/7/2012 17:50:43] 	data/npc/lib/npcsystem/npchandler.lua:225: in function 'releaseFocus'
[20/7/2012 17:50:43] 	data/npc/lib/npcsystem/npchandler.lua:591: in function 'onWalkAway'
[20/7/2012 17:50:43] 	data/npc/lib/npcsystem/npchandler.lua:523: in function 'onThink'
[20/7/2012 17:50:43] 	data/npc/scripts/game/default.lua:9: in function <data/npc/scripts/game/default.lua:9>

[20/7/2012 17:57:14] [Error - Spell Interface] 
[20/7/2012 17:57:14] data/spells/scripts/support/destroy_field_rune.lua:onCastSpell
[20/7/2012 17:57:14] Description: 
[20/7/2012 17:57:14] (luaDoRemoveItem) Item not found

[20/7/2012 18:1:59] [Error - NpcScript Interface] 
[20/7/2012 18:1:59] (Unknown script file)
[20/7/2012 18:1:59] Description: 
[20/7/2012 18:1:59] attempt to call a nil value
[20/7/2012 18:1:59] stack traceback:
[20/7/2012 18:1:59] 	[C]: in function 'closeShopWindow'
[20/7/2012 18:1:59] 	data/npc/lib/npcsystem/npchandler.lua:225: in function 'releaseFocus'
[20/7/2012 18:1:59] 	data/npc/lib/npcsystem/npchandler.lua:591: in function 'onWalkAway'
[20/7/2012 18:1:59] 	data/npc/lib/npcsystem/npchandler.lua:523: in function 'onThink'
[20/7/2012 18:1:59] 	data/npc/scripts/game/default.lua:9: in function <data/npc/scripts/game/default.lua:9>
[20/7/2012 18:11:5] > Saving server...
[20/7/2012 18:11:14] > SAVE: Complete in 9.13 seconds using binary-tilebased house storage.

[20/7/2012 18:15:28] [Error - NpcScript Interface] 
[20/7/2012 18:15:28] (Unknown script file)
[20/7/2012 18:15:28] Description: 
[20/7/2012 18:15:28] attempt to call a nil value
[20/7/2012 18:15:28] stack traceback:

[20/7/2012 18:17:32] [Error - NpcScript Interface] 
[20/7/2012 18:17:32] (Unknown script file)
[20/7/2012 18:17:32] Description: 
[20/7/2012 18:17:32] attempt to call a nil value
[20/7/2012 18:17:32] stack traceback:
[20/7/2012 18:17:32] 	[C]: in function 'closeShopWindow'
[20/7/2012 18:17:32] 	data/npc/lib/npcsystem/npchandler.lua:225: in function 'releaseFocus'
[20/7/2012 18:17:32] 	data/npc/lib/npcsystem/npchandler.lua:591: in function 'onWalkAway'
[20/7/2012 18:17:32] 	data/npc/lib/npcsystem/npchandler.lua:523: in function 'onThink'
[20/7/2012 18:17:32] 	data/npc/scripts/game/default.lua:9: in function <data/npc/scripts/game/default.lua:9>

[20/7/2012 18:22:32] [Error - NpcScript Interface] 
[20/7/2012 18:22:32] (Unknown script file)
[20/7/2012 18:22:32] Description: 
[20/7/2012 18:22:32] attempt to call a nil value
[20/7/2012 18:22:32] stack traceback:
[20/7/2012 18:22:32] 	[C]: in function 'closeShopWindow'
[20/7/2012 18:22:32] 	data/npc/lib/npcsystem/npchandler.lua:225: in function 'releaseFocus'
[20/7/2012 18:22:32] 	data/npc/lib/npcsystem/npchandler.lua:591: in function 'onWalkAway'
[20/7/2012 18:22:32] 	data/npc/lib/npcsystem/npchandler.lua:523: in function 'onThink'
[20/7/2012 18:22:32] 	data/npc/scripts/game/default.lua:9: in function <data/npc/scripts/game/default.lua:9>

[20/7/2012 18:37:5] [Error - NpcScript Interface] 
[20/7/2012 18:37:5] (Unknown script file)
[20/7/2012 18:37:5] Description: 
[20/7/2012 18:37:5] attempt to call a nil value
[20/7/2012 18:37:5] stack traceback:

[20/7/2012 18:55:52] [Error - NpcScript Interface] 
[20/7/2012 18:55:52] (Unknown script file)
[20/7/2012 18:55:52] Description: 
[20/7/2012 18:55:52] attempt to call a nil value
[20/7/2012 18:55:52] stack traceback:

[20/7/2012 18:59:12] [Error - NpcScript Interface] 
[20/7/2012 18:59:12] (Unknown script file)
[20/7/2012 18:59:12] Description: 
[20/7/2012 18:59:12] attempt to call a nil value
[20/7/2012 18:59:12] stack traceback:
[20/7/2012 18:59:12] 	[C]: in function 'closeShopWindow'
[20/7/2012 18:59:12] 	data/npc/lib/npcsystem/npchandler.lua:225: in function 'releaseFocus'
[20/7/2012 18:59:12] 	data/npc/lib/npcsystem/npchandler.lua:591: in function 'onWalkAway'
[20/7/2012 18:59:12] 	data/npc/lib/npcsystem/npchandler.lua:523: in function 'onThink'
[20/7/2012 18:59:12] 	data/npc/scripts/game/blacksmith.lua:9: in function <data/npc/scripts/game/blacksmith.lua:9>
[20/7/2012 19:0:16] [Failure - Protocol::XTEA_decrypt] Not valid unencrypted message size (IP: 177.2.131.111)
[20/7/2012 19:0:16] [Failure - Protocol::XTEA_decrypt] Not valid unencrypted message size (IP: 177.2.131.111)
[20/7/2012 19:0:17] [Failure - Protocol::XTEA_decrypt] Not valid unencrypted message size (IP: 177.2.131.111)
[20/7/2012 19:0:18] [Failure - Protocol::XTEA_decrypt] Not valid unencrypted message size (IP: 177.2.131.111)
[20/7/2012 19:0:24] [Failure - Protocol::XTEA_decrypt] Not valid unencrypted message size (IP: 177.2.131.111)
[20/7/2012 19:0:24] [Failure - Protocol::XTEA_decrypt] Not valid unencrypted message size (IP: 177.2.131.111)
[20/7/2012 19:0:30] [Failure - Protocol::XTEA_decrypt] Not valid unencrypted message size (IP: 177.2.131.111)
[20/7/2012 19:0:30] [Failure - Protocol::XTEA_decrypt] Not valid unencrypted message size (IP: 177.2.131.111)
[20/7/2012 19:0:55] [Failure - Protocol::XTEA_decrypt] Not valid unencrypted message size (IP: 177.2.131.111)
[20/7/2012 19:0:55] [Failure - Protocol::XTEA_decrypt] Not valid unencrypted message size (IP: 177.2.131.111)
[20/7/2012 19:0:56] [Failure - Protocol::XTEA_decrypt] Not valid unencrypted message size (IP: 177.2.131.111)
[20/7/2012 19:0:56] [Failure - Protocol::XTEA_decrypt] Not valid unencrypted message size (IP: 177.2.131.111)
[20/7/2012 19:1:5] [Failure - Protocol::XTEA_decrypt] Not valid unencrypted message size (IP: 177.2.131.111)
[20/7/2012 19:1:5] [Failure - Protocol::XTEA_decrypt] Not valid unencrypted message size (IP: 177.2.131.111)

[20/7/2012 19:3:36] [Error - NpcScript Interface] 
[20/7/2012 19:3:36] (Unknown script file)
[20/7/2012 19:3:36] Description: 
[20/7/2012 19:3:36] attempt to call a nil value
[20/7/2012 19:3:36] stack traceback:
[20/7/2012 19:3:36] 	[C]: in function 'closeShopWindow'
[20/7/2012 19:3:36] 	data/npc/lib/npcsystem/npchandler.lua:225: in function 'releaseFocus'
[20/7/2012 19:3:36] 	data/npc/lib/npcsystem/npchandler.lua:591: in function 'onWalkAway'
[20/7/2012 19:3:36] 	data/npc/lib/npcsystem/npchandler.lua:523: in function 'onThink'
[20/7/2012 19:3:36] 	data/npc/scripts/game/default.lua:9: in function <data/npc/scripts/game/default.lua:9>

[20/7/2012 19:9:26] [Error - NpcScript Interface] 
[20/7/2012 19:9:26] (Unknown script file)
[20/7/2012 19:9:26] Description: 
[20/7/2012 19:9:26] attempt to call a nil value
[20/7/2012 19:9:26] stack traceback:
[20/7/2012 19:11:5] > Saving server...
[20/7/2012 19:11:12] > SAVE: Complete in 7.75 seconds using binary-tilebased house storage.

[20/7/2012 19:17:44] [Error - NpcScript Interface] 
[20/7/2012 19:17:44] (Unknown script file)
[20/7/2012 19:17:44] Description: 
[20/7/2012 19:17:44] attempt to call a nil value
[20/7/2012 19:17:44] stack traceback:

[20/7/2012 19:23:42] [Error - NpcScript Interface] 
[20/7/2012 19:23:42] (Unknown script file)
[20/7/2012 19:23:42] Description: 
[20/7/2012 19:23:42] attempt to call a nil value
[20/7/2012 19:23:42] stack traceback:
[20/7/2012 19:26:35] > Broadcasted message: "A terra esta tremendo no cemiterio de Quendor!".
[20/7/2012 19:27:35] > Broadcasted message: "Exercitos de criaturas feitas de ossos marcham para Quendor!".

[20/7/2012 19:27:55] [Error - NpcScript Interface] 
[20/7/2012 19:27:55] (Unknown script file)
[20/7/2012 19:27:55] Description: 
[20/7/2012 19:27:55] attempt to call a nil value
[20/7/2012 19:27:55] stack traceback:
[20/7/2012 19:27:55] 	[C]: in function 'closeShopWindow'
[20/7/2012 19:27:55] 	data/npc/lib/npcsystem/npchandler.lua:225: in function 'releaseFocus'
[20/7/2012 19:27:55] 	data/npc/lib/npcsystem/npchandler.lua:591: in function 'onWalkAway'
[20/7/2012 19:27:55] 	data/npc/lib/npcsystem/npchandler.lua:523: in function 'onThink'
[20/7/2012 19:27:55] 	data/npc/scripts/game/default.lua:9: in function <data/npc/scripts/game/default.lua:9>
[20/7/2012 19:28:15] > Broadcasted message: "Quendor está sob ataques!".

[20/7/2012 19:31:1] [Error - Spell Interface] 
[20/7/2012 19:31:1] data/spells/scripts/support/destroy_field_rune.lua:onCastSpell
[20/7/2012 19:31:1] Description: 
[20/7/2012 19:31:1] (luaDoRemoveItem) Item not found

[20/7/2012 19:43:29] [Error - NpcScript Interface] 
[20/7/2012 19:43:29] (Unknown script file)
[20/7/2012 19:43:29] Description: 
[20/7/2012 19:43:29] attempt to call a nil value
[20/7/2012 19:43:29] stack traceback:
[20/7/2012 19:46:5] [Warning - Protocol::RSA_decrypt] Not valid packet size (IP: 177.2.131.111)

[20/7/2012 19:47:27] [Error - NpcScript Interface] 
[20/7/2012 19:47:27] (Unknown script file)
[20/7/2012 19:47:27] Description: 
[20/7/2012 19:47:27] attempt to call a nil value
[20/7/2012 19:47:27] stack traceback:
[20/7/2012 19:47:27] 	[C]: in function 'closeShopWindow'
[20/7/2012 19:47:27] 	data/npc/lib/npcsystem/npchandler.lua:225: in function 'releaseFocus'
[20/7/2012 19:47:27] 	data/npc/lib/npcsystem/npchandler.lua:591: in function 'onWalkAway'
[20/7/2012 19:47:27] 	data/npc/lib/npcsystem/npchandler.lua:523: in function 'onThink'
[20/7/2012 19:47:27] 	data/npc/scripts/game/rashid.lua:9: in function <data/npc/scripts/game/rashid.lua:9>
[20/7/2012 19:54:35] [Failure - Protocol::XTEA_decrypt] Not valid unencrypted message size (IP: 177.2.131.111)
[20/7/2012 19:54:35] [Failure - Protocol::XTEA_decrypt] Not valid unencrypted message size (IP: 177.2.131.111)
[20/7/2012 19:54:39] [Failure - Protocol::XTEA_decrypt] Not valid unencrypted message size (IP: 177.2.131.111)
[20/7/2012 19:54:39] [Failure - Protocol::XTEA_decrypt] Not valid unencrypted message size (IP: 177.2.131.111)
[20/7/2012 19:54:44] [Failure - Protocol::XTEA_decrypt] Not valid unencrypted message size (IP: 177.2.131.111)
[20/7/2012 19:54:44] [Failure - Protocol::XTEA_decrypt] Not valid unencrypted message size (IP: 177.2.131.111)

[20/7/2012 19:57:46] [Error - NpcScript Interface] 
[20/7/2012 19:57:46] (Unknown script file)
[20/7/2012 19:57:46] Description: 
[20/7/2012 19:57:46] attempt to call a nil value
[20/7/2012 19:57:46] stack traceback:
[20/7/2012 19:57:46] 	[C]: in function 'closeShopWindow'
[20/7/2012 19:57:46] 	data/npc/lib/npcsystem/npchandler.lua:225: in function 'releaseFocus'
[20/7/2012 19:57:46] 	data/npc/lib/npcsystem/npchandler.lua:591: in function 'onWalkAway'
[20/7/2012 19:57:46] 	data/npc/lib/npcsystem/npchandler.lua:523: in function 'onThink'
[20/7/2012 19:57:46] 	data/npc/scripts/game/default.lua:9: in function <data/npc/scripts/game/default.lua:9>

[20/7/2012 19:58:38] [Error - Action Interface] 
[20/7/2012 19:58:38] data/actions/scripts/tools/pick.lua:onUse
[20/7/2012 19:58:38] Description: 
[20/7/2012 19:58:38] (luaGetThingFromPos) Tile not found
[20/7/2012 19:59:11] [Failure - Protocol::XTEA_decrypt] Not valid unencrypted message size (IP: 177.2.131.111)

[20/7/2012 20:6:37] [Error - NpcScript Interface] 
[20/7/2012 20:6:37] (Unknown script file)
[20/7/2012 20:6:37] Description: 
[20/7/2012 20:6:37] attempt to call a nil value
[20/7/2012 20:6:37] stack traceback:

[20/7/2012 20:6:50] [Error - NpcScript Interface] 
[20/7/2012 20:6:50] (Unknown script file)
[20/7/2012 20:6:50] Description: 
[20/7/2012 20:6:50] attempt to call a nil value
[20/7/2012 20:6:50] stack traceback:
[20/7/2012 20:6:50] 	[C]: in function 'closeShopWindow'
[20/7/2012 20:6:50] 	data/npc/lib/npcsystem/npchandler.lua:225: in function 'releaseFocus'
[20/7/2012 20:6:50] 	data/npc/lib/npcsystem/npchandler.lua:591: in function 'onWalkAway'
[20/7/2012 20:6:50] 	data/npc/lib/npcsystem/npchandler.lua:523: in function 'onThink'
[20/7/2012 20:6:50] 	data/npc/scripts/game/default.lua:9: in function <data/npc/scripts/game/default.lua:9>

[20/7/2012 20:10:38] [Error - NpcScript Interface] 
[20/7/2012 20:10:38] (Unknown script file)
[20/7/2012 20:10:38] Description: 
[20/7/2012 20:10:38] attempt to call a nil value
[20/7/2012 20:10:38] stack traceback:
[20/7/2012 20:11:5] > Saving server...
[20/7/2012 20:11:13] > SAVE: Complete in 8.123 seconds using binary-tilebased house storage.

[20/7/2012 20:12:49] [Error - NpcScript Interface] 
[20/7/2012 20:12:49] (Unknown script file)
[20/7/2012 20:12:49] Description: 
[20/7/2012 20:12:49] attempt to call a nil value
[20/7/2012 20:12:49] stack traceback:
[20/7/2012 20:12:49] 	[C]: in function 'closeShopWindow'
[20/7/2012 20:12:49] 	data/npc/lib/npcsystem/npchandler.lua:225: in function 'releaseFocus'
[20/7/2012 20:12:49] 	data/npc/lib/npcsystem/npchandler.lua:591: in function 'onWalkAway'
[20/7/2012 20:12:49] 	data/npc/lib/npcsystem/npchandler.lua:523: in function 'onThink'
[20/7/2012 20:12:49] 	data/npc/scripts/game/default.lua:9: in function <data/npc/scripts/game/default.lua:9>

[20/7/2012 20:15:31] [Error - NpcScript Interface] 
[20/7/2012 20:15:31] (Unknown script file)
[20/7/2012 20:15:31] Description: 
[20/7/2012 20:15:31] attempt to call a nil value
[20/7/2012 20:15:31] stack traceback:
[20/7/2012 20:20:30] [Failure - Protocol::XTEA_decrypt] Not valid unencrypted message size (IP: 177.2.131.111)
[20/7/2012 20:20:30] [Failure - Protocol::XTEA_decrypt] Not valid unencrypted message size (IP: 177.2.131.111)
[20/7/2012 20:20:33] [Failure - Protocol::XTEA_decrypt] Not valid unencrypted message size (IP: 177.2.131.111)
[20/7/2012 20:20:33] [Failure - Protocol::XTEA_decrypt] Not valid unencrypted message size (IP: 177.2.131.111)

[20/7/2012 20:22:40] [Error - Action Interface] 
[20/7/2012 20:22:40] data/actions/scripts/tools/rope.lua:onUse
[20/7/2012 20:22:40] Description: 
[20/7/2012 20:22:40] (luaGetThingFromPos) Tile not found

[20/7/2012 20:29:52] [Error - NpcScript Interface] 
[20/7/2012 20:29:52] (Unknown script file)
[20/7/2012 20:29:52] Description: 
[20/7/2012 20:29:52] attempt to call a nil value
[20/7/2012 20:29:52] stack traceback:

[20/7/2012 20:35:38] [Error - Action Interface] 
[20/7/2012 20:35:38] data/actions/scripts/tools/pick.lua:onUse
[20/7/2012 20:35:38] Description: 
[20/7/2012 20:35:38] (luaGetThingFromPos) Tile not found

[20/7/2012 20:35:49] [Error - Action Interface] 
[20/7/2012 20:35:49] data/actions/scripts/tools/pick.lua:onUse
[20/7/2012 20:35:49] Description: 
[20/7/2012 20:35:49] (luaGetThingFromPos) Tile not found

[20/7/2012 20:36:25] [Error - Action Interface] 
[20/7/2012 20:36:25] data/actions/scripts/tools/pick.lua:onUse
[20/7/2012 20:36:25] Description: 
[20/7/2012 20:36:25] (luaGetThingFromPos) Tile not found

[20/7/2012 20:37:16] [Error - Action Interface] 
[20/7/2012 20:37:16] data/actions/scripts/tools/pick.lua:onUse
[20/7/2012 20:37:16] Description: 
[20/7/2012 20:37:16] (luaGetThingFromPos) Tile not found

[20/7/2012 20:47:43] [Error - NpcScript Interface] 
[20/7/2012 20:47:43] (Unknown script file)
[20/7/2012 20:47:43] Description: 
[20/7/2012 20:47:43] attempt to call a nil value
[20/7/2012 20:47:43] stack traceback:

[20/7/2012 20:53:54] [Error - NpcScript Interface] 
[20/7/2012 20:53:54] (Unknown script file)
[20/7/2012 20:53:54] Description: 
[20/7/2012 20:53:54] attempt to call a nil value
[20/7/2012 20:53:54] stack traceback:
[20/7/2012 21:11:5] > Saving server...
[20/7/2012 21:11:12] > SAVE: Complete in 7.181 seconds using binary-tilebased house storage.

[20/7/2012 21:26:42] [Error - NpcScript Interface] 
[20/7/2012 21:26:42] (Unknown script file)
[20/7/2012 21:26:42] Description: 
[20/7/2012 21:26:42] attempt to call a nil value
[20/7/2012 21:26:42] stack traceback:

[20/7/2012 21:36:0] [Error - NpcScript Interface] 
[20/7/2012 21:36:0] (Unknown script file)
[20/7/2012 21:36:0] Description: 
[20/7/2012 21:36:0] attempt to call a nil value
[20/7/2012 21:36:0] stack traceback:
[20/7/2012 21:36:0] 	[C]: in function 'closeShopWindow'
[20/7/2012 21:36:0] 	data/npc/lib/npcsystem/npchandler.lua:225: in function 'releaseFocus'
[20/7/2012 21:36:0] 	data/npc/lib/npcsystem/npchandler.lua:591: in function 'onWalkAway'
[20/7/2012 21:36:0] 	data/npc/lib/npcsystem/npchandler.lua:523: in function 'onThink'
[20/7/2012 21:36:0] 	data/npc/scripts/game/quendor.postman.lua:8: in function <data/npc/scripts/game/quendor.postman.lua:8>

[20/7/2012 21:44:0] [Error - NpcScript Interface] 
[20/7/2012 21:44:0] (Unknown script file)
[20/7/2012 21:44:0] Description: 
[20/7/2012 21:44:0] attempt to call a nil value
[20/7/2012 21:44:0] stack traceback:

[20/7/2012 21:57:30] [Error - NpcScript Interface] 
[20/7/2012 21:57:30] (Unknown script file)
[20/7/2012 21:57:30] Description: 
[20/7/2012 21:57:30] attempt to call a nil value
[20/7/2012 21:57:30] stack traceback:
[20/7/2012 22:11:5] > Saving server...
[20/7/2012 22:11:12] > SAVE: Complete in 7.528 seconds using binary-tilebased house storage.

[20/7/2012 22:12:55] [Error - NpcScript Interface] 
[20/7/2012 22:12:55] (Unknown script file)
[20/7/2012 22:12:55] Description: 
[20/7/2012 22:12:55] attempt to call a nil value
[20/7/2012 22:12:55] stack traceback:
[20/7/2012 22:12:55] 	[C]: in function 'closeShopWindow'
[20/7/2012 22:12:55] 	data/npc/lib/npcsystem/npchandler.lua:225: in function 'releaseFocus'
[20/7/2012 22:12:55] 	data/npc/lib/npcsystem/npchandler.lua:591: in function 'onWalkAway'
[20/7/2012 22:12:55] 	data/npc/lib/npcsystem/npchandler.lua:523: in function 'onThink'
[20/7/2012 22:12:55] 	data/npc/scripts/game/rashid.lua:9: in function <data/npc/scripts/game/rashid.lua:9>

[20/7/2012 22:14:30] [Error - NpcScript Interface] 
[20/7/2012 22:14:30] (Unknown script file)
[20/7/2012 22:14:30] Description: 
[20/7/2012 22:14:30] attempt to call a nil value
[20/7/2012 22:14:30] stack traceback:
[20/7/2012 22:14:30] 	[C]: in function 'closeShopWindow'
[20/7/2012 22:14:30] 	data/npc/lib/npcsystem/npchandler.lua:225: in function 'releaseFocus'
[20/7/2012 22:14:30] 	data/npc/lib/npcsystem/npchandler.lua:591: in function 'onWalkAway'
[20/7/2012 22:14:30] 	data/npc/lib/npcsystem/npchandler.lua:523: in function 'onThink'
[20/7/2012 22:14:30] 	data/npc/scripts/game/default.lua:9: in function <data/npc/scripts/game/default.lua:9>

[20/7/2012 22:55:7] [Error - NpcScript Interface] 
[20/7/2012 22:55:7] (Unknown script file)
[20/7/2012 22:55:7] Description: 
[20/7/2012 22:55:7] attempt to call a nil value
[20/7/2012 22:55:7] stack traceback:
[20/7/2012 22:55:7] 	[C]: in function 'closeShopWindow'
[20/7/2012 22:55:7] 	data/npc/lib/npcsystem/npchandler.lua:225: in function 'releaseFocus'
[20/7/2012 22:55:7] 	data/npc/lib/npcsystem/npchandler.lua:591: in function 'onWalkAway'
[20/7/2012 22:55:7] 	data/npc/lib/npcsystem/npchandler.lua:523: in function 'onThink'
[20/7/2012 22:55:7] 	data/npc/scripts/game/default.lua:9: in function <data/npc/scripts/game/default.lua:9>

[20/7/2012 22:56:36] [Error - NpcScript Interface] 
[20/7/2012 22:56:36] (Unknown script file)
[20/7/2012 22:56:36] Description: 
[20/7/2012 22:56:36] attempt to call a nil value
[20/7/2012 22:56:36] stack traceback:

[20/7/2012 22:59:21] [Error - NpcScript Interface] 
[20/7/2012 22:59:21] (Unknown script file)
[20/7/2012 22:59:21] Description: 
[20/7/2012 22:59:21] attempt to call a nil value
[20/7/2012 22:59:21] stack traceback:
[20/7/2012 22:59:21] 	[C]: in function 'closeShopWindow'
[20/7/2012 22:59:21] 	data/npc/lib/npcsystem/npchandler.lua:225: in function 'releaseFocus'
[20/7/2012 22:59:21] 	data/npc/lib/npcsystem/npchandler.lua:591: in function 'onWalkAway'
[20/7/2012 22:59:21] 	data/npc/lib/npcsystem/npchandler.lua:523: in function 'onThink'
[20/7/2012 22:59:21] 	data/npc/scripts/game/default.lua:9: in function <data/npc/scripts/game/default.lua:9>

[20/7/2012 23:1:40] [Error - NpcScript Interface] 
[20/7/2012 23:1:40] (Unknown script file)
[20/7/2012 23:1:40] Description: 
[20/7/2012 23:1:40] attempt to call a nil value
[20/7/2012 23:1:40] stack traceback:
[20/7/2012 23:1:40] 	[C]: in function 'closeShopWindow'
[20/7/2012 23:1:40] 	data/npc/lib/npcsystem/npchandler.lua:225: in function 'releaseFocus'
[20/7/2012 23:1:40] 	data/npc/lib/npcsystem/npchandler.lua:591: in function 'onWalkAway'
[20/7/2012 23:1:40] 	data/npc/lib/npcsystem/npchandler.lua:523: in function 'onThink'
[20/7/2012 23:1:40] 	data/npc/scripts/game/default.lua:9: in function <data/npc/scripts/game/default.lua:9>
[20/7/2012 23:11:5] > Saving server...
[20/7/2012 23:11:11] > SAVE: Complete in 6.366 seconds using binary-tilebased house storage.
[20/7/2012 23:25:18] [Warning - Protocol::RSA_decrypt] Not valid packet size (IP: 187.32.85.65)
[20/7/2012 23:25:51] [Warning - Protocol::RSA_decrypt] Not valid packet size (IP: 187.32.85.65)

[20/7/2012 23:34:38] [Error - NpcScript Interface] 
[20/7/2012 23:34:38] (Unknown script file)
[20/7/2012 23:34:38] Description: 
[20/7/2012 23:34:38] attempt to call a nil value
[20/7/2012 23:34:38] stack traceback:

[20/7/2012 23:34:40] [Error - NpcScript Interface] 
[20/7/2012 23:34:40] (Unknown script file)
[20/7/2012 23:34:40] Description: 
[20/7/2012 23:34:40] attempt to call a nil value
[20/7/2012 23:34:40] stack traceback:
[20/7/2012 23:45:36] > Broadcasted message: "Por anos os Minotauros dominaram o mundo do Darghos. Agora eles querem nos mostrar a sua força novamente. Se preparem para algo!".

[20/7/2012 23:46:1] [Error - NpcScript Interface] 
[20/7/2012 23:46:1] (Unknown script file)
[20/7/2012 23:46:1] Description: 
[20/7/2012 23:46:1] attempt to call a nil value
[20/7/2012 23:46:1] stack traceback:
[20/7/2012 23:46:1] 	[C]: in function 'closeShopWindow'
[20/7/2012 23:46:1] 	data/npc/lib/npcsystem/npchandler.lua:225: in function 'releaseFocus'
[20/7/2012 23:46:1] 	data/npc/lib/npcsystem/npchandler.lua:591: in function 'onWalkAway'
[20/7/2012 23:46:1] 	data/npc/lib/npcsystem/npchandler.lua:523: in function 'onThink'
[20/7/2012 23:46:1] 	data/npc/scripts/game/rashid.lua:9: in function <data/npc/scripts/game/rashid.lua:9>
[20/7/2012 23:47:16] > Broadcasted message: "Um exercito de minotauros ataca o portão norte de Quendor!".

[21/7/2012 0:4:34] [Error - NpcScript Interface] 
[21/7/2012 0:4:34] (Unknown script file)
[21/7/2012 0:4:34] Description: 
[21/7/2012 0:4:34] attempt to call a nil value
[21/7/2012 0:4:34] stack traceback:
[21/7/2012 0:4:34] 	[C]: ?

[21/7/2012 0:4:54] [Error - NpcScript Interface] 
[21/7/2012 0:4:54] (Unknown script file)
[21/7/2012 0:4:54] Description: 
[21/7/2012 0:4:54] attempt to call a nil value
[21/7/2012 0:4:54] stack traceback:
[21/7/2012 0:4:54] 	[C]: in function 'closeShopWindow'
[21/7/2012 0:4:54] 	data/npc/lib/npcsystem/npchandler.lua:225: in function 'releaseFocus'
[21/7/2012 0:4:54] 	data/npc/lib/npcsystem/npchandler.lua:591: in function 'onWalkAway'
[21/7/2012 0:4:54] 	data/npc/lib/npcsystem/npchandler.lua:523: in function 'onThink'
[21/7/2012 0:4:54] 	data/npc/scripts/game/rashid.lua:9: in function <data/npc/scripts/game/rashid.lua:9>
[21/7/2012 0:11:5] > Saving server...
[21/7/2012 0:11:13] > SAVE: Complete in 8.001 seconds using binary-tilebased house storage.
[21/7/2012 0:20:22] [Warning - Protocol::RSA_decrypt] Not valid packet size (IP: 189.101.135.231)

[21/7/2012 0:31:34] [Error - NpcScript Interface] 
[21/7/2012 0:31:34] (Unknown script file)
[21/7/2012 0:31:34] Description: 
[21/7/2012 0:31:34] attempt to call a nil value
[21/7/2012 0:31:34] stack traceback:

[21/7/2012 0:32:42] [Error - NpcScript Interface] 
[21/7/2012 0:32:42] (Unknown script file)
[21/7/2012 0:32:42] Description: 
[21/7/2012 0:32:42] attempt to call a nil value
[21/7/2012 0:32:42] stack traceback:

[21/7/2012 0:46:15] [Error - NpcScript Interface] 
[21/7/2012 0:46:15] (Unknown script file)
[21/7/2012 0:46:15] Description: 
[21/7/2012 0:46:15] attempt to call a nil value
[21/7/2012 0:46:15] stack traceback:
[21/7/2012 0:46:15] 	[C]: in function 'closeShopWindow'
[21/7/2012 0:46:15] 	data/npc/lib/npcsystem/npchandler.lua:225: in function 'releaseFocus'
[21/7/2012 0:46:15] 	data/npc/lib/npcsystem/npchandler.lua:591: in function 'onWalkAway'
[21/7/2012 0:46:15] 	data/npc/lib/npcsystem/npchandler.lua:523: in function 'onThink'
[21/7/2012 0:46:15] 	data/npc/scripts/game/default.lua:9: in function <data/npc/scripts/game/default.lua:9>

[21/7/2012 0:55:3] [Error - NpcScript Interface] 
[21/7/2012 0:55:3] (Unknown script file)
[21/7/2012 0:55:3] Description: 
[21/7/2012 0:55:3] attempt to call a nil value
[21/7/2012 0:55:3] stack traceback:
[21/7/2012 0:55:3] 	[C]: in function 'closeShopWindow'
[21/7/2012 0:55:3] 	data/npc/lib/npcsystem/npchandler.lua:225: in function 'releaseFocus'
[21/7/2012 0:55:3] 	data/npc/lib/npcsystem/npchandler.lua:591: in function 'onWalkAway'
[21/7/2012 0:55:3] 	data/npc/lib/npcsystem/npchandler.lua:523: in function 'onThink'
[21/7/2012 0:55:3] 	data/npc/scripts/game/default.lua:9: in function <data/npc/scripts/game/default.lua:9>

[21/7/2012 0:56:42] [Error - NpcScript Interface] 
[21/7/2012 0:56:42] (Unknown script file)
[21/7/2012 0:56:42] Description: 
[21/7/2012 0:56:42] attempt to call a nil value
[21/7/2012 0:56:42] stack traceback:

[21/7/2012 1:6:59] [Error - NpcScript Interface] 
[21/7/2012 1:6:59] (Unknown script file)
[21/7/2012 1:6:59] Description: 
[21/7/2012 1:6:59] attempt to call a nil value
[21/7/2012 1:6:59] stack traceback:
[21/7/2012 1:6:59] 	[C]: in function 'closeShopWindow'
[21/7/2012 1:6:59] 	data/npc/lib/npcsystem/npchandler.lua:225: in function 'releaseFocus'
[21/7/2012 1:6:59] 	data/npc/lib/npcsystem/npchandler.lua:591: in function 'onWalkAway'
[21/7/2012 1:6:59] 	data/npc/lib/npcsystem/npchandler.lua:523: in function 'onThink'
[21/7/2012 1:6:59] 	data/npc/scripts/game/default.lua:9: in function <data/npc/scripts/game/default.lua:9>
[21/7/2012 1:11:5] > Saving server...
[21/7/2012 1:11:13] > SAVE: Complete in 8.704 seconds using binary-tilebased house storage.

[21/7/2012 1:23:47] [Error - NpcScript Interface] 
[21/7/2012 1:23:47] (Unknown script file)
[21/7/2012 1:23:47] Description: 
[21/7/2012 1:23:47] attempt to call a nil value
[21/7/2012 1:23:47] stack traceback:
[21/7/2012 1:23:47] 	[C]: in function 'closeShopWindow'
[21/7/2012 1:23:47] 	data/npc/lib/npcsystem/npchandler.lua:225: in function 'releaseFocus'
[21/7/2012 1:23:47] 	data/npc/lib/npcsystem/npchandler.lua:591: in function 'onWalkAway'
[21/7/2012 1:23:47] 	data/npc/lib/npcsystem/npchandler.lua:523: in function 'onThink'
[21/7/2012 1:23:47] 	data/npc/scripts/game/default.lua:9: in function <data/npc/scripts/game/default.lua:9>

[21/7/2012 1:28:17] [Error - NpcScript Interface] 
[21/7/2012 1:28:17] (Unknown script file)
[21/7/2012 1:28:17] Description: 
[21/7/2012 1:28:17] attempt to call a nil value
[21/7/2012 1:28:17] stack traceback:
[21/7/2012 1:28:17] 	[C]: in function 'closeShopWindow'
[21/7/2012 1:28:17] 	data/npc/lib/npcsystem/npchandler.lua:225: in function 'releaseFocus'
[21/7/2012 1:28:17] 	data/npc/lib/npcsystem/npchandler.lua:591: in function 'onWalkAway'
[21/7/2012 1:28:17] 	data/npc/lib/npcsystem/npchandler.lua:523: in function 'onThink'
[21/7/2012 1:28:17] 	data/npc/scripts/game/blacksmith.lua:9: in function <data/npc/scripts/game/blacksmith.lua:9>

[21/7/2012 1:33:41] [Error - NpcScript Interface] 
[21/7/2012 1:33:41] (Unknown script file)
[21/7/2012 1:33:41] Description: 
[21/7/2012 1:33:41] attempt to call a nil value
[21/7/2012 1:33:41] stack traceback:
[21/7/2012 1:33:41] 	[C]: in function 'closeShopWindow'
[21/7/2012 1:33:41] 	data/npc/lib/npcsystem/npchandler.lua:225: in function 'releaseFocus'
[21/7/2012 1:33:41] 	data/npc/lib/npcsystem/npchandler.lua:591: in function 'onWalkAway'
[21/7/2012 1:33:41] 	data/npc/lib/npcsystem/npchandler.lua:523: in function 'onThink'
[21/7/2012 1:33:41] 	data/npc/scripts/game/blacksmith.lua:9: in function <data/npc/scripts/game/blacksmith.lua:9>

[21/7/2012 1:46:54] [Error - NpcScript Interface] 
[21/7/2012 1:46:54] (Unknown script file)
[21/7/2012 1:46:54] Description: 
[21/7/2012 1:46:54] attempt to call a nil value
[21/7/2012 1:46:54] stack traceback:
[21/7/2012 1:46:54] 	[C]: in function 'closeShopWindow'
[21/7/2012 1:46:54] 	data/npc/lib/npcsystem/npchandler.lua:225: in function 'releaseFocus'
[21/7/2012 1:46:54] 	data/npc/lib/npcsystem/npchandler.lua:591: in function 'onWalkAway'
[21/7/2012 1:46:54] 	data/npc/lib/npcsystem/npchandler.lua:523: in function 'onThink'
[21/7/2012 1:46:54] 	data/npc/scripts/game/default.lua:9: in function <data/npc/scripts/game/default.lua:9>

[21/7/2012 1:54:56] [Error - NpcScript Interface] 
[21/7/2012 1:54:56] (Unknown script file)
[21/7/2012 1:54:56] Description: 
[21/7/2012 1:54:56] attempt to call a nil value
[21/7/2012 1:54:56] stack traceback:

[21/7/2012 1:56:21] [Error - NpcScript Interface] 
[21/7/2012 1:56:21] (Unknown script file)
[21/7/2012 1:56:21] Description: 
[21/7/2012 1:56:21] attempt to call a nil value
[21/7/2012 1:56:21] stack traceback:
[21/7/2012 1:56:21] 	[C]: in function 'closeShopWindow'
[21/7/2012 1:56:21] 	data/npc/lib/npcsystem/npchandler.lua:225: in function 'releaseFocus'
[21/7/2012 1:56:21] 	data/npc/lib/npcsystem/npchandler.lua:591: in function 'onWalkAway'
[21/7/2012 1:56:21] 	data/npc/lib/npcsystem/npchandler.lua:523: in function 'onThink'
[21/7/2012 1:56:21] 	data/npc/scripts/game/default.lua:9: in function <data/npc/scripts/game/default.lua:9>
[21/7/2012 2:11:5] > Saving server...
[21/7/2012 2:11:12] > SAVE: Complete in 7.221 seconds using binary-tilebased house storage.

[21/7/2012 2:23:59] [Error - TalkAction Interface] 
[21/7/2012 2:23:59] data/talkactions/scripts/game/accept_teleport.lua:onSay
[21/7/2012 2:23:59] Description: 
[21/7/2012 2:23:59] data/talkactions/scripts/game/accept_teleport.lua:3: attempt to call global 'GetTpRequest' (a nil value)
[21/7/2012 2:23:59] stack traceback:
[21/7/2012 2:23:59] 	data/talkactions/scripts/game/accept_teleport.lua:3: in function <data/talkactions/scripts/game/accept_teleport.lua:1>

[21/7/2012 2:33:40] [Error - NpcScript Interface] 
[21/7/2012 2:33:40] (Unknown script file)
[21/7/2012 2:33:40] Description: 
[21/7/2012 2:33:40] attempt to call a nil value
[21/7/2012 2:33:40] stack traceback:

[21/7/2012 2:34:21] [Error - TalkAction Interface] 
[21/7/2012 2:34:21] data/talkactions/scripts/game/accept_teleport.lua:onSay
[21/7/2012 2:34:21] Description: 
[21/7/2012 2:34:21] data/talkactions/scripts/game/accept_teleport.lua:3: attempt to call global 'GetTpRequest' (a nil value)
[21/7/2012 2:34:21] stack traceback:
[21/7/2012 2:34:21] 	data/talkactions/scripts/game/accept_teleport.lua:3: in function <data/talkactions/scripts/game/accept_teleport.lua:1>

[21/7/2012 2:45:38] [Error - NpcScript Interface] 
[21/7/2012 2:45:38] (Unknown script file)
[21/7/2012 2:45:38] Description: 
[21/7/2012 2:45:38] attempt to call a nil value
[21/7/2012 2:45:38] stack traceback:

[21/7/2012 2:49:21] [Error - NpcScript Interface] 
[21/7/2012 2:49:21] (Unknown script file)
[21/7/2012 2:49:21] Description: 
[21/7/2012 2:49:21] attempt to call a nil value
[21/7/2012 2:49:21] stack traceback:
[21/7/2012 2:49:21] 	[C]: in function 'closeShopWindow'
[21/7/2012 2:49:21] 	data/npc/lib/npcsystem/npchandler.lua:225: in function 'releaseFocus'
[21/7/2012 2:49:21] 	data/npc/lib/npcsystem/npchandler.lua:591: in function 'onWalkAway'
[21/7/2012 2:49:21] 	data/npc/lib/npcsystem/npchandler.lua:523: in function 'onThink'
[21/7/2012 2:49:21] 	data/npc/scripts/game/default.lua:9: in function <data/npc/scripts/game/default.lua:9>

[21/7/2012 2:49:33] [Error - NpcScript Interface] 
[21/7/2012 2:49:33] (Unknown script file)
[21/7/2012 2:49:33] Description: 
[21/7/2012 2:49:33] attempt to call a nil value
[21/7/2012 2:49:33] stack traceback:
[21/7/2012 2:49:33] 	[C]: in function 'closeShopWindow'
[21/7/2012 2:49:33] 	data/npc/lib/npcsystem/npchandler.lua:225: in function 'releaseFocus'
[21/7/2012 2:49:33] 	data/npc/lib/npcsystem/npchandler.lua:591: in function 'onWalkAway'
[21/7/2012 2:49:33] 	data/npc/lib/npcsystem/npchandler.lua:523: in function 'onThink'
[21/7/2012 2:49:33] 	data/npc/scripts/game/default.lua:9: in function <data/npc/scripts/game/default.lua:9>

[21/7/2012 3:1:56] [Error - NpcScript Interface] 
[21/7/2012 3:1:56] (Unknown script file)
[21/7/2012 3:1:56] Description: 
[21/7/2012 3:1:56] attempt to call a nil value
[21/7/2012 3:1:56] stack traceback:
[21/7/2012 3:1:56] 	[C]: in function 'closeShopWindow'
[21/7/2012 3:1:56] 	data/npc/lib/npcsystem/npchandler.lua:225: in function 'releaseFocus'
[21/7/2012 3:1:56] 	data/npc/lib/npcsystem/npchandler.lua:591: in function 'onWalkAway'
[21/7/2012 3:1:56] 	data/npc/lib/npcsystem/npchandler.lua:523: in function 'onThink'
[21/7/2012 3:1:56] 	data/npc/scripts/game/default.lua:9: in function <data/npc/scripts/game/default.lua:9>
[21/7/2012 3:11:5] > Saving server...
[21/7/2012 3:11:12] > SAVE: Complete in 6.99 seconds using binary-tilebased house storage.

[21/7/2012 4:7:27] [Error - NpcScript Interface] 
[21/7/2012 4:7:27] (Unknown script file)
[21/7/2012 4:7:27] Description: 
[21/7/2012 4:7:27] attempt to call a nil value
[21/7/2012 4:7:27] stack traceback:
[21/7/2012 4:7:27] 	[C]: in function 'closeShopWindow'
[21/7/2012 4:7:27] 	data/npc/lib/npcsystem/npchandler.lua:225: in function 'releaseFocus'
[21/7/2012 4:7:27] 	data/npc/lib/npcsystem/npchandler.lua:591: in function 'onWalkAway'
[21/7/2012 4:7:27] 	data/npc/lib/npcsystem/npchandler.lua:523: in function 'onThink'
[21/7/2012 4:7:27] 	data/npc/scripts/game/default.lua:9: in function <data/npc/scripts/game/default.lua:9>
[21/7/2012 4:11:5] > Saving server...
[21/7/2012 4:11:12] > SAVE: Complete in 7.013 seconds using binary-tilebased house storage.

[21/7/2012 4:16:10] [Error - NpcScript Interface] 
[21/7/2012 4:16:10] (Unknown script file)
[21/7/2012 4:16:10] Description: 
[21/7/2012 4:16:10] attempt to call a nil value
[21/7/2012 4:16:10] stack traceback:
[21/7/2012 4:16:10] 	[C]: in function 'closeShopWindow'
[21/7/2012 4:16:10] 	data/npc/lib/npcsystem/npchandler.lua:225: in function 'releaseFocus'
[21/7/2012 4:16:10] 	data/npc/lib/npcsystem/npchandler.lua:591: in function 'onWalkAway'
[21/7/2012 4:16:10] 	data/npc/lib/npcsystem/npchandler.lua:523: in function 'onThink'
[21/7/2012 4:16:10] 	data/npc/scripts/game/default.lua:9: in function <data/npc/scripts/game/default.lua:9>

[21/7/2012 4:20:42] [Error - NpcScript Interface] 
[21/7/2012 4:20:42] (Unknown script file)
[21/7/2012 4:20:42] Description: 
[21/7/2012 4:20:42] attempt to call a nil value
[21/7/2012 4:20:42] stack traceback:
[21/7/2012 4:20:42] 	[C]: in function 'closeShopWindow'
[21/7/2012 4:20:42] 	data/npc/lib/npcsystem/npchandler.lua:225: in function 'releaseFocus'
[21/7/2012 4:20:42] 	data/npc/lib/npcsystem/npchandler.lua:591: in function 'onWalkAway'
[21/7/2012 4:20:42] 	data/npc/lib/npcsystem/npchandler.lua:523: in function 'onThink'
[21/7/2012 4:20:42] 	data/npc/scripts/game/default.lua:9: in function <data/npc/scripts/game/default.lua:9>

[21/7/2012 4:32:0] [Error - NpcScript Interface] 
[21/7/2012 4:32:0] (Unknown script file)
[21/7/2012 4:32:0] Description: 
[21/7/2012 4:32:0] attempt to call a nil value
[21/7/2012 4:32:0] stack traceback:
[21/7/2012 4:32:0] 	[C]: in function 'closeShopWindow'
[21/7/2012 4:32:0] 	data/npc/lib/npcsystem/npchandler.lua:225: in function 'releaseFocus'
[21/7/2012 4:32:0] 	data/npc/lib/npcsystem/npchandler.lua:591: in function 'onWalkAway'
[21/7/2012 4:32:0] 	data/npc/lib/npcsystem/npchandler.lua:523: in function 'onThink'
[21/7/2012 4:32:0] 	data/npc/scripts/game/default.lua:9: in function <data/npc/scripts/game/default.lua:9>

[21/7/2012 4:50:51] [Error - Action Interface] 
[21/7/2012 4:50:51] data/actions/scripts/tools/rope.lua:onUse
[21/7/2012 4:50:51] Description: 
[21/7/2012 4:50:51] (luaGetThingFromPos) Tile not found

[21/7/2012 5:4:1] [Error - NpcScript Interface] 
[21/7/2012 5:4:1] (Unknown script file)
[21/7/2012 5:4:1] Description: 
[21/7/2012 5:4:1] attempt to call a nil value
[21/7/2012 5:4:1] stack traceback:
[21/7/2012 5:4:1] 	[C]: in function 'closeShopWindow'
[21/7/2012 5:4:1] 	data/npc/lib/npcsystem/npchandler.lua:225: in function 'releaseFocus'
[21/7/2012 5:4:1] 	data/npc/lib/npcsystem/npchandler.lua:591: in function 'onWalkAway'
[21/7/2012 5:4:1] 	data/npc/lib/npcsystem/npchandler.lua:523: in function 'onThink'
[21/7/2012 5:4:1] 	data/npc/scripts/game/default.lua:9: in function <data/npc/scripts/game/default.lua:9>

[21/7/2012 5:10:26] [Error - Action Interface] 
[21/7/2012 5:10:26] data/actions/scripts/tools/rope.lua:onUse
[21/7/2012 5:10:26] Description: 
[21/7/2012 5:10:26] (luaGetThingFromPos) Tile not found
[21/7/2012 5:11:5] > Saving server...
[21/7/2012 5:11:9] > SAVE: Complete in 4.252 seconds using binary-tilebased house storage.

[21/7/2012 5:16:7] [Error - NpcScript Interface] 
[21/7/2012 5:16:7] (Unknown script file)
[21/7/2012 5:16:7] Description: 
[21/7/2012 5:16:7] attempt to call a nil value
[21/7/2012 5:16:7] stack traceback:

[21/7/2012 5:26:22] [Error - NpcScript Interface] 
[21/7/2012 5:26:22] (Unknown script file)
[21/7/2012 5:26:22] Description: 
[21/7/2012 5:26:22] attempt to call a nil value
[21/7/2012 5:26:22] stack traceback:
[21/7/2012 5:26:22] 	[C]: in function 'closeShopWindow'
[21/7/2012 5:26:22] 	data/npc/lib/npcsystem/npchandler.lua:225: in function 'releaseFocus'
[21/7/2012 5:26:22] 	data/npc/lib/npcsystem/npchandler.lua:591: in function 'onWalkAway'
[21/7/2012 5:26:22] 	data/npc/lib/npcsystem/npchandler.lua:523: in function 'onThink'
[21/7/2012 5:26:22] 	data/npc/scripts/game/default.lua:9: in function <data/npc/scripts/game/default.lua:9>

[21/7/2012 5:48:38] [Error - NpcScript Interface] 
[21/7/2012 5:48:38] (Unknown script file)
[21/7/2012 5:48:38] Description: 
[21/7/2012 5:48:38] attempt to call a nil value
[21/7/2012 5:48:38] stack traceback:
[21/7/2012 5:48:38] 	[C]: in function 'closeShopWindow'
[21/7/2012 5:48:38] 	data/npc/lib/npcsystem/npchandler.lua:225: in function 'releaseFocus'
[21/7/2012 5:48:38] 	data/npc/lib/npcsystem/npchandler.lua:591: in function 'onWalkAway'
[21/7/2012 5:48:38] 	data/npc/lib/npcsystem/npchandler.lua:523: in function 'onThink'
[21/7/2012 5:48:38] 	data/npc/scripts/game/default.lua:9: in function <data/npc/scripts/game/default.lua:9>

[21/7/2012 5:54:4] [Error - NpcScript Interface] 
[21/7/2012 5:54:4] (Unknown script file)
[21/7/2012 5:54:4] Description: 
[21/7/2012 5:54:4] attempt to call a nil value
[21/7/2012 5:54:4] stack traceback:

[21/7/2012 6:5:37] [Error - NpcScript Interface] 
[21/7/2012 6:5:37] (Unknown script file)
[21/7/2012 6:5:37] Description: 
[21/7/2012 6:5:37] attempt to call a nil value
[21/7/2012 6:5:37] stack traceback:
[21/7/2012 6:5:37] 	[C]: in function 'closeShopWindow'
[21/7/2012 6:5:37] 	data/npc/lib/npcsystem/npchandler.lua:225: in function 'releaseFocus'
[21/7/2012 6:5:37] 	data/npc/lib/npcsystem/npchandler.lua:591: in function 'onWalkAway'
[21/7/2012 6:5:37] 	data/npc/lib/npcsystem/npchandler.lua:523: in function 'onThink'
[21/7/2012 6:5:37] 	data/npc/scripts/game/default.lua:9: in function <data/npc/scripts/game/default.lua:9>

[21/7/2012 6:10:1] [Error - NpcScript Interface] 
[21/7/2012 6:10:1] (Unknown script file)
[21/7/2012 6:10:1] Description: 
[21/7/2012 6:10:1] attempt to call a nil value
[21/7/2012 6:10:1] stack traceback:
[21/7/2012 6:11:5] > Saving server...
[21/7/2012 6:11:9] > SAVE: Complete in 4.1 seconds using binary-tilebased house storage.

[21/7/2012 6:35:33] [Error - NpcScript Interface] 
[21/7/2012 6:35:33] (Unknown script file)
[21/7/2012 6:35:33] Description: 
[21/7/2012 6:35:33] attempt to call a nil value
[21/7/2012 6:35:33] stack traceback:
[21/7/2012 6:35:33] 	[C]: in function 'closeShopWindow'
[21/7/2012 6:35:33] 	data/npc/lib/npcsystem/npchandler.lua:225: in function 'releaseFocus'
[21/7/2012 6:35:33] 	data/npc/lib/npcsystem/npchandler.lua:591: in function 'onWalkAway'
[21/7/2012 6:35:33] 	data/npc/lib/npcsystem/npchandler.lua:523: in function 'onThink'
[21/7/2012 6:35:33] 	data/npc/scripts/game/default.lua:9: in function <data/npc/scripts/game/default.lua:9>

[21/7/2012 6:43:48] [Error - NpcScript Interface] 
[21/7/2012 6:43:48] (Unknown script file)
[21/7/2012 6:43:48] Description: 
[21/7/2012 6:43:48] attempt to call a nil value
[21/7/2012 6:43:48] stack traceback:
[21/7/2012 6:43:48] 	[C]: in function 'closeShopWindow'
[21/7/2012 6:43:48] 	data/npc/lib/npcsystem/npchandler.lua:225: in function 'releaseFocus'
[21/7/2012 6:43:48] 	data/npc/lib/npcsystem/npchandler.lua:591: in function 'onWalkAway'
[21/7/2012 6:43:48] 	data/npc/lib/npcsystem/npchandler.lua:523: in function 'onThink'
[21/7/2012 6:43:48] 	data/npc/scripts/game/default.lua:9: in function <data/npc/scripts/game/default.lua:9>

[21/7/2012 6:57:0] [Error - NpcScript Interface] 
[21/7/2012 6:57:0] (Unknown script file)
[21/7/2012 6:57:0] Description: 
[21/7/2012 6:57:0] attempt to call a nil value
[21/7/2012 6:57:0] stack traceback:
[21/7/2012 6:57:0] 	[C]: in function 'closeShopWindow'
[21/7/2012 6:57:0] 	data/npc/lib/npcsystem/npchandler.lua:225: in function 'releaseFocus'
[21/7/2012 6:57:0] 	data/npc/lib/npcsystem/npchandler.lua:591: in function 'onWalkAway'
[21/7/2012 6:57:0] 	data/npc/lib/npcsystem/npchandler.lua:523: in function 'onThink'
[21/7/2012 6:57:0] 	data/npc/scripts/game/default.lua:9: in function <data/npc/scripts/game/default.lua:9>
[21/7/2012 7:1:36] > Broadcasted message: "Uma escura e medonha fumaça negra começa a surgir em Quendor...".
[21/7/2012 7:2:36] > Broadcasted message: "Morte aos mortos vivos! Preparem-se para lutar contra a morte!".
[21/7/2012 7:3:16] > Broadcasted message: "Guerreiros saem do chão e fantasmas assombram os lares! Os mortos vivos atacam a cidade de Quendor!".
[21/7/2012 7:11:5] > Saving server...
[21/7/2012 7:11:10] > SAVE: Complete in 4.603 seconds using binary-tilebased house storage.

[21/7/2012 7:42:7] [Error - NpcScript Interface] 
[21/7/2012 7:42:7] (Unknown script file)
[21/7/2012 7:42:7] Description: 
[21/7/2012 7:42:7] attempt to call a nil value
[21/7/2012 7:42:7] stack traceback:
[21/7/2012 7:42:7] 	[C]: in function 'closeShopWindow'
[21/7/2012 7:42:7] 	data/npc/lib/npcsystem/npchandler.lua:225: in function 'releaseFocus'
[21/7/2012 7:42:7] 	data/npc/lib/npcsystem/npchandler.lua:591: in function 'onWalkAway'
[21/7/2012 7:42:7] 	data/npc/lib/npcsystem/npchandler.lua:523: in function 'onThink'
[21/7/2012 7:42:7] 	data/npc/scripts/game/default.lua:9: in function <data/npc/scripts/game/default.lua:9>

[21/7/2012 8:3:55] [Error - NpcScript Interface] 
[21/7/2012 8:3:55] (Unknown script file)
[21/7/2012 8:3:55] Description: 
[21/7/2012 8:3:55] attempt to call a nil value
[21/7/2012 8:3:55] stack traceback:

[21/7/2012 8:8:57] [Error - NpcScript Interface] 
[21/7/2012 8:8:57] (Unknown script file)
[21/7/2012 8:8:57] Description: 
[21/7/2012 8:8:57] attempt to call a nil value
[21/7/2012 8:8:57] stack traceback:
[21/7/2012 8:11:5] > Saving server...
[21/7/2012 8:11:11] > SAVE: Complete in 5.541 seconds using binary-tilebased house storage.

[21/7/2012 8:30:38] [Error - NpcScript Interface] 
[21/7/2012 8:30:38] (Unknown script file)
[21/7/2012 8:30:38] Description: 
[21/7/2012 8:30:38] attempt to call a nil value
[21/7/2012 8:30:38] stack traceback:
[21/7/2012 9:11:5] > Saving server...
[21/7/2012 9:11:12] > SAVE: Complete in 6.539 seconds using binary-tilebased house storage.

[21/7/2012 9:36:9] [Error - NpcScript Interface] 
[21/7/2012 9:36:9] (Unknown script file)
[21/7/2012 9:36:9] Description: 
[21/7/2012 9:36:9] attempt to call a nil value
[21/7/2012 9:36:9] stack traceback:

[21/7/2012 9:57:3] [Error - NpcScript Interface] 
[21/7/2012 9:57:3] (Unknown script file)
[21/7/2012 9:57:3] Description: 
[21/7/2012 9:57:3] attempt to call a nil value
[21/7/2012 9:57:3] stack traceback:
[21/7/2012 9:57:3] 	[C]: in function 'closeShopWindow'
[21/7/2012 9:57:3] 	data/npc/lib/npcsystem/npchandler.lua:225: in function 'releaseFocus'
[21/7/2012 9:57:3] 	data/npc/lib/npcsystem/npchandler.lua:591: in function 'onWalkAway'
[21/7/2012 9:57:3] 	data/npc/lib/npcsystem/npchandler.lua:523: in function 'onThink'
[21/7/2012 9:57:3] 	data/npc/scripts/game/default.lua:9: in function <data/npc/scripts/game/default.lua:9>
[21/7/2012 10:0:22] > Paying houses...
[21/7/2012 10:0:23] Houses paid in 1.849 seconds.
[21/7/2012 10:0:23] > Saving server...
[21/7/2012 10:0:24] > SAVE: Complete in 0.359 seconds using binary-tilebased house storage.
[21/7/2012 10:0:24] Preparing to shutdown the server- done.
