[21/7/2012 10:9:1] > Using MD5 encryption
[21/7/2012 10:9:1] >> Loading RSA key
[21/7/2012 10:9:1] >> Starting SQL connection

[21/7/2012 10:9:2] > WARNING: Outdated MySQL server detected, consider upgrading to a newer version.
[21/7/2012 10:9:2] >> Running Database Manager
[21/7/2012 10:9:2] >> Loading items (OTB)
[21/7/2012 10:9:2] >> Loading items (XML)
[21/7/2012 10:9:2] [Warning - Items::loadFromXml] Unknown key value blocksolid
[21/7/2012 10:9:2] [Warning - Items::loadFromXml] Unknown key value blocksolid
[21/7/2012 10:9:2] >> Loading groups
[21/7/2012 10:9:2] >> Loading vocations
[21/7/2012 10:9:2] >> Loading outfits
[21/7/2012 10:9:2] >> Loading chat channels
[21/7/2012 10:9:2] >> Loading script systems
[21/7/2012 10:9:3] [Warning - Event::loadScript] Event onTime not found (data/globalevents/scripts/clean.lua)
[21/7/2012 10:9:3] >> Loading mods...
[21/7/2012 10:9:3] > 0 mods were loaded.
[21/7/2012 10:9:3] >> Loading experience stages
[21/7/2012 10:9:3] >> Loading monsters
[21/7/2012 10:9:5] >> Loading map and spawns...
[21/7/2012 10:9:7] > Map size: 5000x5000.
[21/7/2012 10:9:7] > Map descriptions: 
[21/7/2012 10:9:7] "Saved with Remere's Map Editor 2.1"
[21/7/2012 10:9:7] "SimOne MapEditor 0.5.5"
[21/7/2012 10:9:7] [Warning - IOMap::loadMap] Movable item in house: 517, item type: 2741, pos 1070/1121/6
[21/7/2012 10:9:7] [Warning - IOMap::loadMap] Movable item in house: 518, item type: 2741, pos 1070/1129/6
[21/7/2012 10:9:7] [Warning - IOMap::loadMap] Movable item in house: 517, item type: 2741, pos 1073/1121/6
[21/7/2012 10:9:7] [Warning - IOMap::loadMap] Movable item in house: 518, item type: 2741, pos 1073/1129/6
[21/7/2012 10:9:8] Duplicate uniqueId 6401
[21/7/2012 10:9:8] Duplicate uniqueId 6401
[21/7/2012 10:9:9] Duplicate uniqueId 6401
[21/7/2012 10:9:9] Duplicate uniqueId 6401
[21/7/2012 10:9:9] Duplicate uniqueId 6401
[21/7/2012 10:9:9] Duplicate uniqueId 6401
[21/7/2012 10:9:11] Duplicate uniqueId 6401
[21/7/2012 10:9:11] Duplicate uniqueId 6401
[21/7/2012 10:9:11] Duplicate uniqueId 2004
[21/7/2012 10:9:11] Duplicate uniqueId 2005
[21/7/2012 10:9:11] Duplicate uniqueId 2006
[21/7/2012 10:9:11] Duplicate uniqueId 2007
[21/7/2012 10:9:13] Duplicate uniqueId 6401
[21/7/2012 10:9:13] Duplicate uniqueId 6401
[21/7/2012 10:9:13] Duplicate uniqueId 6401
[21/7/2012 10:9:13] Duplicate uniqueId 6400
[21/7/2012 10:9:13] Duplicate uniqueId 6401
[21/7/2012 10:9:13] Duplicate uniqueId 2056
[21/7/2012 10:9:13] Duplicate uniqueId 2057
[21/7/2012 10:9:13] Duplicate uniqueId 2058
[21/7/2012 10:9:13] Duplicate uniqueId 2051
[21/7/2012 10:9:13] Duplicate uniqueId 2052
[21/7/2012 10:9:13] Duplicate uniqueId 2053
[21/7/2012 10:9:13] Duplicate uniqueId 2054
[21/7/2012 10:9:14] > Map loading time: 8.823 seconds.
[21/7/2012 10:9:15] [Spawn::addMonster] Cannot find "Butterfly"
[21/7/2012 10:9:15] [Spawn::addMonster] Cannot find "Butterfly"
[21/7/2012 10:9:15] > Data parsing time: 1.353 seconds.
[21/7/2012 10:9:30] > Houses synchronization time: 15.206 seconds.
[21/7/2012 10:9:31] > Content unserialization time: 0.063 seconds.
[21/7/2012 10:9:31] >> Checking world type... Open PvP
[21/7/2012 10:9:31] >> Initializing game state and binding services...
[21/7/2012 10:9:32] > Global IP address: 184.173.128.212
[21/7/2012 10:9:32] > Bound ports: 7577	7578	9215	
[21/7/2012 10:9:32] >> Everything smells good, server is starting up...
[21/7/2012 10:9:32] >> UltraX server Online!
[DDOS EMERGENCY] Enabled
[21/7/2012 10:9:32] >> UltraX server Online!
[DDOS EMERGENCY] Enabled

[21/7/2012 10:21:56] [Error - NpcScript Interface] 
[21/7/2012 10:21:56] (Unknown script file)
[21/7/2012 10:21:56] Description: 
[21/7/2012 10:21:56] attempt to call a nil value
[21/7/2012 10:21:56] stack traceback:

[21/7/2012 10:22:11] [Error - NpcScript Interface] 
[21/7/2012 10:22:11] (Unknown script file)
[21/7/2012 10:22:11] Description: 
[21/7/2012 10:22:11] attempt to call a nil value
[21/7/2012 10:22:11] stack traceback:

[21/7/2012 10:26:59] [Error - NpcScript Interface] 
[21/7/2012 10:26:59] (Unknown script file)
[21/7/2012 10:26:59] Description: 
[21/7/2012 10:26:59] attempt to call a nil value
[21/7/2012 10:26:59] stack traceback:
[21/7/2012 10:26:59] 	[C]: in function 'closeShopWindow'
[21/7/2012 10:26:59] 	data/npc/lib/npcsystem/npchandler.lua:225: in function 'releaseFocus'
[21/7/2012 10:26:59] 	data/npc/lib/npcsystem/npchandler.lua:591: in function 'onWalkAway'
[21/7/2012 10:26:59] 	data/npc/lib/npcsystem/npchandler.lua:523: in function 'onThink'
[21/7/2012 10:26:59] 	data/npc/scripts/game/default.lua:9: in function <data/npc/scripts/game/default.lua:9>

[21/7/2012 10:28:50] [Error - NpcScript Interface] 
[21/7/2012 10:28:50] (Unknown script file)
[21/7/2012 10:28:50] Description: 
[21/7/2012 10:28:50] attempt to call a nil value
[21/7/2012 10:28:50] stack traceback:
[21/7/2012 10:28:50] 	[C]: in function 'closeShopWindow'
[21/7/2012 10:28:50] 	data/npc/lib/npcsystem/npchandler.lua:225: in function 'releaseFocus'
[21/7/2012 10:28:50] 	data/npc/lib/npcsystem/npchandler.lua:591: in function 'onWalkAway'
[21/7/2012 10:28:50] 	data/npc/lib/npcsystem/npchandler.lua:523: in function 'onThink'
[21/7/2012 10:28:50] 	data/npc/scripts/game/bless/bless4.lua:9: in function <data/npc/scripts/game/bless/bless4.lua:9>

[21/7/2012 10:35:5] [Error - NpcScript Interface] 
[21/7/2012 10:35:5] (Unknown script file)
[21/7/2012 10:35:5] Description: 
[21/7/2012 10:35:5] attempt to call a nil value
[21/7/2012 10:35:5] stack traceback:
[21/7/2012 10:35:5] 	[C]: in function 'closeShopWindow'
[21/7/2012 10:35:5] 	data/npc/lib/npcsystem/npchandler.lua:225: in function 'releaseFocus'
[21/7/2012 10:35:5] 	data/npc/lib/npcsystem/npchandler.lua:591: in function 'onWalkAway'
[21/7/2012 10:35:5] 	data/npc/lib/npcsystem/npchandler.lua:523: in function 'onThink'
[21/7/2012 10:35:5] 	data/npc/scripts/game/default.lua:9: in function <data/npc/scripts/game/default.lua:9>
[21/7/2012 11:1:14] [Warning - Protocol::RSA_decrypt] Not valid packet size (IP: 201.21.204.253)
[21/7/2012 11:1:52] [Warning - Protocol::RSA_decrypt] Not valid packet size (IP: 201.21.204.253)

[21/7/2012 11:10:7] [Error - NpcScript Interface] 
[21/7/2012 11:10:7] (Unknown script file)
[21/7/2012 11:10:7] Description: 
[21/7/2012 11:10:7] attempt to call a nil value
[21/7/2012 11:10:7] stack traceback:
[21/7/2012 11:10:7] 	[C]: in function 'closeShopWindow'
[21/7/2012 11:10:7] 	data/npc/lib/npcsystem/npchandler.lua:225: in function 'releaseFocus'
[21/7/2012 11:10:7] 	data/npc/lib/npcsystem/npchandler.lua:591: in function 'onWalkAway'
[21/7/2012 11:10:7] 	data/npc/lib/npcsystem/npchandler.lua:523: in function 'onThink'
[21/7/2012 11:10:7] 	data/npc/scripts/game/default.lua:9: in function <data/npc/scripts/game/default.lua:9>
[21/7/2012 11:11:3] > Saving server...
[21/7/2012 11:11:10] > SAVE: Complete in 6.537 seconds using binary-tilebased house storage.

[21/7/2012 11:11:23] [Error - NpcScript Interface] 
[21/7/2012 11:11:23] (Unknown script file)
[21/7/2012 11:11:23] Description: 
[21/7/2012 11:11:23] attempt to call a nil value
[21/7/2012 11:11:23] stack traceback:
[21/7/2012 11:11:23] 	[C]: in function 'closeShopWindow'
[21/7/2012 11:11:23] 	data/npc/lib/npcsystem/npchandler.lua:225: in function 'releaseFocus'
[21/7/2012 11:11:23] 	data/npc/lib/npcsystem/npchandler.lua:591: in function 'onWalkAway'
[21/7/2012 11:11:23] 	data/npc/lib/npcsystem/npchandler.lua:523: in function 'onThink'
[21/7/2012 11:11:23] 	data/npc/scripts/game/default.lua:9: in function <data/npc/scripts/game/default.lua:9>

[21/7/2012 11:19:48] [Error - NpcScript Interface] 
[21/7/2012 11:19:48] (Unknown script file)
[21/7/2012 11:19:48] Description: 
[21/7/2012 11:19:48] attempt to call a nil value
[21/7/2012 11:19:48] stack traceback:

[21/7/2012 11:19:59] [Error - NpcScript Interface] 
[21/7/2012 11:19:59] (Unknown script file)
[21/7/2012 11:19:59] Description: 
[21/7/2012 11:19:59] attempt to call a nil value
[21/7/2012 11:19:59] stack traceback:
[21/7/2012 11:19:59] 	[C]: in function 'closeShopWindow'
[21/7/2012 11:19:59] 	data/npc/lib/npcsystem/npchandler.lua:225: in function 'releaseFocus'
[21/7/2012 11:19:59] 	data/npc/lib/npcsystem/npchandler.lua:363: in function 'unGreet'
[21/7/2012 11:19:59] 	data/npc/lib/npcsystem/npchandler.lua:406: in function 'onCreatureDisappear'
[21/7/2012 11:19:59] 	data/npc/scripts/game/default.lua:7: in function <data/npc/scripts/game/default.lua:7>

[21/7/2012 11:21:36] [Error - NpcScript Interface] 
[21/7/2012 11:21:36] (Unknown script file)
[21/7/2012 11:21:36] Description: 
[21/7/2012 11:21:36] attempt to call a nil value
[21/7/2012 11:21:36] stack traceback:

[21/7/2012 11:22:24] [Error - NpcScript Interface] 
[21/7/2012 11:22:24] (Unknown script file)
[21/7/2012 11:22:24] Description: 
[21/7/2012 11:22:24] attempt to call a nil value
[21/7/2012 11:22:24] stack traceback:
[21/7/2012 11:22:24] 	[C]: in function 'closeShopWindow'
[21/7/2012 11:22:24] 	data/npc/lib/npcsystem/npchandler.lua:225: in function 'releaseFocus'
[21/7/2012 11:22:24] 	data/npc/lib/npcsystem/npchandler.lua:591: in function 'onWalkAway'
[21/7/2012 11:22:24] 	data/npc/lib/npcsystem/npchandler.lua:523: in function 'onThink'
[21/7/2012 11:22:24] 	data/npc/scripts/game/default.lua:9: in function <data/npc/scripts/game/default.lua:9>

[21/7/2012 11:34:24] [Error - NpcScript Interface] 
[21/7/2012 11:34:24] (Unknown script file)
[21/7/2012 11:34:24] Description: 
[21/7/2012 11:34:24] attempt to call a nil value
[21/7/2012 11:34:24] stack traceback:
[21/7/2012 11:34:24] 	[C]: in function 'closeShopWindow'
[21/7/2012 11:34:24] 	data/npc/lib/npcsystem/npchandler.lua:225: in function 'releaseFocus'
[21/7/2012 11:34:24] 	data/npc/lib/npcsystem/npchandler.lua:591: in function 'onWalkAway'
[21/7/2012 11:34:24] 	data/npc/lib/npcsystem/npchandler.lua:523: in function 'onThink'
[21/7/2012 11:34:24] 	data/npc/scripts/game/default.lua:9: in function <data/npc/scripts/game/default.lua:9>

[21/7/2012 11:44:48] [Error - NpcScript Interface] 
[21/7/2012 11:44:48] (Unknown script file)
[21/7/2012 11:44:48] Description: 
[21/7/2012 11:44:48] attempt to call a nil value
[21/7/2012 11:44:48] stack traceback:
[21/7/2012 11:44:48] 	[C]: in function 'closeShopWindow'
[21/7/2012 11:44:48] 	data/npc/lib/npcsystem/npchandler.lua:225: in function 'releaseFocus'
[21/7/2012 11:44:48] 	data/npc/lib/npcsystem/npchandler.lua:591: in function 'onWalkAway'
[21/7/2012 11:44:48] 	data/npc/lib/npcsystem/npchandler.lua:523: in function 'onThink'
[21/7/2012 11:44:48] 	data/npc/scripts/game/default.lua:9: in function <data/npc/scripts/game/default.lua:9>

[21/7/2012 11:45:25] [Error - NpcScript Interface] 
[21/7/2012 11:45:25] (Unknown script file)
[21/7/2012 11:45:25] Description: 
[21/7/2012 11:45:25] attempt to call a nil value
[21/7/2012 11:45:25] stack traceback:
[21/7/2012 11:45:25] 	[C]: in function 'closeShopWindow'
[21/7/2012 11:45:25] 	data/npc/lib/npcsystem/npchandler.lua:225: in function 'releaseFocus'
[21/7/2012 11:45:25] 	data/npc/lib/npcsystem/npchandler.lua:591: in function 'onWalkAway'
[21/7/2012 11:45:25] 	data/npc/lib/npcsystem/npchandler.lua:523: in function 'onThink'
[21/7/2012 11:45:25] 	data/npc/scripts/game/default.lua:9: in function <data/npc/scripts/game/default.lua:9>

[21/7/2012 12:9:7] [Error - NpcScript Interface] 
[21/7/2012 12:9:7] (Unknown script file)
[21/7/2012 12:9:7] Description: 
[21/7/2012 12:9:7] attempt to call a nil value
[21/7/2012 12:9:7] stack traceback:
[21/7/2012 12:9:7] 	[C]: in function 'closeShopWindow'
[21/7/2012 12:9:7] 	data/npc/lib/npcsystem/npchandler.lua:225: in function 'releaseFocus'
[21/7/2012 12:9:7] 	data/npc/lib/npcsystem/npchandler.lua:591: in function 'onWalkAway'
[21/7/2012 12:9:7] 	data/npc/lib/npcsystem/npchandler.lua:523: in function 'onThink'
[21/7/2012 12:9:7] 	data/npc/scripts/game/default.lua:9: in function <data/npc/scripts/game/default.lua:9>
[21/7/2012 12:11:4] > Saving server...
[21/7/2012 12:11:10] > SAVE: Complete in 6.81 seconds using binary-tilebased house storage.

[21/7/2012 12:22:41] [Error - NpcScript Interface] 
[21/7/2012 12:22:41] (Unknown script file)
[21/7/2012 12:22:41] Description: 
[21/7/2012 12:22:41] attempt to call a nil value
[21/7/2012 12:22:41] stack traceback:

[21/7/2012 12:40:13] [Error - NpcScript Interface] 
[21/7/2012 12:40:13] (Unknown script file)
[21/7/2012 12:40:13] Description: 
[21/7/2012 12:40:13] attempt to call a nil value
[21/7/2012 12:40:13] stack traceback:
[21/7/2012 12:40:13] 	[C]: in function 'closeShopWindow'
[21/7/2012 12:40:13] 	data/npc/lib/npcsystem/npchandler.lua:225: in function 'releaseFocus'
[21/7/2012 12:40:13] 	data/npc/lib/npcsystem/npchandler.lua:591: in function 'onWalkAway'
[21/7/2012 12:40:13] 	data/npc/lib/npcsystem/npchandler.lua:523: in function 'onThink'
[21/7/2012 12:40:13] 	data/npc/scripts/game/default.lua:9: in function <data/npc/scripts/game/default.lua:9>

[21/7/2012 12:46:15] [Error - NpcScript Interface] 
[21/7/2012 12:46:15] (Unknown script file)
[21/7/2012 12:46:15] Description: 
[21/7/2012 12:46:15] attempt to call a nil value
[21/7/2012 12:46:15] stack traceback:

[21/7/2012 12:55:9] [Error - NpcScript Interface] 
[21/7/2012 12:55:9] (Unknown script file)
[21/7/2012 12:55:9] Description: 
[21/7/2012 12:55:9] attempt to call a nil value
[21/7/2012 12:55:9] stack traceback:
[21/7/2012 12:55:9] 	[C]: in function 'closeShopWindow'
[21/7/2012 12:55:9] 	data/npc/lib/npcsystem/npchandler.lua:225: in function 'releaseFocus'
[21/7/2012 12:55:9] 	data/npc/lib/npcsystem/npchandler.lua:591: in function 'onWalkAway'
[21/7/2012 12:55:9] 	data/npc/lib/npcsystem/npchandler.lua:523: in function 'onThink'
[21/7/2012 12:55:9] 	data/npc/scripts/game/quendor.postman.lua:8: in function <data/npc/scripts/game/quendor.postman.lua:8>

[21/7/2012 13:3:56] [Error - NpcScript Interface] 
[21/7/2012 13:3:56] (Unknown script file)
[21/7/2012 13:3:56] Description: 
[21/7/2012 13:3:56] attempt to call a nil value
[21/7/2012 13:3:56] stack traceback:
[21/7/2012 13:3:56] 	[C]: in function 'closeShopWindow'
[21/7/2012 13:3:56] 	data/npc/lib/npcsystem/npchandler.lua:225: in function 'releaseFocus'
[21/7/2012 13:3:56] 	data/npc/lib/npcsystem/npchandler.lua:591: in function 'onWalkAway'
[21/7/2012 13:3:56] 	data/npc/lib/npcsystem/npchandler.lua:523: in function 'onThink'
[21/7/2012 13:3:56] 	data/npc/scripts/game/default.lua:9: in function <data/npc/scripts/game/default.lua:9>

[21/7/2012 13:6:56] [Error - NpcScript Interface] 
[21/7/2012 13:6:56] (Unknown script file)
[21/7/2012 13:6:56] Description: 
[21/7/2012 13:6:56] attempt to call a nil value
[21/7/2012 13:6:56] stack traceback:
[21/7/2012 13:6:56] 	[C]: in function 'closeShopWindow'
[21/7/2012 13:6:56] 	data/npc/lib/npcsystem/npchandler.lua:225: in function 'releaseFocus'
[21/7/2012 13:6:56] 	data/npc/lib/npcsystem/npchandler.lua:591: in function 'onWalkAway'
[21/7/2012 13:6:56] 	data/npc/lib/npcsystem/npchandler.lua:523: in function 'onThink'
[21/7/2012 13:6:56] 	data/npc/scripts/game/blacksmith.lua:9: in function <data/npc/scripts/game/blacksmith.lua:9>

[21/7/2012 13:7:4] [Error - NpcScript Interface] 
[21/7/2012 13:7:4] (Unknown script file)
[21/7/2012 13:7:4] Description: 
[21/7/2012 13:7:4] attempt to call a nil value
[21/7/2012 13:7:4] stack traceback:
[21/7/2012 13:7:4] 	[C]: in function 'closeShopWindow'
[21/7/2012 13:7:4] 	data/npc/lib/npcsystem/npchandler.lua:225: in function 'releaseFocus'
[21/7/2012 13:7:4] 	data/npc/lib/npcsystem/npchandler.lua:591: in function 'onWalkAway'
[21/7/2012 13:7:4] 	data/npc/lib/npcsystem/npchandler.lua:523: in function 'onThink'
[21/7/2012 13:7:4] 	data/npc/scripts/game/default.lua:9: in function <data/npc/scripts/game/default.lua:9>

[21/7/2012 13:10:23] [Error - NpcScript Interface] 
[21/7/2012 13:10:23] (Unknown script file)
[21/7/2012 13:10:23] Description: 
[21/7/2012 13:10:23] attempt to call a nil value
[21/7/2012 13:10:23] stack traceback:
[21/7/2012 13:10:23] 	[C]: in function 'closeShopWindow'
[21/7/2012 13:10:23] 	data/npc/lib/npcsystem/npchandler.lua:225: in function 'releaseFocus'
[21/7/2012 13:10:23] 	data/npc/lib/npcsystem/npchandler.lua:591: in function 'onWalkAway'
[21/7/2012 13:10:23] 	data/npc/lib/npcsystem/npchandler.lua:523: in function 'onThink'
[21/7/2012 13:10:23] 	data/npc/scripts/game/default.lua:9: in function <data/npc/scripts/game/default.lua:9>
[21/7/2012 13:11:4] > Saving server...
[21/7/2012 13:11:11] > SAVE: Complete in 7.286 seconds using binary-tilebased house storage.

[21/7/2012 13:16:6] [Error - NpcScript Interface] 
[21/7/2012 13:16:6] (Unknown script file)
[21/7/2012 13:16:6] Description: 
[21/7/2012 13:16:6] attempt to call a nil value
[21/7/2012 13:16:6] stack traceback:
[21/7/2012 13:16:6] 	[C]: in function 'closeShopWindow'
[21/7/2012 13:16:6] 	data/npc/lib/npcsystem/npchandler.lua:225: in function 'releaseFocus'
[21/7/2012 13:16:6] 	data/npc/lib/npcsystem/npchandler.lua:591: in function 'onWalkAway'
[21/7/2012 13:16:6] 	data/npc/lib/npcsystem/npchandler.lua:523: in function 'onThink'
[21/7/2012 13:16:6] 	data/npc/scripts/game/default.lua:9: in function <data/npc/scripts/game/default.lua:9>

[21/7/2012 13:16:57] [Error - NpcScript Interface] 
[21/7/2012 13:16:57] (Unknown script file)
[21/7/2012 13:16:57] Description: 
[21/7/2012 13:16:57] attempt to call a nil value
[21/7/2012 13:16:57] stack traceback:
[21/7/2012 13:16:57] 	[C]: in function 'closeShopWindow'
[21/7/2012 13:16:57] 	data/npc/lib/npcsystem/npchandler.lua:225: in function 'releaseFocus'
[21/7/2012 13:16:57] 	data/npc/lib/npcsystem/npchandler.lua:591: in function 'onWalkAway'
[21/7/2012 13:16:57] 	data/npc/lib/npcsystem/npchandler.lua:523: in function 'onThink'
[21/7/2012 13:16:57] 	data/npc/scripts/game/default.lua:9: in function <data/npc/scripts/game/default.lua:9>

[21/7/2012 13:20:31] [Error - NpcScript Interface] 
[21/7/2012 13:20:31] (Unknown script file)
[21/7/2012 13:20:31] Description: 
[21/7/2012 13:20:31] attempt to call a nil value
[21/7/2012 13:20:31] stack traceback:

[21/7/2012 13:26:52] [Error - NpcScript Interface] 
[21/7/2012 13:26:52] (Unknown script file)
[21/7/2012 13:26:52] Description: 
[21/7/2012 13:26:52] attempt to call a nil value
[21/7/2012 13:26:52] stack traceback:
[21/7/2012 13:26:52] 	[C]: in function 'closeShopWindow'
[21/7/2012 13:26:52] 	data/npc/lib/npcsystem/npchandler.lua:225: in function 'releaseFocus'
[21/7/2012 13:26:52] 	data/npc/lib/npcsystem/npchandler.lua:591: in function 'onWalkAway'
[21/7/2012 13:26:52] 	data/npc/lib/npcsystem/npchandler.lua:523: in function 'onThink'
[21/7/2012 13:26:52] 	data/npc/scripts/game/default.lua:9: in function <data/npc/scripts/game/default.lua:9>

[21/7/2012 13:30:40] [Error - NpcScript Interface] 
[21/7/2012 13:30:40] (Unknown script file)
[21/7/2012 13:30:40] Description: 
[21/7/2012 13:30:40] attempt to call a nil value
[21/7/2012 13:30:40] stack traceback:
[21/7/2012 13:30:40] 	[C]: in function 'closeShopWindow'
[21/7/2012 13:30:40] 	data/npc/lib/npcsystem/npchandler.lua:225: in function 'releaseFocus'
[21/7/2012 13:30:40] 	data/npc/lib/npcsystem/npchandler.lua:591: in function 'onWalkAway'
[21/7/2012 13:30:40] 	data/npc/lib/npcsystem/npchandler.lua:523: in function 'onThink'
[21/7/2012 13:30:40] 	data/npc/scripts/game/default.lua:9: in function <data/npc/scripts/game/default.lua:9>

[21/7/2012 13:47:58] [Error - NpcScript Interface] 
[21/7/2012 13:47:58] (Unknown script file)
[21/7/2012 13:47:58] Description: 
[21/7/2012 13:47:58] attempt to call a nil value
[21/7/2012 13:47:58] stack traceback:
[21/7/2012 13:47:58] 	[C]: in function 'closeShopWindow'
[21/7/2012 13:47:58] 	data/npc/lib/npcsystem/npchandler.lua:225: in function 'releaseFocus'
[21/7/2012 13:47:58] 	data/npc/lib/npcsystem/npchandler.lua:591: in function 'onWalkAway'
[21/7/2012 13:47:58] 	data/npc/lib/npcsystem/npchandler.lua:523: in function 'onThink'
[21/7/2012 13:47:58] 	data/npc/scripts/game/default.lua:9: in function <data/npc/scripts/game/default.lua:9>
[21/7/2012 13:52:54] [Warning - Protocol::RSA_decrypt] Not valid packet size (IP: 201.67.102.24)

[21/7/2012 14:1:8] [Error - Spell Interface] 
[21/7/2012 14:1:8] data/spells/scripts/support/destroy_field_rune.lua:onCastSpell
[21/7/2012 14:1:8] Description: 
[21/7/2012 14:1:8] (luaDoRemoveItem) Item not found

[21/7/2012 14:2:23] [Error - NpcScript Interface] 
[21/7/2012 14:2:23] (Unknown script file)
[21/7/2012 14:2:23] Description: 
[21/7/2012 14:2:23] attempt to call a nil value
[21/7/2012 14:2:23] stack traceback:
[21/7/2012 14:2:23] 	[C]: in function 'closeShopWindow'
[21/7/2012 14:2:23] 	data/npc/lib/npcsystem/npchandler.lua:225: in function 'releaseFocus'
[21/7/2012 14:2:23] 	data/npc/lib/npcsystem/npchandler.lua:591: in function 'onWalkAway'
[21/7/2012 14:2:23] 	data/npc/lib/npcsystem/npchandler.lua:523: in function 'onThink'
[21/7/2012 14:2:23] 	data/npc/scripts/game/default.lua:9: in function <data/npc/scripts/game/default.lua:9>

[21/7/2012 14:9:18] [Error - NpcScript Interface] 
[21/7/2012 14:9:18] (Unknown script file)
[21/7/2012 14:9:18] Description: 
[21/7/2012 14:9:18] attempt to call a nil value
[21/7/2012 14:9:18] stack traceback:
[21/7/2012 14:9:18] 	[C]: in function 'closeShopWindow'
[21/7/2012 14:9:18] 	data/npc/lib/npcsystem/npchandler.lua:225: in function 'releaseFocus'
[21/7/2012 14:9:18] 	data/npc/lib/npcsystem/npchandler.lua:591: in function 'onWalkAway'
[21/7/2012 14:9:18] 	data/npc/lib/npcsystem/npchandler.lua:523: in function 'onThink'
[21/7/2012 14:9:18] 	data/npc/scripts/game/default.lua:9: in function <data/npc/scripts/game/default.lua:9>
[21/7/2012 14:11:4] > Saving server...
[21/7/2012 14:11:11] > SAVE: Complete in 7.775 seconds using binary-tilebased house storage.

[21/7/2012 14:12:31] [Error - Spell Interface] 
[21/7/2012 14:12:31] data/spells/scripts/support/destroy_field_rune.lua:onCastSpell
[21/7/2012 14:12:31] Description: 
[21/7/2012 14:12:31] (luaDoRemoveItem) Item not found

[21/7/2012 14:21:55] [Error - NpcScript Interface] 
[21/7/2012 14:21:55] (Unknown script file)
[21/7/2012 14:21:55] Description: 
[21/7/2012 14:21:55] attempt to call a nil value
[21/7/2012 14:21:55] stack traceback:
[21/7/2012 14:21:55] 	[C]: in function 'closeShopWindow'
[21/7/2012 14:21:55] 	data/npc/lib/npcsystem/npchandler.lua:225: in function 'releaseFocus'
[21/7/2012 14:21:55] 	data/npc/lib/npcsystem/npchandler.lua:591: in function 'onWalkAway'
[21/7/2012 14:21:55] 	data/npc/lib/npcsystem/npchandler.lua:523: in function 'onThink'
[21/7/2012 14:21:55] 	data/npc/scripts/game/blacksmith.lua:9: in function <data/npc/scripts/game/blacksmith.lua:9>

[21/7/2012 14:31:20] [Error - NpcScript Interface] 
[21/7/2012 14:31:20] (Unknown script file)
[21/7/2012 14:31:20] Description: 
[21/7/2012 14:31:20] attempt to call a nil value
[21/7/2012 14:31:20] stack traceback:
[21/7/2012 14:31:20] 	[C]: in function 'closeShopWindow'
[21/7/2012 14:31:20] 	data/npc/lib/npcsystem/npchandler.lua:225: in function 'releaseFocus'
[21/7/2012 14:31:20] 	data/npc/lib/npcsystem/npchandler.lua:591: in function 'onWalkAway'
[21/7/2012 14:31:20] 	data/npc/lib/npcsystem/npchandler.lua:523: in function 'onThink'
[21/7/2012 14:31:20] 	data/npc/scripts/game/bless/bless4.lua:9: in function <data/npc/scripts/game/bless/bless4.lua:9>

[21/7/2012 14:35:17] [Error - Spell Interface] 
[21/7/2012 14:35:17] data/spells/scripts/support/destroy_field_rune.lua:onCastSpell
[21/7/2012 14:35:17] Description: 
[21/7/2012 14:35:17] (luaDoRemoveItem) Item not found

[21/7/2012 14:57:43] [Error - NpcScript Interface] 
[21/7/2012 14:57:43] (Unknown script file)
[21/7/2012 14:57:43] Description: 
[21/7/2012 14:57:43] attempt to call a nil value
[21/7/2012 14:57:43] stack traceback:

[21/7/2012 15:4:13] [Error - NpcScript Interface] 
[21/7/2012 15:4:13] (Unknown script file)
[21/7/2012 15:4:13] Description: 
[21/7/2012 15:4:13] attempt to call a nil value
[21/7/2012 15:4:13] stack traceback:

[21/7/2012 15:10:27] [Error - NpcScript Interface] 
[21/7/2012 15:10:27] (Unknown script file)
[21/7/2012 15:10:27] Description: 
[21/7/2012 15:10:27] attempt to call a nil value
[21/7/2012 15:10:27] stack traceback:
[21/7/2012 15:10:27] 	[C]: in function 'closeShopWindow'
[21/7/2012 15:10:27] 	data/npc/lib/npcsystem/npchandler.lua:225: in function 'releaseFocus'
[21/7/2012 15:10:27] 	data/npc/lib/npcsystem/npchandler.lua:591: in function 'onWalkAway'
[21/7/2012 15:10:27] 	data/npc/lib/npcsystem/npchandler.lua:523: in function 'onThink'
[21/7/2012 15:10:27] 	data/npc/scripts/game/default.lua:9: in function <data/npc/scripts/game/default.lua:9>

[21/7/2012 15:10:46] [Error - NpcScript Interface] 
[21/7/2012 15:10:46] (Unknown script file)
[21/7/2012 15:10:46] Description: 
[21/7/2012 15:10:46] attempt to call a nil value
[21/7/2012 15:10:46] stack traceback:
[21/7/2012 15:10:46] 	[C]: in function 'closeShopWindow'
[21/7/2012 15:10:46] 	data/npc/lib/npcsystem/npchandler.lua:225: in function 'releaseFocus'
[21/7/2012 15:10:46] 	data/npc/lib/npcsystem/npchandler.lua:591: in function 'onWalkAway'
[21/7/2012 15:10:46] 	data/npc/lib/npcsystem/npchandler.lua:523: in function 'onThink'
[21/7/2012 15:10:46] 	data/npc/scripts/game/default.lua:9: in function <data/npc/scripts/game/default.lua:9>
[21/7/2012 15:11:4] > Saving server...
[21/7/2012 15:11:11] > SAVE: Complete in 7.2 seconds using binary-tilebased house storage.

[21/7/2012 15:29:24] [Error - NpcScript Interface] 
[21/7/2012 15:29:24] (Unknown script file)
[21/7/2012 15:29:24] Description: 
[21/7/2012 15:29:24] attempt to call a nil value
[21/7/2012 15:29:24] stack traceback:
[21/7/2012 15:29:24] 	[C]: in function 'closeShopWindow'
[21/7/2012 15:29:24] 	data/npc/lib/npcsystem/npchandler.lua:225: in function 'releaseFocus'
[21/7/2012 15:29:24] 	data/npc/lib/npcsystem/npchandler.lua:591: in function 'onWalkAway'
[21/7/2012 15:29:24] 	data/npc/lib/npcsystem/npchandler.lua:523: in function 'onThink'
[21/7/2012 15:29:24] 	data/npc/scripts/game/default.lua:9: in function <data/npc/scripts/game/default.lua:9>

[21/7/2012 15:59:43] [Error - NpcScript Interface] 
[21/7/2012 15:59:43] (Unknown script file)
[21/7/2012 15:59:43] Description: 
[21/7/2012 15:59:43] attempt to call a nil value
[21/7/2012 15:59:43] stack traceback:
[21/7/2012 15:59:43] 	[C]: in function 'closeShopWindow'
[21/7/2012 15:59:43] 	data/npc/lib/npcsystem/npchandler.lua:225: in function 'releaseFocus'
[21/7/2012 15:59:43] 	data/npc/lib/npcsystem/npchandler.lua:591: in function 'onWalkAway'
[21/7/2012 15:59:43] 	data/npc/lib/npcsystem/npchandler.lua:523: in function 'onThink'
[21/7/2012 15:59:43] 	data/npc/scripts/game/bless/bless4.lua:9: in function <data/npc/scripts/game/bless/bless4.lua:9>

[21/7/2012 16:5:23] [Error - NpcScript Interface] 
[21/7/2012 16:5:23] (Unknown script file)
[21/7/2012 16:5:23] Description: 
[21/7/2012 16:5:23] attempt to call a nil value
[21/7/2012 16:5:23] stack traceback:
[21/7/2012 16:5:23] 	[C]: in function 'closeShopWindow'
[21/7/2012 16:5:23] 	data/npc/lib/npcsystem/npchandler.lua:225: in function 'releaseFocus'
[21/7/2012 16:5:23] 	data/npc/lib/npcsystem/npchandler.lua:591: in function 'onWalkAway'
[21/7/2012 16:5:23] 	data/npc/lib/npcsystem/npchandler.lua:523: in function 'onThink'
[21/7/2012 16:5:23] 	data/npc/scripts/game/rashid.lua:9: in function <data/npc/scripts/game/rashid.lua:9>
[21/7/2012 16:11:4] > Saving server...
[21/7/2012 16:11:13] > SAVE: Complete in 9.667 seconds using binary-tilebased house storage.

[21/7/2012 16:13:2] [Error - NpcScript Interface] 
[21/7/2012 16:13:2] (Unknown script file)
[21/7/2012 16:13:2] Description: 
[21/7/2012 16:13:2] attempt to call a nil value
[21/7/2012 16:13:2] stack traceback:
[21/7/2012 16:13:2] 	[C]: in function 'closeShopWindow'
[21/7/2012 16:13:2] 	data/npc/lib/npcsystem/npchandler.lua:225: in function 'releaseFocus'
[21/7/2012 16:13:2] 	data/npc/lib/npcsystem/npchandler.lua:591: in function 'onWalkAway'
[21/7/2012 16:13:2] 	data/npc/lib/npcsystem/npchandler.lua:523: in function 'onThink'
[21/7/2012 16:13:2] 	data/npc/scripts/game/default.lua:9: in function <data/npc/scripts/game/default.lua:9>
[21/7/2012 16:17:47] [Warning - Protocol::RSA_decrypt] Not valid packet size (IP: 201.57.131.7)
[21/7/2012 16:18:12] [Warning - Protocol::RSA_decrypt] Not valid packet size (IP: 201.57.131.7)

[21/7/2012 16:23:22] [Error - NpcScript Interface] 
[21/7/2012 16:23:22] (Unknown script file)
[21/7/2012 16:23:22] Description: 
[21/7/2012 16:23:22] attempt to call a nil value
[21/7/2012 16:23:22] stack traceback:

[21/7/2012 16:26:9] [Error - NpcScript Interface] 
[21/7/2012 16:26:9] (Unknown script file)
[21/7/2012 16:26:9] Description: 
[21/7/2012 16:26:9] attempt to call a nil value
[21/7/2012 16:26:9] stack traceback:
[21/7/2012 16:26:34] > Broadcasted message: "Elf Scouts have been sighted near Thorn!".
[21/7/2012 16:29:34] > Broadcasted message: "The elves are comming to Thorn, seams to be a huge attack!".
[21/7/2012 16:31:34] > Broadcasted message: "Thorn is under attack!".

[21/7/2012 16:45:18] [Error - NpcScript Interface] 
[21/7/2012 16:45:18] (Unknown script file)
[21/7/2012 16:45:18] Description: 
[21/7/2012 16:45:18] attempt to call a nil value
[21/7/2012 16:45:18] stack traceback:

[21/7/2012 16:46:17] [Error - NpcScript Interface] 
[21/7/2012 16:46:17] (Unknown script file)
[21/7/2012 16:46:17] Description: 
[21/7/2012 16:46:17] attempt to call a nil value
[21/7/2012 16:46:17] stack traceback:

[21/7/2012 16:58:47] [Error - NpcScript Interface] 
[21/7/2012 16:58:47] (Unknown script file)
[21/7/2012 16:58:47] Description: 
[21/7/2012 16:58:47] attempt to call a nil value
[21/7/2012 16:58:47] stack traceback:
[21/7/2012 17:11:4] > Saving server...
[21/7/2012 17:11:12] > SAVE: Complete in 8.575 seconds using binary-tilebased house storage.

[21/7/2012 17:13:2] [Error - NpcScript Interface] 
[21/7/2012 17:13:2] (Unknown script file)
[21/7/2012 17:13:2] Description: 
[21/7/2012 17:13:2] attempt to call a nil value
[21/7/2012 17:13:2] stack traceback:

[21/7/2012 17:14:13] [Error - NpcScript Interface] 
[21/7/2012 17:14:13] (Unknown script file)
[21/7/2012 17:14:13] Description: 
[21/7/2012 17:14:13] attempt to call a nil value
[21/7/2012 17:14:13] stack traceback:

[21/7/2012 17:23:46] [Error - NpcScript Interface] 
[21/7/2012 17:23:46] (Unknown script file)
[21/7/2012 17:23:46] Description: 
[21/7/2012 17:23:46] attempt to call a nil value
[21/7/2012 17:23:46] stack traceback:

[21/7/2012 17:31:40] [Error - NpcScript Interface] 
[21/7/2012 17:31:40] (Unknown script file)
[21/7/2012 17:31:40] Description: 
[21/7/2012 17:31:40] attempt to call a nil value
[21/7/2012 17:31:40] stack traceback:
[21/7/2012 17:31:40] 	[C]: in function 'closeShopWindow'
[21/7/2012 17:31:40] 	data/npc/lib/npcsystem/npchandler.lua:225: in function 'releaseFocus'
[21/7/2012 17:31:40] 	data/npc/lib/npcsystem/npchandler.lua:591: in function 'onWalkAway'
[21/7/2012 17:31:40] 	data/npc/lib/npcsystem/npchandler.lua:523: in function 'onThink'
[21/7/2012 17:31:40] 	data/npc/scripts/game/blacksmith.lua:9: in function <data/npc/scripts/game/blacksmith.lua:9>

[21/7/2012 17:34:23] [Error - NpcScript Interface] 
[21/7/2012 17:34:23] (Unknown script file)
[21/7/2012 17:34:23] Description: 
[21/7/2012 17:34:23] attempt to call a nil value
[21/7/2012 17:34:23] stack traceback:
[21/7/2012 17:34:23] 	[C]: in function 'closeShopWindow'
[21/7/2012 17:34:23] 	data/npc/lib/npcsystem/npchandler.lua:225: in function 'releaseFocus'
[21/7/2012 17:34:23] 	data/npc/lib/npcsystem/npchandler.lua:591: in function 'onWalkAway'
[21/7/2012 17:34:23] 	data/npc/lib/npcsystem/npchandler.lua:523: in function 'onThink'
[21/7/2012 17:34:23] 	data/npc/scripts/game/default.lua:9: in function <data/npc/scripts/game/default.lua:9>

[21/7/2012 17:42:7] [Error - NpcScript Interface] 
[21/7/2012 17:42:7] (Unknown script file)
[21/7/2012 17:42:7] Description: 
[21/7/2012 17:42:7] attempt to call a nil value
[21/7/2012 17:42:7] stack traceback:

[21/7/2012 17:51:30] [Error - NpcScript Interface] 
[21/7/2012 17:51:30] (Unknown script file)
[21/7/2012 17:51:30] Description: 
[21/7/2012 17:51:30] attempt to call a nil value
[21/7/2012 17:51:30] stack traceback:
[21/7/2012 17:51:30] 	[C]: in function 'closeShopWindow'
[21/7/2012 17:51:30] 	data/npc/lib/npcsystem/npchandler.lua:225: in function 'releaseFocus'
[21/7/2012 17:51:30] 	data/npc/lib/npcsystem/npchandler.lua:591: in function 'onWalkAway'
[21/7/2012 17:51:30] 	data/npc/lib/npcsystem/npchandler.lua:523: in function 'onThink'
[21/7/2012 17:51:30] 	data/npc/scripts/game/default.lua:9: in function <data/npc/scripts/game/default.lua:9>

[21/7/2012 18:1:36] [Error - NpcScript Interface] 
[21/7/2012 18:1:36] (Unknown script file)
[21/7/2012 18:1:36] Description: 
[21/7/2012 18:1:36] attempt to call a nil value
[21/7/2012 18:1:36] stack traceback:

[21/7/2012 18:4:59] [Error - NpcScript Interface] 
[21/7/2012 18:4:59] (Unknown script file)
[21/7/2012 18:4:59] Description: 
[21/7/2012 18:4:59] attempt to call a nil value
[21/7/2012 18:4:59] stack traceback:

[21/7/2012 18:6:1] [Error - NpcScript Interface] 
[21/7/2012 18:6:1] (Unknown script file)
[21/7/2012 18:6:1] Description: 
[21/7/2012 18:6:1] attempt to call a nil value
[21/7/2012 18:6:1] stack traceback:
[21/7/2012 18:11:4] > Saving server...
[21/7/2012 18:11:12] > SAVE: Complete in 8.524 seconds using binary-tilebased house storage.

[21/7/2012 18:13:9] [Error - NpcScript Interface] 
[21/7/2012 18:13:9] (Unknown script file)
[21/7/2012 18:13:9] Description: 
[21/7/2012 18:13:9] attempt to call a nil value
[21/7/2012 18:13:9] stack traceback:

[21/7/2012 18:17:31] [Error - NpcScript Interface] 
[21/7/2012 18:17:31] (Unknown script file)
[21/7/2012 18:17:31] Description: 
[21/7/2012 18:17:31] attempt to call a nil value
[21/7/2012 18:17:31] stack traceback:
[21/7/2012 18:17:31] 	[C]: in function 'closeShopWindow'
[21/7/2012 18:17:31] 	data/npc/lib/npcsystem/npchandler.lua:225: in function 'releaseFocus'
[21/7/2012 18:17:31] 	data/npc/lib/npcsystem/npchandler.lua:363: in function 'unGreet'
[21/7/2012 18:17:31] 	data/npc/lib/npcsystem/npchandler.lua:576: in function 'onFarewell'
[21/7/2012 18:17:31] 	data/npc/lib/npcsystem/modules.lua:251: in function 'callback'
[21/7/2012 18:17:31] 	data/npc/lib/npcsystem/keywordhandler.lua:41: in function 'processMessage'
[21/7/2012 18:17:31] 	data/npc/lib/npcsystem/keywordhandler.lua:181: in function 'processNodeMessage'
[21/7/2012 18:17:31] 	data/npc/lib/npcsystem/keywordhandler.lua:140: in function 'processMessage'
[21/7/2012 18:17:31] 	data/npc/lib/npcsystem/npchandler.lua:423: in function 'onCreatureSay'
[21/7/2012 18:17:31] 	data/npc/scripts/game/default.lua:8: in function <data/npc/scripts/game/default.lua:8>

[21/7/2012 18:21:11] [Error - NpcScript Interface] 
[21/7/2012 18:21:11] (Unknown script file)
[21/7/2012 18:21:11] Description: 
[21/7/2012 18:21:11] attempt to call a nil value
[21/7/2012 18:21:11] stack traceback:
[21/7/2012 18:21:11] 	[C]: in function 'closeShopWindow'
[21/7/2012 18:21:11] 	data/npc/lib/npcsystem/npchandler.lua:225: in function 'releaseFocus'
[21/7/2012 18:21:11] 	data/npc/lib/npcsystem/npchandler.lua:591: in function 'onWalkAway'
[21/7/2012 18:21:11] 	data/npc/lib/npcsystem/npchandler.lua:523: in function 'onThink'
[21/7/2012 18:21:11] 	data/npc/scripts/game/default.lua:9: in function <data/npc/scripts/game/default.lua:9>

[21/7/2012 18:27:50] [Error - NpcScript Interface] 
[21/7/2012 18:27:50] (Unknown script file)
[21/7/2012 18:27:50] Description: 
[21/7/2012 18:27:50] attempt to call a nil value
[21/7/2012 18:27:50] stack traceback:
[21/7/2012 18:27:50] 	[C]: in function 'closeShopWindow'
[21/7/2012 18:27:50] 	data/npc/lib/npcsystem/npchandler.lua:225: in function 'releaseFocus'
[21/7/2012 18:27:50] 	data/npc/lib/npcsystem/npchandler.lua:591: in function 'onWalkAway'
[21/7/2012 18:27:50] 	data/npc/lib/npcsystem/npchandler.lua:523: in function 'onThink'
[21/7/2012 18:27:50] 	data/npc/scripts/game/blacksmith.lua:9: in function <data/npc/scripts/game/blacksmith.lua:9>

[21/7/2012 18:37:2] [Error - Action Interface] 
[21/7/2012 18:37:2] data/actions/scripts/tools/rope.lua:onUse
[21/7/2012 18:37:2] Description: 
[21/7/2012 18:37:2] (luaGetThingFromPos) Tile not found

[21/7/2012 18:37:2] [Error - Action Interface] 
[21/7/2012 18:37:2] data/actions/scripts/tools/rope.lua:onUse
[21/7/2012 18:37:2] Description: 
[21/7/2012 18:37:2] (luaGetThingFromPos) Tile not found

[21/7/2012 18:45:3] [Error - NpcScript Interface] 
[21/7/2012 18:45:3] (Unknown script file)
[21/7/2012 18:45:3] Description: 
[21/7/2012 18:45:3] attempt to call a nil value
[21/7/2012 18:45:3] stack traceback:

[21/7/2012 19:1:20] [Error - NpcScript Interface] 
[21/7/2012 19:1:20] (Unknown script file)
[21/7/2012 19:1:20] Description: 
[21/7/2012 19:1:20] attempt to call a nil value
[21/7/2012 19:1:20] stack traceback:
[21/7/2012 19:11:4] > Saving server...
[21/7/2012 19:11:12] > SAVE: Complete in 8.083 seconds using binary-tilebased house storage.

[21/7/2012 19:19:27] [Error - NpcScript Interface] 
[21/7/2012 19:19:27] (Unknown script file)
[21/7/2012 19:19:27] Description: 
[21/7/2012 19:19:27] attempt to call a nil value
[21/7/2012 19:19:27] stack traceback:
[21/7/2012 19:19:27] 	[C]: in function 'closeShopWindow'
[21/7/2012 19:19:27] 	data/npc/lib/npcsystem/npchandler.lua:225: in function 'releaseFocus'
[21/7/2012 19:19:27] 	data/npc/lib/npcsystem/npchandler.lua:591: in function 'onWalkAway'
[21/7/2012 19:19:27] 	data/npc/lib/npcsystem/npchandler.lua:523: in function 'onThink'
[21/7/2012 19:19:27] 	data/npc/scripts/game/default.lua:9: in function <data/npc/scripts/game/default.lua:9>

[21/7/2012 19:20:30] [Error - NpcScript Interface] 
[21/7/2012 19:20:30] (Unknown script file)
[21/7/2012 19:20:30] Description: 
[21/7/2012 19:20:30] attempt to call a nil value
[21/7/2012 19:20:30] stack traceback:

[21/7/2012 19:29:24] [Error - NpcScript Interface] 
[21/7/2012 19:29:24] (Unknown script file)
[21/7/2012 19:29:24] Description: 
[21/7/2012 19:29:24] attempt to call a nil value
[21/7/2012 19:29:24] stack traceback:
[21/7/2012 19:29:24] 	[C]: in function 'closeShopWindow'
[21/7/2012 19:29:24] 	data/npc/lib/npcsystem/npchandler.lua:225: in function 'releaseFocus'
[21/7/2012 19:29:24] 	data/npc/lib/npcsystem/npchandler.lua:591: in function 'onWalkAway'
[21/7/2012 19:29:24] 	data/npc/lib/npcsystem/npchandler.lua:523: in function 'onThink'
[21/7/2012 19:29:24] 	data/npc/scripts/game/default.lua:9: in function <data/npc/scripts/game/default.lua:9>

[21/7/2012 19:32:30] [Error - NpcScript Interface] 
[21/7/2012 19:32:30] (Unknown script file)
[21/7/2012 19:32:30] Description: 
[21/7/2012 19:32:30] attempt to call a nil value
[21/7/2012 19:32:30] stack traceback:
[21/7/2012 19:32:30] 	[C]: in function 'closeShopWindow'
[21/7/2012 19:32:30] 	data/npc/lib/npcsystem/npchandler.lua:225: in function 'releaseFocus'
[21/7/2012 19:32:30] 	data/npc/lib/npcsystem/npchandler.lua:591: in function 'onWalkAway'
[21/7/2012 19:32:30] 	data/npc/lib/npcsystem/npchandler.lua:523: in function 'onThink'
[21/7/2012 19:32:30] 	data/npc/scripts/game/default.lua:9: in function <data/npc/scripts/game/default.lua:9>

[21/7/2012 19:32:58] [Error - NpcScript Interface] 
[21/7/2012 19:32:58] (Unknown script file)
[21/7/2012 19:32:58] Description: 
[21/7/2012 19:32:58] attempt to call a nil value
[21/7/2012 19:32:58] stack traceback:
[21/7/2012 19:32:58] 	[C]: in function 'closeShopWindow'
[21/7/2012 19:32:58] 	data/npc/lib/npcsystem/npchandler.lua:225: in function 'releaseFocus'
[21/7/2012 19:32:58] 	data/npc/lib/npcsystem/npchandler.lua:591: in function 'onWalkAway'
[21/7/2012 19:32:58] 	data/npc/lib/npcsystem/npchandler.lua:523: in function 'onThink'
[21/7/2012 19:32:58] 	data/npc/scripts/game/default.lua:9: in function <data/npc/scripts/game/default.lua:9>
[21/7/2012 19:50:29] [Warning - Protocol::RSA_decrypt] Not valid packet size (IP: 187.32.85.65)

[21/7/2012 19:57:7] [Error - NpcScript Interface] 
[21/7/2012 19:57:7] (Unknown script file)
[21/7/2012 19:57:7] Description: 
[21/7/2012 19:57:7] attempt to call a nil value
[21/7/2012 19:57:7] stack traceback:
[21/7/2012 19:57:7] 	[C]: in function 'closeShopWindow'
[21/7/2012 19:57:7] 	data/npc/lib/npcsystem/npchandler.lua:225: in function 'releaseFocus'
[21/7/2012 19:57:7] 	data/npc/lib/npcsystem/npchandler.lua:591: in function 'onWalkAway'
[21/7/2012 19:57:7] 	data/npc/lib/npcsystem/npchandler.lua:523: in function 'onThink'
[21/7/2012 19:57:7] 	data/npc/scripts/game/default.lua:9: in function <data/npc/scripts/game/default.lua:9>

[21/7/2012 19:59:5] [Error - NpcScript Interface] 
[21/7/2012 19:59:5] (Unknown script file)
[21/7/2012 19:59:5] Description: 
[21/7/2012 19:59:5] attempt to call a nil value
[21/7/2012 19:59:5] stack traceback:
[21/7/2012 19:59:5] 	[C]: in function 'closeShopWindow'
[21/7/2012 19:59:5] 	data/npc/lib/npcsystem/npchandler.lua:225: in function 'releaseFocus'
[21/7/2012 19:59:5] 	data/npc/lib/npcsystem/npchandler.lua:591: in function 'onWalkAway'
[21/7/2012 19:59:5] 	data/npc/lib/npcsystem/npchandler.lua:523: in function 'onThink'
[21/7/2012 19:59:5] 	data/npc/scripts/game/rashid.lua:9: in function <data/npc/scripts/game/rashid.lua:9>
[21/7/2012 20:11:4] > Saving server...
[21/7/2012 20:11:12] > SAVE: Complete in 8.246 seconds using binary-tilebased house storage.

[21/7/2012 20:11:53] [Error - NpcScript Interface] 
[21/7/2012 20:11:53] (Unknown script file)
[21/7/2012 20:11:53] Description: 
[21/7/2012 20:11:53] attempt to call a nil value
[21/7/2012 20:11:53] stack traceback:

[21/7/2012 20:51:43] [Error - NpcScript Interface] 
[21/7/2012 20:51:43] (Unknown script file)
[21/7/2012 20:51:43] Description: 
[21/7/2012 20:51:43] attempt to call a nil value
[21/7/2012 20:51:43] stack traceback:

[21/7/2012 20:53:9] [Error - NpcScript Interface] 
[21/7/2012 20:53:9] (Unknown script file)
[21/7/2012 20:53:9] Description: 
[21/7/2012 20:53:9] attempt to call a nil value
[21/7/2012 20:53:9] stack traceback:
[21/7/2012 20:53:9] 	[C]: in function 'closeShopWindow'
[21/7/2012 20:53:9] 	data/npc/lib/npcsystem/npchandler.lua:225: in function 'releaseFocus'
[21/7/2012 20:53:9] 	data/npc/lib/npcsystem/npchandler.lua:591: in function 'onWalkAway'
[21/7/2012 20:53:9] 	data/npc/lib/npcsystem/npchandler.lua:523: in function 'onThink'
[21/7/2012 20:53:9] 	data/npc/scripts/game/bless/bless4.lua:9: in function <data/npc/scripts/game/bless/bless4.lua:9>
[21/7/2012 21:11:4] > Saving server...
[21/7/2012 21:11:13] > SAVE: Complete in 9.324 seconds using binary-tilebased house storage.

[21/7/2012 21:20:1] [Error - NpcScript Interface] 
[21/7/2012 21:20:1] (Unknown script file)
[21/7/2012 21:20:1] Description: 
[21/7/2012 21:20:1] attempt to call a nil value
[21/7/2012 21:20:1] stack traceback:

[21/7/2012 21:26:44] [Error - NpcScript Interface] 
[21/7/2012 21:26:44] (Unknown script file)
[21/7/2012 21:26:44] Description: 
[21/7/2012 21:26:44] attempt to call a nil value
[21/7/2012 21:26:44] stack traceback:

[21/7/2012 21:28:1] [Error - NpcScript Interface] 
[21/7/2012 21:28:1] (Unknown script file)
[21/7/2012 21:28:1] Description: 
[21/7/2012 21:28:1] attempt to call a nil value
[21/7/2012 21:28:1] stack traceback:

[21/7/2012 21:32:1] [Error - NpcScript Interface] 
[21/7/2012 21:32:1] (Unknown script file)
[21/7/2012 21:32:1] Description: 
[21/7/2012 21:32:1] attempt to call a nil value
[21/7/2012 21:32:1] stack traceback:
[21/7/2012 21:32:1] 	[C]: in function 'closeShopWindow'
[21/7/2012 21:32:1] 	data/npc/lib/npcsystem/npchandler.lua:225: in function 'releaseFocus'
[21/7/2012 21:32:1] 	data/npc/lib/npcsystem/npchandler.lua:591: in function 'onWalkAway'
[21/7/2012 21:32:1] 	data/npc/lib/npcsystem/npchandler.lua:523: in function 'onThink'
[21/7/2012 21:32:1] 	data/npc/scripts/game/default.lua:9: in function <data/npc/scripts/game/default.lua:9>

[21/7/2012 21:38:30] [Error - NpcScript Interface] 
[21/7/2012 21:38:30] (Unknown script file)
[21/7/2012 21:38:30] Description: 
[21/7/2012 21:38:30] attempt to call a nil value
[21/7/2012 21:38:30] stack traceback:

[21/7/2012 22:3:0] [Error - NpcScript Interface] 
[21/7/2012 22:3:0] (Unknown script file)
[21/7/2012 22:3:0] Description: 
[21/7/2012 22:3:0] attempt to call a nil value
[21/7/2012 22:3:0] stack traceback:
[21/7/2012 22:3:0] 	[C]: in function 'closeShopWindow'
[21/7/2012 22:3:0] 	data/npc/lib/npcsystem/npchandler.lua:225: in function 'releaseFocus'
[21/7/2012 22:3:0] 	data/npc/lib/npcsystem/npchandler.lua:591: in function 'onWalkAway'
[21/7/2012 22:3:0] 	data/npc/lib/npcsystem/npchandler.lua:523: in function 'onThink'
[21/7/2012 22:3:0] 	data/npc/scripts/game/default.lua:9: in function <data/npc/scripts/game/default.lua:9>
[21/7/2012 22:11:4] > Saving server...
[21/7/2012 22:11:12] > SAVE: Complete in 7.941 seconds using binary-tilebased house storage.

[21/7/2012 22:35:14] [Error - NpcScript Interface] 
[21/7/2012 22:35:14] (Unknown script file)
[21/7/2012 22:35:14] Description: 
[21/7/2012 22:35:14] attempt to call a nil value
[21/7/2012 22:35:14] stack traceback:
[21/7/2012 22:35:14] 	[C]: in function 'closeShopWindow'
[21/7/2012 22:35:14] 	data/npc/lib/npcsystem/npchandler.lua:225: in function 'releaseFocus'
[21/7/2012 22:35:14] 	data/npc/lib/npcsystem/npchandler.lua:591: in function 'onWalkAway'
[21/7/2012 22:35:14] 	data/npc/lib/npcsystem/npchandler.lua:523: in function 'onThink'
[21/7/2012 22:35:14] 	data/npc/scripts/game/default.lua:9: in function <data/npc/scripts/game/default.lua:9>

[21/7/2012 23:0:41] [Error - NpcScript Interface] 
[21/7/2012 23:0:41] (Unknown script file)
[21/7/2012 23:0:41] Description: 
[21/7/2012 23:0:41] attempt to call a nil value
[21/7/2012 23:0:41] stack traceback:
[21/7/2012 23:0:41] 	[C]: in function 'closeShopWindow'
[21/7/2012 23:0:41] 	data/npc/lib/npcsystem/npchandler.lua:225: in function 'releaseFocus'
[21/7/2012 23:0:41] 	data/npc/lib/npcsystem/npchandler.lua:591: in function 'onWalkAway'
[21/7/2012 23:0:41] 	data/npc/lib/npcsystem/npchandler.lua:523: in function 'onThink'
[21/7/2012 23:0:41] 	data/npc/scripts/game/default.lua:9: in function <data/npc/scripts/game/default.lua:9>

[21/7/2012 23:9:12] [Error - NpcScript Interface] 
[21/7/2012 23:9:12] (Unknown script file)
[21/7/2012 23:9:12] Description: 
[21/7/2012 23:9:12] attempt to call a nil value
[21/7/2012 23:9:12] stack traceback:
[21/7/2012 23:11:4] > Saving server...
[21/7/2012 23:11:11] > SAVE: Complete in 7.454 seconds using binary-tilebased house storage.

[21/7/2012 23:24:9] [Error - NpcScript Interface] 
[21/7/2012 23:24:9] (Unknown script file)
[21/7/2012 23:24:9] Description: 
[21/7/2012 23:24:9] attempt to call a nil value
[21/7/2012 23:24:9] stack traceback:
[21/7/2012 23:24:9] 	[C]: in function 'closeShopWindow'
[21/7/2012 23:24:9] 	data/npc/lib/npcsystem/npchandler.lua:225: in function 'releaseFocus'
[21/7/2012 23:24:9] 	data/npc/lib/npcsystem/npchandler.lua:591: in function 'onWalkAway'
[21/7/2012 23:24:9] 	data/npc/lib/npcsystem/npchandler.lua:523: in function 'onThink'
[21/7/2012 23:24:9] 	data/npc/scripts/game/default.lua:9: in function <data/npc/scripts/game/default.lua:9>

[21/7/2012 23:34:42] [Error - NpcScript Interface] 
[21/7/2012 23:34:42] (Unknown script file)
[21/7/2012 23:34:42] Description: 
[21/7/2012 23:34:42] attempt to call a nil value
[21/7/2012 23:34:42] stack traceback:
[21/7/2012 23:34:42] 	[C]: in function 'closeShopWindow'
[21/7/2012 23:34:42] 	data/npc/lib/npcsystem/npchandler.lua:225: in function 'releaseFocus'
[21/7/2012 23:34:42] 	data/npc/lib/npcsystem/npchandler.lua:591: in function 'onWalkAway'
[21/7/2012 23:34:42] 	data/npc/lib/npcsystem/npchandler.lua:523: in function 'onThink'
[21/7/2012 23:34:42] 	data/npc/scripts/game/default.lua:9: in function <data/npc/scripts/game/default.lua:9>

[21/7/2012 23:35:49] [Error - NpcScript Interface] 
[21/7/2012 23:35:49] (Unknown script file)
[21/7/2012 23:35:49] Description: 
[21/7/2012 23:35:49] attempt to call a nil value
[21/7/2012 23:35:49] stack traceback:
[21/7/2012 23:35:49] 	[C]: in function 'closeShopWindow'
[21/7/2012 23:35:49] 	data/npc/lib/npcsystem/npchandler.lua:225: in function 'releaseFocus'
[21/7/2012 23:35:49] 	data/npc/lib/npcsystem/npchandler.lua:591: in function 'onWalkAway'
[21/7/2012 23:35:49] 	data/npc/lib/npcsystem/npchandler.lua:523: in function 'onThink'
[21/7/2012 23:35:49] 	data/npc/scripts/game/default.lua:9: in function <data/npc/scripts/game/default.lua:9>

[21/7/2012 23:45:23] [Error - NpcScript Interface] 
[21/7/2012 23:45:23] (Unknown script file)
[21/7/2012 23:45:23] Description: 
[21/7/2012 23:45:23] attempt to call a nil value
[21/7/2012 23:45:23] stack traceback:
[21/7/2012 23:45:23] 	[C]: ?

[21/7/2012 23:50:21] [Error - NpcScript Interface] 
[21/7/2012 23:50:21] (Unknown script file)
[21/7/2012 23:50:21] Description: 
[21/7/2012 23:50:21] attempt to call a nil value
[21/7/2012 23:50:21] stack traceback:
[21/7/2012 23:50:21] 	[C]: in function 'closeShopWindow'
[21/7/2012 23:50:21] 	data/npc/lib/npcsystem/npchandler.lua:225: in function 'releaseFocus'
[21/7/2012 23:50:21] 	data/npc/lib/npcsystem/npchandler.lua:591: in function 'onWalkAway'
[21/7/2012 23:50:21] 	data/npc/lib/npcsystem/npchandler.lua:523: in function 'onThink'
[21/7/2012 23:50:21] 	data/npc/scripts/game/default.lua:9: in function <data/npc/scripts/game/default.lua:9>

[21/7/2012 23:52:48] [Error - NpcScript Interface] 
[21/7/2012 23:52:48] (Unknown script file)
[21/7/2012 23:52:48] Description: 
[21/7/2012 23:52:48] attempt to call a nil value
[21/7/2012 23:52:48] stack traceback:
[21/7/2012 23:52:48] 	[C]: in function 'closeShopWindow'
[21/7/2012 23:52:48] 	data/npc/lib/npcsystem/npchandler.lua:225: in function 'releaseFocus'
[21/7/2012 23:52:48] 	data/npc/lib/npcsystem/npchandler.lua:591: in function 'onWalkAway'
[21/7/2012 23:52:48] 	data/npc/lib/npcsystem/npchandler.lua:523: in function 'onThink'
[21/7/2012 23:52:48] 	data/npc/scripts/game/blacksmith.lua:9: in function <data/npc/scripts/game/blacksmith.lua:9>

[22/7/2012 0:5:47] [Error - NpcScript Interface] 
[22/7/2012 0:5:47] (Unknown script file)
[22/7/2012 0:5:47] Description: 
[22/7/2012 0:5:47] attempt to call a nil value
[22/7/2012 0:5:47] stack traceback:
[22/7/2012 0:5:47] 	[C]: in function 'closeShopWindow'
[22/7/2012 0:5:47] 	data/npc/lib/npcsystem/npchandler.lua:225: in function 'releaseFocus'
[22/7/2012 0:5:47] 	data/npc/lib/npcsystem/npchandler.lua:591: in function 'onWalkAway'
[22/7/2012 0:5:47] 	data/npc/lib/npcsystem/npchandler.lua:523: in function 'onThink'
[22/7/2012 0:5:47] 	data/npc/scripts/game/default.lua:9: in function <data/npc/scripts/game/default.lua:9>

[22/7/2012 0:7:5] [Error - Spell Interface] 
[22/7/2012 0:7:5] data/spells/scripts/support/destroy_field_rune.lua:onCastSpell
[22/7/2012 0:7:5] Description: 
[22/7/2012 0:7:5] (luaDoRemoveItem) Item not found

[22/7/2012 0:8:17] [Error - NpcScript Interface] 
[22/7/2012 0:8:17] (Unknown script file)
[22/7/2012 0:8:17] Description: 
[22/7/2012 0:8:17] attempt to call a nil value
[22/7/2012 0:8:17] stack traceback:
[22/7/2012 0:8:17] 	[C]: in function 'closeShopWindow'
[22/7/2012 0:8:17] 	data/npc/lib/npcsystem/npchandler.lua:225: in function 'releaseFocus'
[22/7/2012 0:8:17] 	data/npc/lib/npcsystem/npchandler.lua:591: in function 'onWalkAway'
[22/7/2012 0:8:17] 	data/npc/lib/npcsystem/npchandler.lua:523: in function 'onThink'
[22/7/2012 0:8:17] 	data/npc/scripts/game/default.lua:9: in function <data/npc/scripts/game/default.lua:9>
[22/7/2012 0:11:4] > Saving server...
[22/7/2012 0:11:12] > SAVE: Complete in 8.324 seconds using binary-tilebased house storage.

[22/7/2012 0:22:8] [Error - NpcScript Interface] 
[22/7/2012 0:22:8] (Unknown script file)
[22/7/2012 0:22:8] Description: 
[22/7/2012 0:22:8] attempt to call a nil value
[22/7/2012 0:22:8] stack traceback:
[22/7/2012 0:22:8] 	[C]: in function 'closeShopWindow'
[22/7/2012 0:22:8] 	data/npc/lib/npcsystem/npchandler.lua:225: in function 'releaseFocus'
[22/7/2012 0:22:8] 	data/npc/lib/npcsystem/npchandler.lua:591: in function 'onWalkAway'
[22/7/2012 0:22:8] 	data/npc/lib/npcsystem/npchandler.lua:523: in function 'onThink'
[22/7/2012 0:22:8] 	data/npc/scripts/game/default.lua:9: in function <data/npc/scripts/game/default.lua:9>

[22/7/2012 0:23:35] [Error - NpcScript Interface] 
[22/7/2012 0:23:35] (Unknown script file)
[22/7/2012 0:23:35] Description: 
[22/7/2012 0:23:35] attempt to call a nil value
[22/7/2012 0:23:35] stack traceback:

[22/7/2012 0:55:9] [Error - NpcScript Interface] 
[22/7/2012 0:55:9] (Unknown script file)
[22/7/2012 0:55:9] Description: 
[22/7/2012 0:55:9] attempt to call a nil value
[22/7/2012 0:55:9] stack traceback:
[22/7/2012 1:11:4] > Saving server...
[22/7/2012 1:11:12] > SAVE: Complete in 7.942 seconds using binary-tilebased house storage.

[22/7/2012 1:12:6] [Error - NpcScript Interface] 
[22/7/2012 1:12:6] (Unknown script file)
[22/7/2012 1:12:6] Description: 
[22/7/2012 1:12:6] attempt to call a nil value
[22/7/2012 1:12:6] stack traceback:

[22/7/2012 1:12:36] [Error - NpcScript Interface] 
[22/7/2012 1:12:36] (Unknown script file)
[22/7/2012 1:12:36] Description: 
[22/7/2012 1:12:36] attempt to call a nil value
[22/7/2012 1:12:36] stack traceback:

[22/7/2012 1:16:3] [Error - NpcScript Interface] 
[22/7/2012 1:16:3] (Unknown script file)
[22/7/2012 1:16:3] Description: 
[22/7/2012 1:16:3] attempt to call a nil value
[22/7/2012 1:16:3] stack traceback:
[22/7/2012 1:16:3] 	[C]: in function 'closeShopWindow'
[22/7/2012 1:16:3] 	data/npc/lib/npcsystem/npchandler.lua:225: in function 'releaseFocus'
[22/7/2012 1:16:3] 	data/npc/lib/npcsystem/npchandler.lua:591: in function 'onWalkAway'
[22/7/2012 1:16:3] 	data/npc/lib/npcsystem/npchandler.lua:523: in function 'onThink'
[22/7/2012 1:16:3] 	data/npc/scripts/game/default.lua:9: in function <data/npc/scripts/game/default.lua:9>

[22/7/2012 1:17:56] [Error - Action Interface] 
[22/7/2012 1:17:56] data/actions/scripts/game/koshei.lua:onUse
[22/7/2012 1:17:56] Description: 
[22/7/2012 1:17:56] (luaGetItemAttribute) Item not found
[22/7/2012 2:11:4] > Saving server...
[22/7/2012 2:11:12] > SAVE: Complete in 8.005 seconds using binary-tilebased house storage.

[22/7/2012 2:15:10] [Error - NpcScript Interface] 
[22/7/2012 2:15:10] (Unknown script file)
[22/7/2012 2:15:10] Description: 
[22/7/2012 2:15:10] attempt to call a nil value
[22/7/2012 2:15:10] stack traceback:
[22/7/2012 2:15:10] 	[C]: in function 'closeShopWindow'
[22/7/2012 2:15:10] 	data/npc/lib/npcsystem/npchandler.lua:225: in function 'releaseFocus'
[22/7/2012 2:15:10] 	data/npc/lib/npcsystem/npchandler.lua:591: in function 'onWalkAway'
[22/7/2012 2:15:10] 	data/npc/lib/npcsystem/npchandler.lua:523: in function 'onThink'
[22/7/2012 2:15:10] 	data/npc/scripts/game/default.lua:9: in function <data/npc/scripts/game/default.lua:9>

[22/7/2012 2:21:13] [Error - NpcScript Interface] 
[22/7/2012 2:21:13] (Unknown script file)
[22/7/2012 2:21:13] Description: 
[22/7/2012 2:21:13] attempt to call a nil value
[22/7/2012 2:21:13] stack traceback:
[22/7/2012 2:21:13] 	[C]: in function 'closeShopWindow'
[22/7/2012 2:21:13] 	data/npc/lib/npcsystem/npchandler.lua:225: in function 'releaseFocus'
[22/7/2012 2:21:13] 	data/npc/lib/npcsystem/npchandler.lua:591: in function 'onWalkAway'
[22/7/2012 2:21:13] 	data/npc/lib/npcsystem/npchandler.lua:523: in function 'onThink'
[22/7/2012 2:21:13] 	data/npc/scripts/game/default.lua:9: in function <data/npc/scripts/game/default.lua:9>

[22/7/2012 2:25:49] [Error - NpcScript Interface] 
[22/7/2012 2:25:49] (Unknown script file)
[22/7/2012 2:25:49] Description: 
[22/7/2012 2:25:49] attempt to call a nil value
[22/7/2012 2:25:49] stack traceback:
[22/7/2012 2:25:49] 	[C]: in function 'closeShopWindow'
[22/7/2012 2:25:49] 	data/npc/lib/npcsystem/npchandler.lua:225: in function 'releaseFocus'
[22/7/2012 2:25:49] 	data/npc/lib/npcsystem/npchandler.lua:591: in function 'onWalkAway'
[22/7/2012 2:25:49] 	data/npc/lib/npcsystem/npchandler.lua:523: in function 'onThink'
[22/7/2012 2:25:49] 	data/npc/scripts/game/default.lua:9: in function <data/npc/scripts/game/default.lua:9>
[22/7/2012 3:11:4] > Saving server...
[22/7/2012 3:11:10] > SAVE: Complete in 5.677 seconds using binary-tilebased house storage.

[22/7/2012 3:13:35] [Error - NpcScript Interface] 
[22/7/2012 3:13:35] (Unknown script file)
[22/7/2012 3:13:35] Description: 
[22/7/2012 3:13:35] attempt to call a nil value
[22/7/2012 3:13:35] stack traceback:

[22/7/2012 3:33:2] [Error - NpcScript Interface] 
[22/7/2012 3:33:2] (Unknown script file)
[22/7/2012 3:33:2] Description: 
[22/7/2012 3:33:2] attempt to call a nil value
[22/7/2012 3:33:2] stack traceback:
[22/7/2012 3:33:2] 	[C]: in function 'closeShopWindow'
[22/7/2012 3:33:2] 	data/npc/lib/npcsystem/npchandler.lua:225: in function 'releaseFocus'
[22/7/2012 3:33:2] 	data/npc/lib/npcsystem/npchandler.lua:591: in function 'onWalkAway'
[22/7/2012 3:33:2] 	data/npc/lib/npcsystem/npchandler.lua:523: in function 'onThink'
[22/7/2012 3:33:2] 	data/npc/scripts/game/blacksmith.lua:9: in function <data/npc/scripts/game/blacksmith.lua:9>

[22/7/2012 3:45:58] [Error - NpcScript Interface] 
[22/7/2012 3:45:58] (Unknown script file)
[22/7/2012 3:45:58] Description: 
[22/7/2012 3:45:58] attempt to call a nil value
[22/7/2012 3:45:58] stack traceback:
[22/7/2012 3:45:58] 	[C]: in function 'closeShopWindow'
[22/7/2012 3:45:58] 	data/npc/lib/npcsystem/npchandler.lua:225: in function 'releaseFocus'
[22/7/2012 3:45:58] 	data/npc/lib/npcsystem/npchandler.lua:591: in function 'onWalkAway'
[22/7/2012 3:45:58] 	data/npc/lib/npcsystem/npchandler.lua:523: in function 'onThink'
[22/7/2012 3:45:58] 	data/npc/scripts/game/bless/bless4.lua:9: in function <data/npc/scripts/game/bless/bless4.lua:9>

[22/7/2012 3:57:47] [Error - NpcScript Interface] 
[22/7/2012 3:57:47] (Unknown script file)
[22/7/2012 3:57:47] Description: 
[22/7/2012 3:57:47] attempt to call a nil value
[22/7/2012 3:57:47] stack traceback:

[22/7/2012 3:57:48] [Error - NpcScript Interface] 
[22/7/2012 3:57:48] (Unknown script file)
[22/7/2012 3:57:48] Description: 
[22/7/2012 3:57:48] attempt to call a nil value
[22/7/2012 3:57:48] stack traceback:
[22/7/2012 3:57:48] 	[C]: in function 'closeShopWindow'
[22/7/2012 3:57:48] 	data/npc/lib/npcsystem/npchandler.lua:225: in function 'releaseFocus'
[22/7/2012 3:57:48] 	data/npc/lib/npcsystem/npchandler.lua:591: in function 'onWalkAway'
[22/7/2012 3:57:48] 	data/npc/lib/npcsystem/npchandler.lua:523: in function 'onThink'
[22/7/2012 3:57:48] 	data/npc/scripts/game/default.lua:9: in function <data/npc/scripts/game/default.lua:9>

[22/7/2012 3:58:5] [Error - NpcScript Interface] 
[22/7/2012 3:58:5] (Unknown script file)
[22/7/2012 3:58:5] Description: 
[22/7/2012 3:58:5] attempt to call a nil value
[22/7/2012 3:58:5] stack traceback:
[22/7/2012 3:58:5] 	[C]: in function 'closeShopWindow'
[22/7/2012 3:58:5] 	data/npc/lib/npcsystem/npchandler.lua:225: in function 'releaseFocus'
[22/7/2012 3:58:5] 	data/npc/lib/npcsystem/npchandler.lua:591: in function 'onWalkAway'
[22/7/2012 3:58:5] 	data/npc/lib/npcsystem/npchandler.lua:523: in function 'onThink'
[22/7/2012 3:58:5] 	data/npc/scripts/game/bless/bless4.lua:9: in function <data/npc/scripts/game/bless/bless4.lua:9>
[22/7/2012 4:11:4] > Saving server...
[22/7/2012 4:11:9] > SAVE: Complete in 4.707 seconds using binary-tilebased house storage.

[22/7/2012 4:17:5] [Error - NpcScript Interface] 
[22/7/2012 4:17:5] (Unknown script file)
[22/7/2012 4:17:5] Description: 
[22/7/2012 4:17:5] attempt to call a nil value
[22/7/2012 4:17:5] stack traceback:

[22/7/2012 4:20:49] [Error - NpcScript Interface] 
[22/7/2012 4:20:49] (Unknown script file)
[22/7/2012 4:20:49] Description: 
[22/7/2012 4:20:49] attempt to call a nil value
[22/7/2012 4:20:49] stack traceback:
[22/7/2012 4:20:49] 	[C]: in function 'closeShopWindow'
[22/7/2012 4:20:49] 	data/npc/lib/npcsystem/npchandler.lua:225: in function 'releaseFocus'
[22/7/2012 4:20:49] 	data/npc/lib/npcsystem/npchandler.lua:591: in function 'onWalkAway'
[22/7/2012 4:20:49] 	data/npc/lib/npcsystem/npchandler.lua:523: in function 'onThink'
[22/7/2012 4:20:49] 	data/npc/scripts/game/default.lua:9: in function <data/npc/scripts/game/default.lua:9>

[22/7/2012 5:8:7] [Error - NpcScript Interface] 
[22/7/2012 5:8:7] (Unknown script file)
[22/7/2012 5:8:7] Description: 
[22/7/2012 5:8:7] attempt to call a nil value
[22/7/2012 5:8:7] stack traceback:
[22/7/2012 5:8:7] 	[C]: in function 'closeShopWindow'
[22/7/2012 5:8:7] 	data/npc/lib/npcsystem/npchandler.lua:225: in function 'releaseFocus'
[22/7/2012 5:8:7] 	data/npc/lib/npcsystem/npchandler.lua:591: in function 'onWalkAway'
[22/7/2012 5:8:7] 	data/npc/lib/npcsystem/npchandler.lua:523: in function 'onThink'
[22/7/2012 5:8:7] 	data/npc/scripts/game/default.lua:9: in function <data/npc/scripts/game/default.lua:9>
[22/7/2012 5:11:4] > Saving server...
[22/7/2012 5:11:8] > SAVE: Complete in 4.035 seconds using binary-tilebased house storage.

[22/7/2012 5:33:54] [Error - NpcScript Interface] 
[22/7/2012 5:33:54] (Unknown script file)
[22/7/2012 5:33:54] Description: 
[22/7/2012 5:33:54] attempt to call a nil value
[22/7/2012 5:33:54] stack traceback:
[22/7/2012 5:33:54] 	[C]: in function 'closeShopWindow'
[22/7/2012 5:33:54] 	data/npc/lib/npcsystem/npchandler.lua:225: in function 'releaseFocus'
[22/7/2012 5:33:54] 	data/npc/lib/npcsystem/npchandler.lua:363: in function 'unGreet'
[22/7/2012 5:33:54] 	data/npc/lib/npcsystem/npchandler.lua:576: in function 'onFarewell'
[22/7/2012 5:33:54] 	data/npc/lib/npcsystem/modules.lua:251: in function 'callback'
[22/7/2012 5:33:54] 	data/npc/lib/npcsystem/keywordhandler.lua:41: in function 'processMessage'
[22/7/2012 5:33:54] 	data/npc/lib/npcsystem/keywordhandler.lua:181: in function 'processNodeMessage'
[22/7/2012 5:33:54] 	data/npc/lib/npcsystem/keywordhandler.lua:140: in function 'processMessage'
[22/7/2012 5:33:54] 	data/npc/lib/npcsystem/npchandler.lua:423: in function 'onCreatureSay'
[22/7/2012 5:33:54] 	data/npc/scripts/game/default.lua:8: in function <data/npc/scripts/game/default.lua:8>

[22/7/2012 5:35:48] [Error - NpcScript Interface] 
[22/7/2012 5:35:48] (Unknown script file)
[22/7/2012 5:35:48] Description: 
[22/7/2012 5:35:48] attempt to call a nil value
[22/7/2012 5:35:48] stack traceback:
[22/7/2012 5:35:48] 	[C]: in function 'closeShopWindow'
[22/7/2012 5:35:48] 	data/npc/lib/npcsystem/npchandler.lua:225: in function 'releaseFocus'
[22/7/2012 5:35:48] 	data/npc/lib/npcsystem/npchandler.lua:591: in function 'onWalkAway'
[22/7/2012 5:35:48] 	data/npc/lib/npcsystem/npchandler.lua:523: in function 'onThink'
[22/7/2012 5:35:48] 	data/npc/scripts/game/default.lua:9: in function <data/npc/scripts/game/default.lua:9>

[22/7/2012 5:57:32] [Error - NpcScript Interface] 
[22/7/2012 5:57:32] (Unknown script file)
[22/7/2012 5:57:32] Description: 
[22/7/2012 5:57:32] attempt to call a nil value
[22/7/2012 5:57:32] stack traceback:
[22/7/2012 5:57:32] 	[C]: in function 'closeShopWindow'
[22/7/2012 5:57:32] 	data/npc/lib/npcsystem/npchandler.lua:225: in function 'releaseFocus'
[22/7/2012 5:57:32] 	data/npc/lib/npcsystem/npchandler.lua:591: in function 'onWalkAway'
[22/7/2012 5:57:32] 	data/npc/lib/npcsystem/npchandler.lua:523: in function 'onThink'
[22/7/2012 5:57:32] 	data/npc/scripts/game/default.lua:9: in function <data/npc/scripts/game/default.lua:9>

[22/7/2012 6:6:56] [Error - NpcScript Interface] 
[22/7/2012 6:6:56] (Unknown script file)
[22/7/2012 6:6:56] Description: 
[22/7/2012 6:6:56] attempt to call a nil value
[22/7/2012 6:6:56] stack traceback:
[22/7/2012 6:11:4] > Saving server...
[22/7/2012 6:11:8] > SAVE: Complete in 3.945 seconds using binary-tilebased house storage.
[22/7/2012 7:11:4] > Saving server...
[22/7/2012 7:11:8] > SAVE: Complete in 3.38 seconds using binary-tilebased house storage.

[22/7/2012 7:59:11] [Error - NpcScript Interface] 
[22/7/2012 7:59:11] (Unknown script file)
[22/7/2012 7:59:11] Description: 
[22/7/2012 7:59:11] attempt to call a nil value
[22/7/2012 7:59:11] stack traceback:
[22/7/2012 8:11:4] > Saving server...
[22/7/2012 8:11:8] > SAVE: Complete in 3.532 seconds using binary-tilebased house storage.
[22/7/2012 8:13:36] > Broadcasted message: "Uma escura e medonha fumaa negra comea a surgir em Quendor...".
[22/7/2012 8:14:36] > Broadcasted message: "Morte aos mortos vivos! Preparem-se para lutar contra a morte!".
[22/7/2012 8:15:16] > Broadcasted message: "Guerreiros saem do cho e fantasmas assombram os lares! Os mortos vivos atacam a cidade de Quendor!".

[22/7/2012 8:30:49] [Error - NpcScript Interface] 
[22/7/2012 8:30:49] (Unknown script file)
[22/7/2012 8:30:49] Description: 
[22/7/2012 8:30:49] attempt to call a nil value
[22/7/2012 8:30:49] stack traceback:
[22/7/2012 8:30:49] 	[C]: in function 'closeShopWindow'
[22/7/2012 8:30:49] 	data/npc/lib/npcsystem/npchandler.lua:225: in function 'releaseFocus'
[22/7/2012 8:30:49] 	data/npc/lib/npcsystem/npchandler.lua:591: in function 'onWalkAway'
[22/7/2012 8:30:49] 	data/npc/lib/npcsystem/npchandler.lua:523: in function 'onThink'
[22/7/2012 8:30:49] 	data/npc/scripts/game/default.lua:9: in function <data/npc/scripts/game/default.lua:9>
[22/7/2012 9:11:4] > Saving server...
[22/7/2012 9:11:8] > SAVE: Complete in 4.029 seconds using binary-tilebased house storage.

[22/7/2012 9:13:59] [Error - NpcScript Interface] 
[22/7/2012 9:13:59] (Unknown script file)
[22/7/2012 9:13:59] Description: 
[22/7/2012 9:13:59] attempt to call a nil value
[22/7/2012 9:13:59] stack traceback:

[22/7/2012 9:35:59] [Error - NpcScript Interface] 
[22/7/2012 9:35:59] (Unknown script file)
[22/7/2012 9:35:59] Description: 
[22/7/2012 9:35:59] attempt to call a nil value
[22/7/2012 9:35:59] stack traceback:
[22/7/2012 9:35:59] 	[C]: in function 'closeShopWindow'
[22/7/2012 9:35:59] 	data/npc/lib/npcsystem/npchandler.lua:225: in function 'releaseFocus'
[22/7/2012 9:35:59] 	data/npc/lib/npcsystem/npchandler.lua:591: in function 'onWalkAway'
[22/7/2012 9:35:59] 	data/npc/lib/npcsystem/npchandler.lua:523: in function 'onThink'
[22/7/2012 9:35:59] 	data/npc/scripts/game/default.lua:9: in function <data/npc/scripts/game/default.lua:9>
[22/7/2012 10:0:49] > Paying houses...
[22/7/2012 10:0:51] Houses paid in 1.707 seconds.
[22/7/2012 10:0:51] > Saving server...
[22/7/2012 10:0:51] > SAVE: Complete in 0.417 seconds using binary-tilebased house storage.
[22/7/2012 10:0:52] Preparing to shutdown the server- done.
