[21/8/2012 10:9:2] > Using MD5 encryption
[21/8/2012 10:9:3] >> Loading RSA key
[21/8/2012 10:9:3] >> Starting SQL connection

[21/8/2012 10:9:3] > WARNING: Outdated MySQL server detected, consider upgrading to a newer version.
[21/8/2012 10:9:3] >> Running Database Manager
[21/8/2012 10:9:3] >> Loading items (OTB)
[21/8/2012 10:9:3] >> Loading items (XML)
[21/8/2012 10:9:3] [Warning - Items::loadFromXml] Unknown key value blocksolid
[21/8/2012 10:9:3] [Warning - Items::loadFromXml] Unknown key value blocksolid
[21/8/2012 10:9:3] >> Loading groups
[21/8/2012 10:9:3] >> Loading vocations
[21/8/2012 10:9:3] >> Loading outfits
[21/8/2012 10:9:3] >> Loading chat channels
[21/8/2012 10:9:3] >> Loading script systems
[21/8/2012 10:9:5] [Warning - Event::loadScript] Event onTime not found (data/globalevents/scripts/clean.lua)
[21/8/2012 10:9:5] >> Loading mods...
[21/8/2012 10:9:5] > 0 mods were loaded.
[21/8/2012 10:9:5] >> Loading experience stages
[21/8/2012 10:9:5] >> Loading monsters
[21/8/2012 10:9:5] [Warning - Monsters::deserializeSpell] Frost Dragon - Unknown areaEffect: smallice
[21/8/2012 10:9:6] >> Loading map and spawns...
[21/8/2012 10:9:11] > Map size: 5000x5000.
[21/8/2012 10:9:11] > Map descriptions: 
[21/8/2012 10:9:11] "Saved with Remere's Map Editor 2.2"
[21/8/2012 10:9:11] "SimOne MapEditor 0.5.5"
[21/8/2012 10:9:12] [Warning - IOMap::loadMap] Movable item in house: 517, item type: 2741, pos 1070/1121/6
[21/8/2012 10:9:12] [Warning - IOMap::loadMap] Movable item in house: 518, item type: 2741, pos 1070/1129/6
[21/8/2012 10:9:12] [Warning - IOMap::loadMap] Movable item in house: 517, item type: 2741, pos 1073/1121/6
[21/8/2012 10:9:12] [Warning - IOMap::loadMap] Movable item in house: 518, item type: 2741, pos 1073/1129/6
[21/8/2012 10:9:13] Duplicate uniqueId 6401
[21/8/2012 10:9:13] Duplicate uniqueId 6401
[21/8/2012 10:9:16] Duplicate uniqueId 6401
[21/8/2012 10:9:16] Duplicate uniqueId 6401
[21/8/2012 10:9:16] Duplicate uniqueId 6401
[21/8/2012 10:9:16] Duplicate uniqueId 6401
[21/8/2012 10:9:21] Duplicate uniqueId 6401
[21/8/2012 10:9:21] Duplicate uniqueId 6401
[21/8/2012 10:9:23] Duplicate uniqueId 2004
[21/8/2012 10:9:23] Duplicate uniqueId 2005
[21/8/2012 10:9:23] Duplicate uniqueId 2006
[21/8/2012 10:9:23] Duplicate uniqueId 2007
[21/8/2012 10:9:27] Duplicate uniqueId 6401
[21/8/2012 10:9:27] Duplicate uniqueId 6401
[21/8/2012 10:9:27] Duplicate uniqueId 6401
[21/8/2012 10:9:28] Duplicate uniqueId 6400
[21/8/2012 10:9:28] Duplicate uniqueId 6401
[21/8/2012 10:9:28] Duplicate uniqueId 2056
[21/8/2012 10:9:28] Duplicate uniqueId 2057
[21/8/2012 10:9:28] Duplicate uniqueId 2058
[21/8/2012 10:9:28] Duplicate uniqueId 2051
[21/8/2012 10:9:28] Duplicate uniqueId 2052
[21/8/2012 10:9:28] Duplicate uniqueId 2053
[21/8/2012 10:9:28] Duplicate uniqueId 2054
[21/8/2012 10:9:29] > Map loading time: 22.56 seconds.
[21/8/2012 10:9:30] [Spawn::addMonster] Cannot find "Butterfly"
[21/8/2012 10:9:30] [Spawn::addMonster] Cannot find "Butterfly"
[21/8/2012 10:9:30] > Data parsing time: 1.496 seconds.
[21/8/2012 10:9:46] > Houses synchronization time: 15.728 seconds.
[21/8/2012 10:9:46] > Content unserialization time: 0.122 seconds.
[21/8/2012 10:9:46] >> Checking world type... Open PvP
[21/8/2012 10:9:46] >> Initializing game state and binding services...
[21/8/2012 10:9:48] > Global IP address: 184.173.128.212
[21/8/2012 10:9:48] > Bound ports: 7577	7578	9215	
[21/8/2012 10:9:48] >> Everything smells good, server is starting up...
[21/8/2012 10:9:48] >> UltraX server Online!
[21/8/2012 10:9:48] >> UltraX server Online!
[DDOS EMERGENCY] Enabled


[21/8/2012 11:3:8] [Error - NpcScript Interface] 
[21/8/2012 11:3:8] (Unknown script file)
[21/8/2012 11:3:8] Description: 
[21/8/2012 11:3:8] attempt to call a nil value
[21/8/2012 11:3:8] stack traceback:
[21/8/2012 11:3:8] 	[C]: in function 'closeShopWindow'
[21/8/2012 11:3:8] 	data/npc/lib/npcsystem/npchandler.lua:225: in function 'releaseFocus'
[21/8/2012 11:3:8] 	data/npc/lib/npcsystem/npchandler.lua:591: in function 'onWalkAway'
[21/8/2012 11:3:8] 	data/npc/lib/npcsystem/npchandler.lua:523: in function 'onThink'
[21/8/2012 11:3:8] 	data/npc/scripts/game/default.lua:9: in function <data/npc/scripts/game/default.lua:9>
[21/8/2012 11:11:5] > Saving server...
[21/8/2012 11:11:9] > SAVE: Complete in 4.5 seconds using binary-tilebased house storage.

[21/8/2012 11:16:13] [Error - NpcScript Interface] 
[21/8/2012 11:16:13] (Unknown script file)
[21/8/2012 11:16:13] Description: 
[21/8/2012 11:16:13] attempt to call a nil value
[21/8/2012 11:16:13] stack traceback:
[21/8/2012 11:16:13] 	[C]: in function 'closeShopWindow'
[21/8/2012 11:16:13] 	data/npc/lib/npcsystem/npchandler.lua:225: in function 'releaseFocus'
[21/8/2012 11:16:13] 	data/npc/lib/npcsystem/npchandler.lua:591: in function 'onWalkAway'
[21/8/2012 11:16:13] 	data/npc/lib/npcsystem/npchandler.lua:523: in function 'onThink'
[21/8/2012 11:16:13] 	data/npc/scripts/game/default.lua:9: in function <data/npc/scripts/game/default.lua:9>

[21/8/2012 11:36:16] [Error - NpcScript Interface] 
[21/8/2012 11:36:16] (Unknown script file)
[21/8/2012 11:36:16] Description: 
[21/8/2012 11:36:16] attempt to call a nil value
[21/8/2012 11:36:16] stack traceback:

[21/8/2012 11:38:5] [Error - NpcScript Interface] 
[21/8/2012 11:38:5] (Unknown script file)
[21/8/2012 11:38:5] Description: 
[21/8/2012 11:38:5] attempt to call a nil value
[21/8/2012 11:38:5] stack traceback:
[21/8/2012 11:38:5] 	[C]: in function 'closeShopWindow'
[21/8/2012 11:38:5] 	data/npc/lib/npcsystem/npchandler.lua:225: in function 'releaseFocus'
[21/8/2012 11:38:5] 	data/npc/lib/npcsystem/npchandler.lua:591: in function 'onWalkAway'
[21/8/2012 11:38:5] 	data/npc/lib/npcsystem/npchandler.lua:523: in function 'onThink'
[21/8/2012 11:38:5] 	data/npc/scripts/game/default.lua:9: in function <data/npc/scripts/game/default.lua:9>
[21/8/2012 11:55:54] [Warning - Protocol::RSA_decrypt] Not valid packet size (IP: 187.32.225.121)
[21/8/2012 11:56:29] [Warning - Protocol::RSA_decrypt] Not valid packet size (IP: 187.32.225.121)
[21/8/2012 11:56:51] [Warning - Protocol::RSA_decrypt] Not valid packet size (IP: 187.32.225.121)

[21/8/2012 12:0:38] [Error - NpcScript Interface] 
[21/8/2012 12:0:38] (Unknown script file)
[21/8/2012 12:0:38] Description: 
[21/8/2012 12:0:38] attempt to call a nil value
[21/8/2012 12:0:38] stack traceback:

[21/8/2012 12:2:37] [Error - NpcScript Interface] 
[21/8/2012 12:2:37] (Unknown script file)
[21/8/2012 12:2:37] Description: 
[21/8/2012 12:2:37] attempt to call a nil value
[21/8/2012 12:2:37] stack traceback:

[21/8/2012 12:4:49] [Error - NpcScript Interface] 
[21/8/2012 12:4:49] (Unknown script file)
[21/8/2012 12:4:49] Description: 
[21/8/2012 12:4:49] attempt to call a nil value
[21/8/2012 12:4:49] stack traceback:
[21/8/2012 12:4:49] 	[C]: in function 'closeShopWindow'
[21/8/2012 12:4:49] 	data/npc/lib/npcsystem/npchandler.lua:225: in function 'releaseFocus'
[21/8/2012 12:4:49] 	data/npc/lib/npcsystem/npchandler.lua:591: in function 'onWalkAway'
[21/8/2012 12:4:49] 	data/npc/lib/npcsystem/npchandler.lua:523: in function 'onThink'
[21/8/2012 12:4:49] 	data/npc/scripts/game/rashid.lua:9: in function <data/npc/scripts/game/rashid.lua:9>
[21/8/2012 12:11:5] > Saving server...
[21/8/2012 12:11:10] > SAVE: Complete in 5.414 seconds using binary-tilebased house storage.

[21/8/2012 12:12:8] [Error - NpcScript Interface] 
[21/8/2012 12:12:8] (Unknown script file)
[21/8/2012 12:12:8] Description: 
[21/8/2012 12:12:8] attempt to call a nil value
[21/8/2012 12:12:8] stack traceback:
[21/8/2012 12:12:8] 	[C]: in function 'closeShopWindow'
[21/8/2012 12:12:8] 	data/npc/lib/npcsystem/npchandler.lua:225: in function 'releaseFocus'
[21/8/2012 12:12:8] 	data/npc/lib/npcsystem/npchandler.lua:591: in function 'onWalkAway'
[21/8/2012 12:12:8] 	data/npc/lib/npcsystem/npchandler.lua:523: in function 'onThink'
[21/8/2012 12:12:8] 	data/npc/scripts/game/default.lua:9: in function <data/npc/scripts/game/default.lua:9>

[21/8/2012 12:15:26] [Error - NpcScript Interface] 
[21/8/2012 12:15:26] (Unknown script file)
[21/8/2012 12:15:26] Description: 
[21/8/2012 12:15:26] attempt to call a nil value
[21/8/2012 12:15:26] stack traceback:

[21/8/2012 12:15:43] [Error - NpcScript Interface] 
[21/8/2012 12:15:43] (Unknown script file)
[21/8/2012 12:15:43] Description: 
[21/8/2012 12:15:43] attempt to call a nil value
[21/8/2012 12:15:43] stack traceback:
[21/8/2012 12:15:43] 	[C]: in function 'closeShopWindow'
[21/8/2012 12:15:43] 	data/npc/lib/npcsystem/npchandler.lua:225: in function 'releaseFocus'
[21/8/2012 12:15:43] 	data/npc/lib/npcsystem/npchandler.lua:591: in function 'onWalkAway'
[21/8/2012 12:15:43] 	data/npc/lib/npcsystem/npchandler.lua:523: in function 'onThink'
[21/8/2012 12:15:43] 	data/npc/scripts/game/default.lua:9: in function <data/npc/scripts/game/default.lua:9>

[21/8/2012 12:23:23] [Error - NpcScript Interface] 
[21/8/2012 12:23:23] (Unknown script file)
[21/8/2012 12:23:23] Description: 
[21/8/2012 12:23:23] attempt to call a nil value
[21/8/2012 12:23:23] stack traceback:
[21/8/2012 12:23:23] 	[C]: in function 'closeShopWindow'
[21/8/2012 12:23:23] 	data/npc/lib/npcsystem/npchandler.lua:225: in function 'releaseFocus'
[21/8/2012 12:23:23] 	data/npc/lib/npcsystem/npchandler.lua:591: in function 'onWalkAway'
[21/8/2012 12:23:23] 	data/npc/lib/npcsystem/npchandler.lua:523: in function 'onThink'
[21/8/2012 12:23:23] 	data/npc/scripts/game/default.lua:9: in function <data/npc/scripts/game/default.lua:9>

[21/8/2012 12:23:29] [Error - NpcScript Interface] 
[21/8/2012 12:23:29] (Unknown script file)
[21/8/2012 12:23:29] Description: 
[21/8/2012 12:23:29] attempt to call a nil value
[21/8/2012 12:23:29] stack traceback:
[21/8/2012 12:23:29] 	[C]: in function 'closeShopWindow'
[21/8/2012 12:23:29] 	data/npc/lib/npcsystem/npchandler.lua:225: in function 'releaseFocus'
[21/8/2012 12:23:29] 	data/npc/lib/npcsystem/npchandler.lua:591: in function 'onWalkAway'
[21/8/2012 12:23:29] 	data/npc/lib/npcsystem/npchandler.lua:523: in function 'onThink'
[21/8/2012 12:23:29] 	data/npc/scripts/game/default.lua:9: in function <data/npc/scripts/game/default.lua:9>

[21/8/2012 12:24:17] [Error - NpcScript Interface] 
[21/8/2012 12:24:17] (Unknown script file)
[21/8/2012 12:24:17] Description: 
[21/8/2012 12:24:17] attempt to call a nil value
[21/8/2012 12:24:17] stack traceback:
[21/8/2012 12:24:17] 	[C]: in function 'closeShopWindow'
[21/8/2012 12:24:17] 	data/npc/lib/npcsystem/npchandler.lua:225: in function 'releaseFocus'
[21/8/2012 12:24:17] 	data/npc/lib/npcsystem/npchandler.lua:591: in function 'onWalkAway'
[21/8/2012 12:24:17] 	data/npc/lib/npcsystem/npchandler.lua:523: in function 'onThink'
[21/8/2012 12:24:17] 	data/npc/scripts/game/default.lua:9: in function <data/npc/scripts/game/default.lua:9>

[21/8/2012 12:25:11] [Error - NpcScript Interface] 
[21/8/2012 12:25:11] (Unknown script file)
[21/8/2012 12:25:11] Description: 
[21/8/2012 12:25:11] attempt to call a nil value
[21/8/2012 12:25:11] stack traceback:

[21/8/2012 12:31:41] [Error - NpcScript Interface] 
[21/8/2012 12:31:41] (Unknown script file)
[21/8/2012 12:31:41] Description: 
[21/8/2012 12:31:41] attempt to call a nil value
[21/8/2012 12:31:41] stack traceback:

[21/8/2012 12:35:59] [Error - NpcScript Interface] 
[21/8/2012 12:35:59] (Unknown script file)
[21/8/2012 12:35:59] Description: 
[21/8/2012 12:35:59] attempt to call a nil value
[21/8/2012 12:35:59] stack traceback:

[21/8/2012 12:41:37] [Error - NpcScript Interface] 
[21/8/2012 12:41:37] (Unknown script file)
[21/8/2012 12:41:37] Description: 
[21/8/2012 12:41:37] attempt to call a nil value
[21/8/2012 12:41:37] stack traceback:

[21/8/2012 12:48:45] [Error - NpcScript Interface] 
[21/8/2012 12:48:45] (Unknown script file)
[21/8/2012 12:48:45] Description: 
[21/8/2012 12:48:45] attempt to call a nil value
[21/8/2012 12:48:45] stack traceback:

[21/8/2012 12:54:50] [Error - NpcScript Interface] 
[21/8/2012 12:54:50] (Unknown script file)
[21/8/2012 12:54:50] Description: 
[21/8/2012 12:54:50] attempt to call a nil value
[21/8/2012 12:54:50] stack traceback:
[21/8/2012 12:54:50] 	[C]: in function 'closeShopWindow'
[21/8/2012 12:54:50] 	data/npc/lib/npcsystem/npchandler.lua:225: in function 'releaseFocus'
[21/8/2012 12:54:50] 	data/npc/lib/npcsystem/npchandler.lua:591: in function 'onWalkAway'
[21/8/2012 12:54:50] 	data/npc/lib/npcsystem/npchandler.lua:523: in function 'onThink'
[21/8/2012 12:54:50] 	data/npc/scripts/game/default.lua:9: in function <data/npc/scripts/game/default.lua:9>

[21/8/2012 12:57:7] [Error - NpcScript Interface] 
[21/8/2012 12:57:7] (Unknown script file)
[21/8/2012 12:57:7] Description: 
[21/8/2012 12:57:7] attempt to call a nil value
[21/8/2012 12:57:7] stack traceback:
[21/8/2012 12:57:7] 	[C]: in function 'closeShopWindow'
[21/8/2012 12:57:7] 	data/npc/lib/npcsystem/npchandler.lua:225: in function 'releaseFocus'
[21/8/2012 12:57:7] 	data/npc/lib/npcsystem/npchandler.lua:591: in function 'onWalkAway'
[21/8/2012 12:57:7] 	data/npc/lib/npcsystem/npchandler.lua:523: in function 'onThink'
[21/8/2012 12:57:7] 	data/npc/scripts/game/default.lua:9: in function <data/npc/scripts/game/default.lua:9>

[21/8/2012 12:57:47] [Error - NpcScript Interface] 
[21/8/2012 12:57:47] (Unknown script file)
[21/8/2012 12:57:47] Description: 
[21/8/2012 12:57:47] attempt to call a nil value
[21/8/2012 12:57:47] stack traceback:
[21/8/2012 12:57:47] 	[C]: in function 'closeShopWindow'
[21/8/2012 12:57:47] 	data/npc/lib/npcsystem/npchandler.lua:225: in function 'releaseFocus'
[21/8/2012 12:57:47] 	data/npc/lib/npcsystem/npchandler.lua:363: in function 'unGreet'
[21/8/2012 12:57:47] 	data/npc/lib/npcsystem/npchandler.lua:576: in function 'onFarewell'
[21/8/2012 12:57:47] 	data/npc/lib/npcsystem/modules.lua:251: in function 'callback'
[21/8/2012 12:57:47] 	data/npc/lib/npcsystem/keywordhandler.lua:41: in function 'processMessage'
[21/8/2012 12:57:47] 	data/npc/lib/npcsystem/keywordhandler.lua:181: in function 'processNodeMessage'
[21/8/2012 12:57:47] 	data/npc/lib/npcsystem/keywordhandler.lua:140: in function 'processMessage'
[21/8/2012 12:57:47] 	data/npc/lib/npcsystem/npchandler.lua:423: in function 'onCreatureSay'
[21/8/2012 12:57:47] 	data/npc/scripts/game/default.lua:8: in function <data/npc/scripts/game/default.lua:8>

[21/8/2012 13:0:32] [Error - NpcScript Interface] 
[21/8/2012 13:0:32] (Unknown script file)
[21/8/2012 13:0:32] Description: 
[21/8/2012 13:0:32] attempt to call a nil value
[21/8/2012 13:0:32] stack traceback:
[21/8/2012 13:0:32] 	[C]: in function 'closeShopWindow'
[21/8/2012 13:0:32] 	data/npc/lib/npcsystem/npchandler.lua:225: in function 'releaseFocus'
[21/8/2012 13:0:32] 	data/npc/lib/npcsystem/npchandler.lua:591: in function 'onWalkAway'
[21/8/2012 13:0:32] 	data/npc/lib/npcsystem/npchandler.lua:523: in function 'onThink'
[21/8/2012 13:0:32] 	data/npc/scripts/game/blacksmith.lua:9: in function <data/npc/scripts/game/blacksmith.lua:9>

[21/8/2012 13:7:47] [Error - NpcScript Interface] 
[21/8/2012 13:7:47] (Unknown script file)
[21/8/2012 13:7:47] Description: 
[21/8/2012 13:7:47] attempt to call a nil value
[21/8/2012 13:7:47] stack traceback:
[21/8/2012 13:11:5] > Saving server...
[21/8/2012 13:11:11] > SAVE: Complete in 6.897 seconds using binary-tilebased house storage.

[21/8/2012 13:16:12] [Error - NpcScript Interface] 
[21/8/2012 13:16:12] (Unknown script file)
[21/8/2012 13:16:12] Description: 
[21/8/2012 13:16:12] attempt to call a nil value
[21/8/2012 13:16:12] stack traceback:
[21/8/2012 13:16:12] 	[C]: in function 'closeShopWindow'
[21/8/2012 13:16:12] 	data/npc/lib/npcsystem/npchandler.lua:225: in function 'releaseFocus'
[21/8/2012 13:16:12] 	data/npc/lib/npcsystem/npchandler.lua:591: in function 'onWalkAway'
[21/8/2012 13:16:12] 	data/npc/lib/npcsystem/npchandler.lua:523: in function 'onThink'
[21/8/2012 13:16:12] 	data/npc/scripts/game/blacksmith.lua:9: in function <data/npc/scripts/game/blacksmith.lua:9>

[21/8/2012 13:26:37] [Error - NpcScript Interface] 
[21/8/2012 13:26:37] (Unknown script file)
[21/8/2012 13:26:37] Description: 
[21/8/2012 13:26:37] attempt to call a nil value
[21/8/2012 13:26:37] stack traceback:
[21/8/2012 13:26:37] 	[C]: in function 'closeShopWindow'
[21/8/2012 13:26:37] 	data/npc/lib/npcsystem/npchandler.lua:225: in function 'releaseFocus'
[21/8/2012 13:26:37] 	data/npc/lib/npcsystem/npchandler.lua:591: in function 'onWalkAway'
[21/8/2012 13:26:37] 	data/npc/lib/npcsystem/npchandler.lua:523: in function 'onThink'
[21/8/2012 13:26:37] 	data/npc/scripts/game/default.lua:9: in function <data/npc/scripts/game/default.lua:9>

[21/8/2012 13:30:41] [Error - NpcScript Interface] 
[21/8/2012 13:30:41] (Unknown script file)
[21/8/2012 13:30:41] Description: 
[21/8/2012 13:30:41] attempt to call a nil value
[21/8/2012 13:30:41] stack traceback:

[21/8/2012 13:32:7] [Error - NpcScript Interface] 
[21/8/2012 13:32:7] (Unknown script file)
[21/8/2012 13:32:7] Description: 
[21/8/2012 13:32:7] attempt to call a nil value
[21/8/2012 13:32:7] stack traceback:

[21/8/2012 13:32:42] [Error - NpcScript Interface] 
[21/8/2012 13:32:42] (Unknown script file)
[21/8/2012 13:32:42] Description: 
[21/8/2012 13:32:42] attempt to call a nil value
[21/8/2012 13:32:42] stack traceback:
[21/8/2012 13:32:42] 	[C]: in function 'closeShopWindow'
[21/8/2012 13:32:42] 	data/npc/lib/npcsystem/npchandler.lua:225: in function 'releaseFocus'
[21/8/2012 13:32:42] 	data/npc/lib/npcsystem/npchandler.lua:591: in function 'onWalkAway'
[21/8/2012 13:32:42] 	data/npc/lib/npcsystem/npchandler.lua:523: in function 'onThink'
[21/8/2012 13:32:42] 	data/npc/scripts/game/default.lua:9: in function <data/npc/scripts/game/default.lua:9>

[21/8/2012 13:34:15] [Error - NpcScript Interface] 
[21/8/2012 13:34:15] (Unknown script file)
[21/8/2012 13:34:15] Description: 
[21/8/2012 13:34:15] attempt to call a nil value
[21/8/2012 13:34:15] stack traceback:
[21/8/2012 13:34:15] 	[C]: in function 'closeShopWindow'
[21/8/2012 13:34:15] 	data/npc/lib/npcsystem/npchandler.lua:225: in function 'releaseFocus'
[21/8/2012 13:34:15] 	data/npc/lib/npcsystem/npchandler.lua:591: in function 'onWalkAway'
[21/8/2012 13:34:15] 	data/npc/lib/npcsystem/npchandler.lua:523: in function 'onThink'
[21/8/2012 13:34:15] 	data/npc/scripts/game/default.lua:9: in function <data/npc/scripts/game/default.lua:9>

[21/8/2012 13:39:13] [Error - NpcScript Interface] 
[21/8/2012 13:39:13] (Unknown script file)
[21/8/2012 13:39:13] Description: 
[21/8/2012 13:39:13] attempt to call a nil value
[21/8/2012 13:39:13] stack traceback:

[21/8/2012 13:39:22] [Error - NpcScript Interface] 
[21/8/2012 13:39:22] (Unknown script file)
[21/8/2012 13:39:22] Description: 
[21/8/2012 13:39:22] attempt to call a nil value
[21/8/2012 13:39:22] stack traceback:

[21/8/2012 13:41:31] [Error - NpcScript Interface] 
[21/8/2012 13:41:31] (Unknown script file)
[21/8/2012 13:41:31] Description: 
[21/8/2012 13:41:31] attempt to call a nil value
[21/8/2012 13:41:31] stack traceback:

[21/8/2012 13:41:44] [Error - NpcScript Interface] 
[21/8/2012 13:41:44] (Unknown script file)
[21/8/2012 13:41:44] Description: 
[21/8/2012 13:41:44] attempt to call a nil value
[21/8/2012 13:41:44] stack traceback:

[21/8/2012 13:43:13] [Error - NpcScript Interface] 
[21/8/2012 13:43:13] (Unknown script file)
[21/8/2012 13:43:13] Description: 
[21/8/2012 13:43:13] attempt to call a nil value
[21/8/2012 13:43:13] stack traceback:
[21/8/2012 13:43:13] 	[C]: in function 'closeShopWindow'
[21/8/2012 13:43:13] 	data/npc/lib/npcsystem/npchandler.lua:225: in function 'releaseFocus'
[21/8/2012 13:43:13] 	data/npc/lib/npcsystem/npchandler.lua:591: in function 'onWalkAway'
[21/8/2012 13:43:13] 	data/npc/lib/npcsystem/npchandler.lua:523: in function 'onThink'
[21/8/2012 13:43:13] 	data/npc/scripts/game/default.lua:9: in function <data/npc/scripts/game/default.lua:9>

[21/8/2012 13:44:14] [Error - NpcScript Interface] 
[21/8/2012 13:44:14] (Unknown script file)
[21/8/2012 13:44:14] Description: 
[21/8/2012 13:44:14] attempt to call a nil value
[21/8/2012 13:44:14] stack traceback:

[21/8/2012 13:45:45] [Error - NpcScript Interface] 
[21/8/2012 13:45:45] (Unknown script file)
[21/8/2012 13:45:45] Description: 
[21/8/2012 13:45:45] attempt to call a nil value
[21/8/2012 13:45:45] stack traceback:
[21/8/2012 13:45:45] 	[C]: in function 'closeShopWindow'
[21/8/2012 13:45:45] 	data/npc/lib/npcsystem/npchandler.lua:225: in function 'releaseFocus'
[21/8/2012 13:45:45] 	data/npc/lib/npcsystem/npchandler.lua:591: in function 'onWalkAway'
[21/8/2012 13:45:45] 	data/npc/lib/npcsystem/npchandler.lua:523: in function 'onThink'
[21/8/2012 13:45:45] 	data/npc/scripts/game/default.lua:9: in function <data/npc/scripts/game/default.lua:9>

[21/8/2012 13:53:17] [Error - NpcScript Interface] 
[21/8/2012 13:53:17] (Unknown script file)
[21/8/2012 13:53:17] Description: 
[21/8/2012 13:53:17] attempt to call a nil value
[21/8/2012 13:53:17] stack traceback:

[21/8/2012 14:0:4] [Error - NpcScript Interface] 
[21/8/2012 14:0:4] (Unknown script file)
[21/8/2012 14:0:4] Description: 
[21/8/2012 14:0:4] attempt to call a nil value
[21/8/2012 14:0:4] stack traceback:
[21/8/2012 14:0:4] 	[C]: in function 'closeShopWindow'
[21/8/2012 14:0:4] 	data/npc/lib/npcsystem/npchandler.lua:225: in function 'releaseFocus'
[21/8/2012 14:0:4] 	data/npc/lib/npcsystem/npchandler.lua:591: in function 'onWalkAway'
[21/8/2012 14:0:4] 	data/npc/lib/npcsystem/npchandler.lua:523: in function 'onThink'
[21/8/2012 14:0:4] 	data/npc/scripts/game/blacksmith.lua:9: in function <data/npc/scripts/game/blacksmith.lua:9>

[21/8/2012 14:0:25] [Error - NpcScript Interface] 
[21/8/2012 14:0:25] (Unknown script file)
[21/8/2012 14:0:25] Description: 
[21/8/2012 14:0:25] attempt to call a nil value
[21/8/2012 14:0:25] stack traceback:
[21/8/2012 14:0:25] 	[C]: in function 'closeShopWindow'
[21/8/2012 14:0:25] 	data/npc/lib/npcsystem/npchandler.lua:225: in function 'releaseFocus'
[21/8/2012 14:0:25] 	data/npc/lib/npcsystem/npchandler.lua:591: in function 'onWalkAway'
[21/8/2012 14:0:25] 	data/npc/lib/npcsystem/npchandler.lua:523: in function 'onThink'
[21/8/2012 14:0:25] 	data/npc/scripts/game/default.lua:9: in function <data/npc/scripts/game/default.lua:9>

[21/8/2012 14:3:7] [Error - NpcScript Interface] 
[21/8/2012 14:3:7] (Unknown script file)
[21/8/2012 14:3:7] Description: 
[21/8/2012 14:3:7] attempt to call a nil value
[21/8/2012 14:3:7] stack traceback:
[21/8/2012 14:3:7] 	[C]: in function 'closeShopWindow'
[21/8/2012 14:3:7] 	data/npc/lib/npcsystem/npchandler.lua:225: in function 'releaseFocus'
[21/8/2012 14:3:7] 	data/npc/lib/npcsystem/npchandler.lua:591: in function 'onWalkAway'
[21/8/2012 14:3:7] 	data/npc/lib/npcsystem/npchandler.lua:523: in function 'onThink'
[21/8/2012 14:3:7] 	data/npc/scripts/game/default.lua:9: in function <data/npc/scripts/game/default.lua:9>

[21/8/2012 14:3:45] [Error - NpcScript Interface] 
[21/8/2012 14:3:45] (Unknown script file)
[21/8/2012 14:3:45] Description: 
[21/8/2012 14:3:45] attempt to call a nil value
[21/8/2012 14:3:45] stack traceback:

[21/8/2012 14:7:32] [Error - NpcScript Interface] 
[21/8/2012 14:7:32] (Unknown script file)
[21/8/2012 14:7:32] Description: 
[21/8/2012 14:7:32] attempt to call a nil value
[21/8/2012 14:7:32] stack traceback:
[21/8/2012 14:7:32] 	[C]: in function 'closeShopWindow'
[21/8/2012 14:7:32] 	data/npc/lib/npcsystem/npchandler.lua:225: in function 'releaseFocus'
[21/8/2012 14:7:32] 	data/npc/lib/npcsystem/npchandler.lua:591: in function 'onWalkAway'
[21/8/2012 14:7:32] 	data/npc/lib/npcsystem/npchandler.lua:523: in function 'onThink'
[21/8/2012 14:7:32] 	data/npc/scripts/game/default.lua:9: in function <data/npc/scripts/game/default.lua:9>

[21/8/2012 14:9:17] [Error - NpcScript Interface] 
[21/8/2012 14:9:17] (Unknown script file)
[21/8/2012 14:9:17] Description: 
[21/8/2012 14:9:17] attempt to call a nil value
[21/8/2012 14:9:17] stack traceback:
[21/8/2012 14:9:17] 	[C]: in function 'closeShopWindow'
[21/8/2012 14:9:17] 	data/npc/lib/npcsystem/npchandler.lua:225: in function 'releaseFocus'
[21/8/2012 14:9:17] 	data/npc/lib/npcsystem/npchandler.lua:591: in function 'onWalkAway'
[21/8/2012 14:9:17] 	data/npc/lib/npcsystem/npchandler.lua:523: in function 'onThink'
[21/8/2012 14:9:17] 	data/npc/scripts/game/default.lua:9: in function <data/npc/scripts/game/default.lua:9>
[21/8/2012 14:11:5] > Saving server...
[21/8/2012 14:11:11] > SAVE: Complete in 6.688 seconds using binary-tilebased house storage.

[21/8/2012 14:31:44] [Error - NpcScript Interface] 
[21/8/2012 14:31:44] (Unknown script file)
[21/8/2012 14:31:44] Description: 
[21/8/2012 14:31:44] attempt to call a nil value
[21/8/2012 14:31:44] stack traceback:

[21/8/2012 14:33:18] [Error - NpcScript Interface] 
[21/8/2012 14:33:18] (Unknown script file)
[21/8/2012 14:33:18] Description: 
[21/8/2012 14:33:18] attempt to call a nil value
[21/8/2012 14:33:18] stack traceback:
[21/8/2012 14:33:18] 	[C]: ?

[21/8/2012 14:35:27] [Error - NpcScript Interface] 
[21/8/2012 14:35:27] (Unknown script file)
[21/8/2012 14:35:27] Description: 
[21/8/2012 14:35:27] attempt to call a nil value
[21/8/2012 14:35:27] stack traceback:
[21/8/2012 14:35:27] 	[C]: ?

[21/8/2012 14:36:22] [Error - Action Interface] 
[21/8/2012 14:36:22] data/actions/scripts/tools/pick.lua:onUse
[21/8/2012 14:36:22] Description: 
[21/8/2012 14:36:22] (luaGetThingFromPos) Tile not found

[21/8/2012 14:37:37] [Error - NpcScript Interface] 
[21/8/2012 14:37:37] (Unknown script file)
[21/8/2012 14:37:37] Description: 
[21/8/2012 14:37:37] attempt to call a nil value
[21/8/2012 14:37:37] stack traceback:
[21/8/2012 14:37:37] 	[C]: ?

[21/8/2012 14:38:35] [Error - NpcScript Interface] 
[21/8/2012 14:38:35] (Unknown script file)
[21/8/2012 14:38:35] Description: 
[21/8/2012 14:38:35] attempt to call a nil value
[21/8/2012 14:38:35] stack traceback:
[21/8/2012 14:38:35] 	[C]: ?

[21/8/2012 14:38:49] [Error - NpcScript Interface] 
[21/8/2012 14:38:49] (Unknown script file)
[21/8/2012 14:38:49] Description: 
[21/8/2012 14:38:49] attempt to call a nil value
[21/8/2012 14:38:49] stack traceback:
[21/8/2012 14:38:49] 	[C]: ?

[21/8/2012 14:50:9] [Error - NpcScript Interface] 
[21/8/2012 14:50:9] (Unknown script file)
[21/8/2012 14:50:9] Description: 
[21/8/2012 14:50:9] attempt to call a nil value
[21/8/2012 14:50:9] stack traceback:

[21/8/2012 14:51:5] [Error - NpcScript Interface] 
[21/8/2012 14:51:5] (Unknown script file)
[21/8/2012 14:51:5] Description: 
[21/8/2012 14:51:5] attempt to call a nil value
[21/8/2012 14:51:5] stack traceback:

[21/8/2012 14:56:12] [Error - NpcScript Interface] 
[21/8/2012 14:56:12] (Unknown script file)
[21/8/2012 14:56:12] Description: 
[21/8/2012 14:56:12] attempt to call a nil value
[21/8/2012 14:56:12] stack traceback:
[21/8/2012 14:56:12] 	[C]: in function 'closeShopWindow'
[21/8/2012 14:56:12] 	data/npc/lib/npcsystem/npchandler.lua:225: in function 'releaseFocus'
[21/8/2012 14:56:12] 	data/npc/lib/npcsystem/npchandler.lua:591: in function 'onWalkAway'
[21/8/2012 14:56:12] 	data/npc/lib/npcsystem/npchandler.lua:523: in function 'onThink'
[21/8/2012 14:56:12] 	data/npc/scripts/game/default.lua:9: in function <data/npc/scripts/game/default.lua:9>

[21/8/2012 15:10:18] [Error - NpcScript Interface] 
[21/8/2012 15:10:18] (Unknown script file)
[21/8/2012 15:10:18] Description: 
[21/8/2012 15:10:18] attempt to call a nil value
[21/8/2012 15:10:18] stack traceback:
[21/8/2012 15:10:18] 	[C]: in function 'closeShopWindow'
[21/8/2012 15:10:18] 	data/npc/lib/npcsystem/npchandler.lua:225: in function 'releaseFocus'
[21/8/2012 15:10:18] 	data/npc/lib/npcsystem/npchandler.lua:591: in function 'onWalkAway'
[21/8/2012 15:10:18] 	data/npc/lib/npcsystem/npchandler.lua:523: in function 'onThink'
[21/8/2012 15:10:18] 	data/npc/scripts/game/default.lua:9: in function <data/npc/scripts/game/default.lua:9>
[21/8/2012 15:11:5] > Saving server...
[21/8/2012 15:11:13] > SAVE: Complete in 8.15 seconds using binary-tilebased house storage.

[21/8/2012 15:13:8] [Error - NpcScript Interface] 
[21/8/2012 15:13:8] (Unknown script file)
[21/8/2012 15:13:8] Description: 
[21/8/2012 15:13:8] attempt to call a nil value
[21/8/2012 15:13:8] stack traceback:

[21/8/2012 15:15:2] [Error - NpcScript Interface] 
[21/8/2012 15:15:2] (Unknown script file)
[21/8/2012 15:15:2] Description: 
[21/8/2012 15:15:2] attempt to call a nil value
[21/8/2012 15:15:2] stack traceback:

[21/8/2012 15:16:43] [Error - NpcScript Interface] 
[21/8/2012 15:16:43] (Unknown script file)
[21/8/2012 15:16:43] Description: 
[21/8/2012 15:16:43] attempt to call a nil value
[21/8/2012 15:16:43] stack traceback:

[21/8/2012 15:26:49] [Error - NpcScript Interface] 
[21/8/2012 15:26:49] (Unknown script file)
[21/8/2012 15:26:49] Description: 
[21/8/2012 15:26:49] attempt to call a nil value
[21/8/2012 15:26:49] stack traceback:
[21/8/2012 15:26:49] 	[C]: in function 'closeShopWindow'
[21/8/2012 15:26:49] 	data/npc/lib/npcsystem/npchandler.lua:225: in function 'releaseFocus'
[21/8/2012 15:26:49] 	data/npc/lib/npcsystem/npchandler.lua:591: in function 'onWalkAway'
[21/8/2012 15:26:49] 	data/npc/lib/npcsystem/npchandler.lua:523: in function 'onThink'
[21/8/2012 15:26:49] 	data/npc/scripts/game/default.lua:9: in function <data/npc/scripts/game/default.lua:9>

[21/8/2012 15:38:54] [Error - NpcScript Interface] 
[21/8/2012 15:38:54] (Unknown script file)
[21/8/2012 15:38:54] Description: 
[21/8/2012 15:38:54] attempt to call a nil value
[21/8/2012 15:38:54] stack traceback:
[21/8/2012 15:38:54] 	[C]: in function 'closeShopWindow'
[21/8/2012 15:38:54] 	data/npc/lib/npcsystem/npchandler.lua:225: in function 'releaseFocus'
[21/8/2012 15:38:54] 	data/npc/lib/npcsystem/npchandler.lua:591: in function 'onWalkAway'
[21/8/2012 15:38:54] 	data/npc/lib/npcsystem/npchandler.lua:523: in function 'onThink'
[21/8/2012 15:38:54] 	data/npc/scripts/game/default.lua:9: in function <data/npc/scripts/game/default.lua:9>

[21/8/2012 15:39:12] [Error - NpcScript Interface] 
[21/8/2012 15:39:12] (Unknown script file)
[21/8/2012 15:39:12] Description: 
[21/8/2012 15:39:12] attempt to call a nil value
[21/8/2012 15:39:12] stack traceback:

[21/8/2012 15:54:11] [Error - NpcScript Interface] 
[21/8/2012 15:54:11] (Unknown script file)
[21/8/2012 15:54:11] Description: 
[21/8/2012 15:54:11] attempt to call a nil value
[21/8/2012 15:54:11] stack traceback:

[21/8/2012 16:0:29] [Error - NpcScript Interface] 
[21/8/2012 16:0:29] (Unknown script file)
[21/8/2012 16:0:29] Description: 
[21/8/2012 16:0:29] attempt to call a nil value
[21/8/2012 16:0:29] stack traceback:

[21/8/2012 16:3:31] [Error - NpcScript Interface] 
[21/8/2012 16:3:31] (Unknown script file)
[21/8/2012 16:3:31] Description: 
[21/8/2012 16:3:31] attempt to call a nil value
[21/8/2012 16:3:31] stack traceback:
[21/8/2012 16:3:31] 	[C]: in function 'closeShopWindow'
[21/8/2012 16:3:31] 	data/npc/lib/npcsystem/npchandler.lua:225: in function 'releaseFocus'
[21/8/2012 16:3:31] 	data/npc/lib/npcsystem/npchandler.lua:591: in function 'onWalkAway'
[21/8/2012 16:3:31] 	data/npc/lib/npcsystem/npchandler.lua:523: in function 'onThink'
[21/8/2012 16:3:31] 	data/npc/scripts/game/blacksmith.lua:9: in function <data/npc/scripts/game/blacksmith.lua:9>
[21/8/2012 16:11:5] > Saving server...
[21/8/2012 16:11:12] > SAVE: Complete in 7.682 seconds using binary-tilebased house storage.

[21/8/2012 16:16:32] [Error - NpcScript Interface] 
[21/8/2012 16:16:32] (Unknown script file)
[21/8/2012 16:16:32] Description: 
[21/8/2012 16:16:32] attempt to call a nil value
[21/8/2012 16:16:32] stack traceback:

[21/8/2012 16:24:52] [Error - NpcScript Interface] 
[21/8/2012 16:24:52] (Unknown script file)
[21/8/2012 16:24:52] Description: 
[21/8/2012 16:24:52] attempt to call a nil value
[21/8/2012 16:24:52] stack traceback:

[21/8/2012 16:25:10] [Error - NpcScript Interface] 
[21/8/2012 16:25:10] (Unknown script file)
[21/8/2012 16:25:10] Description: 
[21/8/2012 16:25:10] attempt to call a nil value
[21/8/2012 16:25:10] stack traceback:
[21/8/2012 16:25:10] 	[C]: in function 'closeShopWindow'
[21/8/2012 16:25:10] 	data/npc/lib/npcsystem/npchandler.lua:225: in function 'releaseFocus'
[21/8/2012 16:25:10] 	data/npc/lib/npcsystem/npchandler.lua:591: in function 'onWalkAway'
[21/8/2012 16:25:10] 	data/npc/lib/npcsystem/npchandler.lua:523: in function 'onThink'
[21/8/2012 16:25:10] 	data/npc/scripts/game/default.lua:9: in function <data/npc/scripts/game/default.lua:9>

[21/8/2012 16:25:33] [Error - NpcScript Interface] 
[21/8/2012 16:25:33] (Unknown script file)
[21/8/2012 16:25:33] Description: 
[21/8/2012 16:25:33] attempt to call a nil value
[21/8/2012 16:25:33] stack traceback:
[21/8/2012 16:25:33] 	[C]: in function 'closeShopWindow'
[21/8/2012 16:25:33] 	data/npc/lib/npcsystem/npchandler.lua:225: in function 'releaseFocus'
[21/8/2012 16:25:33] 	data/npc/lib/npcsystem/npchandler.lua:591: in function 'onWalkAway'
[21/8/2012 16:25:33] 	data/npc/lib/npcsystem/npchandler.lua:523: in function 'onThink'
[21/8/2012 16:25:33] 	data/npc/scripts/game/quendor.postman.lua:8: in function <data/npc/scripts/game/quendor.postman.lua:8>

[21/8/2012 16:26:30] [Error - NpcScript Interface] 
[21/8/2012 16:26:30] (Unknown script file)
[21/8/2012 16:26:30] Description: 
[21/8/2012 16:26:30] attempt to call a nil value
[21/8/2012 16:26:30] stack traceback:

[21/8/2012 16:29:39] [Error - NpcScript Interface] 
[21/8/2012 16:29:39] (Unknown script file)
[21/8/2012 16:29:39] Description: 
[21/8/2012 16:29:39] attempt to call a nil value
[21/8/2012 16:29:39] stack traceback:
[21/8/2012 16:29:39] 	[C]: in function 'closeShopWindow'
[21/8/2012 16:29:39] 	data/npc/lib/npcsystem/npchandler.lua:225: in function 'releaseFocus'
[21/8/2012 16:29:39] 	data/npc/lib/npcsystem/npchandler.lua:591: in function 'onWalkAway'
[21/8/2012 16:29:39] 	data/npc/lib/npcsystem/npchandler.lua:523: in function 'onThink'
[21/8/2012 16:29:39] 	data/npc/scripts/game/default.lua:9: in function <data/npc/scripts/game/default.lua:9>

[21/8/2012 16:31:10] [Error - NpcScript Interface] 
[21/8/2012 16:31:10] (Unknown script file)
[21/8/2012 16:31:10] Description: 
[21/8/2012 16:31:10] attempt to call a nil value
[21/8/2012 16:31:10] stack traceback:

[21/8/2012 16:37:33] [Error - NpcScript Interface] 
[21/8/2012 16:37:33] (Unknown script file)
[21/8/2012 16:37:33] Description: 
[21/8/2012 16:37:33] attempt to call a nil value
[21/8/2012 16:37:33] stack traceback:
[21/8/2012 16:37:33] 	[C]: in function 'closeShopWindow'
[21/8/2012 16:37:33] 	data/npc/lib/npcsystem/npchandler.lua:225: in function 'releaseFocus'
[21/8/2012 16:37:33] 	data/npc/lib/npcsystem/npchandler.lua:591: in function 'onWalkAway'
[21/8/2012 16:37:33] 	data/npc/lib/npcsystem/npchandler.lua:523: in function 'onThink'
[21/8/2012 16:37:33] 	data/npc/scripts/game/default.lua:9: in function <data/npc/scripts/game/default.lua:9>

[21/8/2012 16:41:33] [Error - NpcScript Interface] 
[21/8/2012 16:41:33] (Unknown script file)
[21/8/2012 16:41:33] Description: 
[21/8/2012 16:41:33] attempt to call a nil value
[21/8/2012 16:41:33] stack traceback:

[21/8/2012 16:58:13] [Error - NpcScript Interface] 
[21/8/2012 16:58:13] (Unknown script file)
[21/8/2012 16:58:13] Description: 
[21/8/2012 16:58:13] attempt to call a nil value
[21/8/2012 16:58:13] stack traceback:
[21/8/2012 16:58:13] 	[C]: in function 'closeShopWindow'
[21/8/2012 16:58:13] 	data/npc/lib/npcsystem/npchandler.lua:225: in function 'releaseFocus'
[21/8/2012 16:58:13] 	data/npc/lib/npcsystem/npchandler.lua:591: in function 'onWalkAway'
[21/8/2012 16:58:13] 	data/npc/lib/npcsystem/npchandler.lua:523: in function 'onThink'
[21/8/2012 16:58:13] 	data/npc/scripts/game/default.lua:9: in function <data/npc/scripts/game/default.lua:9>

[21/8/2012 16:58:59] [Error - NpcScript Interface] 
[21/8/2012 16:58:59] (Unknown script file)
[21/8/2012 16:58:59] Description: 
[21/8/2012 16:58:59] attempt to call a nil value
[21/8/2012 16:58:59] stack traceback:
[21/8/2012 16:58:59] 	[C]: in function 'closeShopWindow'
[21/8/2012 16:58:59] 	data/npc/lib/npcsystem/npchandler.lua:225: in function 'releaseFocus'
[21/8/2012 16:58:59] 	data/npc/lib/npcsystem/npchandler.lua:591: in function 'onWalkAway'
[21/8/2012 16:58:59] 	data/npc/lib/npcsystem/npchandler.lua:523: in function 'onThink'
[21/8/2012 16:58:59] 	data/npc/scripts/game/default.lua:9: in function <data/npc/scripts/game/default.lua:9>
[21/8/2012 17:11:5] > Saving server...
[21/8/2012 17:11:12] > SAVE: Complete in 7.433 seconds using binary-tilebased house storage.

[21/8/2012 17:18:49] [Error - NpcScript Interface] 
[21/8/2012 17:18:49] (Unknown script file)
[21/8/2012 17:18:49] Description: 
[21/8/2012 17:18:49] attempt to call a nil value
[21/8/2012 17:18:49] stack traceback:
[21/8/2012 17:18:49] 	[C]: in function 'closeShopWindow'
[21/8/2012 17:18:49] 	data/npc/lib/npcsystem/npchandler.lua:225: in function 'releaseFocus'
[21/8/2012 17:18:49] 	data/npc/lib/npcsystem/npchandler.lua:591: in function 'onWalkAway'
[21/8/2012 17:18:49] 	data/npc/lib/npcsystem/npchandler.lua:523: in function 'onThink'
[21/8/2012 17:18:49] 	data/npc/scripts/game/default.lua:9: in function <data/npc/scripts/game/default.lua:9>

[21/8/2012 17:19:24] [Error - NpcScript Interface] 
[21/8/2012 17:19:24] (Unknown script file)
[21/8/2012 17:19:24] Description: 
[21/8/2012 17:19:24] attempt to call a nil value
[21/8/2012 17:19:24] stack traceback:

[21/8/2012 17:20:10] [Error - NpcScript Interface] 
[21/8/2012 17:20:10] (Unknown script file)
[21/8/2012 17:20:10] Description: 
[21/8/2012 17:20:10] attempt to call a nil value
[21/8/2012 17:20:10] stack traceback:
[21/8/2012 17:20:10] 	[C]: in function 'closeShopWindow'
[21/8/2012 17:20:10] 	data/npc/lib/npcsystem/npchandler.lua:225: in function 'releaseFocus'
[21/8/2012 17:20:10] 	data/npc/lib/npcsystem/npchandler.lua:591: in function 'onWalkAway'
[21/8/2012 17:20:10] 	data/npc/lib/npcsystem/npchandler.lua:523: in function 'onThink'
[21/8/2012 17:20:10] 	data/npc/scripts/game/default.lua:9: in function <data/npc/scripts/game/default.lua:9>

[21/8/2012 17:30:17] [Error - NpcScript Interface] 
[21/8/2012 17:30:17] (Unknown script file)
[21/8/2012 17:30:17] Description: 
[21/8/2012 17:30:17] attempt to call a nil value
[21/8/2012 17:30:17] stack traceback:

[21/8/2012 17:35:19] [Error - NpcScript Interface] 
[21/8/2012 17:35:19] (Unknown script file)
[21/8/2012 17:35:19] Description: 
[21/8/2012 17:35:19] attempt to call a nil value
[21/8/2012 17:35:19] stack traceback:
[21/8/2012 17:36:26] [Warning - Protocol::RSA_decrypt] Not valid packet size (IP: 187.32.85.65)

[21/8/2012 17:38:32] [Error - NpcScript Interface] 
[21/8/2012 17:38:32] (Unknown script file)
[21/8/2012 17:38:32] Description: 
[21/8/2012 17:38:32] attempt to call a nil value
[21/8/2012 17:38:32] stack traceback:
[21/8/2012 17:38:32] 	[C]: in function 'closeShopWindow'
[21/8/2012 17:38:32] 	data/npc/lib/npcsystem/npchandler.lua:225: in function 'releaseFocus'
[21/8/2012 17:38:32] 	data/npc/lib/npcsystem/npchandler.lua:591: in function 'onWalkAway'
[21/8/2012 17:38:32] 	data/npc/lib/npcsystem/npchandler.lua:523: in function 'onThink'
[21/8/2012 17:38:32] 	data/npc/scripts/game/default.lua:9: in function <data/npc/scripts/game/default.lua:9>

[21/8/2012 17:39:43] [Error - NpcScript Interface] 
[21/8/2012 17:39:43] (Unknown script file)
[21/8/2012 17:39:43] Description: 
[21/8/2012 17:39:43] attempt to call a nil value
[21/8/2012 17:39:43] stack traceback:

[21/8/2012 17:41:8] [Error - NpcScript Interface] 
[21/8/2012 17:41:8] (Unknown script file)
[21/8/2012 17:41:8] Description: 
[21/8/2012 17:41:8] attempt to call a nil value
[21/8/2012 17:41:8] stack traceback:

[21/8/2012 17:41:58] [Error - NpcScript Interface] 
[21/8/2012 17:41:58] (Unknown script file)
[21/8/2012 17:41:58] Description: 
[21/8/2012 17:41:58] attempt to call a nil value
[21/8/2012 17:41:58] stack traceback:

[21/8/2012 17:46:38] [Error - NpcScript Interface] 
[21/8/2012 17:46:38] (Unknown script file)
[21/8/2012 17:46:38] Description: 
[21/8/2012 17:46:38] attempt to call a nil value
[21/8/2012 17:46:38] stack traceback:
[21/8/2012 17:46:38] 	[C]: in function 'closeShopWindow'
[21/8/2012 17:46:38] 	data/npc/lib/npcsystem/npchandler.lua:225: in function 'releaseFocus'
[21/8/2012 17:46:38] 	data/npc/lib/npcsystem/npchandler.lua:591: in function 'onWalkAway'
[21/8/2012 17:46:38] 	data/npc/lib/npcsystem/npchandler.lua:523: in function 'onThink'
[21/8/2012 17:46:38] 	data/npc/scripts/game/quendor.postman.lua:8: in function <data/npc/scripts/game/quendor.postman.lua:8>

[21/8/2012 17:59:25] [Error - NpcScript Interface] 
[21/8/2012 17:59:25] (Unknown script file)
[21/8/2012 17:59:25] Description: 
[21/8/2012 17:59:25] attempt to call a nil value
[21/8/2012 17:59:25] stack traceback:
[21/8/2012 17:59:25] 	[C]: in function 'closeShopWindow'
[21/8/2012 17:59:25] 	data/npc/lib/npcsystem/npchandler.lua:225: in function 'releaseFocus'
[21/8/2012 17:59:25] 	data/npc/lib/npcsystem/npchandler.lua:591: in function 'onWalkAway'
[21/8/2012 17:59:25] 	data/npc/lib/npcsystem/npchandler.lua:523: in function 'onThink'
[21/8/2012 17:59:25] 	data/npc/scripts/game/default.lua:9: in function <data/npc/scripts/game/default.lua:9>

[21/8/2012 18:4:8] [Error - NpcScript Interface] 
[21/8/2012 18:4:8] (Unknown script file)
[21/8/2012 18:4:8] Description: 
[21/8/2012 18:4:8] attempt to call a nil value
[21/8/2012 18:4:8] stack traceback:

[21/8/2012 18:6:9] [Error - NpcScript Interface] 
[21/8/2012 18:6:9] (Unknown script file)
[21/8/2012 18:6:9] Description: 
[21/8/2012 18:6:9] attempt to call a nil value
[21/8/2012 18:6:9] stack traceback:
[21/8/2012 18:6:9] 	[C]: in function 'closeShopWindow'
[21/8/2012 18:6:9] 	data/npc/lib/npcsystem/npchandler.lua:225: in function 'releaseFocus'
[21/8/2012 18:6:9] 	data/npc/lib/npcsystem/npchandler.lua:591: in function 'onWalkAway'
[21/8/2012 18:6:9] 	data/npc/lib/npcsystem/npchandler.lua:523: in function 'onThink'
[21/8/2012 18:6:9] 	data/npc/scripts/game/default.lua:9: in function <data/npc/scripts/game/default.lua:9>

[21/8/2012 18:7:58] [Error - NpcScript Interface] 
[21/8/2012 18:7:58] (Unknown script file)
[21/8/2012 18:7:58] Description: 
[21/8/2012 18:7:58] attempt to call a nil value
[21/8/2012 18:7:58] stack traceback:
[21/8/2012 18:7:58] 	[C]: in function 'closeShopWindow'
[21/8/2012 18:7:58] 	data/npc/lib/npcsystem/npchandler.lua:225: in function 'releaseFocus'
[21/8/2012 18:7:58] 	data/npc/lib/npcsystem/npchandler.lua:591: in function 'onWalkAway'
[21/8/2012 18:7:58] 	data/npc/lib/npcsystem/npchandler.lua:523: in function 'onThink'
[21/8/2012 18:7:58] 	data/npc/scripts/game/default.lua:9: in function <data/npc/scripts/game/default.lua:9>

[21/8/2012 18:8:8] [Error - NpcScript Interface] 
[21/8/2012 18:8:8] (Unknown script file)
[21/8/2012 18:8:8] Description: 
[21/8/2012 18:8:8] attempt to call a nil value
[21/8/2012 18:8:8] stack traceback:
[21/8/2012 18:11:5] > Saving server...
[21/8/2012 18:11:12] > SAVE: Complete in 7.301 seconds using binary-tilebased house storage.

[21/8/2012 18:12:36] [Error - NpcScript Interface] 
[21/8/2012 18:12:36] (Unknown script file)
[21/8/2012 18:12:36] Description: 
[21/8/2012 18:12:36] attempt to call a nil value
[21/8/2012 18:12:36] stack traceback:
[21/8/2012 18:12:36] 	[C]: in function 'closeShopWindow'
[21/8/2012 18:12:36] 	data/npc/lib/npcsystem/npchandler.lua:225: in function 'releaseFocus'
[21/8/2012 18:12:36] 	data/npc/lib/npcsystem/npchandler.lua:591: in function 'onWalkAway'
[21/8/2012 18:12:36] 	data/npc/lib/npcsystem/npchandler.lua:523: in function 'onThink'
[21/8/2012 18:12:36] 	data/npc/scripts/game/default.lua:9: in function <data/npc/scripts/game/default.lua:9>

[21/8/2012 18:13:42] [Error - NpcScript Interface] 
[21/8/2012 18:13:42] (Unknown script file)
[21/8/2012 18:13:42] Description: 
[21/8/2012 18:13:42] attempt to call a nil value
[21/8/2012 18:13:42] stack traceback:

[21/8/2012 18:13:52] [Error - NpcScript Interface] 
[21/8/2012 18:13:52] (Unknown script file)
[21/8/2012 18:13:52] Description: 
[21/8/2012 18:13:52] attempt to call a nil value
[21/8/2012 18:13:52] stack traceback:
[21/8/2012 18:13:52] 	[C]: in function 'closeShopWindow'
[21/8/2012 18:13:52] 	data/npc/lib/npcsystem/npchandler.lua:225: in function 'releaseFocus'
[21/8/2012 18:13:52] 	data/npc/lib/npcsystem/npchandler.lua:591: in function 'onWalkAway'
[21/8/2012 18:13:52] 	data/npc/lib/npcsystem/npchandler.lua:523: in function 'onThink'
[21/8/2012 18:13:52] 	data/npc/scripts/game/default.lua:9: in function <data/npc/scripts/game/default.lua:9>

[21/8/2012 18:25:7] [Error - NpcScript Interface] 
[21/8/2012 18:25:7] (Unknown script file)
[21/8/2012 18:25:7] Description: 
[21/8/2012 18:25:7] attempt to call a nil value
[21/8/2012 18:25:7] stack traceback:
[21/8/2012 18:25:7] 	[C]: in function 'closeShopWindow'
[21/8/2012 18:25:7] 	data/npc/lib/npcsystem/npchandler.lua:225: in function 'releaseFocus'
[21/8/2012 18:25:7] 	data/npc/lib/npcsystem/npchandler.lua:591: in function 'onWalkAway'
[21/8/2012 18:25:7] 	data/npc/lib/npcsystem/npchandler.lua:523: in function 'onThink'
[21/8/2012 18:25:7] 	data/npc/scripts/game/default.lua:9: in function <data/npc/scripts/game/default.lua:9>

[21/8/2012 18:42:48] [Error - NpcScript Interface] 
[21/8/2012 18:42:48] (Unknown script file)
[21/8/2012 18:42:48] Description: 
[21/8/2012 18:42:48] attempt to call a nil value
[21/8/2012 18:42:48] stack traceback:

[21/8/2012 18:57:52] [Error - NpcScript Interface] 
[21/8/2012 18:57:52] (Unknown script file)
[21/8/2012 18:57:52] Description: 
[21/8/2012 18:57:52] attempt to call a nil value
[21/8/2012 18:57:52] stack traceback:
[21/8/2012 18:57:52] 	[C]: in function 'closeShopWindow'
[21/8/2012 18:57:52] 	data/npc/lib/npcsystem/npchandler.lua:225: in function 'releaseFocus'
[21/8/2012 18:57:52] 	data/npc/lib/npcsystem/npchandler.lua:591: in function 'onWalkAway'
[21/8/2012 18:57:52] 	data/npc/lib/npcsystem/npchandler.lua:523: in function 'onThink'
[21/8/2012 18:57:52] 	data/npc/scripts/game/default.lua:9: in function <data/npc/scripts/game/default.lua:9>

[21/8/2012 18:58:15] [Error - NpcScript Interface] 
[21/8/2012 18:58:15] (Unknown script file)
[21/8/2012 18:58:15] Description: 
[21/8/2012 18:58:15] attempt to call a nil value
[21/8/2012 18:58:15] stack traceback:
[21/8/2012 18:58:15] 	[C]: in function 'closeShopWindow'
[21/8/2012 18:58:15] 	data/npc/lib/npcsystem/npchandler.lua:225: in function 'releaseFocus'
[21/8/2012 18:58:15] 	data/npc/lib/npcsystem/npchandler.lua:591: in function 'onWalkAway'
[21/8/2012 18:58:15] 	data/npc/lib/npcsystem/npchandler.lua:523: in function 'onThink'
[21/8/2012 18:58:15] 	data/npc/scripts/game/default.lua:9: in function <data/npc/scripts/game/default.lua:9>

[21/8/2012 19:1:40] [Error - NpcScript Interface] 
[21/8/2012 19:1:40] (Unknown script file)
[21/8/2012 19:1:40] Description: 
[21/8/2012 19:1:40] attempt to call a nil value
[21/8/2012 19:1:40] stack traceback:

[21/8/2012 19:7:10] [Error - NpcScript Interface] 
[21/8/2012 19:7:10] (Unknown script file)
[21/8/2012 19:7:10] Description: 
[21/8/2012 19:7:10] attempt to call a nil value
[21/8/2012 19:7:10] stack traceback:
[21/8/2012 19:7:10] 	[C]: in function 'closeShopWindow'
[21/8/2012 19:7:10] 	data/npc/lib/npcsystem/npchandler.lua:225: in function 'releaseFocus'
[21/8/2012 19:7:10] 	data/npc/lib/npcsystem/npchandler.lua:591: in function 'onWalkAway'
[21/8/2012 19:7:10] 	data/npc/lib/npcsystem/npchandler.lua:523: in function 'onThink'
[21/8/2012 19:7:10] 	data/npc/scripts/game/default.lua:9: in function <data/npc/scripts/game/default.lua:9>

[21/8/2012 19:7:35] [Error - NpcScript Interface] 
[21/8/2012 19:7:35] (Unknown script file)
[21/8/2012 19:7:35] Description: 
[21/8/2012 19:7:35] attempt to call a nil value
[21/8/2012 19:7:35] stack traceback:
[21/8/2012 19:7:35] 	[C]: in function 'closeShopWindow'
[21/8/2012 19:7:35] 	data/npc/lib/npcsystem/npchandler.lua:225: in function 'releaseFocus'
[21/8/2012 19:7:35] 	data/npc/lib/npcsystem/npchandler.lua:591: in function 'onWalkAway'
[21/8/2012 19:7:35] 	data/npc/lib/npcsystem/npchandler.lua:523: in function 'onThink'
[21/8/2012 19:7:35] 	data/npc/scripts/game/bless/bless4.lua:9: in function <data/npc/scripts/game/bless/bless4.lua:9>
[21/8/2012 19:9:8] [Warning - Protocol::RSA_decrypt] Not valid packet size (IP: 187.7.62.213)

[21/8/2012 19:9:43] [Error - NpcScript Interface] 
[21/8/2012 19:9:43] (Unknown script file)
[21/8/2012 19:9:43] Description: 
[21/8/2012 19:9:43] attempt to call a nil value
[21/8/2012 19:9:43] stack traceback:
[21/8/2012 19:9:43] 	[C]: in function 'closeShopWindow'
[21/8/2012 19:9:43] 	data/npc/lib/npcsystem/npchandler.lua:225: in function 'releaseFocus'
[21/8/2012 19:9:43] 	data/npc/lib/npcsystem/npchandler.lua:591: in function 'onWalkAway'
[21/8/2012 19:9:43] 	data/npc/lib/npcsystem/npchandler.lua:523: in function 'onThink'
[21/8/2012 19:9:43] 	data/npc/scripts/game/default.lua:9: in function <data/npc/scripts/game/default.lua:9>

[21/8/2012 19:10:34] [Error - NpcScript Interface] 
[21/8/2012 19:10:34] (Unknown script file)
[21/8/2012 19:10:34] Description: 
[21/8/2012 19:10:34] attempt to call a nil value
[21/8/2012 19:10:34] stack traceback:
[21/8/2012 19:11:5] > Saving server...
[21/8/2012 19:11:12] > SAVE: Complete in 7.645 seconds using binary-tilebased house storage.

[21/8/2012 19:17:58] [Error - NpcScript Interface] 
[21/8/2012 19:17:58] (Unknown script file)
[21/8/2012 19:17:58] Description: 
[21/8/2012 19:17:58] attempt to call a nil value
[21/8/2012 19:17:58] stack traceback:
[21/8/2012 19:17:58] 	[C]: in function 'closeShopWindow'
[21/8/2012 19:17:58] 	data/npc/lib/npcsystem/npchandler.lua:225: in function 'releaseFocus'
[21/8/2012 19:17:58] 	data/npc/lib/npcsystem/npchandler.lua:591: in function 'onWalkAway'
[21/8/2012 19:17:58] 	data/npc/lib/npcsystem/npchandler.lua:523: in function 'onThink'
[21/8/2012 19:17:58] 	data/npc/scripts/game/default.lua:9: in function <data/npc/scripts/game/default.lua:9>

[21/8/2012 19:23:17] [Error - NpcScript Interface] 
[21/8/2012 19:23:17] (Unknown script file)
[21/8/2012 19:23:17] Description: 
[21/8/2012 19:23:17] attempt to call a nil value
[21/8/2012 19:23:17] stack traceback:
[21/8/2012 19:23:17] 	[C]: in function 'closeShopWindow'
[21/8/2012 19:23:17] 	data/npc/lib/npcsystem/npchandler.lua:225: in function 'releaseFocus'
[21/8/2012 19:23:17] 	data/npc/lib/npcsystem/npchandler.lua:591: in function 'onWalkAway'
[21/8/2012 19:23:17] 	data/npc/lib/npcsystem/npchandler.lua:523: in function 'onThink'
[21/8/2012 19:23:17] 	data/npc/scripts/game/blacksmith.lua:9: in function <data/npc/scripts/game/blacksmith.lua:9>

[21/8/2012 19:33:48] [Error - NpcScript Interface] 
[21/8/2012 19:33:48] (Unknown script file)
[21/8/2012 19:33:48] Description: 
[21/8/2012 19:33:48] attempt to call a nil value
[21/8/2012 19:33:48] stack traceback:

[21/8/2012 19:38:12] [Error - NpcScript Interface] 
[21/8/2012 19:38:12] (Unknown script file)
[21/8/2012 19:38:12] Description: 
[21/8/2012 19:38:12] attempt to call a nil value
[21/8/2012 19:38:12] stack traceback:
[21/8/2012 19:38:12] 	[C]: in function 'closeShopWindow'
[21/8/2012 19:38:12] 	data/npc/lib/npcsystem/npchandler.lua:225: in function 'releaseFocus'
[21/8/2012 19:38:12] 	data/npc/lib/npcsystem/npchandler.lua:591: in function 'onWalkAway'
[21/8/2012 19:38:12] 	data/npc/lib/npcsystem/npchandler.lua:523: in function 'onThink'
[21/8/2012 19:38:12] 	data/npc/scripts/game/default.lua:9: in function <data/npc/scripts/game/default.lua:9>

[21/8/2012 20:3:49] [Error - NpcScript Interface] 
[21/8/2012 20:3:49] (Unknown script file)
[21/8/2012 20:3:49] Description: 
[21/8/2012 20:3:49] attempt to call a nil value
[21/8/2012 20:3:49] stack traceback:
[21/8/2012 20:3:49] 	[C]: in function 'closeShopWindow'
[21/8/2012 20:3:49] 	data/npc/lib/npcsystem/npchandler.lua:225: in function 'releaseFocus'
[21/8/2012 20:3:49] 	data/npc/lib/npcsystem/npchandler.lua:591: in function 'onWalkAway'
[21/8/2012 20:3:49] 	data/npc/lib/npcsystem/npchandler.lua:523: in function 'onThink'
[21/8/2012 20:3:49] 	data/npc/scripts/game/default.lua:9: in function <data/npc/scripts/game/default.lua:9>

[21/8/2012 20:5:12] [Error - NpcScript Interface] 
[21/8/2012 20:5:12] (Unknown script file)
[21/8/2012 20:5:12] Description: 
[21/8/2012 20:5:12] attempt to call a nil value
[21/8/2012 20:5:12] stack traceback:
[21/8/2012 20:5:12] 	[C]: in function 'closeShopWindow'
[21/8/2012 20:5:12] 	data/npc/lib/npcsystem/npchandler.lua:225: in function 'releaseFocus'
[21/8/2012 20:5:12] 	data/npc/lib/npcsystem/npchandler.lua:591: in function 'onWalkAway'
[21/8/2012 20:5:12] 	data/npc/lib/npcsystem/npchandler.lua:523: in function 'onThink'
[21/8/2012 20:5:12] 	data/npc/scripts/game/bless/bless4.lua:9: in function <data/npc/scripts/game/bless/bless4.lua:9>

[21/8/2012 20:9:0] [Error - NpcScript Interface] 
[21/8/2012 20:9:0] (Unknown script file)
[21/8/2012 20:9:0] Description: 
[21/8/2012 20:9:0] attempt to call a nil value
[21/8/2012 20:9:0] stack traceback:
[21/8/2012 20:9:0] 	[C]: in function 'closeShopWindow'
[21/8/2012 20:9:0] 	data/npc/lib/npcsystem/npchandler.lua:225: in function 'releaseFocus'
[21/8/2012 20:9:0] 	data/npc/lib/npcsystem/npchandler.lua:591: in function 'onWalkAway'
[21/8/2012 20:9:0] 	data/npc/lib/npcsystem/npchandler.lua:523: in function 'onThink'
[21/8/2012 20:9:0] 	data/npc/scripts/game/default.lua:9: in function <data/npc/scripts/game/default.lua:9>

[21/8/2012 20:9:19] [Error - NpcScript Interface] 
[21/8/2012 20:9:19] (Unknown script file)
[21/8/2012 20:9:19] Description: 
[21/8/2012 20:9:19] attempt to call a nil value
[21/8/2012 20:9:19] stack traceback:
[21/8/2012 20:11:5] > Saving server...
[21/8/2012 20:11:13] > SAVE: Complete in 7.746 seconds using binary-tilebased house storage.

[21/8/2012 20:19:17] [Error - NpcScript Interface] 
[21/8/2012 20:19:17] (Unknown script file)
[21/8/2012 20:19:17] Description: 
[21/8/2012 20:19:17] attempt to call a nil value
[21/8/2012 20:19:17] stack traceback:

[21/8/2012 20:21:57] [Error - NpcScript Interface] 
[21/8/2012 20:21:57] (Unknown script file)
[21/8/2012 20:21:57] Description: 
[21/8/2012 20:21:57] attempt to call a nil value
[21/8/2012 20:21:57] stack traceback:

[21/8/2012 20:22:25] [Error - NpcScript Interface] 
[21/8/2012 20:22:25] (Unknown script file)
[21/8/2012 20:22:25] Description: 
[21/8/2012 20:22:25] attempt to call a nil value
[21/8/2012 20:22:25] stack traceback:
[21/8/2012 20:22:25] 	[C]: in function 'closeShopWindow'
[21/8/2012 20:22:25] 	data/npc/lib/npcsystem/npchandler.lua:225: in function 'releaseFocus'
[21/8/2012 20:22:25] 	data/npc/lib/npcsystem/npchandler.lua:591: in function 'onWalkAway'
[21/8/2012 20:22:25] 	data/npc/lib/npcsystem/npchandler.lua:523: in function 'onThink'
[21/8/2012 20:22:25] 	data/npc/scripts/game/default.lua:9: in function <data/npc/scripts/game/default.lua:9>

[21/8/2012 20:31:59] [Error - NpcScript Interface] 
[21/8/2012 20:31:59] (Unknown script file)
[21/8/2012 20:31:59] Description: 
[21/8/2012 20:31:59] attempt to call a nil value
[21/8/2012 20:31:59] stack traceback:
[21/8/2012 20:31:59] 	[C]: in function 'closeShopWindow'
[21/8/2012 20:31:59] 	data/npc/lib/npcsystem/npchandler.lua:225: in function 'releaseFocus'
[21/8/2012 20:31:59] 	data/npc/lib/npcsystem/npchandler.lua:591: in function 'onWalkAway'
[21/8/2012 20:31:59] 	data/npc/lib/npcsystem/npchandler.lua:523: in function 'onThink'
[21/8/2012 20:31:59] 	data/npc/scripts/game/default.lua:9: in function <data/npc/scripts/game/default.lua:9>

[21/8/2012 20:34:47] [Error - NpcScript Interface] 
[21/8/2012 20:34:47] (Unknown script file)
[21/8/2012 20:34:47] Description: 
[21/8/2012 20:34:47] attempt to call a nil value
[21/8/2012 20:34:47] stack traceback:
[21/8/2012 20:34:47] 	[C]: in function 'closeShopWindow'
[21/8/2012 20:34:47] 	data/npc/lib/npcsystem/npchandler.lua:225: in function 'releaseFocus'
[21/8/2012 20:34:47] 	data/npc/lib/npcsystem/npchandler.lua:591: in function 'onWalkAway'
[21/8/2012 20:34:47] 	data/npc/lib/npcsystem/npchandler.lua:523: in function 'onThink'
[21/8/2012 20:34:47] 	data/npc/scripts/game/default.lua:9: in function <data/npc/scripts/game/default.lua:9>

[21/8/2012 20:39:34] [Error - Action Interface] 
[21/8/2012 20:39:34] data/actions/scripts/tools/pick.lua:onUse
[21/8/2012 20:39:34] Description: 
[21/8/2012 20:39:34] (luaGetThingFromPos) Tile not found

[21/8/2012 20:40:26] [Error - NpcScript Interface] 
[21/8/2012 20:40:26] (Unknown script file)
[21/8/2012 20:40:26] Description: 
[21/8/2012 20:40:26] attempt to call a nil value
[21/8/2012 20:40:26] stack traceback:

[21/8/2012 20:42:9] [Error - Action Interface] 
[21/8/2012 20:42:9] data/actions/scripts/tools/pick.lua:onUse
[21/8/2012 20:42:9] Description: 
[21/8/2012 20:42:9] (luaGetThingFromPos) Tile not found

[21/8/2012 20:51:56] [Error - NpcScript Interface] 
[21/8/2012 20:51:56] (Unknown script file)
[21/8/2012 20:51:56] Description: 
[21/8/2012 20:51:56] attempt to call a nil value
[21/8/2012 20:51:56] stack traceback:

[21/8/2012 20:52:3] [Error - Action Interface] 
[21/8/2012 20:52:3] data/actions/scripts/tools/pick.lua:onUse
[21/8/2012 20:52:3] Description: 
[21/8/2012 20:52:3] (luaGetThingFromPos) Tile not found

[21/8/2012 20:53:40] [Error - NpcScript Interface] 
[21/8/2012 20:53:40] (Unknown script file)
[21/8/2012 20:53:40] Description: 
[21/8/2012 20:53:40] attempt to call a nil value
[21/8/2012 20:53:40] stack traceback:
[21/8/2012 20:53:40] 	[C]: in function 'closeShopWindow'
[21/8/2012 20:53:40] 	data/npc/lib/npcsystem/npchandler.lua:225: in function 'releaseFocus'
[21/8/2012 20:53:40] 	data/npc/lib/npcsystem/npchandler.lua:591: in function 'onWalkAway'
[21/8/2012 20:53:40] 	data/npc/lib/npcsystem/npchandler.lua:523: in function 'onThink'
[21/8/2012 20:53:40] 	data/npc/scripts/game/default.lua:9: in function <data/npc/scripts/game/default.lua:9>

[21/8/2012 20:55:2] [Error - NpcScript Interface] 
[21/8/2012 20:55:2] (Unknown script file)
[21/8/2012 20:55:2] Description: 
[21/8/2012 20:55:2] attempt to call a nil value
[21/8/2012 20:55:2] stack traceback:
[21/8/2012 20:55:2] 	[C]: in function 'closeShopWindow'
[21/8/2012 20:55:2] 	data/npc/lib/npcsystem/npchandler.lua:225: in function 'releaseFocus'
[21/8/2012 20:55:2] 	data/npc/lib/npcsystem/npchandler.lua:591: in function 'onWalkAway'
[21/8/2012 20:55:2] 	data/npc/lib/npcsystem/npchandler.lua:523: in function 'onThink'
[21/8/2012 20:55:2] 	data/npc/scripts/game/default.lua:9: in function <data/npc/scripts/game/default.lua:9>

[21/8/2012 20:57:45] [Error - NpcScript Interface] 
[21/8/2012 20:57:45] (Unknown script file)
[21/8/2012 20:57:45] Description: 
[21/8/2012 20:57:45] attempt to call a nil value
[21/8/2012 20:57:45] stack traceback:
[21/8/2012 20:57:45] 	[C]: in function 'closeShopWindow'
[21/8/2012 20:57:45] 	data/npc/lib/npcsystem/npchandler.lua:225: in function 'releaseFocus'
[21/8/2012 20:57:45] 	data/npc/lib/npcsystem/npchandler.lua:591: in function 'onWalkAway'
[21/8/2012 20:57:45] 	data/npc/lib/npcsystem/npchandler.lua:523: in function 'onThink'
[21/8/2012 20:57:45] 	data/npc/scripts/game/default.lua:9: in function <data/npc/scripts/game/default.lua:9>

[21/8/2012 21:1:2] [Error - NpcScript Interface] 
[21/8/2012 21:1:2] (Unknown script file)
[21/8/2012 21:1:2] Description: 
[21/8/2012 21:1:2] attempt to call a nil value
[21/8/2012 21:1:2] stack traceback:
[21/8/2012 21:1:2] 	[C]: in function 'closeShopWindow'
[21/8/2012 21:1:2] 	data/npc/lib/npcsystem/npchandler.lua:225: in function 'releaseFocus'
[21/8/2012 21:1:2] 	data/npc/lib/npcsystem/npchandler.lua:591: in function 'onWalkAway'
[21/8/2012 21:1:2] 	data/npc/lib/npcsystem/npchandler.lua:523: in function 'onThink'
[21/8/2012 21:1:2] 	data/npc/scripts/game/default.lua:9: in function <data/npc/scripts/game/default.lua:9>

[21/8/2012 21:9:29] [Error - NpcScript Interface] 
[21/8/2012 21:9:29] (Unknown script file)
[21/8/2012 21:9:29] Description: 
[21/8/2012 21:9:29] attempt to call a nil value
[21/8/2012 21:9:29] stack traceback:
[21/8/2012 21:9:49] > Broadcasted message: "A terra treme em Quendor. Alerta vermelho!".
[21/8/2012 21:10:49] > Broadcasted message: "Rotworms! Estas antigas criaturas esto subindo para a planicie novamente!".
[21/8/2012 21:11:5] > Saving server...
[21/8/2012 21:11:14] > SAVE: Complete in 8.563 seconds using binary-tilebased house storage.
[21/8/2012 21:11:29] > Broadcasted message: "Quendor est sob uma infestao de Rotworms!".

[21/8/2012 21:11:32] [Error - NpcScript Interface] 
[21/8/2012 21:11:32] (Unknown script file)
[21/8/2012 21:11:32] Description: 
[21/8/2012 21:11:32] attempt to call a nil value
[21/8/2012 21:11:32] stack traceback:
[21/8/2012 21:11:32] 	[C]: in function 'closeShopWindow'
[21/8/2012 21:11:32] 	data/npc/lib/npcsystem/npchandler.lua:225: in function 'releaseFocus'
[21/8/2012 21:11:32] 	data/npc/lib/npcsystem/npchandler.lua:591: in function 'onWalkAway'
[21/8/2012 21:11:32] 	data/npc/lib/npcsystem/npchandler.lua:523: in function 'onThink'
[21/8/2012 21:11:32] 	data/npc/scripts/game/default.lua:9: in function <data/npc/scripts/game/default.lua:9>

[21/8/2012 21:12:2] [Error - NpcScript Interface] 
[21/8/2012 21:12:2] (Unknown script file)
[21/8/2012 21:12:2] Description: 
[21/8/2012 21:12:2] attempt to call a nil value
[21/8/2012 21:12:2] stack traceback:

[21/8/2012 21:12:21] [Error - NpcScript Interface] 
[21/8/2012 21:12:21] (Unknown script file)
[21/8/2012 21:12:21] Description: 
[21/8/2012 21:12:21] attempt to call a nil value
[21/8/2012 21:12:21] stack traceback:
[21/8/2012 21:12:21] 	[C]: in function 'closeShopWindow'
[21/8/2012 21:12:21] 	data/npc/lib/npcsystem/npchandler.lua:225: in function 'releaseFocus'
[21/8/2012 21:12:21] 	data/npc/lib/npcsystem/npchandler.lua:591: in function 'onWalkAway'
[21/8/2012 21:12:21] 	data/npc/lib/npcsystem/npchandler.lua:523: in function 'onThink'
[21/8/2012 21:12:21] 	data/npc/scripts/game/blacksmith.lua:9: in function <data/npc/scripts/game/blacksmith.lua:9>

[21/8/2012 21:12:30] [Error - NpcScript Interface] 
[21/8/2012 21:12:30] (Unknown script file)
[21/8/2012 21:12:30] Description: 
[21/8/2012 21:12:30] attempt to call a nil value
[21/8/2012 21:12:30] stack traceback:

[21/8/2012 21:17:25] [Error - NpcScript Interface] 
[21/8/2012 21:17:25] (Unknown script file)
[21/8/2012 21:17:25] Description: 
[21/8/2012 21:17:25] attempt to call a nil value
[21/8/2012 21:17:25] stack traceback:
[21/8/2012 21:17:25] 	[C]: in function 'closeShopWindow'
[21/8/2012 21:17:25] 	data/npc/lib/npcsystem/npchandler.lua:225: in function 'releaseFocus'
[21/8/2012 21:17:25] 	data/npc/lib/npcsystem/npchandler.lua:591: in function 'onWalkAway'
[21/8/2012 21:17:25] 	data/npc/lib/npcsystem/npchandler.lua:523: in function 'onThink'
[21/8/2012 21:17:25] 	data/npc/scripts/game/default.lua:9: in function <data/npc/scripts/game/default.lua:9>

[21/8/2012 21:19:49] [Error - NpcScript Interface] 
[21/8/2012 21:19:49] (Unknown script file)
[21/8/2012 21:19:49] Description: 
[21/8/2012 21:19:49] attempt to call a nil value
[21/8/2012 21:19:49] stack traceback:

[21/8/2012 21:20:12] [Error - NpcScript Interface] 
[21/8/2012 21:20:12] (Unknown script file)
[21/8/2012 21:20:12] Description: 
[21/8/2012 21:20:12] attempt to call a nil value
[21/8/2012 21:20:12] stack traceback:
[21/8/2012 21:20:12] 	[C]: in function 'closeShopWindow'
[21/8/2012 21:20:12] 	data/npc/lib/npcsystem/npchandler.lua:225: in function 'releaseFocus'
[21/8/2012 21:20:12] 	data/npc/lib/npcsystem/npchandler.lua:363: in function 'unGreet'
[21/8/2012 21:20:12] 	data/npc/lib/npcsystem/npchandler.lua:576: in function 'onFarewell'
[21/8/2012 21:20:12] 	data/npc/lib/npcsystem/modules.lua:251: in function 'callback'
[21/8/2012 21:20:12] 	data/npc/lib/npcsystem/keywordhandler.lua:41: in function 'processMessage'
[21/8/2012 21:20:12] 	data/npc/lib/npcsystem/keywordhandler.lua:181: in function 'processNodeMessage'
[21/8/2012 21:20:12] 	data/npc/lib/npcsystem/keywordhandler.lua:140: in function 'processMessage'
[21/8/2012 21:20:12] 	data/npc/lib/npcsystem/npchandler.lua:423: in function 'onCreatureSay'
[21/8/2012 21:20:12] 	data/npc/scripts/game/default.lua:8: in function <data/npc/scripts/game/default.lua:8>

[21/8/2012 21:27:39] [Error - NpcScript Interface] 
[21/8/2012 21:27:39] (Unknown script file)
[21/8/2012 21:27:39] Description: 
[21/8/2012 21:27:39] attempt to call a nil value
[21/8/2012 21:27:39] stack traceback:

[21/8/2012 21:32:9] [Error - Action Interface] 
[21/8/2012 21:32:9] data/actions/scripts/tools/pick.lua:onUse
[21/8/2012 21:32:9] Description: 
[21/8/2012 21:32:9] (luaGetThingFromPos) Tile not found

[21/8/2012 21:37:22] [Error - NpcScript Interface] 
[21/8/2012 21:37:22] (Unknown script file)
[21/8/2012 21:37:22] Description: 
[21/8/2012 21:37:22] attempt to call a nil value
[21/8/2012 21:37:22] stack traceback:

[21/8/2012 21:44:53] [Error - NpcScript Interface] 
[21/8/2012 21:44:53] (Unknown script file)
[21/8/2012 21:44:53] Description: 
[21/8/2012 21:44:53] attempt to call a nil value
[21/8/2012 21:44:53] stack traceback:
[21/8/2012 21:44:53] 	[C]: in function 'closeShopWindow'
[21/8/2012 21:44:53] 	data/npc/lib/npcsystem/npchandler.lua:225: in function 'releaseFocus'
[21/8/2012 21:44:53] 	data/npc/lib/npcsystem/npchandler.lua:591: in function 'onWalkAway'
[21/8/2012 21:44:53] 	data/npc/lib/npcsystem/npchandler.lua:523: in function 'onThink'
[21/8/2012 21:44:53] 	data/npc/scripts/game/salazart.joia.lua:9: in function <data/npc/scripts/game/salazart.joia.lua:9>

[21/8/2012 21:47:25] [Error - NpcScript Interface] 
[21/8/2012 21:47:25] (Unknown script file)
[21/8/2012 21:47:25] Description: 
[21/8/2012 21:47:25] attempt to call a nil value
[21/8/2012 21:47:25] stack traceback:

[21/8/2012 21:49:52] [Error - NpcScript Interface] 
[21/8/2012 21:49:52] (Unknown script file)
[21/8/2012 21:49:52] Description: 
[21/8/2012 21:49:52] attempt to call a nil value
[21/8/2012 21:49:52] stack traceback:

[21/8/2012 21:51:18] [Error - Spell Interface] 
[21/8/2012 21:51:18] data/spells/scripts/support/destroy_field_rune.lua:onCastSpell
[21/8/2012 21:51:18] Description: 
[21/8/2012 21:51:18] (luaDoRemoveItem) Item not found

[21/8/2012 21:58:40] [Error - NpcScript Interface] 
[21/8/2012 21:58:40] (Unknown script file)
[21/8/2012 21:58:40] Description: 
[21/8/2012 21:58:40] attempt to call a nil value
[21/8/2012 21:58:40] stack traceback:
[21/8/2012 21:58:40] 	[C]: in function 'closeShopWindow'
[21/8/2012 21:58:40] 	data/npc/lib/npcsystem/npchandler.lua:225: in function 'releaseFocus'
[21/8/2012 21:58:40] 	data/npc/lib/npcsystem/npchandler.lua:591: in function 'onWalkAway'
[21/8/2012 21:58:40] 	data/npc/lib/npcsystem/npchandler.lua:523: in function 'onThink'
[21/8/2012 21:58:40] 	data/npc/scripts/game/default.lua:9: in function <data/npc/scripts/game/default.lua:9>

[21/8/2012 22:3:58] [Error - NpcScript Interface] 
[21/8/2012 22:3:58] (Unknown script file)
[21/8/2012 22:3:58] Description: 
[21/8/2012 22:3:58] attempt to call a nil value
[21/8/2012 22:3:58] stack traceback:
[21/8/2012 22:3:58] 	[C]: in function 'closeShopWindow'
[21/8/2012 22:3:58] 	data/npc/lib/npcsystem/npchandler.lua:225: in function 'releaseFocus'
[21/8/2012 22:3:58] 	data/npc/lib/npcsystem/npchandler.lua:591: in function 'onWalkAway'
[21/8/2012 22:3:58] 	data/npc/lib/npcsystem/npchandler.lua:523: in function 'onThink'
[21/8/2012 22:3:58] 	data/npc/scripts/game/default.lua:9: in function <data/npc/scripts/game/default.lua:9>

[21/8/2012 22:5:53] [Error - NpcScript Interface] 
[21/8/2012 22:5:53] (Unknown script file)
[21/8/2012 22:5:53] Description: 
[21/8/2012 22:5:53] attempt to call a nil value
[21/8/2012 22:5:53] stack traceback:
[21/8/2012 22:5:53] 	[C]: in function 'closeShopWindow'
[21/8/2012 22:5:53] 	data/npc/lib/npcsystem/npchandler.lua:225: in function 'releaseFocus'
[21/8/2012 22:5:53] 	data/npc/lib/npcsystem/npchandler.lua:591: in function 'onWalkAway'
[21/8/2012 22:5:53] 	data/npc/lib/npcsystem/npchandler.lua:523: in function 'onThink'
[21/8/2012 22:5:53] 	data/npc/scripts/game/default.lua:9: in function <data/npc/scripts/game/default.lua:9>

[21/8/2012 22:6:7] [Error - NpcScript Interface] 
[21/8/2012 22:6:7] (Unknown script file)
[21/8/2012 22:6:7] Description: 
[21/8/2012 22:6:7] attempt to call a nil value
[21/8/2012 22:6:7] stack traceback:

[21/8/2012 22:10:11] [Error - NpcScript Interface] 
[21/8/2012 22:10:11] (Unknown script file)
[21/8/2012 22:10:11] Description: 
[21/8/2012 22:10:11] attempt to call a nil value
[21/8/2012 22:10:11] stack traceback:
[21/8/2012 22:11:5] > Saving server...
[21/8/2012 22:11:12] > SAVE: Complete in 7.242 seconds using binary-tilebased house storage.

[21/8/2012 22:18:4] [Error - NpcScript Interface] 
[21/8/2012 22:18:4] (Unknown script file)
[21/8/2012 22:18:4] Description: 
[21/8/2012 22:18:4] attempt to call a nil value
[21/8/2012 22:18:4] stack traceback:

[21/8/2012 22:25:36] [Error - NpcScript Interface] 
[21/8/2012 22:25:36] (Unknown script file)
[21/8/2012 22:25:36] Description: 
[21/8/2012 22:25:36] attempt to call a nil value
[21/8/2012 22:25:36] stack traceback:
[21/8/2012 22:25:36] 	[C]: in function 'closeShopWindow'
[21/8/2012 22:25:36] 	data/npc/lib/npcsystem/npchandler.lua:225: in function 'releaseFocus'
[21/8/2012 22:25:36] 	data/npc/lib/npcsystem/npchandler.lua:591: in function 'onWalkAway'
[21/8/2012 22:25:36] 	data/npc/lib/npcsystem/npchandler.lua:523: in function 'onThink'
[21/8/2012 22:25:36] 	data/npc/scripts/game/blacksmith.lua:9: in function <data/npc/scripts/game/blacksmith.lua:9>

[21/8/2012 22:30:35] [Error - NpcScript Interface] 
[21/8/2012 22:30:35] (Unknown script file)
[21/8/2012 22:30:35] Description: 
[21/8/2012 22:30:35] attempt to call a nil value
[21/8/2012 22:30:35] stack traceback:
[21/8/2012 22:30:35] 	[C]: in function 'closeShopWindow'
[21/8/2012 22:30:35] 	data/npc/lib/npcsystem/npchandler.lua:225: in function 'releaseFocus'
[21/8/2012 22:30:35] 	data/npc/lib/npcsystem/npchandler.lua:591: in function 'onWalkAway'
[21/8/2012 22:30:35] 	data/npc/lib/npcsystem/npchandler.lua:523: in function 'onThink'
[21/8/2012 22:30:35] 	data/npc/scripts/game/quendor.postman.lua:8: in function <data/npc/scripts/game/quendor.postman.lua:8>

[21/8/2012 22:32:17] [Error - NpcScript Interface] 
[21/8/2012 22:32:17] (Unknown script file)
[21/8/2012 22:32:17] Description: 
[21/8/2012 22:32:17] attempt to call a nil value
[21/8/2012 22:32:17] stack traceback:
[21/8/2012 22:32:17] 	[C]: in function 'closeShopWindow'
[21/8/2012 22:32:17] 	data/npc/lib/npcsystem/npchandler.lua:225: in function 'releaseFocus'
[21/8/2012 22:32:17] 	data/npc/lib/npcsystem/npchandler.lua:591: in function 'onWalkAway'
[21/8/2012 22:32:17] 	data/npc/lib/npcsystem/npchandler.lua:523: in function 'onThink'
[21/8/2012 22:32:17] 	data/npc/scripts/game/default.lua:9: in function <data/npc/scripts/game/default.lua:9>

[21/8/2012 22:34:6] [Error - Action Interface] 
[21/8/2012 22:34:6] data/actions/scripts/tools/rope.lua:onUse
[21/8/2012 22:34:6] Description: 
[21/8/2012 22:34:6] (luaGetThingFromPos) Tile not found

[21/8/2012 22:35:44] [Error - NpcScript Interface] 
[21/8/2012 22:35:44] (Unknown script file)
[21/8/2012 22:35:44] Description: 
[21/8/2012 22:35:44] attempt to call a nil value
[21/8/2012 22:35:44] stack traceback:

[21/8/2012 22:40:17] [Error - NpcScript Interface] 
[21/8/2012 22:40:17] (Unknown script file)
[21/8/2012 22:40:17] Description: 
[21/8/2012 22:40:17] attempt to call a nil value
[21/8/2012 22:40:17] stack traceback:

[21/8/2012 22:42:59] [Error - NpcScript Interface] 
[21/8/2012 22:42:59] (Unknown script file)
[21/8/2012 22:42:59] Description: 
[21/8/2012 22:42:59] attempt to call a nil value
[21/8/2012 22:42:59] stack traceback:

[21/8/2012 22:44:39] [Error - NpcScript Interface] 
[21/8/2012 22:44:39] (Unknown script file)
[21/8/2012 22:44:39] Description: 
[21/8/2012 22:44:39] attempt to call a nil value
[21/8/2012 22:44:39] stack traceback:

[21/8/2012 22:48:12] [Error - NpcScript Interface] 
[21/8/2012 22:48:12] (Unknown script file)
[21/8/2012 22:48:12] Description: 
[21/8/2012 22:48:12] attempt to call a nil value
[21/8/2012 22:48:12] stack traceback:

[21/8/2012 22:55:34] [Error - NpcScript Interface] 
[21/8/2012 22:55:34] (Unknown script file)
[21/8/2012 22:55:34] Description: 
[21/8/2012 22:55:34] attempt to call a nil value
[21/8/2012 22:55:34] stack traceback:

[21/8/2012 22:59:24] [Error - NpcScript Interface] 
[21/8/2012 22:59:24] (Unknown script file)
[21/8/2012 22:59:24] Description: 
[21/8/2012 22:59:24] attempt to call a nil value
[21/8/2012 22:59:24] stack traceback:
[21/8/2012 22:59:24] 	[C]: in function 'closeShopWindow'
[21/8/2012 22:59:24] 	data/npc/lib/npcsystem/npchandler.lua:225: in function 'releaseFocus'
[21/8/2012 22:59:24] 	data/npc/lib/npcsystem/npchandler.lua:591: in function 'onWalkAway'
[21/8/2012 22:59:24] 	data/npc/lib/npcsystem/npchandler.lua:523: in function 'onThink'
[21/8/2012 22:59:24] 	data/npc/scripts/game/default.lua:9: in function <data/npc/scripts/game/default.lua:9>

[21/8/2012 23:0:7] [Error - NpcScript Interface] 
[21/8/2012 23:0:7] (Unknown script file)
[21/8/2012 23:0:7] Description: 
[21/8/2012 23:0:7] attempt to call a nil value
[21/8/2012 23:0:7] stack traceback:
[21/8/2012 23:0:7] 	[C]: in function 'closeShopWindow'
[21/8/2012 23:0:7] 	data/npc/lib/npcsystem/npchandler.lua:225: in function 'releaseFocus'
[21/8/2012 23:0:7] 	data/npc/lib/npcsystem/npchandler.lua:591: in function 'onWalkAway'
[21/8/2012 23:0:7] 	data/npc/lib/npcsystem/npchandler.lua:523: in function 'onThink'
[21/8/2012 23:0:7] 	data/npc/scripts/game/default.lua:9: in function <data/npc/scripts/game/default.lua:9>

[21/8/2012 23:2:58] [Error - NpcScript Interface] 
[21/8/2012 23:2:58] (Unknown script file)
[21/8/2012 23:2:58] Description: 
[21/8/2012 23:2:58] attempt to call a nil value
[21/8/2012 23:2:58] stack traceback:

[21/8/2012 23:3:26] [Error - NpcScript Interface] 
[21/8/2012 23:3:26] (Unknown script file)
[21/8/2012 23:3:26] Description: 
[21/8/2012 23:3:26] attempt to call a nil value
[21/8/2012 23:3:26] stack traceback:
[21/8/2012 23:3:26] 	[C]: in function 'closeShopWindow'
[21/8/2012 23:3:26] 	data/npc/lib/npcsystem/npchandler.lua:225: in function 'releaseFocus'
[21/8/2012 23:3:26] 	data/npc/lib/npcsystem/npchandler.lua:591: in function 'onWalkAway'
[21/8/2012 23:3:26] 	data/npc/lib/npcsystem/npchandler.lua:523: in function 'onThink'
[21/8/2012 23:3:26] 	data/npc/scripts/game/default.lua:9: in function <data/npc/scripts/game/default.lua:9>

[21/8/2012 23:7:6] [Error - NpcScript Interface] 
[21/8/2012 23:7:6] (Unknown script file)
[21/8/2012 23:7:6] Description: 
[21/8/2012 23:7:6] attempt to call a nil value
[21/8/2012 23:7:6] stack traceback:
[21/8/2012 23:7:6] 	[C]: in function 'closeShopWindow'
[21/8/2012 23:7:6] 	data/npc/lib/npcsystem/npchandler.lua:225: in function 'releaseFocus'
[21/8/2012 23:7:6] 	data/npc/lib/npcsystem/npchandler.lua:591: in function 'onWalkAway'
[21/8/2012 23:7:6] 	data/npc/lib/npcsystem/npchandler.lua:523: in function 'onThink'
[21/8/2012 23:7:6] 	data/npc/scripts/game/default.lua:9: in function <data/npc/scripts/game/default.lua:9>

[21/8/2012 23:7:55] [Error - NpcScript Interface] 
[21/8/2012 23:7:55] (Unknown script file)
[21/8/2012 23:7:55] Description: 
[21/8/2012 23:7:55] attempt to call a nil value
[21/8/2012 23:7:55] stack traceback:

[21/8/2012 23:9:13] [Error - NpcScript Interface] 
[21/8/2012 23:9:13] (Unknown script file)
[21/8/2012 23:9:13] Description: 
[21/8/2012 23:9:13] attempt to call a nil value
[21/8/2012 23:9:13] stack traceback:
[21/8/2012 23:11:5] > Saving server...
[21/8/2012 23:11:13] > SAVE: Complete in 7.805 seconds using binary-tilebased house storage.

[21/8/2012 23:24:27] [Error - Action Interface] 
[21/8/2012 23:24:27] data/actions/scripts/other/windows.lua:onUse
[21/8/2012 23:24:27] Description: 
[21/8/2012 23:24:27] (luaGetHouseFromPos) Tile not found
[21/8/2012 23:32:5] [Warning - Protocol::RSA_decrypt] Not valid packet size (IP: 189.68.187.55)

[21/8/2012 23:43:22] [Error - NpcScript Interface] 
[21/8/2012 23:43:22] (Unknown script file)
[21/8/2012 23:43:22] Description: 
[21/8/2012 23:43:22] attempt to call a nil value
[21/8/2012 23:43:22] stack traceback:

[21/8/2012 23:47:58] [Error - NpcScript Interface] 
[21/8/2012 23:47:58] (Unknown script file)
[21/8/2012 23:47:58] Description: 
[21/8/2012 23:47:58] attempt to call a nil value
[21/8/2012 23:47:58] stack traceback:
[21/8/2012 23:47:58] 	[C]: in function 'closeShopWindow'
[21/8/2012 23:47:58] 	data/npc/lib/npcsystem/npchandler.lua:225: in function 'releaseFocus'
[21/8/2012 23:47:58] 	data/npc/lib/npcsystem/npchandler.lua:591: in function 'onWalkAway'
[21/8/2012 23:47:58] 	data/npc/lib/npcsystem/npchandler.lua:523: in function 'onThink'
[21/8/2012 23:47:58] 	data/npc/scripts/game/default.lua:9: in function <data/npc/scripts/game/default.lua:9>

[21/8/2012 23:49:54] [Error - NpcScript Interface] 
[21/8/2012 23:49:54] (Unknown script file)
[21/8/2012 23:49:54] Description: 
[21/8/2012 23:49:54] attempt to call a nil value
[21/8/2012 23:49:54] stack traceback:
[21/8/2012 23:49:54] 	[C]: in function 'closeShopWindow'
[21/8/2012 23:49:54] 	data/npc/lib/npcsystem/npchandler.lua:225: in function 'releaseFocus'
[21/8/2012 23:49:54] 	data/npc/lib/npcsystem/npchandler.lua:591: in function 'onWalkAway'
[21/8/2012 23:49:54] 	data/npc/lib/npcsystem/npchandler.lua:523: in function 'onThink'
[21/8/2012 23:49:54] 	data/npc/scripts/game/default.lua:9: in function <data/npc/scripts/game/default.lua:9>

[22/8/2012 0:1:29] [Error - NpcScript Interface] 
[22/8/2012 0:1:29] (Unknown script file)
[22/8/2012 0:1:29] Description: 
[22/8/2012 0:1:29] attempt to call a nil value
[22/8/2012 0:1:29] stack traceback:

[22/8/2012 0:8:2] [Error - NpcScript Interface] 
[22/8/2012 0:8:2] (Unknown script file)
[22/8/2012 0:8:2] Description: 
[22/8/2012 0:8:2] attempt to call a nil value
[22/8/2012 0:8:2] stack traceback:
[22/8/2012 0:8:2] 	[C]: in function 'closeShopWindow'
[22/8/2012 0:8:2] 	data/npc/lib/npcsystem/npchandler.lua:225: in function 'releaseFocus'
[22/8/2012 0:8:2] 	data/npc/lib/npcsystem/npchandler.lua:591: in function 'onWalkAway'
[22/8/2012 0:8:2] 	data/npc/lib/npcsystem/npchandler.lua:523: in function 'onThink'
[22/8/2012 0:8:2] 	data/npc/scripts/game/default.lua:9: in function <data/npc/scripts/game/default.lua:9>
[22/8/2012 0:11:5] > Saving server...
[22/8/2012 0:11:11] > SAVE: Complete in 5.497 seconds using binary-tilebased house storage.
[22/8/2012 1:11:5] > Saving server...
[22/8/2012 1:11:10] > SAVE: Complete in 4.547 seconds using binary-tilebased house storage.

[22/8/2012 1:25:56] [Error - NpcScript Interface] 
[22/8/2012 1:25:56] (Unknown script file)
[22/8/2012 1:25:56] Description: 
[22/8/2012 1:25:56] attempt to call a nil value
[22/8/2012 1:25:56] stack traceback:

[22/8/2012 1:44:44] [Error - NpcScript Interface] 
[22/8/2012 1:44:44] (Unknown script file)
[22/8/2012 1:44:44] Description: 
[22/8/2012 1:44:44] attempt to call a nil value
[22/8/2012 1:44:44] stack traceback:
[22/8/2012 1:44:44] 	[C]: in function 'closeShopWindow'
[22/8/2012 1:44:44] 	data/npc/lib/npcsystem/npchandler.lua:225: in function 'releaseFocus'
[22/8/2012 1:44:44] 	data/npc/lib/npcsystem/npchandler.lua:591: in function 'onWalkAway'
[22/8/2012 1:44:44] 	data/npc/lib/npcsystem/npchandler.lua:523: in function 'onThink'
[22/8/2012 1:44:44] 	data/npc/scripts/game/default.lua:9: in function <data/npc/scripts/game/default.lua:9>

[22/8/2012 2:1:35] [Error - NpcScript Interface] 
[22/8/2012 2:1:35] (Unknown script file)
[22/8/2012 2:1:35] Description: 
[22/8/2012 2:1:35] attempt to call a nil value
[22/8/2012 2:1:35] stack traceback:
[22/8/2012 2:11:5] > Saving server...
[22/8/2012 2:11:9] > SAVE: Complete in 4.185 seconds using binary-tilebased house storage.

[22/8/2012 2:13:33] [Error - NpcScript Interface] 
[22/8/2012 2:13:33] (Unknown script file)
[22/8/2012 2:13:33] Description: 
[22/8/2012 2:13:33] attempt to call a nil value
[22/8/2012 2:13:33] stack traceback:

[22/8/2012 2:16:10] [Error - NpcScript Interface] 
[22/8/2012 2:16:10] (Unknown script file)
[22/8/2012 2:16:10] Description: 
[22/8/2012 2:16:10] attempt to call a nil value
[22/8/2012 2:16:10] stack traceback:

[22/8/2012 2:33:36] [Error - NpcScript Interface] 
[22/8/2012 2:33:36] (Unknown script file)
[22/8/2012 2:33:36] Description: 
[22/8/2012 2:33:36] attempt to call a nil value
[22/8/2012 2:33:36] stack traceback:
[22/8/2012 2:33:36] 	[C]: in function 'closeShopWindow'
[22/8/2012 2:33:36] 	data/npc/lib/npcsystem/npchandler.lua:225: in function 'releaseFocus'
[22/8/2012 2:33:36] 	data/npc/lib/npcsystem/npchandler.lua:591: in function 'onWalkAway'
[22/8/2012 2:33:36] 	data/npc/lib/npcsystem/npchandler.lua:523: in function 'onThink'
[22/8/2012 2:33:36] 	data/npc/scripts/game/default.lua:9: in function <data/npc/scripts/game/default.lua:9>

[22/8/2012 2:43:12] [Error - Spell Interface] 
[22/8/2012 2:43:12] data/spells/scripts/support/destroy_field_rune.lua:onCastSpell
[22/8/2012 2:43:12] Description: 
[22/8/2012 2:43:12] (luaDoRemoveItem) Item not found

[22/8/2012 2:49:16] [Error - NpcScript Interface] 
[22/8/2012 2:49:16] (Unknown script file)
[22/8/2012 2:49:16] Description: 
[22/8/2012 2:49:16] attempt to call a nil value
[22/8/2012 2:49:16] stack traceback:

[22/8/2012 2:54:31] [Error - NpcScript Interface] 
[22/8/2012 2:54:31] (Unknown script file)
[22/8/2012 2:54:31] Description: 
[22/8/2012 2:54:31] attempt to call a nil value
[22/8/2012 2:54:31] stack traceback:

[22/8/2012 3:4:31] [Error - NpcScript Interface] 
[22/8/2012 3:4:31] (Unknown script file)
[22/8/2012 3:4:31] Description: 
[22/8/2012 3:4:31] attempt to call a nil value
[22/8/2012 3:4:31] stack traceback:
[22/8/2012 3:4:31] 	[C]: in function 'closeShopWindow'
[22/8/2012 3:4:31] 	data/npc/lib/npcsystem/npchandler.lua:225: in function 'releaseFocus'
[22/8/2012 3:4:31] 	data/npc/lib/npcsystem/npchandler.lua:591: in function 'onWalkAway'
[22/8/2012 3:4:31] 	data/npc/lib/npcsystem/npchandler.lua:523: in function 'onThink'
[22/8/2012 3:4:31] 	data/npc/scripts/game/default.lua:9: in function <data/npc/scripts/game/default.lua:9>
[22/8/2012 3:11:5] > Saving server...
[22/8/2012 3:11:10] > SAVE: Complete in 4.362 seconds using binary-tilebased house storage.

[22/8/2012 4:1:19] [Error - NpcScript Interface] 
[22/8/2012 4:1:19] (Unknown script file)
[22/8/2012 4:1:19] Description: 
[22/8/2012 4:1:19] attempt to call a nil value
[22/8/2012 4:1:19] stack traceback:
[22/8/2012 4:1:19] 	[C]: in function 'closeShopWindow'
[22/8/2012 4:1:19] 	data/npc/lib/npcsystem/npchandler.lua:225: in function 'releaseFocus'
[22/8/2012 4:1:19] 	data/npc/lib/npcsystem/npchandler.lua:363: in function 'unGreet'
[22/8/2012 4:1:19] 	data/npc/lib/npcsystem/npchandler.lua:576: in function 'onFarewell'
[22/8/2012 4:1:19] 	data/npc/lib/npcsystem/modules.lua:251: in function 'callback'
[22/8/2012 4:1:19] 	data/npc/lib/npcsystem/keywordhandler.lua:41: in function 'processMessage'
[22/8/2012 4:1:19] 	data/npc/lib/npcsystem/keywordhandler.lua:181: in function 'processNodeMessage'
[22/8/2012 4:1:19] 	data/npc/lib/npcsystem/keywordhandler.lua:140: in function 'processMessage'
[22/8/2012 4:1:19] 	data/npc/lib/npcsystem/npchandler.lua:423: in function 'onCreatureSay'
[22/8/2012 4:1:19] 	data/npc/scripts/game/default.lua:8: in function <data/npc/scripts/game/default.lua:8>
[22/8/2012 4:11:5] > Saving server...
[22/8/2012 4:11:10] > SAVE: Complete in 4.456 seconds using binary-tilebased house storage.

[22/8/2012 4:29:29] [Error - NpcScript Interface] 
[22/8/2012 4:29:29] (Unknown script file)
[22/8/2012 4:29:29] Description: 
[22/8/2012 4:29:29] attempt to call a nil value
[22/8/2012 4:29:29] stack traceback:
[22/8/2012 5:11:5] > Saving server...
[22/8/2012 5:11:8] > SAVE: Complete in 3.108 seconds using binary-tilebased house storage.

[22/8/2012 5:18:4] [Error - NpcScript Interface] 
[22/8/2012 5:18:4] (Unknown script file)
[22/8/2012 5:18:4] Description: 
[22/8/2012 5:18:4] attempt to call a nil value
[22/8/2012 5:18:4] stack traceback:
[22/8/2012 5:18:4] 	[C]: in function 'closeShopWindow'
[22/8/2012 5:18:4] 	data/npc/lib/npcsystem/npchandler.lua:225: in function 'releaseFocus'
[22/8/2012 5:18:4] 	data/npc/lib/npcsystem/npchandler.lua:591: in function 'onWalkAway'
[22/8/2012 5:18:4] 	data/npc/lib/npcsystem/npchandler.lua:523: in function 'onThink'
[22/8/2012 5:18:4] 	data/npc/scripts/game/default.lua:9: in function <data/npc/scripts/game/default.lua:9>

[22/8/2012 5:22:24] [Error - NpcScript Interface] 
[22/8/2012 5:22:24] (Unknown script file)
[22/8/2012 5:22:24] Description: 
[22/8/2012 5:22:24] attempt to call a nil value
[22/8/2012 5:22:24] stack traceback:
[22/8/2012 5:22:24] 	[C]: in function 'closeShopWindow'
[22/8/2012 5:22:24] 	data/npc/lib/npcsystem/npchandler.lua:225: in function 'releaseFocus'
[22/8/2012 5:22:24] 	data/npc/lib/npcsystem/npchandler.lua:591: in function 'onWalkAway'
[22/8/2012 5:22:24] 	data/npc/lib/npcsystem/npchandler.lua:523: in function 'onThink'
[22/8/2012 5:22:24] 	data/npc/scripts/game/blacksmith.lua:9: in function <data/npc/scripts/game/blacksmith.lua:9>
[22/8/2012 5:55:50] > Broadcasted message: "The Mastersmiths Cyclops are too close from our Capital Thorn. Stay alert.".
[22/8/2012 5:59:10] > Broadcasted message: "Help in the Thorn Western Gate! Cyclops are taking the city!".
[22/8/2012 6:11:5] > Saving server...
[22/8/2012 6:11:9] > SAVE: Complete in 3.216 seconds using binary-tilebased house storage.

[22/8/2012 6:39:22] [Error - NpcScript Interface] 
[22/8/2012 6:39:22] (Unknown script file)
[22/8/2012 6:39:22] Description: 
[22/8/2012 6:39:22] attempt to call a nil value
[22/8/2012 6:39:22] stack traceback:
[22/8/2012 6:39:22] 	[C]: in function 'closeShopWindow'
[22/8/2012 6:39:22] 	data/npc/lib/npcsystem/npchandler.lua:225: in function 'releaseFocus'
[22/8/2012 6:39:22] 	data/npc/lib/npcsystem/npchandler.lua:591: in function 'onWalkAway'
[22/8/2012 6:39:22] 	data/npc/lib/npcsystem/npchandler.lua:523: in function 'onThink'
[22/8/2012 6:39:22] 	data/npc/scripts/game/default.lua:9: in function <data/npc/scripts/game/default.lua:9>

[22/8/2012 6:54:36] [Error - NpcScript Interface] 
[22/8/2012 6:54:36] (Unknown script file)
[22/8/2012 6:54:36] Description: 
[22/8/2012 6:54:36] attempt to call a nil value
[22/8/2012 6:54:36] stack traceback:

[22/8/2012 7:5:35] [Error - NpcScript Interface] 
[22/8/2012 7:5:35] (Unknown script file)
[22/8/2012 7:5:35] Description: 
[22/8/2012 7:5:35] attempt to call a nil value
[22/8/2012 7:5:35] stack traceback:
[22/8/2012 7:5:35] 	[C]: in function 'closeShopWindow'
[22/8/2012 7:5:35] 	data/npc/lib/npcsystem/npchandler.lua:225: in function 'releaseFocus'
[22/8/2012 7:5:35] 	data/npc/lib/npcsystem/npchandler.lua:591: in function 'onWalkAway'
[22/8/2012 7:5:35] 	data/npc/lib/npcsystem/npchandler.lua:523: in function 'onThink'
[22/8/2012 7:5:35] 	data/npc/scripts/game/default.lua:9: in function <data/npc/scripts/game/default.lua:9>

[22/8/2012 7:7:43] [Error - NpcScript Interface] 
[22/8/2012 7:7:43] (Unknown script file)
[22/8/2012 7:7:43] Description: 
[22/8/2012 7:7:43] attempt to call a nil value
[22/8/2012 7:7:43] stack traceback:
[22/8/2012 7:7:43] 	[C]: in function 'closeShopWindow'
[22/8/2012 7:7:43] 	data/npc/lib/npcsystem/npchandler.lua:225: in function 'releaseFocus'
[22/8/2012 7:7:43] 	data/npc/lib/npcsystem/npchandler.lua:591: in function 'onWalkAway'
[22/8/2012 7:7:43] 	data/npc/lib/npcsystem/npchandler.lua:523: in function 'onThink'
[22/8/2012 7:7:43] 	data/npc/scripts/game/default.lua:9: in function <data/npc/scripts/game/default.lua:9>

[22/8/2012 7:10:8] [Error - NpcScript Interface] 
[22/8/2012 7:10:8] (Unknown script file)
[22/8/2012 7:10:8] Description: 
[22/8/2012 7:10:8] attempt to call a nil value
[22/8/2012 7:10:8] stack traceback:
[22/8/2012 7:10:8] 	[C]: in function 'closeShopWindow'
[22/8/2012 7:10:8] 	data/npc/lib/npcsystem/npchandler.lua:225: in function 'releaseFocus'
[22/8/2012 7:10:8] 	data/npc/lib/npcsystem/npchandler.lua:591: in function 'onWalkAway'
[22/8/2012 7:10:8] 	data/npc/lib/npcsystem/npchandler.lua:523: in function 'onThink'
[22/8/2012 7:10:8] 	data/npc/scripts/game/default.lua:9: in function <data/npc/scripts/game/default.lua:9>
[22/8/2012 7:11:5] > Saving server...
[22/8/2012 7:11:10] > SAVE: Complete in 4.195 seconds using binary-tilebased house storage.

[22/8/2012 7:29:34] [Error - NpcScript Interface] 
[22/8/2012 7:29:34] (Unknown script file)
[22/8/2012 7:29:34] Description: 
[22/8/2012 7:29:34] attempt to call a nil value
[22/8/2012 7:29:34] stack traceback:

[22/8/2012 7:35:2] [Error - NpcScript Interface] 
[22/8/2012 7:35:2] (Unknown script file)
[22/8/2012 7:35:2] Description: 
[22/8/2012 7:35:2] attempt to call a nil value
[22/8/2012 7:35:2] stack traceback:
[22/8/2012 8:11:5] > Saving server...
[22/8/2012 8:11:9] > SAVE: Complete in 3.578 seconds using binary-tilebased house storage.

[22/8/2012 8:16:24] [Error - NpcScript Interface] 
[22/8/2012 8:16:24] (Unknown script file)
[22/8/2012 8:16:24] Description: 
[22/8/2012 8:16:24] attempt to call a nil value
[22/8/2012 8:16:24] stack traceback:
[22/8/2012 8:16:24] 	[C]: in function 'closeShopWindow'
[22/8/2012 8:16:24] 	data/npc/lib/npcsystem/npchandler.lua:225: in function 'releaseFocus'
[22/8/2012 8:16:24] 	data/npc/lib/npcsystem/npchandler.lua:591: in function 'onWalkAway'
[22/8/2012 8:16:24] 	data/npc/lib/npcsystem/npchandler.lua:523: in function 'onThink'
[22/8/2012 8:16:24] 	data/npc/scripts/game/default.lua:9: in function <data/npc/scripts/game/default.lua:9>

[22/8/2012 8:20:56] [Error - NpcScript Interface] 
[22/8/2012 8:20:56] (Unknown script file)
[22/8/2012 8:20:56] Description: 
[22/8/2012 8:20:56] attempt to call a nil value
[22/8/2012 8:20:56] stack traceback:
[22/8/2012 8:20:56] 	[C]: in function 'closeShopWindow'
[22/8/2012 8:20:56] 	data/npc/lib/npcsystem/npchandler.lua:225: in function 'releaseFocus'
[22/8/2012 8:20:56] 	data/npc/lib/npcsystem/npchandler.lua:363: in function 'unGreet'
[22/8/2012 8:20:56] 	data/npc/lib/npcsystem/npchandler.lua:576: in function 'onFarewell'
[22/8/2012 8:20:56] 	data/npc/lib/npcsystem/modules.lua:251: in function 'callback'
[22/8/2012 8:20:56] 	data/npc/lib/npcsystem/keywordhandler.lua:41: in function 'processMessage'
[22/8/2012 8:20:56] 	data/npc/lib/npcsystem/keywordhandler.lua:181: in function 'processNodeMessage'
[22/8/2012 8:20:56] 	data/npc/lib/npcsystem/keywordhandler.lua:140: in function 'processMessage'
[22/8/2012 8:20:56] 	data/npc/lib/npcsystem/npchandler.lua:423: in function 'onCreatureSay'
[22/8/2012 8:20:56] 	data/npc/scripts/game/default.lua:8: in function <data/npc/scripts/game/default.lua:8>

[22/8/2012 8:21:14] [Error - NpcScript Interface] 
[22/8/2012 8:21:14] (Unknown script file)
[22/8/2012 8:21:14] Description: 
[22/8/2012 8:21:14] attempt to call a nil value
[22/8/2012 8:21:14] stack traceback:
[22/8/2012 8:21:14] 	[C]: in function 'closeShopWindow'
[22/8/2012 8:21:14] 	data/npc/lib/npcsystem/npchandler.lua:225: in function 'releaseFocus'
[22/8/2012 8:21:14] 	data/npc/lib/npcsystem/npchandler.lua:591: in function 'onWalkAway'
[22/8/2012 8:21:14] 	data/npc/lib/npcsystem/npchandler.lua:523: in function 'onThink'
[22/8/2012 8:21:14] 	data/npc/scripts/game/default.lua:9: in function <data/npc/scripts/game/default.lua:9>

[22/8/2012 8:47:11] [Error - NpcScript Interface] 
[22/8/2012 8:47:11] (Unknown script file)
[22/8/2012 8:47:11] Description: 
[22/8/2012 8:47:11] attempt to call a nil value
[22/8/2012 8:47:11] stack traceback:

[22/8/2012 9:1:35] [Error - NpcScript Interface] 
[22/8/2012 9:1:35] (Unknown script file)
[22/8/2012 9:1:35] Description: 
[22/8/2012 9:1:35] attempt to call a nil value
[22/8/2012 9:1:35] stack traceback:
[22/8/2012 9:1:35] 	[C]: in function 'closeShopWindow'
[22/8/2012 9:1:35] 	data/npc/lib/npcsystem/npchandler.lua:225: in function 'releaseFocus'
[22/8/2012 9:1:35] 	data/npc/lib/npcsystem/npchandler.lua:591: in function 'onWalkAway'
[22/8/2012 9:1:35] 	data/npc/lib/npcsystem/npchandler.lua:523: in function 'onThink'
[22/8/2012 9:1:35] 	data/npc/scripts/game/default.lua:9: in function <data/npc/scripts/game/default.lua:9>

[22/8/2012 9:3:15] [Error - NpcScript Interface] 
[22/8/2012 9:3:15] (Unknown script file)
[22/8/2012 9:3:15] Description: 
[22/8/2012 9:3:15] attempt to call a nil value
[22/8/2012 9:3:15] stack traceback:
[22/8/2012 9:3:15] 	[C]: in function 'closeShopWindow'
[22/8/2012 9:3:15] 	data/npc/lib/npcsystem/npchandler.lua:225: in function 'releaseFocus'
[22/8/2012 9:3:15] 	data/npc/lib/npcsystem/npchandler.lua:591: in function 'onWalkAway'
[22/8/2012 9:3:15] 	data/npc/lib/npcsystem/npchandler.lua:523: in function 'onThink'
[22/8/2012 9:3:15] 	data/npc/scripts/game/default.lua:9: in function <data/npc/scripts/game/default.lua:9>
[22/8/2012 9:11:5] > Saving server...
[22/8/2012 9:11:10] > SAVE: Complete in 4.653 seconds using binary-tilebased house storage.

[22/8/2012 9:17:25] [Error - NpcScript Interface] 
[22/8/2012 9:17:25] (Unknown script file)
[22/8/2012 9:17:25] Description: 
[22/8/2012 9:17:25] attempt to call a nil value
[22/8/2012 9:17:25] stack traceback:

[22/8/2012 9:17:42] [Error - NpcScript Interface] 
[22/8/2012 9:17:42] (Unknown script file)
[22/8/2012 9:17:42] Description: 
[22/8/2012 9:17:42] attempt to call a nil value
[22/8/2012 9:17:42] stack traceback:

[22/8/2012 9:39:53] [Error - NpcScript Interface] 
[22/8/2012 9:39:53] (Unknown script file)
[22/8/2012 9:39:53] Description: 
[22/8/2012 9:39:53] attempt to call a nil value
[22/8/2012 9:39:53] stack traceback:
[22/8/2012 9:39:53] 	[C]: in function 'closeShopWindow'
[22/8/2012 9:39:53] 	data/npc/lib/npcsystem/npchandler.lua:225: in function 'releaseFocus'
[22/8/2012 9:39:53] 	data/npc/lib/npcsystem/npchandler.lua:591: in function 'onWalkAway'
[22/8/2012 9:39:53] 	data/npc/lib/npcsystem/npchandler.lua:523: in function 'onThink'
[22/8/2012 9:39:53] 	data/npc/scripts/game/default.lua:9: in function <data/npc/scripts/game/default.lua:9>

[22/8/2012 9:52:51] [Error - NpcScript Interface] 
[22/8/2012 9:52:51] (Unknown script file)
[22/8/2012 9:52:51] Description: 
[22/8/2012 9:52:51] attempt to call a nil value
[22/8/2012 9:52:51] stack traceback:
[22/8/2012 9:52:51] 	[C]: in function 'closeShopWindow'
[22/8/2012 9:52:51] 	data/npc/lib/npcsystem/npchandler.lua:225: in function 'releaseFocus'
[22/8/2012 9:52:51] 	data/npc/lib/npcsystem/npchandler.lua:591: in function 'onWalkAway'
[22/8/2012 9:52:51] 	data/npc/lib/npcsystem/npchandler.lua:523: in function 'onThink'
[22/8/2012 9:52:51] 	data/npc/scripts/game/default.lua:9: in function <data/npc/scripts/game/default.lua:9>
[22/8/2012 10:0:15] > Paying houses...
[22/8/2012 10:0:16] Houses paid in 1.12 seconds.
[22/8/2012 10:0:16] > Saving server...
[22/8/2012 10:0:16] > SAVE: Complete in 0.458 seconds using binary-tilebased house storage.
[22/8/2012 10:0:17] Preparing to shutdown the server- done.
