[22/8/2012 10:9:2] > Using MD5 encryption
[22/8/2012 10:9:2] >> Loading RSA key
[22/8/2012 10:9:2] >> Starting SQL connection

[22/8/2012 10:9:2] > WARNING: Outdated MySQL server detected, consider upgrading to a newer version.
[22/8/2012 10:9:2] >> Running Database Manager
[22/8/2012 10:9:3] >> Loading items (OTB)
[22/8/2012 10:9:3] >> Loading items (XML)
[22/8/2012 10:9:3] [Warning - Items::loadFromXml] Unknown key value blocksolid
[22/8/2012 10:9:3] [Warning - Items::loadFromXml] Unknown key value blocksolid
[22/8/2012 10:9:3] >> Loading groups
[22/8/2012 10:9:3] >> Loading vocations
[22/8/2012 10:9:3] >> Loading outfits
[22/8/2012 10:9:3] >> Loading chat channels
[22/8/2012 10:9:3] >> Loading script systems
[22/8/2012 10:9:5] [Warning - Event::loadScript] Event onTime not found (data/globalevents/scripts/clean.lua)
[22/8/2012 10:9:5] >> Loading mods...
[22/8/2012 10:9:5] > 0 mods were loaded.
[22/8/2012 10:9:5] >> Loading experience stages
[22/8/2012 10:9:5] >> Loading monsters
[22/8/2012 10:9:5] [Warning - Monsters::deserializeSpell] Frost Dragon - Unknown areaEffect: smallice
[22/8/2012 10:9:7] >> Loading map and spawns...
[22/8/2012 10:9:12] > Map size: 5000x5000.
[22/8/2012 10:9:12] > Map descriptions: 
[22/8/2012 10:9:12] "Saved with Remere's Map Editor 2.2"
[22/8/2012 10:9:12] "SimOne MapEditor 0.5.5"
[22/8/2012 10:9:13] [Warning - IOMap::loadMap] Movable item in house: 517, item type: 2741, pos 1070/1121/6
[22/8/2012 10:9:13] [Warning - IOMap::loadMap] Movable item in house: 518, item type: 2741, pos 1070/1129/6
[22/8/2012 10:9:13] [Warning - IOMap::loadMap] Movable item in house: 517, item type: 2741, pos 1073/1121/6
[22/8/2012 10:9:13] [Warning - IOMap::loadMap] Movable item in house: 518, item type: 2741, pos 1073/1129/6
[22/8/2012 10:9:14] Duplicate uniqueId 6401
[22/8/2012 10:9:14] Duplicate uniqueId 6401
[22/8/2012 10:9:17] Duplicate uniqueId 6401
[22/8/2012 10:9:17] Duplicate uniqueId 6401
[22/8/2012 10:9:17] Duplicate uniqueId 6401
[22/8/2012 10:9:17] Duplicate uniqueId 6401
[22/8/2012 10:9:21] Duplicate uniqueId 6401
[22/8/2012 10:9:21] Duplicate uniqueId 6401
[22/8/2012 10:9:23] Duplicate uniqueId 2004
[22/8/2012 10:9:23] Duplicate uniqueId 2005
[22/8/2012 10:9:23] Duplicate uniqueId 2006
[22/8/2012 10:9:23] Duplicate uniqueId 2007
[22/8/2012 10:9:27] Duplicate uniqueId 6401
[22/8/2012 10:9:27] Duplicate uniqueId 6401
[22/8/2012 10:9:27] Duplicate uniqueId 6401
[22/8/2012 10:9:28] Duplicate uniqueId 6400
[22/8/2012 10:9:28] Duplicate uniqueId 6401
[22/8/2012 10:9:29] Duplicate uniqueId 2056
[22/8/2012 10:9:29] Duplicate uniqueId 2057
[22/8/2012 10:9:29] Duplicate uniqueId 2058
[22/8/2012 10:9:29] Duplicate uniqueId 2051
[22/8/2012 10:9:29] Duplicate uniqueId 2052
[22/8/2012 10:9:29] Duplicate uniqueId 2053
[22/8/2012 10:9:29] Duplicate uniqueId 2054
[22/8/2012 10:9:29] > Map loading time: 22.183 seconds.
[22/8/2012 10:9:30] [Spawn::addMonster] Cannot find "Butterfly"
[22/8/2012 10:9:30] [Spawn::addMonster] Cannot find "Butterfly"
[22/8/2012 10:9:30] > Data parsing time: 1.24 seconds.
[22/8/2012 10:9:47] > Houses synchronization time: 16.703 seconds.
[22/8/2012 10:9:47] > Content unserialization time: 0.125 seconds.
[22/8/2012 10:9:47] >> Checking world type... Open PvP
[22/8/2012 10:9:47] >> Initializing game state and binding services...
[22/8/2012 10:9:49] > Global IP address: 184.173.128.212
[22/8/2012 10:9:49] > Bound ports: 7577	7578	9215	
[22/8/2012 10:9:49] >> Everything smells good, server is starting up...
[22/8/2012 10:9:49] >> DOS EMERGENCY]UEltraX[22/8/2012 10:9:49] >> DOS EMERGENCY]UEltraX

[22/8/2012 11:3:32] [Error - NpcScript Interface] 
[22/8/2012 11:3:32] (Unknown script file)
[22/8/2012 11:3:32] Description: 
[22/8/2012 11:3:32] attempt to call a nil value
[22/8/2012 11:3:32] stack traceback:
[22/8/2012 11:3:32] 	[C]: in function 'closeShopWindow'
[22/8/2012 11:3:32] 	data/npc/lib/npcsystem/npchandler.lua:225: in function 'releaseFocus'
[22/8/2012 11:3:32] 	data/npc/lib/npcsystem/npchandler.lua:591: in function 'onWalkAway'
[22/8/2012 11:3:32] 	data/npc/lib/npcsystem/npchandler.lua:523: in function 'onThink'
[22/8/2012 11:3:32] 	data/npc/scripts/game/default.lua:9: in function <data/npc/scripts/game/default.lua:9>
[22/8/2012 11:11:5] > Saving server...
[22/8/2012 11:11:8] > SAVE: Complete in 3.172 seconds using binary-tilebased house storage.

[22/8/2012 11:35:47] [Error - NpcScript Interface] 
[22/8/2012 11:35:47] (Unknown script file)
[22/8/2012 11:35:47] Description: 
[22/8/2012 11:35:47] attempt to call a nil value
[22/8/2012 11:35:47] stack traceback:

[22/8/2012 11:48:50] [Error - NpcScript Interface] 
[22/8/2012 11:48:50] (Unknown script file)
[22/8/2012 11:48:50] Description: 
[22/8/2012 11:48:50] attempt to call a nil value
[22/8/2012 11:48:50] stack traceback:

[22/8/2012 12:10:29] [Error - NpcScript Interface] 
[22/8/2012 12:10:29] (Unknown script file)
[22/8/2012 12:10:29] Description: 
[22/8/2012 12:10:29] attempt to call a nil value
[22/8/2012 12:10:29] stack traceback:
[22/8/2012 12:11:5] > Saving server...
[22/8/2012 12:11:9] > SAVE: Complete in 4.323 seconds using binary-tilebased house storage.

[22/8/2012 12:54:35] [Error - Spell Interface] 
[22/8/2012 12:54:35] In a callback: data/spells/scripts/summon/undead_legion.lua:onTargetCorpse
[22/8/2012 12:54:35] (Unknown script file)
[22/8/2012 12:54:35] Description: 
[22/8/2012 12:54:35] data/spells/scripts/summon/undead_legion.lua:13: attempt to call global 'doPlayerSummonCreature' (a nil value)
[22/8/2012 12:54:35] stack traceback:
[22/8/2012 12:54:35] 	data/spells/scripts/summon/undead_legion.lua:13: in function <data/spells/scripts/summon/undead_legion.lua:7>
[22/8/2012 12:54:35] 	[C]: in function 'doCombat'
[22/8/2012 12:54:35] 	data/spells/scripts/summon/undead_legion.lua:19: in function <data/spells/scripts/summon/undead_legion.lua:18>

[22/8/2012 12:54:35] [Error - Spell Interface] 
[22/8/2012 12:54:35] In a callback: data/spells/scripts/summon/undead_legion.lua:onTargetCorpse
[22/8/2012 12:54:35] (Unknown script file)
[22/8/2012 12:54:35] Description: 
[22/8/2012 12:54:35] data/spells/scripts/summon/undead_legion.lua:13: attempt to call global 'doPlayerSummonCreature' (a nil value)
[22/8/2012 12:54:35] stack traceback:
[22/8/2012 12:54:35] 	data/spells/scripts/summon/undead_legion.lua:13: in function <data/spells/scripts/summon/undead_legion.lua:7>
[22/8/2012 12:54:35] 	[C]: in function 'doCombat'
[22/8/2012 12:54:35] 	data/spells/scripts/summon/undead_legion.lua:19: in function <data/spells/scripts/summon/undead_legion.lua:18>

[22/8/2012 12:54:38] [Error - Spell Interface] 
[22/8/2012 12:54:38] In a callback: data/spells/scripts/summon/undead_legion.lua:onTargetCorpse
[22/8/2012 12:54:38] (Unknown script file)
[22/8/2012 12:54:38] Description: 
[22/8/2012 12:54:38] data/spells/scripts/summon/undead_legion.lua:13: attempt to call global 'doPlayerSummonCreature' (a nil value)
[22/8/2012 12:54:38] stack traceback:
[22/8/2012 12:54:38] 	data/spells/scripts/summon/undead_legion.lua:13: in function <data/spells/scripts/summon/undead_legion.lua:7>
[22/8/2012 12:54:38] 	[C]: in function 'doCombat'
[22/8/2012 12:54:38] 	data/spells/scripts/summon/undead_legion.lua:19: in function <data/spells/scripts/summon/undead_legion.lua:18>

[22/8/2012 12:54:38] [Error - Spell Interface] 
[22/8/2012 12:54:38] In a callback: data/spells/scripts/summon/undead_legion.lua:onTargetCorpse
[22/8/2012 12:54:38] (Unknown script file)
[22/8/2012 12:54:38] Description: 
[22/8/2012 12:54:38] data/spells/scripts/summon/undead_legion.lua:13: attempt to call global 'doPlayerSummonCreature' (a nil value)
[22/8/2012 12:54:38] stack traceback:
[22/8/2012 12:54:38] 	data/spells/scripts/summon/undead_legion.lua:13: in function <data/spells/scripts/summon/undead_legion.lua:7>
[22/8/2012 12:54:38] 	[C]: in function 'doCombat'
[22/8/2012 12:54:38] 	data/spells/scripts/summon/undead_legion.lua:19: in function <data/spells/scripts/summon/undead_legion.lua:18>

[22/8/2012 12:55:9] [Error - Action Interface] 
[22/8/2012 12:55:9] data/actions/scripts/tools/pick.lua:onUse
[22/8/2012 12:55:9] Description: 
[22/8/2012 12:55:9] (luaGetThingFromPos) Tile not found
[22/8/2012 13:11:5] > Saving server...
[22/8/2012 13:11:11] > SAVE: Complete in 6.603 seconds using binary-tilebased house storage.

[22/8/2012 13:13:16] [Error - NpcScript Interface] 
[22/8/2012 13:13:16] (Unknown script file)
[22/8/2012 13:13:16] Description: 
[22/8/2012 13:13:16] attempt to call a nil value
[22/8/2012 13:13:16] stack traceback:
[22/8/2012 13:13:16] 	[C]: in function 'closeShopWindow'
[22/8/2012 13:13:16] 	data/npc/lib/npcsystem/npchandler.lua:225: in function 'releaseFocus'
[22/8/2012 13:13:16] 	data/npc/lib/npcsystem/npchandler.lua:591: in function 'onWalkAway'
[22/8/2012 13:13:16] 	data/npc/lib/npcsystem/npchandler.lua:523: in function 'onThink'
[22/8/2012 13:13:16] 	data/npc/scripts/game/rashid.lua:9: in function <data/npc/scripts/game/rashid.lua:9>

[22/8/2012 13:15:47] [Error - NpcScript Interface] 
[22/8/2012 13:15:47] (Unknown script file)
[22/8/2012 13:15:47] Description: 
[22/8/2012 13:15:47] attempt to call a nil value
[22/8/2012 13:15:47] stack traceback:

[22/8/2012 13:26:54] [Error - NpcScript Interface] 
[22/8/2012 13:26:54] (Unknown script file)
[22/8/2012 13:26:54] Description: 
[22/8/2012 13:26:54] attempt to call a nil value
[22/8/2012 13:26:54] stack traceback:

[22/8/2012 13:30:15] [Error - NpcScript Interface] 
[22/8/2012 13:30:15] (Unknown script file)
[22/8/2012 13:30:15] Description: 
[22/8/2012 13:30:15] attempt to call a nil value
[22/8/2012 13:30:15] stack traceback:
[22/8/2012 13:30:15] 	[C]: in function 'closeShopWindow'
[22/8/2012 13:30:15] 	data/npc/lib/npcsystem/npchandler.lua:225: in function 'releaseFocus'
[22/8/2012 13:30:15] 	data/npc/lib/npcsystem/npchandler.lua:591: in function 'onWalkAway'
[22/8/2012 13:30:15] 	data/npc/lib/npcsystem/npchandler.lua:523: in function 'onThink'
[22/8/2012 13:30:15] 	data/npc/scripts/game/default.lua:9: in function <data/npc/scripts/game/default.lua:9>

[22/8/2012 13:44:23] [Error - NpcScript Interface] 
[22/8/2012 13:44:23] (Unknown script file)
[22/8/2012 13:44:23] Description: 
[22/8/2012 13:44:23] attempt to call a nil value
[22/8/2012 13:44:23] stack traceback:
[22/8/2012 13:44:23] 	[C]: in function 'closeShopWindow'
[22/8/2012 13:44:23] 	data/npc/lib/npcsystem/npchandler.lua:225: in function 'releaseFocus'
[22/8/2012 13:44:23] 	data/npc/lib/npcsystem/npchandler.lua:591: in function 'onWalkAway'
[22/8/2012 13:44:23] 	data/npc/lib/npcsystem/npchandler.lua:523: in function 'onThink'
[22/8/2012 13:44:23] 	data/npc/scripts/game/bless/bless4.lua:9: in function <data/npc/scripts/game/bless/bless4.lua:9>

[22/8/2012 13:50:10] [Error - Action Interface] 
[22/8/2012 13:50:10] data/actions/scripts/tools/rope.lua:onUse
[22/8/2012 13:50:10] Description: 
[22/8/2012 13:50:10] (luaGetThingFromPos) Tile not found

[22/8/2012 14:7:50] [Error - NpcScript Interface] 
[22/8/2012 14:7:50] (Unknown script file)
[22/8/2012 14:7:50] Description: 
[22/8/2012 14:7:50] attempt to call a nil value
[22/8/2012 14:7:50] stack traceback:
[22/8/2012 14:11:5] > Saving server...
[22/8/2012 14:11:11] > SAVE: Complete in 6.368 seconds using binary-tilebased house storage.

[22/8/2012 14:12:39] [Error - NpcScript Interface] 
[22/8/2012 14:12:39] (Unknown script file)
[22/8/2012 14:12:39] Description: 
[22/8/2012 14:12:39] attempt to call a nil value
[22/8/2012 14:12:39] stack traceback:
[22/8/2012 14:12:39] 	[C]: in function 'closeShopWindow'
[22/8/2012 14:12:39] 	data/npc/lib/npcsystem/npchandler.lua:225: in function 'releaseFocus'
[22/8/2012 14:12:39] 	data/npc/lib/npcsystem/npchandler.lua:591: in function 'onWalkAway'
[22/8/2012 14:12:39] 	data/npc/lib/npcsystem/npchandler.lua:523: in function 'onThink'
[22/8/2012 14:12:39] 	data/npc/scripts/game/default.lua:9: in function <data/npc/scripts/game/default.lua:9>

[22/8/2012 14:26:32] [Error - NpcScript Interface] 
[22/8/2012 14:26:32] (Unknown script file)
[22/8/2012 14:26:32] Description: 
[22/8/2012 14:26:32] attempt to call a nil value
[22/8/2012 14:26:32] stack traceback:

[22/8/2012 15:9:25] [Error - NpcScript Interface] 
[22/8/2012 15:9:25] (Unknown script file)
[22/8/2012 15:9:25] Description: 
[22/8/2012 15:9:25] attempt to call a nil value
[22/8/2012 15:9:25] stack traceback:
[22/8/2012 15:9:25] 	[C]: in function 'closeShopWindow'
[22/8/2012 15:9:25] 	data/npc/lib/npcsystem/npchandler.lua:225: in function 'releaseFocus'
[22/8/2012 15:9:25] 	data/npc/lib/npcsystem/npchandler.lua:591: in function 'onWalkAway'
[22/8/2012 15:9:25] 	data/npc/lib/npcsystem/npchandler.lua:523: in function 'onThink'
[22/8/2012 15:9:25] 	data/npc/scripts/game/rashid.lua:9: in function <data/npc/scripts/game/rashid.lua:9>
[22/8/2012 15:11:5] > Saving server...
[22/8/2012 15:11:11] > SAVE: Complete in 6.159 seconds using binary-tilebased house storage.

[22/8/2012 15:23:45] [Error - NpcScript Interface] 
[22/8/2012 15:23:45] (Unknown script file)
[22/8/2012 15:23:45] Description: 
[22/8/2012 15:23:45] attempt to call a nil value
[22/8/2012 15:23:45] stack traceback:
[22/8/2012 15:23:45] 	[C]: in function 'closeShopWindow'
[22/8/2012 15:23:45] 	data/npc/lib/npcsystem/npchandler.lua:225: in function 'releaseFocus'
[22/8/2012 15:23:45] 	data/npc/lib/npcsystem/npchandler.lua:591: in function 'onWalkAway'
[22/8/2012 15:23:45] 	data/npc/lib/npcsystem/npchandler.lua:523: in function 'onThink'
[22/8/2012 15:23:45] 	data/npc/scripts/game/blacksmith.lua:9: in function <data/npc/scripts/game/blacksmith.lua:9>

[22/8/2012 15:36:4] [Error - Action Interface] 
[22/8/2012 15:36:4] data/actions/scripts/tools/rope.lua:onUse
[22/8/2012 15:36:4] Description: 
[22/8/2012 15:36:4] (luaGetThingFromPos) Tile not found

[22/8/2012 15:36:6] [Error - Action Interface] 
[22/8/2012 15:36:6] data/actions/scripts/tools/rope.lua:onUse
[22/8/2012 15:36:6] Description: 
[22/8/2012 15:36:6] (luaGetThingFromPos) Tile not found

[22/8/2012 15:36:9] [Error - Action Interface] 
[22/8/2012 15:36:9] data/actions/scripts/tools/rope.lua:onUse
[22/8/2012 15:36:9] Description: 
[22/8/2012 15:36:9] (luaGetThingFromPos) Tile not found

[22/8/2012 15:36:12] [Error - Action Interface] 
[22/8/2012 15:36:12] data/actions/scripts/tools/rope.lua:onUse
[22/8/2012 15:36:12] Description: 
[22/8/2012 15:36:12] (luaGetThingFromPos) Tile not found

[22/8/2012 15:36:14] [Error - Action Interface] 
[22/8/2012 15:36:14] data/actions/scripts/tools/rope.lua:onUse
[22/8/2012 15:36:14] Description: 
[22/8/2012 15:36:14] (luaGetThingFromPos) Tile not found

[22/8/2012 15:36:16] [Error - Action Interface] 
[22/8/2012 15:36:16] data/actions/scripts/tools/rope.lua:onUse
[22/8/2012 15:36:16] Description: 
[22/8/2012 15:36:16] (luaGetThingFromPos) Tile not found

[22/8/2012 15:40:50] [Error - NpcScript Interface] 
[22/8/2012 15:40:50] (Unknown script file)
[22/8/2012 15:40:50] Description: 
[22/8/2012 15:40:50] attempt to call a nil value
[22/8/2012 15:40:50] stack traceback:

[22/8/2012 15:42:57] [Error - Spell Interface] 
[22/8/2012 15:42:57] data/spells/scripts/support/destroy_field_rune.lua:onCastSpell
[22/8/2012 15:42:57] Description: 
[22/8/2012 15:42:57] (luaDoRemoveItem) Item not found

[22/8/2012 15:43:16] [Error - Action Interface] 
[22/8/2012 15:43:16] data/actions/scripts/tools/pick.lua:onUse
[22/8/2012 15:43:16] Description: 
[22/8/2012 15:43:16] (luaGetThingFromPos) Tile not found

[22/8/2012 15:48:22] [Error - NpcScript Interface] 
[22/8/2012 15:48:22] (Unknown script file)
[22/8/2012 15:48:22] Description: 
[22/8/2012 15:48:22] attempt to call a nil value
[22/8/2012 15:48:22] stack traceback:
[22/8/2012 15:48:22] 	[C]: in function 'closeShopWindow'
[22/8/2012 15:48:22] 	data/npc/lib/npcsystem/npchandler.lua:225: in function 'releaseFocus'
[22/8/2012 15:48:22] 	data/npc/lib/npcsystem/npchandler.lua:591: in function 'onWalkAway'
[22/8/2012 15:48:22] 	data/npc/lib/npcsystem/npchandler.lua:523: in function 'onThink'
[22/8/2012 15:48:22] 	data/npc/scripts/game/default.lua:9: in function <data/npc/scripts/game/default.lua:9>
[22/8/2012 15:54:49] > Broadcasted message: "A terra treme em Quendor. Alerta vermelho!".
[22/8/2012 15:55:49] > Broadcasted message: "Rotworms! Estas antigas criaturas estão subindo para a planicie novamente!".
[22/8/2012 15:56:29] > Broadcasted message: "Quendor está sob uma infestação de Rotworms!".

[22/8/2012 15:58:30] [Error - NpcScript Interface] 
[22/8/2012 15:58:30] (Unknown script file)
[22/8/2012 15:58:30] Description: 
[22/8/2012 15:58:30] attempt to call a nil value
[22/8/2012 15:58:30] stack traceback:
[22/8/2012 16:11:5] > Saving server...
[22/8/2012 16:11:12] > SAVE: Complete in 7.568 seconds using binary-tilebased house storage.

[22/8/2012 16:22:15] [Error - NpcScript Interface] 
[22/8/2012 16:22:15] (Unknown script file)
[22/8/2012 16:22:15] Description: 
[22/8/2012 16:22:15] attempt to call a nil value
[22/8/2012 16:22:15] stack traceback:

[22/8/2012 16:24:9] [Error - NpcScript Interface] 
[22/8/2012 16:24:9] (Unknown script file)
[22/8/2012 16:24:9] Description: 
[22/8/2012 16:24:9] attempt to call a nil value
[22/8/2012 16:24:9] stack traceback:

[22/8/2012 16:28:12] [Error - Spell Interface] 
[22/8/2012 16:28:12] data/spells/scripts/support/desintegrate_rune.lua:onCastSpell
[22/8/2012 16:28:12] Description: 
[22/8/2012 16:28:12] data/spells/scripts/support/desintegrate_rune.lua:13: attempt to call global 'doCleanTileItemsByPos' (a nil value)
[22/8/2012 16:28:12] stack traceback:
[22/8/2012 16:28:12] 	data/spells/scripts/support/desintegrate_rune.lua:13: in function <data/spells/scripts/support/desintegrate_rune.lua:5>

[22/8/2012 16:28:14] [Error - Spell Interface] 
[22/8/2012 16:28:14] data/spells/scripts/support/desintegrate_rune.lua:onCastSpell
[22/8/2012 16:28:14] Description: 
[22/8/2012 16:28:14] data/spells/scripts/support/desintegrate_rune.lua:13: attempt to call global 'doCleanTileItemsByPos' (a nil value)
[22/8/2012 16:28:14] stack traceback:
[22/8/2012 16:28:14] 	data/spells/scripts/support/desintegrate_rune.lua:13: in function <data/spells/scripts/support/desintegrate_rune.lua:5>

[22/8/2012 16:30:25] [Error - NpcScript Interface] 
[22/8/2012 16:30:25] (Unknown script file)
[22/8/2012 16:30:25] Description: 
[22/8/2012 16:30:25] attempt to call a nil value
[22/8/2012 16:30:25] stack traceback:
[22/8/2012 16:30:25] 	[C]: in function 'closeShopWindow'
[22/8/2012 16:30:25] 	data/npc/lib/npcsystem/npchandler.lua:225: in function 'releaseFocus'
[22/8/2012 16:30:25] 	data/npc/lib/npcsystem/npchandler.lua:591: in function 'onWalkAway'
[22/8/2012 16:30:25] 	data/npc/lib/npcsystem/npchandler.lua:523: in function 'onThink'
[22/8/2012 16:30:25] 	data/npc/scripts/game/default.lua:9: in function <data/npc/scripts/game/default.lua:9>

[22/8/2012 16:42:54] [Error - NpcScript Interface] 
[22/8/2012 16:42:54] (Unknown script file)
[22/8/2012 16:42:54] Description: 
[22/8/2012 16:42:54] attempt to call a nil value
[22/8/2012 16:42:54] stack traceback:

[22/8/2012 16:50:14] [Error - NpcScript Interface] 
[22/8/2012 16:50:14] (Unknown script file)
[22/8/2012 16:50:14] Description: 
[22/8/2012 16:50:14] attempt to call a nil value
[22/8/2012 16:50:14] stack traceback:
[22/8/2012 16:50:14] 	[C]: in function 'closeShopWindow'
[22/8/2012 16:50:14] 	data/npc/lib/npcsystem/npchandler.lua:225: in function 'releaseFocus'
[22/8/2012 16:50:14] 	data/npc/lib/npcsystem/npchandler.lua:591: in function 'onWalkAway'
[22/8/2012 16:50:14] 	data/npc/lib/npcsystem/npchandler.lua:523: in function 'onThink'
[22/8/2012 16:50:14] 	data/npc/scripts/game/default.lua:9: in function <data/npc/scripts/game/default.lua:9>

[22/8/2012 17:4:50] [Error - NpcScript Interface] 
[22/8/2012 17:4:50] (Unknown script file)
[22/8/2012 17:4:50] Description: 
[22/8/2012 17:4:50] attempt to call a nil value
[22/8/2012 17:4:50] stack traceback:
[22/8/2012 17:11:5] > Saving server...
[22/8/2012 17:11:12] > SAVE: Complete in 7.586 seconds using binary-tilebased house storage.

[22/8/2012 17:13:39] [Error - NpcScript Interface] 
[22/8/2012 17:13:39] (Unknown script file)
[22/8/2012 17:13:39] Description: 
[22/8/2012 17:13:39] attempt to call a nil value
[22/8/2012 17:13:39] stack traceback:

[22/8/2012 17:22:59] [Error - NpcScript Interface] 
[22/8/2012 17:22:59] (Unknown script file)
[22/8/2012 17:22:59] Description: 
[22/8/2012 17:22:59] attempt to call a nil value
[22/8/2012 17:22:59] stack traceback:

[22/8/2012 17:35:40] [Error - NpcScript Interface] 
[22/8/2012 17:35:40] (Unknown script file)
[22/8/2012 17:35:40] Description: 
[22/8/2012 17:35:40] attempt to call a nil value
[22/8/2012 17:35:40] stack traceback:
[22/8/2012 17:35:40] 	[C]: in function 'closeShopWindow'
[22/8/2012 17:35:40] 	data/npc/lib/npcsystem/npchandler.lua:225: in function 'releaseFocus'
[22/8/2012 17:35:40] 	data/npc/lib/npcsystem/npchandler.lua:591: in function 'onWalkAway'
[22/8/2012 17:35:40] 	data/npc/lib/npcsystem/npchandler.lua:523: in function 'onThink'
[22/8/2012 17:35:40] 	data/npc/scripts/game/default.lua:9: in function <data/npc/scripts/game/default.lua:9>
[22/8/2012 17:39:22] [Warning - Protocol::RSA_decrypt] Not valid packet size (IP: 189.46.48.48)
[22/8/2012 17:40:15] [Warning - Protocol::RSA_decrypt] Not valid packet size (IP: 189.46.48.48)

[22/8/2012 17:40:46] [Error - NpcScript Interface] 
[22/8/2012 17:40:46] (Unknown script file)
[22/8/2012 17:40:46] Description: 
[22/8/2012 17:40:46] attempt to call a nil value
[22/8/2012 17:40:46] stack traceback:

[22/8/2012 17:51:32] [Error - NpcScript Interface] 
[22/8/2012 17:51:32] (Unknown script file)
[22/8/2012 17:51:32] Description: 
[22/8/2012 17:51:32] attempt to call a nil value
[22/8/2012 17:51:32] stack traceback:
[22/8/2012 17:51:32] 	[C]: in function 'closeShopWindow'
[22/8/2012 17:51:32] 	data/npc/lib/npcsystem/npchandler.lua:225: in function 'releaseFocus'
[22/8/2012 17:51:32] 	data/npc/lib/npcsystem/npchandler.lua:591: in function 'onWalkAway'
[22/8/2012 17:51:32] 	data/npc/lib/npcsystem/npchandler.lua:523: in function 'onThink'
[22/8/2012 17:51:32] 	data/npc/scripts/game/default.lua:9: in function <data/npc/scripts/game/default.lua:9>

[22/8/2012 17:51:33] [Error - NpcScript Interface] 
[22/8/2012 17:51:33] (Unknown script file)
[22/8/2012 17:51:33] Description: 
[22/8/2012 17:51:33] attempt to call a nil value
[22/8/2012 17:51:33] stack traceback:
[22/8/2012 17:51:33] 	[C]: in function 'closeShopWindow'
[22/8/2012 17:51:33] 	data/npc/lib/npcsystem/npchandler.lua:225: in function 'releaseFocus'
[22/8/2012 17:51:33] 	data/npc/lib/npcsystem/npchandler.lua:591: in function 'onWalkAway'
[22/8/2012 17:51:33] 	data/npc/lib/npcsystem/npchandler.lua:523: in function 'onThink'
[22/8/2012 17:51:33] 	data/npc/scripts/game/default.lua:9: in function <data/npc/scripts/game/default.lua:9>

[22/8/2012 17:51:35] [Error - NpcScript Interface] 
[22/8/2012 17:51:35] (Unknown script file)
[22/8/2012 17:51:35] Description: 
[22/8/2012 17:51:35] attempt to call a nil value
[22/8/2012 17:51:35] stack traceback:
[22/8/2012 17:51:35] 	[C]: in function 'closeShopWindow'
[22/8/2012 17:51:35] 	data/npc/lib/npcsystem/npchandler.lua:225: in function 'releaseFocus'
[22/8/2012 17:51:35] 	data/npc/lib/npcsystem/npchandler.lua:591: in function 'onWalkAway'
[22/8/2012 17:51:35] 	data/npc/lib/npcsystem/npchandler.lua:523: in function 'onThink'
[22/8/2012 17:51:35] 	data/npc/scripts/game/blacksmith.lua:9: in function <data/npc/scripts/game/blacksmith.lua:9>

[22/8/2012 17:56:26] [Error - NpcScript Interface] 
[22/8/2012 17:56:26] (Unknown script file)
[22/8/2012 17:56:26] Description: 
[22/8/2012 17:56:26] attempt to call a nil value
[22/8/2012 17:56:26] stack traceback:
[22/8/2012 17:56:26] 	[C]: in function 'closeShopWindow'
[22/8/2012 17:56:26] 	data/npc/lib/npcsystem/npchandler.lua:225: in function 'releaseFocus'
[22/8/2012 17:56:26] 	data/npc/lib/npcsystem/npchandler.lua:591: in function 'onWalkAway'
[22/8/2012 17:56:26] 	data/npc/lib/npcsystem/npchandler.lua:523: in function 'onThink'
[22/8/2012 17:56:26] 	data/npc/scripts/game/default.lua:9: in function <data/npc/scripts/game/default.lua:9>

[22/8/2012 18:7:38] [Error - NpcScript Interface] 
[22/8/2012 18:7:38] (Unknown script file)
[22/8/2012 18:7:38] Description: 
[22/8/2012 18:7:38] attempt to call a nil value
[22/8/2012 18:7:38] stack traceback:

[22/8/2012 18:10:28] [Error - NpcScript Interface] 
[22/8/2012 18:10:28] (Unknown script file)
[22/8/2012 18:10:28] Description: 
[22/8/2012 18:10:28] attempt to call a nil value
[22/8/2012 18:10:28] stack traceback:
[22/8/2012 18:11:5] > Saving server...
[22/8/2012 18:11:13] > SAVE: Complete in 8.308 seconds using binary-tilebased house storage.

[22/8/2012 18:51:20] [Error - NpcScript Interface] 
[22/8/2012 18:51:20] (Unknown script file)
[22/8/2012 18:51:20] Description: 
[22/8/2012 18:51:20] attempt to call a nil value
[22/8/2012 18:51:20] stack traceback:

[22/8/2012 18:52:30] [Error - NpcScript Interface] 
[22/8/2012 18:52:30] (Unknown script file)
[22/8/2012 18:52:30] Description: 
[22/8/2012 18:52:30] attempt to call a nil value
[22/8/2012 18:52:30] stack traceback:
[22/8/2012 18:52:30] 	[C]: in function 'closeShopWindow'
[22/8/2012 18:52:30] 	data/npc/lib/npcsystem/npchandler.lua:225: in function 'releaseFocus'
[22/8/2012 18:52:30] 	data/npc/lib/npcsystem/npchandler.lua:591: in function 'onWalkAway'
[22/8/2012 18:52:30] 	data/npc/lib/npcsystem/npchandler.lua:523: in function 'onThink'
[22/8/2012 18:52:30] 	data/npc/scripts/game/default.lua:9: in function <data/npc/scripts/game/default.lua:9>

[22/8/2012 18:59:22] [Error - NpcScript Interface] 
[22/8/2012 18:59:22] (Unknown script file)
[22/8/2012 18:59:22] Description: 
[22/8/2012 18:59:22] attempt to call a nil value
[22/8/2012 18:59:22] stack traceback:

[22/8/2012 19:2:26] [Error - NpcScript Interface] 
[22/8/2012 19:2:26] (Unknown script file)
[22/8/2012 19:2:26] Description: 
[22/8/2012 19:2:26] attempt to call a nil value
[22/8/2012 19:2:26] stack traceback:
[22/8/2012 19:2:26] 	[C]: ?

[22/8/2012 19:8:55] [Error - NpcScript Interface] 
[22/8/2012 19:8:55] (Unknown script file)
[22/8/2012 19:8:55] Description: 
[22/8/2012 19:8:55] attempt to call a nil value
[22/8/2012 19:8:55] stack traceback:
[22/8/2012 19:8:55] 	[C]: ?
[22/8/2012 19:11:5] > Saving server...
[22/8/2012 19:11:13] > SAVE: Complete in 8.01 seconds using binary-tilebased house storage.

[22/8/2012 19:11:21] [Error - NpcScript Interface] 
[22/8/2012 19:11:21] (Unknown script file)
[22/8/2012 19:11:21] Description: 
[22/8/2012 19:11:21] attempt to call a nil value
[22/8/2012 19:11:21] stack traceback:
[22/8/2012 19:11:21] 	[C]: in function 'closeShopWindow'
[22/8/2012 19:11:21] 	data/npc/lib/npcsystem/npchandler.lua:225: in function 'releaseFocus'
[22/8/2012 19:11:21] 	data/npc/lib/npcsystem/npchandler.lua:591: in function 'onWalkAway'
[22/8/2012 19:11:21] 	data/npc/lib/npcsystem/npchandler.lua:523: in function 'onThink'
[22/8/2012 19:11:21] 	data/npc/scripts/game/default.lua:9: in function <data/npc/scripts/game/default.lua:9>

[22/8/2012 19:15:23] [Error - NpcScript Interface] 
[22/8/2012 19:15:23] (Unknown script file)
[22/8/2012 19:15:23] Description: 
[22/8/2012 19:15:23] attempt to call a nil value
[22/8/2012 19:15:23] stack traceback:
[22/8/2012 19:15:23] 	[C]: ?

[22/8/2012 19:17:33] [Error - NpcScript Interface] 
[22/8/2012 19:17:33] (Unknown script file)
[22/8/2012 19:17:33] Description: 
[22/8/2012 19:17:33] attempt to call a nil value
[22/8/2012 19:17:33] stack traceback:
[22/8/2012 19:17:33] 	[C]: ?

[22/8/2012 19:18:7] [Error - NpcScript Interface] 
[22/8/2012 19:18:7] (Unknown script file)
[22/8/2012 19:18:7] Description: 
[22/8/2012 19:18:7] attempt to call a nil value
[22/8/2012 19:18:7] stack traceback:

[22/8/2012 19:19:11] [Error - NpcScript Interface] 
[22/8/2012 19:19:11] (Unknown script file)
[22/8/2012 19:19:11] Description: 
[22/8/2012 19:19:11] attempt to call a nil value
[22/8/2012 19:19:11] stack traceback:
[22/8/2012 19:19:11] 	[C]: in function 'closeShopWindow'
[22/8/2012 19:19:11] 	data/npc/lib/npcsystem/npchandler.lua:225: in function 'releaseFocus'
[22/8/2012 19:19:11] 	data/npc/lib/npcsystem/npchandler.lua:591: in function 'onWalkAway'
[22/8/2012 19:19:11] 	data/npc/lib/npcsystem/npchandler.lua:523: in function 'onThink'
[22/8/2012 19:19:11] 	data/npc/scripts/game/blacksmith.lua:9: in function <data/npc/scripts/game/blacksmith.lua:9>

[22/8/2012 19:22:48] [Error - NpcScript Interface] 
[22/8/2012 19:22:48] (Unknown script file)
[22/8/2012 19:22:48] Description: 
[22/8/2012 19:22:48] attempt to call a nil value
[22/8/2012 19:22:48] stack traceback:

[22/8/2012 19:23:29] [Error - NpcScript Interface] 
[22/8/2012 19:23:29] (Unknown script file)
[22/8/2012 19:23:29] Description: 
[22/8/2012 19:23:29] attempt to call a nil value
[22/8/2012 19:23:29] stack traceback:
[22/8/2012 19:23:29] 	[C]: in function 'closeShopWindow'
[22/8/2012 19:23:29] 	data/npc/lib/npcsystem/npchandler.lua:225: in function 'releaseFocus'
[22/8/2012 19:23:29] 	data/npc/lib/npcsystem/npchandler.lua:591: in function 'onWalkAway'
[22/8/2012 19:23:29] 	data/npc/lib/npcsystem/npchandler.lua:523: in function 'onThink'
[22/8/2012 19:23:29] 	data/npc/scripts/game/default.lua:9: in function <data/npc/scripts/game/default.lua:9>

[22/8/2012 19:25:45] [Error - NpcScript Interface] 
[22/8/2012 19:25:45] (Unknown script file)
[22/8/2012 19:25:45] Description: 
[22/8/2012 19:25:45] attempt to call a nil value
[22/8/2012 19:25:45] stack traceback:
[22/8/2012 19:25:45] 	[C]: in function 'closeShopWindow'
[22/8/2012 19:25:45] 	data/npc/lib/npcsystem/npchandler.lua:225: in function 'releaseFocus'
[22/8/2012 19:25:45] 	data/npc/lib/npcsystem/npchandler.lua:591: in function 'onWalkAway'
[22/8/2012 19:25:45] 	data/npc/lib/npcsystem/npchandler.lua:523: in function 'onThink'
[22/8/2012 19:25:45] 	data/npc/scripts/game/default.lua:9: in function <data/npc/scripts/game/default.lua:9>
[22/8/2012 19:32:32] [Warning - Protocol::RSA_decrypt] Not valid packet size (IP: 187.32.85.65)

[22/8/2012 19:36:45] [Error - NpcScript Interface] 
[22/8/2012 19:36:45] (Unknown script file)
[22/8/2012 19:36:45] Description: 
[22/8/2012 19:36:45] attempt to call a nil value
[22/8/2012 19:36:45] stack traceback:

[22/8/2012 19:42:34] [Error - NpcScript Interface] 
[22/8/2012 19:42:34] (Unknown script file)
[22/8/2012 19:42:34] Description: 
[22/8/2012 19:42:34] attempt to call a nil value
[22/8/2012 19:42:34] stack traceback:

[22/8/2012 19:43:52] [Error - NpcScript Interface] 
[22/8/2012 19:43:52] (Unknown script file)
[22/8/2012 19:43:52] Description: 
[22/8/2012 19:43:52] attempt to call a nil value
[22/8/2012 19:43:52] stack traceback:

[22/8/2012 19:52:23] [Error - NpcScript Interface] 
[22/8/2012 19:52:23] (Unknown script file)
[22/8/2012 19:52:23] Description: 
[22/8/2012 19:52:23] attempt to call a nil value
[22/8/2012 19:52:23] stack traceback:
[22/8/2012 19:52:23] 	[C]: in function 'closeShopWindow'
[22/8/2012 19:52:23] 	data/npc/lib/npcsystem/npchandler.lua:225: in function 'releaseFocus'
[22/8/2012 19:52:23] 	data/npc/lib/npcsystem/npchandler.lua:591: in function 'onWalkAway'
[22/8/2012 19:52:23] 	data/npc/lib/npcsystem/npchandler.lua:523: in function 'onThink'
[22/8/2012 19:52:23] 	data/npc/scripts/game/default.lua:9: in function <data/npc/scripts/game/default.lua:9>

[22/8/2012 19:58:47] [Error - NpcScript Interface] 
[22/8/2012 19:58:47] (Unknown script file)
[22/8/2012 19:58:47] Description: 
[22/8/2012 19:58:47] attempt to call a nil value
[22/8/2012 19:58:47] stack traceback:
[22/8/2012 19:58:47] 	[C]: in function 'closeShopWindow'
[22/8/2012 19:58:47] 	data/npc/lib/npcsystem/npchandler.lua:225: in function 'releaseFocus'
[22/8/2012 19:58:47] 	data/npc/lib/npcsystem/npchandler.lua:363: in function 'unGreet'
[22/8/2012 19:58:47] 	data/npc/lib/npcsystem/npchandler.lua:576: in function 'onFarewell'
[22/8/2012 19:58:47] 	data/npc/lib/npcsystem/modules.lua:251: in function 'callback'
[22/8/2012 19:58:47] 	data/npc/lib/npcsystem/keywordhandler.lua:41: in function 'processMessage'
[22/8/2012 19:58:47] 	data/npc/lib/npcsystem/keywordhandler.lua:181: in function 'processNodeMessage'
[22/8/2012 19:58:47] 	data/npc/lib/npcsystem/keywordhandler.lua:140: in function 'processMessage'
[22/8/2012 19:58:47] 	data/npc/lib/npcsystem/npchandler.lua:423: in function 'onCreatureSay'
[22/8/2012 19:58:47] 	data/npc/scripts/game/default.lua:8: in function <data/npc/scripts/game/default.lua:8>
[22/8/2012 20:11:5] > Saving server...
[22/8/2012 20:11:13] > SAVE: Complete in 7.906 seconds using binary-tilebased house storage.

[22/8/2012 20:16:52] [Error - NpcScript Interface] 
[22/8/2012 20:16:52] (Unknown script file)
[22/8/2012 20:16:52] Description: 
[22/8/2012 20:16:52] attempt to call a nil value
[22/8/2012 20:16:52] stack traceback:
[22/8/2012 20:16:52] 	[C]: in function 'closeShopWindow'
[22/8/2012 20:16:52] 	data/npc/lib/npcsystem/npchandler.lua:225: in function 'releaseFocus'
[22/8/2012 20:16:52] 	data/npc/lib/npcsystem/npchandler.lua:591: in function 'onWalkAway'
[22/8/2012 20:16:52] 	data/npc/lib/npcsystem/npchandler.lua:523: in function 'onThink'
[22/8/2012 20:16:52] 	data/npc/scripts/game/default.lua:9: in function <data/npc/scripts/game/default.lua:9>

[22/8/2012 20:25:23] [Error - NpcScript Interface] 
[22/8/2012 20:25:23] (Unknown script file)
[22/8/2012 20:25:23] Description: 
[22/8/2012 20:25:23] attempt to call a nil value
[22/8/2012 20:25:23] stack traceback:

[22/8/2012 20:25:49] [Error - NpcScript Interface] 
[22/8/2012 20:25:49] (Unknown script file)
[22/8/2012 20:25:49] Description: 
[22/8/2012 20:25:49] attempt to call a nil value
[22/8/2012 20:25:49] stack traceback:

[22/8/2012 20:27:4] [Error - NpcScript Interface] 
[22/8/2012 20:27:4] (Unknown script file)
[22/8/2012 20:27:4] Description: 
[22/8/2012 20:27:4] attempt to call a nil value
[22/8/2012 20:27:4] stack traceback:

[22/8/2012 20:32:0] [Error - NpcScript Interface] 
[22/8/2012 20:32:0] (Unknown script file)
[22/8/2012 20:32:0] Description: 
[22/8/2012 20:32:0] attempt to call a nil value
[22/8/2012 20:32:0] stack traceback:

[22/8/2012 20:39:7] [Error - NpcScript Interface] 
[22/8/2012 20:39:7] (Unknown script file)
[22/8/2012 20:39:7] Description: 
[22/8/2012 20:39:7] attempt to call a nil value
[22/8/2012 20:39:7] stack traceback:

[22/8/2012 21:6:38] [Error - NpcScript Interface] 
[22/8/2012 21:6:38] (Unknown script file)
[22/8/2012 21:6:38] Description: 
[22/8/2012 21:6:38] attempt to call a nil value
[22/8/2012 21:6:38] stack traceback:
[22/8/2012 21:11:5] > Saving server...
[22/8/2012 21:11:14] > SAVE: Complete in 8.891 seconds using binary-tilebased house storage.

[22/8/2012 21:15:7] [Error - NpcScript Interface] 
[22/8/2012 21:15:7] (Unknown script file)
[22/8/2012 21:15:7] Description: 
[22/8/2012 21:15:7] attempt to call a nil value
[22/8/2012 21:15:7] stack traceback:

[22/8/2012 21:59:49] [Error - NpcScript Interface] 
[22/8/2012 21:59:49] (Unknown script file)
[22/8/2012 21:59:49] Description: 
[22/8/2012 21:59:49] attempt to call a nil value
[22/8/2012 21:59:49] stack traceback:

[22/8/2012 22:3:48] [Error - NpcScript Interface] 
[22/8/2012 22:3:48] (Unknown script file)
[22/8/2012 22:3:48] Description: 
[22/8/2012 22:3:48] attempt to call a nil value
[22/8/2012 22:3:48] stack traceback:

[22/8/2012 22:5:25] [Error - NpcScript Interface] 
[22/8/2012 22:5:25] (Unknown script file)
[22/8/2012 22:5:25] Description: 
[22/8/2012 22:5:25] attempt to call a nil value
[22/8/2012 22:5:25] stack traceback:
[22/8/2012 22:11:5] > Saving server...
[22/8/2012 22:11:13] > SAVE: Complete in 8.304 seconds using binary-tilebased house storage.

[22/8/2012 22:13:19] [Error - NpcScript Interface] 
[22/8/2012 22:13:19] (Unknown script file)
[22/8/2012 22:13:19] Description: 
[22/8/2012 22:13:19] attempt to call a nil value
[22/8/2012 22:13:19] stack traceback:

[22/8/2012 22:22:17] [Error - NpcScript Interface] 
[22/8/2012 22:22:17] (Unknown script file)
[22/8/2012 22:22:17] Description: 
[22/8/2012 22:22:17] attempt to call a nil value
[22/8/2012 22:22:17] stack traceback:

[22/8/2012 22:53:17] [Error - NpcScript Interface] 
[22/8/2012 22:53:17] (Unknown script file)
[22/8/2012 22:53:17] Description: 
[22/8/2012 22:53:17] attempt to call a nil value
[22/8/2012 22:53:17] stack traceback:
[22/8/2012 22:53:17] 	[C]: in function 'closeShopWindow'
[22/8/2012 22:53:17] 	data/npc/lib/npcsystem/npchandler.lua:225: in function 'releaseFocus'
[22/8/2012 22:53:17] 	data/npc/lib/npcsystem/npchandler.lua:591: in function 'onWalkAway'
[22/8/2012 22:53:17] 	data/npc/lib/npcsystem/npchandler.lua:523: in function 'onThink'
[22/8/2012 22:53:17] 	data/npc/scripts/game/default.lua:9: in function <data/npc/scripts/game/default.lua:9>

[22/8/2012 23:1:32] [Error - NpcScript Interface] 
[22/8/2012 23:1:32] (Unknown script file)
[22/8/2012 23:1:32] Description: 
[22/8/2012 23:1:32] attempt to call a nil value
[22/8/2012 23:1:32] stack traceback:
[22/8/2012 23:4:58] [Warning - Protocol::RSA_decrypt] Not valid packet size (IP: 187.32.225.121)
[22/8/2012 23:11:5] > Saving server...
[22/8/2012 23:11:13] > SAVE: Complete in 8.507 seconds using binary-tilebased house storage.

[22/8/2012 23:11:56] [Error - NpcScript Interface] 
[22/8/2012 23:11:56] (Unknown script file)
[22/8/2012 23:11:56] Description: 
[22/8/2012 23:11:56] attempt to call a nil value
[22/8/2012 23:11:56] stack traceback:
[22/8/2012 23:11:56] 	[C]: in function 'closeShopWindow'
[22/8/2012 23:11:56] 	data/npc/lib/npcsystem/npchandler.lua:225: in function 'releaseFocus'
[22/8/2012 23:11:56] 	data/npc/lib/npcsystem/npchandler.lua:591: in function 'onWalkAway'
[22/8/2012 23:11:56] 	data/npc/lib/npcsystem/npchandler.lua:523: in function 'onThink'
[22/8/2012 23:11:56] 	data/npc/scripts/game/bless/bless4.lua:9: in function <data/npc/scripts/game/bless/bless4.lua:9>

[22/8/2012 23:46:5] [Error - NpcScript Interface] 
[22/8/2012 23:46:5] (Unknown script file)
[22/8/2012 23:46:5] Description: 
[22/8/2012 23:46:5] attempt to call a nil value
[22/8/2012 23:46:5] stack traceback:

[22/8/2012 23:55:57] [Error - NpcScript Interface] 
[22/8/2012 23:55:57] (Unknown script file)
[22/8/2012 23:55:57] Description: 
[22/8/2012 23:55:57] attempt to call a nil value
[22/8/2012 23:55:57] stack traceback:
[22/8/2012 23:55:57] 	[C]: in function 'closeShopWindow'
[22/8/2012 23:55:57] 	data/npc/lib/npcsystem/npchandler.lua:225: in function 'releaseFocus'
[22/8/2012 23:55:57] 	data/npc/lib/npcsystem/npchandler.lua:591: in function 'onWalkAway'
[22/8/2012 23:55:57] 	data/npc/lib/npcsystem/npchandler.lua:523: in function 'onThink'
[22/8/2012 23:55:57] 	data/npc/scripts/game/default.lua:9: in function <data/npc/scripts/game/default.lua:9>

[23/8/2012 0:4:33] [Error - NpcScript Interface] 
[23/8/2012 0:4:33] (Unknown script file)
[23/8/2012 0:4:33] Description: 
[23/8/2012 0:4:33] attempt to call a nil value
[23/8/2012 0:4:33] stack traceback:
[23/8/2012 0:4:33] 	[C]: in function 'closeShopWindow'
[23/8/2012 0:4:33] 	data/npc/lib/npcsystem/npchandler.lua:225: in function 'releaseFocus'
[23/8/2012 0:4:33] 	data/npc/lib/npcsystem/npchandler.lua:591: in function 'onWalkAway'
[23/8/2012 0:4:33] 	data/npc/lib/npcsystem/npchandler.lua:523: in function 'onThink'
[23/8/2012 0:4:33] 	data/npc/scripts/game/default.lua:9: in function <data/npc/scripts/game/default.lua:9>
[23/8/2012 0:11:5] > Saving server...
[23/8/2012 0:11:13] > SAVE: Complete in 7.618 seconds using binary-tilebased house storage.

[23/8/2012 0:21:48] [Error - NpcScript Interface] 
[23/8/2012 0:21:48] (Unknown script file)
[23/8/2012 0:21:48] Description: 
[23/8/2012 0:21:48] attempt to call a nil value
[23/8/2012 0:21:48] stack traceback:

[23/8/2012 0:27:47] [Error - NpcScript Interface] 
[23/8/2012 0:27:47] (Unknown script file)
[23/8/2012 0:27:47] Description: 
[23/8/2012 0:27:47] attempt to call a nil value
[23/8/2012 0:27:47] stack traceback:
[23/8/2012 0:27:47] 	[C]: in function 'closeShopWindow'
[23/8/2012 0:27:47] 	data/npc/lib/npcsystem/npchandler.lua:225: in function 'releaseFocus'
[23/8/2012 0:27:47] 	data/npc/lib/npcsystem/npchandler.lua:591: in function 'onWalkAway'
[23/8/2012 0:27:47] 	data/npc/lib/npcsystem/npchandler.lua:523: in function 'onThink'
[23/8/2012 0:27:47] 	data/npc/scripts/game/bless/bless4.lua:9: in function <data/npc/scripts/game/bless/bless4.lua:9>

[23/8/2012 0:30:35] [Error - NpcScript Interface] 
[23/8/2012 0:30:35] (Unknown script file)
[23/8/2012 0:30:35] Description: 
[23/8/2012 0:30:35] attempt to call a nil value
[23/8/2012 0:30:35] stack traceback:
[23/8/2012 0:30:35] 	[C]: in function 'closeShopWindow'
[23/8/2012 0:30:35] 	data/npc/lib/npcsystem/npchandler.lua:225: in function 'releaseFocus'
[23/8/2012 0:30:35] 	data/npc/lib/npcsystem/npchandler.lua:591: in function 'onWalkAway'
[23/8/2012 0:30:35] 	data/npc/lib/npcsystem/npchandler.lua:523: in function 'onThink'
[23/8/2012 0:30:35] 	data/npc/scripts/game/default.lua:9: in function <data/npc/scripts/game/default.lua:9>

[23/8/2012 0:56:54] [Error - NpcScript Interface] 
[23/8/2012 0:56:54] (Unknown script file)
[23/8/2012 0:56:54] Description: 
[23/8/2012 0:56:54] attempt to call a nil value
[23/8/2012 0:56:54] stack traceback:
[23/8/2012 1:11:5] > Saving server...
[23/8/2012 1:11:10] > SAVE: Complete in 5.32 seconds using binary-tilebased house storage.
[23/8/2012 1:16:23] [Failure - Protocol::XTEA_decrypt] Not valid unencrypted message size (IP: 177.132.84.105)

[23/8/2012 1:17:11] [Error - NpcScript Interface] 
[23/8/2012 1:17:11] (Unknown script file)
[23/8/2012 1:17:11] Description: 
[23/8/2012 1:17:11] attempt to call a nil value
[23/8/2012 1:17:11] stack traceback:
[23/8/2012 1:17:11] 	[C]: in function 'closeShopWindow'
[23/8/2012 1:17:11] 	data/npc/lib/npcsystem/npchandler.lua:225: in function 'releaseFocus'
[23/8/2012 1:17:11] 	data/npc/lib/npcsystem/npchandler.lua:363: in function 'unGreet'
[23/8/2012 1:17:11] 	data/npc/lib/npcsystem/npchandler.lua:576: in function 'onFarewell'
[23/8/2012 1:17:11] 	data/npc/lib/npcsystem/modules.lua:251: in function 'callback'
[23/8/2012 1:17:11] 	data/npc/lib/npcsystem/keywordhandler.lua:41: in function 'processMessage'
[23/8/2012 1:17:11] 	data/npc/lib/npcsystem/keywordhandler.lua:181: in function 'processNodeMessage'
[23/8/2012 1:17:11] 	data/npc/lib/npcsystem/keywordhandler.lua:140: in function 'processMessage'
[23/8/2012 1:17:11] 	data/npc/lib/npcsystem/npchandler.lua:423: in function 'onCreatureSay'
[23/8/2012 1:17:11] 	data/npc/scripts/game/default.lua:8: in function <data/npc/scripts/game/default.lua:8>

[23/8/2012 1:29:36] [Error - NpcScript Interface] 
[23/8/2012 1:29:36] (Unknown script file)
[23/8/2012 1:29:36] Description: 
[23/8/2012 1:29:36] attempt to call a nil value
[23/8/2012 1:29:36] stack traceback:
[23/8/2012 1:29:36] 	[C]: in function 'closeShopWindow'
[23/8/2012 1:29:36] 	data/npc/lib/npcsystem/npchandler.lua:225: in function 'releaseFocus'
[23/8/2012 1:29:36] 	data/npc/lib/npcsystem/npchandler.lua:591: in function 'onWalkAway'
[23/8/2012 1:29:36] 	data/npc/lib/npcsystem/npchandler.lua:523: in function 'onThink'
[23/8/2012 1:29:36] 	data/npc/scripts/game/default.lua:9: in function <data/npc/scripts/game/default.lua:9>

[23/8/2012 1:32:9] [Error - NpcScript Interface] 
[23/8/2012 1:32:9] (Unknown script file)
[23/8/2012 1:32:9] Description: 
[23/8/2012 1:32:9] attempt to call a nil value
[23/8/2012 1:32:9] stack traceback:

[23/8/2012 1:42:13] [Error - NpcScript Interface] 
[23/8/2012 1:42:13] (Unknown script file)
[23/8/2012 1:42:13] Description: 
[23/8/2012 1:42:13] attempt to call a nil value
[23/8/2012 1:42:13] stack traceback:

[23/8/2012 1:42:47] [Error - NpcScript Interface] 
[23/8/2012 1:42:47] (Unknown script file)
[23/8/2012 1:42:47] Description: 
[23/8/2012 1:42:47] attempt to call a nil value
[23/8/2012 1:42:47] stack traceback:
[23/8/2012 1:42:47] 	[C]: in function 'closeShopWindow'
[23/8/2012 1:42:47] 	data/npc/lib/npcsystem/npchandler.lua:225: in function 'releaseFocus'
[23/8/2012 1:42:47] 	data/npc/lib/npcsystem/npchandler.lua:591: in function 'onWalkAway'
[23/8/2012 1:42:47] 	data/npc/lib/npcsystem/npchandler.lua:523: in function 'onThink'
[23/8/2012 1:42:47] 	data/npc/scripts/game/default.lua:9: in function <data/npc/scripts/game/default.lua:9>

[23/8/2012 1:45:20] [Error - NpcScript Interface] 
[23/8/2012 1:45:20] (Unknown script file)
[23/8/2012 1:45:20] Description: 
[23/8/2012 1:45:20] attempt to call a nil value
[23/8/2012 1:45:20] stack traceback:
[23/8/2012 1:45:20] 	[C]: in function 'closeShopWindow'
[23/8/2012 1:45:20] 	data/npc/lib/npcsystem/npchandler.lua:225: in function 'releaseFocus'
[23/8/2012 1:45:20] 	data/npc/lib/npcsystem/npchandler.lua:591: in function 'onWalkAway'
[23/8/2012 1:45:20] 	data/npc/lib/npcsystem/npchandler.lua:523: in function 'onThink'
[23/8/2012 1:45:20] 	data/npc/scripts/game/default.lua:9: in function <data/npc/scripts/game/default.lua:9>

[23/8/2012 2:9:12] [Error - NpcScript Interface] 
[23/8/2012 2:9:12] (Unknown script file)
[23/8/2012 2:9:12] Description: 
[23/8/2012 2:9:12] attempt to call a nil value
[23/8/2012 2:9:12] stack traceback:
[23/8/2012 2:9:12] 	[C]: in function 'closeShopWindow'
[23/8/2012 2:9:12] 	data/npc/lib/npcsystem/npchandler.lua:225: in function 'releaseFocus'
[23/8/2012 2:9:12] 	data/npc/lib/npcsystem/npchandler.lua:591: in function 'onWalkAway'
[23/8/2012 2:9:12] 	data/npc/lib/npcsystem/npchandler.lua:523: in function 'onThink'
[23/8/2012 2:9:12] 	data/npc/scripts/game/default.lua:9: in function <data/npc/scripts/game/default.lua:9>
[23/8/2012 2:11:5] > Saving server...
[23/8/2012 2:11:10] > SAVE: Complete in 5.396 seconds using binary-tilebased house storage.
[23/8/2012 2:16:35] [Failure - Protocol::XTEA_decrypt] Not valid unencrypted message size (IP: 177.66.56.195)

[23/8/2012 2:35:59] [Error - NpcScript Interface] 
[23/8/2012 2:35:59] (Unknown script file)
[23/8/2012 2:35:59] Description: 
[23/8/2012 2:35:59] attempt to call a nil value
[23/8/2012 2:35:59] stack traceback:
[23/8/2012 2:35:59] 	[C]: in function 'closeShopWindow'
[23/8/2012 2:35:59] 	data/npc/lib/npcsystem/npchandler.lua:225: in function 'releaseFocus'
[23/8/2012 2:35:59] 	data/npc/lib/npcsystem/npchandler.lua:591: in function 'onWalkAway'
[23/8/2012 2:35:59] 	data/npc/lib/npcsystem/npchandler.lua:523: in function 'onThink'
[23/8/2012 2:35:59] 	data/npc/scripts/game/default.lua:9: in function <data/npc/scripts/game/default.lua:9>

[23/8/2012 2:37:33] [Error - NpcScript Interface] 
[23/8/2012 2:37:33] (Unknown script file)
[23/8/2012 2:37:33] Description: 
[23/8/2012 2:37:33] attempt to call a nil value
[23/8/2012 2:37:33] stack traceback:
[23/8/2012 3:11:5] > Saving server...
[23/8/2012 3:11:10] > SAVE: Complete in 5.19 seconds using binary-tilebased house storage.

[23/8/2012 3:16:12] [Error - Spell Interface] 
[23/8/2012 3:16:12] data/spells/scripts/support/destroy_field_rune.lua:onCastSpell
[23/8/2012 3:16:12] Description: 
[23/8/2012 3:16:12] (luaDoRemoveItem) Item not found

[23/8/2012 3:25:50] [Error - NpcScript Interface] 
[23/8/2012 3:25:50] (Unknown script file)
[23/8/2012 3:25:50] Description: 
[23/8/2012 3:25:50] attempt to call a nil value
[23/8/2012 3:25:50] stack traceback:

[23/8/2012 3:34:36] [Error - NpcScript Interface] 
[23/8/2012 3:34:36] (Unknown script file)
[23/8/2012 3:34:36] Description: 
[23/8/2012 3:34:36] attempt to call a nil value
[23/8/2012 3:34:36] stack traceback:

[23/8/2012 3:36:10] [Error - NpcScript Interface] 
[23/8/2012 3:36:10] (Unknown script file)
[23/8/2012 3:36:10] Description: 
[23/8/2012 3:36:10] attempt to call a nil value
[23/8/2012 3:36:10] stack traceback:
[23/8/2012 3:36:10] 	[C]: in function 'closeShopWindow'
[23/8/2012 3:36:10] 	data/npc/lib/npcsystem/npchandler.lua:225: in function 'releaseFocus'
[23/8/2012 3:36:10] 	data/npc/lib/npcsystem/npchandler.lua:591: in function 'onWalkAway'
[23/8/2012 3:36:10] 	data/npc/lib/npcsystem/npchandler.lua:523: in function 'onThink'
[23/8/2012 3:36:10] 	data/npc/scripts/game/default.lua:9: in function <data/npc/scripts/game/default.lua:9>

[23/8/2012 3:37:3] [Error - NpcScript Interface] 
[23/8/2012 3:37:3] (Unknown script file)
[23/8/2012 3:37:3] Description: 
[23/8/2012 3:37:3] attempt to call a nil value
[23/8/2012 3:37:3] stack traceback:

[23/8/2012 3:58:53] [Error - NpcScript Interface] 
[23/8/2012 3:58:53] (Unknown script file)
[23/8/2012 3:58:53] Description: 
[23/8/2012 3:58:53] attempt to call a nil value
[23/8/2012 3:58:53] stack traceback:

[23/8/2012 4:0:10] [Error - NpcScript Interface] 
[23/8/2012 4:0:10] (Unknown script file)
[23/8/2012 4:0:10] Description: 
[23/8/2012 4:0:10] attempt to call a nil value
[23/8/2012 4:0:10] stack traceback:
[23/8/2012 4:11:5] > Saving server...
[23/8/2012 4:11:10] > SAVE: Complete in 5.225 seconds using binary-tilebased house storage.

[23/8/2012 5:7:57] [Error - NpcScript Interface] 
[23/8/2012 5:7:57] (Unknown script file)
[23/8/2012 5:7:57] Description: 
[23/8/2012 5:7:57] attempt to call a nil value
[23/8/2012 5:7:57] stack traceback:
[23/8/2012 5:7:57] 	[C]: in function 'closeShopWindow'
[23/8/2012 5:7:57] 	data/npc/lib/npcsystem/npchandler.lua:225: in function 'releaseFocus'
[23/8/2012 5:7:57] 	data/npc/lib/npcsystem/npchandler.lua:363: in function 'unGreet'
[23/8/2012 5:7:57] 	data/npc/lib/npcsystem/npchandler.lua:576: in function 'onFarewell'
[23/8/2012 5:7:57] 	data/npc/lib/npcsystem/modules.lua:251: in function 'callback'
[23/8/2012 5:7:57] 	data/npc/lib/npcsystem/keywordhandler.lua:41: in function 'processMessage'
[23/8/2012 5:7:57] 	data/npc/lib/npcsystem/keywordhandler.lua:181: in function 'processNodeMessage'
[23/8/2012 5:7:57] 	data/npc/lib/npcsystem/keywordhandler.lua:140: in function 'processMessage'
[23/8/2012 5:7:57] 	data/npc/lib/npcsystem/npchandler.lua:423: in function 'onCreatureSay'
[23/8/2012 5:7:57] 	data/npc/scripts/game/default.lua:8: in function <data/npc/scripts/game/default.lua:8>
[23/8/2012 5:11:5] > Saving server...
[23/8/2012 5:11:9] > SAVE: Complete in 3.974 seconds using binary-tilebased house storage.

[23/8/2012 5:17:13] [Error - NpcScript Interface] 
[23/8/2012 5:17:13] (Unknown script file)
[23/8/2012 5:17:13] Description: 
[23/8/2012 5:17:13] attempt to call a nil value
[23/8/2012 5:17:13] stack traceback:
[23/8/2012 6:11:5] > Saving server...
[23/8/2012 6:11:9] > SAVE: Complete in 3.522 seconds using binary-tilebased house storage.

[23/8/2012 6:41:24] [Error - NpcScript Interface] 
[23/8/2012 6:41:24] (Unknown script file)
[23/8/2012 6:41:24] Description: 
[23/8/2012 6:41:24] attempt to call a nil value
[23/8/2012 6:41:24] stack traceback:
[23/8/2012 6:41:24] 	[C]: ?

[23/8/2012 7:9:42] [Error - NpcScript Interface] 
[23/8/2012 7:9:42] (Unknown script file)
[23/8/2012 7:9:42] Description: 
[23/8/2012 7:9:42] attempt to call a nil value
[23/8/2012 7:9:42] stack traceback:
[23/8/2012 7:11:5] > Saving server...
[23/8/2012 7:11:9] > SAVE: Complete in 3.948 seconds using binary-tilebased house storage.

[23/8/2012 7:16:43] [Error - NpcScript Interface] 
[23/8/2012 7:16:43] (Unknown script file)
[23/8/2012 7:16:43] Description: 
[23/8/2012 7:16:43] attempt to call a nil value
[23/8/2012 7:16:43] stack traceback:
[23/8/2012 7:16:43] 	[C]: in function 'closeShopWindow'
[23/8/2012 7:16:43] 	data/npc/lib/npcsystem/npchandler.lua:225: in function 'releaseFocus'
[23/8/2012 7:16:43] 	data/npc/lib/npcsystem/npchandler.lua:591: in function 'onWalkAway'
[23/8/2012 7:16:43] 	data/npc/lib/npcsystem/npchandler.lua:523: in function 'onThink'
[23/8/2012 7:16:43] 	data/npc/scripts/game/rashid.lua:9: in function <data/npc/scripts/game/rashid.lua:9>

[23/8/2012 7:37:8] [Error - NpcScript Interface] 
[23/8/2012 7:37:8] (Unknown script file)
[23/8/2012 7:37:8] Description: 
[23/8/2012 7:37:8] attempt to call a nil value
[23/8/2012 7:37:8] stack traceback:

[23/8/2012 7:48:58] [Error - NpcScript Interface] 
[23/8/2012 7:48:58] (Unknown script file)
[23/8/2012 7:48:58] Description: 
[23/8/2012 7:48:58] attempt to call a nil value
[23/8/2012 7:48:58] stack traceback:
[23/8/2012 8:11:5] > Saving server...
[23/8/2012 8:11:10] > SAVE: Complete in 5.128 seconds using binary-tilebased house storage.

[23/8/2012 8:29:58] [Error - NpcScript Interface] 
[23/8/2012 8:29:58] (Unknown script file)
[23/8/2012 8:29:58] Description: 
[23/8/2012 8:29:58] attempt to call a nil value
[23/8/2012 8:29:58] stack traceback:
[23/8/2012 8:29:58] 	[C]: in function 'closeShopWindow'
[23/8/2012 8:29:58] 	data/npc/lib/npcsystem/npchandler.lua:225: in function 'releaseFocus'
[23/8/2012 8:29:58] 	data/npc/lib/npcsystem/npchandler.lua:591: in function 'onWalkAway'
[23/8/2012 8:29:58] 	data/npc/lib/npcsystem/npchandler.lua:523: in function 'onThink'
[23/8/2012 8:29:58] 	data/npc/scripts/game/default.lua:9: in function <data/npc/scripts/game/default.lua:9>
[23/8/2012 9:11:5] > Saving server...
[23/8/2012 9:11:10] > SAVE: Complete in 4.987 seconds using binary-tilebased house storage.

[23/8/2012 9:17:4] [Error - NpcScript Interface] 
[23/8/2012 9:17:4] (Unknown script file)
[23/8/2012 9:17:4] Description: 
[23/8/2012 9:17:4] attempt to call a nil value
[23/8/2012 9:17:4] stack traceback:
[23/8/2012 9:17:4] 	[C]: in function 'closeShopWindow'
[23/8/2012 9:17:4] 	data/npc/lib/npcsystem/npchandler.lua:225: in function 'releaseFocus'
[23/8/2012 9:17:4] 	data/npc/lib/npcsystem/npchandler.lua:591: in function 'onWalkAway'
[23/8/2012 9:17:4] 	data/npc/lib/npcsystem/npchandler.lua:523: in function 'onThink'
[23/8/2012 9:17:4] 	data/npc/scripts/game/default.lua:9: in function <data/npc/scripts/game/default.lua:9>

[23/8/2012 9:47:36] [Error - NpcScript Interface] 
[23/8/2012 9:47:36] (Unknown script file)
[23/8/2012 9:47:36] Description: 
[23/8/2012 9:47:36] attempt to call a nil value
[23/8/2012 9:47:36] stack traceback:
[23/8/2012 10:0:15] > Paying houses...
[23/8/2012 10:0:17] Houses paid in 1.296 seconds.
[23/8/2012 10:0:17] > Saving server...
[23/8/2012 10:0:17] > SAVE: Complete in 0.492 seconds using binary-tilebased house storage.
[23/8/2012 10:0:17] Preparing to shutdown the server- done.
