[25/7/2012 10:9:2] > Using MD5 encryption
[25/7/2012 10:9:2] >> Loading RSA key
[25/7/2012 10:9:2] >> Starting SQL connection

[25/7/2012 10:9:2] > WARNING: Outdated MySQL server detected, consider upgrading to a newer version.
[25/7/2012 10:9:2] >> Running Database Manager
[25/7/2012 10:9:2] >> Loading items (OTB)
[25/7/2012 10:9:2] >> Loading items (XML)
[25/7/2012 10:9:2] [Warning - Items::loadFromXml] Unknown key value blocksolid
[25/7/2012 10:9:2] [Warning - Items::loadFromXml] Unknown key value blocksolid
[25/7/2012 10:9:2] >> Loading groups
[25/7/2012 10:9:2] >> Loading vocations
[25/7/2012 10:9:2] >> Loading outfits
[25/7/2012 10:9:2] >> Loading chat channels
[25/7/2012 10:9:2] >> Loading script systems
[25/7/2012 10:9:4] [Warning - Event::loadScript] Event onTime not found (data/globalevents/scripts/clean.lua)
[25/7/2012 10:9:4] >> Loading mods...
[25/7/2012 10:9:4] > 0 mods were loaded.
[25/7/2012 10:9:4] >> Loading experience stages
[25/7/2012 10:9:4] >> Loading monsters
[25/7/2012 10:9:5] [Warning - Monsters::deserializeSpell] Frost Dragon - Unknown areaEffect: smallice
[25/7/2012 10:9:5] >> Loading map and spawns...
[25/7/2012 10:9:7] > Map size: 5000x5000.
[25/7/2012 10:9:7] > Map descriptions: 
[25/7/2012 10:9:7] "Saved with Remere's Map Editor 2.1"
[25/7/2012 10:9:7] "SimOne MapEditor 0.5.5"
[25/7/2012 10:9:8] [Warning - IOMap::loadMap] Movable item in house: 517, item type: 2741, pos 1070/1121/6
[25/7/2012 10:9:8] [Warning - IOMap::loadMap] Movable item in house: 518, item type: 2741, pos 1070/1129/6
[25/7/2012 10:9:8] [Warning - IOMap::loadMap] Movable item in house: 517, item type: 2741, pos 1073/1121/6
[25/7/2012 10:9:8] [Warning - IOMap::loadMap] Movable item in house: 518, item type: 2741, pos 1073/1129/6
[25/7/2012 10:9:8] Duplicate uniqueId 6401
[25/7/2012 10:9:8] Duplicate uniqueId 6401
[25/7/2012 10:9:9] Duplicate uniqueId 6401
[25/7/2012 10:9:9] Duplicate uniqueId 6401
[25/7/2012 10:9:9] Duplicate uniqueId 6401
[25/7/2012 10:9:9] Duplicate uniqueId 6401
[25/7/2012 10:9:11] Duplicate uniqueId 6401
[25/7/2012 10:9:11] Duplicate uniqueId 6401
[25/7/2012 10:9:12] Duplicate uniqueId 2004
[25/7/2012 10:9:12] Duplicate uniqueId 2005
[25/7/2012 10:9:12] Duplicate uniqueId 2006
[25/7/2012 10:9:12] Duplicate uniqueId 2007
[25/7/2012 10:9:13] Duplicate uniqueId 6401
[25/7/2012 10:9:13] Duplicate uniqueId 6401
[25/7/2012 10:9:13] Duplicate uniqueId 6401
[25/7/2012 10:9:14] Duplicate uniqueId 6400
[25/7/2012 10:9:14] Duplicate uniqueId 6401
[25/7/2012 10:9:14] Duplicate uniqueId 2056
[25/7/2012 10:9:14] Duplicate uniqueId 2057
[25/7/2012 10:9:14] Duplicate uniqueId 2058
[25/7/2012 10:9:14] Duplicate uniqueId 2051
[25/7/2012 10:9:14] Duplicate uniqueId 2052
[25/7/2012 10:9:14] Duplicate uniqueId 2053
[25/7/2012 10:9:14] Duplicate uniqueId 2054
[25/7/2012 10:9:14] > Map loading time: 8.777 seconds.
[25/7/2012 10:9:15] [Spawn::addMonster] Cannot find "Butterfly"
[25/7/2012 10:9:15] [Spawn::addMonster] Cannot find "Butterfly"
[25/7/2012 10:9:15] > Data parsing time: 0.971 seconds.
[25/7/2012 10:9:32] > Houses synchronization time: 16.404 seconds.
[25/7/2012 10:9:32] > Content unserialization time: 0.109 seconds.
[25/7/2012 10:9:32] >> Checking world type... Open PvP
[25/7/2012 10:9:32] >> Initializing game state and binding services...
[25/7/2012 10:9:34] > Global IP address: 184.173.128.212
[25/7/2012 10:9:34] > Bound ports: 7577	7578	9215	
[25/7/2012 10:9:34] >> Everything smells good, server is starting up...
[25/7/2012 10:9:34] [DDOS EMERGENCY] Enabled>> 
UltraX server Online!
[25/7/2012 10:9:34] [DDOS EMERGENCY] Enabled>> 
UltraX server Online!
[25/7/2012 11:11:4] > Saving server...
[25/7/2012 11:11:8] > SAVE: Complete in 4.493 seconds using binary-tilebased house storage.
[25/7/2012 12:11:4] > Saving server...
[25/7/2012 12:11:9] > SAVE: Complete in 5.544 seconds using binary-tilebased house storage.
[25/7/2012 12:16:28] [Failure - Protocol::XTEA_decrypt] Not valid unencrypted message size (IP: 177.175.48.54)
[25/7/2012 12:49:44] [Warning - Monsters::deserializeSpell] Frost Dragon - Unknown areaEffect: smallice
[25/7/2012 12:49:44] > 0 mods were loaded.
[25/7/2012 12:51:28] [Warning - Monsters::deserializeSpell] Frost Dragon - Unknown areaEffect: smallice
[25/7/2012 12:51:28] > 0 mods were loaded.
[25/7/2012 12:53:29] [Warning - Monsters::deserializeSpell] Frost Dragon - Unknown areaEffect: smallice
[25/7/2012 12:53:29] > 0 mods were loaded.
[25/7/2012 13:11:4] > Saving server...
[25/7/2012 13:11:10] > SAVE: Complete in 5.87 seconds using binary-tilebased house storage.
[25/7/2012 13:13:55] [Failure - Protocol::XTEA_decrypt] Not valid unencrypted message size (IP: 187.90.5.121)
[25/7/2012 13:13:55] [Failure - Protocol::XTEA_decrypt] Not valid unencrypted message size (IP: 187.90.5.121)

[25/7/2012 13:27:54] [Error - Action Interface] 
[25/7/2012 13:27:54] data/actions/scripts/tools/rope.lua:onUse
[25/7/2012 13:27:54] Description: 
[25/7/2012 13:27:54] (luaGetThingFromPos) Tile not found
[25/7/2012 14:11:4] > Saving server...
[25/7/2012 14:11:12] > SAVE: Complete in 7.943 seconds using binary-tilebased house storage.

[25/7/2012 14:34:11] [Error - Action Interface] 
[25/7/2012 14:34:11] data/actions/scripts/other/windows.lua:onUse
[25/7/2012 14:34:11] Description: 
[25/7/2012 14:34:11] (luaGetHouseFromPos) Tile not found
[25/7/2012 15:11:4] > Saving server...
[25/7/2012 15:11:12] > SAVE: Complete in 7.277 seconds using binary-tilebased house storage.
[25/7/2012 15:30:21] [Warning - Protocol::RSA_decrypt] Not valid packet size (IP: 187.55.4.247)
[25/7/2012 15:30:40] [Warning - Protocol::RSA_decrypt] Not valid packet size (IP: 187.55.4.247)
[25/7/2012 15:30:43] [Warning - Protocol::RSA_decrypt] Not valid packet size (IP: 187.55.4.247)
[25/7/2012 16:11:4] > Saving server...
[25/7/2012 16:11:15] > SAVE: Complete in 10.281 seconds using binary-tilebased house storage.
[25/7/2012 16:31:42] [Failure - Protocol::XTEA_decrypt] Not valid unencrypted message size (IP: 189.1.143.109)
[25/7/2012 17:11:4] > Saving server...
[25/7/2012 17:11:14] > SAVE: Complete in 9.603 seconds using binary-tilebased house storage.
[25/7/2012 17:18:41] > Broadcasted message: "Orshabaal's minions are working on his return to the World. LEAVE Quendor at once, mortals.".
[25/7/2012 17:22:21] > Broadcasted message: "Orshabaal is about to make his way into the mortal realm. Run for your lives!".
[25/7/2012 17:25:1] > Broadcasted message: "Orshabaal has been summoned from hell to plague the lands of mortals again.".
[25/7/2012 18:11:4] > Saving server...
[25/7/2012 18:11:13] > SAVE: Complete in 8.755 seconds using binary-tilebased house storage.

[25/7/2012 18:14:56] [Error - Spell Interface] 
[25/7/2012 18:14:56] data/spells/scripts/support/desintegrate_rune.lua:onCastSpell
[25/7/2012 18:14:56] Description: 
[25/7/2012 18:14:56] data/spells/scripts/support/desintegrate_rune.lua:13: attempt to call global 'doCleanTileItemsByPos' (a nil value)
[25/7/2012 18:14:56] stack traceback:
[25/7/2012 18:14:56] 	data/spells/scripts/support/desintegrate_rune.lua:13: in function <data/spells/scripts/support/desintegrate_rune.lua:5>

[25/7/2012 18:14:58] [Error - Spell Interface] 
[25/7/2012 18:14:58] data/spells/scripts/support/desintegrate_rune.lua:onCastSpell
[25/7/2012 18:14:58] Description: 
[25/7/2012 18:14:58] data/spells/scripts/support/desintegrate_rune.lua:13: attempt to call global 'doCleanTileItemsByPos' (a nil value)
[25/7/2012 18:14:58] stack traceback:
[25/7/2012 18:14:58] 	data/spells/scripts/support/desintegrate_rune.lua:13: in function <data/spells/scripts/support/desintegrate_rune.lua:5>

[25/7/2012 18:14:59] [Error - Spell Interface] 
[25/7/2012 18:14:59] data/spells/scripts/support/desintegrate_rune.lua:onCastSpell
[25/7/2012 18:14:59] Description: 
[25/7/2012 18:14:59] data/spells/scripts/support/desintegrate_rune.lua:13: attempt to call global 'doCleanTileItemsByPos' (a nil value)
[25/7/2012 18:14:59] stack traceback:
[25/7/2012 18:14:59] 	data/spells/scripts/support/desintegrate_rune.lua:13: in function <data/spells/scripts/support/desintegrate_rune.lua:5>

[25/7/2012 18:15:0] [Error - Spell Interface] 
[25/7/2012 18:15:0] data/spells/scripts/support/desintegrate_rune.lua:onCastSpell
[25/7/2012 18:15:0] Description: 
[25/7/2012 18:15:0] data/spells/scripts/support/desintegrate_rune.lua:13: attempt to call global 'doCleanTileItemsByPos' (a nil value)
[25/7/2012 18:15:0] stack traceback:
[25/7/2012 18:15:0] 	data/spells/scripts/support/desintegrate_rune.lua:13: in function <data/spells/scripts/support/desintegrate_rune.lua:5>

[25/7/2012 18:15:0] [Error - Spell Interface] 
[25/7/2012 18:15:0] data/spells/scripts/support/desintegrate_rune.lua:onCastSpell
[25/7/2012 18:15:0] Description: 
[25/7/2012 18:15:0] data/spells/scripts/support/desintegrate_rune.lua:13: attempt to call global 'doCleanTileItemsByPos' (a nil value)
[25/7/2012 18:15:0] stack traceback:
[25/7/2012 18:15:0] 	data/spells/scripts/support/desintegrate_rune.lua:13: in function <data/spells/scripts/support/desintegrate_rune.lua:5>

[25/7/2012 18:15:0] [Error - Spell Interface] 
[25/7/2012 18:15:0] data/spells/scripts/support/desintegrate_rune.lua:onCastSpell
[25/7/2012 18:15:0] Description: 
[25/7/2012 18:15:0] data/spells/scripts/support/desintegrate_rune.lua:13: attempt to call global 'doCleanTileItemsByPos' (a nil value)
[25/7/2012 18:15:0] stack traceback:
[25/7/2012 18:15:0] 	data/spells/scripts/support/desintegrate_rune.lua:13: in function <data/spells/scripts/support/desintegrate_rune.lua:5>

[25/7/2012 18:15:0] [Error - Spell Interface] 
[25/7/2012 18:15:0] data/spells/scripts/support/desintegrate_rune.lua:onCastSpell
[25/7/2012 18:15:0] Description: 
[25/7/2012 18:15:0] data/spells/scripts/support/desintegrate_rune.lua:13: attempt to call global 'doCleanTileItemsByPos' (a nil value)
[25/7/2012 18:15:0] stack traceback:
[25/7/2012 18:15:0] 	data/spells/scripts/support/desintegrate_rune.lua:13: in function <data/spells/scripts/support/desintegrate_rune.lua:5>

[25/7/2012 18:15:0] [Error - Spell Interface] 
[25/7/2012 18:15:0] data/spells/scripts/support/desintegrate_rune.lua:onCastSpell
[25/7/2012 18:15:0] Description: 
[25/7/2012 18:15:0] data/spells/scripts/support/desintegrate_rune.lua:13: attempt to call global 'doCleanTileItemsByPos' (a nil value)
[25/7/2012 18:15:0] stack traceback:
[25/7/2012 18:15:0] 	data/spells/scripts/support/desintegrate_rune.lua:13: in function <data/spells/scripts/support/desintegrate_rune.lua:5>

[25/7/2012 18:15:0] [Error - Spell Interface] 
[25/7/2012 18:15:0] data/spells/scripts/support/desintegrate_rune.lua:onCastSpell
[25/7/2012 18:15:0] Description: 
[25/7/2012 18:15:0] data/spells/scripts/support/desintegrate_rune.lua:13: attempt to call global 'doCleanTileItemsByPos' (a nil value)
[25/7/2012 18:15:0] stack traceback:
[25/7/2012 18:15:0] 	data/spells/scripts/support/desintegrate_rune.lua:13: in function <data/spells/scripts/support/desintegrate_rune.lua:5>

[25/7/2012 18:15:8] [Error - Spell Interface] 
[25/7/2012 18:15:8] data/spells/scripts/support/desintegrate_rune.lua:onCastSpell
[25/7/2012 18:15:8] Description: 
[25/7/2012 18:15:8] data/spells/scripts/support/desintegrate_rune.lua:13: attempt to call global 'doCleanTileItemsByPos' (a nil value)
[25/7/2012 18:15:8] stack traceback:
[25/7/2012 18:15:8] 	data/spells/scripts/support/desintegrate_rune.lua:13: in function <data/spells/scripts/support/desintegrate_rune.lua:5>

[25/7/2012 18:15:9] [Error - Spell Interface] 
[25/7/2012 18:15:9] data/spells/scripts/support/desintegrate_rune.lua:onCastSpell
[25/7/2012 18:15:9] Description: 
[25/7/2012 18:15:9] data/spells/scripts/support/desintegrate_rune.lua:13: attempt to call global 'doCleanTileItemsByPos' (a nil value)
[25/7/2012 18:15:9] stack traceback:
[25/7/2012 18:15:9] 	data/spells/scripts/support/desintegrate_rune.lua:13: in function <data/spells/scripts/support/desintegrate_rune.lua:5>

[25/7/2012 18:15:9] [Error - Spell Interface] 
[25/7/2012 18:15:9] data/spells/scripts/support/desintegrate_rune.lua:onCastSpell
[25/7/2012 18:15:9] Description: 
[25/7/2012 18:15:9] data/spells/scripts/support/desintegrate_rune.lua:13: attempt to call global 'doCleanTileItemsByPos' (a nil value)
[25/7/2012 18:15:9] stack traceback:
[25/7/2012 18:15:9] 	data/spells/scripts/support/desintegrate_rune.lua:13: in function <data/spells/scripts/support/desintegrate_rune.lua:5>

[25/7/2012 18:15:9] [Error - Spell Interface] 
[25/7/2012 18:15:9] data/spells/scripts/support/desintegrate_rune.lua:onCastSpell
[25/7/2012 18:15:9] Description: 
[25/7/2012 18:15:9] data/spells/scripts/support/desintegrate_rune.lua:13: attempt to call global 'doCleanTileItemsByPos' (a nil value)
[25/7/2012 18:15:9] stack traceback:
[25/7/2012 18:15:9] 	data/spells/scripts/support/desintegrate_rune.lua:13: in function <data/spells/scripts/support/desintegrate_rune.lua:5>

[25/7/2012 18:15:9] [Error - Spell Interface] 
[25/7/2012 18:15:9] data/spells/scripts/support/desintegrate_rune.lua:onCastSpell
[25/7/2012 18:15:9] Description: 
[25/7/2012 18:15:9] data/spells/scripts/support/desintegrate_rune.lua:13: attempt to call global 'doCleanTileItemsByPos' (a nil value)
[25/7/2012 18:15:9] stack traceback:
[25/7/2012 18:15:9] 	data/spells/scripts/support/desintegrate_rune.lua:13: in function <data/spells/scripts/support/desintegrate_rune.lua:5>

[25/7/2012 18:15:9] [Error - Spell Interface] 
[25/7/2012 18:15:9] data/spells/scripts/support/desintegrate_rune.lua:onCastSpell
[25/7/2012 18:15:9] Description: 
[25/7/2012 18:15:9] data/spells/scripts/support/desintegrate_rune.lua:13: attempt to call global 'doCleanTileItemsByPos' (a nil value)
[25/7/2012 18:15:9] stack traceback:
[25/7/2012 18:15:9] 	data/spells/scripts/support/desintegrate_rune.lua:13: in function <data/spells/scripts/support/desintegrate_rune.lua:5>

[25/7/2012 18:15:9] [Error - Spell Interface] 
[25/7/2012 18:15:9] data/spells/scripts/support/desintegrate_rune.lua:onCastSpell
[25/7/2012 18:15:9] Description: 
[25/7/2012 18:15:9] data/spells/scripts/support/desintegrate_rune.lua:13: attempt to call global 'doCleanTileItemsByPos' (a nil value)
[25/7/2012 18:15:9] stack traceback:
[25/7/2012 18:15:9] 	data/spells/scripts/support/desintegrate_rune.lua:13: in function <data/spells/scripts/support/desintegrate_rune.lua:5>

[25/7/2012 18:15:10] [Error - Spell Interface] 
[25/7/2012 18:15:10] data/spells/scripts/support/desintegrate_rune.lua:onCastSpell
[25/7/2012 18:15:10] Description: 
[25/7/2012 18:15:10] data/spells/scripts/support/desintegrate_rune.lua:13: attempt to call global 'doCleanTileItemsByPos' (a nil value)
[25/7/2012 18:15:10] stack traceback:
[25/7/2012 18:15:10] 	data/spells/scripts/support/desintegrate_rune.lua:13: in function <data/spells/scripts/support/desintegrate_rune.lua:5>

[25/7/2012 18:15:11] [Error - Spell Interface] 
[25/7/2012 18:15:11] data/spells/scripts/support/desintegrate_rune.lua:onCastSpell
[25/7/2012 18:15:11] Description: 
[25/7/2012 18:15:11] data/spells/scripts/support/desintegrate_rune.lua:13: attempt to call global 'doCleanTileItemsByPos' (a nil value)
[25/7/2012 18:15:11] stack traceback:
[25/7/2012 18:15:11] 	data/spells/scripts/support/desintegrate_rune.lua:13: in function <data/spells/scripts/support/desintegrate_rune.lua:5>

[25/7/2012 18:15:12] [Error - Spell Interface] 
[25/7/2012 18:15:12] data/spells/scripts/support/desintegrate_rune.lua:onCastSpell
[25/7/2012 18:15:12] Description: 
[25/7/2012 18:15:12] data/spells/scripts/support/desintegrate_rune.lua:13: attempt to call global 'doCleanTileItemsByPos' (a nil value)
[25/7/2012 18:15:12] stack traceback:
[25/7/2012 18:15:12] 	data/spells/scripts/support/desintegrate_rune.lua:13: in function <data/spells/scripts/support/desintegrate_rune.lua:5>

[25/7/2012 18:15:12] [Error - Spell Interface] 
[25/7/2012 18:15:12] data/spells/scripts/support/desintegrate_rune.lua:onCastSpell
[25/7/2012 18:15:12] Description: 
[25/7/2012 18:15:12] data/spells/scripts/support/desintegrate_rune.lua:13: attempt to call global 'doCleanTileItemsByPos' (a nil value)
[25/7/2012 18:15:12] stack traceback:
[25/7/2012 18:15:12] 	data/spells/scripts/support/desintegrate_rune.lua:13: in function <data/spells/scripts/support/desintegrate_rune.lua:5>

[25/7/2012 18:15:15] [Error - Spell Interface] 
[25/7/2012 18:15:15] data/spells/scripts/support/desintegrate_rune.lua:onCastSpell
[25/7/2012 18:15:15] Description: 
[25/7/2012 18:15:15] data/spells/scripts/support/desintegrate_rune.lua:13: attempt to call global 'doCleanTileItemsByPos' (a nil value)
[25/7/2012 18:15:15] stack traceback:
[25/7/2012 18:15:15] 	data/spells/scripts/support/desintegrate_rune.lua:13: in function <data/spells/scripts/support/desintegrate_rune.lua:5>

[25/7/2012 18:15:15] [Error - Spell Interface] 
[25/7/2012 18:15:15] data/spells/scripts/support/desintegrate_rune.lua:onCastSpell
[25/7/2012 18:15:15] Description: 
[25/7/2012 18:15:15] data/spells/scripts/support/desintegrate_rune.lua:13: attempt to call global 'doCleanTileItemsByPos' (a nil value)
[25/7/2012 18:15:15] stack traceback:
[25/7/2012 18:15:15] 	data/spells/scripts/support/desintegrate_rune.lua:13: in function <data/spells/scripts/support/desintegrate_rune.lua:5>

[25/7/2012 18:15:15] [Error - Spell Interface] 
[25/7/2012 18:15:15] data/spells/scripts/support/desintegrate_rune.lua:onCastSpell
[25/7/2012 18:15:15] Description: 
[25/7/2012 18:15:15] data/spells/scripts/support/desintegrate_rune.lua:13: attempt to call global 'doCleanTileItemsByPos' (a nil value)
[25/7/2012 18:15:15] stack traceback:
[25/7/2012 18:15:15] 	data/spells/scripts/support/desintegrate_rune.lua:13: in function <data/spells/scripts/support/desintegrate_rune.lua:5>

[25/7/2012 18:15:15] [Error - Spell Interface] 
[25/7/2012 18:15:15] data/spells/scripts/support/desintegrate_rune.lua:onCastSpell
[25/7/2012 18:15:15] Description: 
[25/7/2012 18:15:15] data/spells/scripts/support/desintegrate_rune.lua:13: attempt to call global 'doCleanTileItemsByPos' (a nil value)
[25/7/2012 18:15:15] stack traceback:
[25/7/2012 18:15:15] 	data/spells/scripts/support/desintegrate_rune.lua:13: in function <data/spells/scripts/support/desintegrate_rune.lua:5>

[25/7/2012 18:15:15] [Error - Spell Interface] 
[25/7/2012 18:15:15] data/spells/scripts/support/desintegrate_rune.lua:onCastSpell
[25/7/2012 18:15:15] Description: 
[25/7/2012 18:15:15] data/spells/scripts/support/desintegrate_rune.lua:13: attempt to call global 'doCleanTileItemsByPos' (a nil value)
[25/7/2012 18:15:15] stack traceback:
[25/7/2012 18:15:15] 	data/spells/scripts/support/desintegrate_rune.lua:13: in function <data/spells/scripts/support/desintegrate_rune.lua:5>

[25/7/2012 18:15:15] [Error - Spell Interface] 
[25/7/2012 18:15:15] data/spells/scripts/support/desintegrate_rune.lua:onCastSpell
[25/7/2012 18:15:15] Description: 
[25/7/2012 18:15:15] data/spells/scripts/support/desintegrate_rune.lua:13: attempt to call global 'doCleanTileItemsByPos' (a nil value)
[25/7/2012 18:15:15] stack traceback:
[25/7/2012 18:15:15] 	data/spells/scripts/support/desintegrate_rune.lua:13: in function <data/spells/scripts/support/desintegrate_rune.lua:5>

[25/7/2012 18:15:16] [Error - Spell Interface] 
[25/7/2012 18:15:16] data/spells/scripts/support/desintegrate_rune.lua:onCastSpell
[25/7/2012 18:15:16] Description: 
[25/7/2012 18:15:16] data/spells/scripts/support/desintegrate_rune.lua:13: attempt to call global 'doCleanTileItemsByPos' (a nil value)
[25/7/2012 18:15:16] stack traceback:
[25/7/2012 18:15:16] 	data/spells/scripts/support/desintegrate_rune.lua:13: in function <data/spells/scripts/support/desintegrate_rune.lua:5>

[25/7/2012 18:15:16] [Error - Spell Interface] 
[25/7/2012 18:15:16] data/spells/scripts/support/desintegrate_rune.lua:onCastSpell
[25/7/2012 18:15:16] Description: 
[25/7/2012 18:15:16] data/spells/scripts/support/desintegrate_rune.lua:13: attempt to call global 'doCleanTileItemsByPos' (a nil value)
[25/7/2012 18:15:16] stack traceback:
[25/7/2012 18:15:16] 	data/spells/scripts/support/desintegrate_rune.lua:13: in function <data/spells/scripts/support/desintegrate_rune.lua:5>

[25/7/2012 18:15:16] [Error - Spell Interface] 
[25/7/2012 18:15:16] data/spells/scripts/support/desintegrate_rune.lua:onCastSpell
[25/7/2012 18:15:16] Description: 
[25/7/2012 18:15:16] data/spells/scripts/support/desintegrate_rune.lua:13: attempt to call global 'doCleanTileItemsByPos' (a nil value)
[25/7/2012 18:15:16] stack traceback:
[25/7/2012 18:15:16] 	data/spells/scripts/support/desintegrate_rune.lua:13: in function <data/spells/scripts/support/desintegrate_rune.lua:5>

[25/7/2012 18:15:16] [Error - Spell Interface] 
[25/7/2012 18:15:16] data/spells/scripts/support/desintegrate_rune.lua:onCastSpell
[25/7/2012 18:15:16] Description: 
[25/7/2012 18:15:16] data/spells/scripts/support/desintegrate_rune.lua:13: attempt to call global 'doCleanTileItemsByPos' (a nil value)
[25/7/2012 18:15:16] stack traceback:
[25/7/2012 18:15:16] 	data/spells/scripts/support/desintegrate_rune.lua:13: in function <data/spells/scripts/support/desintegrate_rune.lua:5>

[25/7/2012 18:15:16] [Error - Spell Interface] 
[25/7/2012 18:15:16] data/spells/scripts/support/desintegrate_rune.lua:onCastSpell
[25/7/2012 18:15:16] Description: 
[25/7/2012 18:15:16] data/spells/scripts/support/desintegrate_rune.lua:13: attempt to call global 'doCleanTileItemsByPos' (a nil value)
[25/7/2012 18:15:16] stack traceback:
[25/7/2012 18:15:16] 	data/spells/scripts/support/desintegrate_rune.lua:13: in function <data/spells/scripts/support/desintegrate_rune.lua:5>

[25/7/2012 18:15:16] [Error - Spell Interface] 
[25/7/2012 18:15:16] data/spells/scripts/support/desintegrate_rune.lua:onCastSpell
[25/7/2012 18:15:16] Description: 
[25/7/2012 18:15:16] data/spells/scripts/support/desintegrate_rune.lua:13: attempt to call global 'doCleanTileItemsByPos' (a nil value)
[25/7/2012 18:15:16] stack traceback:
[25/7/2012 18:15:16] 	data/spells/scripts/support/desintegrate_rune.lua:13: in function <data/spells/scripts/support/desintegrate_rune.lua:5>

[25/7/2012 18:15:16] [Error - Spell Interface] 
[25/7/2012 18:15:16] data/spells/scripts/support/desintegrate_rune.lua:onCastSpell
[25/7/2012 18:15:16] Description: 
[25/7/2012 18:15:16] data/spells/scripts/support/desintegrate_rune.lua:13: attempt to call global 'doCleanTileItemsByPos' (a nil value)
[25/7/2012 18:15:16] stack traceback:
[25/7/2012 18:15:16] 	data/spells/scripts/support/desintegrate_rune.lua:13: in function <data/spells/scripts/support/desintegrate_rune.lua:5>

[25/7/2012 18:15:17] [Error - Spell Interface] 
[25/7/2012 18:15:17] data/spells/scripts/support/desintegrate_rune.lua:onCastSpell
[25/7/2012 18:15:17] Description: 
[25/7/2012 18:15:17] data/spells/scripts/support/desintegrate_rune.lua:13: attempt to call global 'doCleanTileItemsByPos' (a nil value)
[25/7/2012 18:15:17] stack traceback:
[25/7/2012 18:15:17] 	data/spells/scripts/support/desintegrate_rune.lua:13: in function <data/spells/scripts/support/desintegrate_rune.lua:5>

[25/7/2012 18:15:17] [Error - Spell Interface] 
[25/7/2012 18:15:17] data/spells/scripts/support/desintegrate_rune.lua:onCastSpell
[25/7/2012 18:15:17] Description: 
[25/7/2012 18:15:17] data/spells/scripts/support/desintegrate_rune.lua:13: attempt to call global 'doCleanTileItemsByPos' (a nil value)
[25/7/2012 18:15:17] stack traceback:
[25/7/2012 18:15:17] 	data/spells/scripts/support/desintegrate_rune.lua:13: in function <data/spells/scripts/support/desintegrate_rune.lua:5>

[25/7/2012 18:15:17] [Error - Spell Interface] 
[25/7/2012 18:15:17] data/spells/scripts/support/desintegrate_rune.lua:onCastSpell
[25/7/2012 18:15:17] Description: 
[25/7/2012 18:15:17] data/spells/scripts/support/desintegrate_rune.lua:13: attempt to call global 'doCleanTileItemsByPos' (a nil value)
[25/7/2012 18:15:17] stack traceback:
[25/7/2012 18:15:17] 	data/spells/scripts/support/desintegrate_rune.lua:13: in function <data/spells/scripts/support/desintegrate_rune.lua:5>

[25/7/2012 18:15:17] [Error - Spell Interface] 
[25/7/2012 18:15:17] data/spells/scripts/support/desintegrate_rune.lua:onCastSpell
[25/7/2012 18:15:17] Description: 
[25/7/2012 18:15:17] data/spells/scripts/support/desintegrate_rune.lua:13: attempt to call global 'doCleanTileItemsByPos' (a nil value)
[25/7/2012 18:15:17] stack traceback:
[25/7/2012 18:15:17] 	data/spells/scripts/support/desintegrate_rune.lua:13: in function <data/spells/scripts/support/desintegrate_rune.lua:5>

[25/7/2012 18:15:17] [Error - Spell Interface] 
[25/7/2012 18:15:17] data/spells/scripts/support/desintegrate_rune.lua:onCastSpell
[25/7/2012 18:15:17] Description: 
[25/7/2012 18:15:17] data/spells/scripts/support/desintegrate_rune.lua:13: attempt to call global 'doCleanTileItemsByPos' (a nil value)
[25/7/2012 18:15:17] stack traceback:
[25/7/2012 18:15:17] 	data/spells/scripts/support/desintegrate_rune.lua:13: in function <data/spells/scripts/support/desintegrate_rune.lua:5>

[25/7/2012 18:15:18] [Error - Spell Interface] 
[25/7/2012 18:15:18] data/spells/scripts/support/desintegrate_rune.lua:onCastSpell
[25/7/2012 18:15:18] Description: 
[25/7/2012 18:15:18] data/spells/scripts/support/desintegrate_rune.lua:13: attempt to call global 'doCleanTileItemsByPos' (a nil value)
[25/7/2012 18:15:18] stack traceback:
[25/7/2012 18:15:18] 	data/spells/scripts/support/desintegrate_rune.lua:13: in function <data/spells/scripts/support/desintegrate_rune.lua:5>

[25/7/2012 18:15:18] [Error - Spell Interface] 
[25/7/2012 18:15:18] data/spells/scripts/support/desintegrate_rune.lua:onCastSpell
[25/7/2012 18:15:18] Description: 
[25/7/2012 18:15:18] data/spells/scripts/support/desintegrate_rune.lua:13: attempt to call global 'doCleanTileItemsByPos' (a nil value)
[25/7/2012 18:15:18] stack traceback:
[25/7/2012 18:15:18] 	data/spells/scripts/support/desintegrate_rune.lua:13: in function <data/spells/scripts/support/desintegrate_rune.lua:5>

[25/7/2012 18:15:18] [Error - Spell Interface] 
[25/7/2012 18:15:18] data/spells/scripts/support/desintegrate_rune.lua:onCastSpell
[25/7/2012 18:15:18] Description: 
[25/7/2012 18:15:18] data/spells/scripts/support/desintegrate_rune.lua:13: attempt to call global 'doCleanTileItemsByPos' (a nil value)
[25/7/2012 18:15:18] stack traceback:
[25/7/2012 18:15:18] 	data/spells/scripts/support/desintegrate_rune.lua:13: in function <data/spells/scripts/support/desintegrate_rune.lua:5>

[25/7/2012 18:15:18] [Error - Spell Interface] 
[25/7/2012 18:15:18] data/spells/scripts/support/desintegrate_rune.lua:onCastSpell
[25/7/2012 18:15:18] Description: 
[25/7/2012 18:15:18] data/spells/scripts/support/desintegrate_rune.lua:13: attempt to call global 'doCleanTileItemsByPos' (a nil value)
[25/7/2012 18:15:18] stack traceback:
[25/7/2012 18:15:18] 	data/spells/scripts/support/desintegrate_rune.lua:13: in function <data/spells/scripts/support/desintegrate_rune.lua:5>

[25/7/2012 18:15:18] [Error - Spell Interface] 
[25/7/2012 18:15:18] data/spells/scripts/support/desintegrate_rune.lua:onCastSpell
[25/7/2012 18:15:18] Description: 
[25/7/2012 18:15:18] data/spells/scripts/support/desintegrate_rune.lua:13: attempt to call global 'doCleanTileItemsByPos' (a nil value)
[25/7/2012 18:15:18] stack traceback:
[25/7/2012 18:15:18] 	data/spells/scripts/support/desintegrate_rune.lua:13: in function <data/spells/scripts/support/desintegrate_rune.lua:5>

[25/7/2012 18:15:18] [Error - Spell Interface] 
[25/7/2012 18:15:18] data/spells/scripts/support/desintegrate_rune.lua:onCastSpell
[25/7/2012 18:15:18] Description: 
[25/7/2012 18:15:18] data/spells/scripts/support/desintegrate_rune.lua:13: attempt to call global 'doCleanTileItemsByPos' (a nil value)
[25/7/2012 18:15:18] stack traceback:
[25/7/2012 18:15:18] 	data/spells/scripts/support/desintegrate_rune.lua:13: in function <data/spells/scripts/support/desintegrate_rune.lua:5>

[25/7/2012 18:15:19] [Error - Spell Interface] 
[25/7/2012 18:15:19] data/spells/scripts/support/desintegrate_rune.lua:onCastSpell
[25/7/2012 18:15:19] Description: 
[25/7/2012 18:15:19] data/spells/scripts/support/desintegrate_rune.lua:13: attempt to call global 'doCleanTileItemsByPos' (a nil value)
[25/7/2012 18:15:19] stack traceback:
[25/7/2012 18:15:19] 	data/spells/scripts/support/desintegrate_rune.lua:13: in function <data/spells/scripts/support/desintegrate_rune.lua:5>

[25/7/2012 18:15:19] [Error - Spell Interface] 
[25/7/2012 18:15:19] data/spells/scripts/support/desintegrate_rune.lua:onCastSpell
[25/7/2012 18:15:19] Description: 
[25/7/2012 18:15:19] data/spells/scripts/support/desintegrate_rune.lua:13: attempt to call global 'doCleanTileItemsByPos' (a nil value)
[25/7/2012 18:15:19] stack traceback:
[25/7/2012 18:15:19] 	data/spells/scripts/support/desintegrate_rune.lua:13: in function <data/spells/scripts/support/desintegrate_rune.lua:5>

[25/7/2012 18:15:20] [Error - Spell Interface] 
[25/7/2012 18:15:20] data/spells/scripts/support/desintegrate_rune.lua:onCastSpell
[25/7/2012 18:15:20] Description: 
[25/7/2012 18:15:20] data/spells/scripts/support/desintegrate_rune.lua:13: attempt to call global 'doCleanTileItemsByPos' (a nil value)
[25/7/2012 18:15:20] stack traceback:
[25/7/2012 18:15:20] 	data/spells/scripts/support/desintegrate_rune.lua:13: in function <data/spells/scripts/support/desintegrate_rune.lua:5>

[25/7/2012 18:15:21] [Error - Spell Interface] 
[25/7/2012 18:15:21] data/spells/scripts/support/desintegrate_rune.lua:onCastSpell
[25/7/2012 18:15:21] Description: 
[25/7/2012 18:15:21] data/spells/scripts/support/desintegrate_rune.lua:13: attempt to call global 'doCleanTileItemsByPos' (a nil value)
[25/7/2012 18:15:21] stack traceback:
[25/7/2012 18:15:21] 	data/spells/scripts/support/desintegrate_rune.lua:13: in function <data/spells/scripts/support/desintegrate_rune.lua:5>

[25/7/2012 18:15:21] [Error - Spell Interface] 
[25/7/2012 18:15:21] data/spells/scripts/support/desintegrate_rune.lua:onCastSpell
[25/7/2012 18:15:21] Description: 
[25/7/2012 18:15:21] data/spells/scripts/support/desintegrate_rune.lua:13: attempt to call global 'doCleanTileItemsByPos' (a nil value)
[25/7/2012 18:15:21] stack traceback:
[25/7/2012 18:15:21] 	data/spells/scripts/support/desintegrate_rune.lua:13: in function <data/spells/scripts/support/desintegrate_rune.lua:5>

[25/7/2012 18:15:21] [Error - Spell Interface] 
[25/7/2012 18:15:21] data/spells/scripts/support/desintegrate_rune.lua:onCastSpell
[25/7/2012 18:15:21] Description: 
[25/7/2012 18:15:21] data/spells/scripts/support/desintegrate_rune.lua:13: attempt to call global 'doCleanTileItemsByPos' (a nil value)
[25/7/2012 18:15:21] stack traceback:
[25/7/2012 18:15:21] 	data/spells/scripts/support/desintegrate_rune.lua:13: in function <data/spells/scripts/support/desintegrate_rune.lua:5>

[25/7/2012 18:15:21] [Error - Spell Interface] 
[25/7/2012 18:15:21] data/spells/scripts/support/desintegrate_rune.lua:onCastSpell
[25/7/2012 18:15:21] Description: 
[25/7/2012 18:15:21] data/spells/scripts/support/desintegrate_rune.lua:13: attempt to call global 'doCleanTileItemsByPos' (a nil value)
[25/7/2012 18:15:21] stack traceback:
[25/7/2012 18:15:21] 	data/spells/scripts/support/desintegrate_rune.lua:13: in function <data/spells/scripts/support/desintegrate_rune.lua:5>

[25/7/2012 18:15:21] [Error - Spell Interface] 
[25/7/2012 18:15:21] data/spells/scripts/support/desintegrate_rune.lua:onCastSpell
[25/7/2012 18:15:21] Description: 
[25/7/2012 18:15:21] data/spells/scripts/support/desintegrate_rune.lua:13: attempt to call global 'doCleanTileItemsByPos' (a nil value)
[25/7/2012 18:15:21] stack traceback:
[25/7/2012 18:15:21] 	data/spells/scripts/support/desintegrate_rune.lua:13: in function <data/spells/scripts/support/desintegrate_rune.lua:5>

[25/7/2012 18:15:21] [Error - Spell Interface] 
[25/7/2012 18:15:21] data/spells/scripts/support/desintegrate_rune.lua:onCastSpell
[25/7/2012 18:15:21] Description: 
[25/7/2012 18:15:21] data/spells/scripts/support/desintegrate_rune.lua:13: attempt to call global 'doCleanTileItemsByPos' (a nil value)
[25/7/2012 18:15:21] stack traceback:
[25/7/2012 18:15:21] 	data/spells/scripts/support/desintegrate_rune.lua:13: in function <data/spells/scripts/support/desintegrate_rune.lua:5>

[25/7/2012 18:15:21] [Error - Spell Interface] 
[25/7/2012 18:15:21] data/spells/scripts/support/desintegrate_rune.lua:onCastSpell
[25/7/2012 18:15:21] Description: 
[25/7/2012 18:15:21] data/spells/scripts/support/desintegrate_rune.lua:13: attempt to call global 'doCleanTileItemsByPos' (a nil value)
[25/7/2012 18:15:21] stack traceback:
[25/7/2012 18:15:21] 	data/spells/scripts/support/desintegrate_rune.lua:13: in function <data/spells/scripts/support/desintegrate_rune.lua:5>

[25/7/2012 18:15:22] [Error - Spell Interface] 
[25/7/2012 18:15:22] data/spells/scripts/support/desintegrate_rune.lua:onCastSpell
[25/7/2012 18:15:22] Description: 
[25/7/2012 18:15:22] data/spells/scripts/support/desintegrate_rune.lua:13: attempt to call global 'doCleanTileItemsByPos' (a nil value)
[25/7/2012 18:15:22] stack traceback:
[25/7/2012 18:15:22] 	data/spells/scripts/support/desintegrate_rune.lua:13: in function <data/spells/scripts/support/desintegrate_rune.lua:5>

[25/7/2012 18:15:22] [Error - Spell Interface] 
[25/7/2012 18:15:22] data/spells/scripts/support/desintegrate_rune.lua:onCastSpell
[25/7/2012 18:15:22] Description: 
[25/7/2012 18:15:22] data/spells/scripts/support/desintegrate_rune.lua:13: attempt to call global 'doCleanTileItemsByPos' (a nil value)
[25/7/2012 18:15:22] stack traceback:
[25/7/2012 18:15:22] 	data/spells/scripts/support/desintegrate_rune.lua:13: in function <data/spells/scripts/support/desintegrate_rune.lua:5>

[25/7/2012 18:15:22] [Error - Spell Interface] 
[25/7/2012 18:15:22] data/spells/scripts/support/desintegrate_rune.lua:onCastSpell
[25/7/2012 18:15:22] Description: 
[25/7/2012 18:15:22] data/spells/scripts/support/desintegrate_rune.lua:13: attempt to call global 'doCleanTileItemsByPos' (a nil value)
[25/7/2012 18:15:22] stack traceback:
[25/7/2012 18:15:22] 	data/spells/scripts/support/desintegrate_rune.lua:13: in function <data/spells/scripts/support/desintegrate_rune.lua:5>

[25/7/2012 18:15:22] [Error - Spell Interface] 
[25/7/2012 18:15:22] data/spells/scripts/support/desintegrate_rune.lua:onCastSpell
[25/7/2012 18:15:22] Description: 
[25/7/2012 18:15:22] data/spells/scripts/support/desintegrate_rune.lua:13: attempt to call global 'doCleanTileItemsByPos' (a nil value)
[25/7/2012 18:15:22] stack traceback:
[25/7/2012 18:15:22] 	data/spells/scripts/support/desintegrate_rune.lua:13: in function <data/spells/scripts/support/desintegrate_rune.lua:5>

[25/7/2012 18:15:22] [Error - Spell Interface] 
[25/7/2012 18:15:22] data/spells/scripts/support/desintegrate_rune.lua:onCastSpell
[25/7/2012 18:15:22] Description: 
[25/7/2012 18:15:22] data/spells/scripts/support/desintegrate_rune.lua:13: attempt to call global 'doCleanTileItemsByPos' (a nil value)
[25/7/2012 18:15:22] stack traceback:
[25/7/2012 18:15:22] 	data/spells/scripts/support/desintegrate_rune.lua:13: in function <data/spells/scripts/support/desintegrate_rune.lua:5>

[25/7/2012 18:15:22] [Error - Spell Interface] 
[25/7/2012 18:15:22] data/spells/scripts/support/desintegrate_rune.lua:onCastSpell
[25/7/2012 18:15:22] Description: 
[25/7/2012 18:15:22] data/spells/scripts/support/desintegrate_rune.lua:13: attempt to call global 'doCleanTileItemsByPos' (a nil value)
[25/7/2012 18:15:22] stack traceback:
[25/7/2012 18:15:22] 	data/spells/scripts/support/desintegrate_rune.lua:13: in function <data/spells/scripts/support/desintegrate_rune.lua:5>

[25/7/2012 18:15:25] [Error - Spell Interface] 
[25/7/2012 18:15:25] data/spells/scripts/support/desintegrate_rune.lua:onCastSpell
[25/7/2012 18:15:25] Description: 
[25/7/2012 18:15:25] data/spells/scripts/support/desintegrate_rune.lua:13: attempt to call global 'doCleanTileItemsByPos' (a nil value)
[25/7/2012 18:15:25] stack traceback:
[25/7/2012 18:15:25] 	data/spells/scripts/support/desintegrate_rune.lua:13: in function <data/spells/scripts/support/desintegrate_rune.lua:5>

[25/7/2012 18:15:25] [Error - Spell Interface] 
[25/7/2012 18:15:25] data/spells/scripts/support/desintegrate_rune.lua:onCastSpell
[25/7/2012 18:15:25] Description: 
[25/7/2012 18:15:25] data/spells/scripts/support/desintegrate_rune.lua:13: attempt to call global 'doCleanTileItemsByPos' (a nil value)
[25/7/2012 18:15:25] stack traceback:
[25/7/2012 18:15:25] 	data/spells/scripts/support/desintegrate_rune.lua:13: in function <data/spells/scripts/support/desintegrate_rune.lua:5>

[25/7/2012 18:15:25] [Error - Spell Interface] 
[25/7/2012 18:15:25] data/spells/scripts/support/desintegrate_rune.lua:onCastSpell
[25/7/2012 18:15:25] Description: 
[25/7/2012 18:15:25] data/spells/scripts/support/desintegrate_rune.lua:13: attempt to call global 'doCleanTileItemsByPos' (a nil value)
[25/7/2012 18:15:25] stack traceback:
[25/7/2012 18:15:25] 	data/spells/scripts/support/desintegrate_rune.lua:13: in function <data/spells/scripts/support/desintegrate_rune.lua:5>

[25/7/2012 18:15:25] [Error - Spell Interface] 
[25/7/2012 18:15:25] data/spells/scripts/support/desintegrate_rune.lua:onCastSpell
[25/7/2012 18:15:25] Description: 
[25/7/2012 18:15:25] data/spells/scripts/support/desintegrate_rune.lua:13: attempt to call global 'doCleanTileItemsByPos' (a nil value)
[25/7/2012 18:15:25] stack traceback:
[25/7/2012 18:15:25] 	data/spells/scripts/support/desintegrate_rune.lua:13: in function <data/spells/scripts/support/desintegrate_rune.lua:5>

[25/7/2012 18:15:31] [Error - Spell Interface] 
[25/7/2012 18:15:31] data/spells/scripts/support/desintegrate_rune.lua:onCastSpell
[25/7/2012 18:15:31] Description: 
[25/7/2012 18:15:31] data/spells/scripts/support/desintegrate_rune.lua:13: attempt to call global 'doCleanTileItemsByPos' (a nil value)
[25/7/2012 18:15:31] stack traceback:
[25/7/2012 18:15:31] 	data/spells/scripts/support/desintegrate_rune.lua:13: in function <data/spells/scripts/support/desintegrate_rune.lua:5>

[25/7/2012 18:15:32] [Error - Spell Interface] 
[25/7/2012 18:15:32] data/spells/scripts/support/desintegrate_rune.lua:onCastSpell
[25/7/2012 18:15:32] Description: 
[25/7/2012 18:15:32] data/spells/scripts/support/desintegrate_rune.lua:13: attempt to call global 'doCleanTileItemsByPos' (a nil value)
[25/7/2012 18:15:32] stack traceback:
[25/7/2012 18:15:32] 	data/spells/scripts/support/desintegrate_rune.lua:13: in function <data/spells/scripts/support/desintegrate_rune.lua:5>

[25/7/2012 18:15:32] [Error - Spell Interface] 
[25/7/2012 18:15:32] data/spells/scripts/support/desintegrate_rune.lua:onCastSpell
[25/7/2012 18:15:32] Description: 
[25/7/2012 18:15:32] data/spells/scripts/support/desintegrate_rune.lua:13: attempt to call global 'doCleanTileItemsByPos' (a nil value)
[25/7/2012 18:15:32] stack traceback:
[25/7/2012 18:15:32] 	data/spells/scripts/support/desintegrate_rune.lua:13: in function <data/spells/scripts/support/desintegrate_rune.lua:5>

[25/7/2012 18:15:32] [Error - Spell Interface] 
[25/7/2012 18:15:32] data/spells/scripts/support/desintegrate_rune.lua:onCastSpell
[25/7/2012 18:15:32] Description: 
[25/7/2012 18:15:32] data/spells/scripts/support/desintegrate_rune.lua:13: attempt to call global 'doCleanTileItemsByPos' (a nil value)
[25/7/2012 18:15:32] stack traceback:
[25/7/2012 18:15:32] 	data/spells/scripts/support/desintegrate_rune.lua:13: in function <data/spells/scripts/support/desintegrate_rune.lua:5>

[25/7/2012 18:15:32] [Error - Spell Interface] 
[25/7/2012 18:15:32] data/spells/scripts/support/desintegrate_rune.lua:onCastSpell
[25/7/2012 18:15:32] Description: 
[25/7/2012 18:15:32] data/spells/scripts/support/desintegrate_rune.lua:13: attempt to call global 'doCleanTileItemsByPos' (a nil value)
[25/7/2012 18:15:32] stack traceback:
[25/7/2012 18:15:32] 	data/spells/scripts/support/desintegrate_rune.lua:13: in function <data/spells/scripts/support/desintegrate_rune.lua:5>

[25/7/2012 18:15:32] [Error - Spell Interface] 
[25/7/2012 18:15:32] data/spells/scripts/support/desintegrate_rune.lua:onCastSpell
[25/7/2012 18:15:32] Description: 
[25/7/2012 18:15:32] data/spells/scripts/support/desintegrate_rune.lua:13: attempt to call global 'doCleanTileItemsByPos' (a nil value)
[25/7/2012 18:15:32] stack traceback:
[25/7/2012 18:15:32] 	data/spells/scripts/support/desintegrate_rune.lua:13: in function <data/spells/scripts/support/desintegrate_rune.lua:5>

[25/7/2012 18:15:32] [Error - Spell Interface] 
[25/7/2012 18:15:32] data/spells/scripts/support/desintegrate_rune.lua:onCastSpell
[25/7/2012 18:15:32] Description: 
[25/7/2012 18:15:32] data/spells/scripts/support/desintegrate_rune.lua:13: attempt to call global 'doCleanTileItemsByPos' (a nil value)
[25/7/2012 18:15:32] stack traceback:
[25/7/2012 18:15:32] 	data/spells/scripts/support/desintegrate_rune.lua:13: in function <data/spells/scripts/support/desintegrate_rune.lua:5>

[25/7/2012 18:15:33] [Error - Spell Interface] 
[25/7/2012 18:15:33] data/spells/scripts/support/desintegrate_rune.lua:onCastSpell
[25/7/2012 18:15:33] Description: 
[25/7/2012 18:15:33] data/spells/scripts/support/desintegrate_rune.lua:13: attempt to call global 'doCleanTileItemsByPos' (a nil value)
[25/7/2012 18:15:33] stack traceback:
[25/7/2012 18:15:33] 	data/spells/scripts/support/desintegrate_rune.lua:13: in function <data/spells/scripts/support/desintegrate_rune.lua:5>

[25/7/2012 18:15:33] [Error - Spell Interface] 
[25/7/2012 18:15:33] data/spells/scripts/support/desintegrate_rune.lua:onCastSpell
[25/7/2012 18:15:33] Description: 
[25/7/2012 18:15:33] data/spells/scripts/support/desintegrate_rune.lua:13: attempt to call global 'doCleanTileItemsByPos' (a nil value)
[25/7/2012 18:15:33] stack traceback:
[25/7/2012 18:15:33] 	data/spells/scripts/support/desintegrate_rune.lua:13: in function <data/spells/scripts/support/desintegrate_rune.lua:5>

[25/7/2012 18:15:33] [Error - Spell Interface] 
[25/7/2012 18:15:33] data/spells/scripts/support/desintegrate_rune.lua:onCastSpell
[25/7/2012 18:15:33] Description: 
[25/7/2012 18:15:33] data/spells/scripts/support/desintegrate_rune.lua:13: attempt to call global 'doCleanTileItemsByPos' (a nil value)
[25/7/2012 18:15:33] stack traceback:
[25/7/2012 18:15:33] 	data/spells/scripts/support/desintegrate_rune.lua:13: in function <data/spells/scripts/support/desintegrate_rune.lua:5>

[25/7/2012 18:15:33] [Error - Spell Interface] 
[25/7/2012 18:15:33] data/spells/scripts/support/desintegrate_rune.lua:onCastSpell
[25/7/2012 18:15:33] Description: 
[25/7/2012 18:15:33] data/spells/scripts/support/desintegrate_rune.lua:13: attempt to call global 'doCleanTileItemsByPos' (a nil value)
[25/7/2012 18:15:33] stack traceback:
[25/7/2012 18:15:33] 	data/spells/scripts/support/desintegrate_rune.lua:13: in function <data/spells/scripts/support/desintegrate_rune.lua:5>

[25/7/2012 18:15:33] [Error - Spell Interface] 
[25/7/2012 18:15:33] data/spells/scripts/support/desintegrate_rune.lua:onCastSpell
[25/7/2012 18:15:33] Description: 
[25/7/2012 18:15:33] data/spells/scripts/support/desintegrate_rune.lua:13: attempt to call global 'doCleanTileItemsByPos' (a nil value)
[25/7/2012 18:15:33] stack traceback:
[25/7/2012 18:15:33] 	data/spells/scripts/support/desintegrate_rune.lua:13: in function <data/spells/scripts/support/desintegrate_rune.lua:5>

[25/7/2012 18:16:25] [Error - Spell Interface] 
[25/7/2012 18:16:25] data/spells/scripts/support/desintegrate_rune.lua:onCastSpell
[25/7/2012 18:16:25] Description: 
[25/7/2012 18:16:25] data/spells/scripts/support/desintegrate_rune.lua:13: attempt to call global 'doCleanTileItemsByPos' (a nil value)
[25/7/2012 18:16:25] stack traceback:
[25/7/2012 18:16:25] 	data/spells/scripts/support/desintegrate_rune.lua:13: in function <data/spells/scripts/support/desintegrate_rune.lua:5>

[25/7/2012 18:16:25] [Error - Spell Interface] 
[25/7/2012 18:16:25] data/spells/scripts/support/desintegrate_rune.lua:onCastSpell
[25/7/2012 18:16:25] Description: 
[25/7/2012 18:16:25] data/spells/scripts/support/desintegrate_rune.lua:13: attempt to call global 'doCleanTileItemsByPos' (a nil value)
[25/7/2012 18:16:25] stack traceback:
[25/7/2012 18:16:25] 	data/spells/scripts/support/desintegrate_rune.lua:13: in function <data/spells/scripts/support/desintegrate_rune.lua:5>

[25/7/2012 18:16:25] [Error - Spell Interface] 
[25/7/2012 18:16:25] data/spells/scripts/support/desintegrate_rune.lua:onCastSpell
[25/7/2012 18:16:25] Description: 
[25/7/2012 18:16:25] data/spells/scripts/support/desintegrate_rune.lua:13: attempt to call global 'doCleanTileItemsByPos' (a nil value)
[25/7/2012 18:16:25] stack traceback:
[25/7/2012 18:16:25] 	data/spells/scripts/support/desintegrate_rune.lua:13: in function <data/spells/scripts/support/desintegrate_rune.lua:5>

[25/7/2012 18:16:26] [Error - Spell Interface] 
[25/7/2012 18:16:26] data/spells/scripts/support/desintegrate_rune.lua:onCastSpell
[25/7/2012 18:16:26] Description: 
[25/7/2012 18:16:26] data/spells/scripts/support/desintegrate_rune.lua:13: attempt to call global 'doCleanTileItemsByPos' (a nil value)
[25/7/2012 18:16:26] stack traceback:
[25/7/2012 18:16:26] 	data/spells/scripts/support/desintegrate_rune.lua:13: in function <data/spells/scripts/support/desintegrate_rune.lua:5>

[25/7/2012 18:16:26] [Error - Spell Interface] 
[25/7/2012 18:16:26] data/spells/scripts/support/desintegrate_rune.lua:onCastSpell
[25/7/2012 18:16:26] Description: 
[25/7/2012 18:16:26] data/spells/scripts/support/desintegrate_rune.lua:13: attempt to call global 'doCleanTileItemsByPos' (a nil value)
[25/7/2012 18:16:26] stack traceback:
[25/7/2012 18:16:26] 	data/spells/scripts/support/desintegrate_rune.lua:13: in function <data/spells/scripts/support/desintegrate_rune.lua:5>

[25/7/2012 18:16:26] [Error - Spell Interface] 
[25/7/2012 18:16:26] data/spells/scripts/support/desintegrate_rune.lua:onCastSpell
[25/7/2012 18:16:26] Description: 
[25/7/2012 18:16:26] data/spells/scripts/support/desintegrate_rune.lua:13: attempt to call global 'doCleanTileItemsByPos' (a nil value)
[25/7/2012 18:16:26] stack traceback:
[25/7/2012 18:16:26] 	data/spells/scripts/support/desintegrate_rune.lua:13: in function <data/spells/scripts/support/desintegrate_rune.lua:5>

[25/7/2012 18:41:49] [Error - Spell Interface] 
[25/7/2012 18:41:49] data/spells/scripts/support/destroy_field_rune.lua:onCastSpell
[25/7/2012 18:41:49] Description: 
[25/7/2012 18:41:49] (luaDoRemoveItem) Item not found

[25/7/2012 18:41:54] [Error - Spell Interface] 
[25/7/2012 18:41:54] data/spells/scripts/support/destroy_field_rune.lua:onCastSpell
[25/7/2012 18:41:54] Description: 
[25/7/2012 18:41:54] (luaDoRemoveItem) Item not found

[25/7/2012 18:41:59] [Error - Spell Interface] 
[25/7/2012 18:41:59] data/spells/scripts/support/destroy_field_rune.lua:onCastSpell
[25/7/2012 18:41:59] Description: 
[25/7/2012 18:41:59] (luaDoRemoveItem) Item not found
[25/7/2012 18:54:34] [Warning - Protocol::RSA_decrypt] Not valid packet size (IP: 201.58.47.87)
[25/7/2012 19:11:4] > Saving server...
[25/7/2012 19:11:13] > SAVE: Complete in 8.9 seconds using binary-tilebased house storage.
[25/7/2012 20:11:5] > Saving server...
[25/7/2012 20:11:12] > SAVE: Complete in 7.523 seconds using binary-tilebased house storage.

[25/7/2012 20:29:43] [Error - Action Interface] 
[25/7/2012 20:29:43] data/actions/scripts/game/koshei.lua:onUse
[25/7/2012 20:29:43] Description: 
[25/7/2012 20:29:43] (luaGetItemAttribute) Item not found

[25/7/2012 20:49:0] [Error - Spell Interface] 
[25/7/2012 20:49:0] data/spells/scripts/support/desintegrate_rune.lua:onCastSpell
[25/7/2012 20:49:0] Description: 
[25/7/2012 20:49:0] data/spells/scripts/support/desintegrate_rune.lua:13: attempt to call global 'doCleanTileItemsByPos' (a nil value)
[25/7/2012 20:49:0] stack traceback:
[25/7/2012 20:49:0] 	data/spells/scripts/support/desintegrate_rune.lua:13: in function <data/spells/scripts/support/desintegrate_rune.lua:5>

[25/7/2012 20:49:4] [Error - Spell Interface] 
[25/7/2012 20:49:4] data/spells/scripts/support/desintegrate_rune.lua:onCastSpell
[25/7/2012 20:49:4] Description: 
[25/7/2012 20:49:4] data/spells/scripts/support/desintegrate_rune.lua:13: attempt to call global 'doCleanTileItemsByPos' (a nil value)
[25/7/2012 20:49:4] stack traceback:
[25/7/2012 20:49:4] 	data/spells/scripts/support/desintegrate_rune.lua:13: in function <data/spells/scripts/support/desintegrate_rune.lua:5>
[25/7/2012 21:11:5] > Saving server...
[25/7/2012 21:11:16] > SAVE: Complete in 10.974 seconds using binary-tilebased house storage.

[25/7/2012 21:21:33] [Error - Action Interface] 
[25/7/2012 21:21:33] data/actions/scripts/tools/rope.lua:onUse
[25/7/2012 21:21:33] Description: 
[25/7/2012 21:21:33] (luaGetThingFromPos) Tile not found
[25/7/2012 21:36:53] [Warning - Protocol::RSA_decrypt] Not valid packet size (IP: 186.207.97.70)
[25/7/2012 21:37:33] [Warning - Protocol::RSA_decrypt] Not valid packet size (IP: 187.10.31.72)
[25/7/2012 21:40:11] [Warning - Protocol::RSA_decrypt] Not valid packet size (IP: 187.32.85.65)
[25/7/2012 21:41:3] [Warning - Protocol::RSA_decrypt] Not valid packet size (IP: 187.32.85.65)
[25/7/2012 22:11:5] > Saving server...
[25/7/2012 22:11:12] > SAVE: Complete in 7.022 seconds using binary-tilebased house storage.
[25/7/2012 22:47:34] [Warning - Protocol::RSA_decrypt] Not valid packet size (IP: 189.47.118.237)
[25/7/2012 22:47:40] [Warning - Protocol::RSA_decrypt] Not valid packet size (IP: 189.47.118.237)

[25/7/2012 22:48:4] [Error - Action Interface] 
[25/7/2012 22:48:4] data/actions/scripts/tools/rope.lua:onUse
[25/7/2012 22:48:4] Description: 
[25/7/2012 22:48:4] (luaGetThingFromPos) Tile not found
[25/7/2012 23:11:5] > Saving server...
[25/7/2012 23:11:13] > SAVE: Complete in 8.51 seconds using binary-tilebased house storage.
[25/7/2012 23:32:39] > Broadcasted message: "Elf Scouts have been sighted near Thorn!".
[25/7/2012 23:35:39] > Broadcasted message: "The elves are comming to Thorn, seams to be a huge attack!".
[25/7/2012 23:37:39] > Broadcasted message: "Thorn is under attack!".

[26/7/2012 0:3:3] [Error - Spell Interface] 
[26/7/2012 0:3:3] data/spells/scripts/support/desintegrate_rune.lua:onCastSpell
[26/7/2012 0:3:3] Description: 
[26/7/2012 0:3:3] data/spells/scripts/support/desintegrate_rune.lua:13: attempt to call global 'doCleanTileItemsByPos' (a nil value)
[26/7/2012 0:3:3] stack traceback:
[26/7/2012 0:3:3] 	data/spells/scripts/support/desintegrate_rune.lua:13: in function <data/spells/scripts/support/desintegrate_rune.lua:5>

[26/7/2012 0:3:5] [Error - Spell Interface] 
[26/7/2012 0:3:5] data/spells/scripts/support/desintegrate_rune.lua:onCastSpell
[26/7/2012 0:3:5] Description: 
[26/7/2012 0:3:5] data/spells/scripts/support/desintegrate_rune.lua:13: attempt to call global 'doCleanTileItemsByPos' (a nil value)
[26/7/2012 0:3:5] stack traceback:
[26/7/2012 0:3:5] 	data/spells/scripts/support/desintegrate_rune.lua:13: in function <data/spells/scripts/support/desintegrate_rune.lua:5>

[26/7/2012 0:3:7] [Error - Spell Interface] 
[26/7/2012 0:3:7] data/spells/scripts/support/desintegrate_rune.lua:onCastSpell
[26/7/2012 0:3:7] Description: 
[26/7/2012 0:3:7] data/spells/scripts/support/desintegrate_rune.lua:13: attempt to call global 'doCleanTileItemsByPos' (a nil value)
[26/7/2012 0:3:7] stack traceback:
[26/7/2012 0:3:7] 	data/spells/scripts/support/desintegrate_rune.lua:13: in function <data/spells/scripts/support/desintegrate_rune.lua:5>

[26/7/2012 0:3:8] [Error - Spell Interface] 
[26/7/2012 0:3:8] data/spells/scripts/support/desintegrate_rune.lua:onCastSpell
[26/7/2012 0:3:8] Description: 
[26/7/2012 0:3:8] data/spells/scripts/support/desintegrate_rune.lua:13: attempt to call global 'doCleanTileItemsByPos' (a nil value)
[26/7/2012 0:3:8] stack traceback:
[26/7/2012 0:3:8] 	data/spells/scripts/support/desintegrate_rune.lua:13: in function <data/spells/scripts/support/desintegrate_rune.lua:5>

[26/7/2012 0:3:35] [Error - Spell Interface] 
[26/7/2012 0:3:35] data/spells/scripts/support/desintegrate_rune.lua:onCastSpell
[26/7/2012 0:3:35] Description: 
[26/7/2012 0:3:35] data/spells/scripts/support/desintegrate_rune.lua:13: attempt to call global 'doCleanTileItemsByPos' (a nil value)
[26/7/2012 0:3:35] stack traceback:
[26/7/2012 0:3:35] 	data/spells/scripts/support/desintegrate_rune.lua:13: in function <data/spells/scripts/support/desintegrate_rune.lua:5>
[26/7/2012 0:11:5] > Saving server...
[26/7/2012 0:11:13] > SAVE: Complete in 8.418 seconds using binary-tilebased house storage.

[26/7/2012 0:12:22] [Error - Spell Interface] 
[26/7/2012 0:12:22] data/spells/scripts/support/desintegrate_rune.lua:onCastSpell
[26/7/2012 0:12:22] Description: 
[26/7/2012 0:12:22] data/spells/scripts/support/desintegrate_rune.lua:13: attempt to call global 'doCleanTileItemsByPos' (a nil value)
[26/7/2012 0:12:22] stack traceback:
[26/7/2012 0:12:22] 	data/spells/scripts/support/desintegrate_rune.lua:13: in function <data/spells/scripts/support/desintegrate_rune.lua:5>

[26/7/2012 0:12:25] [Error - Spell Interface] 
[26/7/2012 0:12:25] data/spells/scripts/support/desintegrate_rune.lua:onCastSpell
[26/7/2012 0:12:25] Description: 
[26/7/2012 0:12:25] data/spells/scripts/support/desintegrate_rune.lua:13: attempt to call global 'doCleanTileItemsByPos' (a nil value)
[26/7/2012 0:12:25] stack traceback:
[26/7/2012 0:12:25] 	data/spells/scripts/support/desintegrate_rune.lua:13: in function <data/spells/scripts/support/desintegrate_rune.lua:5>

[26/7/2012 0:12:26] [Error - Spell Interface] 
[26/7/2012 0:12:26] data/spells/scripts/support/desintegrate_rune.lua:onCastSpell
[26/7/2012 0:12:26] Description: 
[26/7/2012 0:12:26] data/spells/scripts/support/desintegrate_rune.lua:13: attempt to call global 'doCleanTileItemsByPos' (a nil value)
[26/7/2012 0:12:26] stack traceback:
[26/7/2012 0:12:26] 	data/spells/scripts/support/desintegrate_rune.lua:13: in function <data/spells/scripts/support/desintegrate_rune.lua:5>

[26/7/2012 0:12:28] [Error - Spell Interface] 
[26/7/2012 0:12:28] data/spells/scripts/support/desintegrate_rune.lua:onCastSpell
[26/7/2012 0:12:28] Description: 
[26/7/2012 0:12:28] data/spells/scripts/support/desintegrate_rune.lua:13: attempt to call global 'doCleanTileItemsByPos' (a nil value)
[26/7/2012 0:12:28] stack traceback:
[26/7/2012 0:12:28] 	data/spells/scripts/support/desintegrate_rune.lua:13: in function <data/spells/scripts/support/desintegrate_rune.lua:5>

[26/7/2012 0:12:33] [Error - Spell Interface] 
[26/7/2012 0:12:33] data/spells/scripts/support/desintegrate_rune.lua:onCastSpell
[26/7/2012 0:12:33] Description: 
[26/7/2012 0:12:33] data/spells/scripts/support/desintegrate_rune.lua:13: attempt to call global 'doCleanTileItemsByPos' (a nil value)
[26/7/2012 0:12:33] stack traceback:
[26/7/2012 0:12:33] 	data/spells/scripts/support/desintegrate_rune.lua:13: in function <data/spells/scripts/support/desintegrate_rune.lua:5>
[26/7/2012 1:11:5] > Saving server...
[26/7/2012 1:11:13] > SAVE: Complete in 8.173 seconds using binary-tilebased house storage.
[26/7/2012 1:43:16] [Warning - Monsters::deserializeSpell] Frost Dragon - Unknown areaEffect: smallice
[26/7/2012 1:43:16] > 0 mods were loaded.
[26/7/2012 2:11:5] > Saving server...
[26/7/2012 2:11:10] > SAVE: Complete in 5.127 seconds using binary-tilebased house storage.
[26/7/2012 3:11:5] > Saving server...
[26/7/2012 3:11:9] > SAVE: Complete in 4.197 seconds using binary-tilebased house storage.
[26/7/2012 4:11:5] > Saving server...
[26/7/2012 4:11:9] > SAVE: Complete in 4.492 seconds using binary-tilebased house storage.
[26/7/2012 5:11:5] > Saving server...
[26/7/2012 5:11:8] > SAVE: Complete in 3.275 seconds using binary-tilebased house storage.
[26/7/2012 6:11:5] > Saving server...
[26/7/2012 6:11:8] > SAVE: Complete in 3.258 seconds using binary-tilebased house storage.
[26/7/2012 7:11:5] > Saving server...
[26/7/2012 7:11:8] > SAVE: Complete in 3.413 seconds using binary-tilebased house storage.
[26/7/2012 7:14:40] > Broadcasted message: "Elf Scouts have been sighted near Thorn!".
[26/7/2012 7:17:40] > Broadcasted message: "The elves are comming to Thorn, seams to be a huge attack!".
[26/7/2012 7:19:40] > Broadcasted message: "Thorn is under attack!".
[26/7/2012 8:11:5] > Saving server...
[26/7/2012 8:11:9] > SAVE: Complete in 4.55 seconds using binary-tilebased house storage.

[26/7/2012 8:47:34] [Error - Action Interface] 
[26/7/2012 8:47:34] data/actions/scripts/tools/pick.lua:onUse
[26/7/2012 8:47:34] Description: 
[26/7/2012 8:47:34] (luaGetThingFromPos) Tile not found
[26/7/2012 9:11:5] > Saving server...
[26/7/2012 9:11:11] > SAVE: Complete in 5.796 seconds using binary-tilebased house storage.
[26/7/2012 9:22:35] [Failure - Protocol::XTEA_decrypt] Not valid unencrypted message size (IP: 187.32.85.65)
[26/7/2012 10:1:0] > Paying houses...
[26/7/2012 10:1:3] Houses paid in 2.902 seconds.
[26/7/2012 10:1:3] > Saving server...
[26/7/2012 10:1:4] > SAVE: Complete in 0.863 seconds using binary-tilebased house storage.
[26/7/2012 10:1:4] Preparing to shutdown the server- done.
