[25/8/2012 10:9:2] > Using MD5 encryption
[25/8/2012 10:9:2] >> Loading RSA key
[25/8/2012 10:9:2] >> Starting SQL connection

[25/8/2012 10:9:2] > WARNING: Outdated MySQL server detected, consider upgrading to a newer version.
[25/8/2012 10:9:2] >> Running Database Manager
[25/8/2012 10:9:3] >> Loading items (OTB)
[25/8/2012 10:9:3] >> Loading items (XML)
[25/8/2012 10:9:3] [Warning - Items::loadFromXml] Unknown key value blocksolid
[25/8/2012 10:9:3] [Warning - Items::loadFromXml] Unknown key value blocksolid
[25/8/2012 10:9:3] >> Loading groups
[25/8/2012 10:9:3] >> Loading vocations
[25/8/2012 10:9:3] >> Loading outfits
[25/8/2012 10:9:3] >> Loading chat channels
[25/8/2012 10:9:3] >> Loading script systems
[25/8/2012 10:9:5] [Warning - Event::loadScript] Event onTime not found (data/globalevents/scripts/clean.lua)
[25/8/2012 10:9:5] >> Loading mods...
[25/8/2012 10:9:5] > 0 mods were loaded.
[25/8/2012 10:9:5] >> Loading experience stages
[25/8/2012 10:9:5] >> Loading monsters
[25/8/2012 10:9:6] [Warning - Monsters::deserializeSpell] Frost Dragon - Unknown areaEffect: smallice
[25/8/2012 10:9:7] >> Loading map and spawns...
[25/8/2012 10:9:11] > Map size: 5000x5000.
[25/8/2012 10:9:11] > Map descriptions: 
[25/8/2012 10:9:11] "Saved with Remere's Map Editor 2.2"
[25/8/2012 10:9:11] "SimOne MapEditor 0.5.5"
[25/8/2012 10:9:12] [Warning - IOMap::loadMap] Movable item in house: 517, item type: 2741, pos 1070/1121/6
[25/8/2012 10:9:12] [Warning - IOMap::loadMap] Movable item in house: 518, item type: 2741, pos 1070/1129/6
[25/8/2012 10:9:12] [Warning - IOMap::loadMap] Movable item in house: 517, item type: 2741, pos 1073/1121/6
[25/8/2012 10:9:12] [Warning - IOMap::loadMap] Movable item in house: 518, item type: 2741, pos 1073/1129/6
[25/8/2012 10:9:13] Duplicate uniqueId 6401
[25/8/2012 10:9:13] Duplicate uniqueId 6401
[25/8/2012 10:9:16] Duplicate uniqueId 6401
[25/8/2012 10:9:16] Duplicate uniqueId 6401
[25/8/2012 10:9:16] Duplicate uniqueId 6401
[25/8/2012 10:9:16] Duplicate uniqueId 6401
[25/8/2012 10:9:21] Duplicate uniqueId 6401
[25/8/2012 10:9:21] Duplicate uniqueId 6401
[25/8/2012 10:9:22] Duplicate uniqueId 2004
[25/8/2012 10:9:22] Duplicate uniqueId 2005
[25/8/2012 10:9:22] Duplicate uniqueId 2006
[25/8/2012 10:9:22] Duplicate uniqueId 2007
[25/8/2012 10:9:27] Duplicate uniqueId 6401
[25/8/2012 10:9:27] Duplicate uniqueId 6401
[25/8/2012 10:9:27] Duplicate uniqueId 6401
[25/8/2012 10:9:28] Duplicate uniqueId 6400
[25/8/2012 10:9:28] Duplicate uniqueId 6401
[25/8/2012 10:9:28] Duplicate uniqueId 2056
[25/8/2012 10:9:28] Duplicate uniqueId 2057
[25/8/2012 10:9:28] Duplicate uniqueId 2058
[25/8/2012 10:9:28] Duplicate uniqueId 2051
[25/8/2012 10:9:28] Duplicate uniqueId 2052
[25/8/2012 10:9:28] Duplicate uniqueId 2053
[25/8/2012 10:9:28] Duplicate uniqueId 2054
[25/8/2012 10:9:28] > Map loading time: 20.928 seconds.
[25/8/2012 10:9:29] [Spawn::addMonster] Cannot find "Butterfly"
[25/8/2012 10:9:29] [Spawn::addMonster] Cannot find "Butterfly"
[25/8/2012 10:9:29] > Data parsing time: 1.244 seconds.
[25/8/2012 10:9:45] > Houses synchronization time: 15.262 seconds.
[25/8/2012 10:9:45] > Content unserialization time: 0.159 seconds.
[25/8/2012 10:9:45] >> Checking world type... Open PvP
[25/8/2012 10:9:45] >> Initializing game state and binding services...
[25/8/2012 10:9:47] > Global IP address: 184.173.128.212
[25/8/2012 10:9:47] > Bound ports: 7577	7578	9215	
[25/8/2012 10:9:47] >> Everything smells good, server is starting up...
[25/8/2012 10:9:47] [DDOS EMERGENCY] Enabl>> UltraX server Online!
[25/8/2012 10:9:47] [DDOS EMERGENCY] Enabl>> UltraX server Online!


[25/8/2012 10:38:44] [Error - NpcScript Interface] 
[25/8/2012 10:38:44] (Unknown script file)
[25/8/2012 10:38:44] Description: 
[25/8/2012 10:38:44] attempt to call a nil value
[25/8/2012 10:38:44] stack traceback:

[25/8/2012 10:41:36] [Error - NpcScript Interface] 
[25/8/2012 10:41:36] (Unknown script file)
[25/8/2012 10:41:36] Description: 
[25/8/2012 10:41:36] attempt to call a nil value
[25/8/2012 10:41:36] stack traceback:
[25/8/2012 10:41:36] 	[C]: ?

[25/8/2012 10:41:43] [Error - NpcScript Interface] 
[25/8/2012 10:41:43] (Unknown script file)
[25/8/2012 10:41:43] Description: 
[25/8/2012 10:41:43] attempt to call a nil value
[25/8/2012 10:41:43] stack traceback:

[25/8/2012 10:48:40] [Error - NpcScript Interface] 
[25/8/2012 10:48:40] (Unknown script file)
[25/8/2012 10:48:40] Description: 
[25/8/2012 10:48:40] attempt to call a nil value
[25/8/2012 10:48:40] stack traceback:
[25/8/2012 11:11:5] > Saving server...
[25/8/2012 11:11:9] > SAVE: Complete in 4.201 seconds using binary-tilebased house storage.

[25/8/2012 11:13:24] [Error - NpcScript Interface] 
[25/8/2012 11:13:24] (Unknown script file)
[25/8/2012 11:13:24] Description: 
[25/8/2012 11:13:24] attempt to call a nil value
[25/8/2012 11:13:24] stack traceback:

[25/8/2012 11:30:34] [Error - NpcScript Interface] 
[25/8/2012 11:30:34] (Unknown script file)
[25/8/2012 11:30:34] Description: 
[25/8/2012 11:30:34] attempt to call a nil value
[25/8/2012 11:30:34] stack traceback:

[25/8/2012 11:44:8] [Error - NpcScript Interface] 
[25/8/2012 11:44:8] (Unknown script file)
[25/8/2012 11:44:8] Description: 
[25/8/2012 11:44:8] attempt to call a nil value
[25/8/2012 11:44:8] stack traceback:

[25/8/2012 12:10:14] [Error - NpcScript Interface] 
[25/8/2012 12:10:14] (Unknown script file)
[25/8/2012 12:10:14] Description: 
[25/8/2012 12:10:14] attempt to call a nil value
[25/8/2012 12:10:14] stack traceback:
[25/8/2012 12:11:5] > Saving server...
[25/8/2012 12:11:9] > SAVE: Complete in 4.616 seconds using binary-tilebased house storage.

[25/8/2012 12:23:56] [Error - NpcScript Interface] 
[25/8/2012 12:23:56] (Unknown script file)
[25/8/2012 12:23:56] Description: 
[25/8/2012 12:23:56] attempt to call a nil value
[25/8/2012 12:23:56] stack traceback:
[25/8/2012 12:23:56] 	[C]: in function 'closeShopWindow'
[25/8/2012 12:23:56] 	data/npc/lib/npcsystem/npchandler.lua:225: in function 'releaseFocus'
[25/8/2012 12:23:56] 	data/npc/lib/npcsystem/npchandler.lua:591: in function 'onWalkAway'
[25/8/2012 12:23:56] 	data/npc/lib/npcsystem/npchandler.lua:523: in function 'onThink'
[25/8/2012 12:23:56] 	data/npc/scripts/game/rashid.lua:9: in function <data/npc/scripts/game/rashid.lua:9>

[25/8/2012 12:38:5] [Error - NpcScript Interface] 
[25/8/2012 12:38:5] (Unknown script file)
[25/8/2012 12:38:5] Description: 
[25/8/2012 12:38:5] attempt to call a nil value
[25/8/2012 12:38:5] stack traceback:

[25/8/2012 12:44:32] [Error - NpcScript Interface] 
[25/8/2012 12:44:32] (Unknown script file)
[25/8/2012 12:44:32] Description: 
[25/8/2012 12:44:32] attempt to call a nil value
[25/8/2012 12:44:32] stack traceback:

[25/8/2012 12:55:56] [Error - Action Interface] 
[25/8/2012 12:55:56] data/actions/scripts/game/koshei.lua:onUse
[25/8/2012 12:55:56] Description: 
[25/8/2012 12:55:56] (luaGetItemAttribute) Item not found

[25/8/2012 12:57:10] [Error - NpcScript Interface] 
[25/8/2012 12:57:10] (Unknown script file)
[25/8/2012 12:57:10] Description: 
[25/8/2012 12:57:10] attempt to call a nil value
[25/8/2012 12:57:10] stack traceback:

[25/8/2012 12:58:9] [Error - NpcScript Interface] 
[25/8/2012 12:58:9] (Unknown script file)
[25/8/2012 12:58:9] Description: 
[25/8/2012 12:58:9] attempt to call a nil value
[25/8/2012 12:58:9] stack traceback:
[25/8/2012 13:11:5] > Saving server...
[25/8/2012 13:11:10] > SAVE: Complete in 5.412 seconds using binary-tilebased house storage.

[25/8/2012 13:24:56] [Error - NpcScript Interface] 
[25/8/2012 13:24:56] (Unknown script file)
[25/8/2012 13:24:56] Description: 
[25/8/2012 13:24:56] attempt to call a nil value
[25/8/2012 13:24:56] stack traceback:
[25/8/2012 13:24:56] 	[C]: in function 'closeShopWindow'
[25/8/2012 13:24:56] 	data/npc/lib/npcsystem/npchandler.lua:225: in function 'releaseFocus'
[25/8/2012 13:24:56] 	data/npc/lib/npcsystem/npchandler.lua:591: in function 'onWalkAway'
[25/8/2012 13:24:56] 	data/npc/lib/npcsystem/npchandler.lua:523: in function 'onThink'
[25/8/2012 13:24:56] 	data/npc/scripts/game/default.lua:9: in function <data/npc/scripts/game/default.lua:9>

[25/8/2012 13:37:33] [Error - NpcScript Interface] 
[25/8/2012 13:37:33] (Unknown script file)
[25/8/2012 13:37:33] Description: 
[25/8/2012 13:37:33] attempt to call a nil value
[25/8/2012 13:37:33] stack traceback:

[25/8/2012 13:38:28] [Error - NpcScript Interface] 
[25/8/2012 13:38:28] (Unknown script file)
[25/8/2012 13:38:28] Description: 
[25/8/2012 13:38:28] attempt to call a nil value
[25/8/2012 13:38:28] stack traceback:

[25/8/2012 13:48:53] [Error - NpcScript Interface] 
[25/8/2012 13:48:53] (Unknown script file)
[25/8/2012 13:48:53] Description: 
[25/8/2012 13:48:53] attempt to call a nil value
[25/8/2012 13:48:53] stack traceback:
[25/8/2012 13:48:53] 	[C]: in function 'closeShopWindow'
[25/8/2012 13:48:53] 	data/npc/lib/npcsystem/npchandler.lua:225: in function 'releaseFocus'
[25/8/2012 13:48:53] 	data/npc/lib/npcsystem/npchandler.lua:591: in function 'onWalkAway'
[25/8/2012 13:48:53] 	data/npc/lib/npcsystem/npchandler.lua:523: in function 'onThink'
[25/8/2012 13:48:53] 	data/npc/scripts/game/rashid.lua:9: in function <data/npc/scripts/game/rashid.lua:9>

[25/8/2012 14:0:42] [Error - NpcScript Interface] 
[25/8/2012 14:0:42] (Unknown script file)
[25/8/2012 14:0:42] Description: 
[25/8/2012 14:0:42] attempt to call a nil value
[25/8/2012 14:0:42] stack traceback:
[25/8/2012 14:0:42] 	[C]: in function 'closeShopWindow'
[25/8/2012 14:0:42] 	data/npc/lib/npcsystem/npchandler.lua:225: in function 'releaseFocus'
[25/8/2012 14:0:42] 	data/npc/lib/npcsystem/npchandler.lua:591: in function 'onWalkAway'
[25/8/2012 14:0:42] 	data/npc/lib/npcsystem/npchandler.lua:523: in function 'onThink'
[25/8/2012 14:0:42] 	data/npc/scripts/game/default.lua:9: in function <data/npc/scripts/game/default.lua:9>

[25/8/2012 14:1:29] [Error - NpcScript Interface] 
[25/8/2012 14:1:29] (Unknown script file)
[25/8/2012 14:1:29] Description: 
[25/8/2012 14:1:29] attempt to call a nil value
[25/8/2012 14:1:29] stack traceback:
[25/8/2012 14:11:5] > Saving server...
[25/8/2012 14:11:10] > SAVE: Complete in 5.625 seconds using binary-tilebased house storage.
[25/8/2012 14:12:49] > Broadcasted message: "Disturbios foram detectados aos redores de Quendor...".

[25/8/2012 14:14:29] [Error - NpcScript Interface] 
[25/8/2012 14:14:29] (Unknown script file)
[25/8/2012 14:14:29] Description: 
[25/8/2012 14:14:29] attempt to call a nil value
[25/8/2012 14:14:29] stack traceback:
[25/8/2012 14:14:29] 	[C]: in function 'closeShopWindow'
[25/8/2012 14:14:29] 	data/npc/lib/npcsystem/npchandler.lua:225: in function 'releaseFocus'
[25/8/2012 14:14:29] 	data/npc/lib/npcsystem/npchandler.lua:591: in function 'onWalkAway'
[25/8/2012 14:14:29] 	data/npc/lib/npcsystem/npchandler.lua:523: in function 'onThink'
[25/8/2012 14:14:29] 	data/npc/scripts/game/default.lua:9: in function <data/npc/scripts/game/default.lua:9>
[25/8/2012 14:16:9] > Broadcasted message: "Os Trolls estão planejando algum ataque a Quendor!".
[25/8/2012 14:19:29] > Broadcasted message: "Os Trolls estão atacando Quendor! Esmaguem estas ridiculas criaturas!".

[25/8/2012 14:22:42] [Error - Action Interface] 
[25/8/2012 14:22:42] data/actions/scripts/tools/rope.lua:onUse
[25/8/2012 14:22:42] Description: 
[25/8/2012 14:22:42] (luaGetThingFromPos) Tile not found

[25/8/2012 14:25:15] [Error - NpcScript Interface] 
[25/8/2012 14:25:15] (Unknown script file)
[25/8/2012 14:25:15] Description: 
[25/8/2012 14:25:15] attempt to call a nil value
[25/8/2012 14:25:15] stack traceback:
[25/8/2012 14:25:15] 	[C]: in function 'closeShopWindow'
[25/8/2012 14:25:15] 	data/npc/lib/npcsystem/npchandler.lua:225: in function 'releaseFocus'
[25/8/2012 14:25:15] 	data/npc/lib/npcsystem/npchandler.lua:591: in function 'onWalkAway'
[25/8/2012 14:25:15] 	data/npc/lib/npcsystem/npchandler.lua:523: in function 'onThink'
[25/8/2012 14:25:15] 	data/npc/scripts/game/default.lua:9: in function <data/npc/scripts/game/default.lua:9>

[25/8/2012 14:29:2] [Error - Action Interface] 
[25/8/2012 14:29:2] data/actions/scripts/tools/rope.lua:onUse
[25/8/2012 14:29:2] Description: 
[25/8/2012 14:29:2] (luaGetThingFromPos) Tile not found

[25/8/2012 14:35:44] [Error - Action Interface] 
[25/8/2012 14:35:44] data/actions/scripts/tools/rope.lua:onUse
[25/8/2012 14:35:44] Description: 
[25/8/2012 14:35:44] (luaGetThingFromPos) Tile not found

[25/8/2012 14:42:4] [Error - Action Interface] 
[25/8/2012 14:42:4] data/actions/scripts/tools/rope.lua:onUse
[25/8/2012 14:42:4] Description: 
[25/8/2012 14:42:4] (luaGetThingFromPos) Tile not found

[25/8/2012 14:42:5] [Error - Action Interface] 
[25/8/2012 14:42:5] data/actions/scripts/tools/rope.lua:onUse
[25/8/2012 14:42:5] Description: 
[25/8/2012 14:42:5] (luaGetThingFromPos) Tile not found

[25/8/2012 14:42:6] [Error - Action Interface] 
[25/8/2012 14:42:6] data/actions/scripts/tools/rope.lua:onUse
[25/8/2012 14:42:6] Description: 
[25/8/2012 14:42:6] (luaGetThingFromPos) Tile not found

[25/8/2012 14:46:32] [Error - NpcScript Interface] 
[25/8/2012 14:46:32] (Unknown script file)
[25/8/2012 14:46:32] Description: 
[25/8/2012 14:46:32] attempt to call a nil value
[25/8/2012 14:46:32] stack traceback:
[25/8/2012 14:46:32] 	[C]: in function 'closeShopWindow'
[25/8/2012 14:46:32] 	data/npc/lib/npcsystem/npchandler.lua:225: in function 'releaseFocus'
[25/8/2012 14:46:32] 	data/npc/lib/npcsystem/npchandler.lua:591: in function 'onWalkAway'
[25/8/2012 14:46:32] 	data/npc/lib/npcsystem/npchandler.lua:523: in function 'onThink'
[25/8/2012 14:46:32] 	data/npc/scripts/game/default.lua:9: in function <data/npc/scripts/game/default.lua:9>

[25/8/2012 14:52:52] [Error - NpcScript Interface] 
[25/8/2012 14:52:52] (Unknown script file)
[25/8/2012 14:52:52] Description: 
[25/8/2012 14:52:52] attempt to call a nil value
[25/8/2012 14:52:52] stack traceback:

[25/8/2012 14:55:9] [Error - NpcScript Interface] 
[25/8/2012 14:55:9] (Unknown script file)
[25/8/2012 14:55:9] Description: 
[25/8/2012 14:55:9] attempt to call a nil value
[25/8/2012 14:55:9] stack traceback:
[25/8/2012 14:55:9] 	[C]: in function 'closeShopWindow'
[25/8/2012 14:55:9] 	data/npc/lib/npcsystem/npchandler.lua:225: in function 'releaseFocus'
[25/8/2012 14:55:9] 	data/npc/lib/npcsystem/npchandler.lua:591: in function 'onWalkAway'
[25/8/2012 14:55:9] 	data/npc/lib/npcsystem/npchandler.lua:523: in function 'onThink'
[25/8/2012 14:55:9] 	data/npc/scripts/game/default.lua:9: in function <data/npc/scripts/game/default.lua:9>

[25/8/2012 14:56:41] [Error - Action Interface] 
[25/8/2012 14:56:41] data/actions/scripts/tools/rope.lua:onUse
[25/8/2012 14:56:41] Description: 
[25/8/2012 14:56:41] (luaGetThingFromPos) Tile not found

[25/8/2012 14:56:42] [Error - Action Interface] 
[25/8/2012 14:56:42] data/actions/scripts/tools/rope.lua:onUse
[25/8/2012 14:56:42] Description: 
[25/8/2012 14:56:42] (luaGetThingFromPos) Tile not found

[25/8/2012 14:57:12] [Error - NpcScript Interface] 
[25/8/2012 14:57:12] (Unknown script file)
[25/8/2012 14:57:12] Description: 
[25/8/2012 14:57:12] attempt to call a nil value
[25/8/2012 14:57:12] stack traceback:
[25/8/2012 14:57:12] 	[C]: ?

[25/8/2012 14:57:41] [Error - NpcScript Interface] 
[25/8/2012 14:57:41] (Unknown script file)
[25/8/2012 14:57:41] Description: 
[25/8/2012 14:57:41] attempt to call a nil value
[25/8/2012 14:57:41] stack traceback:
[25/8/2012 14:57:41] 	[C]: ?

[25/8/2012 14:58:38] [Error - NpcScript Interface] 
[25/8/2012 14:58:38] (Unknown script file)
[25/8/2012 14:58:38] Description: 
[25/8/2012 14:58:38] attempt to call a nil value
[25/8/2012 14:58:38] stack traceback:
[25/8/2012 14:58:38] 	[C]: ?

[25/8/2012 15:4:10] [Error - NpcScript Interface] 
[25/8/2012 15:4:10] (Unknown script file)
[25/8/2012 15:4:10] Description: 
[25/8/2012 15:4:10] attempt to call a nil value
[25/8/2012 15:4:10] stack traceback:
[25/8/2012 15:4:10] 	[C]: ?

[25/8/2012 15:4:14] [Error - Action Interface] 
[25/8/2012 15:4:14] data/actions/scripts/tools/rope.lua:onUse
[25/8/2012 15:4:14] Description: 
[25/8/2012 15:4:14] (luaGetThingFromPos) Tile not found

[25/8/2012 15:4:15] [Error - Action Interface] 
[25/8/2012 15:4:15] data/actions/scripts/tools/rope.lua:onUse
[25/8/2012 15:4:15] Description: 
[25/8/2012 15:4:15] (luaGetThingFromPos) Tile not found

[25/8/2012 15:4:16] [Error - Action Interface] 
[25/8/2012 15:4:16] data/actions/scripts/tools/rope.lua:onUse
[25/8/2012 15:4:16] Description: 
[25/8/2012 15:4:16] (luaGetThingFromPos) Tile not found

[25/8/2012 15:4:17] [Error - Action Interface] 
[25/8/2012 15:4:17] data/actions/scripts/tools/rope.lua:onUse
[25/8/2012 15:4:17] Description: 
[25/8/2012 15:4:17] (luaGetThingFromPos) Tile not found

[25/8/2012 15:4:18] [Error - Action Interface] 
[25/8/2012 15:4:18] data/actions/scripts/tools/rope.lua:onUse
[25/8/2012 15:4:18] Description: 
[25/8/2012 15:4:18] (luaGetThingFromPos) Tile not found
[25/8/2012 15:11:5] > Saving server...
[25/8/2012 15:11:10] > SAVE: Complete in 5.257 seconds using binary-tilebased house storage.

[25/8/2012 15:11:43] [Error - Action Interface] 
[25/8/2012 15:11:43] data/actions/scripts/tools/rope.lua:onUse
[25/8/2012 15:11:43] Description: 
[25/8/2012 15:11:43] (luaGetThingFromPos) Tile not found

[25/8/2012 15:11:44] [Error - Action Interface] 
[25/8/2012 15:11:44] data/actions/scripts/tools/rope.lua:onUse
[25/8/2012 15:11:44] Description: 
[25/8/2012 15:11:44] (luaGetThingFromPos) Tile not found

[25/8/2012 15:17:49] [Error - NpcScript Interface] 
[25/8/2012 15:17:49] (Unknown script file)
[25/8/2012 15:17:49] Description: 
[25/8/2012 15:17:49] attempt to call a nil value
[25/8/2012 15:17:49] stack traceback:
[25/8/2012 15:17:49] 	[C]: in function 'closeShopWindow'
[25/8/2012 15:17:49] 	data/npc/lib/npcsystem/npchandler.lua:225: in function 'releaseFocus'
[25/8/2012 15:17:49] 	data/npc/lib/npcsystem/npchandler.lua:591: in function 'onWalkAway'
[25/8/2012 15:17:49] 	data/npc/lib/npcsystem/npchandler.lua:523: in function 'onThink'
[25/8/2012 15:17:49] 	data/npc/scripts/game/default.lua:9: in function <data/npc/scripts/game/default.lua:9>

[25/8/2012 15:33:41] [Error - NpcScript Interface] 
[25/8/2012 15:33:41] (Unknown script file)
[25/8/2012 15:33:41] Description: 
[25/8/2012 15:33:41] attempt to call a nil value
[25/8/2012 15:33:41] stack traceback:
[25/8/2012 15:33:41] 	[C]: in function 'closeShopWindow'
[25/8/2012 15:33:41] 	data/npc/lib/npcsystem/npchandler.lua:225: in function 'releaseFocus'
[25/8/2012 15:33:41] 	data/npc/lib/npcsystem/npchandler.lua:591: in function 'onWalkAway'
[25/8/2012 15:33:41] 	data/npc/lib/npcsystem/npchandler.lua:523: in function 'onThink'
[25/8/2012 15:33:41] 	data/npc/scripts/game/default.lua:9: in function <data/npc/scripts/game/default.lua:9>

[25/8/2012 15:40:0] [Error - NpcScript Interface] 
[25/8/2012 15:40:0] (Unknown script file)
[25/8/2012 15:40:0] Description: 
[25/8/2012 15:40:0] attempt to call a nil value
[25/8/2012 15:40:0] stack traceback:

[25/8/2012 15:51:2] [Error - NpcScript Interface] 
[25/8/2012 15:51:2] (Unknown script file)
[25/8/2012 15:51:2] Description: 
[25/8/2012 15:51:2] attempt to call a nil value
[25/8/2012 15:51:2] stack traceback:
[25/8/2012 15:51:2] 	[C]: in function 'closeShopWindow'
[25/8/2012 15:51:2] 	data/npc/lib/npcsystem/npchandler.lua:225: in function 'releaseFocus'
[25/8/2012 15:51:2] 	data/npc/lib/npcsystem/npchandler.lua:591: in function 'onWalkAway'
[25/8/2012 15:51:2] 	data/npc/lib/npcsystem/npchandler.lua:523: in function 'onThink'
[25/8/2012 15:51:2] 	data/npc/scripts/game/rashid.lua:9: in function <data/npc/scripts/game/rashid.lua:9>

[25/8/2012 15:52:25] [Error - NpcScript Interface] 
[25/8/2012 15:52:25] (Unknown script file)
[25/8/2012 15:52:25] Description: 
[25/8/2012 15:52:25] attempt to call a nil value
[25/8/2012 15:52:25] stack traceback:

[25/8/2012 15:53:51] [Error - NpcScript Interface] 
[25/8/2012 15:53:51] (Unknown script file)
[25/8/2012 15:53:51] Description: 
[25/8/2012 15:53:51] attempt to call a nil value
[25/8/2012 15:53:51] stack traceback:

[25/8/2012 15:54:43] [Error - NpcScript Interface] 
[25/8/2012 15:54:43] (Unknown script file)
[25/8/2012 15:54:43] Description: 
[25/8/2012 15:54:43] attempt to call a nil value
[25/8/2012 15:54:43] stack traceback:
[25/8/2012 16:11:5] > Saving server...
[25/8/2012 16:11:12] > SAVE: Complete in 7.155 seconds using binary-tilebased house storage.

[25/8/2012 16:14:52] [Error - NpcScript Interface] 
[25/8/2012 16:14:52] (Unknown script file)
[25/8/2012 16:14:52] Description: 
[25/8/2012 16:14:52] attempt to call a nil value
[25/8/2012 16:14:52] stack traceback:

[25/8/2012 16:23:39] [Error - NpcScript Interface] 
[25/8/2012 16:23:39] (Unknown script file)
[25/8/2012 16:23:39] Description: 
[25/8/2012 16:23:39] attempt to call a nil value
[25/8/2012 16:23:39] stack traceback:
[25/8/2012 16:23:39] 	[C]: in function 'closeShopWindow'
[25/8/2012 16:23:39] 	data/npc/lib/npcsystem/npchandler.lua:225: in function 'releaseFocus'
[25/8/2012 16:23:39] 	data/npc/lib/npcsystem/npchandler.lua:591: in function 'onWalkAway'
[25/8/2012 16:23:39] 	data/npc/lib/npcsystem/npchandler.lua:523: in function 'onThink'
[25/8/2012 16:23:39] 	data/npc/scripts/game/rashid.lua:9: in function <data/npc/scripts/game/rashid.lua:9>

[25/8/2012 16:26:59] [Error - NpcScript Interface] 
[25/8/2012 16:26:59] (Unknown script file)
[25/8/2012 16:26:59] Description: 
[25/8/2012 16:26:59] attempt to call a nil value
[25/8/2012 16:26:59] stack traceback:
[25/8/2012 16:26:59] 	[C]: ?

[25/8/2012 16:38:26] [Error - NpcScript Interface] 
[25/8/2012 16:38:26] (Unknown script file)
[25/8/2012 16:38:26] Description: 
[25/8/2012 16:38:26] attempt to call a nil value
[25/8/2012 16:38:26] stack traceback:
[25/8/2012 16:38:26] 	[C]: in function 'closeShopWindow'
[25/8/2012 16:38:26] 	data/npc/lib/npcsystem/npchandler.lua:225: in function 'releaseFocus'
[25/8/2012 16:38:26] 	data/npc/lib/npcsystem/npchandler.lua:591: in function 'onWalkAway'
[25/8/2012 16:38:26] 	data/npc/lib/npcsystem/npchandler.lua:523: in function 'onThink'
[25/8/2012 16:38:26] 	data/npc/scripts/game/bless/bless4.lua:9: in function <data/npc/scripts/game/bless/bless4.lua:9>

[25/8/2012 16:40:27] [Error - NpcScript Interface] 
[25/8/2012 16:40:27] (Unknown script file)
[25/8/2012 16:40:27] Description: 
[25/8/2012 16:40:27] attempt to call a nil value
[25/8/2012 16:40:27] stack traceback:
[25/8/2012 16:48:31] [Warning - Protocol::RSA_decrypt] Not valid packet size (IP: 187.32.225.121)

[25/8/2012 16:52:4] [Error - NpcScript Interface] 
[25/8/2012 16:52:4] (Unknown script file)
[25/8/2012 16:52:4] Description: 
[25/8/2012 16:52:4] attempt to call a nil value
[25/8/2012 16:52:4] stack traceback:
[25/8/2012 16:52:4] 	[C]: in function 'closeShopWindow'
[25/8/2012 16:52:4] 	data/npc/lib/npcsystem/npchandler.lua:225: in function 'releaseFocus'
[25/8/2012 16:52:4] 	data/npc/lib/npcsystem/npchandler.lua:591: in function 'onWalkAway'
[25/8/2012 16:52:4] 	data/npc/lib/npcsystem/npchandler.lua:523: in function 'onThink'
[25/8/2012 16:52:4] 	data/npc/scripts/game/salazart.joia.lua:9: in function <data/npc/scripts/game/salazart.joia.lua:9>

[25/8/2012 17:3:42] [Error - NpcScript Interface] 
[25/8/2012 17:3:42] (Unknown script file)
[25/8/2012 17:3:42] Description: 
[25/8/2012 17:3:42] attempt to call a nil value
[25/8/2012 17:3:42] stack traceback:
[25/8/2012 17:3:42] 	[C]: in function 'closeShopWindow'
[25/8/2012 17:3:42] 	data/npc/lib/npcsystem/npchandler.lua:225: in function 'releaseFocus'
[25/8/2012 17:3:42] 	data/npc/lib/npcsystem/npchandler.lua:591: in function 'onWalkAway'
[25/8/2012 17:3:42] 	data/npc/lib/npcsystem/npchandler.lua:523: in function 'onThink'
[25/8/2012 17:3:42] 	data/npc/scripts/game/default.lua:9: in function <data/npc/scripts/game/default.lua:9>
[25/8/2012 17:11:5] > Saving server...
[25/8/2012 17:11:13] > SAVE: Complete in 8.292 seconds using binary-tilebased house storage.

[25/8/2012 17:30:10] [Error - NpcScript Interface] 
[25/8/2012 17:30:10] (Unknown script file)
[25/8/2012 17:30:10] Description: 
[25/8/2012 17:30:10] attempt to call a nil value
[25/8/2012 17:30:10] stack traceback:
[25/8/2012 17:30:10] 	[C]: in function 'closeShopWindow'
[25/8/2012 17:30:10] 	data/npc/lib/npcsystem/npchandler.lua:225: in function 'releaseFocus'
[25/8/2012 17:30:10] 	data/npc/lib/npcsystem/npchandler.lua:591: in function 'onWalkAway'
[25/8/2012 17:30:10] 	data/npc/lib/npcsystem/npchandler.lua:523: in function 'onThink'
[25/8/2012 17:30:10] 	data/npc/scripts/game/default.lua:9: in function <data/npc/scripts/game/default.lua:9>

[25/8/2012 17:48:20] [Error - NpcScript Interface] 
[25/8/2012 17:48:20] (Unknown script file)
[25/8/2012 17:48:20] Description: 
[25/8/2012 17:48:20] attempt to call a nil value
[25/8/2012 17:48:20] stack traceback:
[25/8/2012 17:48:20] 	[C]: in function 'closeShopWindow'
[25/8/2012 17:48:20] 	data/npc/lib/npcsystem/npchandler.lua:225: in function 'releaseFocus'
[25/8/2012 17:48:20] 	data/npc/lib/npcsystem/npchandler.lua:591: in function 'onWalkAway'
[25/8/2012 17:48:20] 	data/npc/lib/npcsystem/npchandler.lua:523: in function 'onThink'
[25/8/2012 17:48:20] 	data/npc/scripts/game/rashid.lua:9: in function <data/npc/scripts/game/rashid.lua:9>

[25/8/2012 17:53:44] [Error - NpcScript Interface] 
[25/8/2012 17:53:44] (Unknown script file)
[25/8/2012 17:53:44] Description: 
[25/8/2012 17:53:44] attempt to call a nil value
[25/8/2012 17:53:44] stack traceback:
[25/8/2012 17:53:44] 	[C]: ?

[25/8/2012 17:54:28] [Error - NpcScript Interface] 
[25/8/2012 17:54:28] (Unknown script file)
[25/8/2012 17:54:28] Description: 
[25/8/2012 17:54:28] attempt to call a nil value
[25/8/2012 17:54:28] stack traceback:
[25/8/2012 17:54:28] 	[C]: ?

[25/8/2012 17:56:41] [Error - NpcScript Interface] 
[25/8/2012 17:56:41] (Unknown script file)
[25/8/2012 17:56:41] Description: 
[25/8/2012 17:56:41] attempt to call a nil value
[25/8/2012 17:56:41] stack traceback:
[25/8/2012 17:56:41] 	[C]: ?

[25/8/2012 17:57:25] [Error - NpcScript Interface] 
[25/8/2012 17:57:25] (Unknown script file)
[25/8/2012 17:57:25] Description: 
[25/8/2012 17:57:25] attempt to call a nil value
[25/8/2012 17:57:25] stack traceback:
[25/8/2012 17:57:25] 	[C]: ?

[25/8/2012 17:58:32] [Error - NpcScript Interface] 
[25/8/2012 17:58:32] (Unknown script file)
[25/8/2012 17:58:32] Description: 
[25/8/2012 17:58:32] attempt to call a nil value
[25/8/2012 17:58:32] stack traceback:
[25/8/2012 17:58:32] 	[C]: ?

[25/8/2012 17:59:50] [Error - NpcScript Interface] 
[25/8/2012 17:59:50] (Unknown script file)
[25/8/2012 17:59:50] Description: 
[25/8/2012 17:59:50] attempt to call a nil value
[25/8/2012 17:59:50] stack traceback:
[25/8/2012 17:59:50] 	[C]: ?

[25/8/2012 18:0:23] [Error - NpcScript Interface] 
[25/8/2012 18:0:23] (Unknown script file)
[25/8/2012 18:0:23] Description: 
[25/8/2012 18:0:23] attempt to call a nil value
[25/8/2012 18:0:23] stack traceback:
[25/8/2012 18:0:23] 	[C]: ?

[25/8/2012 18:0:27] [Error - NpcScript Interface] 
[25/8/2012 18:0:27] (Unknown script file)
[25/8/2012 18:0:27] Description: 
[25/8/2012 18:0:27] attempt to call a nil value
[25/8/2012 18:0:27] stack traceback:
[25/8/2012 18:0:27] 	[C]: in function 'closeShopWindow'
[25/8/2012 18:0:27] 	data/npc/lib/npcsystem/npchandler.lua:225: in function 'releaseFocus'
[25/8/2012 18:0:27] 	data/npc/lib/npcsystem/npchandler.lua:591: in function 'onWalkAway'
[25/8/2012 18:0:27] 	data/npc/lib/npcsystem/npchandler.lua:523: in function 'onThink'
[25/8/2012 18:0:27] 	data/npc/scripts/game/blacksmith.lua:9: in function <data/npc/scripts/game/blacksmith.lua:9>

[25/8/2012 18:4:32] [Error - NpcScript Interface] 
[25/8/2012 18:4:32] (Unknown script file)
[25/8/2012 18:4:32] Description: 
[25/8/2012 18:4:32] attempt to call a nil value
[25/8/2012 18:4:32] stack traceback:
[25/8/2012 18:4:32] 	[C]: in function 'closeShopWindow'
[25/8/2012 18:4:32] 	data/npc/lib/npcsystem/npchandler.lua:225: in function 'releaseFocus'
[25/8/2012 18:4:32] 	data/npc/lib/npcsystem/npchandler.lua:591: in function 'onWalkAway'
[25/8/2012 18:4:32] 	data/npc/lib/npcsystem/npchandler.lua:523: in function 'onThink'
[25/8/2012 18:4:32] 	data/npc/scripts/game/blacksmith.lua:9: in function <data/npc/scripts/game/blacksmith.lua:9>

[25/8/2012 18:5:1] [Error - NpcScript Interface] 
[25/8/2012 18:5:1] (Unknown script file)
[25/8/2012 18:5:1] Description: 
[25/8/2012 18:5:1] attempt to call a nil value
[25/8/2012 18:5:1] stack traceback:
[25/8/2012 18:5:1] 	[C]: ?

[25/8/2012 18:8:9] [Error - NpcScript Interface] 
[25/8/2012 18:8:9] (Unknown script file)
[25/8/2012 18:8:9] Description: 
[25/8/2012 18:8:9] attempt to call a nil value
[25/8/2012 18:8:9] stack traceback:
[25/8/2012 18:8:9] 	[C]: ?
[25/8/2012 18:11:5] > Saving server...
[25/8/2012 18:11:12] > SAVE: Complete in 7.368 seconds using binary-tilebased house storage.

[25/8/2012 18:11:29] [Error - NpcScript Interface] 
[25/8/2012 18:11:29] In a timer event called from: 
[25/8/2012 18:11:29] data/npc/scripts/game/default.lua:onCreatureSay
[25/8/2012 18:11:29] Description: 
[25/8/2012 18:11:29] (luaOpenShopWindow) Player not found

[25/8/2012 18:24:38] [Error - NpcScript Interface] 
[25/8/2012 18:24:38] (Unknown script file)
[25/8/2012 18:24:38] Description: 
[25/8/2012 18:24:38] attempt to call a nil value
[25/8/2012 18:24:38] stack traceback:
[25/8/2012 18:29:43] [Warning - Protocol::RSA_decrypt] Not valid packet size (IP: 187.32.225.121)

[25/8/2012 18:33:55] [Error - NpcScript Interface] 
[25/8/2012 18:33:55] (Unknown script file)
[25/8/2012 18:33:55] Description: 
[25/8/2012 18:33:55] attempt to call a nil value
[25/8/2012 18:33:55] stack traceback:
[25/8/2012 18:33:55] 	[C]: in function 'closeShopWindow'
[25/8/2012 18:33:55] 	data/npc/lib/npcsystem/npchandler.lua:225: in function 'releaseFocus'
[25/8/2012 18:33:55] 	data/npc/lib/npcsystem/npchandler.lua:591: in function 'onWalkAway'
[25/8/2012 18:33:55] 	data/npc/lib/npcsystem/npchandler.lua:523: in function 'onThink'
[25/8/2012 18:33:55] 	data/npc/scripts/game/default.lua:9: in function <data/npc/scripts/game/default.lua:9>

[25/8/2012 18:38:47] [Error - NpcScript Interface] 
[25/8/2012 18:38:47] (Unknown script file)
[25/8/2012 18:38:47] Description: 
[25/8/2012 18:38:47] attempt to call a nil value
[25/8/2012 18:38:47] stack traceback:
[25/8/2012 18:38:47] 	[C]: in function 'closeShopWindow'
[25/8/2012 18:38:47] 	data/npc/lib/npcsystem/npchandler.lua:225: in function 'releaseFocus'
[25/8/2012 18:38:47] 	data/npc/lib/npcsystem/npchandler.lua:591: in function 'onWalkAway'
[25/8/2012 18:38:47] 	data/npc/lib/npcsystem/npchandler.lua:523: in function 'onThink'
[25/8/2012 18:38:47] 	data/npc/scripts/game/default.lua:9: in function <data/npc/scripts/game/default.lua:9>

[25/8/2012 18:42:31] [Error - NpcScript Interface] 
[25/8/2012 18:42:31] (Unknown script file)
[25/8/2012 18:42:31] Description: 
[25/8/2012 18:42:31] attempt to call a nil value
[25/8/2012 18:42:31] stack traceback:
[25/8/2012 18:42:31] 	[C]: in function 'closeShopWindow'
[25/8/2012 18:42:31] 	data/npc/lib/npcsystem/npchandler.lua:225: in function 'releaseFocus'
[25/8/2012 18:42:31] 	data/npc/lib/npcsystem/npchandler.lua:591: in function 'onWalkAway'
[25/8/2012 18:42:31] 	data/npc/lib/npcsystem/npchandler.lua:523: in function 'onThink'
[25/8/2012 18:42:31] 	data/npc/scripts/game/blacksmith.lua:9: in function <data/npc/scripts/game/blacksmith.lua:9>

[25/8/2012 18:49:3] [Error - NpcScript Interface] 
[25/8/2012 18:49:3] (Unknown script file)
[25/8/2012 18:49:3] Description: 
[25/8/2012 18:49:3] attempt to call a nil value
[25/8/2012 18:49:3] stack traceback:
[25/8/2012 18:49:3] 	[C]: in function 'closeShopWindow'
[25/8/2012 18:49:3] 	data/npc/lib/npcsystem/npchandler.lua:225: in function 'releaseFocus'
[25/8/2012 18:49:3] 	data/npc/lib/npcsystem/npchandler.lua:591: in function 'onWalkAway'
[25/8/2012 18:49:3] 	data/npc/lib/npcsystem/npchandler.lua:523: in function 'onThink'
[25/8/2012 18:49:3] 	data/npc/scripts/game/default.lua:9: in function <data/npc/scripts/game/default.lua:9>

[25/8/2012 19:9:20] [Error - NpcScript Interface] 
[25/8/2012 19:9:20] (Unknown script file)
[25/8/2012 19:9:20] Description: 
[25/8/2012 19:9:20] attempt to call a nil value
[25/8/2012 19:9:20] stack traceback:
[25/8/2012 19:9:20] 	[C]: in function 'closeShopWindow'
[25/8/2012 19:9:20] 	data/npc/lib/npcsystem/npchandler.lua:225: in function 'releaseFocus'
[25/8/2012 19:9:20] 	data/npc/lib/npcsystem/npchandler.lua:591: in function 'onWalkAway'
[25/8/2012 19:9:20] 	data/npc/lib/npcsystem/npchandler.lua:523: in function 'onThink'
[25/8/2012 19:9:20] 	data/npc/scripts/game/default.lua:9: in function <data/npc/scripts/game/default.lua:9>
[25/8/2012 19:10:9] [Warning - Protocol::RSA_decrypt] Not valid packet size (IP: 177.80.231.195)
[25/8/2012 19:10:31] [Failure - Protocol::XTEA_decrypt] Not valid unencrypted message size (IP: 177.80.231.195)
[25/8/2012 19:10:32] [Warning - Protocol::RSA_decrypt] Not valid packet size (IP: 177.80.231.195)
[25/8/2012 19:11:5] > Saving server...
[25/8/2012 19:11:12] > SAVE: Complete in 7.293 seconds using binary-tilebased house storage.

[25/8/2012 19:53:27] [Error - NpcScript Interface] 
[25/8/2012 19:53:27] (Unknown script file)
[25/8/2012 19:53:27] Description: 
[25/8/2012 19:53:27] attempt to call a nil value
[25/8/2012 19:53:27] stack traceback:
[25/8/2012 19:53:27] 	[C]: in function 'closeShopWindow'
[25/8/2012 19:53:27] 	data/npc/lib/npcsystem/npchandler.lua:225: in function 'releaseFocus'
[25/8/2012 19:53:27] 	data/npc/lib/npcsystem/npchandler.lua:591: in function 'onWalkAway'
[25/8/2012 19:53:27] 	data/npc/lib/npcsystem/npchandler.lua:523: in function 'onThink'
[25/8/2012 19:53:27] 	data/npc/scripts/game/rashid.lua:9: in function <data/npc/scripts/game/rashid.lua:9>

[25/8/2012 19:54:31] [Error - NpcScript Interface] 
[25/8/2012 19:54:31] (Unknown script file)
[25/8/2012 19:54:31] Description: 
[25/8/2012 19:54:31] attempt to call a nil value
[25/8/2012 19:54:31] stack traceback:
[25/8/2012 19:54:31] 	[C]: in function 'closeShopWindow'
[25/8/2012 19:54:31] 	data/npc/lib/npcsystem/npchandler.lua:225: in function 'releaseFocus'
[25/8/2012 19:54:31] 	data/npc/lib/npcsystem/npchandler.lua:591: in function 'onWalkAway'
[25/8/2012 19:54:31] 	data/npc/lib/npcsystem/npchandler.lua:523: in function 'onThink'
[25/8/2012 19:54:31] 	data/npc/scripts/game/rashid.lua:9: in function <data/npc/scripts/game/rashid.lua:9>

[25/8/2012 19:55:42] [Error - MoveEvents Interface] 
[25/8/2012 19:55:42] In a timer event called from: 
[25/8/2012 19:55:42] data/movements/scripts/game/teleport.lua:onStepIn
[25/8/2012 19:55:42] Description: 
[25/8/2012 19:55:42] (luaDoPlayerSendTextMessage) Player not found

[25/8/2012 19:55:42] [Error - MoveEvents Interface] 
[25/8/2012 19:55:42] In a timer event called from: 
[25/8/2012 19:55:42] data/movements/scripts/game/teleport.lua:onStepIn
[25/8/2012 19:55:42] Description: 
[25/8/2012 19:55:42] (luaDoTeleportThing) Thing not found

[25/8/2012 19:55:42] [Error - MoveEvents Interface] 
[25/8/2012 19:55:42] In a timer event called from: 
[25/8/2012 19:55:42] data/movements/scripts/game/teleport.lua:onStepIn
[25/8/2012 19:55:42] Description: 
[25/8/2012 19:55:42] (luaGetThingPosition) Thing not found

[25/8/2012 19:55:42] [Error - MoveEvents Interface] 
[25/8/2012 19:55:42] In a timer event called from: 
[25/8/2012 19:55:42] data/movements/scripts/game/teleport.lua:onStepIn
[25/8/2012 19:55:42] Description: 
[25/8/2012 19:55:42] (luaGetCreatureStorage) Creature not found

[25/8/2012 19:55:42] [Error - MoveEvents Interface] 
[25/8/2012 19:55:42] In a timer event called from: 
[25/8/2012 19:55:42] data/movements/scripts/game/teleport.lua:onStepIn
[25/8/2012 19:55:42] Description: 
[25/8/2012 19:55:42] (luaGetCreatureStorage) Creature not found

[25/8/2012 19:55:42] [Error - MoveEvents Interface] 
[25/8/2012 19:55:42] In a timer event called from: 
[25/8/2012 19:55:42] data/movements/scripts/game/teleport.lua:onStepIn
[25/8/2012 19:55:42] Description: 
[25/8/2012 19:55:42] data/lib/darghos/arena.lua:138: attempt to index field '?' (a nil value)
[25/8/2012 19:55:42] stack traceback:
[25/8/2012 19:55:42] 	data/lib/darghos/arena.lua:138: in function 'onLeave'
[25/8/2012 19:55:42] 	data/lib/darghos/arena.lua:186: in function <data/lib/darghos/arena.lua:181>

[25/8/2012 19:55:55] [Error - NpcScript Interface] 
[25/8/2012 19:55:55] (Unknown script file)
[25/8/2012 19:55:55] Description: 
[25/8/2012 19:55:55] attempt to call a nil value
[25/8/2012 19:55:55] stack traceback:

[25/8/2012 19:59:32] [Error - NpcScript Interface] 
[25/8/2012 19:59:32] (Unknown script file)
[25/8/2012 19:59:32] Description: 
[25/8/2012 19:59:32] attempt to call a nil value
[25/8/2012 19:59:32] stack traceback:
[25/8/2012 19:59:32] 	[C]: in function 'closeShopWindow'
[25/8/2012 19:59:32] 	data/npc/lib/npcsystem/npchandler.lua:225: in function 'releaseFocus'
[25/8/2012 19:59:32] 	data/npc/lib/npcsystem/npchandler.lua:591: in function 'onWalkAway'
[25/8/2012 19:59:32] 	data/npc/lib/npcsystem/npchandler.lua:523: in function 'onThink'
[25/8/2012 19:59:32] 	data/npc/scripts/game/default.lua:9: in function <data/npc/scripts/game/default.lua:9>
[25/8/2012 20:11:5] > Saving server...
[25/8/2012 20:11:12] > SAVE: Complete in 7.089 seconds using binary-tilebased house storage.

[25/8/2012 20:28:38] [Error - NpcScript Interface] 
[25/8/2012 20:28:38] (Unknown script file)
[25/8/2012 20:28:38] Description: 
[25/8/2012 20:28:38] attempt to call a nil value
[25/8/2012 20:28:38] stack traceback:
[25/8/2012 20:28:38] 	[C]: in function 'closeShopWindow'
[25/8/2012 20:28:38] 	data/npc/lib/npcsystem/npchandler.lua:225: in function 'releaseFocus'
[25/8/2012 20:28:38] 	data/npc/lib/npcsystem/npchandler.lua:591: in function 'onWalkAway'
[25/8/2012 20:28:38] 	data/npc/lib/npcsystem/npchandler.lua:523: in function 'onThink'
[25/8/2012 20:28:38] 	data/npc/scripts/game/blacksmith.lua:9: in function <data/npc/scripts/game/blacksmith.lua:9>

[25/8/2012 20:30:14] [Error - NpcScript Interface] 
[25/8/2012 20:30:14] (Unknown script file)
[25/8/2012 20:30:14] Description: 
[25/8/2012 20:30:14] attempt to call a nil value
[25/8/2012 20:30:14] stack traceback:

[25/8/2012 20:45:38] [Error - NpcScript Interface] 
[25/8/2012 20:45:38] (Unknown script file)
[25/8/2012 20:45:38] Description: 
[25/8/2012 20:45:38] attempt to call a nil value
[25/8/2012 20:45:38] stack traceback:

[25/8/2012 20:47:19] [Error - NpcScript Interface] 
[25/8/2012 20:47:19] (Unknown script file)
[25/8/2012 20:47:19] Description: 
[25/8/2012 20:47:19] attempt to call a nil value
[25/8/2012 20:47:19] stack traceback:
[25/8/2012 20:47:19] 	[C]: in function 'closeShopWindow'
[25/8/2012 20:47:19] 	data/npc/lib/npcsystem/npchandler.lua:225: in function 'releaseFocus'
[25/8/2012 20:47:19] 	data/npc/lib/npcsystem/npchandler.lua:591: in function 'onWalkAway'
[25/8/2012 20:47:19] 	data/npc/lib/npcsystem/npchandler.lua:523: in function 'onThink'
[25/8/2012 20:47:19] 	data/npc/scripts/game/default.lua:9: in function <data/npc/scripts/game/default.lua:9>
[25/8/2012 21:7:50] > Broadcasted message: "Orshabaal's minions are working on his return to the World. LEAVE Quendor at once, mortals.".
[25/8/2012 21:11:5] > Saving server...
[25/8/2012 21:11:12] > SAVE: Complete in 7.553 seconds using binary-tilebased house storage.
[25/8/2012 21:11:30] > Broadcasted message: "Orshabaal is about to make his way into the mortal realm. Run for your lives!".
[25/8/2012 21:14:10] > Broadcasted message: "Orshabaal has been summoned from hell to plague the lands of mortals again.".

[25/8/2012 21:39:32] [Error - NpcScript Interface] 
[25/8/2012 21:39:32] (Unknown script file)
[25/8/2012 21:39:32] Description: 
[25/8/2012 21:39:32] attempt to call a nil value
[25/8/2012 21:39:32] stack traceback:
[25/8/2012 21:39:32] 	[C]: in function 'closeShopWindow'
[25/8/2012 21:39:32] 	data/npc/lib/npcsystem/npchandler.lua:225: in function 'releaseFocus'
[25/8/2012 21:39:32] 	data/npc/lib/npcsystem/npchandler.lua:363: in function 'unGreet'
[25/8/2012 21:39:32] 	data/npc/lib/npcsystem/npchandler.lua:576: in function 'onFarewell'
[25/8/2012 21:39:32] 	data/npc/lib/npcsystem/modules.lua:251: in function 'callback'
[25/8/2012 21:39:32] 	data/npc/lib/npcsystem/keywordhandler.lua:41: in function 'processMessage'
[25/8/2012 21:39:32] 	data/npc/lib/npcsystem/keywordhandler.lua:181: in function 'processNodeMessage'
[25/8/2012 21:39:32] 	data/npc/lib/npcsystem/keywordhandler.lua:140: in function 'processMessage'
[25/8/2012 21:39:32] 	data/npc/lib/npcsystem/npchandler.lua:423: in function 'onCreatureSay'
[25/8/2012 21:39:32] 	data/npc/scripts/game/default.lua:8: in function <data/npc/scripts/game/default.lua:8>

[25/8/2012 21:42:18] [Error - NpcScript Interface] 
[25/8/2012 21:42:18] (Unknown script file)
[25/8/2012 21:42:18] Description: 
[25/8/2012 21:42:18] attempt to call a nil value
[25/8/2012 21:42:18] stack traceback:
[25/8/2012 21:42:18] 	[C]: in function 'closeShopWindow'
[25/8/2012 21:42:18] 	data/npc/lib/npcsystem/npchandler.lua:225: in function 'releaseFocus'
[25/8/2012 21:42:18] 	data/npc/lib/npcsystem/npchandler.lua:591: in function 'onWalkAway'
[25/8/2012 21:42:18] 	data/npc/lib/npcsystem/npchandler.lua:523: in function 'onThink'
[25/8/2012 21:42:18] 	data/npc/scripts/game/default.lua:9: in function <data/npc/scripts/game/default.lua:9>

[25/8/2012 21:54:28] [Error - NpcScript Interface] 
[25/8/2012 21:54:28] (Unknown script file)
[25/8/2012 21:54:28] Description: 
[25/8/2012 21:54:28] attempt to call a nil value
[25/8/2012 21:54:28] stack traceback:
[25/8/2012 22:11:5] > Saving server...
[25/8/2012 22:11:13] > SAVE: Complete in 7.982 seconds using binary-tilebased house storage.

[25/8/2012 22:59:35] [Error - NpcScript Interface] 
[25/8/2012 22:59:35] (Unknown script file)
[25/8/2012 22:59:35] Description: 
[25/8/2012 22:59:35] attempt to call a nil value
[25/8/2012 22:59:35] stack traceback:
[25/8/2012 22:59:35] 	[C]: in function 'closeShopWindow'
[25/8/2012 22:59:35] 	data/npc/lib/npcsystem/npchandler.lua:225: in function 'releaseFocus'
[25/8/2012 22:59:35] 	data/npc/lib/npcsystem/npchandler.lua:591: in function 'onWalkAway'
[25/8/2012 22:59:35] 	data/npc/lib/npcsystem/npchandler.lua:523: in function 'onThink'
[25/8/2012 22:59:35] 	data/npc/scripts/game/default.lua:9: in function <data/npc/scripts/game/default.lua:9>

[25/8/2012 23:8:51] [Error - NpcScript Interface] 
[25/8/2012 23:8:51] (Unknown script file)
[25/8/2012 23:8:51] Description: 
[25/8/2012 23:8:51] attempt to call a nil value
[25/8/2012 23:8:51] stack traceback:

[25/8/2012 23:9:40] [Error - NpcScript Interface] 
[25/8/2012 23:9:40] (Unknown script file)
[25/8/2012 23:9:40] Description: 
[25/8/2012 23:9:40] attempt to call a nil value
[25/8/2012 23:9:40] stack traceback:
[25/8/2012 23:9:40] 	[C]: in function 'closeShopWindow'
[25/8/2012 23:9:40] 	data/npc/lib/npcsystem/npchandler.lua:225: in function 'releaseFocus'
[25/8/2012 23:9:40] 	data/npc/lib/npcsystem/npchandler.lua:591: in function 'onWalkAway'
[25/8/2012 23:9:40] 	data/npc/lib/npcsystem/npchandler.lua:523: in function 'onThink'
[25/8/2012 23:9:40] 	data/npc/scripts/game/default.lua:9: in function <data/npc/scripts/game/default.lua:9>
[25/8/2012 23:11:5] > Saving server...
[25/8/2012 23:11:13] > SAVE: Complete in 7.967 seconds using binary-tilebased house storage.

[25/8/2012 23:19:4] [Error - NpcScript Interface] 
[25/8/2012 23:19:4] (Unknown script file)
[25/8/2012 23:19:4] Description: 
[25/8/2012 23:19:4] attempt to call a nil value
[25/8/2012 23:19:4] stack traceback:

[25/8/2012 23:25:15] [Error - NpcScript Interface] 
[25/8/2012 23:25:15] (Unknown script file)
[25/8/2012 23:25:15] Description: 
[25/8/2012 23:25:15] attempt to call a nil value
[25/8/2012 23:25:15] stack traceback:
[25/8/2012 23:25:15] 	[C]: in function 'closeShopWindow'
[25/8/2012 23:25:15] 	data/npc/lib/npcsystem/npchandler.lua:225: in function 'releaseFocus'
[25/8/2012 23:25:15] 	data/npc/lib/npcsystem/npchandler.lua:591: in function 'onWalkAway'
[25/8/2012 23:25:15] 	data/npc/lib/npcsystem/npchandler.lua:523: in function 'onThink'
[25/8/2012 23:25:15] 	data/npc/scripts/game/rashid.lua:9: in function <data/npc/scripts/game/rashid.lua:9>

[25/8/2012 23:39:41] [Error - NpcScript Interface] 
[25/8/2012 23:39:41] (Unknown script file)
[25/8/2012 23:39:41] Description: 
[25/8/2012 23:39:41] attempt to call a nil value
[25/8/2012 23:39:41] stack traceback:
[25/8/2012 23:39:41] 	[C]: in function 'closeShopWindow'
[25/8/2012 23:39:41] 	data/npc/lib/npcsystem/npchandler.lua:225: in function 'releaseFocus'
[25/8/2012 23:39:41] 	data/npc/lib/npcsystem/npchandler.lua:591: in function 'onWalkAway'
[25/8/2012 23:39:41] 	data/npc/lib/npcsystem/npchandler.lua:523: in function 'onThink'
[25/8/2012 23:39:41] 	data/npc/scripts/game/default.lua:9: in function <data/npc/scripts/game/default.lua:9>
[26/8/2012 0:11:5] > Saving server...
[26/8/2012 0:11:13] > SAVE: Complete in 7.622 seconds using binary-tilebased house storage.

[26/8/2012 0:57:3] [Error - NpcScript Interface] 
[26/8/2012 0:57:3] (Unknown script file)
[26/8/2012 0:57:3] Description: 
[26/8/2012 0:57:3] attempt to call a nil value
[26/8/2012 0:57:3] stack traceback:
[26/8/2012 0:57:3] 	[C]: in function 'closeShopWindow'
[26/8/2012 0:57:3] 	data/npc/lib/npcsystem/npchandler.lua:225: in function 'releaseFocus'
[26/8/2012 0:57:3] 	data/npc/lib/npcsystem/npchandler.lua:591: in function 'onWalkAway'
[26/8/2012 0:57:3] 	data/npc/lib/npcsystem/npchandler.lua:523: in function 'onThink'
[26/8/2012 0:57:3] 	data/npc/scripts/game/default.lua:9: in function <data/npc/scripts/game/default.lua:9>

[26/8/2012 0:57:9] [Error - NpcScript Interface] 
[26/8/2012 0:57:9] (Unknown script file)
[26/8/2012 0:57:9] Description: 
[26/8/2012 0:57:9] attempt to call a nil value
[26/8/2012 0:57:9] stack traceback:

[26/8/2012 1:2:28] [Error - NpcScript Interface] 
[26/8/2012 1:2:28] (Unknown script file)
[26/8/2012 1:2:28] Description: 
[26/8/2012 1:2:28] attempt to call a nil value
[26/8/2012 1:2:28] stack traceback:
[26/8/2012 1:2:28] 	[C]: in function 'closeShopWindow'
[26/8/2012 1:2:28] 	data/npc/lib/npcsystem/npchandler.lua:225: in function 'releaseFocus'
[26/8/2012 1:2:28] 	data/npc/lib/npcsystem/npchandler.lua:591: in function 'onWalkAway'
[26/8/2012 1:2:28] 	data/npc/lib/npcsystem/npchandler.lua:523: in function 'onThink'
[26/8/2012 1:2:28] 	data/npc/scripts/game/default.lua:9: in function <data/npc/scripts/game/default.lua:9>
[26/8/2012 1:11:5] > Saving server...
[26/8/2012 1:11:12] > SAVE: Complete in 7.055 seconds using binary-tilebased house storage.

[26/8/2012 1:11:43] [Error - NpcScript Interface] 
[26/8/2012 1:11:43] (Unknown script file)
[26/8/2012 1:11:43] Description: 
[26/8/2012 1:11:43] attempt to call a nil value
[26/8/2012 1:11:43] stack traceback:
[26/8/2012 1:30:45] [Warning - Protocol::RSA_decrypt] Not valid packet size (IP: 177.80.231.195)
[26/8/2012 2:11:5] > Saving server...
[26/8/2012 2:11:12] > SAVE: Complete in 6.786 seconds using binary-tilebased house storage.

[26/8/2012 2:35:16] [Error - NpcScript Interface] 
[26/8/2012 2:35:16] (Unknown script file)
[26/8/2012 2:35:16] Description: 
[26/8/2012 2:35:16] attempt to call a nil value
[26/8/2012 2:35:16] stack traceback:
[26/8/2012 2:35:16] 	[C]: in function 'closeShopWindow'
[26/8/2012 2:35:16] 	data/npc/lib/npcsystem/npchandler.lua:225: in function 'releaseFocus'
[26/8/2012 2:35:16] 	data/npc/lib/npcsystem/npchandler.lua:591: in function 'onWalkAway'
[26/8/2012 2:35:16] 	data/npc/lib/npcsystem/npchandler.lua:523: in function 'onThink'
[26/8/2012 2:35:16] 	data/npc/scripts/game/default.lua:9: in function <data/npc/scripts/game/default.lua:9>

[26/8/2012 2:46:49] [Error - NpcScript Interface] 
[26/8/2012 2:46:49] (Unknown script file)
[26/8/2012 2:46:49] Description: 
[26/8/2012 2:46:49] attempt to call a nil value
[26/8/2012 2:46:49] stack traceback:

[26/8/2012 2:50:3] [Error - NpcScript Interface] 
[26/8/2012 2:50:3] (Unknown script file)
[26/8/2012 2:50:3] Description: 
[26/8/2012 2:50:3] attempt to call a nil value
[26/8/2012 2:50:3] stack traceback:
[26/8/2012 2:50:3] 	[C]: in function 'closeShopWindow'
[26/8/2012 2:50:3] 	data/npc/lib/npcsystem/npchandler.lua:225: in function 'releaseFocus'
[26/8/2012 2:50:3] 	data/npc/lib/npcsystem/npchandler.lua:591: in function 'onWalkAway'
[26/8/2012 2:50:3] 	data/npc/lib/npcsystem/npchandler.lua:523: in function 'onThink'
[26/8/2012 2:50:3] 	data/npc/scripts/game/rashid.lua:9: in function <data/npc/scripts/game/rashid.lua:9>

[26/8/2012 2:54:27] [Error - NpcScript Interface] 
[26/8/2012 2:54:27] (Unknown script file)
[26/8/2012 2:54:27] Description: 
[26/8/2012 2:54:27] attempt to call a nil value
[26/8/2012 2:54:27] stack traceback:

[26/8/2012 2:55:7] [Error - NpcScript Interface] 
[26/8/2012 2:55:7] (Unknown script file)
[26/8/2012 2:55:7] Description: 
[26/8/2012 2:55:7] attempt to call a nil value
[26/8/2012 2:55:7] stack traceback:
[26/8/2012 3:11:5] > Saving server...
[26/8/2012 3:11:11] > SAVE: Complete in 6.289 seconds using binary-tilebased house storage.

[26/8/2012 3:52:26] [Error - Spell Interface] 
[26/8/2012 3:52:26] data/spells/scripts/support/destroy_field_rune.lua:onCastSpell
[26/8/2012 3:52:26] Description: 
[26/8/2012 3:52:26] (luaDoRemoveItem) Item not found

[26/8/2012 3:52:31] [Error - Spell Interface] 
[26/8/2012 3:52:31] data/spells/scripts/support/destroy_field_rune.lua:onCastSpell
[26/8/2012 3:52:31] Description: 
[26/8/2012 3:52:31] (luaDoRemoveItem) Item not found

[26/8/2012 3:53:3] [Error - Spell Interface] 
[26/8/2012 3:53:3] data/spells/scripts/support/destroy_field_rune.lua:onCastSpell
[26/8/2012 3:53:3] Description: 
[26/8/2012 3:53:3] (luaDoRemoveItem) Item not found

[26/8/2012 3:55:56] [Error - Spell Interface] 
[26/8/2012 3:55:56] data/spells/scripts/support/destroy_field_rune.lua:onCastSpell
[26/8/2012 3:55:56] Description: 
[26/8/2012 3:55:56] (luaDoRemoveItem) Item not found

[26/8/2012 3:56:3] [Error - Spell Interface] 
[26/8/2012 3:56:3] data/spells/scripts/support/destroy_field_rune.lua:onCastSpell
[26/8/2012 3:56:3] Description: 
[26/8/2012 3:56:3] (luaDoRemoveItem) Item not found
[26/8/2012 4:11:5] > Saving server...
[26/8/2012 4:11:11] > SAVE: Complete in 5.977 seconds using binary-tilebased house storage.

[26/8/2012 4:15:15] [Error - NpcScript Interface] 
[26/8/2012 4:15:15] (Unknown script file)
[26/8/2012 4:15:15] Description: 
[26/8/2012 4:15:15] attempt to call a nil value
[26/8/2012 4:15:15] stack traceback:
[26/8/2012 4:15:15] 	[C]: in function 'closeShopWindow'
[26/8/2012 4:15:15] 	data/npc/lib/npcsystem/npchandler.lua:225: in function 'releaseFocus'
[26/8/2012 4:15:15] 	data/npc/lib/npcsystem/npchandler.lua:591: in function 'onWalkAway'
[26/8/2012 4:15:15] 	data/npc/lib/npcsystem/npchandler.lua:523: in function 'onThink'
[26/8/2012 4:15:15] 	data/npc/scripts/game/default.lua:9: in function <data/npc/scripts/game/default.lua:9>

[26/8/2012 4:25:24] [Error - NpcScript Interface] 
[26/8/2012 4:25:24] (Unknown script file)
[26/8/2012 4:25:24] Description: 
[26/8/2012 4:25:24] attempt to call a nil value
[26/8/2012 4:25:24] stack traceback:
[26/8/2012 4:25:24] 	[C]: in function 'closeShopWindow'
[26/8/2012 4:25:24] 	data/npc/lib/npcsystem/npchandler.lua:225: in function 'releaseFocus'
[26/8/2012 4:25:24] 	data/npc/lib/npcsystem/npchandler.lua:591: in function 'onWalkAway'
[26/8/2012 4:25:24] 	data/npc/lib/npcsystem/npchandler.lua:523: in function 'onThink'
[26/8/2012 4:25:24] 	data/npc/scripts/game/bless/bless4.lua:9: in function <data/npc/scripts/game/bless/bless4.lua:9>
[26/8/2012 5:11:5] > Saving server...
[26/8/2012 5:11:10] > SAVE: Complete in 4.974 seconds using binary-tilebased house storage.
[26/8/2012 6:11:5] > Saving server...
[26/8/2012 6:11:10] > SAVE: Complete in 4.586 seconds using binary-tilebased house storage.

[26/8/2012 6:36:28] [Error - NpcScript Interface] 
[26/8/2012 6:36:28] (Unknown script file)
[26/8/2012 6:36:28] Description: 
[26/8/2012 6:36:28] attempt to call a nil value
[26/8/2012 6:36:28] stack traceback:

[26/8/2012 6:42:24] [Error - NpcScript Interface] 
[26/8/2012 6:42:24] (Unknown script file)
[26/8/2012 6:42:24] Description: 
[26/8/2012 6:42:24] attempt to call a nil value
[26/8/2012 6:42:24] stack traceback:
[26/8/2012 6:42:24] 	[C]: in function 'closeShopWindow'
[26/8/2012 6:42:24] 	data/npc/lib/npcsystem/npchandler.lua:225: in function 'releaseFocus'
[26/8/2012 6:42:24] 	data/npc/lib/npcsystem/npchandler.lua:591: in function 'onWalkAway'
[26/8/2012 6:42:24] 	data/npc/lib/npcsystem/npchandler.lua:523: in function 'onThink'
[26/8/2012 6:42:24] 	data/npc/scripts/game/default.lua:9: in function <data/npc/scripts/game/default.lua:9>
[26/8/2012 7:11:5] > Saving server...
[26/8/2012 7:11:11] > SAVE: Complete in 5.751 seconds using binary-tilebased house storage.

[26/8/2012 7:22:3] [Error - NpcScript Interface] 
[26/8/2012 7:22:3] (Unknown script file)
[26/8/2012 7:22:3] Description: 
[26/8/2012 7:22:3] attempt to call a nil value
[26/8/2012 7:22:3] stack traceback:
[26/8/2012 7:22:3] 	[C]: in function 'closeShopWindow'
[26/8/2012 7:22:3] 	data/npc/lib/npcsystem/npchandler.lua:225: in function 'releaseFocus'
[26/8/2012 7:22:3] 	data/npc/lib/npcsystem/npchandler.lua:591: in function 'onWalkAway'
[26/8/2012 7:22:3] 	data/npc/lib/npcsystem/npchandler.lua:523: in function 'onThink'
[26/8/2012 7:22:3] 	data/npc/scripts/game/default.lua:9: in function <data/npc/scripts/game/default.lua:9>

[26/8/2012 7:49:10] [Error - NpcScript Interface] 
[26/8/2012 7:49:10] (Unknown script file)
[26/8/2012 7:49:10] Description: 
[26/8/2012 7:49:10] attempt to call a nil value
[26/8/2012 7:49:10] stack traceback:
[26/8/2012 7:49:10] 	[C]: in function 'closeShopWindow'
[26/8/2012 7:49:10] 	data/npc/lib/npcsystem/npchandler.lua:225: in function 'releaseFocus'
[26/8/2012 7:49:10] 	data/npc/lib/npcsystem/npchandler.lua:591: in function 'onWalkAway'
[26/8/2012 7:49:10] 	data/npc/lib/npcsystem/npchandler.lua:523: in function 'onThink'
[26/8/2012 7:49:10] 	data/npc/scripts/game/default.lua:9: in function <data/npc/scripts/game/default.lua:9>
[26/8/2012 8:11:5] > Saving server...
[26/8/2012 8:11:11] > SAVE: Complete in 5.923 seconds using binary-tilebased house storage.

[26/8/2012 8:51:20] [Error - NpcScript Interface] 
[26/8/2012 8:51:20] (Unknown script file)
[26/8/2012 8:51:20] Description: 
[26/8/2012 8:51:20] attempt to call a nil value
[26/8/2012 8:51:20] stack traceback:

[26/8/2012 9:0:36] [Error - NpcScript Interface] 
[26/8/2012 9:0:36] (Unknown script file)
[26/8/2012 9:0:36] Description: 
[26/8/2012 9:0:36] attempt to call a nil value
[26/8/2012 9:0:36] stack traceback:
[26/8/2012 9:0:36] 	[C]: in function 'closeShopWindow'
[26/8/2012 9:0:36] 	data/npc/lib/npcsystem/npchandler.lua:225: in function 'releaseFocus'
[26/8/2012 9:0:36] 	data/npc/lib/npcsystem/npchandler.lua:591: in function 'onWalkAway'
[26/8/2012 9:0:36] 	data/npc/lib/npcsystem/npchandler.lua:523: in function 'onThink'
[26/8/2012 9:0:36] 	data/npc/scripts/game/default.lua:9: in function <data/npc/scripts/game/default.lua:9>

[26/8/2012 9:8:6] [Error - NpcScript Interface] 
[26/8/2012 9:8:6] (Unknown script file)
[26/8/2012 9:8:6] Description: 
[26/8/2012 9:8:6] attempt to call a nil value
[26/8/2012 9:8:6] stack traceback:
[26/8/2012 9:8:6] 	[C]: in function 'closeShopWindow'
[26/8/2012 9:8:6] 	data/npc/lib/npcsystem/npchandler.lua:225: in function 'releaseFocus'
[26/8/2012 9:8:6] 	data/npc/lib/npcsystem/npchandler.lua:591: in function 'onWalkAway'
[26/8/2012 9:8:6] 	data/npc/lib/npcsystem/npchandler.lua:523: in function 'onThink'
[26/8/2012 9:8:6] 	data/npc/scripts/game/default.lua:9: in function <data/npc/scripts/game/default.lua:9>
[26/8/2012 9:11:5] > Saving server...
[26/8/2012 9:11:11] > SAVE: Complete in 5.948 seconds using binary-tilebased house storage.

[26/8/2012 9:40:24] [Error - NpcScript Interface] 
[26/8/2012 9:40:24] (Unknown script file)
[26/8/2012 9:40:24] Description: 
[26/8/2012 9:40:24] attempt to call a nil value
[26/8/2012 9:40:24] stack traceback:
[26/8/2012 9:40:24] 	[C]: in function 'closeShopWindow'
[26/8/2012 9:40:24] 	data/npc/lib/npcsystem/npchandler.lua:225: in function 'releaseFocus'
[26/8/2012 9:40:24] 	data/npc/lib/npcsystem/npchandler.lua:591: in function 'onWalkAway'
[26/8/2012 9:40:24] 	data/npc/lib/npcsystem/npchandler.lua:523: in function 'onThink'
[26/8/2012 9:40:24] 	data/npc/scripts/game/default.lua:9: in function <data/npc/scripts/game/default.lua:9>

[26/8/2012 9:53:24] [Error - NpcScript Interface] 
[26/8/2012 9:53:24] (Unknown script file)
[26/8/2012 9:53:24] Description: 
[26/8/2012 9:53:24] attempt to call a nil value
[26/8/2012 9:53:24] stack traceback:
[26/8/2012 9:53:24] 	[C]: in function 'closeShopWindow'
[26/8/2012 9:53:24] 	data/npc/lib/npcsystem/npchandler.lua:225: in function 'releaseFocus'
[26/8/2012 9:53:24] 	data/npc/lib/npcsystem/npchandler.lua:591: in function 'onWalkAway'
[26/8/2012 9:53:24] 	data/npc/lib/npcsystem/npchandler.lua:523: in function 'onThink'
[26/8/2012 9:53:24] 	data/npc/scripts/game/default.lua:9: in function <data/npc/scripts/game/default.lua:9>

[26/8/2012 9:55:11] [Error - NpcScript Interface] 
[26/8/2012 9:55:11] (Unknown script file)
[26/8/2012 9:55:11] Description: 
[26/8/2012 9:55:11] attempt to call a nil value
[26/8/2012 9:55:11] stack traceback:
[26/8/2012 10:0:21] > Paying houses...
[26/8/2012 10:0:22] Houses paid in 1.295 seconds.
[26/8/2012 10:0:22] > Saving server...
[26/8/2012 10:0:23] > SAVE: Complete in 0.518 seconds using binary-tilebased house storage.
[26/8/2012 10:0:23] Preparing to shutdown the server- done.
