[27/7/2012 3:5:44] > Using MD5 encryption
[27/7/2012 3:5:44] >> Loading RSA key
[27/7/2012 3:5:44] >> Starting SQL connection

[27/7/2012 3:5:44] > WARNING: Outdated MySQL server detected, consider upgrading to a newer version.
[27/7/2012 3:5:44] >> Running Database Manager
[27/7/2012 3:5:45] >> Loading items (OTB)
[27/7/2012 3:5:45] >> Loading items (XML)
[27/7/2012 3:5:45] [Warning - Items::loadFromXml] Unknown key value blocksolid
[27/7/2012 3:5:45] [Warning - Items::loadFromXml] Unknown key value blocksolid
[27/7/2012 3:5:45] >> Loading groups
[27/7/2012 3:5:45] >> Loading vocations
[27/7/2012 3:5:45] >> Loading outfits
[27/7/2012 3:5:45] >> Loading chat channels
[27/7/2012 3:5:45] >> Loading script systems
[27/7/2012 3:5:46] [Warning - Event::loadScript] Event onTime not found (data/globalevents/scripts/clean.lua)
[27/7/2012 3:5:46] >> Loading mods...
[27/7/2012 3:5:46] > 0 mods were loaded.
[27/7/2012 3:5:46] >> Loading experience stages
[27/7/2012 3:5:46] >> Loading monsters
[27/7/2012 3:5:47] [Warning - Monsters::deserializeSpell] Frost Dragon - Unknown areaEffect: smallice
[27/7/2012 3:5:47] >> Loading map and spawns...
[27/7/2012 3:5:49] > Map size: 5000x5000.
[27/7/2012 3:5:49] > Map descriptions: 
[27/7/2012 3:5:49] "Saved with Remere's Map Editor 2.1"
[27/7/2012 3:5:49] "SimOne MapEditor 0.5.5"
[27/7/2012 3:5:49] [Warning - IOMap::loadMap] Movable item in house: 517, item type: 2741, pos 1070/1121/6
[27/7/2012 3:5:49] [Warning - IOMap::loadMap] Movable item in house: 518, item type: 2741, pos 1070/1129/6
[27/7/2012 3:5:49] [Warning - IOMap::loadMap] Movable item in house: 517, item type: 2741, pos 1073/1121/6
[27/7/2012 3:5:49] [Warning - IOMap::loadMap] Movable item in house: 518, item type: 2741, pos 1073/1129/6
[27/7/2012 3:5:50] Duplicate uniqueId 6401
[27/7/2012 3:5:50] Duplicate uniqueId 6401
[27/7/2012 3:5:51] Duplicate uniqueId 6401
[27/7/2012 3:5:51] Duplicate uniqueId 6401
[27/7/2012 3:5:51] Duplicate uniqueId 6401
[27/7/2012 3:5:51] Duplicate uniqueId 6401
[27/7/2012 3:5:52] Duplicate uniqueId 6401
[27/7/2012 3:5:52] Duplicate uniqueId 6401
[27/7/2012 3:5:53] Duplicate uniqueId 2004
[27/7/2012 3:5:53] Duplicate uniqueId 2005
[27/7/2012 3:5:53] Duplicate uniqueId 2006
[27/7/2012 3:5:53] Duplicate uniqueId 2007
[27/7/2012 3:5:55] Duplicate uniqueId 6401
[27/7/2012 3:5:55] Duplicate uniqueId 6401
[27/7/2012 3:5:55] Duplicate uniqueId 6401
[27/7/2012 3:5:55] Duplicate uniqueId 6400
[27/7/2012 3:5:55] Duplicate uniqueId 6401
[27/7/2012 3:5:55] Duplicate uniqueId 2056
[27/7/2012 3:5:55] Duplicate uniqueId 2057
[27/7/2012 3:5:55] Duplicate uniqueId 2058
[27/7/2012 3:5:55] Duplicate uniqueId 2051
[27/7/2012 3:5:55] Duplicate uniqueId 2052
[27/7/2012 3:5:55] Duplicate uniqueId 2053
[27/7/2012 3:5:55] Duplicate uniqueId 2054
[27/7/2012 3:5:56] > Map loading time: 8.401 seconds.
[27/7/2012 3:5:56] [Spawn::addMonster] Cannot find "Butterfly"
[27/7/2012 3:5:56] [Spawn::addMonster] Cannot find "Butterfly"
[27/7/2012 3:5:57] > Data parsing time: 1.073 seconds.
[27/7/2012 3:6:16] > Houses synchronization time: 19.411 seconds.
[27/7/2012 3:6:16] > Content unserialization time: 0.103 seconds.
[27/7/2012 3:6:16] >> Checking world type... Open PvP
[27/7/2012 3:6:16] >> Initializing game state and binding services...
[27/7/2012 3:6:18] > Global IP address: 184.173.128.212
[27/7/2012 3:6:18] > Bound ports: 7577	7578	9215	
[27/7/2012 3:6:18] >> Everything smells good, server is starting up...
[27/7/2012 3:6:18] [DDOS EMERGENCY] Enabled
>> UltraX server Online!
[27/7/2012 3:6:18] [DDOS EMERGENCY] Enabled
>> UltraX server Online!


[27/7/2012 3:8:45] [Error - NpcScript Interface] 
[27/7/2012 3:8:45] (Unknown script file)
[27/7/2012 3:8:45] Description: 
[27/7/2012 3:8:45] attempt to call a nil value
[27/7/2012 3:8:45] stack traceback:
[27/7/2012 3:8:45] 	[C]: in function 'closeShopWindow'
[27/7/2012 3:8:45] 	data/npc/lib/npcsystem/npchandler.lua:225: in function 'releaseFocus'
[27/7/2012 3:8:45] 	data/npc/lib/npcsystem/npchandler.lua:591: in function 'onWalkAway'
[27/7/2012 3:8:45] 	data/npc/lib/npcsystem/npchandler.lua:523: in function 'onThink'
[27/7/2012 3:8:45] 	data/npc/scripts/game/default.lua:9: in function <data/npc/scripts/game/default.lua:9>

[27/7/2012 3:29:25] [Error - NpcScript Interface] 
[27/7/2012 3:29:25] (Unknown script file)
[27/7/2012 3:29:25] Description: 
[27/7/2012 3:29:25] attempt to call a nil value
[27/7/2012 3:29:25] stack traceback:
[27/7/2012 3:29:25] 	[C]: in function 'closeShopWindow'
[27/7/2012 3:29:25] 	data/npc/lib/npcsystem/npchandler.lua:225: in function 'releaseFocus'
[27/7/2012 3:29:25] 	data/npc/lib/npcsystem/npchandler.lua:591: in function 'onWalkAway'
[27/7/2012 3:29:25] 	data/npc/lib/npcsystem/npchandler.lua:523: in function 'onThink'
[27/7/2012 3:29:25] 	data/npc/scripts/game/default.lua:9: in function <data/npc/scripts/game/default.lua:9>
[27/7/2012 4:7:46] > Saving server...
[27/7/2012 4:7:49] > SAVE: Complete in 3.488 seconds using binary-tilebased house storage.

[27/7/2012 5:7:12] [Error - NpcScript Interface] 
[27/7/2012 5:7:12] (Unknown script file)
[27/7/2012 5:7:12] Description: 
[27/7/2012 5:7:12] attempt to call a nil value
[27/7/2012 5:7:12] stack traceback:
[27/7/2012 5:7:12] 	[C]: in function 'closeShopWindow'
[27/7/2012 5:7:12] 	data/npc/lib/npcsystem/npchandler.lua:225: in function 'releaseFocus'
[27/7/2012 5:7:12] 	data/npc/lib/npcsystem/npchandler.lua:591: in function 'onWalkAway'
[27/7/2012 5:7:12] 	data/npc/lib/npcsystem/npchandler.lua:523: in function 'onThink'
[27/7/2012 5:7:12] 	data/npc/scripts/game/default.lua:9: in function <data/npc/scripts/game/default.lua:9>
[27/7/2012 5:7:46] > Saving server...
[27/7/2012 5:7:49] > SAVE: Complete in 3.346 seconds using binary-tilebased house storage.

[27/7/2012 5:13:48] [Error - NpcScript Interface] 
[27/7/2012 5:13:48] (Unknown script file)
[27/7/2012 5:13:48] Description: 
[27/7/2012 5:13:48] attempt to call a nil value
[27/7/2012 5:13:48] stack traceback:
[27/7/2012 5:13:48] 	[C]: in function 'closeShopWindow'
[27/7/2012 5:13:48] 	data/npc/lib/npcsystem/npchandler.lua:225: in function 'releaseFocus'
[27/7/2012 5:13:48] 	data/npc/lib/npcsystem/npchandler.lua:591: in function 'onWalkAway'
[27/7/2012 5:13:48] 	data/npc/lib/npcsystem/npchandler.lua:523: in function 'onThink'
[27/7/2012 5:13:48] 	data/npc/scripts/game/blacksmith.lua:9: in function <data/npc/scripts/game/blacksmith.lua:9>

[27/7/2012 5:43:51] [Error - NpcScript Interface] 
[27/7/2012 5:43:51] (Unknown script file)
[27/7/2012 5:43:51] Description: 
[27/7/2012 5:43:51] attempt to call a nil value
[27/7/2012 5:43:51] stack traceback:
[27/7/2012 5:43:51] 	[C]: in function 'closeShopWindow'
[27/7/2012 5:43:51] 	data/npc/lib/npcsystem/npchandler.lua:225: in function 'releaseFocus'
[27/7/2012 5:43:51] 	data/npc/lib/npcsystem/npchandler.lua:591: in function 'onWalkAway'
[27/7/2012 5:43:51] 	data/npc/lib/npcsystem/npchandler.lua:523: in function 'onThink'
[27/7/2012 5:43:51] 	data/npc/scripts/game/default.lua:9: in function <data/npc/scripts/game/default.lua:9>
[27/7/2012 6:7:46] > Saving server...
[27/7/2012 6:7:50] > SAVE: Complete in 3.716 seconds using binary-tilebased house storage.
[27/7/2012 7:7:46] > Saving server...
[27/7/2012 7:7:50] > SAVE: Complete in 3.503 seconds using binary-tilebased house storage.

[27/7/2012 8:1:11] [Error - NpcScript Interface] 
[27/7/2012 8:1:11] (Unknown script file)
[27/7/2012 8:1:11] Description: 
[27/7/2012 8:1:11] attempt to call a nil value
[27/7/2012 8:1:11] stack traceback:
[27/7/2012 8:7:46] > Saving server...
[27/7/2012 8:7:50] > SAVE: Complete in 3.579 seconds using binary-tilebased house storage.

[27/7/2012 8:12:27] [Error - NpcScript Interface] 
[27/7/2012 8:12:27] (Unknown script file)
[27/7/2012 8:12:27] Description: 
[27/7/2012 8:12:27] attempt to call a nil value
[27/7/2012 8:12:27] stack traceback:

[27/7/2012 8:45:38] [Error - NpcScript Interface] 
[27/7/2012 8:45:38] (Unknown script file)
[27/7/2012 8:45:38] Description: 
[27/7/2012 8:45:38] attempt to call a nil value
[27/7/2012 8:45:38] stack traceback:

[27/7/2012 9:0:12] [Error - NpcScript Interface] 
[27/7/2012 9:0:12] (Unknown script file)
[27/7/2012 9:0:12] Description: 
[27/7/2012 9:0:12] attempt to call a nil value
[27/7/2012 9:0:12] stack traceback:
[27/7/2012 9:7:46] > Saving server...
[27/7/2012 9:7:50] > SAVE: Complete in 3.783 seconds using binary-tilebased house storage.

[27/7/2012 9:11:31] [Error - NpcScript Interface] 
[27/7/2012 9:11:31] (Unknown script file)
[27/7/2012 9:11:31] Description: 
[27/7/2012 9:11:31] attempt to call a nil value
[27/7/2012 9:11:31] stack traceback:

[27/7/2012 9:21:35] [Error - NpcScript Interface] 
[27/7/2012 9:21:35] (Unknown script file)
[27/7/2012 9:21:35] Description: 
[27/7/2012 9:21:35] attempt to call a nil value
[27/7/2012 9:21:35] stack traceback:
[27/7/2012 9:21:35] 	[C]: in function 'closeShopWindow'
[27/7/2012 9:21:35] 	data/npc/lib/npcsystem/npchandler.lua:225: in function 'releaseFocus'
[27/7/2012 9:21:35] 	data/npc/lib/npcsystem/npchandler.lua:591: in function 'onWalkAway'
[27/7/2012 9:21:35] 	data/npc/lib/npcsystem/npchandler.lua:523: in function 'onThink'
[27/7/2012 9:21:35] 	data/npc/scripts/game/default.lua:9: in function <data/npc/scripts/game/default.lua:9>

[27/7/2012 9:28:7] [Error - NpcScript Interface] 
[27/7/2012 9:28:7] (Unknown script file)
[27/7/2012 9:28:7] Description: 
[27/7/2012 9:28:7] attempt to call a nil value
[27/7/2012 9:28:7] stack traceback:
[27/7/2012 9:28:7] 	[C]: in function 'closeShopWindow'
[27/7/2012 9:28:7] 	data/npc/lib/npcsystem/npchandler.lua:225: in function 'releaseFocus'
[27/7/2012 9:28:7] 	data/npc/lib/npcsystem/npchandler.lua:591: in function 'onWalkAway'
[27/7/2012 9:28:7] 	data/npc/lib/npcsystem/npchandler.lua:523: in function 'onThink'
[27/7/2012 9:28:7] 	data/npc/scripts/game/default.lua:9: in function <data/npc/scripts/game/default.lua:9>
[27/7/2012 10:0:13] > Paying houses...
[27/7/2012 10:0:14] Houses paid in 0.806 seconds.
[27/7/2012 10:0:14] > Saving server...
[27/7/2012 10:0:14] > SAVE: Complete in 0.406 seconds using binary-tilebased house storage.
[27/7/2012 10:0:14] Preparing to shutdown the server- done.
[27/7/2012 10:9:1] > Using MD5 encryption
[27/7/2012 10:9:1] >> Loading RSA key
[27/7/2012 10:9:1] >> Starting SQL connection

[27/7/2012 10:9:2] > WARNING: Outdated MySQL server detected, consider upgrading to a newer version.
[27/7/2012 10:9:2] >> Running Database Manager
[27/7/2012 10:9:2] >> Loading items (OTB)
[27/7/2012 10:9:2] >> Loading items (XML)
[27/7/2012 10:9:2] [Warning - Items::loadFromXml] Unknown key value blocksolid
[27/7/2012 10:9:2] [Warning - Items::loadFromXml] Unknown key value blocksolid
[27/7/2012 10:9:2] >> Loading groups
[27/7/2012 10:9:2] >> Loading vocations
[27/7/2012 10:9:2] >> Loading outfits
[27/7/2012 10:9:2] >> Loading chat channels
[27/7/2012 10:9:2] >> Loading script systems
[27/7/2012 10:9:4] [Warning - Event::loadScript] Event onTime not found (data/globalevents/scripts/clean.lua)
[27/7/2012 10:9:4] >> Loading mods...
[27/7/2012 10:9:4] > 0 mods were loaded.
[27/7/2012 10:9:4] >> Loading experience stages
[27/7/2012 10:9:4] >> Loading monsters
[27/7/2012 10:9:4] [Warning - Monsters::deserializeSpell] Frost Dragon - Unknown areaEffect: smallice
[27/7/2012 10:9:5] >> Loading map and spawns...
[27/7/2012 10:9:8] > Map size: 5000x5000.
[27/7/2012 10:9:8] > Map descriptions: 
[27/7/2012 10:9:8] "Saved with Remere's Map Editor 2.1"
[27/7/2012 10:9:8] "SimOne MapEditor 0.5.5"
[27/7/2012 10:9:8] [Warning - IOMap::loadMap] Movable item in house: 517, item type: 2741, pos 1070/1121/6
[27/7/2012 10:9:8] [Warning - IOMap::loadMap] Movable item in house: 518, item type: 2741, pos 1070/1129/6
[27/7/2012 10:9:8] [Warning - IOMap::loadMap] Movable item in house: 517, item type: 2741, pos 1073/1121/6
[27/7/2012 10:9:8] [Warning - IOMap::loadMap] Movable item in house: 518, item type: 2741, pos 1073/1129/6
[27/7/2012 10:9:9] Duplicate uniqueId 6401
[27/7/2012 10:9:9] Duplicate uniqueId 6401
[27/7/2012 10:9:10] Duplicate uniqueId 6401
[27/7/2012 10:9:10] Duplicate uniqueId 6401
[27/7/2012 10:9:10] Duplicate uniqueId 6401
[27/7/2012 10:9:10] Duplicate uniqueId 6401
[27/7/2012 10:9:11] Duplicate uniqueId 6401
[27/7/2012 10:9:11] Duplicate uniqueId 6401
[27/7/2012 10:9:12] Duplicate uniqueId 2004
[27/7/2012 10:9:12] Duplicate uniqueId 2005
[27/7/2012 10:9:12] Duplicate uniqueId 2006
[27/7/2012 10:9:12] Duplicate uniqueId 2007
[27/7/2012 10:9:14] Duplicate uniqueId 6401
[27/7/2012 10:9:14] Duplicate uniqueId 6401
[27/7/2012 10:9:14] Duplicate uniqueId 6401
[27/7/2012 10:9:14] Duplicate uniqueId 6400
[27/7/2012 10:9:14] Duplicate uniqueId 6401
[27/7/2012 10:9:14] Duplicate uniqueId 2056
[27/7/2012 10:9:14] Duplicate uniqueId 2057
[27/7/2012 10:9:14] Duplicate uniqueId 2058
[27/7/2012 10:9:14] Duplicate uniqueId 2051
[27/7/2012 10:9:14] Duplicate uniqueId 2052
[27/7/2012 10:9:14] Duplicate uniqueId 2053
[27/7/2012 10:9:14] Duplicate uniqueId 2054
[27/7/2012 10:9:15] > Map loading time: 9.044 seconds.
[27/7/2012 10:9:15] [Spawn::addMonster] Cannot find "Butterfly"
[27/7/2012 10:9:15] [Spawn::addMonster] Cannot find "Butterfly"
[27/7/2012 10:9:15] > Data parsing time: 0.938 seconds.
[27/7/2012 10:9:32] > Houses synchronization time: 16.293 seconds.
[27/7/2012 10:9:32] > Content unserialization time: 0.063 seconds.
[27/7/2012 10:9:32] >> Checking world type... Open PvP
[27/7/2012 10:9:32] >> Initializing game state and binding services...
[27/7/2012 10:9:33] > Global IP address: 184.173.128.212
[27/7/2012 10:9:33] > Bound ports: 7577	7578	9215	
[27/7/2012 10:9:33] >> Everything smells good, server is starting up...
[27/7/2012 10:9:33] >> UltraX server Online!
[27/7/2012 10:9:33] >> UltraX server Online!
[DDOS EMERGENCY] Enabled
[27/7/2012 11:11:4] > Saving server...
[27/7/2012 11:11:9] > SAVE: Complete in 5.942 seconds using binary-tilebased house storage.
[27/7/2012 11:29:26] [Warning - Protocol::RSA_decrypt] Not valid packet size (IP: 189.32.168.7)
[27/7/2012 12:11:4] > Saving server...
[27/7/2012 12:11:11] > SAVE: Complete in 7.183 seconds using binary-tilebased house storage.
[27/7/2012 12:34:57] [Warning - Protocol::RSA_decrypt] Not valid packet size (IP: 189.13.201.118)
[27/7/2012 13:11:4] > Saving server...
[27/7/2012 13:11:14] > SAVE: Complete in 10.776 seconds using binary-tilebased house storage.
[27/7/2012 14:11:4] > Saving server...
[27/7/2012 14:11:13] > SAVE: Complete in 9.621 seconds using binary-tilebased house storage.
[27/7/2012 14:58:35] > Broadcasted message: "É possivel ouvir fortes rugidos vindos de Quendor...".
[27/7/2012 14:59:35] > Broadcasted message: "Dragões de fogo estão sobrevoando Quendor!".
[27/7/2012 15:0:15] > Broadcasted message: "Dragoes poem Quendor em chamas!".
[27/7/2012 15:11:4] > Saving server...
[27/7/2012 15:11:11] > SAVE: Complete in 7.495 seconds using binary-tilebased house storage.
[27/7/2012 16:11:4] > Saving server...
[27/7/2012 16:11:11] > SAVE: Complete in 7.726 seconds using binary-tilebased house storage.

[27/7/2012 16:44:26] [Error - Spell Interface] 
[27/7/2012 16:44:26] data/spells/scripts/support/destroy_field_rune.lua:onCastSpell
[27/7/2012 16:44:26] Description: 
[27/7/2012 16:44:26] (luaDoRemoveItem) Item not found

[27/7/2012 16:44:36] [Error - Spell Interface] 
[27/7/2012 16:44:36] data/spells/scripts/support/destroy_field_rune.lua:onCastSpell
[27/7/2012 16:44:36] Description: 
[27/7/2012 16:44:36] (luaDoRemoveItem) Item not found
[27/7/2012 17:11:4] > Saving server...
[27/7/2012 17:11:13] > SAVE: Complete in 9.143 seconds using binary-tilebased house storage.
[27/7/2012 18:11:4] > Saving server...
[27/7/2012 18:11:12] > SAVE: Complete in 8.777 seconds using binary-tilebased house storage.

[27/7/2012 18:28:16] [Error - Spell Interface] 
[27/7/2012 18:28:16] data/spells/scripts/support/destroy_field_rune.lua:onCastSpell
[27/7/2012 18:28:16] Description: 
[27/7/2012 18:28:16] (luaDoRemoveItem) Item not found
[27/7/2012 19:11:4] > Saving server...
[27/7/2012 19:11:13] > SAVE: Complete in 9.476 seconds using binary-tilebased house storage.

[27/7/2012 19:49:28] [Error - Action Interface] 
[27/7/2012 19:49:28] data/actions/scripts/tools/rope.lua:onUse
[27/7/2012 19:49:28] Description: 
[27/7/2012 19:49:28] (luaGetThingFromPos) Tile not found

[27/7/2012 19:51:0] [Error - Action Interface] 
[27/7/2012 19:51:0] data/actions/scripts/tools/rope.lua:onUse
[27/7/2012 19:51:0] Description: 
[27/7/2012 19:51:0] (luaGetThingFromPos) Tile not found
[27/7/2012 20:11:4] > Saving server...
[27/7/2012 20:11:13] > SAVE: Complete in 8.863 seconds using binary-tilebased house storage.
[27/7/2012 20:28:35] [Warning - Protocol::RSA_decrypt] Not valid packet size (IP: 186.218.15.164)
[27/7/2012 21:11:4] > Saving server...
[27/7/2012 21:11:14] > SAVE: Complete in 10.739 seconds using binary-tilebased house storage.
[27/7/2012 22:11:4] > Saving server...
[27/7/2012 22:11:13] > SAVE: Complete in 9.134 seconds using binary-tilebased house storage.
[27/7/2012 23:11:4] > Saving server...
[27/7/2012 23:11:13] > SAVE: Complete in 8.903 seconds using binary-tilebased house storage.
[27/7/2012 23:16:38] > Broadcasted message: "É possivel ouvir fortes rugidos vindos de Quendor...".
[27/7/2012 23:17:38] > Broadcasted message: "Dragões de fogo estão sobrevoando Quendor!".
[27/7/2012 23:18:18] > Broadcasted message: "Dragoes poem Quendor em chamas!".
[28/7/2012 0:11:4] > Saving server...
[28/7/2012 0:11:12] > SAVE: Complete in 8.421 seconds using binary-tilebased house storage.
[28/7/2012 0:32:41] [Warning - Protocol::RSA_decrypt] Not valid packet size (IP: 201.14.135.93)
[28/7/2012 1:11:4] > Saving server...
[28/7/2012 1:11:14] > SAVE: Complete in 9.835 seconds using binary-tilebased house storage.

[28/7/2012 1:49:51] [Error - Action Interface] 
[28/7/2012 1:49:51] data/actions/scripts/tools/rope.lua:onUse
[28/7/2012 1:49:51] Description: 
[28/7/2012 1:49:51] (luaGetThingFromPos) Tile not found
[28/7/2012 2:11:4] > Saving server...
[28/7/2012 2:11:11] > SAVE: Complete in 7.335 seconds using binary-tilebased house storage.
[28/7/2012 3:11:4] > Saving server...
[28/7/2012 3:11:11] > SAVE: Complete in 6.968 seconds using binary-tilebased house storage.
[28/7/2012 3:22:39] > Broadcasted message: "Disturbios foram detectados aos redores de Quendor...".
[28/7/2012 3:25:59] > Broadcasted message: "Os Trolls estão planejando algum ataque a Quendor!".
[28/7/2012 3:29:19] > Broadcasted message: "Os Trolls estão atacando Quendor! Esmaguem estas ridiculas criaturas!".
[28/7/2012 4:11:4] > Saving server...
[28/7/2012 4:11:10] > SAVE: Complete in 6.328 seconds using binary-tilebased house storage.
[28/7/2012 5:11:4] > Saving server...
[28/7/2012 5:11:9] > SAVE: Complete in 4.983 seconds using binary-tilebased house storage.
[28/7/2012 6:11:4] > Saving server...
[28/7/2012 6:11:8] > SAVE: Complete in 3.965 seconds using binary-tilebased house storage.
[28/7/2012 7:11:4] > Saving server...
[28/7/2012 7:11:9] > SAVE: Complete in 4.678 seconds using binary-tilebased house storage.
[28/7/2012 8:11:4] > Saving server...
[28/7/2012 8:11:10] > SAVE: Complete in 5.571 seconds using binary-tilebased house storage.
[28/7/2012 9:11:4] > Saving server...
[28/7/2012 9:11:9] > SAVE: Complete in 5.268 seconds using binary-tilebased house storage.
[28/7/2012 9:20:39] > Broadcasted message: "The Mastersmiths Cyclops are too close from our Capital Thorn. Stay alert.".
[28/7/2012 9:23:59] > Broadcasted message: "Help in the Thorn Western Gate! Cyclops are taking the city!".

[28/7/2012 9:30:47] [Error - Action Interface] 
[28/7/2012 9:30:47] data/actions/scripts/tools/rope.lua:onUse
[28/7/2012 9:30:47] Description: 
[28/7/2012 9:30:47] (luaGetThingFromPos) Tile not found

[28/7/2012 9:31:12] [Error - Action Interface] 
[28/7/2012 9:31:12] data/actions/scripts/tools/rope.lua:onUse
[28/7/2012 9:31:12] Description: 
[28/7/2012 9:31:12] (luaGetThingFromPos) Tile not found

[28/7/2012 9:31:18] [Error - Action Interface] 
[28/7/2012 9:31:18] data/actions/scripts/tools/rope.lua:onUse
[28/7/2012 9:31:18] Description: 
[28/7/2012 9:31:18] (luaGetThingFromPos) Tile not found

[28/7/2012 9:31:22] [Error - Action Interface] 
[28/7/2012 9:31:22] data/actions/scripts/tools/rope.lua:onUse
[28/7/2012 9:31:22] Description: 
[28/7/2012 9:31:22] (luaGetThingFromPos) Tile not found

[28/7/2012 9:31:32] [Error - Action Interface] 
[28/7/2012 9:31:32] data/actions/scripts/tools/rope.lua:onUse
[28/7/2012 9:31:32] Description: 
[28/7/2012 9:31:32] (luaGetThingFromPos) Tile not found
[28/7/2012 10:0:23] > Paying houses...
[28/7/2012 10:0:24] Houses paid in 1.765 seconds.
[28/7/2012 10:0:24] > Saving server...
[28/7/2012 10:0:25] > SAVE: Complete in 0.451 seconds using binary-tilebased house storage.
[28/7/2012 10:0:25] Preparing to shutdown the server- done.
