[30/6/2012 11:14:7] > Using MD5 encryption
[30/6/2012 11:14:7] >> Loading RSA key
[30/6/2012 11:14:7] >> Starting SQL connection

[30/6/2012 11:14:7] > WARNING: Outdated MySQL server detected, consider upgrading to a newer version.
[30/6/2012 11:14:7] >> Running Database Manager
[30/6/2012 11:14:8] >> Loading items (OTB)
[30/6/2012 11:14:8] >> Loading items (XML)
[30/6/2012 11:14:8] [Warning - Items::loadFromXml] Unknown key value blocksolid
[30/6/2012 11:14:8] [Warning - Items::loadFromXml] Unknown key value blocksolid
[30/6/2012 11:14:8] >> Loading groups
[30/6/2012 11:14:8] >> Loading vocations
[30/6/2012 11:14:8] >> Loading outfits
[30/6/2012 11:14:8] >> Loading chat channels
[30/6/2012 11:14:8] >> Loading script systems
[30/6/2012 11:14:9] [Warning - Event::loadScript] Event onTime not found (data/globalevents/scripts/clean.lua)
[30/6/2012 11:14:9] >> Loading mods...
[30/6/2012 11:14:9] > 0 mods were loaded.
[30/6/2012 11:14:9] >> Loading experience stages
[30/6/2012 11:14:9] >> Loading monsters
[30/6/2012 11:14:9] >> Loading map and spawns...
[30/6/2012 11:14:10] > Map size: 5000x5000.
[30/6/2012 11:14:10] > Map descriptions: 
[30/6/2012 11:14:10] "Saved with Remere's Map Editor 2.1"
[30/6/2012 11:14:10] "SimOne MapEditor 0.5.5"
[30/6/2012 11:14:11] [Warning - IOMap::loadMap] Movable item in house: 517, item type: 2741, pos 1070/1121/6
[30/6/2012 11:14:11] [Warning - IOMap::loadMap] Movable item in house: 518, item type: 2741, pos 1070/1129/6
[30/6/2012 11:14:11] [Warning - IOMap::loadMap] Movable item in house: 517, item type: 2741, pos 1073/1121/6
[30/6/2012 11:14:11] [Warning - IOMap::loadMap] Movable item in house: 518, item type: 2741, pos 1073/1129/6
[30/6/2012 11:14:11] Duplicate uniqueId 6401
[30/6/2012 11:14:11] Duplicate uniqueId 6401
[30/6/2012 11:14:12] Duplicate uniqueId 6401
[30/6/2012 11:14:12] Duplicate uniqueId 6401
[30/6/2012 11:14:12] Duplicate uniqueId 6401
[30/6/2012 11:14:12] Duplicate uniqueId 6401
[30/6/2012 11:14:14] Duplicate uniqueId 6401
[30/6/2012 11:14:14] Duplicate uniqueId 6401
[30/6/2012 11:14:15] Duplicate uniqueId 2004
[30/6/2012 11:14:15] Duplicate uniqueId 2005
[30/6/2012 11:14:15] Duplicate uniqueId 2006
[30/6/2012 11:14:15] Duplicate uniqueId 2007
[30/6/2012 11:14:16] Duplicate uniqueId 6401
[30/6/2012 11:14:17] Duplicate uniqueId 6401
[30/6/2012 11:14:17] Duplicate uniqueId 6401
[30/6/2012 11:14:17] Duplicate uniqueId 6400
[30/6/2012 11:14:17] Duplicate uniqueId 6401
[30/6/2012 11:14:17] Duplicate uniqueId 2056
[30/6/2012 11:14:17] Duplicate uniqueId 2057
[30/6/2012 11:14:17] Duplicate uniqueId 2058
[30/6/2012 11:14:17] Duplicate uniqueId 2051
[30/6/2012 11:14:17] Duplicate uniqueId 2052
[30/6/2012 11:14:17] Duplicate uniqueId 2053
[30/6/2012 11:14:17] Duplicate uniqueId 2054
[30/6/2012 11:14:17] > Map loading time: 8.068 seconds.
[30/6/2012 11:14:18] [Spawn::addMonster] Cannot find "Butterfly"
[30/6/2012 11:14:18] [Spawn::addMonster] Cannot find "Butterfly"
[30/6/2012 11:14:18] > Data parsing time: 0.706 seconds.
[30/6/2012 11:14:35] > Houses synchronization time: 16.31 seconds.
[30/6/2012 11:14:35] > Content unserialization time: 0.006 seconds.
[30/6/2012 11:14:35] >> Checking world type... 

[30/6/2012 11:14:35] > ERROR: Unknown world type: open-pvp
[30/6/2012 11:15:34] > Using MD5 encryption
[30/6/2012 11:15:34] >> Loading RSA key
[30/6/2012 11:15:34] >> Starting SQL connection

[30/6/2012 11:15:34] > WARNING: Outdated MySQL server detected, consider upgrading to a newer version.
[30/6/2012 11:15:34] >> Running Database Manager
[30/6/2012 11:15:34] >> Loading items (OTB)
[30/6/2012 11:15:34] >> Loading items (XML)
[30/6/2012 11:15:34] [Warning - Items::loadFromXml] Unknown key value blocksolid
[30/6/2012 11:15:34] [Warning - Items::loadFromXml] Unknown key value blocksolid
[30/6/2012 11:15:34] >> Loading groups
[30/6/2012 11:15:34] >> Loading vocations
[30/6/2012 11:15:34] >> Loading outfits
[30/6/2012 11:15:34] >> Loading chat channels
[30/6/2012 11:15:34] >> Loading script systems
[30/6/2012 11:15:34] [Warning - Event::loadScript] Event onTime not found (data/globalevents/scripts/clean.lua)
[30/6/2012 11:15:34] >> Loading mods...
[30/6/2012 11:15:34] > 0 mods were loaded.
[30/6/2012 11:15:34] >> Loading experience stages
[30/6/2012 11:15:34] >> Loading monsters
[30/6/2012 11:15:35] >> Loading map and spawns...
[30/6/2012 11:15:35] > Map size: 5000x5000.
[30/6/2012 11:15:35] > Map descriptions: 
[30/6/2012 11:15:35] "Saved with Remere's Map Editor 2.1"
[30/6/2012 11:15:35] "SimOne MapEditor 0.5.5"
[30/6/2012 11:15:36] [Warning - IOMap::loadMap] Movable item in house: 517, item type: 2741, pos 1070/1121/6
[30/6/2012 11:15:36] [Warning - IOMap::loadMap] Movable item in house: 518, item type: 2741, pos 1070/1129/6
[30/6/2012 11:15:36] [Warning - IOMap::loadMap] Movable item in house: 517, item type: 2741, pos 1073/1121/6
[30/6/2012 11:15:36] [Warning - IOMap::loadMap] Movable item in house: 518, item type: 2741, pos 1073/1129/6
[30/6/2012 11:15:36] Duplicate uniqueId 6401
[30/6/2012 11:15:36] Duplicate uniqueId 6401
[30/6/2012 11:15:38] Duplicate uniqueId 6401
[30/6/2012 11:15:38] Duplicate uniqueId 6401
[30/6/2012 11:15:38] Duplicate uniqueId 6401
[30/6/2012 11:15:38] Duplicate uniqueId 6401
[30/6/2012 11:15:39] Duplicate uniqueId 6401
[30/6/2012 11:15:40] Duplicate uniqueId 6401
[30/6/2012 11:15:40] Duplicate uniqueId 2004
[30/6/2012 11:15:40] Duplicate uniqueId 2005
[30/6/2012 11:15:40] Duplicate uniqueId 2006
[30/6/2012 11:15:40] Duplicate uniqueId 2007
[30/6/2012 11:15:42] Duplicate uniqueId 6401
[30/6/2012 11:15:42] Duplicate uniqueId 6401
[30/6/2012 11:15:42] Duplicate uniqueId 6401
[30/6/2012 11:15:43] Duplicate uniqueId 6400
[30/6/2012 11:15:43] Duplicate uniqueId 6401
[30/6/2012 11:15:43] Duplicate uniqueId 2056
[30/6/2012 11:15:43] Duplicate uniqueId 2057
[30/6/2012 11:15:43] Duplicate uniqueId 2058
[30/6/2012 11:15:43] Duplicate uniqueId 2051
[30/6/2012 11:15:43] Duplicate uniqueId 2052
[30/6/2012 11:15:43] Duplicate uniqueId 2053
[30/6/2012 11:15:43] Duplicate uniqueId 2054
[30/6/2012 11:15:43] > Map loading time: 8.331 seconds.
[30/6/2012 11:15:43] [Spawn::addMonster] Cannot find "Butterfly"
[30/6/2012 11:15:43] [Spawn::addMonster] Cannot find "Butterfly"
[30/6/2012 11:15:43] > Data parsing time: 0.449 seconds.
[30/6/2012 11:16:0] > Houses synchronization time: 16.156 seconds.
[30/6/2012 11:16:0] > Content unserialization time: 0.005 seconds.
[30/6/2012 11:16:0] >> Checking world type... Open PvP
[30/6/2012 11:16:0] >> Initializing game state and binding services...
[30/6/2012 11:16:1] > ERROR: Failed to load players record!

[30/6/2012 11:16:1] [Error - GlobalEvent Interface] 
[30/6/2012 11:16:1] data/globalevents/scripts/game/init.lua:onStartup
[30/6/2012 11:16:1] Description: 
[30/6/2012 11:16:1] (luaGetThingPosition) Thing not found

[30/6/2012 11:16:1] [Error - GlobalEvent Interface] 
[30/6/2012 11:16:1] data/globalevents/scripts/game/init.lua:onStartup
[30/6/2012 11:16:1] Description: 
[30/6/2012 11:16:1] (luaDoCreateNpc) Cannot create npc: global.rashid
[30/6/2012 11:16:1] > Global IP address: 184.173.128.212
[30/6/2012 11:16:1] > Bound ports: 7577	7578	
[30/6/2012 11:16:1] >> Everything smells good, server is starting up...
[30/6/2012 11:16:1] [DDOS EMERGENCY] Enabled
[30/6/2012 11:16:1] [DDOS EMERGENCY] Enabled
>> UltraX server Online!
