[31/8/2012 10:9:2] > Using MD5 encryption
[31/8/2012 10:9:2] >> Loading RSA key
[31/8/2012 10:9:2] >> Starting SQL connection

[31/8/2012 10:9:2] > WARNING: Outdated MySQL server detected, consider upgrading to a newer version.
[31/8/2012 10:9:2] >> Running Database Manager
[31/8/2012 10:9:2] >> Loading items (OTB)
[31/8/2012 10:9:2] >> Loading items (XML)
[31/8/2012 10:9:2] [Warning - Items::loadFromXml] Unknown key value blocksolid
[31/8/2012 10:9:2] [Warning - Items::loadFromXml] Unknown key value blocksolid
[31/8/2012 10:9:2] >> Loading groups
[31/8/2012 10:9:2] >> Loading vocations
[31/8/2012 10:9:2] >> Loading outfits
[31/8/2012 10:9:2] >> Loading chat channels
[31/8/2012 10:9:2] >> Loading script systems
[31/8/2012 10:9:4] [Warning - Event::loadScript] Event onTime not found (data/globalevents/scripts/clean.lua)
[31/8/2012 10:9:4] >> Loading mods...
[31/8/2012 10:9:4] > 0 mods were loaded.
[31/8/2012 10:9:4] >> Loading experience stages
[31/8/2012 10:9:4] >> Loading monsters
[31/8/2012 10:9:5] [Warning - Monsters::deserializeSpell] Frost Dragon - Unknown areaEffect: smallice
[31/8/2012 10:9:6] >> Loading map and spawns...
[31/8/2012 10:9:9] > Map size: 5000x5000.
[31/8/2012 10:9:9] > Map descriptions: 
[31/8/2012 10:9:9] "Saved with Remere's Map Editor 2.2"
[31/8/2012 10:9:9] "SimOne MapEditor 0.5.5"
[31/8/2012 10:9:10] [Warning - IOMap::loadMap] Movable item in house: 517, item type: 2741, pos 1070/1121/6
[31/8/2012 10:9:10] [Warning - IOMap::loadMap] Movable item in house: 518, item type: 2741, pos 1070/1129/6
[31/8/2012 10:9:10] [Warning - IOMap::loadMap] Movable item in house: 517, item type: 2741, pos 1073/1121/6
[31/8/2012 10:9:10] [Warning - IOMap::loadMap] Movable item in house: 518, item type: 2741, pos 1073/1129/6
[31/8/2012 10:9:11] Duplicate uniqueId 6401
[31/8/2012 10:9:11] Duplicate uniqueId 6401
[31/8/2012 10:9:14] Duplicate uniqueId 6401
[31/8/2012 10:9:14] Duplicate uniqueId 6401
[31/8/2012 10:9:14] Duplicate uniqueId 6401
[31/8/2012 10:9:14] Duplicate uniqueId 6401
[31/8/2012 10:9:19] Duplicate uniqueId 6401
[31/8/2012 10:9:19] Duplicate uniqueId 6401
[31/8/2012 10:9:21] Duplicate uniqueId 2004
[31/8/2012 10:9:21] Duplicate uniqueId 2005
[31/8/2012 10:9:21] Duplicate uniqueId 2006
[31/8/2012 10:9:21] Duplicate uniqueId 2007
[31/8/2012 10:9:25] Duplicate uniqueId 6401
[31/8/2012 10:9:25] Duplicate uniqueId 6401
[31/8/2012 10:9:25] Duplicate uniqueId 6401
[31/8/2012 10:9:26] Duplicate uniqueId 6400
[31/8/2012 10:9:26] Duplicate uniqueId 6401
[31/8/2012 10:9:26] Duplicate uniqueId 2056
[31/8/2012 10:9:26] Duplicate uniqueId 2057
[31/8/2012 10:9:26] Duplicate uniqueId 2058
[31/8/2012 10:9:26] Duplicate uniqueId 2051
[31/8/2012 10:9:26] Duplicate uniqueId 2052
[31/8/2012 10:9:26] Duplicate uniqueId 2053
[31/8/2012 10:9:26] Duplicate uniqueId 2054
[31/8/2012 10:9:27] > Map loading time: 20.344 seconds.
[31/8/2012 10:9:27] [Spawn::addMonster] Cannot find "Butterfly"
[31/8/2012 10:9:27] [Spawn::addMonster] Cannot find "Butterfly"
[31/8/2012 10:9:28] > Data parsing time: 1.134 seconds.
[31/8/2012 10:9:43] > Houses synchronization time: 15.223 seconds.
[31/8/2012 10:9:43] > Content unserialization time: 0.17 seconds.
[31/8/2012 10:9:43] >> Checking world type... Open PvP
[31/8/2012 10:9:43] >> Initializing game state and binding services...
[31/8/2012 10:9:45] > Global IP address: 184.173.128.212
[31/8/2012 10:9:45] > Bound ports: 7577	7578	9215	
[31/8/2012 10:9:45] >> Everything smells good, server is starting up...
[31/8/2012 10:9:45] [DDOS EMERGENCY] Enabled
>> UltraX server Online!
[31/8/2012 10:9:45] [DDOS EMERGENCY] Enabled
>> UltraX server Online!


[31/8/2012 10:59:13] [Error - NpcScript Interface] 
[31/8/2012 10:59:13] (Unknown script file)
[31/8/2012 10:59:13] Description: 
[31/8/2012 10:59:13] attempt to call a nil value
[31/8/2012 10:59:13] stack traceback:
[31/8/2012 10:59:13] 	[C]: in function 'closeShopWindow'
[31/8/2012 10:59:13] 	data/npc/lib/npcsystem/npchandler.lua:225: in function 'releaseFocus'
[31/8/2012 10:59:13] 	data/npc/lib/npcsystem/npchandler.lua:591: in function 'onWalkAway'
[31/8/2012 10:59:13] 	data/npc/lib/npcsystem/npchandler.lua:523: in function 'onThink'
[31/8/2012 10:59:13] 	data/npc/scripts/game/default.lua:9: in function <data/npc/scripts/game/default.lua:9>
[31/8/2012 11:11:4] > Saving server...
[31/8/2012 11:11:7] > SAVE: Complete in 3.127 seconds using binary-tilebased house storage.

[31/8/2012 11:26:25] [Error - NpcScript Interface] 
[31/8/2012 11:26:25] (Unknown script file)
[31/8/2012 11:26:25] Description: 
[31/8/2012 11:26:25] attempt to call a nil value
[31/8/2012 11:26:25] stack traceback:

[31/8/2012 11:48:18] [Error - Spell Interface] 
[31/8/2012 11:48:18] data/spells/scripts/support/destroy_field_rune.lua:onCastSpell
[31/8/2012 11:48:18] Description: 
[31/8/2012 11:48:18] (luaDoRemoveItem) Item not found

[31/8/2012 12:3:25] [Error - NpcScript Interface] 
[31/8/2012 12:3:25] (Unknown script file)
[31/8/2012 12:3:25] Description: 
[31/8/2012 12:3:25] attempt to call a nil value
[31/8/2012 12:3:25] stack traceback:
[31/8/2012 12:3:25] 	[C]: in function 'closeShopWindow'
[31/8/2012 12:3:25] 	data/npc/lib/npcsystem/npchandler.lua:225: in function 'releaseFocus'
[31/8/2012 12:3:25] 	data/npc/lib/npcsystem/npchandler.lua:591: in function 'onWalkAway'
[31/8/2012 12:3:25] 	data/npc/lib/npcsystem/npchandler.lua:523: in function 'onThink'
[31/8/2012 12:3:25] 	data/npc/scripts/game/default.lua:9: in function <data/npc/scripts/game/default.lua:9>

[31/8/2012 12:6:5] [Error - NpcScript Interface] 
[31/8/2012 12:6:5] (Unknown script file)
[31/8/2012 12:6:5] Description: 
[31/8/2012 12:6:5] attempt to call a nil value
[31/8/2012 12:6:5] stack traceback:
[31/8/2012 12:11:4] > Saving server...
[31/8/2012 12:11:11] > SAVE: Complete in 6.803 seconds using binary-tilebased house storage.

[31/8/2012 12:11:38] [Error - NpcScript Interface] 
[31/8/2012 12:11:38] (Unknown script file)
[31/8/2012 12:11:38] Description: 
[31/8/2012 12:11:38] attempt to call a nil value
[31/8/2012 12:11:38] stack traceback:
[31/8/2012 12:11:38] 	[C]: in function 'closeShopWindow'
[31/8/2012 12:11:38] 	data/npc/lib/npcsystem/npchandler.lua:225: in function 'releaseFocus'
[31/8/2012 12:11:38] 	data/npc/lib/npcsystem/npchandler.lua:591: in function 'onWalkAway'
[31/8/2012 12:11:38] 	data/npc/lib/npcsystem/npchandler.lua:523: in function 'onThink'
[31/8/2012 12:11:38] 	data/npc/scripts/game/default.lua:9: in function <data/npc/scripts/game/default.lua:9>

[31/8/2012 12:17:0] [Error - NpcScript Interface] 
[31/8/2012 12:17:0] (Unknown script file)
[31/8/2012 12:17:0] Description: 
[31/8/2012 12:17:0] attempt to call a nil value
[31/8/2012 12:17:0] stack traceback:

[31/8/2012 12:22:44] [Error - NpcScript Interface] 
[31/8/2012 12:22:44] (Unknown script file)
[31/8/2012 12:22:44] Description: 
[31/8/2012 12:22:44] attempt to call a nil value
[31/8/2012 12:22:44] stack traceback:
[31/8/2012 12:22:44] 	[C]: in function 'closeShopWindow'
[31/8/2012 12:22:44] 	data/npc/lib/npcsystem/npchandler.lua:225: in function 'releaseFocus'
[31/8/2012 12:22:44] 	data/npc/lib/npcsystem/npchandler.lua:591: in function 'onWalkAway'
[31/8/2012 12:22:44] 	data/npc/lib/npcsystem/npchandler.lua:523: in function 'onThink'
[31/8/2012 12:22:44] 	data/npc/scripts/game/oldrak.lua:8: in function <data/npc/scripts/game/oldrak.lua:8>

[31/8/2012 13:8:16] [Error - NpcScript Interface] 
[31/8/2012 13:8:16] (Unknown script file)
[31/8/2012 13:8:16] Description: 
[31/8/2012 13:8:16] attempt to call a nil value
[31/8/2012 13:8:16] stack traceback:
[31/8/2012 13:8:16] 	[C]: in function 'closeShopWindow'
[31/8/2012 13:8:16] 	data/npc/lib/npcsystem/npchandler.lua:225: in function 'releaseFocus'
[31/8/2012 13:8:16] 	data/npc/lib/npcsystem/npchandler.lua:591: in function 'onWalkAway'
[31/8/2012 13:8:16] 	data/npc/lib/npcsystem/npchandler.lua:523: in function 'onThink'
[31/8/2012 13:8:16] 	data/npc/scripts/game/default.lua:9: in function <data/npc/scripts/game/default.lua:9>
[31/8/2012 13:11:4] > Saving server...
[31/8/2012 13:11:10] > SAVE: Complete in 5.618 seconds using binary-tilebased house storage.

[31/8/2012 13:27:11] [Error - NpcScript Interface] 
[31/8/2012 13:27:11] (Unknown script file)
[31/8/2012 13:27:11] Description: 
[31/8/2012 13:27:11] attempt to call a nil value
[31/8/2012 13:27:11] stack traceback:

[31/8/2012 13:34:4] [Error - NpcScript Interface] 
[31/8/2012 13:34:4] (Unknown script file)
[31/8/2012 13:34:4] Description: 
[31/8/2012 13:34:4] attempt to call a nil value
[31/8/2012 13:34:4] stack traceback:
[31/8/2012 13:34:4] 	[C]: in function 'closeShopWindow'
[31/8/2012 13:34:4] 	data/npc/lib/npcsystem/npchandler.lua:225: in function 'releaseFocus'
[31/8/2012 13:34:4] 	data/npc/lib/npcsystem/npchandler.lua:591: in function 'onWalkAway'
[31/8/2012 13:34:4] 	data/npc/lib/npcsystem/npchandler.lua:523: in function 'onThink'
[31/8/2012 13:34:4] 	data/npc/scripts/game/default.lua:9: in function <data/npc/scripts/game/default.lua:9>

[31/8/2012 13:38:49] [Error - NpcScript Interface] 
[31/8/2012 13:38:49] (Unknown script file)
[31/8/2012 13:38:49] Description: 
[31/8/2012 13:38:49] attempt to call a nil value
[31/8/2012 13:38:49] stack traceback:

[31/8/2012 14:10:49] [Error - NpcScript Interface] 
[31/8/2012 14:10:49] (Unknown script file)
[31/8/2012 14:10:49] Description: 
[31/8/2012 14:10:49] attempt to call a nil value
[31/8/2012 14:10:49] stack traceback:
[31/8/2012 14:11:4] > Saving server...
[31/8/2012 14:11:10] > SAVE: Complete in 5.288 seconds using binary-tilebased house storage.

[31/8/2012 14:13:6] [Error - NpcScript Interface] 
[31/8/2012 14:13:6] (Unknown script file)
[31/8/2012 14:13:6] Description: 
[31/8/2012 14:13:6] attempt to call a nil value
[31/8/2012 14:13:6] stack traceback:
[31/8/2012 14:13:6] 	[C]: in function 'closeShopWindow'
[31/8/2012 14:13:6] 	data/npc/lib/npcsystem/npchandler.lua:225: in function 'releaseFocus'
[31/8/2012 14:13:6] 	data/npc/lib/npcsystem/npchandler.lua:591: in function 'onWalkAway'
[31/8/2012 14:13:6] 	data/npc/lib/npcsystem/npchandler.lua:523: in function 'onThink'
[31/8/2012 14:13:6] 	data/npc/scripts/game/default.lua:9: in function <data/npc/scripts/game/default.lua:9>

[31/8/2012 14:38:34] [Error - NpcScript Interface] 
[31/8/2012 14:38:34] (Unknown script file)
[31/8/2012 14:38:34] Description: 
[31/8/2012 14:38:34] attempt to call a nil value
[31/8/2012 14:38:34] stack traceback:
[31/8/2012 14:38:34] 	[C]: in function 'closeShopWindow'
[31/8/2012 14:38:34] 	data/npc/lib/npcsystem/npchandler.lua:225: in function 'releaseFocus'
[31/8/2012 14:38:34] 	data/npc/lib/npcsystem/npchandler.lua:591: in function 'onWalkAway'
[31/8/2012 14:38:34] 	data/npc/lib/npcsystem/npchandler.lua:523: in function 'onThink'
[31/8/2012 14:38:34] 	data/npc/scripts/game/default.lua:9: in function <data/npc/scripts/game/default.lua:9>

[31/8/2012 14:41:21] [Error - Spell Interface] 
[31/8/2012 14:41:21] data/spells/scripts/support/destroy_field_rune.lua:onCastSpell
[31/8/2012 14:41:21] Description: 
[31/8/2012 14:41:21] (luaDoRemoveItem) Item not found

[31/8/2012 14:48:40] [Error - NpcScript Interface] 
[31/8/2012 14:48:40] (Unknown script file)
[31/8/2012 14:48:40] Description: 
[31/8/2012 14:48:40] attempt to call a nil value
[31/8/2012 14:48:40] stack traceback:
[31/8/2012 14:48:40] 	[C]: in function 'closeShopWindow'
[31/8/2012 14:48:40] 	data/npc/lib/npcsystem/npchandler.lua:225: in function 'releaseFocus'
[31/8/2012 14:48:40] 	data/npc/lib/npcsystem/npchandler.lua:591: in function 'onWalkAway'
[31/8/2012 14:48:40] 	data/npc/lib/npcsystem/npchandler.lua:523: in function 'onThink'
[31/8/2012 14:48:40] 	data/npc/scripts/game/default.lua:9: in function <data/npc/scripts/game/default.lua:9>

[31/8/2012 15:0:12] [Error - NpcScript Interface] 
[31/8/2012 15:0:12] (Unknown script file)
[31/8/2012 15:0:12] Description: 
[31/8/2012 15:0:12] attempt to call a nil value
[31/8/2012 15:0:12] stack traceback:

[31/8/2012 15:1:5] [Error - NpcScript Interface] 
[31/8/2012 15:1:5] (Unknown script file)
[31/8/2012 15:1:5] Description: 
[31/8/2012 15:1:5] attempt to call a nil value
[31/8/2012 15:1:5] stack traceback:

[31/8/2012 15:5:5] [Error - NpcScript Interface] 
[31/8/2012 15:5:5] (Unknown script file)
[31/8/2012 15:5:5] Description: 
[31/8/2012 15:5:5] attempt to call a nil value
[31/8/2012 15:5:5] stack traceback:

[31/8/2012 15:7:57] [Error - MoveEvents Interface] 
[31/8/2012 15:7:57] data/movements/scripts/game/poi.quest/entrance_fields.lua:onStepIn
[31/8/2012 15:7:57] Description: 
[31/8/2012 15:7:57] (internalGetPlayerInfo) Player not found when requesting player info #6

[31/8/2012 15:7:57] [Error - MoveEvents Interface] 
[31/8/2012 15:7:57] data/movements/scripts/game/poi.quest/entrance_fields.lua:onStepIn
[31/8/2012 15:7:57] Description: 
[31/8/2012 15:7:57] (internalGetPlayerInfo) Player not found when requesting player info #6

[31/8/2012 15:7:57] [Error - MoveEvents Interface] 
[31/8/2012 15:7:57] data/movements/scripts/game/poi.quest/entrance_fields.lua:onStepIn
[31/8/2012 15:7:57] Description: 
[31/8/2012 15:7:57] (internalGetPlayerInfo) Player not found when requesting player info #6

[31/8/2012 15:7:57] [Error - MoveEvents Interface] 
[31/8/2012 15:7:57] data/movements/scripts/game/poi.quest/entrance_fields.lua:onStepIn
[31/8/2012 15:7:57] Description: 
[31/8/2012 15:7:57] (internalGetPlayerInfo) Player not found when requesting player info #6

[31/8/2012 15:7:57] [Error - MoveEvents Interface] 
[31/8/2012 15:7:57] data/movements/scripts/game/poi.quest/entrance_fields.lua:onStepIn
[31/8/2012 15:7:57] Description: 
[31/8/2012 15:7:57] (luaDoPlayerSendCancel) Player not found

[31/8/2012 15:8:0] [Error - MoveEvents Interface] 
[31/8/2012 15:8:0] data/movements/scripts/game/poi.quest/entrance_fields.lua:onStepIn
[31/8/2012 15:8:0] Description: 
[31/8/2012 15:8:0] (internalGetPlayerInfo) Player not found when requesting player info #6

[31/8/2012 15:8:0] [Error - MoveEvents Interface] 
[31/8/2012 15:8:0] data/movements/scripts/game/poi.quest/entrance_fields.lua:onStepIn
[31/8/2012 15:8:0] Description: 
[31/8/2012 15:8:0] (internalGetPlayerInfo) Player not found when requesting player info #6

[31/8/2012 15:8:0] [Error - MoveEvents Interface] 
[31/8/2012 15:8:0] data/movements/scripts/game/poi.quest/entrance_fields.lua:onStepIn
[31/8/2012 15:8:0] Description: 
[31/8/2012 15:8:0] (internalGetPlayerInfo) Player not found when requesting player info #6

[31/8/2012 15:8:0] [Error - MoveEvents Interface] 
[31/8/2012 15:8:0] data/movements/scripts/game/poi.quest/entrance_fields.lua:onStepIn
[31/8/2012 15:8:0] Description: 
[31/8/2012 15:8:0] (internalGetPlayerInfo) Player not found when requesting player info #6

[31/8/2012 15:8:0] [Error - MoveEvents Interface] 
[31/8/2012 15:8:0] data/movements/scripts/game/poi.quest/entrance_fields.lua:onStepIn
[31/8/2012 15:8:0] Description: 
[31/8/2012 15:8:0] (luaDoPlayerSendCancel) Player not found

[31/8/2012 15:8:2] [Error - MoveEvents Interface] 
[31/8/2012 15:8:2] data/movements/scripts/game/poi.quest/entrance_fields.lua:onStepIn
[31/8/2012 15:8:2] Description: 
[31/8/2012 15:8:2] (internalGetPlayerInfo) Player not found when requesting player info #6

[31/8/2012 15:8:2] [Error - MoveEvents Interface] 
[31/8/2012 15:8:2] data/movements/scripts/game/poi.quest/entrance_fields.lua:onStepIn
[31/8/2012 15:8:2] Description: 
[31/8/2012 15:8:2] (internalGetPlayerInfo) Player not found when requesting player info #6

[31/8/2012 15:8:2] [Error - MoveEvents Interface] 
[31/8/2012 15:8:2] data/movements/scripts/game/poi.quest/entrance_fields.lua:onStepIn
[31/8/2012 15:8:2] Description: 
[31/8/2012 15:8:2] (internalGetPlayerInfo) Player not found when requesting player info #6

[31/8/2012 15:8:2] [Error - MoveEvents Interface] 
[31/8/2012 15:8:2] data/movements/scripts/game/poi.quest/entrance_fields.lua:onStepIn
[31/8/2012 15:8:2] Description: 
[31/8/2012 15:8:2] (internalGetPlayerInfo) Player not found when requesting player info #6

[31/8/2012 15:8:2] [Error - MoveEvents Interface] 
[31/8/2012 15:8:2] data/movements/scripts/game/poi.quest/entrance_fields.lua:onStepIn
[31/8/2012 15:8:2] Description: 
[31/8/2012 15:8:2] (luaDoPlayerSendCancel) Player not found
[31/8/2012 15:11:4] > Saving server...
[31/8/2012 15:11:9] > SAVE: Complete in 4.936 seconds using binary-tilebased house storage.

[31/8/2012 15:15:50] [Error - NpcScript Interface] 
[31/8/2012 15:15:50] (Unknown script file)
[31/8/2012 15:15:50] Description: 
[31/8/2012 15:15:50] attempt to call a nil value
[31/8/2012 15:15:50] stack traceback:
[31/8/2012 15:15:50] 	[C]: in function 'closeShopWindow'
[31/8/2012 15:15:50] 	data/npc/lib/npcsystem/npchandler.lua:225: in function 'releaseFocus'
[31/8/2012 15:15:50] 	data/npc/lib/npcsystem/npchandler.lua:591: in function 'onWalkAway'
[31/8/2012 15:15:50] 	data/npc/lib/npcsystem/npchandler.lua:523: in function 'onThink'
[31/8/2012 15:15:50] 	data/npc/scripts/game/default.lua:9: in function <data/npc/scripts/game/default.lua:9>

[31/8/2012 15:53:43] [Error - NpcScript Interface] 
[31/8/2012 15:53:43] (Unknown script file)
[31/8/2012 15:53:43] Description: 
[31/8/2012 15:53:43] attempt to call a nil value
[31/8/2012 15:53:43] stack traceback:

[31/8/2012 16:4:4] [Error - NpcScript Interface] 
[31/8/2012 16:4:4] (Unknown script file)
[31/8/2012 16:4:4] Description: 
[31/8/2012 16:4:4] attempt to call a nil value
[31/8/2012 16:4:4] stack traceback:
[31/8/2012 16:11:4] > Saving server...
[31/8/2012 16:11:8] > SAVE: Complete in 3.399 seconds using binary-tilebased house storage.

[31/8/2012 16:18:19] [Error - NpcScript Interface] 
[31/8/2012 16:18:19] (Unknown script file)
[31/8/2012 16:18:19] Description: 
[31/8/2012 16:18:19] attempt to call a nil value
[31/8/2012 16:18:19] stack traceback:
[31/8/2012 16:18:19] 	[C]: in function 'closeShopWindow'
[31/8/2012 16:18:19] 	data/npc/lib/npcsystem/npchandler.lua:225: in function 'releaseFocus'
[31/8/2012 16:18:19] 	data/npc/lib/npcsystem/npchandler.lua:591: in function 'onWalkAway'
[31/8/2012 16:18:19] 	data/npc/lib/npcsystem/npchandler.lua:523: in function 'onThink'
[31/8/2012 16:18:19] 	data/npc/scripts/game/rashid.lua:9: in function <data/npc/scripts/game/rashid.lua:9>

[31/8/2012 16:18:39] [Error - NpcScript Interface] 
[31/8/2012 16:18:39] (Unknown script file)
[31/8/2012 16:18:39] Description: 
[31/8/2012 16:18:39] attempt to call a nil value
[31/8/2012 16:18:39] stack traceback:
[31/8/2012 16:18:39] 	[C]: in function 'closeShopWindow'
[31/8/2012 16:18:39] 	data/npc/lib/npcsystem/npchandler.lua:225: in function 'releaseFocus'
[31/8/2012 16:18:39] 	data/npc/lib/npcsystem/npchandler.lua:591: in function 'onWalkAway'
[31/8/2012 16:18:39] 	data/npc/lib/npcsystem/npchandler.lua:523: in function 'onThink'
[31/8/2012 16:18:39] 	data/npc/scripts/game/rashid.lua:9: in function <data/npc/scripts/game/rashid.lua:9>

[31/8/2012 17:11:2] [Error - NpcScript Interface] 
[31/8/2012 17:11:2] (Unknown script file)
[31/8/2012 17:11:2] Description: 
[31/8/2012 17:11:2] attempt to call a nil value
[31/8/2012 17:11:2] stack traceback:
[31/8/2012 17:11:2] 	[C]: in function 'closeShopWindow'
[31/8/2012 17:11:2] 	data/npc/lib/npcsystem/npchandler.lua:225: in function 'releaseFocus'
[31/8/2012 17:11:2] 	data/npc/lib/npcsystem/npchandler.lua:591: in function 'onWalkAway'
[31/8/2012 17:11:2] 	data/npc/lib/npcsystem/npchandler.lua:523: in function 'onThink'
[31/8/2012 17:11:2] 	data/npc/scripts/game/default.lua:9: in function <data/npc/scripts/game/default.lua:9>
[31/8/2012 17:11:4] > Saving server...
[31/8/2012 17:11:8] > SAVE: Complete in 3.376 seconds using binary-tilebased house storage.

[31/8/2012 17:13:41] [Error - NpcScript Interface] 
[31/8/2012 17:13:41] (Unknown script file)
[31/8/2012 17:13:41] Description: 
[31/8/2012 17:13:41] attempt to call a nil value
[31/8/2012 17:13:41] stack traceback:
[31/8/2012 17:13:41] 	[C]: in function 'closeShopWindow'
[31/8/2012 17:13:41] 	data/npc/lib/npcsystem/npchandler.lua:225: in function 'releaseFocus'
[31/8/2012 17:13:41] 	data/npc/lib/npcsystem/npchandler.lua:591: in function 'onWalkAway'
[31/8/2012 17:13:41] 	data/npc/lib/npcsystem/npchandler.lua:523: in function 'onThink'
[31/8/2012 17:13:41] 	data/npc/scripts/game/default.lua:9: in function <data/npc/scripts/game/default.lua:9>

[31/8/2012 17:40:52] [Error - NpcScript Interface] 
[31/8/2012 17:40:52] (Unknown script file)
[31/8/2012 17:40:52] Description: 
[31/8/2012 17:40:52] attempt to call a nil value
[31/8/2012 17:40:52] stack traceback:

[31/8/2012 17:42:21] [Error - NpcScript Interface] 
[31/8/2012 17:42:21] (Unknown script file)
[31/8/2012 17:42:21] Description: 
[31/8/2012 17:42:21] attempt to call a nil value
[31/8/2012 17:42:21] stack traceback:
[31/8/2012 17:42:21] 	[C]: in function 'closeShopWindow'
[31/8/2012 17:42:21] 	data/npc/lib/npcsystem/npchandler.lua:225: in function 'releaseFocus'
[31/8/2012 17:42:21] 	data/npc/lib/npcsystem/npchandler.lua:591: in function 'onWalkAway'
[31/8/2012 17:42:21] 	data/npc/lib/npcsystem/npchandler.lua:523: in function 'onThink'
[31/8/2012 17:42:21] 	data/npc/scripts/game/default.lua:9: in function <data/npc/scripts/game/default.lua:9>

[31/8/2012 17:43:49] [Error - Action Interface] 
[31/8/2012 17:43:49] data/actions/scripts/tools/rope.lua:onUse
[31/8/2012 17:43:49] Description: 
[31/8/2012 17:43:49] (luaGetThingFromPos) Tile not found

[31/8/2012 17:44:37] [Error - NpcScript Interface] 
[31/8/2012 17:44:37] (Unknown script file)
[31/8/2012 17:44:37] Description: 
[31/8/2012 17:44:37] attempt to call a nil value
[31/8/2012 17:44:37] stack traceback:
[31/8/2012 17:44:37] 	[C]: in function 'closeShopWindow'
[31/8/2012 17:44:37] 	data/npc/lib/npcsystem/npchandler.lua:225: in function 'releaseFocus'
[31/8/2012 17:44:37] 	data/npc/lib/npcsystem/npchandler.lua:591: in function 'onWalkAway'
[31/8/2012 17:44:37] 	data/npc/lib/npcsystem/npchandler.lua:523: in function 'onThink'
[31/8/2012 17:44:37] 	data/npc/scripts/game/default.lua:9: in function <data/npc/scripts/game/default.lua:9>
[31/8/2012 18:11:4] > Saving server...
[31/8/2012 18:11:10] > SAVE: Complete in 5.96 seconds using binary-tilebased house storage.

[31/8/2012 18:15:10] [Error - NpcScript Interface] 
[31/8/2012 18:15:10] (Unknown script file)
[31/8/2012 18:15:10] Description: 
[31/8/2012 18:15:10] attempt to call a nil value
[31/8/2012 18:15:10] stack traceback:
[31/8/2012 18:15:10] 	[C]: in function 'closeShopWindow'
[31/8/2012 18:15:10] 	data/npc/lib/npcsystem/npchandler.lua:225: in function 'releaseFocus'
[31/8/2012 18:15:10] 	data/npc/lib/npcsystem/npchandler.lua:591: in function 'onWalkAway'
[31/8/2012 18:15:10] 	data/npc/lib/npcsystem/npchandler.lua:523: in function 'onThink'
[31/8/2012 18:15:10] 	data/npc/scripts/game/blacksmith.lua:9: in function <data/npc/scripts/game/blacksmith.lua:9>

[31/8/2012 18:17:36] [Error - NpcScript Interface] 
[31/8/2012 18:17:36] In a timer event called from: 
[31/8/2012 18:17:36] data/npc/scripts/game/default.lua:onCreatureSay
[31/8/2012 18:17:36] Description: 
[31/8/2012 18:17:36] (luaOpenShopWindow) Creature not found

[31/8/2012 18:38:10] [Error - NpcScript Interface] 
[31/8/2012 18:38:10] (Unknown script file)
[31/8/2012 18:38:10] Description: 
[31/8/2012 18:38:10] attempt to call a nil value
[31/8/2012 18:38:10] stack traceback:
[31/8/2012 18:38:10] 	[C]: in function 'closeShopWindow'
[31/8/2012 18:38:10] 	data/npc/lib/npcsystem/npchandler.lua:225: in function 'releaseFocus'
[31/8/2012 18:38:10] 	data/npc/lib/npcsystem/npchandler.lua:591: in function 'onWalkAway'
[31/8/2012 18:38:10] 	data/npc/lib/npcsystem/npchandler.lua:523: in function 'onThink'
[31/8/2012 18:38:10] 	data/npc/scripts/game/rashid.lua:9: in function <data/npc/scripts/game/rashid.lua:9>

[31/8/2012 18:40:42] [Error - NpcScript Interface] 
[31/8/2012 18:40:42] (Unknown script file)
[31/8/2012 18:40:42] Description: 
[31/8/2012 18:40:42] attempt to call a nil value
[31/8/2012 18:40:42] stack traceback:
[31/8/2012 18:40:42] 	[C]: in function 'closeShopWindow'
[31/8/2012 18:40:42] 	data/npc/lib/npcsystem/npchandler.lua:225: in function 'releaseFocus'
[31/8/2012 18:40:42] 	data/npc/lib/npcsystem/npchandler.lua:591: in function 'onWalkAway'
[31/8/2012 18:40:42] 	data/npc/lib/npcsystem/npchandler.lua:523: in function 'onThink'
[31/8/2012 18:40:42] 	data/npc/scripts/game/default.lua:9: in function <data/npc/scripts/game/default.lua:9>

[31/8/2012 18:42:49] [Error - NpcScript Interface] 
[31/8/2012 18:42:49] (Unknown script file)
[31/8/2012 18:42:49] Description: 
[31/8/2012 18:42:49] attempt to call a nil value
[31/8/2012 18:42:49] stack traceback:
[31/8/2012 18:42:49] 	[C]: in function 'closeShopWindow'
[31/8/2012 18:42:49] 	data/npc/lib/npcsystem/npchandler.lua:225: in function 'releaseFocus'
[31/8/2012 18:42:49] 	data/npc/lib/npcsystem/npchandler.lua:591: in function 'onWalkAway'
[31/8/2012 18:42:49] 	data/npc/lib/npcsystem/npchandler.lua:523: in function 'onThink'
[31/8/2012 18:42:49] 	data/npc/scripts/game/blacksmith.lua:9: in function <data/npc/scripts/game/blacksmith.lua:9>

[31/8/2012 19:1:5] [Error - NpcScript Interface] 
[31/8/2012 19:1:5] In a timer event called from: 
[31/8/2012 19:1:5] data/npc/scripts/game/default.lua:onCreatureSay
[31/8/2012 19:1:5] Description: 
[31/8/2012 19:1:5] (luaOpenShopWindow) Creature not found

[31/8/2012 19:10:16] [Error - NpcScript Interface] 
[31/8/2012 19:10:16] (Unknown script file)
[31/8/2012 19:10:16] Description: 
[31/8/2012 19:10:16] attempt to call a nil value
[31/8/2012 19:10:16] stack traceback:
[31/8/2012 19:11:4] > Saving server...
[31/8/2012 19:11:10] > SAVE: Complete in 5.353 seconds using binary-tilebased house storage.

[31/8/2012 19:18:37] [Error - NpcScript Interface] 
[31/8/2012 19:18:37] (Unknown script file)
[31/8/2012 19:18:37] Description: 
[31/8/2012 19:18:37] attempt to call a nil value
[31/8/2012 19:18:37] stack traceback:

[31/8/2012 19:20:6] [Error - NpcScript Interface] 
[31/8/2012 19:20:6] (Unknown script file)
[31/8/2012 19:20:6] Description: 
[31/8/2012 19:20:6] attempt to call a nil value
[31/8/2012 19:20:6] stack traceback:

[31/8/2012 19:57:44] [Error - NpcScript Interface] 
[31/8/2012 19:57:44] (Unknown script file)
[31/8/2012 19:57:44] Description: 
[31/8/2012 19:57:44] attempt to call a nil value
[31/8/2012 19:57:44] stack traceback:
[31/8/2012 19:57:44] 	[C]: in function 'closeShopWindow'
[31/8/2012 19:57:44] 	data/npc/lib/npcsystem/npchandler.lua:225: in function 'releaseFocus'
[31/8/2012 19:57:44] 	data/npc/lib/npcsystem/npchandler.lua:591: in function 'onWalkAway'
[31/8/2012 19:57:44] 	data/npc/lib/npcsystem/npchandler.lua:523: in function 'onThink'
[31/8/2012 19:57:44] 	data/npc/scripts/game/blacksmith.lua:9: in function <data/npc/scripts/game/blacksmith.lua:9>

[31/8/2012 19:58:29] [Error - NpcScript Interface] 
[31/8/2012 19:58:29] (Unknown script file)
[31/8/2012 19:58:29] Description: 
[31/8/2012 19:58:29] attempt to call a nil value
[31/8/2012 19:58:29] stack traceback:
[31/8/2012 19:58:29] 	[C]: in function 'closeShopWindow'
[31/8/2012 19:58:29] 	data/npc/lib/npcsystem/npchandler.lua:225: in function 'releaseFocus'
[31/8/2012 19:58:29] 	data/npc/lib/npcsystem/npchandler.lua:591: in function 'onWalkAway'
[31/8/2012 19:58:29] 	data/npc/lib/npcsystem/npchandler.lua:523: in function 'onThink'
[31/8/2012 19:58:29] 	data/npc/scripts/game/blacksmith.lua:9: in function <data/npc/scripts/game/blacksmith.lua:9>
[31/8/2012 20:11:5] > Saving server...
[31/8/2012 20:11:10] > SAVE: Complete in 5.028 seconds using binary-tilebased house storage.

[31/8/2012 20:16:29] [Error - Spell Interface] 
[31/8/2012 20:16:29] data/spells/scripts/support/destroy_field_rune.lua:onCastSpell
[31/8/2012 20:16:29] Description: 
[31/8/2012 20:16:29] (luaDoRemoveItem) Item not found

[31/8/2012 20:16:31] [Error - Spell Interface] 
[31/8/2012 20:16:31] data/spells/scripts/support/destroy_field_rune.lua:onCastSpell
[31/8/2012 20:16:31] Description: 
[31/8/2012 20:16:31] (luaDoRemoveItem) Item not found

[31/8/2012 20:17:40] [Error - NpcScript Interface] 
[31/8/2012 20:17:40] (Unknown script file)
[31/8/2012 20:17:40] Description: 
[31/8/2012 20:17:40] attempt to call a nil value
[31/8/2012 20:17:40] stack traceback:

[31/8/2012 20:18:35] [Error - NpcScript Interface] 
[31/8/2012 20:18:35] (Unknown script file)
[31/8/2012 20:18:35] Description: 
[31/8/2012 20:18:35] attempt to call a nil value
[31/8/2012 20:18:35] stack traceback:
[31/8/2012 20:18:35] 	[C]: in function 'closeShopWindow'
[31/8/2012 20:18:35] 	data/npc/lib/npcsystem/npchandler.lua:225: in function 'releaseFocus'
[31/8/2012 20:18:35] 	data/npc/lib/npcsystem/npchandler.lua:591: in function 'onWalkAway'
[31/8/2012 20:18:35] 	data/npc/lib/npcsystem/npchandler.lua:523: in function 'onThink'
[31/8/2012 20:18:35] 	data/npc/scripts/game/default.lua:9: in function <data/npc/scripts/game/default.lua:9>

[31/8/2012 20:18:51] [Error - NpcScript Interface] 
[31/8/2012 20:18:51] (Unknown script file)
[31/8/2012 20:18:51] Description: 
[31/8/2012 20:18:51] attempt to call a nil value
[31/8/2012 20:18:51] stack traceback:
[31/8/2012 20:18:51] 	[C]: in function 'closeShopWindow'
[31/8/2012 20:18:51] 	data/npc/lib/npcsystem/npchandler.lua:225: in function 'releaseFocus'
[31/8/2012 20:18:51] 	data/npc/lib/npcsystem/npchandler.lua:591: in function 'onWalkAway'
[31/8/2012 20:18:51] 	data/npc/lib/npcsystem/npchandler.lua:523: in function 'onThink'
[31/8/2012 20:18:51] 	data/npc/scripts/game/rashid.lua:9: in function <data/npc/scripts/game/rashid.lua:9>

[31/8/2012 20:19:42] [Error - NpcScript Interface] 
[31/8/2012 20:19:42] (Unknown script file)
[31/8/2012 20:19:42] Description: 
[31/8/2012 20:19:42] attempt to call a nil value
[31/8/2012 20:19:42] stack traceback:

[31/8/2012 20:21:11] [Error - NpcScript Interface] 
[31/8/2012 20:21:11] (Unknown script file)
[31/8/2012 20:21:11] Description: 
[31/8/2012 20:21:11] attempt to call a nil value
[31/8/2012 20:21:11] stack traceback:
[31/8/2012 20:21:11] 	[C]: in function 'closeShopWindow'
[31/8/2012 20:21:11] 	data/npc/lib/npcsystem/npchandler.lua:225: in function 'releaseFocus'
[31/8/2012 20:21:11] 	data/npc/lib/npcsystem/npchandler.lua:591: in function 'onWalkAway'
[31/8/2012 20:21:11] 	data/npc/lib/npcsystem/npchandler.lua:523: in function 'onThink'
[31/8/2012 20:21:11] 	data/npc/scripts/game/default.lua:9: in function <data/npc/scripts/game/default.lua:9>

[31/8/2012 20:50:9] [Error - NpcScript Interface] 
[31/8/2012 20:50:9] (Unknown script file)
[31/8/2012 20:50:9] Description: 
[31/8/2012 20:50:9] attempt to call a nil value
[31/8/2012 20:50:9] stack traceback:

[31/8/2012 20:55:22] [Error - NpcScript Interface] 
[31/8/2012 20:55:22] (Unknown script file)
[31/8/2012 20:55:22] Description: 
[31/8/2012 20:55:22] attempt to call a nil value
[31/8/2012 20:55:22] stack traceback:
[31/8/2012 20:55:22] 	[C]: in function 'closeShopWindow'
[31/8/2012 20:55:22] 	data/npc/lib/npcsystem/npchandler.lua:225: in function 'releaseFocus'
[31/8/2012 20:55:22] 	data/npc/lib/npcsystem/npchandler.lua:591: in function 'onWalkAway'
[31/8/2012 20:55:22] 	data/npc/lib/npcsystem/npchandler.lua:523: in function 'onThink'
[31/8/2012 20:55:22] 	data/npc/scripts/game/rashid.lua:9: in function <data/npc/scripts/game/rashid.lua:9>

[31/8/2012 21:3:45] [Error - NpcScript Interface] 
[31/8/2012 21:3:45] (Unknown script file)
[31/8/2012 21:3:45] Description: 
[31/8/2012 21:3:45] attempt to call a nil value
[31/8/2012 21:3:45] stack traceback:
[31/8/2012 21:3:45] 	[C]: in function 'closeShopWindow'
[31/8/2012 21:3:45] 	data/npc/lib/npcsystem/npchandler.lua:225: in function 'releaseFocus'
[31/8/2012 21:3:45] 	data/npc/lib/npcsystem/npchandler.lua:591: in function 'onWalkAway'
[31/8/2012 21:3:45] 	data/npc/lib/npcsystem/npchandler.lua:523: in function 'onThink'
[31/8/2012 21:3:45] 	data/npc/scripts/game/blacksmith.lua:9: in function <data/npc/scripts/game/blacksmith.lua:9>

[31/8/2012 21:6:25] [Error - NpcScript Interface] 
[31/8/2012 21:6:25] (Unknown script file)
[31/8/2012 21:6:25] Description: 
[31/8/2012 21:6:25] attempt to call a nil value
[31/8/2012 21:6:25] stack traceback:
[31/8/2012 21:6:25] 	[C]: in function 'closeShopWindow'
[31/8/2012 21:6:25] 	data/npc/lib/npcsystem/npchandler.lua:225: in function 'releaseFocus'
[31/8/2012 21:6:25] 	data/npc/lib/npcsystem/npchandler.lua:591: in function 'onWalkAway'
[31/8/2012 21:6:25] 	data/npc/lib/npcsystem/npchandler.lua:523: in function 'onThink'
[31/8/2012 21:6:25] 	data/npc/scripts/game/default.lua:9: in function <data/npc/scripts/game/default.lua:9>
[31/8/2012 21:11:5] > Saving server...
[31/8/2012 21:11:10] > SAVE: Complete in 5.564 seconds using binary-tilebased house storage.

[31/8/2012 21:22:35] [Error - NpcScript Interface] 
[31/8/2012 21:22:35] (Unknown script file)
[31/8/2012 21:22:35] Description: 
[31/8/2012 21:22:35] attempt to call a nil value
[31/8/2012 21:22:35] stack traceback:
[31/8/2012 21:22:35] 	[C]: in function 'closeShopWindow'
[31/8/2012 21:22:35] 	data/npc/lib/npcsystem/npchandler.lua:225: in function 'releaseFocus'
[31/8/2012 21:22:35] 	data/npc/lib/npcsystem/npchandler.lua:591: in function 'onWalkAway'
[31/8/2012 21:22:35] 	data/npc/lib/npcsystem/npchandler.lua:523: in function 'onThink'
[31/8/2012 21:22:35] 	data/npc/scripts/game/rashid.lua:9: in function <data/npc/scripts/game/rashid.lua:9>
[31/8/2012 22:11:5] > Saving server...
[31/8/2012 22:11:11] > SAVE: Complete in 5.834 seconds using binary-tilebased house storage.

[31/8/2012 22:21:54] [Error - NpcScript Interface] 
[31/8/2012 22:21:54] (Unknown script file)
[31/8/2012 22:21:54] Description: 
[31/8/2012 22:21:54] attempt to call a nil value
[31/8/2012 22:21:54] stack traceback:
[31/8/2012 22:21:54] 	[C]: in function 'closeShopWindow'
[31/8/2012 22:21:54] 	data/npc/lib/npcsystem/npchandler.lua:225: in function 'releaseFocus'
[31/8/2012 22:21:54] 	data/npc/lib/npcsystem/npchandler.lua:591: in function 'onWalkAway'
[31/8/2012 22:21:54] 	data/npc/lib/npcsystem/npchandler.lua:523: in function 'onThink'
[31/8/2012 22:21:54] 	data/npc/scripts/game/bless/bless4.lua:9: in function <data/npc/scripts/game/bless/bless4.lua:9>

[31/8/2012 22:27:42] [Error - NpcScript Interface] 
[31/8/2012 22:27:42] (Unknown script file)
[31/8/2012 22:27:42] Description: 
[31/8/2012 22:27:42] attempt to call a nil value
[31/8/2012 22:27:42] stack traceback:
[31/8/2012 22:27:42] 	[C]: in function 'closeShopWindow'
[31/8/2012 22:27:42] 	data/npc/lib/npcsystem/npchandler.lua:225: in function 'releaseFocus'
[31/8/2012 22:27:42] 	data/npc/lib/npcsystem/npchandler.lua:591: in function 'onWalkAway'
[31/8/2012 22:27:42] 	data/npc/lib/npcsystem/npchandler.lua:523: in function 'onThink'
[31/8/2012 22:27:42] 	data/npc/scripts/game/rashid.lua:9: in function <data/npc/scripts/game/rashid.lua:9>

[31/8/2012 22:36:54] [Error - NpcScript Interface] 
[31/8/2012 22:36:54] (Unknown script file)
[31/8/2012 22:36:54] Description: 
[31/8/2012 22:36:54] attempt to call a nil value
[31/8/2012 22:36:54] stack traceback:
[31/8/2012 22:36:54] 	[C]: in function 'closeShopWindow'
[31/8/2012 22:36:54] 	data/npc/lib/npcsystem/npchandler.lua:225: in function 'releaseFocus'
[31/8/2012 22:36:54] 	data/npc/lib/npcsystem/npchandler.lua:591: in function 'onWalkAway'
[31/8/2012 22:36:54] 	data/npc/lib/npcsystem/npchandler.lua:523: in function 'onThink'
[31/8/2012 22:36:54] 	data/npc/scripts/game/default.lua:9: in function <data/npc/scripts/game/default.lua:9>

[31/8/2012 22:37:11] [Error - Spell Interface] 
[31/8/2012 22:37:11] data/spells/scripts/support/destroy_field_rune.lua:onCastSpell
[31/8/2012 22:37:11] Description: 
[31/8/2012 22:37:11] (luaDoRemoveItem) Item not found

[31/8/2012 22:38:36] [Error - NpcScript Interface] 
[31/8/2012 22:38:36] (Unknown script file)
[31/8/2012 22:38:36] Description: 
[31/8/2012 22:38:36] attempt to call a nil value
[31/8/2012 22:38:36] stack traceback:

[31/8/2012 22:41:13] [Error - NpcScript Interface] 
[31/8/2012 22:41:13] (Unknown script file)
[31/8/2012 22:41:13] Description: 
[31/8/2012 22:41:13] attempt to call a nil value
[31/8/2012 22:41:13] stack traceback:

[31/8/2012 22:55:42] [Error - NpcScript Interface] 
[31/8/2012 22:55:42] (Unknown script file)
[31/8/2012 22:55:42] Description: 
[31/8/2012 22:55:42] attempt to call a nil value
[31/8/2012 22:55:42] stack traceback:
[31/8/2012 22:55:42] 	[C]: in function 'closeShopWindow'
[31/8/2012 22:55:42] 	data/npc/lib/npcsystem/npchandler.lua:225: in function 'releaseFocus'
[31/8/2012 22:55:42] 	data/npc/lib/npcsystem/npchandler.lua:591: in function 'onWalkAway'
[31/8/2012 22:55:42] 	data/npc/lib/npcsystem/npchandler.lua:523: in function 'onThink'
[31/8/2012 22:55:42] 	data/npc/scripts/game/rashid.lua:9: in function <data/npc/scripts/game/rashid.lua:9>
[31/8/2012 23:11:5] > Saving server...
[31/8/2012 23:11:11] > SAVE: Complete in 6.269 seconds using binary-tilebased house storage.

[31/8/2012 23:11:15] [Error - NpcScript Interface] 
[31/8/2012 23:11:15] (Unknown script file)
[31/8/2012 23:11:15] Description: 
[31/8/2012 23:11:15] attempt to call a nil value
[31/8/2012 23:11:15] stack traceback:
[31/8/2012 23:11:15] 	[C]: in function 'closeShopWindow'
[31/8/2012 23:11:15] 	data/npc/lib/npcsystem/npchandler.lua:225: in function 'releaseFocus'
[31/8/2012 23:11:15] 	data/npc/lib/npcsystem/npchandler.lua:591: in function 'onWalkAway'
[31/8/2012 23:11:15] 	data/npc/lib/npcsystem/npchandler.lua:523: in function 'onThink'
[31/8/2012 23:11:15] 	data/npc/scripts/game/default.lua:9: in function <data/npc/scripts/game/default.lua:9>

[31/8/2012 23:25:3] [Error - NpcScript Interface] 
[31/8/2012 23:25:3] (Unknown script file)
[31/8/2012 23:25:3] Description: 
[31/8/2012 23:25:3] attempt to call a nil value
[31/8/2012 23:25:3] stack traceback:
[31/8/2012 23:25:3] 	[C]: in function 'closeShopWindow'
[31/8/2012 23:25:3] 	data/npc/lib/npcsystem/npchandler.lua:225: in function 'releaseFocus'
[31/8/2012 23:25:3] 	data/npc/lib/npcsystem/npchandler.lua:591: in function 'onWalkAway'
[31/8/2012 23:25:3] 	data/npc/lib/npcsystem/npchandler.lua:523: in function 'onThink'
[31/8/2012 23:25:3] 	data/npc/scripts/game/default.lua:9: in function <data/npc/scripts/game/default.lua:9>
[1/9/2012 0:11:5] > Saving server...
[1/9/2012 0:11:12] > SAVE: Complete in 7.154 seconds using binary-tilebased house storage.
[1/9/2012 0:45:17] [Warning - Protocol::RSA_decrypt] Not valid packet size (IP: 201.58.126.18)

[1/9/2012 0:57:1] [Error - NpcScript Interface] 
[1/9/2012 0:57:1] (Unknown script file)
[1/9/2012 0:57:1] Description: 
[1/9/2012 0:57:1] attempt to call a nil value
[1/9/2012 0:57:1] stack traceback:
[1/9/2012 1:11:5] > Saving server...
[1/9/2012 1:11:11] > SAVE: Complete in 6.014 seconds using binary-tilebased house storage.

[1/9/2012 1:25:30] [Error - TalkAction Interface] 
[1/9/2012 1:25:30] data/talkactions/scripts/game/accept_teleport.lua:onSay
[1/9/2012 1:25:30] Description: 
[1/9/2012 1:25:30] data/talkactions/scripts/game/accept_teleport.lua:3: attempt to call global 'GetTpRequest' (a nil value)
[1/9/2012 1:25:30] stack traceback:
[1/9/2012 1:25:30] 	data/talkactions/scripts/game/accept_teleport.lua:3: in function <data/talkactions/scripts/game/accept_teleport.lua:1>

[1/9/2012 1:28:13] [Error - NpcScript Interface] 
[1/9/2012 1:28:13] (Unknown script file)
[1/9/2012 1:28:13] Description: 
[1/9/2012 1:28:13] attempt to call a nil value
[1/9/2012 1:28:13] stack traceback:

[1/9/2012 1:57:36] [Error - NpcScript Interface] 
[1/9/2012 1:57:36] (Unknown script file)
[1/9/2012 1:57:36] Description: 
[1/9/2012 1:57:36] attempt to call a nil value
[1/9/2012 1:57:36] stack traceback:

[1/9/2012 1:58:12] [Error - NpcScript Interface] 
[1/9/2012 1:58:12] (Unknown script file)
[1/9/2012 1:58:12] Description: 
[1/9/2012 1:58:12] attempt to call a nil value
[1/9/2012 1:58:12] stack traceback:
[1/9/2012 1:58:12] 	[C]: in function 'closeShopWindow'
[1/9/2012 1:58:12] 	data/npc/lib/npcsystem/npchandler.lua:225: in function 'releaseFocus'
[1/9/2012 1:58:12] 	data/npc/lib/npcsystem/npchandler.lua:591: in function 'onWalkAway'
[1/9/2012 1:58:12] 	data/npc/lib/npcsystem/npchandler.lua:523: in function 'onThink'
[1/9/2012 1:58:12] 	data/npc/scripts/game/rashid.lua:9: in function <data/npc/scripts/game/rashid.lua:9>
[1/9/2012 2:11:5] > Saving server...
[1/9/2012 2:11:11] > SAVE: Complete in 5.531 seconds using binary-tilebased house storage.
[1/9/2012 2:45:47] > Broadcasted message: "A terra treme em Quendor. Alerta vermelho!".
[1/9/2012 2:46:47] > Broadcasted message: "Rotworms! Estas antigas criaturas estão subindo para a planicie novamente!".
[1/9/2012 2:47:27] > Broadcasted message: "Quendor está sob uma infestação de Rotworms!".

[1/9/2012 3:5:16] [Error - NpcScript Interface] 
[1/9/2012 3:5:16] (Unknown script file)
[1/9/2012 3:5:16] Description: 
[1/9/2012 3:5:16] attempt to call a nil value
[1/9/2012 3:5:16] stack traceback:
[1/9/2012 3:11:5] > Saving server...
[1/9/2012 3:11:11] > SAVE: Complete in 6.462 seconds using binary-tilebased house storage.

[1/9/2012 3:37:43] [Error - NpcScript Interface] 
[1/9/2012 3:37:43] (Unknown script file)
[1/9/2012 3:37:43] Description: 
[1/9/2012 3:37:43] attempt to call a nil value
[1/9/2012 3:37:43] stack traceback:

[1/9/2012 3:45:54] [Error - NpcScript Interface] 
[1/9/2012 3:45:54] (Unknown script file)
[1/9/2012 3:45:54] Description: 
[1/9/2012 3:45:54] attempt to call a nil value
[1/9/2012 3:45:54] stack traceback:
[1/9/2012 4:11:5] > Saving server...
[1/9/2012 4:11:10] > SAVE: Complete in 5.091 seconds using binary-tilebased house storage.

[1/9/2012 4:30:40] [Error - Spell Interface] 
[1/9/2012 4:30:40] data/spells/scripts/support/destroy_field_rune.lua:onCastSpell
[1/9/2012 4:30:40] Description: 
[1/9/2012 4:30:40] (luaDoRemoveItem) Item not found

[1/9/2012 4:54:32] [Error - NpcScript Interface] 
[1/9/2012 4:54:32] (Unknown script file)
[1/9/2012 4:54:32] Description: 
[1/9/2012 4:54:32] attempt to call a nil value
[1/9/2012 4:54:32] stack traceback:
[1/9/2012 5:11:5] > Saving server...
[1/9/2012 5:11:10] > SAVE: Complete in 4.781 seconds using binary-tilebased house storage.

[1/9/2012 5:40:40] [Error - NpcScript Interface] 
[1/9/2012 5:40:40] (Unknown script file)
[1/9/2012 5:40:40] Description: 
[1/9/2012 5:40:40] attempt to call a nil value
[1/9/2012 5:40:40] stack traceback:
[1/9/2012 6:11:5] > Saving server...
[1/9/2012 6:11:9] > SAVE: Complete in 3.621 seconds using binary-tilebased house storage.

[1/9/2012 6:13:47] [Error - NpcScript Interface] 
[1/9/2012 6:13:47] (Unknown script file)
[1/9/2012 6:13:47] Description: 
[1/9/2012 6:13:47] attempt to call a nil value
[1/9/2012 6:13:47] stack traceback:
[1/9/2012 7:11:5] > Saving server...
[1/9/2012 7:11:9] > SAVE: Complete in 4.206 seconds using binary-tilebased house storage.

[1/9/2012 8:7:39] [Error - NpcScript Interface] 
[1/9/2012 8:7:39] (Unknown script file)
[1/9/2012 8:7:39] Description: 
[1/9/2012 8:7:39] attempt to call a nil value
[1/9/2012 8:7:39] stack traceback:
[1/9/2012 8:11:5] > Saving server...
[1/9/2012 8:11:10] > SAVE: Complete in 4.493 seconds using binary-tilebased house storage.

[1/9/2012 8:36:22] [Error - NpcScript Interface] 
[1/9/2012 8:36:22] (Unknown script file)
[1/9/2012 8:36:22] Description: 
[1/9/2012 8:36:22] attempt to call a nil value
[1/9/2012 8:36:22] stack traceback:
[1/9/2012 8:36:22] 	[C]: in function 'closeShopWindow'
[1/9/2012 8:36:22] 	data/npc/lib/npcsystem/npchandler.lua:225: in function 'releaseFocus'
[1/9/2012 8:36:22] 	data/npc/lib/npcsystem/npchandler.lua:591: in function 'onWalkAway'
[1/9/2012 8:36:22] 	data/npc/lib/npcsystem/npchandler.lua:523: in function 'onThink'
[1/9/2012 8:36:22] 	data/npc/scripts/game/default.lua:9: in function <data/npc/scripts/game/default.lua:9>
[1/9/2012 9:11:5] > Saving server...
[1/9/2012 9:11:11] > SAVE: Complete in 5.52 seconds using binary-tilebased house storage.

[1/9/2012 9:38:25] [Error - NpcScript Interface] 
[1/9/2012 9:38:25] (Unknown script file)
[1/9/2012 9:38:25] Description: 
[1/9/2012 9:38:25] attempt to call a nil value
[1/9/2012 9:38:25] stack traceback:

[1/9/2012 9:54:10] [Error - NpcScript Interface] 
[1/9/2012 9:54:10] (Unknown script file)
[1/9/2012 9:54:10] Description: 
[1/9/2012 9:54:10] attempt to call a nil value
[1/9/2012 9:54:10] stack traceback:
[1/9/2012 9:54:10] 	[C]: in function 'closeShopWindow'
[1/9/2012 9:54:10] 	data/npc/lib/npcsystem/npchandler.lua:225: in function 'releaseFocus'
[1/9/2012 9:54:10] 	data/npc/lib/npcsystem/npchandler.lua:591: in function 'onWalkAway'
[1/9/2012 9:54:10] 	data/npc/lib/npcsystem/npchandler.lua:523: in function 'onThink'
[1/9/2012 9:54:10] 	data/npc/scripts/game/rashid.lua:9: in function <data/npc/scripts/game/rashid.lua:9>
[1/9/2012 10:0:18] > Paying houses...
[1/9/2012 10:0:20] Houses paid in 2.6 seconds.
[1/9/2012 10:0:20] > Saving server...
[1/9/2012 10:0:21] > SAVE: Complete in 0.533 seconds using binary-tilebased house storage.
[1/9/2012 10:0:21] Preparing to shutdown the server- done.
